Command line input: python run_count.py --batch_size 256 --target 5 --model I2GNN --h 3 --seed 1 --epoch 2000 --dataset easy-1
Mean = 12.027, Std = 49.808
Using I2GNN model

Epoch: 001, LR: 0.001000, Loss: 0.4981251, Validation MAE: 23.5644875, Test MAE: 25.0604229, Test MAE norm: 0.5031430
Epoch: 002, LR: 0.001000, Loss: 0.4277899, Validation MAE: 20.3275108, Test MAE: 22.6640110, Test MAE norm: 0.4550298
Epoch: 003, LR: 0.001000, Loss: 0.3692209, Validation MAE: 17.5291843, Test MAE: 16.9221783, Test MAE norm: 0.3397499
Epoch: 004, LR: 0.001000, Loss: 0.3308059, Validation MAE: 15.0587521, Test MAE: 18.1743126, Test MAE norm: 0.3648892
Epoch: 006, LR: 0.001000, Loss: 0.4639216, Validation MAE: 14.6106768, Test MAE: 17.7184830, Test MAE norm: 0.3557374
Epoch: 013, LR: 0.001000, Loss: 0.2641762, Validation MAE: 14.2094135, Test MAE: 16.1174622, Test MAE norm: 0.3235934
Epoch: 014, LR: 0.001000, Loss: 0.2485426, Validation MAE: 13.4702816, Test MAE: 14.8146906, Test MAE norm: 0.2974374
Epoch: 015, LR: 0.001000, Loss: 0.2392013, Validation MAE: 12.7951975, Test MAE: 13.7784195, Test MAE norm: 0.2766320
Epoch: 016, LR: 0.001000, Loss: 0.2281572, Validation MAE: 12.4666576, Test MAE: 13.9607658, Test MAE norm: 0.2802930
Epoch: 017, LR: 0.001000, Loss: 0.2180024, Validation MAE: 11.7269487, Test MAE: 12.3560953, Test MAE norm: 0.2480757
Epoch: 018, LR: 0.001000, Loss: 0.2074077, Validation MAE: 10.8768978, Test MAE: 12.4247313, Test MAE norm: 0.2494538
Epoch: 019, LR: 0.001000, Loss: 0.1913987, Validation MAE: 10.6692753, Test MAE: 11.4286175, Test MAE norm: 0.2294546
Epoch: 025, LR: 0.001000, Loss: 0.1930324, Validation MAE: 10.4084959, Test MAE: 11.5897961, Test MAE norm: 0.2326906
Epoch: 026, LR: 0.001000, Loss: 0.1814719, Validation MAE: 10.0502768, Test MAE: 11.0509510, Test MAE norm: 0.2218721
Epoch: 032, LR: 0.001000, Loss: 0.1919203, Validation MAE: 9.2777224, Test MAE: 10.0148506, Test MAE norm: 0.2010701
Epoch: 035, LR: 0.001000, Loss: 0.1744210, Validation MAE: 7.9713240, Test MAE: 10.0817842, Test MAE norm: 0.2024139
Epoch: 037, LR: 0.001000, Loss: 0.1636475, Validation MAE: 7.5390000, Test MAE: 10.0726547, Test MAE norm: 0.2022306
Epoch: 047, LR: 0.001000, Loss: 0.1457891, Validation MAE: 8.5285978, Test MAE: 9.3448963, Test MAE norm: 0.1876193
Epoch: 049, LR: 0.000900, Loss: 0.1563869, Validation MAE: 7.9650049, Test MAE: 10.4613171, Test MAE norm: 0.2100339
Epoch: 050, LR: 0.000900, Loss: 0.1554950, Validation MAE: 6.9792175, Test MAE: 8.5750341, Test MAE norm: 0.1721626
Epoch: 053, LR: 0.000900, Loss: 0.1640104, Validation MAE: 6.6745644, Test MAE: 8.1003704, Test MAE norm: 0.1626327
Epoch: 054, LR: 0.000900, Loss: 0.1199780, Validation MAE: 6.4250975, Test MAE: 8.0736008, Test MAE norm: 0.1620953
Epoch: 057, LR: 0.000900, Loss: 0.1254295, Validation MAE: 5.3619943, Test MAE: 7.2401905, Test MAE norm: 0.1453627
Epoch: 060, LR: 0.000900, Loss: 0.1276712, Validation MAE: 4.9819498, Test MAE: 6.8358326, Test MAE norm: 0.1372443
Epoch: 065, LR: 0.000900, Loss: 0.1377350, Validation MAE: 4.7390037, Test MAE: 6.4962687, Test MAE norm: 0.1304269
Epoch: 075, LR: 0.000900, Loss: 0.1385877, Validation MAE: 7.4994106, Test MAE: 10.0964622, Test MAE norm: 0.2027086
Epoch: 076, LR: 0.000900, Loss: 0.1450382, Validation MAE: 5.2067327, Test MAE: 6.8523250, Test MAE norm: 0.1375755
Epoch: 083, LR: 0.000810, Loss: 0.1152824, Validation MAE: 5.1312771, Test MAE: 6.8567262, Test MAE norm: 0.1376638
Epoch: 085, LR: 0.000810, Loss: 0.1007763, Validation MAE: 4.7987180, Test MAE: 6.5758615, Test MAE norm: 0.1320249
Epoch: 086, LR: 0.000810, Loss: 0.1008459, Validation MAE: 4.5589843, Test MAE: 6.1544542, Test MAE norm: 0.1235642
Epoch: 089, LR: 0.000810, Loss: 0.1007979, Validation MAE: 4.4108815, Test MAE: 6.3071384, Test MAE norm: 0.1266297
Epoch: 090, LR: 0.000810, Loss: 0.0945044, Validation MAE: 4.1722455, Test MAE: 5.8211451, Test MAE norm: 0.1168723
Epoch: 092, LR: 0.000810, Loss: 0.0923201, Validation MAE: 4.1681170, Test MAE: 5.7136798, Test MAE norm: 0.1147147
Epoch: 095, LR: 0.000810, Loss: 0.0998066, Validation MAE: 4.0591936, Test MAE: 5.6666498, Test MAE norm: 0.1137704
Epoch: 097, LR: 0.000810, Loss: 0.0877273, Validation MAE: 3.9344182, Test MAE: 5.3817301, Test MAE norm: 0.1080500
Epoch: 100, LR: 0.000810, Loss: 0.1138677, Validation MAE: 3.8179080, Test MAE: 5.2659779, Test MAE norm: 0.1057261
Epoch: 103, LR: 0.000810, Loss: 0.1089587, Validation MAE: 3.4895005, Test MAE: 5.0237164, Test MAE norm: 0.1008621
Epoch: 107, LR: 0.000810, Loss: 0.0867295, Validation MAE: 3.4576011, Test MAE: 4.9753280, Test MAE norm: 0.0998906
Epoch: 109, LR: 0.000810, Loss: 0.0814367, Validation MAE: 3.3605945, Test MAE: 4.8451800, Test MAE norm: 0.0972776
Epoch: 119, LR: 0.000810, Loss: 0.0819294, Validation MAE: 7.4295278, Test MAE: 7.8191452, Test MAE norm: 0.1569865
Epoch: 120, LR: 0.000810, Loss: 0.1223332, Validation MAE: 3.4080040, Test MAE: 4.7734418, Test MAE norm: 0.0958373
Epoch: 130, LR: 0.000729, Loss: 0.1071989, Validation MAE: 5.6347461, Test MAE: 7.5535078, Test MAE norm: 0.1516532
Epoch: 131, LR: 0.000729, Loss: 0.1144309, Validation MAE: 5.4898314, Test MAE: 7.2266989, Test MAE norm: 0.1450918
Epoch: 132, LR: 0.000656, Loss: 0.1152736, Validation MAE: 5.3881841, Test MAE: 6.5126891, Test MAE norm: 0.1307565
Epoch: 134, LR: 0.000656, Loss: 0.1164900, Validation MAE: 4.0560837, Test MAE: 5.3849878, Test MAE norm: 0.1081154
Epoch: 138, LR: 0.000656, Loss: 0.0942560, Validation MAE: 3.9886801, Test MAE: 5.2975092, Test MAE norm: 0.1063591
Epoch: 139, LR: 0.000656, Loss: 0.0784260, Validation MAE: 3.8873613, Test MAE: 4.8332186, Test MAE norm: 0.0970375
Epoch: 142, LR: 0.000656, Loss: 0.0949956, Validation MAE: 3.4930401, Test MAE: 4.7971878, Test MAE norm: 0.0963141
Epoch: 152, LR: 0.000590, Loss: 0.0876437, Validation MAE: 3.3781974, Test MAE: 4.4810953, Test MAE norm: 0.0899678
Epoch: 156, LR: 0.000531, Loss: 0.0845522, Validation MAE: 3.2532458, Test MAE: 4.3718820, Test MAE norm: 0.0877751
Epoch: 163, LR: 0.000531, Loss: 0.0715088, Validation MAE: 3.1566334, Test MAE: 4.3212438, Test MAE norm: 0.0867585
Epoch: 164, LR: 0.000531, Loss: 0.0773781, Validation MAE: 3.0093479, Test MAE: 4.0613012, Test MAE norm: 0.0815395
Epoch: 168, LR: 0.000531, Loss: 0.0770962, Validation MAE: 2.9084470, Test MAE: 3.9684052, Test MAE norm: 0.0796744
Epoch: 177, LR: 0.000531, Loss: 0.0643761, Validation MAE: 2.8617499, Test MAE: 3.9285011, Test MAE norm: 0.0788733
Epoch: 180, LR: 0.000531, Loss: 0.0691920, Validation MAE: 2.8609045, Test MAE: 3.9116311, Test MAE norm: 0.0785346
Epoch: 190, LR: 0.000531, Loss: 0.0653330, Validation MAE: 3.6526356, Test MAE: 5.0374870, Test MAE norm: 0.1011386
Epoch: 191, LR: 0.000531, Loss: 0.0872479, Validation MAE: 3.1377902, Test MAE: 4.1553149, Test MAE norm: 0.0834271
Epoch: 198, LR: 0.000478, Loss: 0.0815005, Validation MAE: 3.1030753, Test MAE: 4.1008940, Test MAE norm: 0.0823345
Epoch: 199, LR: 0.000478, Loss: 0.0687611, Validation MAE: 3.0162933, Test MAE: 4.0209775, Test MAE norm: 0.0807299
Epoch: 200, LR: 0.000478, Loss: 0.0717919, Validation MAE: 2.9362795, Test MAE: 4.0391212, Test MAE norm: 0.0810942
Epoch: 202, LR: 0.000478, Loss: 0.0762004, Validation MAE: 2.8016415, Test MAE: 3.8423996, Test MAE norm: 0.0771446
Epoch: 206, LR: 0.000478, Loss: 0.0624931, Validation MAE: 2.7534575, Test MAE: 3.7900295, Test MAE norm: 0.0760932
Epoch: 209, LR: 0.000478, Loss: 0.0647413, Validation MAE: 2.7229447, Test MAE: 3.7531796, Test MAE norm: 0.0753533
Epoch: 216, LR: 0.000478, Loss: 0.0671942, Validation MAE: 2.7184813, Test MAE: 3.7879183, Test MAE norm: 0.0760508
Epoch: 226, LR: 0.000478, Loss: 0.0688679, Validation MAE: 2.7813942, Test MAE: 3.8390753, Test MAE norm: 0.0770779
Epoch: 228, LR: 0.000430, Loss: 0.0733809, Validation MAE: 2.7111852, Test MAE: 3.9013290, Test MAE norm: 0.0783277
Epoch: 230, LR: 0.000430, Loss: 0.0661307, Validation MAE: 2.7033064, Test MAE: 3.8712959, Test MAE norm: 0.0777248
Epoch: 236, LR: 0.000430, Loss: 0.0681301, Validation MAE: 2.6539590, Test MAE: 3.7887409, Test MAE norm: 0.0760673
Epoch: 246, LR: 0.000430, Loss: 0.0622625, Validation MAE: 2.7863369, Test MAE: 4.0044804, Test MAE norm: 0.0803987
Epoch: 248, LR: 0.000387, Loss: 0.0607154, Validation MAE: 2.6839876, Test MAE: 3.8536520, Test MAE norm: 0.0773705
Epoch: 249, LR: 0.000387, Loss: 0.0612956, Validation MAE: 2.6566281, Test MAE: 3.8444059, Test MAE norm: 0.0771849
Epoch: 252, LR: 0.000387, Loss: 0.0632580, Validation MAE: 2.6071301, Test MAE: 3.8116071, Test MAE norm: 0.0765264
Epoch: 260, LR: 0.000387, Loss: 0.0598599, Validation MAE: 2.5997937, Test MAE: 3.8340871, Test MAE norm: 0.0769777
Epoch: 270, LR: 0.000387, Loss: 0.0591902, Validation MAE: 2.6606884, Test MAE: 3.8613739, Test MAE norm: 0.0775256
Epoch: 272, LR: 0.000349, Loss: 0.0631298, Validation MAE: 2.6157217, Test MAE: 3.8317125, Test MAE norm: 0.0769300
Epoch: 275, LR: 0.000349, Loss: 0.0598976, Validation MAE: 2.6070292, Test MAE: 3.8677092, Test MAE norm: 0.0776528
Epoch: 276, LR: 0.000349, Loss: 0.0585714, Validation MAE: 2.5877230, Test MAE: 3.8479156, Test MAE norm: 0.0772554
Epoch: 286, LR: 0.000349, Loss: 0.0572905, Validation MAE: 2.7461228, Test MAE: 4.0954714, Test MAE norm: 0.0822256
Epoch: 287, LR: 0.000349, Loss: 0.0570623, Validation MAE: 2.6547108, Test MAE: 3.8904364, Test MAE norm: 0.0781090
Epoch: 291, LR: 0.000314, Loss: 0.0599394, Validation MAE: 2.5580013, Test MAE: 3.8648157, Test MAE norm: 0.0775947
Epoch: 301, LR: 0.000314, Loss: 0.0560018, Validation MAE: 2.7065587, Test MAE: 4.0549569, Test MAE norm: 0.0814122
Epoch: 302, LR: 0.000314, Loss: 0.0568492, Validation MAE: 2.6123590, Test MAE: 3.9313445, Test MAE norm: 0.0789304
Epoch: 305, LR: 0.000282, Loss: 0.0558086, Validation MAE: 2.5958686, Test MAE: 3.9550011, Test MAE norm: 0.0794053
Epoch: 309, LR: 0.000282, Loss: 0.0554184, Validation MAE: 2.5558798, Test MAE: 3.9166796, Test MAE norm: 0.0786359
Epoch: 314, LR: 0.000282, Loss: 0.0560375, Validation MAE: 2.5452783, Test MAE: 3.8937836, Test MAE norm: 0.0781763
Epoch: 316, LR: 0.000282, Loss: 0.0558479, Validation MAE: 2.5441904, Test MAE: 3.9661222, Test MAE norm: 0.0796286
Epoch: 322, LR: 0.000282, Loss: 0.0552337, Validation MAE: 2.5376086, Test MAE: 3.9518781, Test MAE norm: 0.0793426
Epoch: 331, LR: 0.000282, Loss: 0.0552725, Validation MAE: 2.5232699, Test MAE: 3.9599111, Test MAE norm: 0.0795039
Epoch: 334, LR: 0.000282, Loss: 0.0554074, Validation MAE: 2.5005145, Test MAE: 3.8052421, Test MAE norm: 0.0763986
Epoch: 344, LR: 0.000282, Loss: 0.0556720, Validation MAE: 2.5141613, Test MAE: 3.8508644, Test MAE norm: 0.0773146
Epoch: 349, LR: 0.000254, Loss: 0.0600730, Validation MAE: 2.4968140, Test MAE: 3.8585577, Test MAE norm: 0.0774690
Epoch: 353, LR: 0.000254, Loss: 0.0549816, Validation MAE: 2.4289079, Test MAE: 3.7759433, Test MAE norm: 0.0758104
Epoch: 363, LR: 0.000254, Loss: 0.0542649, Validation MAE: 2.5269821, Test MAE: 3.9798965, Test MAE norm: 0.0799052
Epoch: 364, LR: 0.000254, Loss: 0.0543197, Validation MAE: 2.4583490, Test MAE: 3.8298805, Test MAE norm: 0.0768933
Epoch: 366, LR: 0.000229, Loss: 0.0544514, Validation MAE: 2.4566209, Test MAE: 3.8371747, Test MAE norm: 0.0770397
Epoch: 369, LR: 0.000229, Loss: 0.0541279, Validation MAE: 2.4334674, Test MAE: 3.8524094, Test MAE norm: 0.0773456
Epoch: 378, LR: 0.000206, Loss: 0.0536989, Validation MAE: 2.4308481, Test MAE: 3.8453929, Test MAE norm: 0.0772047
Epoch: 385, LR: 0.000206, Loss: 0.0533494, Validation MAE: 2.4255550, Test MAE: 3.8340912, Test MAE norm: 0.0769778
Epoch: 391, LR: 0.000206, Loss: 0.0534660, Validation MAE: 2.4253769, Test MAE: 3.8335743, Test MAE norm: 0.0769674
Epoch: 397, LR: 0.000185, Loss: 0.0533720, Validation MAE: 2.4142621, Test MAE: 3.8219767, Test MAE norm: 0.0767346
Epoch: 400, LR: 0.000185, Loss: 0.0531661, Validation MAE: 2.4041336, Test MAE: 3.8027532, Test MAE norm: 0.0763486
Epoch: 401, LR: 0.000185, Loss: 0.0531476, Validation MAE: 2.3919053, Test MAE: 3.8278742, Test MAE norm: 0.0768530
Epoch: 403, LR: 0.000185, Loss: 0.0533725, Validation MAE: 2.3689370, Test MAE: 3.7696803, Test MAE norm: 0.0756846
Epoch: 409, LR: 0.000185, Loss: 0.0533452, Validation MAE: 2.3564470, Test MAE: 3.7026865, Test MAE norm: 0.0743396
Epoch: 419, LR: 0.000185, Loss: 0.0539187, Validation MAE: 2.3323581, Test MAE: 3.7694514, Test MAE norm: 0.0756800
Epoch: 429, LR: 0.000185, Loss: 0.0529358, Validation MAE: 2.7251890, Test MAE: 4.1912246, Test MAE norm: 0.0841480
Epoch: 430, LR: 0.000185, Loss: 0.0564360, Validation MAE: 2.3637083, Test MAE: 3.7674317, Test MAE norm: 0.0756395
Epoch: 434, LR: 0.000167, Loss: 0.0535389, Validation MAE: 2.3334084, Test MAE: 3.6686132, Test MAE norm: 0.0736555
Epoch: 444, LR: 0.000150, Loss: 0.0544430, Validation MAE: 2.3435278, Test MAE: 3.7340925, Test MAE norm: 0.0749701
Epoch: 445, LR: 0.000150, Loss: 0.0529323, Validation MAE: 2.3139296, Test MAE: 3.7070789, Test MAE norm: 0.0744277
Epoch: 448, LR: 0.000150, Loss: 0.0527169, Validation MAE: 2.3081350, Test MAE: 3.6950898, Test MAE norm: 0.0741870
Epoch: 458, LR: 0.000150, Loss: 0.0525926, Validation MAE: 2.3231034, Test MAE: 3.7106204, Test MAE norm: 0.0744988
Epoch: 468, LR: 0.000135, Loss: 0.0526134, Validation MAE: 2.3836598, Test MAE: 3.7977583, Test MAE norm: 0.0762483
Epoch: 469, LR: 0.000135, Loss: 0.0528126, Validation MAE: 2.3411169, Test MAE: 3.7195265, Test MAE norm: 0.0746777
Epoch: 474, LR: 0.000122, Loss: 0.0524800, Validation MAE: 2.3326521, Test MAE: 3.7278845, Test MAE norm: 0.0748455
Epoch: 477, LR: 0.000122, Loss: 0.0523258, Validation MAE: 2.3325694, Test MAE: 3.7038715, Test MAE norm: 0.0743634
Epoch: 481, LR: 0.000122, Loss: 0.0523845, Validation MAE: 2.3178928, Test MAE: 3.7172797, Test MAE norm: 0.0746325
Epoch: 482, LR: 0.000109, Loss: 0.0522403, Validation MAE: 2.3082483, Test MAE: 3.7116857, Test MAE norm: 0.0745202
Epoch: 486, LR: 0.000109, Loss: 0.0520994, Validation MAE: 2.3037798, Test MAE: 3.6852748, Test MAE norm: 0.0739900
Epoch: 490, LR: 0.000109, Loss: 0.0519639, Validation MAE: 2.2901096, Test MAE: 3.6590986, Test MAE norm: 0.0734644
Epoch: 494, LR: 0.000109, Loss: 0.0520149, Validation MAE: 2.2868612, Test MAE: 3.6738458, Test MAE norm: 0.0737605
Epoch: 504, LR: 0.000109, Loss: 0.0519320, Validation MAE: 2.2993243, Test MAE: 3.7532215, Test MAE norm: 0.0753542
Epoch: 505, LR: 0.000109, Loss: 0.0519653, Validation MAE: 2.2709994, Test MAE: 3.6881852, Test MAE norm: 0.0740484
Epoch: 515, LR: 0.000109, Loss: 0.0518039, Validation MAE: 2.2903364, Test MAE: 3.7453313, Test MAE norm: 0.0751957
Epoch: 516, LR: 0.000109, Loss: 0.0517483, Validation MAE: 2.2828772, Test MAE: 3.7132728, Test MAE norm: 0.0745521
Epoch: 517, LR: 0.000098, Loss: 0.0517667, Validation MAE: 2.2805135, Test MAE: 3.7074518, Test MAE norm: 0.0744352
Epoch: 523, LR: 0.000098, Loss: 0.0517985, Validation MAE: 2.2657294, Test MAE: 3.7146432, Test MAE norm: 0.0745796
Epoch: 524, LR: 0.000098, Loss: 0.0516502, Validation MAE: 2.2520480, Test MAE: 3.6855805, Test MAE norm: 0.0739961
Epoch: 534, LR: 0.000098, Loss: 0.0515532, Validation MAE: 2.2521870, Test MAE: 3.6704261, Test MAE norm: 0.0736919
Epoch: 544, LR: 0.000089, Loss: 0.0514033, Validation MAE: 2.2656677, Test MAE: 3.6860714, Test MAE norm: 0.0740060
Epoch: 546, LR: 0.000089, Loss: 0.0516157, Validation MAE: 2.2376399, Test MAE: 3.6017601, Test MAE norm: 0.0723132
Epoch: 549, LR: 0.000089, Loss: 0.0518815, Validation MAE: 2.2368104, Test MAE: 3.6622241, Test MAE norm: 0.0735272
Epoch: 550, LR: 0.000089, Loss: 0.0514621, Validation MAE: 2.2148013, Test MAE: 3.6089375, Test MAE norm: 0.0724573
Epoch: 560, LR: 0.000089, Loss: 0.0513150, Validation MAE: 2.2096331, Test MAE: 3.6125565, Test MAE norm: 0.0725300
Epoch: 570, LR: 0.000089, Loss: 0.0513037, Validation MAE: 2.2079248, Test MAE: 3.6246738, Test MAE norm: 0.0727733
Epoch: 579, LR: 0.000089, Loss: 0.0512128, Validation MAE: 2.2034383, Test MAE: 3.6088541, Test MAE norm: 0.0724557
Epoch: 582, LR: 0.000089, Loss: 0.0515339, Validation MAE: 2.1756041, Test MAE: 3.5451350, Test MAE norm: 0.0711764
Epoch: 589, LR: 0.000089, Loss: 0.0513253, Validation MAE: 2.1674662, Test MAE: 3.5584164, Test MAE norm: 0.0714430
Epoch: 596, LR: 0.000089, Loss: 0.0516241, Validation MAE: 2.1599212, Test MAE: 3.6017859, Test MAE norm: 0.0723138
Epoch: 606, LR: 0.000089, Loss: 0.0516239, Validation MAE: 2.2802532, Test MAE: 3.7906225, Test MAE norm: 0.0761051
Epoch: 607, LR: 0.000089, Loss: 0.0517779, Validation MAE: 2.1692336, Test MAE: 3.6011364, Test MAE norm: 0.0723007
Epoch: 608, LR: 0.000080, Loss: 0.0514306, Validation MAE: 2.1482351, Test MAE: 3.5892951, Test MAE norm: 0.0720630
Epoch: 611, LR: 0.000080, Loss: 0.0509504, Validation MAE: 2.1458316, Test MAE: 3.5797606, Test MAE norm: 0.0718715
Epoch: 621, LR: 0.000080, Loss: 0.0511619, Validation MAE: 2.1558573, Test MAE: 3.5746107, Test MAE norm: 0.0717682
Epoch: 627, LR: 0.000072, Loss: 0.0511137, Validation MAE: 2.1427908, Test MAE: 3.5564344, Test MAE norm: 0.0714032
Epoch: 628, LR: 0.000072, Loss: 0.0514749, Validation MAE: 2.1296778, Test MAE: 3.5657089, Test MAE norm: 0.0715894
Epoch: 638, LR: 0.000072, Loss: 0.0505920, Validation MAE: 2.1643336, Test MAE: 3.6418145, Test MAE norm: 0.0731174
Epoch: 640, LR: 0.000065, Loss: 0.0506511, Validation MAE: 2.1635346, Test MAE: 3.6182325, Test MAE norm: 0.0726440
Epoch: 643, LR: 0.000065, Loss: 0.0506208, Validation MAE: 2.1434259, Test MAE: 3.6022530, Test MAE norm: 0.0723231
Epoch: 649, LR: 0.000065, Loss: 0.0508600, Validation MAE: 2.1346524, Test MAE: 3.5595357, Test MAE norm: 0.0714655
Epoch: 650, LR: 0.000065, Loss: 0.0509174, Validation MAE: 2.1318350, Test MAE: 3.5946996, Test MAE norm: 0.0721715
Epoch: 652, LR: 0.000058, Loss: 0.0511270, Validation MAE: 2.1264546, Test MAE: 3.6015620, Test MAE norm: 0.0723093
Epoch: 653, LR: 0.000058, Loss: 0.0506331, Validation MAE: 2.1182096, Test MAE: 3.5676348, Test MAE norm: 0.0716281
Epoch: 663, LR: 0.000058, Loss: 0.0505222, Validation MAE: 2.1512396, Test MAE: 3.6432009, Test MAE norm: 0.0731453
Epoch: 664, LR: 0.000058, Loss: 0.0503795, Validation MAE: 2.1423097, Test MAE: 3.6184032, Test MAE norm: 0.0726474
Epoch: 669, LR: 0.000052, Loss: 0.0503129, Validation MAE: 2.1328232, Test MAE: 3.6059906, Test MAE norm: 0.0723982
Epoch: 671, LR: 0.000052, Loss: 0.0504512, Validation MAE: 2.1316371, Test MAE: 3.6225653, Test MAE norm: 0.0727310
Epoch: 679, LR: 0.000047, Loss: 0.0503049, Validation MAE: 2.1197331, Test MAE: 3.5916312, Test MAE norm: 0.0721099
Epoch: 687, LR: 0.000042, Loss: 0.0502860, Validation MAE: 2.1177962, Test MAE: 3.5931132, Test MAE norm: 0.0721396
Epoch: 691, LR: 0.000042, Loss: 0.0502503, Validation MAE: 2.1163990, Test MAE: 3.6001763, Test MAE norm: 0.0722814
Epoch: 700, LR: 0.000042, Loss: 0.0501580, Validation MAE: 2.1106026, Test MAE: 3.5950415, Test MAE norm: 0.0721783
Epoch: 703, LR: 0.000042, Loss: 0.0501979, Validation MAE: 2.1067023, Test MAE: 3.5809724, Test MAE norm: 0.0718959
Epoch: 706, LR: 0.000042, Loss: 0.0503650, Validation MAE: 2.1016567, Test MAE: 3.5983078, Test MAE norm: 0.0722439
Epoch: 707, LR: 0.000042, Loss: 0.0501978, Validation MAE: 2.0887179, Test MAE: 3.5686538, Test MAE norm: 0.0716486
Epoch: 711, LR: 0.000042, Loss: 0.0503462, Validation MAE: 2.0855532, Test MAE: 3.5653923, Test MAE norm: 0.0715831
Epoch: 721, LR: 0.000042, Loss: 0.0501029, Validation MAE: 2.1199591, Test MAE: 3.6231027, Test MAE norm: 0.0727417
Epoch: 723, LR: 0.000038, Loss: 0.0500994, Validation MAE: 2.0909619, Test MAE: 3.5761042, Test MAE norm: 0.0717981
Epoch: 724, LR: 0.000038, Loss: 0.0502211, Validation MAE: 2.0901442, Test MAE: 3.5842445, Test MAE norm: 0.0719616
Epoch: 734, LR: 0.000034, Loss: 0.0501040, Validation MAE: 2.0867522, Test MAE: 3.5869114, Test MAE norm: 0.0720151
Epoch: 738, LR: 0.000034, Loss: 0.0500551, Validation MAE: 2.0817018, Test MAE: 3.5693812, Test MAE norm: 0.0716632
Epoch: 742, LR: 0.000034, Loss: 0.0502129, Validation MAE: 2.0803976, Test MAE: 3.5499306, Test MAE norm: 0.0712726
Epoch: 745, LR: 0.000034, Loss: 0.0500750, Validation MAE: 2.0615525, Test MAE: 3.5534847, Test MAE norm: 0.0713440
Epoch: 755, LR: 0.000034, Loss: 0.0499710, Validation MAE: 2.1304269, Test MAE: 3.6693461, Test MAE norm: 0.0736702
Epoch: 756, LR: 0.000034, Loss: 0.0503549, Validation MAE: 2.0752199, Test MAE: 3.5852571, Test MAE norm: 0.0719819
Epoch: 757, LR: 0.000031, Loss: 0.0500157, Validation MAE: 2.0536227, Test MAE: 3.5460808, Test MAE norm: 0.0711954
Epoch: 767, LR: 0.000031, Loss: 0.0503507, Validation MAE: 2.1093493, Test MAE: 3.6463954, Test MAE norm: 0.0732094
Epoch: 768, LR: 0.000031, Loss: 0.0501183, Validation MAE: 2.1040444, Test MAE: 3.6516404, Test MAE norm: 0.0733147
Epoch: 769, LR: 0.000028, Loss: 0.0501125, Validation MAE: 2.0534306, Test MAE: 3.5675480, Test MAE norm: 0.0716264
Epoch: 770, LR: 0.000028, Loss: 0.0501837, Validation MAE: 2.0511096, Test MAE: 3.5602539, Test MAE norm: 0.0714799
Epoch: 780, LR: 0.000028, Loss: 0.0499944, Validation MAE: 2.0775452, Test MAE: 3.6073816, Test MAE norm: 0.0724261
Epoch: 786, LR: 0.000025, Loss: 0.0499043, Validation MAE: 2.0775301, Test MAE: 3.5698545, Test MAE norm: 0.0716727
Epoch: 789, LR: 0.000025, Loss: 0.0499182, Validation MAE: 2.0714374, Test MAE: 3.5963299, Test MAE norm: 0.0722042
Epoch: 790, LR: 0.000025, Loss: 0.0498987, Validation MAE: 2.0596995, Test MAE: 3.5841000, Test MAE norm: 0.0719587
Epoch: 800, LR: 0.000023, Loss: 0.0498521, Validation MAE: 2.0842819, Test MAE: 3.6080158, Test MAE norm: 0.0724388
Epoch: 802, LR: 0.000023, Loss: 0.0498995, Validation MAE: 2.0736983, Test MAE: 3.5966625, Test MAE norm: 0.0722109
Epoch: 803, LR: 0.000023, Loss: 0.0498605, Validation MAE: 2.0625954, Test MAE: 3.5759563, Test MAE norm: 0.0717952
Epoch: 813, LR: 0.000020, Loss: 0.0498444, Validation MAE: 2.0624728, Test MAE: 3.5718465, Test MAE norm: 0.0717127
Epoch: 818, LR: 0.000018, Loss: 0.0498113, Validation MAE: 2.0531454, Test MAE: 3.5658243, Test MAE norm: 0.0715917
Epoch: 828, LR: 0.000016, Loss: 0.0498201, Validation MAE: 2.0832200, Test MAE: 3.6162946, Test MAE norm: 0.0726051
Epoch: 829, LR: 0.000016, Loss: 0.0498021, Validation MAE: 2.0652440, Test MAE: 3.5802889, Test MAE norm: 0.0718822
Epoch: 830, LR: 0.000016, Loss: 0.0498233, Validation MAE: 2.0576854, Test MAE: 3.5642643, Test MAE norm: 0.0715604
Epoch: 835, LR: 0.000016, Loss: 0.0497773, Validation MAE: 2.0561860, Test MAE: 3.5759058, Test MAE norm: 0.0717942
Epoch: 836, LR: 0.000016, Loss: 0.0498029, Validation MAE: 2.0529847, Test MAE: 3.5728855, Test MAE norm: 0.0717335
Epoch: 846, LR: 0.000015, Loss: 0.0497708, Validation MAE: 2.0604951, Test MAE: 3.5844440, Test MAE norm: 0.0719656
Epoch: 847, LR: 0.000015, Loss: 0.0497958, Validation MAE: 2.0568874, Test MAE: 3.5751586, Test MAE norm: 0.0717792
Epoch: 857, LR: 0.000013, Loss: 0.0497394, Validation MAE: 2.0610576, Test MAE: 3.5818934, Test MAE norm: 0.0719144
Epoch: 858, LR: 0.000013, Loss: 0.0497344, Validation MAE: 2.0543168, Test MAE: 3.5742617, Test MAE norm: 0.0717611
Epoch: 868, LR: 0.000012, Loss: 0.0497810, Validation MAE: 2.0668435, Test MAE: 3.5855708, Test MAE norm: 0.0719882
Epoch: 869, LR: 0.000012, Loss: 0.0497277, Validation MAE: 2.0588262, Test MAE: 3.5756137, Test MAE norm: 0.0717883
Epoch: 870, LR: 0.000011, Loss: 0.0497633, Validation MAE: 2.0584586, Test MAE: 3.5795152, Test MAE norm: 0.0718666
Epoch: 875, LR: 0.000011, Loss: 0.0497349, Validation MAE: 2.0544894, Test MAE: 3.5757184, Test MAE norm: 0.0717904
Epoch: 885, LR: 0.000010, Loss: 0.0497030, Validation MAE: 2.0636196, Test MAE: 3.5915740, Test MAE norm: 0.0721087
Epoch: 886, LR: 0.000010, Loss: 0.0496950, Validation MAE: 2.0615964, Test MAE: 3.5873690, Test MAE norm: 0.0720243
Epoch: 896, LR: 0.000010, Loss: 0.0497230, Validation MAE: 2.0648232, Test MAE: 3.5928717, Test MAE norm: 0.0721348
Epoch: 899, LR: 0.000010, Loss: 0.0496959, Validation MAE: 2.0620952, Test MAE: 3.5905116, Test MAE norm: 0.0720874
Epoch: 904, LR: 0.000010, Loss: 0.0496890, Validation MAE: 2.0618424, Test MAE: 3.5827763, Test MAE norm: 0.0719321
Epoch: 905, LR: 0.000010, Loss: 0.0496927, Validation MAE: 2.0607271, Test MAE: 3.5817952, Test MAE norm: 0.0719124
Epoch: 909, LR: 0.000010, Loss: 0.0496917, Validation MAE: 2.0598896, Test MAE: 3.5861998, Test MAE norm: 0.0720008
Epoch: 917, LR: 0.000010, Loss: 0.0496598, Validation MAE: 2.0582309, Test MAE: 3.5825455, Test MAE norm: 0.0719275
Epoch: 918, LR: 0.000010, Loss: 0.0496824, Validation MAE: 2.0548139, Test MAE: 3.5820682, Test MAE norm: 0.0719179
Epoch: 928, LR: 0.000010, Loss: 0.0496854, Validation MAE: 2.0512471, Test MAE: 3.5767040, Test MAE norm: 0.0718102
Epoch: 933, LR: 0.000010, Loss: 0.0496804, Validation MAE: 2.0495048, Test MAE: 3.5817661, Test MAE norm: 0.0719118
Epoch: 934, LR: 0.000010, Loss: 0.0497066, Validation MAE: 2.0467143, Test MAE: 3.5781476, Test MAE norm: 0.0718392
Epoch: 944, LR: 0.000010, Loss: 0.0496596, Validation MAE: 2.0483038, Test MAE: 3.5776942, Test MAE norm: 0.0718301
Epoch: 945, LR: 0.000010, Loss: 0.0496648, Validation MAE: 2.0431855, Test MAE: 3.5716016, Test MAE norm: 0.0717077
Epoch: 955, LR: 0.000010, Loss: 0.0496630, Validation MAE: 2.0603833, Test MAE: 3.5945296, Test MAE norm: 0.0721681
Epoch: 956, LR: 0.000010, Loss: 0.0496422, Validation MAE: 2.0498853, Test MAE: 3.5797787, Test MAE norm: 0.0718719
Epoch: 966, LR: 0.000010, Loss: 0.0496229, Validation MAE: 2.0552242, Test MAE: 3.5856583, Test MAE norm: 0.0719900
Epoch: 969, LR: 0.000010, Loss: 0.0496232, Validation MAE: 2.0538340, Test MAE: 3.5897727, Test MAE norm: 0.0720726
Epoch: 970, LR: 0.000010, Loss: 0.0496334, Validation MAE: 2.0496483, Test MAE: 3.5822096, Test MAE norm: 0.0719207
Epoch: 980, LR: 0.000010, Loss: 0.0496089, Validation MAE: 2.0572312, Test MAE: 3.5954330, Test MAE norm: 0.0721862
Epoch: 981, LR: 0.000010, Loss: 0.0496114, Validation MAE: 2.0506468, Test MAE: 3.5882418, Test MAE norm: 0.0720418
Epoch: 982, LR: 0.000010, Loss: 0.0496032, Validation MAE: 2.0467212, Test MAE: 3.5846922, Test MAE norm: 0.0719706
Epoch: 992, LR: 0.000010, Loss: 0.0495967, Validation MAE: 2.0474279, Test MAE: 3.5818753, Test MAE norm: 0.0719140
Epoch: 993, LR: 0.000010, Loss: 0.0496052, Validation MAE: 2.0471737, Test MAE: 3.5818186, Test MAE norm: 0.0719129
Epoch: 997, LR: 0.000010, Loss: 0.0496020, Validation MAE: 2.0414073, Test MAE: 3.5731897, Test MAE norm: 0.0717396
Epoch: 998, LR: 0.000010, Loss: 0.0496267, Validation MAE: 2.0390728, Test MAE: 3.5693643, Test MAE norm: 0.0716628
Epoch: 1003, LR: 0.000010, Loss: 0.0495928, Validation MAE: 2.0355577, Test MAE: 3.5767624, Test MAE norm: 0.0718114
Epoch: 1013, LR: 0.000010, Loss: 0.0495843, Validation MAE: 2.0491645, Test MAE: 3.5915525, Test MAE norm: 0.0721083
Epoch: 1015, LR: 0.000010, Loss: 0.0495895, Validation MAE: 2.0485499, Test MAE: 3.5876403, Test MAE norm: 0.0720298
Epoch: 1018, LR: 0.000010, Loss: 0.0495872, Validation MAE: 2.0471945, Test MAE: 3.5836484, Test MAE norm: 0.0719496
Epoch: 1021, LR: 0.000010, Loss: 0.0495938, Validation MAE: 2.0470204, Test MAE: 3.5871513, Test MAE norm: 0.0720199
Epoch: 1022, LR: 0.000010, Loss: 0.0495834, Validation MAE: 2.0418055, Test MAE: 3.5801322, Test MAE norm: 0.0718790
Epoch: 1030, LR: 0.000010, Loss: 0.0495572, Validation MAE: 2.0401309, Test MAE: 3.5796745, Test MAE norm: 0.0718698
Epoch: 1040, LR: 0.000010, Loss: 0.0495485, Validation MAE: 2.0449328, Test MAE: 3.5878468, Test MAE norm: 0.0720339
Epoch: 1043, LR: 0.000010, Loss: 0.0495578, Validation MAE: 2.0432954, Test MAE: 3.5828083, Test MAE norm: 0.0719327
Epoch: 1044, LR: 0.000010, Loss: 0.0495593, Validation MAE: 2.0421700, Test MAE: 3.5840981, Test MAE norm: 0.0719586
Epoch: 1047, LR: 0.000010, Loss: 0.0495438, Validation MAE: 2.0398498, Test MAE: 3.5803702, Test MAE norm: 0.0718838
Epoch: 1051, LR: 0.000010, Loss: 0.0495355, Validation MAE: 2.0385704, Test MAE: 3.5791259, Test MAE norm: 0.0718588
Epoch: 1061, LR: 0.000010, Loss: 0.0495200, Validation MAE: 2.0404522, Test MAE: 3.5825548, Test MAE norm: 0.0719277
Epoch: 1064, LR: 0.000010, Loss: 0.0495291, Validation MAE: 2.0373731, Test MAE: 3.5781105, Test MAE norm: 0.0718384
Epoch: 1067, LR: 0.000010, Loss: 0.0495396, Validation MAE: 2.0306697, Test MAE: 3.5758002, Test MAE norm: 0.0717920
Epoch: 1068, LR: 0.000010, Loss: 0.0495493, Validation MAE: 2.0288668, Test MAE: 3.5766027, Test MAE norm: 0.0718082
Epoch: 1078, LR: 0.000010, Loss: 0.0495035, Validation MAE: 2.0377414, Test MAE: 3.5887098, Test MAE norm: 0.0720512
Epoch: 1080, LR: 0.000010, Loss: 0.0495262, Validation MAE: 2.0324571, Test MAE: 3.5823162, Test MAE norm: 0.0719229
Epoch: 1090, LR: 0.000010, Loss: 0.0494988, Validation MAE: 2.0398550, Test MAE: 3.5910444, Test MAE norm: 0.0720981
Epoch: 1091, LR: 0.000010, Loss: 0.0494897, Validation MAE: 2.0371194, Test MAE: 3.5886877, Test MAE norm: 0.0720508
Epoch: 1092, LR: 0.000010, Loss: 0.0495003, Validation MAE: 2.0345712, Test MAE: 3.5863140, Test MAE norm: 0.0720031
Epoch: 1100, LR: 0.000010, Loss: 0.0494851, Validation MAE: 2.0328588, Test MAE: 3.5840311, Test MAE norm: 0.0719573
Epoch: 1101, LR: 0.000010, Loss: 0.0494940, Validation MAE: 2.0299113, Test MAE: 3.5802660, Test MAE norm: 0.0718817
Epoch: 1108, LR: 0.000010, Loss: 0.0494708, Validation MAE: 2.0259492, Test MAE: 3.5715272, Test MAE norm: 0.0717063
Epoch: 1118, LR: 0.000010, Loss: 0.0494924, Validation MAE: 2.0331073, Test MAE: 3.5779691, Test MAE norm: 0.0718356
Epoch: 1122, LR: 0.000010, Loss: 0.0494650, Validation MAE: 2.0286541, Test MAE: 3.5866311, Test MAE norm: 0.0720095
Epoch: 1123, LR: 0.000010, Loss: 0.0494745, Validation MAE: 2.0274646, Test MAE: 3.5849466, Test MAE norm: 0.0719757
Epoch: 1131, LR: 0.000010, Loss: 0.0494687, Validation MAE: 2.0245543, Test MAE: 3.5744750, Test MAE norm: 0.0717654
Epoch: 1132, LR: 0.000010, Loss: 0.0494910, Validation MAE: 2.0243719, Test MAE: 3.5766799, Test MAE norm: 0.0718097
Epoch: 1142, LR: 0.000010, Loss: 0.0494523, Validation MAE: 2.0321076, Test MAE: 3.5902514, Test MAE norm: 0.0720822
Epoch: 1143, LR: 0.000010, Loss: 0.0494520, Validation MAE: 2.0264192, Test MAE: 3.5861199, Test MAE norm: 0.0719992
Epoch: 1144, LR: 0.000010, Loss: 0.0494361, Validation MAE: 2.0243018, Test MAE: 3.5863025, Test MAE norm: 0.0720029
Epoch: 1147, LR: 0.000010, Loss: 0.0494651, Validation MAE: 2.0228667, Test MAE: 3.5814400, Test MAE norm: 0.0719053
Epoch: 1148, LR: 0.000010, Loss: 0.0494555, Validation MAE: 2.0224209, Test MAE: 3.5778954, Test MAE norm: 0.0718341
Epoch: 1156, LR: 0.000010, Loss: 0.0494426, Validation MAE: 2.0191953, Test MAE: 3.5791707, Test MAE norm: 0.0718597
Epoch: 1157, LR: 0.000010, Loss: 0.0494355, Validation MAE: 2.0191112, Test MAE: 3.5796795, Test MAE norm: 0.0718699
Epoch: 1160, LR: 0.000010, Loss: 0.0494276, Validation MAE: 2.0171862, Test MAE: 3.5834177, Test MAE norm: 0.0719450
Epoch: 1161, LR: 0.000010, Loss: 0.0494420, Validation MAE: 2.0151019, Test MAE: 3.5768552, Test MAE norm: 0.0718132
Epoch: 1166, LR: 0.000010, Loss: 0.0494805, Validation MAE: 2.0146527, Test MAE: 3.5696313, Test MAE norm: 0.0716682
Epoch: 1170, LR: 0.000010, Loss: 0.0494191, Validation MAE: 2.0123034, Test MAE: 3.5760665, Test MAE norm: 0.0717974
Epoch: 1175, LR: 0.000010, Loss: 0.0494137, Validation MAE: 2.0105786, Test MAE: 3.5662937, Test MAE norm: 0.0716012
Epoch: 1185, LR: 0.000010, Loss: 0.0493930, Validation MAE: 2.0177808, Test MAE: 3.5852277, Test MAE norm: 0.0719813
Epoch: 1188, LR: 0.000010, Loss: 0.0493849, Validation MAE: 2.0167339, Test MAE: 3.5766797, Test MAE norm: 0.0718097
Epoch: 1191, LR: 0.000010, Loss: 0.0493792, Validation MAE: 2.0153060, Test MAE: 3.5848479, Test MAE norm: 0.0719737
Epoch: 1192, LR: 0.000010, Loss: 0.0493901, Validation MAE: 2.0139360, Test MAE: 3.5835564, Test MAE norm: 0.0719478
Epoch: 1196, LR: 0.000010, Loss: 0.0493903, Validation MAE: 2.0107350, Test MAE: 3.5723026, Test MAE norm: 0.0717218
Epoch: 1200, LR: 0.000010, Loss: 0.0493878, Validation MAE: 2.0034955, Test MAE: 3.5649765, Test MAE norm: 0.0715747
Epoch: 1210, LR: 0.000010, Loss: 0.0494045, Validation MAE: 2.0094531, Test MAE: 3.5686595, Test MAE norm: 0.0716487
Epoch: 1214, LR: 0.000010, Loss: 0.0493631, Validation MAE: 2.0072339, Test MAE: 3.5745606, Test MAE norm: 0.0717672
Epoch: 1215, LR: 0.000010, Loss: 0.0494135, Validation MAE: 2.0051556, Test MAE: 3.5744405, Test MAE norm: 0.0717647
Epoch: 1225, LR: 0.000010, Loss: 0.0493583, Validation MAE: 2.0199804, Test MAE: 3.5909111, Test MAE norm: 0.0720954
Epoch: 1226, LR: 0.000010, Loss: 0.0493709, Validation MAE: 2.0151126, Test MAE: 3.5859711, Test MAE norm: 0.0719962
Epoch: 1227, LR: 0.000010, Loss: 0.0493583, Validation MAE: 2.0091257, Test MAE: 3.5736237, Test MAE norm: 0.0717483
Epoch: 1237, LR: 0.000010, Loss: 0.0493658, Validation MAE: 2.0115466, Test MAE: 3.5826488, Test MAE norm: 0.0719295
Epoch: 1240, LR: 0.000010, Loss: 0.0493544, Validation MAE: 2.0033369, Test MAE: 3.5694537, Test MAE norm: 0.0716646
Epoch: 1250, LR: 0.000010, Loss: 0.0493778, Validation MAE: 2.0165703, Test MAE: 3.6027246, Test MAE norm: 0.0723326
Epoch: 1251, LR: 0.000010, Loss: 0.0493748, Validation MAE: 2.0045240, Test MAE: 3.5769858, Test MAE norm: 0.0718158
Epoch: 1252, LR: 0.000010, Loss: 0.0493423, Validation MAE: 2.0039511, Test MAE: 3.5755570, Test MAE norm: 0.0717872
Epoch: 1259, LR: 0.000010, Loss: 0.0493397, Validation MAE: 2.0011661, Test MAE: 3.5708518, Test MAE norm: 0.0716927
Epoch: 1269, LR: 0.000010, Loss: 0.0493103, Validation MAE: 2.0107293, Test MAE: 3.5891404, Test MAE norm: 0.0720599
Epoch: 1271, LR: 0.000010, Loss: 0.0493153, Validation MAE: 2.0016429, Test MAE: 3.5754356, Test MAE norm: 0.0717847
Epoch: 1281, LR: 0.000010, Loss: 0.0493027, Validation MAE: 2.0065200, Test MAE: 3.5843668, Test MAE norm: 0.0719640
Epoch: 1282, LR: 0.000010, Loss: 0.0492983, Validation MAE: 2.0054989, Test MAE: 3.5829351, Test MAE norm: 0.0719353
Epoch: 1284, LR: 0.000010, Loss: 0.0493132, Validation MAE: 1.9992294, Test MAE: 3.5702462, Test MAE norm: 0.0716805
Epoch: 1291, LR: 0.000010, Loss: 0.0493010, Validation MAE: 1.9942361, Test MAE: 3.5691903, Test MAE norm: 0.0716593
Epoch: 1301, LR: 0.000010, Loss: 0.0492792, Validation MAE: 2.0084255, Test MAE: 3.5904856, Test MAE norm: 0.0720869
Epoch: 1302, LR: 0.000010, Loss: 0.0492825, Validation MAE: 2.0026278, Test MAE: 3.5880423, Test MAE norm: 0.0720378
Epoch: 1303, LR: 0.000010, Loss: 0.0492813, Validation MAE: 1.9902123, Test MAE: 3.5669765, Test MAE norm: 0.0716149
Epoch: 1312, LR: 0.000010, Loss: 0.0492769, Validation MAE: 1.9891679, Test MAE: 3.5613792, Test MAE norm: 0.0715025
Epoch: 1322, LR: 0.000010, Loss: 0.0492799, Validation MAE: 2.0016229, Test MAE: 3.5856535, Test MAE norm: 0.0719899
Epoch: 1324, LR: 0.000010, Loss: 0.0492713, Validation MAE: 1.9916874, Test MAE: 3.5717187, Test MAE norm: 0.0717101
Epoch: 1334, LR: 0.000010, Loss: 0.0492273, Validation MAE: 1.9978833, Test MAE: 3.5787976, Test MAE norm: 0.0718522
Epoch: 1335, LR: 0.000010, Loss: 0.0492406, Validation MAE: 1.9920144, Test MAE: 3.5709581, Test MAE norm: 0.0716948
Epoch: 1338, LR: 0.000010, Loss: 0.0492371, Validation MAE: 1.9886822, Test MAE: 3.5651796, Test MAE norm: 0.0715788
Epoch: 1348, LR: 0.000010, Loss: 0.0492353, Validation MAE: 1.9958012, Test MAE: 3.5770607, Test MAE norm: 0.0718173
Epoch: 1350, LR: 0.000010, Loss: 0.0492410, Validation MAE: 1.9910259, Test MAE: 3.5761905, Test MAE norm: 0.0717999
Epoch: 1353, LR: 0.000010, Loss: 0.0492380, Validation MAE: 1.9909898, Test MAE: 3.5726061, Test MAE norm: 0.0717279
Epoch: 1357, LR: 0.000010, Loss: 0.0492523, Validation MAE: 1.9859064, Test MAE: 3.5614839, Test MAE norm: 0.0715046
Epoch: 1365, LR: 0.000010, Loss: 0.0492250, Validation MAE: 1.9836649, Test MAE: 3.5651321, Test MAE norm: 0.0715779
Epoch: 1375, LR: 0.000010, Loss: 0.0491963, Validation MAE: 1.9916193, Test MAE: 3.5773339, Test MAE norm: 0.0718228
Epoch: 1377, LR: 0.000010, Loss: 0.0491943, Validation MAE: 1.9909981, Test MAE: 3.5765183, Test MAE norm: 0.0718065
Epoch: 1379, LR: 0.000010, Loss: 0.0491892, Validation MAE: 1.9887567, Test MAE: 3.5740571, Test MAE norm: 0.0717570
Epoch: 1381, LR: 0.000010, Loss: 0.0492061, Validation MAE: 1.9865590, Test MAE: 3.5730391, Test MAE norm: 0.0717366
Epoch: 1384, LR: 0.000010, Loss: 0.0491889, Validation MAE: 1.9810448, Test MAE: 3.5661702, Test MAE norm: 0.0715987
Epoch: 1387, LR: 0.000010, Loss: 0.0491736, Validation MAE: 1.9793414, Test MAE: 3.5629668, Test MAE norm: 0.0715344
Epoch: 1391, LR: 0.000010, Loss: 0.0491953, Validation MAE: 1.9770323, Test MAE: 3.5511649, Test MAE norm: 0.0712974
Epoch: 1395, LR: 0.000010, Loss: 0.0491867, Validation MAE: 1.9753239, Test MAE: 3.5622864, Test MAE norm: 0.0715207
Epoch: 1405, LR: 0.000010, Loss: 0.0492093, Validation MAE: 1.9876796, Test MAE: 3.5749681, Test MAE norm: 0.0717753
Epoch: 1408, LR: 0.000010, Loss: 0.0492066, Validation MAE: 1.9755179, Test MAE: 3.5601699, Test MAE norm: 0.0714782
Epoch: 1417, LR: 0.000010, Loss: 0.0491624, Validation MAE: 1.9724922, Test MAE: 3.5612009, Test MAE norm: 0.0714989
Epoch: 1426, LR: 0.000010, Loss: 0.0491637, Validation MAE: 1.9710300, Test MAE: 3.5528102, Test MAE norm: 0.0713305
Epoch: 1436, LR: 0.000010, Loss: 0.0491636, Validation MAE: 1.9847692, Test MAE: 3.5784378, Test MAE norm: 0.0718450
Epoch: 1437, LR: 0.000010, Loss: 0.0491699, Validation MAE: 1.9815725, Test MAE: 3.5746415, Test MAE norm: 0.0717688
Epoch: 1438, LR: 0.000010, Loss: 0.0491303, Validation MAE: 1.9802275, Test MAE: 3.5713739, Test MAE norm: 0.0717032
Epoch: 1439, LR: 0.000010, Loss: 0.0491551, Validation MAE: 1.9776832, Test MAE: 3.5688496, Test MAE norm: 0.0716525
Epoch: 1442, LR: 0.000010, Loss: 0.0492041, Validation MAE: 1.9725044, Test MAE: 3.5545030, Test MAE norm: 0.0713644
Epoch: 1449, LR: 0.000010, Loss: 0.0491793, Validation MAE: 1.9705659, Test MAE: 3.5655830, Test MAE norm: 0.0715869
Epoch: 1459, LR: 0.000010, Loss: 0.0491132, Validation MAE: 1.9764539, Test MAE: 3.5682237, Test MAE norm: 0.0716399
Epoch: 1461, LR: 0.000010, Loss: 0.0491188, Validation MAE: 1.9754679, Test MAE: 3.5691018, Test MAE norm: 0.0716576
Epoch: 1462, LR: 0.000010, Loss: 0.0491137, Validation MAE: 1.9743199, Test MAE: 3.5710309, Test MAE norm: 0.0716963
Epoch: 1465, LR: 0.000010, Loss: 0.0491174, Validation MAE: 1.9662670, Test MAE: 3.5507953, Test MAE norm: 0.0712900
Epoch: 1469, LR: 0.000010, Loss: 0.0490890, Validation MAE: 1.9640187, Test MAE: 3.5487735, Test MAE norm: 0.0712494
Epoch: 1479, LR: 0.000010, Loss: 0.0491983, Validation MAE: 1.9869618, Test MAE: 3.5893826, Test MAE norm: 0.0720647
Epoch: 1480, LR: 0.000010, Loss: 0.0491765, Validation MAE: 1.9652328, Test MAE: 3.5534635, Test MAE norm: 0.0713436
Epoch: 1490, LR: 0.000010, Loss: 0.0490830, Validation MAE: 1.9712538, Test MAE: 3.5677125, Test MAE norm: 0.0716297
Epoch: 1491, LR: 0.000010, Loss: 0.0490578, Validation MAE: 1.9700410, Test MAE: 3.5645146, Test MAE norm: 0.0715655
Epoch: 1494, LR: 0.000010, Loss: 0.0490773, Validation MAE: 1.9626975, Test MAE: 3.5503566, Test MAE norm: 0.0712812
Epoch: 1504, LR: 0.000010, Loss: 0.0490691, Validation MAE: 1.9690629, Test MAE: 3.5690486, Test MAE norm: 0.0716565
Epoch: 1506, LR: 0.000010, Loss: 0.0490768, Validation MAE: 1.9652709, Test MAE: 3.5649707, Test MAE norm: 0.0715746
Epoch: 1509, LR: 0.000010, Loss: 0.0490848, Validation MAE: 1.9652351, Test MAE: 3.5534880, Test MAE norm: 0.0713441
Epoch: 1513, LR: 0.000010, Loss: 0.0491122, Validation MAE: 1.9581971, Test MAE: 3.5490844, Test MAE norm: 0.0712557
Epoch: 1523, LR: 0.000010, Loss: 0.0490624, Validation MAE: 1.9572679, Test MAE: 3.5505202, Test MAE norm: 0.0712845
Epoch: 1533, LR: 0.000010, Loss: 0.0490666, Validation MAE: 1.9703282, Test MAE: 3.5754941, Test MAE norm: 0.0717859
Epoch: 1534, LR: 0.000010, Loss: 0.0490671, Validation MAE: 1.9579885, Test MAE: 3.5572531, Test MAE norm: 0.0714197
Epoch: 1537, LR: 0.000010, Loss: 0.0490280, Validation MAE: 1.9554037, Test MAE: 3.5504479, Test MAE norm: 0.0712830
Epoch: 1547, LR: 0.000010, Loss: 0.0490855, Validation MAE: 1.9693813, Test MAE: 3.5804634, Test MAE norm: 0.0718857
Epoch: 1548, LR: 0.000010, Loss: 0.0490632, Validation MAE: 1.9533918, Test MAE: 3.5567119, Test MAE norm: 0.0714088
Epoch: 1555, LR: 0.000010, Loss: 0.0490074, Validation MAE: 1.9531095, Test MAE: 3.5602345, Test MAE norm: 0.0714795
Epoch: 1560, LR: 0.000010, Loss: 0.0490253, Validation MAE: 1.9530121, Test MAE: 3.5429828, Test MAE norm: 0.0711332
Epoch: 1564, LR: 0.000010, Loss: 0.0490195, Validation MAE: 1.9444270, Test MAE: 3.5311720, Test MAE norm: 0.0708960
Epoch: 1568, LR: 0.000010, Loss: 0.0492046, Validation MAE: 1.9419621, Test MAE: 3.5476279, Test MAE norm: 0.0712264
Epoch: 1578, LR: 0.000010, Loss: 0.0490332, Validation MAE: 1.9445198, Test MAE: 3.5403078, Test MAE norm: 0.0710794
Epoch: 1582, LR: 0.000010, Loss: 0.0489839, Validation MAE: 1.9432445, Test MAE: 3.5462041, Test MAE norm: 0.0711978
Epoch: 1592, LR: 0.000010, Loss: 0.0490668, Validation MAE: 1.9482220, Test MAE: 3.5514302, Test MAE norm: 0.0713028
Epoch: 1593, LR: 0.000010, Loss: 0.0490237, Validation MAE: 1.9413910, Test MAE: 3.5471113, Test MAE norm: 0.0712160
Epoch: 1603, LR: 0.000010, Loss: 0.0490412, Validation MAE: 1.9588474, Test MAE: 3.5751894, Test MAE norm: 0.0717798
Epoch: 1604, LR: 0.000010, Loss: 0.0489706, Validation MAE: 1.9386748, Test MAE: 3.5403831, Test MAE norm: 0.0710810
Epoch: 1614, LR: 0.000010, Loss: 0.0489598, Validation MAE: 1.9583986, Test MAE: 3.5774422, Test MAE norm: 0.0718250
Epoch: 1615, LR: 0.000010, Loss: 0.0490051, Validation MAE: 1.9476024, Test MAE: 3.5594251, Test MAE norm: 0.0714633
Epoch: 1616, LR: 0.000010, Loss: 0.0489342, Validation MAE: 1.9405673, Test MAE: 3.5493617, Test MAE norm: 0.0712612
Epoch: 1626, LR: 0.000010, Loss: 0.0489414, Validation MAE: 1.9434681, Test MAE: 3.5604188, Test MAE norm: 0.0714832
Epoch: 1633, LR: 0.000010, Loss: 0.0489363, Validation MAE: 1.9431502, Test MAE: 3.5524712, Test MAE norm: 0.0713237
Epoch: 1636, LR: 0.000010, Loss: 0.0489359, Validation MAE: 1.9390737, Test MAE: 3.5454488, Test MAE norm: 0.0711827
Epoch: 1645, LR: 0.000010, Loss: 0.0489214, Validation MAE: 1.9347571, Test MAE: 3.5408967, Test MAE norm: 0.0710913
Epoch: 1649, LR: 0.000010, Loss: 0.0489042, Validation MAE: 1.9320867, Test MAE: 3.5361140, Test MAE norm: 0.0709952
Epoch: 1659, LR: 0.000010, Loss: 0.0489566, Validation MAE: 1.9459181, Test MAE: 3.5506101, Test MAE norm: 0.0712863
Epoch: 1660, LR: 0.000010, Loss: 0.0488959, Validation MAE: 1.9328651, Test MAE: 3.5383072, Test MAE norm: 0.0710393
Epoch: 1667, LR: 0.000010, Loss: 0.0488763, Validation MAE: 1.9318666, Test MAE: 3.5340261, Test MAE norm: 0.0709533
Epoch: 1671, LR: 0.000010, Loss: 0.0489068, Validation MAE: 1.9297835, Test MAE: 3.5342183, Test MAE norm: 0.0709572
Epoch: 1681, LR: 0.000010, Loss: 0.0488794, Validation MAE: 1.9399362, Test MAE: 3.5585921, Test MAE norm: 0.0714465
Epoch: 1683, LR: 0.000010, Loss: 0.0489018, Validation MAE: 1.9384531, Test MAE: 3.5588214, Test MAE norm: 0.0714511
Epoch: 1684, LR: 0.000010, Loss: 0.0488418, Validation MAE: 1.9326695, Test MAE: 3.5515518, Test MAE norm: 0.0713052
Epoch: 1687, LR: 0.000010, Loss: 0.0488647, Validation MAE: 1.9274307, Test MAE: 3.5346744, Test MAE norm: 0.0709663
Epoch: 1691, LR: 0.000010, Loss: 0.0489777, Validation MAE: 1.9270763, Test MAE: 3.5262227, Test MAE norm: 0.0707967
Epoch: 1692, LR: 0.000010, Loss: 0.0490419, Validation MAE: 1.9229566, Test MAE: 3.5196407, Test MAE norm: 0.0706645
Epoch: 1696, LR: 0.000010, Loss: 0.0488825, Validation MAE: 1.9199513, Test MAE: 3.5281243, Test MAE norm: 0.0708348
Epoch: 1700, LR: 0.000010, Loss: 0.0489210, Validation MAE: 1.9188567, Test MAE: 3.5225296, Test MAE norm: 0.0707225
Epoch: 1710, LR: 0.000010, Loss: 0.0489159, Validation MAE: 1.9295353, Test MAE: 3.5502446, Test MAE norm: 0.0712790
Epoch: 1717, LR: 0.000010, Loss: 0.0488610, Validation MAE: 1.9270959, Test MAE: 3.5491810, Test MAE norm: 0.0712576
Epoch: 1722, LR: 0.000010, Loss: 0.0488055, Validation MAE: 1.9270884, Test MAE: 3.5509315, Test MAE norm: 0.0712927
Epoch: 1724, LR: 0.000010, Loss: 0.0488373, Validation MAE: 1.9259558, Test MAE: 3.5485916, Test MAE norm: 0.0712458
Epoch: 1729, LR: 0.000010, Loss: 0.0488048, Validation MAE: 1.9241091, Test MAE: 3.5466838, Test MAE norm: 0.0712075
Epoch: 1732, LR: 0.000010, Loss: 0.0488642, Validation MAE: 1.9235680, Test MAE: 3.5465262, Test MAE norm: 0.0712043
Epoch: 1741, LR: 0.000010, Loss: 0.0487954, Validation MAE: 1.9201263, Test MAE: 3.5381608, Test MAE norm: 0.0710363
Epoch: 1745, LR: 0.000010, Loss: 0.0487840, Validation MAE: 1.9172740, Test MAE: 3.5421195, Test MAE norm: 0.0711158
Epoch: 1755, LR: 0.000010, Loss: 0.0488342, Validation MAE: 1.9148567, Test MAE: 3.5390096, Test MAE norm: 0.0710534
Epoch: 1765, LR: 0.000010, Loss: 0.0488616, Validation MAE: 1.9289572, Test MAE: 3.5650988, Test MAE norm: 0.0715772
Epoch: 1766, LR: 0.000010, Loss: 0.0488040, Validation MAE: 1.9105599, Test MAE: 3.5361192, Test MAE norm: 0.0709954
Epoch: 1770, LR: 0.000010, Loss: 0.0487740, Validation MAE: 1.9098312, Test MAE: 3.5221770, Test MAE norm: 0.0707154
Epoch: 1775, LR: 0.000010, Loss: 0.0488753, Validation MAE: 1.9065816, Test MAE: 3.5087738, Test MAE norm: 0.0704463
Epoch: 1779, LR: 0.000010, Loss: 0.0488669, Validation MAE: 1.9064293, Test MAE: 3.5284498, Test MAE norm: 0.0708414
Epoch: 1780, LR: 0.000010, Loss: 0.0489413, Validation MAE: 1.9052480, Test MAE: 3.5270951, Test MAE norm: 0.0708142
Epoch: 1790, LR: 0.000010, Loss: 0.0487906, Validation MAE: 1.9230072, Test MAE: 3.5589375, Test MAE norm: 0.0714535
Epoch: 1791, LR: 0.000010, Loss: 0.0487450, Validation MAE: 1.9078587, Test MAE: 3.5334828, Test MAE norm: 0.0709424
Epoch: 1799, LR: 0.000010, Loss: 0.0487559, Validation MAE: 1.9045016, Test MAE: 3.5348473, Test MAE norm: 0.0709698
Epoch: 1809, LR: 0.000010, Loss: 0.0487575, Validation MAE: 1.9037778, Test MAE: 3.5301931, Test MAE norm: 0.0708764
Epoch: 1813, LR: 0.000010, Loss: 0.0487879, Validation MAE: 1.8998152, Test MAE: 3.5185521, Test MAE norm: 0.0706427
Epoch: 1814, LR: 0.000010, Loss: 0.0489200, Validation MAE: 1.8993000, Test MAE: 3.5209100, Test MAE norm: 0.0706900
Epoch: 1824, LR: 0.000010, Loss: 0.0488768, Validation MAE: 1.9257399, Test MAE: 3.5602012, Test MAE norm: 0.0714789
Epoch: 1825, LR: 0.000010, Loss: 0.0487556, Validation MAE: 1.8987513, Test MAE: 3.5178125, Test MAE norm: 0.0706278
Epoch: 1830, LR: 0.000010, Loss: 0.0487514, Validation MAE: 1.8969911, Test MAE: 3.5145962, Test MAE norm: 0.0705632
Epoch: 1834, LR: 0.000010, Loss: 0.0487697, Validation MAE: 1.8943269, Test MAE: 3.5173023, Test MAE norm: 0.0706176
Epoch: 1835, LR: 0.000010, Loss: 0.0489822, Validation MAE: 1.8914726, Test MAE: 3.5110674, Test MAE norm: 0.0704924
Epoch: 1840, LR: 0.000010, Loss: 0.0487799, Validation MAE: 1.8903239, Test MAE: 3.5036764, Test MAE norm: 0.0703440
Epoch: 1845, LR: 0.000010, Loss: 0.0487673, Validation MAE: 1.8888568, Test MAE: 3.5046449, Test MAE norm: 0.0703634
Epoch: 1855, LR: 0.000010, Loss: 0.0486763, Validation MAE: 1.9057608, Test MAE: 3.5488844, Test MAE norm: 0.0712516
Epoch: 1856, LR: 0.000010, Loss: 0.0486585, Validation MAE: 1.9003681, Test MAE: 3.5419805, Test MAE norm: 0.0711130
Epoch: 1859, LR: 0.000010, Loss: 0.0486736, Validation MAE: 1.8948917, Test MAE: 3.5321984, Test MAE norm: 0.0709166
Epoch: 1866, LR: 0.000010, Loss: 0.0486651, Validation MAE: 1.8932316, Test MAE: 3.5357065, Test MAE norm: 0.0709871
Epoch: 1876, LR: 0.000010, Loss: 0.0486250, Validation MAE: 1.8946837, Test MAE: 3.5397718, Test MAE norm: 0.0710687
Epoch: 1879, LR: 0.000010, Loss: 0.0486120, Validation MAE: 1.8918090, Test MAE: 3.5295725, Test MAE norm: 0.0708639
Epoch: 1888, LR: 0.000010, Loss: 0.0486240, Validation MAE: 1.8868926, Test MAE: 3.5198650, Test MAE norm: 0.0706690
Epoch: 1892, LR: 0.000010, Loss: 0.0487603, Validation MAE: 1.8827819, Test MAE: 3.5108137, Test MAE norm: 0.0704873
Epoch: 1893, LR: 0.000010, Loss: 0.0489238, Validation MAE: 1.8793741, Test MAE: 3.5018091, Test MAE norm: 0.0703065
Epoch: 1898, LR: 0.000010, Loss: 0.0489271, Validation MAE: 1.8780472, Test MAE: 3.5015054, Test MAE norm: 0.0703004
Epoch: 1908, LR: 0.000010, Loss: 0.0489473, Validation MAE: 1.8800575, Test MAE: 3.5097196, Test MAE norm: 0.0704653
Epoch: 1918, LR: 0.000010, Loss: 0.0487164, Validation MAE: 1.9109879, Test MAE: 3.5593197, Test MAE norm: 0.0714612
Epoch: 1919, LR: 0.000010, Loss: 0.0487144, Validation MAE: 1.8860260, Test MAE: 3.5251558, Test MAE norm: 0.0707752
Epoch: 1920, LR: 0.000010, Loss: 0.0486441, Validation MAE: 1.8810424, Test MAE: 3.5185678, Test MAE norm: 0.0706430
Epoch: 1930, LR: 0.000010, Loss: 0.0486214, Validation MAE: 1.9050622, Test MAE: 3.5586917, Test MAE norm: 0.0714485
Epoch: 1931, LR: 0.000010, Loss: 0.0486390, Validation MAE: 1.8930095, Test MAE: 3.5427432, Test MAE norm: 0.0711283
Epoch: 1932, LR: 0.000010, Loss: 0.0485597, Validation MAE: 1.8817400, Test MAE: 3.5260274, Test MAE norm: 0.0707927
Epoch: 1941, LR: 0.000010, Loss: 0.0485677, Validation MAE: 1.8783664, Test MAE: 3.5168474, Test MAE norm: 0.0706084
Epoch: 1945, LR: 0.000010, Loss: 0.0486117, Validation MAE: 1.8746575, Test MAE: 3.5051723, Test MAE norm: 0.0703740
Epoch: 1955, LR: 0.000010, Loss: 0.0485521, Validation MAE: 1.8852781, Test MAE: 3.5356145, Test MAE norm: 0.0709852
Epoch: 1958, LR: 0.000010, Loss: 0.0485358, Validation MAE: 1.8701603, Test MAE: 3.5085757, Test MAE norm: 0.0704424
Epoch: 1967, LR: 0.000010, Loss: 0.0487006, Validation MAE: 1.8656689, Test MAE: 3.5023267, Test MAE norm: 0.0703169
Epoch: 1968, LR: 0.000010, Loss: 0.0488495, Validation MAE: 1.8638753, Test MAE: 3.4941225, Test MAE norm: 0.0701522
Epoch: 1978, LR: 0.000010, Loss: 0.0488052, Validation MAE: 1.8612095, Test MAE: 3.4995809, Test MAE norm: 0.0702618
Epoch: 1988, LR: 0.000010, Loss: 0.0488069, Validation MAE: 1.8610369, Test MAE: 3.5073335, Test MAE norm: 0.0704174
Epoch: 1998, LR: 0.000010, Loss: 0.0485783, Validation MAE: 1.8934917, Test MAE: 3.5539095, Test MAE norm: 0.0713525
Epoch: 1999, LR: 0.000010, Loss: 0.0486039, Validation MAE: 1.8681004, Test MAE: 3.5240607, Test MAE norm: 0.0707533
Epoch: 2000, LR: 0.000010, Loss: 0.0485573, Validation MAE: 1.8621291, Test MAE: 3.5134287, Test MAE norm: 0.0705398
Epoch: 2000, LR: 0.000010, Loss: 0.0485573, Validation MAE: 1.8621291, Test MAE: 3.5134287, Test MAE norm: 0.0705398