Command line input: python run_count.py --batch_size 256 --target 4 --model I2GNN --h 3 --seed 1 --epoch 2000 --dataset easy-1
Mean = 0.280, Std = 1.409
Using I2GNN model

Epoch: 001, LR: 0.001000, Loss: 0.4262651, Validation MAE: 0.5867040, Test MAE: 0.6538972, Test MAE norm: 0.4642091
Epoch: 002, LR: 0.001000, Loss: 0.3544331, Validation MAE: 0.5714427, Test MAE: 0.6313768, Test MAE norm: 0.4482216
Epoch: 003, LR: 0.001000, Loss: 0.3327232, Validation MAE: 0.4654823, Test MAE: 0.5024629, Test MAE norm: 0.3567041
Epoch: 004, LR: 0.001000, Loss: 0.2798771, Validation MAE: 0.4510005, Test MAE: 0.4814658, Test MAE norm: 0.3417981
Epoch: 005, LR: 0.001000, Loss: 0.2701990, Validation MAE: 0.4349985, Test MAE: 0.4709220, Test MAE norm: 0.3343129
Epoch: 006, LR: 0.001000, Loss: 0.2552287, Validation MAE: 0.4268996, Test MAE: 0.4786576, Test MAE norm: 0.3398045
Epoch: 007, LR: 0.001000, Loss: 0.2434142, Validation MAE: 0.4052792, Test MAE: 0.4580844, Test MAE norm: 0.3251994
Epoch: 008, LR: 0.001000, Loss: 0.2290710, Validation MAE: 0.3971937, Test MAE: 0.4374925, Test MAE norm: 0.3105810
Epoch: 011, LR: 0.001000, Loss: 0.2280274, Validation MAE: 0.3795633, Test MAE: 0.4035318, Test MAE norm: 0.2864718
Epoch: 012, LR: 0.001000, Loss: 0.2172443, Validation MAE: 0.3580633, Test MAE: 0.3990576, Test MAE norm: 0.2832956
Epoch: 014, LR: 0.001000, Loss: 0.2142551, Validation MAE: 0.3579208, Test MAE: 0.4102257, Test MAE norm: 0.2912239
Epoch: 016, LR: 0.001000, Loss: 0.2147847, Validation MAE: 0.3514595, Test MAE: 0.3909803, Test MAE norm: 0.2775614
Epoch: 019, LR: 0.001000, Loss: 0.1918694, Validation MAE: 0.3409733, Test MAE: 0.3846573, Test MAE norm: 0.2730726
Epoch: 021, LR: 0.001000, Loss: 0.1950186, Validation MAE: 0.3383538, Test MAE: 0.3671391, Test MAE norm: 0.2606362
Epoch: 025, LR: 0.001000, Loss: 0.1963683, Validation MAE: 0.3338111, Test MAE: 0.3875080, Test MAE norm: 0.2750964
Epoch: 035, LR: 0.001000, Loss: 0.2033917, Validation MAE: 0.3980246, Test MAE: 0.4675528, Test MAE norm: 0.3319211
Epoch: 036, LR: 0.001000, Loss: 0.2206506, Validation MAE: 0.3561289, Test MAE: 0.4038057, Test MAE norm: 0.2866663
Epoch: 037, LR: 0.000900, Loss: 0.1926695, Validation MAE: 0.3485587, Test MAE: 0.3709465, Test MAE norm: 0.2633391
Epoch: 040, LR: 0.000900, Loss: 0.1966581, Validation MAE: 0.3382887, Test MAE: 0.3825359, Test MAE norm: 0.2715666
Epoch: 043, LR: 0.000900, Loss: 0.1876444, Validation MAE: 0.3354921, Test MAE: 0.3823262, Test MAE norm: 0.2714177
Epoch: 046, LR: 0.000900, Loss: 0.1820907, Validation MAE: 0.3320988, Test MAE: 0.3863649, Test MAE norm: 0.2742849
Epoch: 048, LR: 0.000900, Loss: 0.1847359, Validation MAE: 0.3310607, Test MAE: 0.3798060, Test MAE norm: 0.2696286
Epoch: 049, LR: 0.000900, Loss: 0.1740174, Validation MAE: 0.3291208, Test MAE: 0.3643999, Test MAE norm: 0.2586916
Epoch: 051, LR: 0.000900, Loss: 0.1766811, Validation MAE: 0.3285575, Test MAE: 0.3835603, Test MAE norm: 0.2722939
Epoch: 053, LR: 0.000900, Loss: 0.1765033, Validation MAE: 0.3204516, Test MAE: 0.3634108, Test MAE norm: 0.2579895
Epoch: 054, LR: 0.000900, Loss: 0.1674901, Validation MAE: 0.3194214, Test MAE: 0.3527017, Test MAE norm: 0.2503870
Epoch: 055, LR: 0.000900, Loss: 0.1713315, Validation MAE: 0.3141019, Test MAE: 0.3537279, Test MAE norm: 0.2511155
Epoch: 059, LR: 0.000900, Loss: 0.1663411, Validation MAE: 0.3071523, Test MAE: 0.3459829, Test MAE norm: 0.2456172
Epoch: 069, LR: 0.000900, Loss: 0.1676954, Validation MAE: 0.3063332, Test MAE: 0.3432687, Test MAE norm: 0.2436904
Epoch: 074, LR: 0.000900, Loss: 0.1642421, Validation MAE: 0.3037171, Test MAE: 0.3424750, Test MAE norm: 0.2431269
Epoch: 079, LR: 0.000900, Loss: 0.1614830, Validation MAE: 0.3035085, Test MAE: 0.3345705, Test MAE norm: 0.2375154
Epoch: 081, LR: 0.000900, Loss: 0.1628693, Validation MAE: 0.3035040, Test MAE: 0.3393742, Test MAE norm: 0.2409256
Epoch: 082, LR: 0.000900, Loss: 0.1573474, Validation MAE: 0.3007348, Test MAE: 0.3369972, Test MAE norm: 0.2392381
Epoch: 092, LR: 0.000900, Loss: 0.1699938, Validation MAE: 0.3499036, Test MAE: 0.4061346, Test MAE norm: 0.2883196
Epoch: 094, LR: 0.000810, Loss: 0.1908318, Validation MAE: 0.3376867, Test MAE: 0.3879440, Test MAE norm: 0.2754059
Epoch: 095, LR: 0.000810, Loss: 0.1796532, Validation MAE: 0.3097557, Test MAE: 0.3506121, Test MAE norm: 0.2489035
Epoch: 098, LR: 0.000810, Loss: 0.1695297, Validation MAE: 0.3015101, Test MAE: 0.3382859, Test MAE norm: 0.2401530
Epoch: 108, LR: 0.000729, Loss: 0.1599870, Validation MAE: 0.2978912, Test MAE: 0.3336547, Test MAE norm: 0.2368653
Epoch: 111, LR: 0.000729, Loss: 0.1587514, Validation MAE: 0.2978628, Test MAE: 0.3348435, Test MAE norm: 0.2377093
Epoch: 119, LR: 0.000729, Loss: 0.1576865, Validation MAE: 0.2951299, Test MAE: 0.3294902, Test MAE norm: 0.2339088
Epoch: 124, LR: 0.000729, Loss: 0.1597803, Validation MAE: 0.2949878, Test MAE: 0.3293332, Test MAE norm: 0.2337974
Epoch: 133, LR: 0.000729, Loss: 0.1526715, Validation MAE: 0.2926881, Test MAE: 0.3224766, Test MAE norm: 0.2289298
Epoch: 143, LR: 0.000729, Loss: 0.1628243, Validation MAE: 0.2914275, Test MAE: 0.3272015, Test MAE norm: 0.2322841
Epoch: 153, LR: 0.000729, Loss: 0.1560106, Validation MAE: 0.2872333, Test MAE: 0.3190461, Test MAE norm: 0.2264944
Epoch: 161, LR: 0.000729, Loss: 0.1621688, Validation MAE: 0.2845315, Test MAE: 0.3223643, Test MAE norm: 0.2288501
Epoch: 171, LR: 0.000729, Loss: 0.1539062, Validation MAE: 0.2879353, Test MAE: 0.3207167, Test MAE norm: 0.2276805
Epoch: 178, LR: 0.000656, Loss: 0.1585778, Validation MAE: 0.2854142, Test MAE: 0.3224614, Test MAE norm: 0.2289190
Epoch: 188, LR: 0.000590, Loss: 0.1502533, Validation MAE: 0.2940515, Test MAE: 0.3278686, Test MAE norm: 0.2327577
Epoch: 191, LR: 0.000590, Loss: 0.1533605, Validation MAE: 0.2879270, Test MAE: 0.3200859, Test MAE norm: 0.2272326
Epoch: 197, LR: 0.000531, Loss: 0.1506088, Validation MAE: 0.2864880, Test MAE: 0.3272075, Test MAE norm: 0.2322884
Epoch: 202, LR: 0.000531, Loss: 0.1572267, Validation MAE: 0.2862980, Test MAE: 0.3293231, Test MAE norm: 0.2337902
Epoch: 204, LR: 0.000531, Loss: 0.1493751, Validation MAE: 0.2854404, Test MAE: 0.3260924, Test MAE norm: 0.2314967
Epoch: 205, LR: 0.000531, Loss: 0.1498576, Validation MAE: 0.2806840, Test MAE: 0.3229125, Test MAE norm: 0.2292393
Epoch: 210, LR: 0.000531, Loss: 0.1478646, Validation MAE: 0.2788919, Test MAE: 0.3193423, Test MAE norm: 0.2267047
Epoch: 212, LR: 0.000531, Loss: 0.1494950, Validation MAE: 0.2788800, Test MAE: 0.3211777, Test MAE norm: 0.2280077
Epoch: 222, LR: 0.000478, Loss: 0.1460361, Validation MAE: 0.2774410, Test MAE: 0.3205234, Test MAE norm: 0.2275432
Epoch: 225, LR: 0.000478, Loss: 0.1453905, Validation MAE: 0.2764218, Test MAE: 0.3152304, Test MAE norm: 0.2237857
Epoch: 228, LR: 0.000478, Loss: 0.1455396, Validation MAE: 0.2761901, Test MAE: 0.3160520, Test MAE norm: 0.2243689
Epoch: 232, LR: 0.000478, Loss: 0.1444444, Validation MAE: 0.2756346, Test MAE: 0.3160038, Test MAE norm: 0.2243347
Epoch: 241, LR: 0.000478, Loss: 0.1458892, Validation MAE: 0.2750350, Test MAE: 0.3137331, Test MAE norm: 0.2227227
Epoch: 251, LR: 0.000478, Loss: 0.1440019, Validation MAE: 0.2752092, Test MAE: 0.3167786, Test MAE norm: 0.2248848
Epoch: 261, LR: 0.000430, Loss: 0.1463961, Validation MAE: 0.2772850, Test MAE: 0.3184934, Test MAE norm: 0.2261021
Epoch: 262, LR: 0.000430, Loss: 0.1465267, Validation MAE: 0.2758115, Test MAE: 0.3162864, Test MAE norm: 0.2245353
Epoch: 264, LR: 0.000387, Loss: 0.1453651, Validation MAE: 0.2757315, Test MAE: 0.3170793, Test MAE norm: 0.2250982
Epoch: 265, LR: 0.000387, Loss: 0.1439121, Validation MAE: 0.2745553, Test MAE: 0.3140505, Test MAE norm: 0.2229480
Epoch: 269, LR: 0.000387, Loss: 0.1451962, Validation MAE: 0.2736305, Test MAE: 0.3136027, Test MAE norm: 0.2226301
Epoch: 271, LR: 0.000387, Loss: 0.1443701, Validation MAE: 0.2735676, Test MAE: 0.3169186, Test MAE norm: 0.2249841
Epoch: 275, LR: 0.000387, Loss: 0.1433623, Validation MAE: 0.2734142, Test MAE: 0.3163679, Test MAE norm: 0.2245932
Epoch: 276, LR: 0.000387, Loss: 0.1434754, Validation MAE: 0.2728660, Test MAE: 0.3098695, Test MAE norm: 0.2199799
Epoch: 280, LR: 0.000387, Loss: 0.1446744, Validation MAE: 0.2719698, Test MAE: 0.3125146, Test MAE norm: 0.2218577
Epoch: 287, LR: 0.000387, Loss: 0.1434542, Validation MAE: 0.2704752, Test MAE: 0.3150492, Test MAE norm: 0.2236570
Epoch: 288, LR: 0.000387, Loss: 0.1442010, Validation MAE: 0.2701440, Test MAE: 0.3155681, Test MAE norm: 0.2240254
Epoch: 291, LR: 0.000387, Loss: 0.1427511, Validation MAE: 0.2691981, Test MAE: 0.3172327, Test MAE norm: 0.2252071
Epoch: 292, LR: 0.000387, Loss: 0.1437488, Validation MAE: 0.2684872, Test MAE: 0.3090927, Test MAE norm: 0.2194285
Epoch: 296, LR: 0.000387, Loss: 0.1433053, Validation MAE: 0.2649698, Test MAE: 0.3188135, Test MAE norm: 0.2263293
Epoch: 301, LR: 0.000387, Loss: 0.1445910, Validation MAE: 0.2624168, Test MAE: 0.3072281, Test MAE norm: 0.2181047
Epoch: 311, LR: 0.000387, Loss: 0.1414999, Validation MAE: 0.2639722, Test MAE: 0.3172505, Test MAE norm: 0.2252198
Epoch: 320, LR: 0.000349, Loss: 0.1435982, Validation MAE: 0.2603422, Test MAE: 0.3055968, Test MAE norm: 0.2169466
Epoch: 323, LR: 0.000349, Loss: 0.1453381, Validation MAE: 0.2552766, Test MAE: 0.3137881, Test MAE norm: 0.2227617
Epoch: 333, LR: 0.000349, Loss: 0.1444899, Validation MAE: 0.2758491, Test MAE: 0.3281224, Test MAE norm: 0.2329378
Epoch: 335, LR: 0.000314, Loss: 0.1474974, Validation MAE: 0.2722967, Test MAE: 0.3209279, Test MAE norm: 0.2278304
Epoch: 345, LR: 0.000314, Loss: 0.1448414, Validation MAE: 0.2725531, Test MAE: 0.3075227, Test MAE norm: 0.2183138
Epoch: 346, LR: 0.000282, Loss: 0.1423582, Validation MAE: 0.2689272, Test MAE: 0.3111012, Test MAE norm: 0.2208543
Epoch: 347, LR: 0.000282, Loss: 0.1430261, Validation MAE: 0.2677197, Test MAE: 0.3143291, Test MAE norm: 0.2231458
Epoch: 348, LR: 0.000282, Loss: 0.1443705, Validation MAE: 0.2670992, Test MAE: 0.3102244, Test MAE norm: 0.2202319
Epoch: 349, LR: 0.000282, Loss: 0.1422786, Validation MAE: 0.2654766, Test MAE: 0.3037999, Test MAE norm: 0.2156710
Epoch: 350, LR: 0.000282, Loss: 0.1404566, Validation MAE: 0.2633908, Test MAE: 0.3121428, Test MAE norm: 0.2215937
Epoch: 351, LR: 0.000282, Loss: 0.1416437, Validation MAE: 0.2605931, Test MAE: 0.3116542, Test MAE norm: 0.2212468
Epoch: 352, LR: 0.000282, Loss: 0.1410454, Validation MAE: 0.2583375, Test MAE: 0.3001956, Test MAE norm: 0.2131123
Epoch: 353, LR: 0.000282, Loss: 0.1397631, Validation MAE: 0.2560779, Test MAE: 0.3046781, Test MAE norm: 0.2162945
Epoch: 354, LR: 0.000282, Loss: 0.1396613, Validation MAE: 0.2533890, Test MAE: 0.3084092, Test MAE norm: 0.2189432
Epoch: 359, LR: 0.000282, Loss: 0.1411514, Validation MAE: 0.2492257, Test MAE: 0.3079453, Test MAE norm: 0.2186139
Epoch: 362, LR: 0.000282, Loss: 0.1432520, Validation MAE: 0.2465897, Test MAE: 0.3081405, Test MAE norm: 0.2187525
Epoch: 370, LR: 0.000282, Loss: 0.1401316, Validation MAE: 0.2429506, Test MAE: 0.3004632, Test MAE norm: 0.2133023
Epoch: 380, LR: 0.000282, Loss: 0.1366654, Validation MAE: 0.2759491, Test MAE: 0.2901056, Test MAE norm: 0.2059493
Epoch: 381, LR: 0.000282, Loss: 0.1407169, Validation MAE: 0.2549337, Test MAE: 0.2838726, Test MAE norm: 0.2015244
Epoch: 382, LR: 0.000254, Loss: 0.1373299, Validation MAE: 0.2541667, Test MAE: 0.3229843, Test MAE norm: 0.2292902
Epoch: 384, LR: 0.000254, Loss: 0.1409108, Validation MAE: 0.2541223, Test MAE: 0.2951934, Test MAE norm: 0.2095612
Epoch: 386, LR: 0.000254, Loss: 0.1382336, Validation MAE: 0.2443801, Test MAE: 0.2903142, Test MAE norm: 0.2060974
Epoch: 388, LR: 0.000254, Loss: 0.1380837, Validation MAE: 0.2419263, Test MAE: 0.2987597, Test MAE norm: 0.2120930
Epoch: 390, LR: 0.000254, Loss: 0.1382229, Validation MAE: 0.2388811, Test MAE: 0.2982109, Test MAE norm: 0.2117033
Epoch: 391, LR: 0.000254, Loss: 0.1356742, Validation MAE: 0.2376707, Test MAE: 0.3005313, Test MAE norm: 0.2133506
Epoch: 394, LR: 0.000254, Loss: 0.1352467, Validation MAE: 0.2336724, Test MAE: 0.3004194, Test MAE norm: 0.2132711
Epoch: 397, LR: 0.000254, Loss: 0.1340001, Validation MAE: 0.2335463, Test MAE: 0.3015990, Test MAE norm: 0.2141086
Epoch: 407, LR: 0.000254, Loss: 0.1341386, Validation MAE: 0.2445306, Test MAE: 0.2766022, Test MAE norm: 0.1963631
Epoch: 408, LR: 0.000254, Loss: 0.1326815, Validation MAE: 0.2395561, Test MAE: 0.2868821, Test MAE norm: 0.2036609
Epoch: 409, LR: 0.000229, Loss: 0.1327431, Validation MAE: 0.2370656, Test MAE: 0.3067461, Test MAE norm: 0.2177625
Epoch: 414, LR: 0.000229, Loss: 0.1351577, Validation MAE: 0.2317316, Test MAE: 0.2798980, Test MAE norm: 0.1987028
Epoch: 417, LR: 0.000229, Loss: 0.1323313, Validation MAE: 0.2311902, Test MAE: 0.2770457, Test MAE norm: 0.1966779
Epoch: 418, LR: 0.000229, Loss: 0.1301485, Validation MAE: 0.2287370, Test MAE: 0.2832324, Test MAE norm: 0.2010699
Epoch: 420, LR: 0.000229, Loss: 0.1304597, Validation MAE: 0.2259692, Test MAE: 0.2939277, Test MAE norm: 0.2086627
Epoch: 422, LR: 0.000229, Loss: 0.1309905, Validation MAE: 0.2232572, Test MAE: 0.2899867, Test MAE norm: 0.2058649
Epoch: 431, LR: 0.000229, Loss: 0.1281163, Validation MAE: 0.2227405, Test MAE: 0.2851069, Test MAE norm: 0.2024006
Epoch: 441, LR: 0.000229, Loss: 0.1300208, Validation MAE: 0.2368045, Test MAE: 0.2747562, Test MAE norm: 0.1950525
Epoch: 443, LR: 0.000206, Loss: 0.1297554, Validation MAE: 0.2349977, Test MAE: 0.2728644, Test MAE norm: 0.1937095
Epoch: 444, LR: 0.000206, Loss: 0.1290957, Validation MAE: 0.2309276, Test MAE: 0.2880350, Test MAE norm: 0.2044793
Epoch: 445, LR: 0.000206, Loss: 0.1293837, Validation MAE: 0.2298155, Test MAE: 0.2830581, Test MAE norm: 0.2009462
Epoch: 447, LR: 0.000206, Loss: 0.1293222, Validation MAE: 0.2274565, Test MAE: 0.2744873, Test MAE norm: 0.1948617
Epoch: 448, LR: 0.000206, Loss: 0.1269250, Validation MAE: 0.2251245, Test MAE: 0.2937170, Test MAE norm: 0.2085130
Epoch: 458, LR: 0.000185, Loss: 0.1305818, Validation MAE: 0.2353914, Test MAE: 0.3028808, Test MAE norm: 0.2150185
Epoch: 468, LR: 0.000167, Loss: 0.1283422, Validation MAE: 0.2343615, Test MAE: 0.2660615, Test MAE norm: 0.1888801
Epoch: 469, LR: 0.000167, Loss: 0.1285699, Validation MAE: 0.2294858, Test MAE: 0.2717289, Test MAE norm: 0.1929034
Epoch: 470, LR: 0.000167, Loss: 0.1263011, Validation MAE: 0.2248533, Test MAE: 0.2845688, Test MAE norm: 0.2020186
Epoch: 471, LR: 0.000167, Loss: 0.1269734, Validation MAE: 0.2224813, Test MAE: 0.2874262, Test MAE norm: 0.2040471
Epoch: 475, LR: 0.000167, Loss: 0.1260432, Validation MAE: 0.2206240, Test MAE: 0.2878014, Test MAE norm: 0.2043135
Epoch: 481, LR: 0.000167, Loss: 0.1317558, Validation MAE: 0.2193129, Test MAE: 0.2902882, Test MAE norm: 0.2060789
Epoch: 491, LR: 0.000167, Loss: 0.1257059, Validation MAE: 0.2346328, Test MAE: 0.2772147, Test MAE norm: 0.1967979
Epoch: 492, LR: 0.000167, Loss: 0.1263889, Validation MAE: 0.2284938, Test MAE: 0.2692504, Test MAE norm: 0.1911439
Epoch: 493, LR: 0.000150, Loss: 0.1240733, Validation MAE: 0.2270499, Test MAE: 0.2697027, Test MAE norm: 0.1914650
Epoch: 494, LR: 0.000150, Loss: 0.1262786, Validation MAE: 0.2246733, Test MAE: 0.2607847, Test MAE norm: 0.1851341
Epoch: 496, LR: 0.000150, Loss: 0.1242118, Validation MAE: 0.2173319, Test MAE: 0.2726071, Test MAE norm: 0.1935269
Epoch: 497, LR: 0.000150, Loss: 0.1236222, Validation MAE: 0.2170140, Test MAE: 0.2666243, Test MAE norm: 0.1892796
Epoch: 499, LR: 0.000150, Loss: 0.1234342, Validation MAE: 0.2166458, Test MAE: 0.2685817, Test MAE norm: 0.1906692
Epoch: 503, LR: 0.000150, Loss: 0.1362159, Validation MAE: 0.2105419, Test MAE: 0.2767407, Test MAE norm: 0.1964614
Epoch: 513, LR: 0.000150, Loss: 0.1279158, Validation MAE: 0.2469359, Test MAE: 0.2643996, Test MAE norm: 0.1877003
Epoch: 515, LR: 0.000135, Loss: 0.1290452, Validation MAE: 0.2285256, Test MAE: 0.2664608, Test MAE norm: 0.1891636
Epoch: 516, LR: 0.000135, Loss: 0.1247369, Validation MAE: 0.2273468, Test MAE: 0.2911186, Test MAE norm: 0.2066684
Epoch: 517, LR: 0.000135, Loss: 0.1302739, Validation MAE: 0.2273111, Test MAE: 0.2792065, Test MAE norm: 0.1982119
Epoch: 521, LR: 0.000135, Loss: 0.1217654, Validation MAE: 0.2254802, Test MAE: 0.2704870, Test MAE norm: 0.1920218
Epoch: 522, LR: 0.000135, Loss: 0.1251580, Validation MAE: 0.2242002, Test MAE: 0.2846311, Test MAE norm: 0.2020629
Epoch: 523, LR: 0.000135, Loss: 0.1277598, Validation MAE: 0.2237927, Test MAE: 0.2656090, Test MAE norm: 0.1885589
Epoch: 526, LR: 0.000122, Loss: 0.1209855, Validation MAE: 0.2218400, Test MAE: 0.2673869, Test MAE norm: 0.1898210
Epoch: 527, LR: 0.000122, Loss: 0.1241504, Validation MAE: 0.2197281, Test MAE: 0.2804171, Test MAE norm: 0.1990713
Epoch: 528, LR: 0.000122, Loss: 0.1273828, Validation MAE: 0.2179723, Test MAE: 0.2659933, Test MAE norm: 0.1888317
Epoch: 531, LR: 0.000122, Loss: 0.1236806, Validation MAE: 0.2155300, Test MAE: 0.2610062, Test MAE norm: 0.1852913
Epoch: 536, LR: 0.000122, Loss: 0.1227286, Validation MAE: 0.2144168, Test MAE: 0.2690055, Test MAE norm: 0.1909701
Epoch: 537, LR: 0.000109, Loss: 0.1222466, Validation MAE: 0.2140623, Test MAE: 0.2696300, Test MAE norm: 0.1914134
Epoch: 547, LR: 0.000109, Loss: 0.1213393, Validation MAE: 0.2213763, Test MAE: 0.2555451, Test MAE norm: 0.1814144
Epoch: 549, LR: 0.000098, Loss: 0.1241833, Validation MAE: 0.2149157, Test MAE: 0.2661224, Test MAE norm: 0.1889233
Epoch: 550, LR: 0.000098, Loss: 0.1190915, Validation MAE: 0.2124849, Test MAE: 0.2672326, Test MAE norm: 0.1897115
Epoch: 560, LR: 0.000089, Loss: 0.1202688, Validation MAE: 0.2172962, Test MAE: 0.2552201, Test MAE norm: 0.1811837
Epoch: 562, LR: 0.000089, Loss: 0.1209065, Validation MAE: 0.2169763, Test MAE: 0.2652694, Test MAE norm: 0.1883178
Epoch: 563, LR: 0.000089, Loss: 0.1181584, Validation MAE: 0.2122103, Test MAE: 0.2637599, Test MAE norm: 0.1872461
Epoch: 573, LR: 0.000080, Loss: 0.1193714, Validation MAE: 0.2195118, Test MAE: 0.2568474, Test MAE norm: 0.1823389
Epoch: 575, LR: 0.000080, Loss: 0.1196485, Validation MAE: 0.2130312, Test MAE: 0.2615283, Test MAE norm: 0.1856619
Epoch: 576, LR: 0.000080, Loss: 0.1180290, Validation MAE: 0.2127872, Test MAE: 0.2612768, Test MAE norm: 0.1854834
Epoch: 586, LR: 0.000072, Loss: 0.1174055, Validation MAE: 0.2165789, Test MAE: 0.2561329, Test MAE norm: 0.1818317
Epoch: 596, LR: 0.000065, Loss: 0.1163286, Validation MAE: 0.2169714, Test MAE: 0.2572581, Test MAE norm: 0.1826304
Epoch: 597, LR: 0.000065, Loss: 0.1164042, Validation MAE: 0.2166390, Test MAE: 0.2566523, Test MAE norm: 0.1822004
Epoch: 599, LR: 0.000065, Loss: 0.1166054, Validation MAE: 0.2153555, Test MAE: 0.2541533, Test MAE norm: 0.1804263
Epoch: 603, LR: 0.000058, Loss: 0.1162826, Validation MAE: 0.2146494, Test MAE: 0.2579545, Test MAE norm: 0.1831248
Epoch: 606, LR: 0.000058, Loss: 0.1163294, Validation MAE: 0.2128778, Test MAE: 0.2568062, Test MAE norm: 0.1823097
Epoch: 616, LR: 0.000052, Loss: 0.1163614, Validation MAE: 0.2220788, Test MAE: 0.2568302, Test MAE norm: 0.1823267
Epoch: 617, LR: 0.000052, Loss: 0.1168366, Validation MAE: 0.2203310, Test MAE: 0.2569763, Test MAE norm: 0.1824304
Epoch: 618, LR: 0.000052, Loss: 0.1163416, Validation MAE: 0.2135482, Test MAE: 0.2588031, Test MAE norm: 0.1837273
Epoch: 628, LR: 0.000047, Loss: 0.1157494, Validation MAE: 0.2183803, Test MAE: 0.2534834, Test MAE norm: 0.1799507
Epoch: 629, LR: 0.000047, Loss: 0.1159943, Validation MAE: 0.2182316, Test MAE: 0.2537775, Test MAE norm: 0.1801596
Epoch: 630, LR: 0.000047, Loss: 0.1157330, Validation MAE: 0.2155295, Test MAE: 0.2559566, Test MAE norm: 0.1817065
Epoch: 631, LR: 0.000047, Loss: 0.1158506, Validation MAE: 0.2146652, Test MAE: 0.2573276, Test MAE norm: 0.1826798
Epoch: 641, LR: 0.000042, Loss: 0.1157502, Validation MAE: 0.2152377, Test MAE: 0.2547041, Test MAE norm: 0.1808173
Epoch: 642, LR: 0.000042, Loss: 0.1156622, Validation MAE: 0.2143340, Test MAE: 0.2552967, Test MAE norm: 0.1812381
Epoch: 652, LR: 0.000038, Loss: 0.1153131, Validation MAE: 0.2159810, Test MAE: 0.2529823, Test MAE norm: 0.1795951
Epoch: 656, LR: 0.000038, Loss: 0.1153007, Validation MAE: 0.2147567, Test MAE: 0.2540211, Test MAE norm: 0.1803325
Epoch: 660, LR: 0.000034, Loss: 0.1152276, Validation MAE: 0.2142055, Test MAE: 0.2554232, Test MAE norm: 0.1813278
Epoch: 664, LR: 0.000034, Loss: 0.1151903, Validation MAE: 0.2140259, Test MAE: 0.2553255, Test MAE norm: 0.1812585
Epoch: 674, LR: 0.000031, Loss: 0.1150749, Validation MAE: 0.2161165, Test MAE: 0.2542878, Test MAE norm: 0.1805218
Epoch: 675, LR: 0.000031, Loss: 0.1150362, Validation MAE: 0.2158930, Test MAE: 0.2547406, Test MAE norm: 0.1808433
Epoch: 676, LR: 0.000031, Loss: 0.1150392, Validation MAE: 0.2158023, Test MAE: 0.2542888, Test MAE norm: 0.1805225
Epoch: 677, LR: 0.000031, Loss: 0.1150056, Validation MAE: 0.2154269, Test MAE: 0.2535855, Test MAE norm: 0.1800233
Epoch: 681, LR: 0.000028, Loss: 0.1150611, Validation MAE: 0.2148835, Test MAE: 0.2545971, Test MAE norm: 0.1807414
Epoch: 686, LR: 0.000028, Loss: 0.1149908, Validation MAE: 0.2145340, Test MAE: 0.2549741, Test MAE norm: 0.1810090
Epoch: 696, LR: 0.000025, Loss: 0.1148738, Validation MAE: 0.2161079, Test MAE: 0.2540218, Test MAE norm: 0.1803330
Epoch: 697, LR: 0.000025, Loss: 0.1148983, Validation MAE: 0.2148712, Test MAE: 0.2545807, Test MAE norm: 0.1807298
Epoch: 698, LR: 0.000025, Loss: 0.1148942, Validation MAE: 0.2148346, Test MAE: 0.2546107, Test MAE norm: 0.1807511
Epoch: 706, LR: 0.000023, Loss: 0.1148128, Validation MAE: 0.2144327, Test MAE: 0.2545796, Test MAE norm: 0.1807290
Epoch: 716, LR: 0.000020, Loss: 0.1148270, Validation MAE: 0.2159717, Test MAE: 0.2538302, Test MAE norm: 0.1801969
Epoch: 717, LR: 0.000020, Loss: 0.1147468, Validation MAE: 0.2159632, Test MAE: 0.2534881, Test MAE norm: 0.1799541
Epoch: 718, LR: 0.000020, Loss: 0.1147513, Validation MAE: 0.2146004, Test MAE: 0.2543866, Test MAE norm: 0.1805920
Epoch: 719, LR: 0.000020, Loss: 0.1147933, Validation MAE: 0.2145079, Test MAE: 0.2547953, Test MAE norm: 0.1808821
Epoch: 723, LR: 0.000020, Loss: 0.1147395, Validation MAE: 0.2144071, Test MAE: 0.2531970, Test MAE norm: 0.1797474
Epoch: 732, LR: 0.000018, Loss: 0.1146721, Validation MAE: 0.2141456, Test MAE: 0.2544562, Test MAE norm: 0.1806414
Epoch: 738, LR: 0.000016, Loss: 0.1146187, Validation MAE: 0.2136783, Test MAE: 0.2540514, Test MAE norm: 0.1803540
Epoch: 748, LR: 0.000015, Loss: 0.1146252, Validation MAE: 0.2148891, Test MAE: 0.2541502, Test MAE norm: 0.1804241
Epoch: 749, LR: 0.000015, Loss: 0.1145768, Validation MAE: 0.2148467, Test MAE: 0.2530815, Test MAE norm: 0.1796654
Epoch: 752, LR: 0.000015, Loss: 0.1145697, Validation MAE: 0.2147865, Test MAE: 0.2533508, Test MAE norm: 0.1798566
Epoch: 753, LR: 0.000015, Loss: 0.1145528, Validation MAE: 0.2145261, Test MAE: 0.2543251, Test MAE norm: 0.1805483
Epoch: 754, LR: 0.000015, Loss: 0.1145762, Validation MAE: 0.2143886, Test MAE: 0.2544342, Test MAE norm: 0.1806257
Epoch: 760, LR: 0.000013, Loss: 0.1145186, Validation MAE: 0.2141324, Test MAE: 0.2540230, Test MAE norm: 0.1803338
Epoch: 761, LR: 0.000013, Loss: 0.1145228, Validation MAE: 0.2139951, Test MAE: 0.2539914, Test MAE norm: 0.1803114
Epoch: 771, LR: 0.000012, Loss: 0.1144586, Validation MAE: 0.2143826, Test MAE: 0.2532440, Test MAE norm: 0.1797808
Epoch: 776, LR: 0.000012, Loss: 0.1144845, Validation MAE: 0.2142329, Test MAE: 0.2541549, Test MAE norm: 0.1804274
Epoch: 777, LR: 0.000012, Loss: 0.1144797, Validation MAE: 0.2141810, Test MAE: 0.2536137, Test MAE norm: 0.1800433
Epoch: 787, LR: 0.000011, Loss: 0.1144702, Validation MAE: 0.2148777, Test MAE: 0.2534302, Test MAE norm: 0.1799130
Epoch: 788, LR: 0.000011, Loss: 0.1144291, Validation MAE: 0.2142080, Test MAE: 0.2536777, Test MAE norm: 0.1800887
Epoch: 789, LR: 0.000011, Loss: 0.1144435, Validation MAE: 0.2141729, Test MAE: 0.2537184, Test MAE norm: 0.1801176
Epoch: 794, LR: 0.000010, Loss: 0.1144160, Validation MAE: 0.2141696, Test MAE: 0.2534040, Test MAE norm: 0.1798944
Epoch: 798, LR: 0.000010, Loss: 0.1143808, Validation MAE: 0.2141638, Test MAE: 0.2538658, Test MAE norm: 0.1802223
Epoch: 799, LR: 0.000010, Loss: 0.1144248, Validation MAE: 0.2138643, Test MAE: 0.2537168, Test MAE norm: 0.1801165
Epoch: 809, LR: 0.000010, Loss: 0.1143986, Validation MAE: 0.2144668, Test MAE: 0.2530521, Test MAE norm: 0.1796446
Epoch: 810, LR: 0.000010, Loss: 0.1143661, Validation MAE: 0.2139570, Test MAE: 0.2530988, Test MAE norm: 0.1796777
Epoch: 820, LR: 0.000010, Loss: 0.1143441, Validation MAE: 0.2148300, Test MAE: 0.2534764, Test MAE norm: 0.1799458
Epoch: 821, LR: 0.000010, Loss: 0.1143326, Validation MAE: 0.2144390, Test MAE: 0.2534361, Test MAE norm: 0.1799172
Epoch: 822, LR: 0.000010, Loss: 0.1143311, Validation MAE: 0.2142971, Test MAE: 0.2532568, Test MAE norm: 0.1797899
Epoch: 827, LR: 0.000010, Loss: 0.1143392, Validation MAE: 0.2140236, Test MAE: 0.2537633, Test MAE norm: 0.1801495
Epoch: 832, LR: 0.000010, Loss: 0.1143226, Validation MAE: 0.2136880, Test MAE: 0.2539923, Test MAE norm: 0.1803120
Epoch: 833, LR: 0.000010, Loss: 0.1143447, Validation MAE: 0.2132868, Test MAE: 0.2540482, Test MAE norm: 0.1803517
Epoch: 843, LR: 0.000010, Loss: 0.1142703, Validation MAE: 0.2143315, Test MAE: 0.2526122, Test MAE norm: 0.1793323
Epoch: 845, LR: 0.000010, Loss: 0.1143376, Validation MAE: 0.2141847, Test MAE: 0.2522129, Test MAE norm: 0.1790489
Epoch: 846, LR: 0.000010, Loss: 0.1143072, Validation MAE: 0.2141754, Test MAE: 0.2527997, Test MAE norm: 0.1794654
Epoch: 847, LR: 0.000010, Loss: 0.1142601, Validation MAE: 0.2138147, Test MAE: 0.2534680, Test MAE norm: 0.1799398
Epoch: 848, LR: 0.000010, Loss: 0.1142609, Validation MAE: 0.2136000, Test MAE: 0.2538255, Test MAE norm: 0.1801936
Epoch: 849, LR: 0.000010, Loss: 0.1142923, Validation MAE: 0.2134543, Test MAE: 0.2536375, Test MAE norm: 0.1800602
Epoch: 859, LR: 0.000010, Loss: 0.1142390, Validation MAE: 0.2140427, Test MAE: 0.2526953, Test MAE norm: 0.1793913
Epoch: 860, LR: 0.000010, Loss: 0.1142405, Validation MAE: 0.2138557, Test MAE: 0.2528643, Test MAE norm: 0.1795113
Epoch: 866, LR: 0.000010, Loss: 0.1142149, Validation MAE: 0.2138055, Test MAE: 0.2527570, Test MAE norm: 0.1794351
Epoch: 867, LR: 0.000010, Loss: 0.1142107, Validation MAE: 0.2136527, Test MAE: 0.2529670, Test MAE norm: 0.1795842
Epoch: 872, LR: 0.000010, Loss: 0.1141597, Validation MAE: 0.2136233, Test MAE: 0.2531020, Test MAE norm: 0.1796800
Epoch: 882, LR: 0.000010, Loss: 0.1141609, Validation MAE: 0.2141099, Test MAE: 0.2535953, Test MAE norm: 0.1800302
Epoch: 883, LR: 0.000010, Loss: 0.1141528, Validation MAE: 0.2139008, Test MAE: 0.2534257, Test MAE norm: 0.1799098
Epoch: 884, LR: 0.000010, Loss: 0.1141452, Validation MAE: 0.2137713, Test MAE: 0.2530614, Test MAE norm: 0.1796512
Epoch: 887, LR: 0.000010, Loss: 0.1141208, Validation MAE: 0.2137160, Test MAE: 0.2535461, Test MAE norm: 0.1799953
Epoch: 888, LR: 0.000010, Loss: 0.1141344, Validation MAE: 0.2135818, Test MAE: 0.2533315, Test MAE norm: 0.1798429
Epoch: 898, LR: 0.000010, Loss: 0.1141168, Validation MAE: 0.2139346, Test MAE: 0.2529858, Test MAE norm: 0.1795975
Epoch: 899, LR: 0.000010, Loss: 0.1140988, Validation MAE: 0.2138145, Test MAE: 0.2532021, Test MAE norm: 0.1797510
Epoch: 900, LR: 0.000010, Loss: 0.1140909, Validation MAE: 0.2135501, Test MAE: 0.2534432, Test MAE norm: 0.1799222
Epoch: 901, LR: 0.000010, Loss: 0.1141138, Validation MAE: 0.2133942, Test MAE: 0.2532451, Test MAE norm: 0.1797816
Epoch: 911, LR: 0.000010, Loss: 0.1141218, Validation MAE: 0.2136199, Test MAE: 0.2534228, Test MAE norm: 0.1799077
Epoch: 916, LR: 0.000010, Loss: 0.1140380, Validation MAE: 0.2135086, Test MAE: 0.2527274, Test MAE norm: 0.1794141
Epoch: 926, LR: 0.000010, Loss: 0.1139995, Validation MAE: 0.2136851, Test MAE: 0.2531371, Test MAE norm: 0.1797049
Epoch: 931, LR: 0.000010, Loss: 0.1139811, Validation MAE: 0.2136817, Test MAE: 0.2529042, Test MAE norm: 0.1795396
Epoch: 935, LR: 0.000010, Loss: 0.1139734, Validation MAE: 0.2133957, Test MAE: 0.2523935, Test MAE norm: 0.1791770
Epoch: 945, LR: 0.000010, Loss: 0.1139284, Validation MAE: 0.2147658, Test MAE: 0.2531453, Test MAE norm: 0.1797107
Epoch: 946, LR: 0.000010, Loss: 0.1139860, Validation MAE: 0.2139488, Test MAE: 0.2531537, Test MAE norm: 0.1797167
Epoch: 947, LR: 0.000010, Loss: 0.1139120, Validation MAE: 0.2131128, Test MAE: 0.2526217, Test MAE norm: 0.1793391
Epoch: 957, LR: 0.000010, Loss: 0.1138777, Validation MAE: 0.2140474, Test MAE: 0.2533649, Test MAE norm: 0.1798667
Epoch: 958, LR: 0.000010, Loss: 0.1139040, Validation MAE: 0.2138526, Test MAE: 0.2535626, Test MAE norm: 0.1800070
Epoch: 959, LR: 0.000010, Loss: 0.1138738, Validation MAE: 0.2138004, Test MAE: 0.2531449, Test MAE norm: 0.1797104
Epoch: 960, LR: 0.000010, Loss: 0.1138552, Validation MAE: 0.2136922, Test MAE: 0.2522795, Test MAE norm: 0.1790961
Epoch: 964, LR: 0.000010, Loss: 0.1138764, Validation MAE: 0.2132062, Test MAE: 0.2538587, Test MAE norm: 0.1802172
Epoch: 970, LR: 0.000010, Loss: 0.1138031, Validation MAE: 0.2131442, Test MAE: 0.2534308, Test MAE norm: 0.1799134
Epoch: 971, LR: 0.000010, Loss: 0.1138501, Validation MAE: 0.2128490, Test MAE: 0.2535166, Test MAE norm: 0.1799744
Epoch: 981, LR: 0.000010, Loss: 0.1137611, Validation MAE: 0.2132046, Test MAE: 0.2526633, Test MAE norm: 0.1793686
Epoch: 982, LR: 0.000010, Loss: 0.1137424, Validation MAE: 0.2129958, Test MAE: 0.2534612, Test MAE norm: 0.1799350
Epoch: 983, LR: 0.000010, Loss: 0.1137932, Validation MAE: 0.2129671, Test MAE: 0.2535756, Test MAE norm: 0.1800162
Epoch: 988, LR: 0.000010, Loss: 0.1137949, Validation MAE: 0.2129320, Test MAE: 0.2530434, Test MAE norm: 0.1796384
Epoch: 989, LR: 0.000010, Loss: 0.1137422, Validation MAE: 0.2126313, Test MAE: 0.2534624, Test MAE norm: 0.1799359
Epoch: 999, LR: 0.000010, Loss: 0.1137008, Validation MAE: 0.2124813, Test MAE: 0.2523304, Test MAE norm: 0.1791322
Epoch: 1004, LR: 0.000010, Loss: 0.1137786, Validation MAE: 0.2122506, Test MAE: 0.2537816, Test MAE norm: 0.1801625
Epoch: 1005, LR: 0.000010, Loss: 0.1137982, Validation MAE: 0.2120065, Test MAE: 0.2532515, Test MAE norm: 0.1797861
Epoch: 1015, LR: 0.000010, Loss: 0.1136451, Validation MAE: 0.2133817, Test MAE: 0.2522532, Test MAE norm: 0.1790774
Epoch: 1016, LR: 0.000010, Loss: 0.1136690, Validation MAE: 0.2133782, Test MAE: 0.2525603, Test MAE norm: 0.1792954
Epoch: 1018, LR: 0.000010, Loss: 0.1136292, Validation MAE: 0.2131201, Test MAE: 0.2530406, Test MAE norm: 0.1796364
Epoch: 1019, LR: 0.000010, Loss: 0.1136232, Validation MAE: 0.2126164, Test MAE: 0.2528310, Test MAE norm: 0.1794876
Epoch: 1024, LR: 0.000010, Loss: 0.1136057, Validation MAE: 0.2125662, Test MAE: 0.2526519, Test MAE norm: 0.1793605
Epoch: 1034, LR: 0.000010, Loss: 0.1135452, Validation MAE: 0.2128486, Test MAE: 0.2524375, Test MAE norm: 0.1792083
Epoch: 1036, LR: 0.000010, Loss: 0.1135727, Validation MAE: 0.2128432, Test MAE: 0.2527266, Test MAE norm: 0.1794135
Epoch: 1037, LR: 0.000010, Loss: 0.1135492, Validation MAE: 0.2126542, Test MAE: 0.2522633, Test MAE norm: 0.1790846
Epoch: 1041, LR: 0.000010, Loss: 0.1135179, Validation MAE: 0.2126337, Test MAE: 0.2524710, Test MAE norm: 0.1792321
Epoch: 1051, LR: 0.000010, Loss: 0.1135024, Validation MAE: 0.2131290, Test MAE: 0.2529283, Test MAE norm: 0.1795567
Epoch: 1052, LR: 0.000010, Loss: 0.1135124, Validation MAE: 0.2127300, Test MAE: 0.2527750, Test MAE norm: 0.1794479
Epoch: 1058, LR: 0.000010, Loss: 0.1135015, Validation MAE: 0.2125414, Test MAE: 0.2528481, Test MAE norm: 0.1794997
Epoch: 1062, LR: 0.000010, Loss: 0.1134988, Validation MAE: 0.2124366, Test MAE: 0.2531232, Test MAE norm: 0.1796950
Epoch: 1063, LR: 0.000010, Loss: 0.1134882, Validation MAE: 0.2120880, Test MAE: 0.2529777, Test MAE norm: 0.1795918
Epoch: 1073, LR: 0.000010, Loss: 0.1134355, Validation MAE: 0.2125951, Test MAE: 0.2515877, Test MAE norm: 0.1786050
Epoch: 1078, LR: 0.000010, Loss: 0.1134746, Validation MAE: 0.2121085, Test MAE: 0.2531914, Test MAE norm: 0.1797434
Epoch: 1083, LR: 0.000010, Loss: 0.1133993, Validation MAE: 0.2120478, Test MAE: 0.2527115, Test MAE norm: 0.1794028
Epoch: 1093, LR: 0.000010, Loss: 0.1133592, Validation MAE: 0.2124338, Test MAE: 0.2519263, Test MAE norm: 0.1788454
Epoch: 1101, LR: 0.000010, Loss: 0.1133547, Validation MAE: 0.2121194, Test MAE: 0.2529832, Test MAE norm: 0.1795956
Epoch: 1110, LR: 0.000010, Loss: 0.1133933, Validation MAE: 0.2121071, Test MAE: 0.2529532, Test MAE norm: 0.1795743
Epoch: 1113, LR: 0.000010, Loss: 0.1133139, Validation MAE: 0.2120956, Test MAE: 0.2527089, Test MAE norm: 0.1794009
Epoch: 1117, LR: 0.000010, Loss: 0.1133032, Validation MAE: 0.2120230, Test MAE: 0.2521839, Test MAE norm: 0.1790282
Epoch: 1125, LR: 0.000010, Loss: 0.1132680, Validation MAE: 0.2118394, Test MAE: 0.2532268, Test MAE norm: 0.1797686
Epoch: 1135, LR: 0.000010, Loss: 0.1132834, Validation MAE: 0.2126132, Test MAE: 0.2516175, Test MAE norm: 0.1786261
Epoch: 1136, LR: 0.000010, Loss: 0.1132500, Validation MAE: 0.2121175, Test MAE: 0.2524596, Test MAE norm: 0.1792240
Epoch: 1137, LR: 0.000010, Loss: 0.1131941, Validation MAE: 0.2118117, Test MAE: 0.2531732, Test MAE norm: 0.1797305
Epoch: 1138, LR: 0.000010, Loss: 0.1132362, Validation MAE: 0.2117228, Test MAE: 0.2531205, Test MAE norm: 0.1796931
Epoch: 1142, LR: 0.000010, Loss: 0.1132731, Validation MAE: 0.2115713, Test MAE: 0.2517495, Test MAE norm: 0.1787199
Epoch: 1143, LR: 0.000010, Loss: 0.1133061, Validation MAE: 0.2115083, Test MAE: 0.2527244, Test MAE norm: 0.1794119
Epoch: 1147, LR: 0.000010, Loss: 0.1131471, Validation MAE: 0.2114357, Test MAE: 0.2517986, Test MAE norm: 0.1787547
Epoch: 1151, LR: 0.000010, Loss: 0.1132208, Validation MAE: 0.2114283, Test MAE: 0.2531458, Test MAE norm: 0.1797111
Epoch: 1152, LR: 0.000010, Loss: 0.1132117, Validation MAE: 0.2112997, Test MAE: 0.2527709, Test MAE norm: 0.1794450
Epoch: 1162, LR: 0.000010, Loss: 0.1132319, Validation MAE: 0.2121678, Test MAE: 0.2520357, Test MAE norm: 0.1789231
Epoch: 1165, LR: 0.000010, Loss: 0.1131783, Validation MAE: 0.2118437, Test MAE: 0.2533526, Test MAE norm: 0.1798579
Epoch: 1166, LR: 0.000010, Loss: 0.1131451, Validation MAE: 0.2117375, Test MAE: 0.2523738, Test MAE norm: 0.1791631
Epoch: 1170, LR: 0.000010, Loss: 0.1131379, Validation MAE: 0.2115962, Test MAE: 0.2532359, Test MAE norm: 0.1797751
Epoch: 1180, LR: 0.000010, Loss: 0.1130860, Validation MAE: 0.2123906, Test MAE: 0.2521160, Test MAE norm: 0.1789800
Epoch: 1181, LR: 0.000010, Loss: 0.1131034, Validation MAE: 0.2121483, Test MAE: 0.2527179, Test MAE norm: 0.1794074
Epoch: 1182, LR: 0.000010, Loss: 0.1130327, Validation MAE: 0.2118143, Test MAE: 0.2532638, Test MAE norm: 0.1797948
Epoch: 1183, LR: 0.000010, Loss: 0.1130505, Validation MAE: 0.2115214, Test MAE: 0.2528225, Test MAE norm: 0.1794816
Epoch: 1193, LR: 0.000010, Loss: 0.1130163, Validation MAE: 0.2118388, Test MAE: 0.2527360, Test MAE norm: 0.1794202
Epoch: 1196, LR: 0.000010, Loss: 0.1129934, Validation MAE: 0.2117259, Test MAE: 0.2526859, Test MAE norm: 0.1793846
Epoch: 1203, LR: 0.000010, Loss: 0.1130590, Validation MAE: 0.2116188, Test MAE: 0.2529943, Test MAE norm: 0.1796036
Epoch: 1204, LR: 0.000010, Loss: 0.1129926, Validation MAE: 0.2115636, Test MAE: 0.2516558, Test MAE norm: 0.1786533
Epoch: 1208, LR: 0.000010, Loss: 0.1129602, Validation MAE: 0.2111699, Test MAE: 0.2532089, Test MAE norm: 0.1797559
Epoch: 1218, LR: 0.000010, Loss: 0.1129028, Validation MAE: 0.2112935, Test MAE: 0.2525567, Test MAE norm: 0.1792929
Epoch: 1228, LR: 0.000010, Loss: 0.1129564, Validation MAE: 0.2120971, Test MAE: 0.2519389, Test MAE norm: 0.1788543
Epoch: 1229, LR: 0.000010, Loss: 0.1129270, Validation MAE: 0.2117134, Test MAE: 0.2532221, Test MAE norm: 0.1797653
Epoch: 1230, LR: 0.000010, Loss: 0.1128914, Validation MAE: 0.2114599, Test MAE: 0.2534142, Test MAE norm: 0.1799017
Epoch: 1231, LR: 0.000010, Loss: 0.1128904, Validation MAE: 0.2113689, Test MAE: 0.2524616, Test MAE norm: 0.1792254
Epoch: 1234, LR: 0.000010, Loss: 0.1128798, Validation MAE: 0.2111550, Test MAE: 0.2527250, Test MAE norm: 0.1794124
Epoch: 1243, LR: 0.000010, Loss: 0.1128993, Validation MAE: 0.2110474, Test MAE: 0.2524138, Test MAE norm: 0.1791914
Epoch: 1246, LR: 0.000010, Loss: 0.1128757, Validation MAE: 0.2109430, Test MAE: 0.2522005, Test MAE norm: 0.1790400
Epoch: 1255, LR: 0.000010, Loss: 0.1128915, Validation MAE: 0.2109331, Test MAE: 0.2536470, Test MAE norm: 0.1800669
Epoch: 1256, LR: 0.000010, Loss: 0.1128380, Validation MAE: 0.2105569, Test MAE: 0.2523855, Test MAE norm: 0.1791714
Epoch: 1266, LR: 0.000010, Loss: 0.1128977, Validation MAE: 0.2115192, Test MAE: 0.2518421, Test MAE norm: 0.1787855
Epoch: 1269, LR: 0.000010, Loss: 0.1128270, Validation MAE: 0.2114779, Test MAE: 0.2537238, Test MAE norm: 0.1801214
Epoch: 1270, LR: 0.000010, Loss: 0.1128292, Validation MAE: 0.2110714, Test MAE: 0.2527191, Test MAE norm: 0.1794082
Epoch: 1274, LR: 0.000010, Loss: 0.1127255, Validation MAE: 0.2109465, Test MAE: 0.2523473, Test MAE norm: 0.1791442
Epoch: 1284, LR: 0.000010, Loss: 0.1126839, Validation MAE: 0.2113132, Test MAE: 0.2527729, Test MAE norm: 0.1794463
Epoch: 1285, LR: 0.000010, Loss: 0.1126711, Validation MAE: 0.2112755, Test MAE: 0.2526611, Test MAE norm: 0.1793670
Epoch: 1286, LR: 0.000010, Loss: 0.1126821, Validation MAE: 0.2111970, Test MAE: 0.2525977, Test MAE norm: 0.1793220
Epoch: 1289, LR: 0.000010, Loss: 0.1126989, Validation MAE: 0.2109532, Test MAE: 0.2523004, Test MAE norm: 0.1791109
Epoch: 1299, LR: 0.000010, Loss: 0.1126644, Validation MAE: 0.2113277, Test MAE: 0.2515743, Test MAE norm: 0.1785955
Epoch: 1302, LR: 0.000010, Loss: 0.1126423, Validation MAE: 0.2109900, Test MAE: 0.2534543, Test MAE norm: 0.1799301
Epoch: 1303, LR: 0.000010, Loss: 0.1126783, Validation MAE: 0.2108043, Test MAE: 0.2528297, Test MAE norm: 0.1794867
Epoch: 1307, LR: 0.000010, Loss: 0.1126310, Validation MAE: 0.2107715, Test MAE: 0.2527799, Test MAE norm: 0.1794514
Epoch: 1317, LR: 0.000010, Loss: 0.1126190, Validation MAE: 0.2116626, Test MAE: 0.2518829, Test MAE norm: 0.1788145
Epoch: 1318, LR: 0.000010, Loss: 0.1125987, Validation MAE: 0.2116127, Test MAE: 0.2525594, Test MAE norm: 0.1792948
Epoch: 1319, LR: 0.000010, Loss: 0.1126084, Validation MAE: 0.2109985, Test MAE: 0.2528959, Test MAE norm: 0.1795337
Epoch: 1320, LR: 0.000010, Loss: 0.1125572, Validation MAE: 0.2105775, Test MAE: 0.2526473, Test MAE norm: 0.1793572
Epoch: 1330, LR: 0.000010, Loss: 0.1124892, Validation MAE: 0.2112579, Test MAE: 0.2529359, Test MAE norm: 0.1795621
Epoch: 1331, LR: 0.000010, Loss: 0.1125475, Validation MAE: 0.2108928, Test MAE: 0.2525505, Test MAE norm: 0.1792885
Epoch: 1332, LR: 0.000010, Loss: 0.1124859, Validation MAE: 0.2107718, Test MAE: 0.2525845, Test MAE norm: 0.1793127
Epoch: 1335, LR: 0.000010, Loss: 0.1124628, Validation MAE: 0.2106523, Test MAE: 0.2520825, Test MAE norm: 0.1789562
Epoch: 1337, LR: 0.000010, Loss: 0.1124953, Validation MAE: 0.2106085, Test MAE: 0.2525683, Test MAE norm: 0.1793011
Epoch: 1347, LR: 0.000010, Loss: 0.1124624, Validation MAE: 0.2108517, Test MAE: 0.2527517, Test MAE norm: 0.1794313
Epoch: 1348, LR: 0.000010, Loss: 0.1123984, Validation MAE: 0.2108430, Test MAE: 0.2531445, Test MAE norm: 0.1797102
Epoch: 1349, LR: 0.000010, Loss: 0.1124205, Validation MAE: 0.2107427, Test MAE: 0.2521741, Test MAE norm: 0.1790213
Epoch: 1352, LR: 0.000010, Loss: 0.1124109, Validation MAE: 0.2100809, Test MAE: 0.2524948, Test MAE norm: 0.1792490
Epoch: 1362, LR: 0.000010, Loss: 0.1124635, Validation MAE: 0.2103228, Test MAE: 0.2527844, Test MAE norm: 0.1794545
Epoch: 1372, LR: 0.000010, Loss: 0.1123846, Validation MAE: 0.2107386, Test MAE: 0.2531354, Test MAE norm: 0.1797037
Epoch: 1373, LR: 0.000010, Loss: 0.1123354, Validation MAE: 0.2102033, Test MAE: 0.2535716, Test MAE norm: 0.1800134
Epoch: 1374, LR: 0.000010, Loss: 0.1124007, Validation MAE: 0.2100551, Test MAE: 0.2530157, Test MAE norm: 0.1796187
Epoch: 1384, LR: 0.000010, Loss: 0.1122782, Validation MAE: 0.2106757, Test MAE: 0.2530866, Test MAE norm: 0.1796691
Epoch: 1385, LR: 0.000010, Loss: 0.1123093, Validation MAE: 0.2104804, Test MAE: 0.2528583, Test MAE norm: 0.1795070
Epoch: 1386, LR: 0.000010, Loss: 0.1122584, Validation MAE: 0.2101477, Test MAE: 0.2519816, Test MAE norm: 0.1788847
Epoch: 1389, LR: 0.000010, Loss: 0.1122773, Validation MAE: 0.2099275, Test MAE: 0.2522978, Test MAE norm: 0.1791091
Epoch: 1399, LR: 0.000010, Loss: 0.1125411, Validation MAE: 0.2108273, Test MAE: 0.2528599, Test MAE norm: 0.1795081
Epoch: 1402, LR: 0.000010, Loss: 0.1123379, Validation MAE: 0.2102856, Test MAE: 0.2509519, Test MAE norm: 0.1781536
Epoch: 1407, LR: 0.000010, Loss: 0.1121982, Validation MAE: 0.2101464, Test MAE: 0.2508170, Test MAE norm: 0.1780579
Epoch: 1416, LR: 0.000010, Loss: 0.1122267, Validation MAE: 0.2100670, Test MAE: 0.2521355, Test MAE norm: 0.1789939
Epoch: 1420, LR: 0.000010, Loss: 0.1122360, Validation MAE: 0.2099261, Test MAE: 0.2525714, Test MAE norm: 0.1793033
Epoch: 1421, LR: 0.000010, Loss: 0.1122599, Validation MAE: 0.2098696, Test MAE: 0.2530140, Test MAE norm: 0.1796176
Epoch: 1424, LR: 0.000010, Loss: 0.1121762, Validation MAE: 0.2098607, Test MAE: 0.2515180, Test MAE norm: 0.1785555
Epoch: 1428, LR: 0.000010, Loss: 0.1121168, Validation MAE: 0.2098380, Test MAE: 0.2522419, Test MAE norm: 0.1790694
Epoch: 1438, LR: 0.000010, Loss: 0.1120886, Validation MAE: 0.2098349, Test MAE: 0.2525026, Test MAE norm: 0.1792545
Epoch: 1448, LR: 0.000010, Loss: 0.1122214, Validation MAE: 0.2103095, Test MAE: 0.2526178, Test MAE norm: 0.1793362
Epoch: 1449, LR: 0.000010, Loss: 0.1120340, Validation MAE: 0.2101033, Test MAE: 0.2517575, Test MAE norm: 0.1787255
Epoch: 1452, LR: 0.000010, Loss: 0.1120442, Validation MAE: 0.2097761, Test MAE: 0.2524798, Test MAE norm: 0.1792383
Epoch: 1461, LR: 0.000010, Loss: 0.1120703, Validation MAE: 0.2096791, Test MAE: 0.2520080, Test MAE norm: 0.1789033
Epoch: 1464, LR: 0.000010, Loss: 0.1120369, Validation MAE: 0.2096382, Test MAE: 0.2518014, Test MAE norm: 0.1787567
Epoch: 1468, LR: 0.000010, Loss: 0.1119863, Validation MAE: 0.2095670, Test MAE: 0.2509209, Test MAE norm: 0.1781316
Epoch: 1472, LR: 0.000010, Loss: 0.1119665, Validation MAE: 0.2095115, Test MAE: 0.2523611, Test MAE norm: 0.1791540
Epoch: 1473, LR: 0.000010, Loss: 0.1120647, Validation MAE: 0.2094769, Test MAE: 0.2521982, Test MAE norm: 0.1790384
Epoch: 1483, LR: 0.000010, Loss: 0.1119932, Validation MAE: 0.2096895, Test MAE: 0.2526949, Test MAE norm: 0.1793910
Epoch: 1484, LR: 0.000010, Loss: 0.1119170, Validation MAE: 0.2094681, Test MAE: 0.2513976, Test MAE norm: 0.1784700
Epoch: 1494, LR: 0.000010, Loss: 0.1119387, Validation MAE: 0.2097910, Test MAE: 0.2519102, Test MAE norm: 0.1788340
Epoch: 1497, LR: 0.000010, Loss: 0.1118615, Validation MAE: 0.2096299, Test MAE: 0.2520381, Test MAE norm: 0.1789247
Epoch: 1500, LR: 0.000010, Loss: 0.1118428, Validation MAE: 0.2094819, Test MAE: 0.2513543, Test MAE norm: 0.1784393
Epoch: 1504, LR: 0.000010, Loss: 0.1121039, Validation MAE: 0.2094452, Test MAE: 0.2524617, Test MAE norm: 0.1792254
Epoch: 1505, LR: 0.000010, Loss: 0.1120038, Validation MAE: 0.2092664, Test MAE: 0.2525407, Test MAE norm: 0.1792815
Epoch: 1509, LR: 0.000010, Loss: 0.1119421, Validation MAE: 0.2092183, Test MAE: 0.2510735, Test MAE norm: 0.1782400
Epoch: 1510, LR: 0.000010, Loss: 0.1121908, Validation MAE: 0.2091445, Test MAE: 0.2510035, Test MAE norm: 0.1781902
Epoch: 1514, LR: 0.000010, Loss: 0.1118767, Validation MAE: 0.2090815, Test MAE: 0.2517947, Test MAE norm: 0.1787519
Epoch: 1519, LR: 0.000010, Loss: 0.1118043, Validation MAE: 0.2089674, Test MAE: 0.2516060, Test MAE norm: 0.1786179
Epoch: 1529, LR: 0.000010, Loss: 0.1118135, Validation MAE: 0.2093872, Test MAE: 0.2517120, Test MAE norm: 0.1786932
Epoch: 1533, LR: 0.000010, Loss: 0.1117403, Validation MAE: 0.2092376, Test MAE: 0.2510334, Test MAE norm: 0.1782115
Epoch: 1543, LR: 0.000010, Loss: 0.1117134, Validation MAE: 0.2090953, Test MAE: 0.2512232, Test MAE norm: 0.1783462
Epoch: 1548, LR: 0.000010, Loss: 0.1117179, Validation MAE: 0.2088916, Test MAE: 0.2511487, Test MAE norm: 0.1782933
Epoch: 1558, LR: 0.000010, Loss: 0.1118257, Validation MAE: 0.2092029, Test MAE: 0.2517888, Test MAE norm: 0.1787477
Epoch: 1559, LR: 0.000010, Loss: 0.1117419, Validation MAE: 0.2090380, Test MAE: 0.2519780, Test MAE norm: 0.1788821
Epoch: 1567, LR: 0.000010, Loss: 0.1116128, Validation MAE: 0.2087057, Test MAE: 0.2521768, Test MAE norm: 0.1790232
Epoch: 1568, LR: 0.000010, Loss: 0.1116921, Validation MAE: 0.2086971, Test MAE: 0.2523245, Test MAE norm: 0.1791281
Epoch: 1571, LR: 0.000010, Loss: 0.1116620, Validation MAE: 0.2086524, Test MAE: 0.2511442, Test MAE norm: 0.1782902
Epoch: 1581, LR: 0.000010, Loss: 0.1115876, Validation MAE: 0.2089363, Test MAE: 0.2517855, Test MAE norm: 0.1787454
Epoch: 1584, LR: 0.000010, Loss: 0.1115504, Validation MAE: 0.2088798, Test MAE: 0.2514600, Test MAE norm: 0.1785143
Epoch: 1594, LR: 0.000010, Loss: 0.1114851, Validation MAE: 0.2091419, Test MAE: 0.2520885, Test MAE norm: 0.1789605
Epoch: 1596, LR: 0.000010, Loss: 0.1114664, Validation MAE: 0.2091190, Test MAE: 0.2514113, Test MAE norm: 0.1784798
Epoch: 1599, LR: 0.000010, Loss: 0.1114869, Validation MAE: 0.2090016, Test MAE: 0.2521554, Test MAE norm: 0.1790080
Epoch: 1609, LR: 0.000010, Loss: 0.1114944, Validation MAE: 0.2098333, Test MAE: 0.2531071, Test MAE norm: 0.1796836
Epoch: 1610, LR: 0.000010, Loss: 0.1115496, Validation MAE: 0.2095786, Test MAE: 0.2539529, Test MAE norm: 0.1802841
Epoch: 1611, LR: 0.000010, Loss: 0.1116196, Validation MAE: 0.2090476, Test MAE: 0.2527668, Test MAE norm: 0.1794421
Epoch: 1612, LR: 0.000010, Loss: 0.1114774, Validation MAE: 0.2089071, Test MAE: 0.2507336, Test MAE norm: 0.1779986
Epoch: 1615, LR: 0.000010, Loss: 0.1115428, Validation MAE: 0.2088145, Test MAE: 0.2520878, Test MAE norm: 0.1789600
Epoch: 1616, LR: 0.000010, Loss: 0.1114634, Validation MAE: 0.2087810, Test MAE: 0.2525935, Test MAE norm: 0.1793190
Epoch: 1626, LR: 0.000010, Loss: 0.1115023, Validation MAE: 0.2094789, Test MAE: 0.2526664, Test MAE norm: 0.1793708
Epoch: 1627, LR: 0.000010, Loss: 0.1115210, Validation MAE: 0.2089783, Test MAE: 0.2544264, Test MAE norm: 0.1806202
Epoch: 1628, LR: 0.000010, Loss: 0.1115986, Validation MAE: 0.2083858, Test MAE: 0.2540186, Test MAE norm: 0.1803307
Epoch: 1638, LR: 0.000010, Loss: 0.1113886, Validation MAE: 0.2092407, Test MAE: 0.2517720, Test MAE norm: 0.1787358
Epoch: 1639, LR: 0.000010, Loss: 0.1114888, Validation MAE: 0.2087438, Test MAE: 0.2520251, Test MAE norm: 0.1789155
Epoch: 1640, LR: 0.000010, Loss: 0.1113340, Validation MAE: 0.2080510, Test MAE: 0.2510202, Test MAE norm: 0.1782021
Epoch: 1650, LR: 0.000010, Loss: 0.1112820, Validation MAE: 0.2081968, Test MAE: 0.2509388, Test MAE norm: 0.1781443
Epoch: 1660, LR: 0.000010, Loss: 0.1113519, Validation MAE: 0.2082663, Test MAE: 0.2499026, Test MAE norm: 0.1774087
Epoch: 1666, LR: 0.000010, Loss: 0.1113129, Validation MAE: 0.2080506, Test MAE: 0.2506859, Test MAE norm: 0.1779648
Epoch: 1671, LR: 0.000010, Loss: 0.1112131, Validation MAE: 0.2078261, Test MAE: 0.2513423, Test MAE norm: 0.1784308
Epoch: 1681, LR: 0.000010, Loss: 0.1111500, Validation MAE: 0.2083827, Test MAE: 0.2509364, Test MAE norm: 0.1781426
Epoch: 1689, LR: 0.000010, Loss: 0.1110933, Validation MAE: 0.2082647, Test MAE: 0.2512643, Test MAE norm: 0.1783754
Epoch: 1693, LR: 0.000010, Loss: 0.1110786, Validation MAE: 0.2079687, Test MAE: 0.2509607, Test MAE norm: 0.1781598
Epoch: 1703, LR: 0.000010, Loss: 0.1111688, Validation MAE: 0.2084660, Test MAE: 0.2526304, Test MAE norm: 0.1793452
Epoch: 1704, LR: 0.000010, Loss: 0.1111283, Validation MAE: 0.2082826, Test MAE: 0.2524566, Test MAE norm: 0.1792218
Epoch: 1714, LR: 0.000010, Loss: 0.1111042, Validation MAE: 0.2089509, Test MAE: 0.2512460, Test MAE norm: 0.1783624
Epoch: 1715, LR: 0.000010, Loss: 0.1110267, Validation MAE: 0.2083443, Test MAE: 0.2522711, Test MAE norm: 0.1790901
Epoch: 1717, LR: 0.000010, Loss: 0.1111209, Validation MAE: 0.2082115, Test MAE: 0.2517798, Test MAE norm: 0.1787414
Epoch: 1720, LR: 0.000010, Loss: 0.1110803, Validation MAE: 0.2081471, Test MAE: 0.2515474, Test MAE norm: 0.1785764
Epoch: 1724, LR: 0.000010, Loss: 0.1110016, Validation MAE: 0.2081419, Test MAE: 0.2496576, Test MAE norm: 0.1772348
Epoch: 1728, LR: 0.000010, Loss: 0.1112126, Validation MAE: 0.2077762, Test MAE: 0.2541146, Test MAE norm: 0.1803989
Epoch: 1729, LR: 0.000010, Loss: 0.1112829, Validation MAE: 0.2077739, Test MAE: 0.2518176, Test MAE norm: 0.1787682
Epoch: 1733, LR: 0.000010, Loss: 0.1109603, Validation MAE: 0.2077733, Test MAE: 0.2517075, Test MAE norm: 0.1786900
Epoch: 1743, LR: 0.000010, Loss: 0.1109780, Validation MAE: 0.2077243, Test MAE: 0.2502834, Test MAE norm: 0.1776790
Epoch: 1748, LR: 0.000010, Loss: 0.1110726, Validation MAE: 0.2074046, Test MAE: 0.2535079, Test MAE norm: 0.1799682
Epoch: 1758, LR: 0.000010, Loss: 0.1109011, Validation MAE: 0.2081376, Test MAE: 0.2482906, Test MAE norm: 0.1762644
Epoch: 1759, LR: 0.000010, Loss: 0.1112113, Validation MAE: 0.2081229, Test MAE: 0.2497101, Test MAE norm: 0.1772721
Epoch: 1760, LR: 0.000010, Loss: 0.1109659, Validation MAE: 0.2077191, Test MAE: 0.2528099, Test MAE norm: 0.1794726
Epoch: 1761, LR: 0.000010, Loss: 0.1109013, Validation MAE: 0.2072291, Test MAE: 0.2538698, Test MAE norm: 0.1802251
Epoch: 1762, LR: 0.000010, Loss: 0.1111131, Validation MAE: 0.2070767, Test MAE: 0.2525460, Test MAE norm: 0.1792853
Epoch: 1772, LR: 0.000010, Loss: 0.1108732, Validation MAE: 0.2085509, Test MAE: 0.2512361, Test MAE norm: 0.1783553
Epoch: 1773, LR: 0.000010, Loss: 0.1109248, Validation MAE: 0.2081204, Test MAE: 0.2520735, Test MAE norm: 0.1789498
Epoch: 1774, LR: 0.000010, Loss: 0.1108297, Validation MAE: 0.2074182, Test MAE: 0.2515925, Test MAE norm: 0.1786084
Epoch: 1775, LR: 0.000010, Loss: 0.1109549, Validation MAE: 0.2072842, Test MAE: 0.2514136, Test MAE norm: 0.1784814
Epoch: 1780, LR: 0.000010, Loss: 0.1108195, Validation MAE: 0.2071841, Test MAE: 0.2507436, Test MAE norm: 0.1780058
Epoch: 1790, LR: 0.000010, Loss: 0.1107467, Validation MAE: 0.2083983, Test MAE: 0.2502391, Test MAE norm: 0.1776476
Epoch: 1791, LR: 0.000010, Loss: 0.1108828, Validation MAE: 0.2076981, Test MAE: 0.2508148, Test MAE norm: 0.1780563
Epoch: 1792, LR: 0.000010, Loss: 0.1107298, Validation MAE: 0.2074389, Test MAE: 0.2515679, Test MAE norm: 0.1785909
Epoch: 1796, LR: 0.000010, Loss: 0.1107458, Validation MAE: 0.2072289, Test MAE: 0.2494277, Test MAE norm: 0.1770716
Epoch: 1806, LR: 0.000010, Loss: 0.1107871, Validation MAE: 0.2073036, Test MAE: 0.2518238, Test MAE norm: 0.1787726
Epoch: 1809, LR: 0.000010, Loss: 0.1107000, Validation MAE: 0.2070351, Test MAE: 0.2509931, Test MAE norm: 0.1781829
Epoch: 1810, LR: 0.000010, Loss: 0.1106684, Validation MAE: 0.2069662, Test MAE: 0.2522453, Test MAE norm: 0.1790718
Epoch: 1820, LR: 0.000010, Loss: 0.1108381, Validation MAE: 0.2075536, Test MAE: 0.2493436, Test MAE norm: 0.1770119
Epoch: 1823, LR: 0.000010, Loss: 0.1107342, Validation MAE: 0.2074389, Test MAE: 0.2529998, Test MAE norm: 0.1796074
Epoch: 1824, LR: 0.000010, Loss: 0.1107597, Validation MAE: 0.2070274, Test MAE: 0.2512920, Test MAE norm: 0.1783950
Epoch: 1832, LR: 0.000010, Loss: 0.1106101, Validation MAE: 0.2069027, Test MAE: 0.2507676, Test MAE norm: 0.1780228
Epoch: 1833, LR: 0.000010, Loss: 0.1106350, Validation MAE: 0.2068866, Test MAE: 0.2522411, Test MAE norm: 0.1790688
Epoch: 1843, LR: 0.000010, Loss: 0.1105999, Validation MAE: 0.2078402, Test MAE: 0.2498365, Test MAE norm: 0.1773618
Epoch: 1844, LR: 0.000010, Loss: 0.1106985, Validation MAE: 0.2076456, Test MAE: 0.2498260, Test MAE norm: 0.1773544
Epoch: 1845, LR: 0.000010, Loss: 0.1105970, Validation MAE: 0.2066772, Test MAE: 0.2513863, Test MAE norm: 0.1784620
Epoch: 1846, LR: 0.000010, Loss: 0.1106680, Validation MAE: 0.2066768, Test MAE: 0.2533243, Test MAE norm: 0.1798378
Epoch: 1856, LR: 0.000010, Loss: 0.1104594, Validation MAE: 0.2073134, Test MAE: 0.2498559, Test MAE norm: 0.1773756
Epoch: 1857, LR: 0.000010, Loss: 0.1105120, Validation MAE: 0.2066954, Test MAE: 0.2504010, Test MAE norm: 0.1777626
Epoch: 1861, LR: 0.000010, Loss: 0.1104609, Validation MAE: 0.2066035, Test MAE: 0.2502232, Test MAE norm: 0.1776363
Epoch: 1871, LR: 0.000010, Loss: 0.1105054, Validation MAE: 0.2070358, Test MAE: 0.2519374, Test MAE norm: 0.1788533
Epoch: 1878, LR: 0.000010, Loss: 0.1103979, Validation MAE: 0.2068546, Test MAE: 0.2526660, Test MAE norm: 0.1793705
Epoch: 1879, LR: 0.000010, Loss: 0.1104484, Validation MAE: 0.2067382, Test MAE: 0.2513582, Test MAE norm: 0.1784420
Epoch: 1883, LR: 0.000010, Loss: 0.1103595, Validation MAE: 0.2064147, Test MAE: 0.2513932, Test MAE norm: 0.1784669
Epoch: 1890, LR: 0.000010, Loss: 0.1103849, Validation MAE: 0.2062492, Test MAE: 0.2523126, Test MAE norm: 0.1791196
Epoch: 1900, LR: 0.000010, Loss: 0.1103082, Validation MAE: 0.2075163, Test MAE: 0.2512930, Test MAE norm: 0.1783957
Epoch: 1901, LR: 0.000010, Loss: 0.1103272, Validation MAE: 0.2073107, Test MAE: 0.2515914, Test MAE norm: 0.1786076
Epoch: 1902, LR: 0.000010, Loss: 0.1102893, Validation MAE: 0.2069054, Test MAE: 0.2512264, Test MAE norm: 0.1783485
Epoch: 1905, LR: 0.000010, Loss: 0.1103312, Validation MAE: 0.2068342, Test MAE: 0.2518578, Test MAE norm: 0.1787967
Epoch: 1906, LR: 0.000010, Loss: 0.1102888, Validation MAE: 0.2067614, Test MAE: 0.2524394, Test MAE norm: 0.1792096
Epoch: 1910, LR: 0.000010, Loss: 0.1103325, Validation MAE: 0.2065717, Test MAE: 0.2512266, Test MAE norm: 0.1783486
Epoch: 1913, LR: 0.000010, Loss: 0.1103821, Validation MAE: 0.2064209, Test MAE: 0.2507095, Test MAE norm: 0.1779815
Epoch: 1921, LR: 0.000010, Loss: 0.1102352, Validation MAE: 0.2062613, Test MAE: 0.2513902, Test MAE norm: 0.1784648
Epoch: 1931, LR: 0.000010, Loss: 0.1101382, Validation MAE: 0.2070058, Test MAE: 0.2504172, Test MAE norm: 0.1777740
Epoch: 1932, LR: 0.000010, Loss: 0.1102315, Validation MAE: 0.2066278, Test MAE: 0.2505382, Test MAE norm: 0.1778599
Epoch: 1933, LR: 0.000010, Loss: 0.1101425, Validation MAE: 0.2061366, Test MAE: 0.2504411, Test MAE norm: 0.1777910
Epoch: 1943, LR: 0.000010, Loss: 0.1100796, Validation MAE: 0.2065871, Test MAE: 0.2510462, Test MAE norm: 0.1782205
Epoch: 1944, LR: 0.000010, Loss: 0.1100871, Validation MAE: 0.2064297, Test MAE: 0.2504542, Test MAE norm: 0.1778003
Epoch: 1947, LR: 0.000010, Loss: 0.1101563, Validation MAE: 0.2062594, Test MAE: 0.2514672, Test MAE norm: 0.1785194
Epoch: 1957, LR: 0.000010, Loss: 0.1101278, Validation MAE: 0.2073232, Test MAE: 0.2499413, Test MAE norm: 0.1774362
Epoch: 1959, LR: 0.000010, Loss: 0.1100798, Validation MAE: 0.2070104, Test MAE: 0.2518120, Test MAE norm: 0.1787642
Epoch: 1960, LR: 0.000010, Loss: 0.1100721, Validation MAE: 0.2066690, Test MAE: 0.2513863, Test MAE norm: 0.1784620
Epoch: 1961, LR: 0.000010, Loss: 0.1100455, Validation MAE: 0.2065136, Test MAE: 0.2498352, Test MAE norm: 0.1773608
Epoch: 1963, LR: 0.000010, Loss: 0.1101839, Validation MAE: 0.2064147, Test MAE: 0.2505918, Test MAE norm: 0.1778980
Epoch: 1964, LR: 0.000010, Loss: 0.1099985, Validation MAE: 0.2062910, Test MAE: 0.2518967, Test MAE norm: 0.1788243
Epoch: 1965, LR: 0.000010, Loss: 0.1100615, Validation MAE: 0.2062396, Test MAE: 0.2517582, Test MAE norm: 0.1787260
Epoch: 1968, LR: 0.000010, Loss: 0.1101463, Validation MAE: 0.2059719, Test MAE: 0.2502778, Test MAE norm: 0.1776751
Epoch: 1971, LR: 0.000010, Loss: 0.1101931, Validation MAE: 0.2059154, Test MAE: 0.2512310, Test MAE norm: 0.1783517
Epoch: 1975, LR: 0.000010, Loss: 0.1099670, Validation MAE: 0.2057736, Test MAE: 0.2508984, Test MAE norm: 0.1781157
Epoch: 1985, LR: 0.000010, Loss: 0.1101872, Validation MAE: 0.2067797, Test MAE: 0.2502875, Test MAE norm: 0.1776820
Epoch: 1987, LR: 0.000010, Loss: 0.1099903, Validation MAE: 0.2061611, Test MAE: 0.2515364, Test MAE norm: 0.1785686
Epoch: 1988, LR: 0.000010, Loss: 0.1100281, Validation MAE: 0.2060245, Test MAE: 0.2516795, Test MAE norm: 0.1786701
Epoch: 1991, LR: 0.000010, Loss: 0.1101118, Validation MAE: 0.2055233, Test MAE: 0.2494228, Test MAE norm: 0.1770681
Epoch: 1992, LR: 0.000010, Loss: 0.1101598, Validation MAE: 0.2055211, Test MAE: 0.2509612, Test MAE norm: 0.1781602
Epoch: 1996, LR: 0.000010, Loss: 0.1099984, Validation MAE: 0.2055164, Test MAE: 0.2493697, Test MAE norm: 0.1770304
Epoch: 1996, LR: 0.000010, Loss: 0.1099984, Validation MAE: 0.2055164, Test MAE: 0.2493697, Test MAE norm: 0.1770304