Command line input: python run_count.py --batch_size 256 --target 2 --model GNNAK --h 3 --seed 1 --epoch 2000 --dataset easy-1
Mean = 9.685, Std = 14.079
Using GNNAK model

Epoch: 001, LR: 0.001000, Loss: 0.5669026, Validation MAE: 7.9194188, Test MAE: 8.2550039, Test MAE norm: 0.5863426
Epoch: 002, LR: 0.001000, Loss: 0.5387562, Validation MAE: 7.1848645, Test MAE: 6.7786655, Test MAE norm: 0.4814801
Epoch: 003, LR: 0.001000, Loss: 0.4817332, Validation MAE: 6.8325114, Test MAE: 6.5743299, Test MAE norm: 0.4669664
Epoch: 004, LR: 0.001000, Loss: 0.4596093, Validation MAE: 6.5008397, Test MAE: 6.3336406, Test MAE norm: 0.4498706
Epoch: 006, LR: 0.001000, Loss: 0.4400134, Validation MAE: 5.8968315, Test MAE: 5.8311095, Test MAE norm: 0.4141764
Epoch: 007, LR: 0.001000, Loss: 0.4045326, Validation MAE: 5.8316774, Test MAE: 5.9519777, Test MAE norm: 0.4227615
Epoch: 009, LR: 0.001000, Loss: 0.4400635, Validation MAE: 5.5494428, Test MAE: 5.5959415, Test MAE norm: 0.3974727
Epoch: 010, LR: 0.001000, Loss: 0.3884614, Validation MAE: 5.3496809, Test MAE: 5.3239722, Test MAE norm: 0.3781551
Epoch: 011, LR: 0.001000, Loss: 0.3756224, Validation MAE: 5.1614275, Test MAE: 5.3737578, Test MAE norm: 0.3816913
Epoch: 012, LR: 0.001000, Loss: 0.3700670, Validation MAE: 5.0431447, Test MAE: 5.1615162, Test MAE norm: 0.3666160
Epoch: 014, LR: 0.001000, Loss: 0.3644563, Validation MAE: 4.7041984, Test MAE: 4.8577347, Test MAE norm: 0.3450388
Epoch: 017, LR: 0.001000, Loss: 0.3605556, Validation MAE: 4.6386442, Test MAE: 5.2536969, Test MAE norm: 0.3731635
Epoch: 020, LR: 0.001000, Loss: 0.3305766, Validation MAE: 4.5155253, Test MAE: 4.9216809, Test MAE norm: 0.3495808
Epoch: 021, LR: 0.001000, Loss: 0.3246270, Validation MAE: 4.4661345, Test MAE: 4.8949914, Test MAE norm: 0.3476851
Epoch: 031, LR: 0.001000, Loss: 0.3367831, Validation MAE: 4.5303698, Test MAE: 4.8042865, Test MAE norm: 0.3412424
Epoch: 035, LR: 0.000900, Loss: 0.3275766, Validation MAE: 4.4257684, Test MAE: 4.9332757, Test MAE norm: 0.3504044
Epoch: 036, LR: 0.000900, Loss: 0.3218482, Validation MAE: 4.3878846, Test MAE: 4.8919926, Test MAE norm: 0.3474721
Epoch: 042, LR: 0.000900, Loss: 0.3128806, Validation MAE: 4.3526206, Test MAE: 4.7090216, Test MAE norm: 0.3344759
Epoch: 046, LR: 0.000900, Loss: 0.3062294, Validation MAE: 4.2700038, Test MAE: 4.7539372, Test MAE norm: 0.3376662
Epoch: 050, LR: 0.000900, Loss: 0.3014030, Validation MAE: 4.2561722, Test MAE: 4.8565807, Test MAE norm: 0.3449568
Epoch: 051, LR: 0.000900, Loss: 0.3018275, Validation MAE: 4.2325478, Test MAE: 4.7940483, Test MAE norm: 0.3405152
Epoch: 056, LR: 0.000900, Loss: 0.2984918, Validation MAE: 4.2068281, Test MAE: 4.7522073, Test MAE norm: 0.3375433
Epoch: 059, LR: 0.000900, Loss: 0.2963954, Validation MAE: 4.1994710, Test MAE: 4.6505246, Test MAE norm: 0.3303209
Epoch: 060, LR: 0.000900, Loss: 0.2968507, Validation MAE: 4.1663647, Test MAE: 4.6914344, Test MAE norm: 0.3332267
Epoch: 065, LR: 0.000900, Loss: 0.2912738, Validation MAE: 4.1454911, Test MAE: 4.7036095, Test MAE norm: 0.3340915
Epoch: 067, LR: 0.000900, Loss: 0.2898732, Validation MAE: 4.1331258, Test MAE: 4.7306919, Test MAE norm: 0.3360151
Epoch: 068, LR: 0.000900, Loss: 0.2885295, Validation MAE: 4.0840697, Test MAE: 4.7768688, Test MAE norm: 0.3392950
Epoch: 078, LR: 0.000900, Loss: 0.2940021, Validation MAE: 4.2995410, Test MAE: 4.8905735, Test MAE norm: 0.3473713
Epoch: 081, LR: 0.000810, Loss: 0.2933780, Validation MAE: 4.1853151, Test MAE: 4.8000288, Test MAE norm: 0.3409400
Epoch: 082, LR: 0.000810, Loss: 0.3028584, Validation MAE: 4.1498656, Test MAE: 4.6979713, Test MAE norm: 0.3336910
Epoch: 086, LR: 0.000810, Loss: 0.2913185, Validation MAE: 4.1129913, Test MAE: 4.7003465, Test MAE norm: 0.3338597
Epoch: 089, LR: 0.000810, Loss: 0.2876659, Validation MAE: 4.0532451, Test MAE: 4.7615151, Test MAE norm: 0.3382044
Epoch: 090, LR: 0.000810, Loss: 0.2869831, Validation MAE: 4.0327296, Test MAE: 4.7333393, Test MAE norm: 0.3362032
Epoch: 095, LR: 0.000810, Loss: 0.2825194, Validation MAE: 4.0318856, Test MAE: 4.6935706, Test MAE norm: 0.3333784
Epoch: 098, LR: 0.000810, Loss: 0.2822747, Validation MAE: 4.0078468, Test MAE: 4.6794648, Test MAE norm: 0.3323765
Epoch: 100, LR: 0.000810, Loss: 0.2780329, Validation MAE: 3.9904442, Test MAE: 4.6333036, Test MAE norm: 0.3290977
Epoch: 110, LR: 0.000810, Loss: 0.2814754, Validation MAE: 4.5890918, Test MAE: 5.0910783, Test MAE norm: 0.3616129
Epoch: 111, LR: 0.000810, Loss: 0.2916985, Validation MAE: 4.1072702, Test MAE: 4.6741505, Test MAE norm: 0.3319990
Epoch: 112, LR: 0.000729, Loss: 0.2910471, Validation MAE: 4.0644469, Test MAE: 4.6543446, Test MAE norm: 0.3305922
Epoch: 114, LR: 0.000729, Loss: 0.2889588, Validation MAE: 4.0558271, Test MAE: 4.6823158, Test MAE norm: 0.3325790
Epoch: 115, LR: 0.000729, Loss: 0.2760628, Validation MAE: 3.9592021, Test MAE: 4.6168513, Test MAE norm: 0.3279292
Epoch: 118, LR: 0.000729, Loss: 0.2811483, Validation MAE: 3.9551086, Test MAE: 4.6917076, Test MAE norm: 0.3332461
Epoch: 121, LR: 0.000729, Loss: 0.2761019, Validation MAE: 3.8966362, Test MAE: 4.6063848, Test MAE norm: 0.3271857
Epoch: 124, LR: 0.000729, Loss: 0.2712943, Validation MAE: 3.8665984, Test MAE: 4.6765790, Test MAE norm: 0.3321715
Epoch: 129, LR: 0.000729, Loss: 0.2682616, Validation MAE: 3.8340898, Test MAE: 4.6002140, Test MAE norm: 0.3267474
Epoch: 134, LR: 0.000729, Loss: 0.2800151, Validation MAE: 3.7804379, Test MAE: 4.5907087, Test MAE norm: 0.3260723
Epoch: 144, LR: 0.000729, Loss: 0.2684599, Validation MAE: 3.9276562, Test MAE: 4.6773105, Test MAE norm: 0.3322235
Epoch: 146, LR: 0.000656, Loss: 0.2753722, Validation MAE: 3.8918967, Test MAE: 4.5192432, Test MAE norm: 0.3209962
Epoch: 152, LR: 0.000656, Loss: 0.2723223, Validation MAE: 3.8158073, Test MAE: 4.5670805, Test MAE norm: 0.3243940
Epoch: 154, LR: 0.000656, Loss: 0.2750980, Validation MAE: 3.7729328, Test MAE: 4.5013804, Test MAE norm: 0.3197274
Epoch: 157, LR: 0.000656, Loss: 0.2693201, Validation MAE: 3.7303092, Test MAE: 4.5177116, Test MAE norm: 0.3208874
Epoch: 167, LR: 0.000656, Loss: 0.2647259, Validation MAE: 3.7934196, Test MAE: 4.5166693, Test MAE norm: 0.3208134
Epoch: 173, LR: 0.000590, Loss: 0.2687861, Validation MAE: 3.7813370, Test MAE: 4.4601607, Test MAE norm: 0.3167996
Epoch: 180, LR: 0.000531, Loss: 0.2612856, Validation MAE: 3.7331140, Test MAE: 4.4976568, Test MAE norm: 0.3194629
Epoch: 190, LR: 0.000531, Loss: 0.2593750, Validation MAE: 3.7625134, Test MAE: 4.4963269, Test MAE norm: 0.3193685
Epoch: 193, LR: 0.000478, Loss: 0.2602426, Validation MAE: 3.7468777, Test MAE: 4.5063815, Test MAE norm: 0.3200826
Epoch: 203, LR: 0.000430, Loss: 0.2573894, Validation MAE: 3.8020768, Test MAE: 4.4966631, Test MAE norm: 0.3193924
Epoch: 208, LR: 0.000430, Loss: 0.2576585, Validation MAE: 3.7787168, Test MAE: 4.4916821, Test MAE norm: 0.3190385
Epoch: 215, LR: 0.000387, Loss: 0.2575305, Validation MAE: 3.7761421, Test MAE: 4.5565104, Test MAE norm: 0.3236432
Epoch: 225, LR: 0.000349, Loss: 0.2568943, Validation MAE: 3.8423522, Test MAE: 4.5066266, Test MAE norm: 0.3201000
Epoch: 226, LR: 0.000349, Loss: 0.2565111, Validation MAE: 3.8279386, Test MAE: 4.5103726, Test MAE norm: 0.3203661
Epoch: 231, LR: 0.000349, Loss: 0.2560671, Validation MAE: 3.8193712, Test MAE: 4.5137057, Test MAE norm: 0.3206029
Epoch: 234, LR: 0.000349, Loss: 0.2566884, Validation MAE: 3.7970738, Test MAE: 4.4920983, Test MAE norm: 0.3190681
Epoch: 237, LR: 0.000314, Loss: 0.2567776, Validation MAE: 3.7897916, Test MAE: 4.4802499, Test MAE norm: 0.3182265
Epoch: 244, LR: 0.000314, Loss: 0.2560020, Validation MAE: 3.7827132, Test MAE: 4.4898038, Test MAE norm: 0.3189051
Epoch: 254, LR: 0.000282, Loss: 0.2563322, Validation MAE: 3.8347619, Test MAE: 4.4840727, Test MAE norm: 0.3184981
Epoch: 255, LR: 0.000282, Loss: 0.2557670, Validation MAE: 3.7959111, Test MAE: 4.4737244, Test MAE norm: 0.3177630
Epoch: 259, LR: 0.000254, Loss: 0.2554196, Validation MAE: 3.7929845, Test MAE: 4.4492755, Test MAE norm: 0.3160264
Epoch: 269, LR: 0.000229, Loss: 0.2551371, Validation MAE: 3.8206279, Test MAE: 4.4722409, Test MAE norm: 0.3176577
Epoch: 270, LR: 0.000229, Loss: 0.2553297, Validation MAE: 3.8159664, Test MAE: 4.4748545, Test MAE norm: 0.3178433
Epoch: 273, LR: 0.000229, Loss: 0.2553506, Validation MAE: 3.8018305, Test MAE: 4.4705782, Test MAE norm: 0.3175396
Epoch: 274, LR: 0.000229, Loss: 0.2555214, Validation MAE: 3.7926316, Test MAE: 4.4736772, Test MAE norm: 0.3177597
Epoch: 282, LR: 0.000206, Loss: 0.2551125, Validation MAE: 3.7849827, Test MAE: 4.4717298, Test MAE norm: 0.3176214
Epoch: 292, LR: 0.000185, Loss: 0.2555691, Validation MAE: 3.8055279, Test MAE: 4.4486728, Test MAE norm: 0.3159837
Epoch: 293, LR: 0.000185, Loss: 0.2548989, Validation MAE: 3.7931192, Test MAE: 4.4696121, Test MAE norm: 0.3174709
Epoch: 297, LR: 0.000185, Loss: 0.2546828, Validation MAE: 3.7831554, Test MAE: 4.4820886, Test MAE norm: 0.3183571
Epoch: 307, LR: 0.000167, Loss: 0.2540132, Validation MAE: 3.8728149, Test MAE: 4.4770823, Test MAE norm: 0.3180015
Epoch: 308, LR: 0.000167, Loss: 0.2547802, Validation MAE: 3.8367691, Test MAE: 4.4630647, Test MAE norm: 0.3170059
Epoch: 309, LR: 0.000167, Loss: 0.2542101, Validation MAE: 3.7939446, Test MAE: 4.4549127, Test MAE norm: 0.3164269
Epoch: 313, LR: 0.000150, Loss: 0.2540523, Validation MAE: 3.7929552, Test MAE: 4.4717426, Test MAE norm: 0.3176223
Epoch: 317, LR: 0.000150, Loss: 0.2542906, Validation MAE: 3.7865314, Test MAE: 4.4413633, Test MAE norm: 0.3154645
Epoch: 322, LR: 0.000150, Loss: 0.2540245, Validation MAE: 3.7757273, Test MAE: 4.4652781, Test MAE norm: 0.3171631
Epoch: 332, LR: 0.000135, Loss: 0.2541438, Validation MAE: 3.8256335, Test MAE: 4.4576511, Test MAE norm: 0.3166214
Epoch: 334, LR: 0.000122, Loss: 0.2540677, Validation MAE: 3.8146236, Test MAE: 4.4486442, Test MAE norm: 0.3159816
Epoch: 335, LR: 0.000122, Loss: 0.2535961, Validation MAE: 3.8028531, Test MAE: 4.4495411, Test MAE norm: 0.3160453
Epoch: 339, LR: 0.000122, Loss: 0.2535742, Validation MAE: 3.7974062, Test MAE: 4.4593892, Test MAE norm: 0.3167448
Epoch: 349, LR: 0.000109, Loss: 0.2531268, Validation MAE: 3.8224740, Test MAE: 4.4486880, Test MAE norm: 0.3159847
Epoch: 350, LR: 0.000109, Loss: 0.2530468, Validation MAE: 3.8111424, Test MAE: 4.4443793, Test MAE norm: 0.3156787
Epoch: 353, LR: 0.000109, Loss: 0.2530119, Validation MAE: 3.8108814, Test MAE: 4.4544230, Test MAE norm: 0.3163921
Epoch: 354, LR: 0.000109, Loss: 0.2530901, Validation MAE: 3.8105733, Test MAE: 4.4499683, Test MAE norm: 0.3160757
Epoch: 357, LR: 0.000098, Loss: 0.2530499, Validation MAE: 3.8058434, Test MAE: 4.4486208, Test MAE norm: 0.3159800
Epoch: 361, LR: 0.000098, Loss: 0.2529537, Validation MAE: 3.8042800, Test MAE: 4.4603930, Test MAE norm: 0.3168161
Epoch: 362, LR: 0.000098, Loss: 0.2529447, Validation MAE: 3.7975421, Test MAE: 4.4517255, Test MAE norm: 0.3162005
Epoch: 372, LR: 0.000089, Loss: 0.2528246, Validation MAE: 3.8057721, Test MAE: 4.4653254, Test MAE norm: 0.3171664
Epoch: 373, LR: 0.000089, Loss: 0.2527350, Validation MAE: 3.7898479, Test MAE: 4.4661913, Test MAE norm: 0.3172280
Epoch: 383, LR: 0.000080, Loss: 0.2528651, Validation MAE: 3.8342545, Test MAE: 4.4537487, Test MAE norm: 0.3163442
Epoch: 384, LR: 0.000080, Loss: 0.2526841, Validation MAE: 3.8069339, Test MAE: 4.4598012, Test MAE norm: 0.3167741
Epoch: 385, LR: 0.000080, Loss: 0.2527625, Validation MAE: 3.7974615, Test MAE: 4.4593225, Test MAE norm: 0.3167401
Epoch: 395, LR: 0.000072, Loss: 0.2526650, Validation MAE: 3.8293438, Test MAE: 4.4620118, Test MAE norm: 0.3169311
Epoch: 397, LR: 0.000072, Loss: 0.2526807, Validation MAE: 3.8108511, Test MAE: 4.4556456, Test MAE norm: 0.3164789
Epoch: 398, LR: 0.000072, Loss: 0.2524613, Validation MAE: 3.7974641, Test MAE: 4.4591160, Test MAE norm: 0.3167254
Epoch: 408, LR: 0.000065, Loss: 0.2522720, Validation MAE: 3.8170362, Test MAE: 4.4590988, Test MAE norm: 0.3167242
Epoch: 410, LR: 0.000065, Loss: 0.2524076, Validation MAE: 3.8152530, Test MAE: 4.4568563, Test MAE norm: 0.3165649
Epoch: 411, LR: 0.000058, Loss: 0.2522213, Validation MAE: 3.8129261, Test MAE: 4.4521399, Test MAE norm: 0.3162299
Epoch: 412, LR: 0.000058, Loss: 0.2522779, Validation MAE: 3.8114331, Test MAE: 4.4528027, Test MAE norm: 0.3162770
Epoch: 417, LR: 0.000058, Loss: 0.2521561, Validation MAE: 3.8106787, Test MAE: 4.4591684, Test MAE norm: 0.3167291
Epoch: 425, LR: 0.000052, Loss: 0.2520575, Validation MAE: 3.8040142, Test MAE: 4.4628682, Test MAE norm: 0.3169919
Epoch: 435, LR: 0.000047, Loss: 0.2520116, Validation MAE: 3.8101714, Test MAE: 4.4595599, Test MAE norm: 0.3167570
Epoch: 443, LR: 0.000047, Loss: 0.2519237, Validation MAE: 3.8101597, Test MAE: 4.4592838, Test MAE norm: 0.3167374
Epoch: 444, LR: 0.000042, Loss: 0.2519343, Validation MAE: 3.8075500, Test MAE: 4.4569101, Test MAE norm: 0.3165687
Epoch: 454, LR: 0.000042, Loss: 0.2518265, Validation MAE: 3.8156838, Test MAE: 4.4570532, Test MAE norm: 0.3165789
Epoch: 455, LR: 0.000038, Loss: 0.2518304, Validation MAE: 3.8140168, Test MAE: 4.4588628, Test MAE norm: 0.3167074
Epoch: 456, LR: 0.000038, Loss: 0.2518823, Validation MAE: 3.8132923, Test MAE: 4.4563437, Test MAE norm: 0.3165285
Epoch: 460, LR: 0.000038, Loss: 0.2517861, Validation MAE: 3.8108478, Test MAE: 4.4582396, Test MAE norm: 0.3166632
Epoch: 461, LR: 0.000038, Loss: 0.2517413, Validation MAE: 3.8098602, Test MAE: 4.4579630, Test MAE norm: 0.3166435
Epoch: 468, LR: 0.000034, Loss: 0.2517195, Validation MAE: 3.8070905, Test MAE: 4.4601083, Test MAE norm: 0.3167959
Epoch: 478, LR: 0.000031, Loss: 0.2516880, Validation MAE: 3.8143878, Test MAE: 4.4570518, Test MAE norm: 0.3165788
Epoch: 479, LR: 0.000031, Loss: 0.2516907, Validation MAE: 3.8101811, Test MAE: 4.4559999, Test MAE norm: 0.3165041
Epoch: 480, LR: 0.000031, Loss: 0.2516848, Validation MAE: 3.8066344, Test MAE: 4.4557538, Test MAE norm: 0.3164866
Epoch: 490, LR: 0.000028, Loss: 0.2516118, Validation MAE: 3.8115544, Test MAE: 4.4586711, Test MAE norm: 0.3166938
Epoch: 491, LR: 0.000028, Loss: 0.2516246, Validation MAE: 3.8113728, Test MAE: 4.4573722, Test MAE norm: 0.3166015
Epoch: 494, LR: 0.000028, Loss: 0.2515614, Validation MAE: 3.8096063, Test MAE: 4.4584355, Test MAE norm: 0.3166771
Epoch: 495, LR: 0.000028, Loss: 0.2516179, Validation MAE: 3.8046830, Test MAE: 4.4591708, Test MAE norm: 0.3167293
Epoch: 505, LR: 0.000025, Loss: 0.2515668, Validation MAE: 3.8141863, Test MAE: 4.4553943, Test MAE norm: 0.3164611
Epoch: 506, LR: 0.000025, Loss: 0.2515320, Validation MAE: 3.8105373, Test MAE: 4.4575891, Test MAE norm: 0.3166170
Epoch: 508, LR: 0.000025, Loss: 0.2515475, Validation MAE: 3.8088884, Test MAE: 4.4572973, Test MAE norm: 0.3165962
Epoch: 509, LR: 0.000025, Loss: 0.2515586, Validation MAE: 3.8045247, Test MAE: 4.4589138, Test MAE norm: 0.3167111
Epoch: 519, LR: 0.000023, Loss: 0.2515023, Validation MAE: 3.8077128, Test MAE: 4.4561977, Test MAE norm: 0.3165181
Epoch: 529, LR: 0.000020, Loss: 0.2514697, Validation MAE: 3.8118522, Test MAE: 4.4538198, Test MAE norm: 0.3163492
Epoch: 530, LR: 0.000020, Loss: 0.2514314, Validation MAE: 3.8116097, Test MAE: 4.4554849, Test MAE norm: 0.3164675
Epoch: 531, LR: 0.000020, Loss: 0.2514555, Validation MAE: 3.8104203, Test MAE: 4.4558220, Test MAE norm: 0.3164915
Epoch: 536, LR: 0.000018, Loss: 0.2514395, Validation MAE: 3.8094723, Test MAE: 4.4542532, Test MAE norm: 0.3163800
Epoch: 537, LR: 0.000018, Loss: 0.2514198, Validation MAE: 3.8087785, Test MAE: 4.4532313, Test MAE norm: 0.3163074
Epoch: 547, LR: 0.000016, Loss: 0.2513941, Validation MAE: 3.8160112, Test MAE: 4.4555840, Test MAE norm: 0.3164746
Epoch: 548, LR: 0.000016, Loss: 0.2513933, Validation MAE: 3.8109913, Test MAE: 4.4560857, Test MAE norm: 0.3165102
Epoch: 549, LR: 0.000016, Loss: 0.2513971, Validation MAE: 3.8068941, Test MAE: 4.4571037, Test MAE norm: 0.3165825
Epoch: 550, LR: 0.000016, Loss: 0.2513683, Validation MAE: 3.8044231, Test MAE: 4.4590311, Test MAE norm: 0.3167194
Epoch: 560, LR: 0.000015, Loss: 0.2513782, Validation MAE: 3.8098831, Test MAE: 4.4549141, Test MAE norm: 0.3164270
Epoch: 561, LR: 0.000015, Loss: 0.2513502, Validation MAE: 3.8093970, Test MAE: 4.4562716, Test MAE norm: 0.3165234
Epoch: 571, LR: 0.000013, Loss: 0.2512874, Validation MAE: 3.8110311, Test MAE: 4.4571371, Test MAE norm: 0.3165849
Epoch: 575, LR: 0.000013, Loss: 0.2513115, Validation MAE: 3.8099730, Test MAE: 4.4540153, Test MAE norm: 0.3163631
Epoch: 576, LR: 0.000012, Loss: 0.2513358, Validation MAE: 3.8092182, Test MAE: 4.4547586, Test MAE norm: 0.3164159
Epoch: 586, LR: 0.000012, Loss: 0.2513064, Validation MAE: 3.8108017, Test MAE: 4.4570117, Test MAE norm: 0.3165759
Epoch: 587, LR: 0.000011, Loss: 0.2512786, Validation MAE: 3.8097553, Test MAE: 4.4557881, Test MAE norm: 0.3164890
Epoch: 597, LR: 0.000011, Loss: 0.2512875, Validation MAE: 3.8091438, Test MAE: 4.4550138, Test MAE norm: 0.3164341
Epoch: 605, LR: 0.000010, Loss: 0.2512658, Validation MAE: 3.8089693, Test MAE: 4.4545455, Test MAE norm: 0.3164008
Epoch: 615, LR: 0.000010, Loss: 0.2512083, Validation MAE: 3.8121703, Test MAE: 4.4546876, Test MAE norm: 0.3164109
Epoch: 616, LR: 0.000010, Loss: 0.2512149, Validation MAE: 3.8114552, Test MAE: 4.4547868, Test MAE norm: 0.3164179
Epoch: 621, LR: 0.000010, Loss: 0.2512163, Validation MAE: 3.8108544, Test MAE: 4.4545107, Test MAE norm: 0.3163983
Epoch: 622, LR: 0.000010, Loss: 0.2512066, Validation MAE: 3.8101132, Test MAE: 4.4558468, Test MAE norm: 0.3164932
Epoch: 632, LR: 0.000010, Loss: 0.2511766, Validation MAE: 3.8091228, Test MAE: 4.4561987, Test MAE norm: 0.3165182
Epoch: 633, LR: 0.000010, Loss: 0.2512233, Validation MAE: 3.8085451, Test MAE: 4.4567542, Test MAE norm: 0.3165577
Epoch: 635, LR: 0.000010, Loss: 0.2511919, Validation MAE: 3.8084309, Test MAE: 4.4561014, Test MAE norm: 0.3165113
Epoch: 641, LR: 0.000010, Loss: 0.2511953, Validation MAE: 3.8076506, Test MAE: 4.4558754, Test MAE norm: 0.3164952
Epoch: 642, LR: 0.000010, Loss: 0.2512552, Validation MAE: 3.8065920, Test MAE: 4.4559832, Test MAE norm: 0.3165029
Epoch: 652, LR: 0.000010, Loss: 0.2511698, Validation MAE: 3.8132055, Test MAE: 4.4534516, Test MAE norm: 0.3163231
Epoch: 653, LR: 0.000010, Loss: 0.2511787, Validation MAE: 3.8128097, Test MAE: 4.4535208, Test MAE norm: 0.3163280
Epoch: 654, LR: 0.000010, Loss: 0.2511581, Validation MAE: 3.8113039, Test MAE: 4.4540596, Test MAE norm: 0.3163663
Epoch: 655, LR: 0.000010, Loss: 0.2511839, Validation MAE: 3.8110974, Test MAE: 4.4558988, Test MAE norm: 0.3164969
Epoch: 660, LR: 0.000010, Loss: 0.2511626, Validation MAE: 3.8086650, Test MAE: 4.4560885, Test MAE norm: 0.3165104
Epoch: 661, LR: 0.000010, Loss: 0.2511274, Validation MAE: 3.8081625, Test MAE: 4.4550500, Test MAE norm: 0.3164366
Epoch: 671, LR: 0.000010, Loss: 0.2511211, Validation MAE: 3.8121138, Test MAE: 4.4549193, Test MAE norm: 0.3164273
Epoch: 680, LR: 0.000010, Loss: 0.2510899, Validation MAE: 3.8108819, Test MAE: 4.4559402, Test MAE norm: 0.3164999
Epoch: 681, LR: 0.000010, Loss: 0.2511076, Validation MAE: 3.8086598, Test MAE: 4.4559078, Test MAE norm: 0.3164975
Epoch: 682, LR: 0.000010, Loss: 0.2511191, Validation MAE: 3.8086317, Test MAE: 4.4557929, Test MAE norm: 0.3164894
Epoch: 692, LR: 0.000010, Loss: 0.2510873, Validation MAE: 3.8105588, Test MAE: 4.4556227, Test MAE norm: 0.3164773
Epoch: 693, LR: 0.000010, Loss: 0.2510619, Validation MAE: 3.8066847, Test MAE: 4.4545541, Test MAE norm: 0.3164014
Epoch: 703, LR: 0.000010, Loss: 0.2510844, Validation MAE: 3.8141339, Test MAE: 4.4568191, Test MAE norm: 0.3165623
Epoch: 704, LR: 0.000010, Loss: 0.2510762, Validation MAE: 3.8135026, Test MAE: 4.4557261, Test MAE norm: 0.3164846
Epoch: 705, LR: 0.000010, Loss: 0.2510865, Validation MAE: 3.8116798, Test MAE: 4.4560151, Test MAE norm: 0.3165052
Epoch: 706, LR: 0.000010, Loss: 0.2510924, Validation MAE: 3.8103020, Test MAE: 4.4542379, Test MAE norm: 0.3163789
Epoch: 716, LR: 0.000010, Loss: 0.2510360, Validation MAE: 3.8139212, Test MAE: 4.4561810, Test MAE norm: 0.3165170
Epoch: 718, LR: 0.000010, Loss: 0.2510529, Validation MAE: 3.8123202, Test MAE: 4.4556828, Test MAE norm: 0.3164816
Epoch: 719, LR: 0.000010, Loss: 0.2510479, Validation MAE: 3.8121679, Test MAE: 4.4549646, Test MAE norm: 0.3164305
Epoch: 722, LR: 0.000010, Loss: 0.2510464, Validation MAE: 3.8117030, Test MAE: 4.4543152, Test MAE norm: 0.3163844
Epoch: 727, LR: 0.000010, Loss: 0.2509896, Validation MAE: 3.8107688, Test MAE: 4.4555092, Test MAE norm: 0.3164692
Epoch: 728, LR: 0.000010, Loss: 0.2509957, Validation MAE: 3.8097913, Test MAE: 4.4565730, Test MAE norm: 0.3165448
Epoch: 738, LR: 0.000010, Loss: 0.2510191, Validation MAE: 3.8096192, Test MAE: 4.4550781, Test MAE norm: 0.3164386
Epoch: 748, LR: 0.000010, Loss: 0.2510073, Validation MAE: 3.8101592, Test MAE: 4.4546542, Test MAE norm: 0.3164085
Epoch: 749, LR: 0.000010, Loss: 0.2509928, Validation MAE: 3.8085184, Test MAE: 4.4529943, Test MAE norm: 0.3162906
Epoch: 750, LR: 0.000010, Loss: 0.2509740, Validation MAE: 3.8076439, Test MAE: 4.4539375, Test MAE norm: 0.3163576
Epoch: 760, LR: 0.000010, Loss: 0.2509519, Validation MAE: 3.8100226, Test MAE: 4.4531841, Test MAE norm: 0.3163041
Epoch: 763, LR: 0.000010, Loss: 0.2509428, Validation MAE: 3.8098102, Test MAE: 4.4546781, Test MAE norm: 0.3164102
Epoch: 773, LR: 0.000010, Loss: 0.2509325, Validation MAE: 3.8112667, Test MAE: 4.4539695, Test MAE norm: 0.3163599
Epoch: 779, LR: 0.000010, Loss: 0.2509172, Validation MAE: 3.8102407, Test MAE: 4.4530020, Test MAE norm: 0.3162912
Epoch: 780, LR: 0.000010, Loss: 0.2509705, Validation MAE: 3.8089988, Test MAE: 4.4547071, Test MAE norm: 0.3164123
Epoch: 790, LR: 0.000010, Loss: 0.2509042, Validation MAE: 3.8142977, Test MAE: 4.4545517, Test MAE norm: 0.3164012
Epoch: 791, LR: 0.000010, Loss: 0.2509196, Validation MAE: 3.8136804, Test MAE: 4.4555683, Test MAE norm: 0.3164734
Epoch: 792, LR: 0.000010, Loss: 0.2508920, Validation MAE: 3.8132811, Test MAE: 4.4540477, Test MAE norm: 0.3163654
Epoch: 793, LR: 0.000010, Loss: 0.2508828, Validation MAE: 3.8126214, Test MAE: 4.4538879, Test MAE norm: 0.3163541
Epoch: 795, LR: 0.000010, Loss: 0.2509201, Validation MAE: 3.8125858, Test MAE: 4.4531937, Test MAE norm: 0.3163048
Epoch: 800, LR: 0.000010, Loss: 0.2508569, Validation MAE: 3.8125756, Test MAE: 4.4540668, Test MAE norm: 0.3163668
Epoch: 801, LR: 0.000010, Loss: 0.2508762, Validation MAE: 3.8113694, Test MAE: 4.4540186, Test MAE norm: 0.3163634
Epoch: 806, LR: 0.000010, Loss: 0.2508580, Validation MAE: 3.8107903, Test MAE: 4.4537549, Test MAE norm: 0.3163446
Epoch: 807, LR: 0.000010, Loss: 0.2508589, Validation MAE: 3.8101988, Test MAE: 4.4528227, Test MAE norm: 0.3162784
Epoch: 817, LR: 0.000010, Loss: 0.2508655, Validation MAE: 3.8091667, Test MAE: 4.4544864, Test MAE norm: 0.3163966
Epoch: 827, LR: 0.000010, Loss: 0.2508548, Validation MAE: 3.8117390, Test MAE: 4.4546041, Test MAE norm: 0.3164049
Epoch: 830, LR: 0.000010, Loss: 0.2508416, Validation MAE: 3.8102369, Test MAE: 4.4557672, Test MAE norm: 0.3164876
Epoch: 831, LR: 0.000010, Loss: 0.2507884, Validation MAE: 3.8064451, Test MAE: 4.4580417, Test MAE norm: 0.3166491
Epoch: 832, LR: 0.000010, Loss: 0.2508475, Validation MAE: 3.8059537, Test MAE: 4.4570961, Test MAE norm: 0.3165819
Epoch: 842, LR: 0.000010, Loss: 0.2508033, Validation MAE: 3.8135860, Test MAE: 4.4523497, Test MAE norm: 0.3162448
Epoch: 843, LR: 0.000010, Loss: 0.2508027, Validation MAE: 3.8122890, Test MAE: 4.4515519, Test MAE norm: 0.3161882
Epoch: 848, LR: 0.000010, Loss: 0.2507800, Validation MAE: 3.8117948, Test MAE: 4.4524512, Test MAE norm: 0.3162520
Epoch: 849, LR: 0.000010, Loss: 0.2507868, Validation MAE: 3.8104193, Test MAE: 4.4556241, Test MAE norm: 0.3164774
Epoch: 850, LR: 0.000010, Loss: 0.2507824, Validation MAE: 3.8099294, Test MAE: 4.4564738, Test MAE norm: 0.3165377
Epoch: 860, LR: 0.000010, Loss: 0.2507841, Validation MAE: 3.8099022, Test MAE: 4.4540510, Test MAE norm: 0.3163657
Epoch: 865, LR: 0.000010, Loss: 0.2507395, Validation MAE: 3.8084538, Test MAE: 4.4575624, Test MAE norm: 0.3166151
Epoch: 866, LR: 0.000010, Loss: 0.2507569, Validation MAE: 3.8076465, Test MAE: 4.4571767, Test MAE norm: 0.3165877
Epoch: 876, LR: 0.000010, Loss: 0.2507402, Validation MAE: 3.8126676, Test MAE: 4.4518852, Test MAE norm: 0.3162118
Epoch: 879, LR: 0.000010, Loss: 0.2507213, Validation MAE: 3.8122802, Test MAE: 4.4524984, Test MAE norm: 0.3162554
Epoch: 880, LR: 0.000010, Loss: 0.2507229, Validation MAE: 3.8101685, Test MAE: 4.4523444, Test MAE norm: 0.3162445
Epoch: 881, LR: 0.000010, Loss: 0.2506897, Validation MAE: 3.8096247, Test MAE: 4.4523196, Test MAE norm: 0.3162427
Epoch: 888, LR: 0.000010, Loss: 0.2506984, Validation MAE: 3.8094623, Test MAE: 4.4529047, Test MAE norm: 0.3162842
Epoch: 898, LR: 0.000010, Loss: 0.2506956, Validation MAE: 3.8127179, Test MAE: 4.4531021, Test MAE norm: 0.3162982
Epoch: 903, LR: 0.000010, Loss: 0.2506529, Validation MAE: 3.8124950, Test MAE: 4.4540305, Test MAE norm: 0.3163642
Epoch: 905, LR: 0.000010, Loss: 0.2506529, Validation MAE: 3.8122387, Test MAE: 4.4525442, Test MAE norm: 0.3162586
Epoch: 906, LR: 0.000010, Loss: 0.2506480, Validation MAE: 3.8120687, Test MAE: 4.4542842, Test MAE norm: 0.3163822
Epoch: 914, LR: 0.000010, Loss: 0.2506620, Validation MAE: 3.8108649, Test MAE: 4.4549694, Test MAE norm: 0.3164309
Epoch: 915, LR: 0.000010, Loss: 0.2506602, Validation MAE: 3.8094671, Test MAE: 4.4544616, Test MAE norm: 0.3163948
Epoch: 916, LR: 0.000010, Loss: 0.2506409, Validation MAE: 3.8079331, Test MAE: 4.4527516, Test MAE norm: 0.3162734
Epoch: 926, LR: 0.000010, Loss: 0.2505922, Validation MAE: 3.8163841, Test MAE: 4.4500942, Test MAE norm: 0.3160846
Epoch: 927, LR: 0.000010, Loss: 0.2506678, Validation MAE: 3.8134773, Test MAE: 4.4502683, Test MAE norm: 0.3160970
Epoch: 928, LR: 0.000010, Loss: 0.2506127, Validation MAE: 3.8101752, Test MAE: 4.4542141, Test MAE norm: 0.3163773
Epoch: 929, LR: 0.000010, Loss: 0.2506140, Validation MAE: 3.8098462, Test MAE: 4.4553509, Test MAE norm: 0.3164580
Epoch: 931, LR: 0.000010, Loss: 0.2506258, Validation MAE: 3.8098035, Test MAE: 4.4529634, Test MAE norm: 0.3162884
Epoch: 932, LR: 0.000010, Loss: 0.2506252, Validation MAE: 3.8090549, Test MAE: 4.4537168, Test MAE norm: 0.3163419
Epoch: 937, LR: 0.000010, Loss: 0.2505964, Validation MAE: 3.8073530, Test MAE: 4.4535546, Test MAE norm: 0.3163304
Epoch: 938, LR: 0.000010, Loss: 0.2506074, Validation MAE: 3.8060536, Test MAE: 4.4540849, Test MAE norm: 0.3163681
Epoch: 948, LR: 0.000010, Loss: 0.2505682, Validation MAE: 3.8135595, Test MAE: 4.4513025, Test MAE norm: 0.3161704
Epoch: 950, LR: 0.000010, Loss: 0.2505764, Validation MAE: 3.8119376, Test MAE: 4.4538641, Test MAE norm: 0.3163524
Epoch: 958, LR: 0.000010, Loss: 0.2505386, Validation MAE: 3.8100803, Test MAE: 4.4536710, Test MAE norm: 0.3163387
Epoch: 968, LR: 0.000010, Loss: 0.2505692, Validation MAE: 3.8091288, Test MAE: 4.4536099, Test MAE norm: 0.3163343
Epoch: 978, LR: 0.000010, Loss: 0.2505441, Validation MAE: 3.8119946, Test MAE: 4.4539137, Test MAE norm: 0.3163559
Epoch: 981, LR: 0.000010, Loss: 0.2505279, Validation MAE: 3.8085573, Test MAE: 4.4535012, Test MAE norm: 0.3163266
Epoch: 982, LR: 0.000010, Loss: 0.2505199, Validation MAE: 3.8051956, Test MAE: 4.4548802, Test MAE norm: 0.3164245
Epoch: 992, LR: 0.000010, Loss: 0.2505248, Validation MAE: 3.8070436, Test MAE: 4.4555202, Test MAE norm: 0.3164700
Epoch: 1002, LR: 0.000010, Loss: 0.2505081, Validation MAE: 3.8134921, Test MAE: 4.4502788, Test MAE norm: 0.3160977
Epoch: 1003, LR: 0.000010, Loss: 0.2505015, Validation MAE: 3.8105550, Test MAE: 4.4496403, Test MAE norm: 0.3160524
Epoch: 1004, LR: 0.000010, Loss: 0.2505056, Validation MAE: 3.8099041, Test MAE: 4.4511428, Test MAE norm: 0.3161591
Epoch: 1005, LR: 0.000010, Loss: 0.2504886, Validation MAE: 3.8092923, Test MAE: 4.4534307, Test MAE norm: 0.3163216
Epoch: 1006, LR: 0.000010, Loss: 0.2504965, Validation MAE: 3.8090250, Test MAE: 4.4555473, Test MAE norm: 0.3164719
Epoch: 1007, LR: 0.000010, Loss: 0.2504556, Validation MAE: 3.8075483, Test MAE: 4.4555769, Test MAE norm: 0.3164741
Epoch: 1017, LR: 0.000010, Loss: 0.2504353, Validation MAE: 3.8106902, Test MAE: 4.4545894, Test MAE norm: 0.3164039
Epoch: 1022, LR: 0.000010, Loss: 0.2504251, Validation MAE: 3.8085616, Test MAE: 4.4536662, Test MAE norm: 0.3163383
Epoch: 1023, LR: 0.000010, Loss: 0.2504323, Validation MAE: 3.8052673, Test MAE: 4.4542527, Test MAE norm: 0.3163800
Epoch: 1033, LR: 0.000010, Loss: 0.2504368, Validation MAE: 3.8124142, Test MAE: 4.4507027, Test MAE norm: 0.3161278
Epoch: 1037, LR: 0.000010, Loss: 0.2503679, Validation MAE: 3.8098865, Test MAE: 4.4542117, Test MAE norm: 0.3163771
Epoch: 1038, LR: 0.000010, Loss: 0.2504151, Validation MAE: 3.8086689, Test MAE: 4.4534106, Test MAE norm: 0.3163202
Epoch: 1047, LR: 0.000010, Loss: 0.2503766, Validation MAE: 3.8073192, Test MAE: 4.4536018, Test MAE norm: 0.3163337
Epoch: 1056, LR: 0.000010, Loss: 0.2503716, Validation MAE: 3.8053105, Test MAE: 4.4540143, Test MAE norm: 0.3163630
Epoch: 1066, LR: 0.000010, Loss: 0.2503301, Validation MAE: 3.8115842, Test MAE: 4.4512134, Test MAE norm: 0.3161641
Epoch: 1069, LR: 0.000010, Loss: 0.2503510, Validation MAE: 3.8114429, Test MAE: 4.4496422, Test MAE norm: 0.3160525
Epoch: 1070, LR: 0.000010, Loss: 0.2503211, Validation MAE: 3.8090265, Test MAE: 4.4515262, Test MAE norm: 0.3161863
Epoch: 1080, LR: 0.000010, Loss: 0.2502795, Validation MAE: 3.8101702, Test MAE: 4.4523449, Test MAE norm: 0.3162445
Epoch: 1084, LR: 0.000010, Loss: 0.2502825, Validation MAE: 3.8094845, Test MAE: 4.4503665, Test MAE norm: 0.3161040
Epoch: 1093, LR: 0.000010, Loss: 0.2502727, Validation MAE: 3.8087416, Test MAE: 4.4510636, Test MAE norm: 0.3161535
Epoch: 1103, LR: 0.000010, Loss: 0.2502383, Validation MAE: 3.8121645, Test MAE: 4.4502497, Test MAE norm: 0.3160957
Epoch: 1106, LR: 0.000010, Loss: 0.2502425, Validation MAE: 3.8115456, Test MAE: 4.4476395, Test MAE norm: 0.3159102
Epoch: 1109, LR: 0.000010, Loss: 0.2502244, Validation MAE: 3.8085263, Test MAE: 4.4520092, Test MAE norm: 0.3162206
Epoch: 1119, LR: 0.000010, Loss: 0.2501896, Validation MAE: 3.8109426, Test MAE: 4.4505305, Test MAE norm: 0.3161156
Epoch: 1126, LR: 0.000010, Loss: 0.2502167, Validation MAE: 3.8101542, Test MAE: 4.4490070, Test MAE norm: 0.3160074
Epoch: 1136, LR: 0.000010, Loss: 0.2501551, Validation MAE: 3.8101501, Test MAE: 4.4508624, Test MAE norm: 0.3161392
Epoch: 1139, LR: 0.000010, Loss: 0.2501406, Validation MAE: 3.8095286, Test MAE: 4.4498100, Test MAE norm: 0.3160644
Epoch: 1140, LR: 0.000010, Loss: 0.2501494, Validation MAE: 3.8081987, Test MAE: 4.4489861, Test MAE norm: 0.3160059
Epoch: 1149, LR: 0.000010, Loss: 0.2501527, Validation MAE: 3.8070486, Test MAE: 4.4500194, Test MAE norm: 0.3160793
Epoch: 1159, LR: 0.000010, Loss: 0.2500959, Validation MAE: 3.8095529, Test MAE: 4.4484167, Test MAE norm: 0.3159655
Epoch: 1169, LR: 0.000010, Loss: 0.2501212, Validation MAE: 3.8117626, Test MAE: 4.4472618, Test MAE norm: 0.3158834
Epoch: 1170, LR: 0.000010, Loss: 0.2500698, Validation MAE: 3.8105021, Test MAE: 4.4473901, Test MAE norm: 0.3158925
Epoch: 1171, LR: 0.000010, Loss: 0.2500880, Validation MAE: 3.8101509, Test MAE: 4.4470315, Test MAE norm: 0.3158671
Epoch: 1176, LR: 0.000010, Loss: 0.2500749, Validation MAE: 3.8096848, Test MAE: 4.4479895, Test MAE norm: 0.3159351
Epoch: 1186, LR: 0.000010, Loss: 0.2500385, Validation MAE: 3.8129282, Test MAE: 4.4472160, Test MAE norm: 0.3158802
Epoch: 1187, LR: 0.000010, Loss: 0.2500354, Validation MAE: 3.8114810, Test MAE: 4.4487414, Test MAE norm: 0.3159885
Epoch: 1188, LR: 0.000010, Loss: 0.2500136, Validation MAE: 3.8092136, Test MAE: 4.4499207, Test MAE norm: 0.3160723
Epoch: 1189, LR: 0.000010, Loss: 0.2500030, Validation MAE: 3.8067443, Test MAE: 4.4485526, Test MAE norm: 0.3159751
Epoch: 1199, LR: 0.000010, Loss: 0.2499594, Validation MAE: 3.8086669, Test MAE: 4.4458203, Test MAE norm: 0.3157811
Epoch: 1209, LR: 0.000010, Loss: 0.2499230, Validation MAE: 3.8125262, Test MAE: 4.4453497, Test MAE norm: 0.3157476
Epoch: 1211, LR: 0.000010, Loss: 0.2499775, Validation MAE: 3.8085346, Test MAE: 4.4427576, Test MAE norm: 0.3155635
Epoch: 1212, LR: 0.000010, Loss: 0.2499561, Validation MAE: 3.8074088, Test MAE: 4.4469543, Test MAE norm: 0.3158616
Epoch: 1222, LR: 0.000010, Loss: 0.2499223, Validation MAE: 3.8104601, Test MAE: 4.4424930, Test MAE norm: 0.3155447
Epoch: 1223, LR: 0.000010, Loss: 0.2499189, Validation MAE: 3.8102961, Test MAE: 4.4417520, Test MAE norm: 0.3154921
Epoch: 1224, LR: 0.000010, Loss: 0.2499309, Validation MAE: 3.8092799, Test MAE: 4.4430466, Test MAE norm: 0.3155840
Epoch: 1230, LR: 0.000010, Loss: 0.2499143, Validation MAE: 3.8073397, Test MAE: 4.4425492, Test MAE norm: 0.3155487
Epoch: 1231, LR: 0.000010, Loss: 0.2498885, Validation MAE: 3.8054991, Test MAE: 4.4460006, Test MAE norm: 0.3157938
Epoch: 1241, LR: 0.000010, Loss: 0.2498816, Validation MAE: 3.8119652, Test MAE: 4.4417377, Test MAE norm: 0.3154911
Epoch: 1243, LR: 0.000010, Loss: 0.2498807, Validation MAE: 3.8103023, Test MAE: 4.4428425, Test MAE norm: 0.3155695
Epoch: 1244, LR: 0.000010, Loss: 0.2498782, Validation MAE: 3.8076968, Test MAE: 4.4421892, Test MAE norm: 0.3155231
Epoch: 1245, LR: 0.000010, Loss: 0.2498830, Validation MAE: 3.8075554, Test MAE: 4.4399672, Test MAE norm: 0.3153653
Epoch: 1249, LR: 0.000010, Loss: 0.2499077, Validation MAE: 3.8062000, Test MAE: 4.4441428, Test MAE norm: 0.3156619
Epoch: 1259, LR: 0.000010, Loss: 0.2498702, Validation MAE: 3.8085947, Test MAE: 4.4410772, Test MAE norm: 0.3154441
Epoch: 1266, LR: 0.000010, Loss: 0.2498102, Validation MAE: 3.8082054, Test MAE: 4.4397864, Test MAE norm: 0.3153525
Epoch: 1270, LR: 0.000010, Loss: 0.2497817, Validation MAE: 3.8070896, Test MAE: 4.4409490, Test MAE norm: 0.3154350
Epoch: 1280, LR: 0.000010, Loss: 0.2497572, Validation MAE: 3.8120549, Test MAE: 4.4388132, Test MAE norm: 0.3152833
Epoch: 1281, LR: 0.000010, Loss: 0.2497511, Validation MAE: 3.8102469, Test MAE: 4.4383845, Test MAE norm: 0.3152529
Epoch: 1282, LR: 0.000010, Loss: 0.2497712, Validation MAE: 3.8095560, Test MAE: 4.4369192, Test MAE norm: 0.3151488
Epoch: 1283, LR: 0.000010, Loss: 0.2497633, Validation MAE: 3.8090432, Test MAE: 4.4377165, Test MAE norm: 0.3152054
Epoch: 1290, LR: 0.000010, Loss: 0.2497504, Validation MAE: 3.8052158, Test MAE: 4.4411936, Test MAE norm: 0.3154524
Epoch: 1300, LR: 0.000010, Loss: 0.2497246, Validation MAE: 3.8083420, Test MAE: 4.4387126, Test MAE norm: 0.3152762
Epoch: 1301, LR: 0.000010, Loss: 0.2497002, Validation MAE: 3.8068290, Test MAE: 4.4378934, Test MAE norm: 0.3152180
Epoch: 1311, LR: 0.000010, Loss: 0.2497346, Validation MAE: 3.8072989, Test MAE: 4.4395375, Test MAE norm: 0.3153348
Epoch: 1321, LR: 0.000010, Loss: 0.2497057, Validation MAE: 3.8116648, Test MAE: 4.4348006, Test MAE norm: 0.3149983
Epoch: 1322, LR: 0.000010, Loss: 0.2496909, Validation MAE: 3.8106678, Test MAE: 4.4354434, Test MAE norm: 0.3150440
Epoch: 1323, LR: 0.000010, Loss: 0.2496777, Validation MAE: 3.8103342, Test MAE: 4.4385972, Test MAE norm: 0.3152680
Epoch: 1327, LR: 0.000010, Loss: 0.2496535, Validation MAE: 3.8066146, Test MAE: 4.4366031, Test MAE norm: 0.3151264
Epoch: 1337, LR: 0.000010, Loss: 0.2496076, Validation MAE: 3.8105712, Test MAE: 4.4373293, Test MAE norm: 0.3151779
Epoch: 1338, LR: 0.000010, Loss: 0.2496190, Validation MAE: 3.8076036, Test MAE: 4.4365344, Test MAE norm: 0.3151215
Epoch: 1339, LR: 0.000010, Loss: 0.2495981, Validation MAE: 3.8073573, Test MAE: 4.4358854, Test MAE norm: 0.3150754
Epoch: 1349, LR: 0.000010, Loss: 0.2496071, Validation MAE: 3.8097875, Test MAE: 4.4363313, Test MAE norm: 0.3151070
Epoch: 1352, LR: 0.000010, Loss: 0.2496126, Validation MAE: 3.8060076, Test MAE: 4.4368606, Test MAE norm: 0.3151446
Epoch: 1353, LR: 0.000010, Loss: 0.2495797, Validation MAE: 3.8042710, Test MAE: 4.4365993, Test MAE norm: 0.3151261
Epoch: 1363, LR: 0.000010, Loss: 0.2495812, Validation MAE: 3.8072622, Test MAE: 4.4345155, Test MAE norm: 0.3149781
Epoch: 1368, LR: 0.000010, Loss: 0.2495508, Validation MAE: 3.8066537, Test MAE: 4.4378982, Test MAE norm: 0.3152183
Epoch: 1369, LR: 0.000010, Loss: 0.2495563, Validation MAE: 3.8055654, Test MAE: 4.4359064, Test MAE norm: 0.3150769
Epoch: 1372, LR: 0.000010, Loss: 0.2495850, Validation MAE: 3.8055079, Test MAE: 4.4345508, Test MAE norm: 0.3149806
Epoch: 1377, LR: 0.000010, Loss: 0.2495409, Validation MAE: 3.8041160, Test MAE: 4.4374480, Test MAE norm: 0.3151864
Epoch: 1387, LR: 0.000010, Loss: 0.2495133, Validation MAE: 3.8049333, Test MAE: 4.4343710, Test MAE norm: 0.3149678
Epoch: 1397, LR: 0.000010, Loss: 0.2495086, Validation MAE: 3.8122497, Test MAE: 4.4305491, Test MAE norm: 0.3146963
Epoch: 1398, LR: 0.000010, Loss: 0.2494684, Validation MAE: 3.8067665, Test MAE: 4.4334693, Test MAE norm: 0.3149038
Epoch: 1405, LR: 0.000010, Loss: 0.2494779, Validation MAE: 3.8060873, Test MAE: 4.4344130, Test MAE norm: 0.3149708
Epoch: 1410, LR: 0.000010, Loss: 0.2494315, Validation MAE: 3.8055532, Test MAE: 4.4335070, Test MAE norm: 0.3149064
Epoch: 1419, LR: 0.000010, Loss: 0.2494220, Validation MAE: 3.8038409, Test MAE: 4.4343109, Test MAE norm: 0.3149635
Epoch: 1429, LR: 0.000010, Loss: 0.2494038, Validation MAE: 3.8091104, Test MAE: 4.4337683, Test MAE norm: 0.3149250
Epoch: 1431, LR: 0.000010, Loss: 0.2494029, Validation MAE: 3.8083048, Test MAE: 4.4306703, Test MAE norm: 0.3147050
Epoch: 1432, LR: 0.000010, Loss: 0.2494073, Validation MAE: 3.8052230, Test MAE: 4.4322653, Test MAE norm: 0.3148182
Epoch: 1442, LR: 0.000010, Loss: 0.2493840, Validation MAE: 3.8060033, Test MAE: 4.4329386, Test MAE norm: 0.3148661
Epoch: 1452, LR: 0.000010, Loss: 0.2493420, Validation MAE: 3.8104908, Test MAE: 4.4297600, Test MAE norm: 0.3146403
Epoch: 1453, LR: 0.000010, Loss: 0.2493399, Validation MAE: 3.8078823, Test MAE: 4.4289861, Test MAE norm: 0.3145853
Epoch: 1454, LR: 0.000010, Loss: 0.2493290, Validation MAE: 3.8051856, Test MAE: 4.4306626, Test MAE norm: 0.3147044
Epoch: 1464, LR: 0.000010, Loss: 0.2493172, Validation MAE: 3.8104031, Test MAE: 4.4308453, Test MAE norm: 0.3147174
Epoch: 1465, LR: 0.000010, Loss: 0.2492859, Validation MAE: 3.8074522, Test MAE: 4.4334707, Test MAE norm: 0.3149039
Epoch: 1468, LR: 0.000010, Loss: 0.2492880, Validation MAE: 3.8055367, Test MAE: 4.4310637, Test MAE norm: 0.3147329
Epoch: 1473, LR: 0.000010, Loss: 0.2492847, Validation MAE: 3.8039877, Test MAE: 4.4324241, Test MAE norm: 0.3148295
Epoch: 1482, LR: 0.000010, Loss: 0.2492796, Validation MAE: 3.8019896, Test MAE: 4.4360504, Test MAE norm: 0.3150871
Epoch: 1483, LR: 0.000010, Loss: 0.2493769, Validation MAE: 3.7997470, Test MAE: 4.4349427, Test MAE norm: 0.3150084
Epoch: 1493, LR: 0.000010, Loss: 0.2492297, Validation MAE: 3.8043182, Test MAE: 4.4336143, Test MAE norm: 0.3149140
Epoch: 1494, LR: 0.000010, Loss: 0.2492418, Validation MAE: 3.8040636, Test MAE: 4.4326921, Test MAE norm: 0.3148486
Epoch: 1504, LR: 0.000010, Loss: 0.2491991, Validation MAE: 3.8090298, Test MAE: 4.4287443, Test MAE norm: 0.3145682
Epoch: 1506, LR: 0.000010, Loss: 0.2491774, Validation MAE: 3.8086333, Test MAE: 4.4308519, Test MAE norm: 0.3147179
Epoch: 1507, LR: 0.000010, Loss: 0.2492061, Validation MAE: 3.8073473, Test MAE: 4.4299564, Test MAE norm: 0.3146543
Epoch: 1508, LR: 0.000010, Loss: 0.2491936, Validation MAE: 3.8071434, Test MAE: 4.4285803, Test MAE norm: 0.3145565
Epoch: 1512, LR: 0.000010, Loss: 0.2491626, Validation MAE: 3.8068149, Test MAE: 4.4275126, Test MAE norm: 0.3144807
Epoch: 1513, LR: 0.000010, Loss: 0.2491619, Validation MAE: 3.8050404, Test MAE: 4.4310098, Test MAE norm: 0.3147291
Epoch: 1523, LR: 0.000010, Loss: 0.2491656, Validation MAE: 3.8149068, Test MAE: 4.4259024, Test MAE norm: 0.3143663
Epoch: 1524, LR: 0.000010, Loss: 0.2492046, Validation MAE: 3.8116345, Test MAE: 4.4249625, Test MAE norm: 0.3142996
Epoch: 1525, LR: 0.000010, Loss: 0.2491889, Validation MAE: 3.8049338, Test MAE: 4.4272666, Test MAE norm: 0.3144632
Epoch: 1533, LR: 0.000010, Loss: 0.2491524, Validation MAE: 3.8047819, Test MAE: 4.4300075, Test MAE norm: 0.3146579
Epoch: 1543, LR: 0.000010, Loss: 0.2491466, Validation MAE: 3.8104589, Test MAE: 4.4281735, Test MAE norm: 0.3145276
Epoch: 1546, LR: 0.000010, Loss: 0.2491125, Validation MAE: 3.8044689, Test MAE: 4.4290047, Test MAE norm: 0.3145866
Epoch: 1547, LR: 0.000010, Loss: 0.2491154, Validation MAE: 3.8016818, Test MAE: 4.4312410, Test MAE norm: 0.3147455
Epoch: 1557, LR: 0.000010, Loss: 0.2490707, Validation MAE: 3.8115330, Test MAE: 4.4270172, Test MAE norm: 0.3144455
Epoch: 1558, LR: 0.000010, Loss: 0.2490459, Validation MAE: 3.8095031, Test MAE: 4.4253492, Test MAE norm: 0.3143270
Epoch: 1559, LR: 0.000010, Loss: 0.2490863, Validation MAE: 3.8074412, Test MAE: 4.4279146, Test MAE norm: 0.3145092
Epoch: 1560, LR: 0.000010, Loss: 0.2490680, Validation MAE: 3.8035853, Test MAE: 4.4280457, Test MAE norm: 0.3145185
Epoch: 1570, LR: 0.000010, Loss: 0.2490223, Validation MAE: 3.8071425, Test MAE: 4.4255538, Test MAE norm: 0.3143415
Epoch: 1574, LR: 0.000010, Loss: 0.2489998, Validation MAE: 3.8048756, Test MAE: 4.4261193, Test MAE norm: 0.3143817
Epoch: 1584, LR: 0.000010, Loss: 0.2489844, Validation MAE: 3.8082423, Test MAE: 4.4270353, Test MAE norm: 0.3144468
Epoch: 1585, LR: 0.000010, Loss: 0.2489642, Validation MAE: 3.8029957, Test MAE: 4.4301853, Test MAE norm: 0.3146705
Epoch: 1595, LR: 0.000010, Loss: 0.2489807, Validation MAE: 3.8048720, Test MAE: 4.4279032, Test MAE norm: 0.3145084
Epoch: 1596, LR: 0.000010, Loss: 0.2490041, Validation MAE: 3.8034115, Test MAE: 4.4288855, Test MAE norm: 0.3145782
Epoch: 1600, LR: 0.000010, Loss: 0.2489889, Validation MAE: 3.8033340, Test MAE: 4.4281979, Test MAE norm: 0.3145293
Epoch: 1610, LR: 0.000010, Loss: 0.2489492, Validation MAE: 3.8089342, Test MAE: 4.4255352, Test MAE norm: 0.3143402
Epoch: 1614, LR: 0.000010, Loss: 0.2489287, Validation MAE: 3.8048825, Test MAE: 4.4257808, Test MAE norm: 0.3143577
Epoch: 1615, LR: 0.000010, Loss: 0.2488922, Validation MAE: 3.8029449, Test MAE: 4.4296880, Test MAE norm: 0.3146352
Epoch: 1624, LR: 0.000010, Loss: 0.2488785, Validation MAE: 3.8017464, Test MAE: 4.4306293, Test MAE norm: 0.3147020
Epoch: 1634, LR: 0.000010, Loss: 0.2488916, Validation MAE: 3.8057702, Test MAE: 4.4264722, Test MAE norm: 0.3144068
Epoch: 1636, LR: 0.000010, Loss: 0.2488474, Validation MAE: 3.8047278, Test MAE: 4.4274650, Test MAE norm: 0.3144773
Epoch: 1640, LR: 0.000010, Loss: 0.2488437, Validation MAE: 3.8020341, Test MAE: 4.4272256, Test MAE norm: 0.3144603
Epoch: 1644, LR: 0.000010, Loss: 0.2488441, Validation MAE: 3.8011732, Test MAE: 4.4282517, Test MAE norm: 0.3145332
Epoch: 1645, LR: 0.000010, Loss: 0.2488513, Validation MAE: 3.7998314, Test MAE: 4.4270010, Test MAE norm: 0.3144443
Epoch: 1655, LR: 0.000010, Loss: 0.2487924, Validation MAE: 3.8078620, Test MAE: 4.4277844, Test MAE norm: 0.3145000
Epoch: 1658, LR: 0.000010, Loss: 0.2487798, Validation MAE: 3.8066051, Test MAE: 4.4232507, Test MAE norm: 0.3141780
Epoch: 1662, LR: 0.000010, Loss: 0.2488141, Validation MAE: 3.8058872, Test MAE: 4.4247956, Test MAE norm: 0.3142877
Epoch: 1663, LR: 0.000010, Loss: 0.2487762, Validation MAE: 3.8006923, Test MAE: 4.4260082, Test MAE norm: 0.3143738
Epoch: 1673, LR: 0.000010, Loss: 0.2487565, Validation MAE: 3.8111024, Test MAE: 4.4229007, Test MAE norm: 0.3141531
Epoch: 1674, LR: 0.000010, Loss: 0.2487673, Validation MAE: 3.8088300, Test MAE: 4.4274721, Test MAE norm: 0.3144778
Epoch: 1675, LR: 0.000010, Loss: 0.2487520, Validation MAE: 3.8073833, Test MAE: 4.4270029, Test MAE norm: 0.3144445
Epoch: 1676, LR: 0.000010, Loss: 0.2487710, Validation MAE: 3.8073707, Test MAE: 4.4247465, Test MAE norm: 0.3142842
Epoch: 1686, LR: 0.000010, Loss: 0.2487158, Validation MAE: 3.8065820, Test MAE: 4.4267497, Test MAE norm: 0.3144265
Epoch: 1696, LR: 0.000010, Loss: 0.2486904, Validation MAE: 3.8118703, Test MAE: 4.4197168, Test MAE norm: 0.3139269
Epoch: 1697, LR: 0.000010, Loss: 0.2487031, Validation MAE: 3.8096819, Test MAE: 4.4217896, Test MAE norm: 0.3140742
Epoch: 1698, LR: 0.000010, Loss: 0.2487155, Validation MAE: 3.8068111, Test MAE: 4.4254646, Test MAE norm: 0.3143352
Epoch: 1702, LR: 0.000010, Loss: 0.2486483, Validation MAE: 3.8047462, Test MAE: 4.4241447, Test MAE norm: 0.3142415
Epoch: 1712, LR: 0.000010, Loss: 0.2486510, Validation MAE: 3.8048449, Test MAE: 4.4270449, Test MAE norm: 0.3144474
Epoch: 1716, LR: 0.000010, Loss: 0.2486025, Validation MAE: 3.8047349, Test MAE: 4.4243674, Test MAE norm: 0.3142573
Epoch: 1724, LR: 0.000010, Loss: 0.2485931, Validation MAE: 3.8045046, Test MAE: 4.4221616, Test MAE norm: 0.3141006
Epoch: 1734, LR: 0.000010, Loss: 0.2485933, Validation MAE: 3.8067539, Test MAE: 4.4231277, Test MAE norm: 0.3141692
Epoch: 1738, LR: 0.000010, Loss: 0.2485887, Validation MAE: 3.8041253, Test MAE: 4.4236679, Test MAE norm: 0.3142076
Epoch: 1748, LR: 0.000010, Loss: 0.2485412, Validation MAE: 3.8103209, Test MAE: 4.4251590, Test MAE norm: 0.3143135
Epoch: 1749, LR: 0.000010, Loss: 0.2485439, Validation MAE: 3.8084478, Test MAE: 4.4239917, Test MAE norm: 0.3142306
Epoch: 1750, LR: 0.000010, Loss: 0.2485521, Validation MAE: 3.8041294, Test MAE: 4.4238124, Test MAE norm: 0.3142178
Epoch: 1760, LR: 0.000010, Loss: 0.2485112, Validation MAE: 3.8102398, Test MAE: 4.4217062, Test MAE norm: 0.3140683
Epoch: 1761, LR: 0.000010, Loss: 0.2485030, Validation MAE: 3.8056455, Test MAE: 4.4221559, Test MAE norm: 0.3141002
Epoch: 1771, LR: 0.000010, Loss: 0.2484338, Validation MAE: 3.8047500, Test MAE: 4.4232922, Test MAE norm: 0.3141809
Epoch: 1781, LR: 0.000010, Loss: 0.2484659, Validation MAE: 3.8076212, Test MAE: 4.4266644, Test MAE norm: 0.3144204
Epoch: 1785, LR: 0.000010, Loss: 0.2484520, Validation MAE: 3.8050432, Test MAE: 4.4235926, Test MAE norm: 0.3142022
Epoch: 1789, LR: 0.000010, Loss: 0.2484221, Validation MAE: 3.8037069, Test MAE: 4.4229026, Test MAE norm: 0.3141532
Epoch: 1790, LR: 0.000010, Loss: 0.2484086, Validation MAE: 3.7986066, Test MAE: 4.4272466, Test MAE norm: 0.3144618
Epoch: 1800, LR: 0.000010, Loss: 0.2483966, Validation MAE: 3.8107035, Test MAE: 4.4249272, Test MAE norm: 0.3142970
Epoch: 1801, LR: 0.000010, Loss: 0.2483881, Validation MAE: 3.8082409, Test MAE: 4.4256024, Test MAE norm: 0.3143450
Epoch: 1809, LR: 0.000010, Loss: 0.2483307, Validation MAE: 3.8044422, Test MAE: 4.4245057, Test MAE norm: 0.3142671
Epoch: 1810, LR: 0.000010, Loss: 0.2483670, Validation MAE: 3.8035669, Test MAE: 4.4241343, Test MAE norm: 0.3142407
Epoch: 1820, LR: 0.000010, Loss: 0.2483790, Validation MAE: 3.8075302, Test MAE: 4.4245205, Test MAE norm: 0.3142681
Epoch: 1823, LR: 0.000010, Loss: 0.2483330, Validation MAE: 3.8066666, Test MAE: 4.4229593, Test MAE norm: 0.3141572
Epoch: 1824, LR: 0.000010, Loss: 0.2483004, Validation MAE: 3.8011320, Test MAE: 4.4266825, Test MAE norm: 0.3144217
Epoch: 1834, LR: 0.000010, Loss: 0.2482951, Validation MAE: 3.8142195, Test MAE: 4.4204922, Test MAE norm: 0.3139820
Epoch: 1835, LR: 0.000010, Loss: 0.2483292, Validation MAE: 3.8094909, Test MAE: 4.4227681, Test MAE norm: 0.3141437
Epoch: 1838, LR: 0.000010, Loss: 0.2482506, Validation MAE: 3.8056931, Test MAE: 4.4219794, Test MAE norm: 0.3140877
Epoch: 1842, LR: 0.000010, Loss: 0.2482099, Validation MAE: 3.8028896, Test MAE: 4.4221606, Test MAE norm: 0.3141005
Epoch: 1843, LR: 0.000010, Loss: 0.2482288, Validation MAE: 3.8025413, Test MAE: 4.4241285, Test MAE norm: 0.3142403
Epoch: 1853, LR: 0.000010, Loss: 0.2482236, Validation MAE: 3.8067858, Test MAE: 4.4231100, Test MAE norm: 0.3141679
Epoch: 1854, LR: 0.000010, Loss: 0.2481761, Validation MAE: 3.8023705, Test MAE: 4.4237394, Test MAE norm: 0.3142127
Epoch: 1864, LR: 0.000010, Loss: 0.2481574, Validation MAE: 3.8094335, Test MAE: 4.4213319, Test MAE norm: 0.3140417
Epoch: 1865, LR: 0.000010, Loss: 0.2481655, Validation MAE: 3.8080106, Test MAE: 4.4202652, Test MAE norm: 0.3139659
Epoch: 1872, LR: 0.000010, Loss: 0.2481192, Validation MAE: 3.8073430, Test MAE: 4.4202356, Test MAE norm: 0.3139638
Epoch: 1879, LR: 0.000010, Loss: 0.2481470, Validation MAE: 3.8066578, Test MAE: 4.4245815, Test MAE norm: 0.3142725
Epoch: 1880, LR: 0.000010, Loss: 0.2481146, Validation MAE: 3.8051155, Test MAE: 4.4242973, Test MAE norm: 0.3142523
Epoch: 1888, LR: 0.000010, Loss: 0.2481162, Validation MAE: 3.8048542, Test MAE: 4.4237552, Test MAE norm: 0.3142138
Epoch: 1893, LR: 0.000010, Loss: 0.2481084, Validation MAE: 3.8032501, Test MAE: 4.4245028, Test MAE norm: 0.3142669
Epoch: 1897, LR: 0.000010, Loss: 0.2480712, Validation MAE: 3.8015008, Test MAE: 4.4262424, Test MAE norm: 0.3143905
Epoch: 1898, LR: 0.000010, Loss: 0.2480625, Validation MAE: 3.8004622, Test MAE: 4.4248414, Test MAE norm: 0.3142909
Epoch: 1908, LR: 0.000010, Loss: 0.2480041, Validation MAE: 3.8105004, Test MAE: 4.4224257, Test MAE norm: 0.3141194
Epoch: 1909, LR: 0.000010, Loss: 0.2480152, Validation MAE: 3.8097749, Test MAE: 4.4240470, Test MAE norm: 0.3142345
Epoch: 1910, LR: 0.000010, Loss: 0.2480175, Validation MAE: 3.8082004, Test MAE: 4.4238000, Test MAE norm: 0.3142170
Epoch: 1911, LR: 0.000010, Loss: 0.2479943, Validation MAE: 3.8079624, Test MAE: 4.4186983, Test MAE norm: 0.3138546
Epoch: 1912, LR: 0.000010, Loss: 0.2480274, Validation MAE: 3.8079586, Test MAE: 4.4177799, Test MAE norm: 0.3137894
Epoch: 1917, LR: 0.000010, Loss: 0.2479853, Validation MAE: 3.8063772, Test MAE: 4.4242148, Test MAE norm: 0.3142464
Epoch: 1918, LR: 0.000010, Loss: 0.2479924, Validation MAE: 3.8022220, Test MAE: 4.4228754, Test MAE norm: 0.3141513
Epoch: 1919, LR: 0.000010, Loss: 0.2479834, Validation MAE: 3.8000569, Test MAE: 4.4250517, Test MAE norm: 0.3143059
Epoch: 1929, LR: 0.000010, Loss: 0.2479778, Validation MAE: 3.8118322, Test MAE: 4.4204350, Test MAE norm: 0.3139780
Epoch: 1931, LR: 0.000010, Loss: 0.2480321, Validation MAE: 3.8050988, Test MAE: 4.4232659, Test MAE norm: 0.3141790
Epoch: 1932, LR: 0.000010, Loss: 0.2479954, Validation MAE: 3.8024118, Test MAE: 4.4226055, Test MAE norm: 0.3141321
Epoch: 1936, LR: 0.000010, Loss: 0.2479648, Validation MAE: 3.8003838, Test MAE: 4.4277196, Test MAE norm: 0.3144954
Epoch: 1946, LR: 0.000010, Loss: 0.2478868, Validation MAE: 3.8104043, Test MAE: 4.4197469, Test MAE norm: 0.3139291
Epoch: 1948, LR: 0.000010, Loss: 0.2479281, Validation MAE: 3.8086705, Test MAE: 4.4208117, Test MAE norm: 0.3140047
Epoch: 1952, LR: 0.000010, Loss: 0.2478972, Validation MAE: 3.8083348, Test MAE: 4.4228573, Test MAE norm: 0.3141500
Epoch: 1953, LR: 0.000010, Loss: 0.2478849, Validation MAE: 3.8080485, Test MAE: 4.4207168, Test MAE norm: 0.3139980
Epoch: 1956, LR: 0.000010, Loss: 0.2478716, Validation MAE: 3.8060856, Test MAE: 4.4228091, Test MAE norm: 0.3141466
Epoch: 1960, LR: 0.000010, Loss: 0.2478424, Validation MAE: 3.7999799, Test MAE: 4.4258952, Test MAE norm: 0.3143658
Epoch: 1970, LR: 0.000010, Loss: 0.2478453, Validation MAE: 3.8035753, Test MAE: 4.4239898, Test MAE norm: 0.3142304
Epoch: 1980, LR: 0.000010, Loss: 0.2478166, Validation MAE: 3.8119483, Test MAE: 4.4227686, Test MAE norm: 0.3141437
Epoch: 1981, LR: 0.000010, Loss: 0.2477920, Validation MAE: 3.8072674, Test MAE: 4.4238944, Test MAE norm: 0.3142237
Epoch: 1982, LR: 0.000010, Loss: 0.2477962, Validation MAE: 3.8057067, Test MAE: 4.4240880, Test MAE norm: 0.3142374
Epoch: 1992, LR: 0.000010, Loss: 0.2477098, Validation MAE: 3.8080697, Test MAE: 4.4206820, Test MAE norm: 0.3139955
Epoch: 1996, LR: 0.000010, Loss: 0.2476896, Validation MAE: 3.8074739, Test MAE: 4.4227219, Test MAE norm: 0.3141404
Epoch: 1996, LR: 0.000010, Loss: 0.2476896, Validation MAE: 3.8074739, Test MAE: 4.4227219, Test MAE norm: 0.3141404