Command line input: python run_count.py --batch_size 256 --target 5 --model IDGNN --h 3 --seed 1 --epoch 2000 --dataset easy-1
Mean = 12.027, Std = 49.808
Using IDGNN model

Epoch: 001, LR: 0.001000, Loss: 0.3359245, Validation MAE: 18.5478249, Test MAE: 20.8500862, Test MAE norm: 0.4186113
Epoch: 002, LR: 0.001000, Loss: 0.3309327, Validation MAE: 11.0777245, Test MAE: 10.8313732, Test MAE norm: 0.2174636
Epoch: 010, LR: 0.001000, Loss: 0.2455144, Validation MAE: 9.8116484, Test MAE: 9.7557745, Test MAE norm: 0.1958686
Epoch: 011, LR: 0.001000, Loss: 0.1706260, Validation MAE: 9.2554865, Test MAE: 10.5376062, Test MAE norm: 0.2115656
Epoch: 014, LR: 0.001000, Loss: 0.2227706, Validation MAE: 8.3625069, Test MAE: 8.1093636, Test MAE norm: 0.1628133
Epoch: 018, LR: 0.001000, Loss: 0.1651123, Validation MAE: 8.2533216, Test MAE: 7.4551988, Test MAE norm: 0.1496795
Epoch: 021, LR: 0.001000, Loss: 0.1540631, Validation MAE: 6.8732133, Test MAE: 7.1490536, Test MAE norm: 0.1435329
Epoch: 024, LR: 0.001000, Loss: 0.1596961, Validation MAE: 6.0745721, Test MAE: 6.9572539, Test MAE norm: 0.1396821
Epoch: 034, LR: 0.001000, Loss: 0.1429242, Validation MAE: 7.9329147, Test MAE: 9.1163015, Test MAE norm: 0.1830298
Epoch: 035, LR: 0.001000, Loss: 0.1395209, Validation MAE: 6.8774042, Test MAE: 7.5609932, Test MAE norm: 0.1518035
Epoch: 037, LR: 0.000900, Loss: 0.1252683, Validation MAE: 6.1521473, Test MAE: 6.3289671, Test MAE norm: 0.1270679
Epoch: 038, LR: 0.000900, Loss: 0.1009251, Validation MAE: 5.3768935, Test MAE: 7.1386929, Test MAE norm: 0.1433249
Epoch: 041, LR: 0.000900, Loss: 0.1262110, Validation MAE: 5.0412107, Test MAE: 5.8497238, Test MAE norm: 0.1174460
Epoch: 042, LR: 0.000900, Loss: 0.0901011, Validation MAE: 5.0074368, Test MAE: 5.8774281, Test MAE norm: 0.1180023
Epoch: 045, LR: 0.000900, Loss: 0.0892086, Validation MAE: 4.6640091, Test MAE: 6.5051589, Test MAE norm: 0.1306053
Epoch: 049, LR: 0.000900, Loss: 0.1060685, Validation MAE: 4.5440245, Test MAE: 5.1106410, Test MAE norm: 0.1026073
Epoch: 059, LR: 0.000900, Loss: 0.1311540, Validation MAE: 5.4420123, Test MAE: 5.6820412, Test MAE norm: 0.1140794
Epoch: 064, LR: 0.000810, Loss: 0.1048231, Validation MAE: 4.8403974, Test MAE: 5.2139287, Test MAE norm: 0.1046811
Epoch: 066, LR: 0.000810, Loss: 0.1006378, Validation MAE: 4.6616244, Test MAE: 5.0048733, Test MAE norm: 0.1004838
Epoch: 067, LR: 0.000810, Loss: 0.0780231, Validation MAE: 4.5398932, Test MAE: 5.0819025, Test MAE norm: 0.1020303
Epoch: 070, LR: 0.000810, Loss: 0.0785414, Validation MAE: 4.4720654, Test MAE: 5.0554500, Test MAE norm: 0.1014993
Epoch: 075, LR: 0.000810, Loss: 0.0891714, Validation MAE: 4.4694614, Test MAE: 4.8318129, Test MAE norm: 0.0970092
Epoch: 078, LR: 0.000810, Loss: 0.0812909, Validation MAE: 4.2947345, Test MAE: 4.8499370, Test MAE norm: 0.0973731
Epoch: 081, LR: 0.000810, Loss: 0.0802895, Validation MAE: 4.2467446, Test MAE: 4.7335291, Test MAE norm: 0.0950360
Epoch: 085, LR: 0.000810, Loss: 0.0830834, Validation MAE: 4.2274761, Test MAE: 4.7680750, Test MAE norm: 0.0957296
Epoch: 088, LR: 0.000810, Loss: 0.0719801, Validation MAE: 4.2012868, Test MAE: 4.7207847, Test MAE norm: 0.0947801
Epoch: 094, LR: 0.000810, Loss: 0.0840788, Validation MAE: 4.1978769, Test MAE: 4.7095742, Test MAE norm: 0.0945550
Epoch: 098, LR: 0.000810, Loss: 0.0753934, Validation MAE: 4.1564674, Test MAE: 4.7056131, Test MAE norm: 0.0944755
Epoch: 099, LR: 0.000810, Loss: 0.0802510, Validation MAE: 4.1090012, Test MAE: 4.4332805, Test MAE norm: 0.0890078
Epoch: 101, LR: 0.000810, Loss: 0.0905516, Validation MAE: 3.9979386, Test MAE: 4.3195543, Test MAE norm: 0.0867245
Epoch: 110, LR: 0.000810, Loss: 0.0724583, Validation MAE: 3.9480364, Test MAE: 4.3909659, Test MAE norm: 0.0881583
Epoch: 113, LR: 0.000810, Loss: 0.0719619, Validation MAE: 3.8519387, Test MAE: 4.2047319, Test MAE norm: 0.0844192
Epoch: 117, LR: 0.000810, Loss: 0.0805044, Validation MAE: 3.8168936, Test MAE: 4.1724892, Test MAE norm: 0.0837719
Epoch: 127, LR: 0.000810, Loss: 0.0668492, Validation MAE: 4.7465358, Test MAE: 4.6081796, Test MAE norm: 0.0925193
Epoch: 128, LR: 0.000810, Loss: 0.0719422, Validation MAE: 3.9511647, Test MAE: 4.3325996, Test MAE norm: 0.0869864
Epoch: 131, LR: 0.000729, Loss: 0.0801416, Validation MAE: 3.8582592, Test MAE: 4.1314344, Test MAE norm: 0.0829476
Epoch: 137, LR: 0.000729, Loss: 0.0718217, Validation MAE: 3.8012969, Test MAE: 4.2480454, Test MAE norm: 0.0852888
Epoch: 142, LR: 0.000729, Loss: 0.0761913, Validation MAE: 3.7605205, Test MAE: 4.0360475, Test MAE norm: 0.0810325
Epoch: 152, LR: 0.000729, Loss: 0.0656307, Validation MAE: 4.1278677, Test MAE: 4.3289347, Test MAE norm: 0.0869129
Epoch: 155, LR: 0.000656, Loss: 0.0682676, Validation MAE: 3.9364386, Test MAE: 4.0897508, Test MAE norm: 0.0821107
Epoch: 156, LR: 0.000656, Loss: 0.0726813, Validation MAE: 3.8931847, Test MAE: 4.0196991, Test MAE norm: 0.0807043
Epoch: 159, LR: 0.000656, Loss: 0.0708792, Validation MAE: 3.8454330, Test MAE: 4.0671864, Test MAE norm: 0.0816577
Epoch: 164, LR: 0.000656, Loss: 0.0709949, Validation MAE: 3.8351493, Test MAE: 3.9806828, Test MAE norm: 0.0799209
Epoch: 168, LR: 0.000590, Loss: 0.0670879, Validation MAE: 3.7070568, Test MAE: 4.2070827, Test MAE norm: 0.0844664
Epoch: 172, LR: 0.000590, Loss: 0.0665073, Validation MAE: 3.6773846, Test MAE: 3.8063557, Test MAE norm: 0.0764209
Epoch: 175, LR: 0.000590, Loss: 0.0644537, Validation MAE: 3.6282387, Test MAE: 3.8219798, Test MAE norm: 0.0767346
Epoch: 185, LR: 0.000590, Loss: 0.0667942, Validation MAE: 3.6293070, Test MAE: 3.8383243, Test MAE norm: 0.0770628
Epoch: 188, LR: 0.000531, Loss: 0.0638315, Validation MAE: 3.5319922, Test MAE: 3.7859731, Test MAE norm: 0.0760117
Epoch: 198, LR: 0.000531, Loss: 0.0657942, Validation MAE: 3.5488362, Test MAE: 3.7187600, Test MAE norm: 0.0746623
Epoch: 208, LR: 0.000478, Loss: 0.0662058, Validation MAE: 3.7423573, Test MAE: 3.8206279, Test MAE norm: 0.0767075
Epoch: 216, LR: 0.000430, Loss: 0.0655571, Validation MAE: 3.5732424, Test MAE: 3.7090590, Test MAE norm: 0.0744675
Epoch: 218, LR: 0.000430, Loss: 0.0638834, Validation MAE: 3.5059576, Test MAE: 3.5664842, Test MAE norm: 0.0716050
Epoch: 221, LR: 0.000430, Loss: 0.0663805, Validation MAE: 3.4151144, Test MAE: 3.5556588, Test MAE norm: 0.0713877
Epoch: 231, LR: 0.000430, Loss: 0.0677646, Validation MAE: 3.9759767, Test MAE: 4.0530849, Test MAE norm: 0.0813746
Epoch: 232, LR: 0.000430, Loss: 0.0637138, Validation MAE: 3.6339035, Test MAE: 3.9155750, Test MAE norm: 0.0786138
Epoch: 236, LR: 0.000387, Loss: 0.0640775, Validation MAE: 3.5602412, Test MAE: 3.7463119, Test MAE norm: 0.0752154
Epoch: 241, LR: 0.000387, Loss: 0.0631577, Validation MAE: 3.5392044, Test MAE: 3.6494939, Test MAE norm: 0.0732716
Epoch: 248, LR: 0.000349, Loss: 0.0621777, Validation MAE: 3.4159780, Test MAE: 3.5487354, Test MAE norm: 0.0712487
Epoch: 251, LR: 0.000349, Loss: 0.0701642, Validation MAE: 3.3812070, Test MAE: 3.5405731, Test MAE norm: 0.0710848
Epoch: 255, LR: 0.000349, Loss: 0.0637794, Validation MAE: 3.3441329, Test MAE: 3.5215499, Test MAE norm: 0.0707028
Epoch: 265, LR: 0.000349, Loss: 0.0600261, Validation MAE: 3.6679468, Test MAE: 3.7571609, Test MAE norm: 0.0754333
Epoch: 266, LR: 0.000349, Loss: 0.0599993, Validation MAE: 3.5813291, Test MAE: 3.6990747, Test MAE norm: 0.0742670
Epoch: 267, LR: 0.000314, Loss: 0.0603299, Validation MAE: 3.5797212, Test MAE: 3.6961439, Test MAE norm: 0.0742082
Epoch: 269, LR: 0.000314, Loss: 0.0603500, Validation MAE: 3.4275630, Test MAE: 3.5981305, Test MAE norm: 0.0722404
Epoch: 274, LR: 0.000314, Loss: 0.0606185, Validation MAE: 3.4244635, Test MAE: 3.5903337, Test MAE norm: 0.0720838
Epoch: 279, LR: 0.000282, Loss: 0.0617052, Validation MAE: 3.3653867, Test MAE: 3.5260308, Test MAE norm: 0.0707928
Epoch: 286, LR: 0.000282, Loss: 0.0606884, Validation MAE: 3.2366526, Test MAE: 3.4263895, Test MAE norm: 0.0687923
Epoch: 295, LR: 0.000282, Loss: 0.0606997, Validation MAE: 3.1907895, Test MAE: 3.4284451, Test MAE norm: 0.0688336
Epoch: 298, LR: 0.000282, Loss: 0.0600886, Validation MAE: 3.1368144, Test MAE: 3.3404124, Test MAE norm: 0.0670661
Epoch: 308, LR: 0.000282, Loss: 0.0600581, Validation MAE: 3.3540840, Test MAE: 3.5494223, Test MAE norm: 0.0712624
Epoch: 309, LR: 0.000282, Loss: 0.0595869, Validation MAE: 3.1798244, Test MAE: 3.5057650, Test MAE norm: 0.0703859
Epoch: 311, LR: 0.000254, Loss: 0.0621340, Validation MAE: 3.1273468, Test MAE: 3.3194728, Test MAE norm: 0.0666457
Epoch: 315, LR: 0.000254, Loss: 0.0699924, Validation MAE: 3.1250725, Test MAE: 3.4177251, Test MAE norm: 0.0686183
Epoch: 319, LR: 0.000254, Loss: 0.0806098, Validation MAE: 3.1007724, Test MAE: 3.5291603, Test MAE norm: 0.0708556
Epoch: 329, LR: 0.000254, Loss: 0.0771576, Validation MAE: 3.2885313, Test MAE: 3.7777829, Test MAE norm: 0.0758473
Epoch: 339, LR: 0.000229, Loss: 0.0674986, Validation MAE: 3.5305257, Test MAE: 3.7767928, Test MAE norm: 0.0758274
Epoch: 344, LR: 0.000206, Loss: 0.0623369, Validation MAE: 3.3425369, Test MAE: 3.6719625, Test MAE norm: 0.0737227
Epoch: 349, LR: 0.000206, Loss: 0.0620507, Validation MAE: 3.2905252, Test MAE: 3.4834797, Test MAE norm: 0.0699385
Epoch: 355, LR: 0.000185, Loss: 0.0604837, Validation MAE: 3.2821813, Test MAE: 3.4865479, Test MAE norm: 0.0700001
Epoch: 365, LR: 0.000167, Loss: 0.0603287, Validation MAE: 3.4502726, Test MAE: 3.6476932, Test MAE norm: 0.0732354
Epoch: 366, LR: 0.000167, Loss: 0.0605248, Validation MAE: 3.3508525, Test MAE: 3.5571723, Test MAE norm: 0.0714180
Epoch: 376, LR: 0.000150, Loss: 0.0589307, Validation MAE: 3.4584141, Test MAE: 3.6561642, Test MAE norm: 0.0734055
Epoch: 377, LR: 0.000150, Loss: 0.0589813, Validation MAE: 3.4421957, Test MAE: 3.6497812, Test MAE norm: 0.0732774
Epoch: 378, LR: 0.000150, Loss: 0.0593542, Validation MAE: 3.3612528, Test MAE: 3.5820732, Test MAE norm: 0.0719180
Epoch: 381, LR: 0.000150, Loss: 0.0589693, Validation MAE: 3.3508625, Test MAE: 3.5795648, Test MAE norm: 0.0718676
Epoch: 384, LR: 0.000150, Loss: 0.0585477, Validation MAE: 3.3490341, Test MAE: 3.5936978, Test MAE norm: 0.0721514
Epoch: 386, LR: 0.000135, Loss: 0.0587581, Validation MAE: 3.3303516, Test MAE: 3.5709515, Test MAE norm: 0.0716947
Epoch: 389, LR: 0.000135, Loss: 0.0587113, Validation MAE: 3.3299782, Test MAE: 3.5741665, Test MAE norm: 0.0717592
Epoch: 390, LR: 0.000135, Loss: 0.0579679, Validation MAE: 3.2950161, Test MAE: 3.5646827, Test MAE norm: 0.0715688
Epoch: 391, LR: 0.000135, Loss: 0.0584353, Validation MAE: 3.2678423, Test MAE: 3.5344868, Test MAE norm: 0.0709626
Epoch: 395, LR: 0.000135, Loss: 0.0579690, Validation MAE: 3.2482319, Test MAE: 3.5291681, Test MAE norm: 0.0708558
Epoch: 400, LR: 0.000122, Loss: 0.0579923, Validation MAE: 3.2078807, Test MAE: 3.4979961, Test MAE norm: 0.0702299
Epoch: 408, LR: 0.000109, Loss: 0.0577527, Validation MAE: 3.2044923, Test MAE: 3.4903221, Test MAE norm: 0.0700759
Epoch: 409, LR: 0.000109, Loss: 0.0574143, Validation MAE: 3.1458089, Test MAE: 3.4490769, Test MAE norm: 0.0692478
Epoch: 413, LR: 0.000109, Loss: 0.0572536, Validation MAE: 3.1323428, Test MAE: 3.4483018, Test MAE norm: 0.0692322
Epoch: 417, LR: 0.000109, Loss: 0.0572632, Validation MAE: 3.1130841, Test MAE: 3.4343262, Test MAE norm: 0.0689516
Epoch: 427, LR: 0.000098, Loss: 0.0570397, Validation MAE: 3.1428795, Test MAE: 3.4602468, Test MAE norm: 0.0694721
Epoch: 429, LR: 0.000098, Loss: 0.0569710, Validation MAE: 3.1392953, Test MAE: 3.4628747, Test MAE norm: 0.0695248
Epoch: 433, LR: 0.000089, Loss: 0.0569099, Validation MAE: 3.1064167, Test MAE: 3.4423289, Test MAE norm: 0.0691123
Epoch: 440, LR: 0.000089, Loss: 0.0568667, Validation MAE: 3.0933135, Test MAE: 3.4328730, Test MAE norm: 0.0689225
Epoch: 444, LR: 0.000089, Loss: 0.0568260, Validation MAE: 3.0487683, Test MAE: 3.4132898, Test MAE norm: 0.0685293
Epoch: 453, LR: 0.000089, Loss: 0.0566007, Validation MAE: 3.0462551, Test MAE: 3.4119875, Test MAE norm: 0.0685031
Epoch: 457, LR: 0.000089, Loss: 0.0564491, Validation MAE: 3.0067804, Test MAE: 3.3835437, Test MAE norm: 0.0679321
Epoch: 458, LR: 0.000089, Loss: 0.0566030, Validation MAE: 3.0041702, Test MAE: 3.3816435, Test MAE norm: 0.0678939
Epoch: 468, LR: 0.000089, Loss: 0.0562977, Validation MAE: 3.0169239, Test MAE: 3.3948185, Test MAE norm: 0.0681584
Epoch: 470, LR: 0.000080, Loss: 0.0563054, Validation MAE: 2.9959593, Test MAE: 3.3864975, Test MAE norm: 0.0679914
Epoch: 471, LR: 0.000080, Loss: 0.0563731, Validation MAE: 2.9908192, Test MAE: 3.3823247, Test MAE norm: 0.0679076
Epoch: 477, LR: 0.000080, Loss: 0.0562542, Validation MAE: 2.9776831, Test MAE: 3.3736923, Test MAE norm: 0.0677343
Epoch: 478, LR: 0.000080, Loss: 0.0561712, Validation MAE: 2.9717951, Test MAE: 3.3719010, Test MAE norm: 0.0676983
Epoch: 481, LR: 0.000080, Loss: 0.0560997, Validation MAE: 2.9503267, Test MAE: 3.3567567, Test MAE norm: 0.0673943
Epoch: 485, LR: 0.000080, Loss: 0.0560548, Validation MAE: 2.9253247, Test MAE: 3.3460426, Test MAE norm: 0.0671792
Epoch: 488, LR: 0.000080, Loss: 0.0561595, Validation MAE: 2.9212708, Test MAE: 3.3411005, Test MAE norm: 0.0670799
Epoch: 498, LR: 0.000080, Loss: 0.0558148, Validation MAE: 2.9461017, Test MAE: 3.3627536, Test MAE norm: 0.0675147
Epoch: 499, LR: 0.000080, Loss: 0.0558606, Validation MAE: 2.9169254, Test MAE: 3.3460827, Test MAE norm: 0.0671800
Epoch: 504, LR: 0.000080, Loss: 0.0557429, Validation MAE: 2.9154112, Test MAE: 3.3434644, Test MAE norm: 0.0671274
Epoch: 509, LR: 0.000080, Loss: 0.0558090, Validation MAE: 2.9152107, Test MAE: 3.3425071, Test MAE norm: 0.0671082
Epoch: 515, LR: 0.000080, Loss: 0.0557520, Validation MAE: 2.9122913, Test MAE: 3.3493462, Test MAE norm: 0.0672455
Epoch: 517, LR: 0.000080, Loss: 0.0557230, Validation MAE: 2.8707891, Test MAE: 3.3252563, Test MAE norm: 0.0667618
Epoch: 520, LR: 0.000080, Loss: 0.0557533, Validation MAE: 2.8612111, Test MAE: 3.3056996, Test MAE norm: 0.0663692
Epoch: 527, LR: 0.000080, Loss: 0.0554266, Validation MAE: 2.7777791, Test MAE: 3.2456083, Test MAE norm: 0.0651627
Epoch: 534, LR: 0.000080, Loss: 0.0555319, Validation MAE: 2.7357256, Test MAE: 3.2106910, Test MAE norm: 0.0644617
Epoch: 544, LR: 0.000080, Loss: 0.0556102, Validation MAE: 2.8597474, Test MAE: 3.3044505, Test MAE norm: 0.0663441
Epoch: 545, LR: 0.000080, Loss: 0.0551520, Validation MAE: 2.7764728, Test MAE: 3.2496841, Test MAE norm: 0.0652445
Epoch: 555, LR: 0.000072, Loss: 0.0550770, Validation MAE: 2.8003039, Test MAE: 3.2688274, Test MAE norm: 0.0656289
Epoch: 565, LR: 0.000065, Loss: 0.0548174, Validation MAE: 2.8846724, Test MAE: 3.3615716, Test MAE norm: 0.0674909
Epoch: 566, LR: 0.000065, Loss: 0.0548378, Validation MAE: 2.8158793, Test MAE: 3.2994833, Test MAE norm: 0.0662444
Epoch: 571, LR: 0.000058, Loss: 0.0547405, Validation MAE: 2.8113310, Test MAE: 3.3027606, Test MAE norm: 0.0663102
Epoch: 577, LR: 0.000058, Loss: 0.0546941, Validation MAE: 2.7675529, Test MAE: 3.2719405, Test MAE norm: 0.0656914
Epoch: 578, LR: 0.000058, Loss: 0.0547711, Validation MAE: 2.7642286, Test MAE: 3.2694104, Test MAE norm: 0.0656406
Epoch: 581, LR: 0.000052, Loss: 0.0546167, Validation MAE: 2.7630899, Test MAE: 3.2705853, Test MAE norm: 0.0656642
Epoch: 587, LR: 0.000052, Loss: 0.0545416, Validation MAE: 2.7619269, Test MAE: 3.2732546, Test MAE norm: 0.0657178
Epoch: 591, LR: 0.000047, Loss: 0.0544948, Validation MAE: 2.7554481, Test MAE: 3.2686048, Test MAE norm: 0.0656244
Epoch: 601, LR: 0.000042, Loss: 0.0544224, Validation MAE: 2.7930179, Test MAE: 3.3146272, Test MAE norm: 0.0665484
Epoch: 602, LR: 0.000042, Loss: 0.0543846, Validation MAE: 2.7713223, Test MAE: 3.3029761, Test MAE norm: 0.0663145
Epoch: 605, LR: 0.000042, Loss: 0.0543795, Validation MAE: 2.7571805, Test MAE: 3.2910650, Test MAE norm: 0.0660754
Epoch: 609, LR: 0.000042, Loss: 0.0542931, Validation MAE: 2.7380857, Test MAE: 3.2694716, Test MAE norm: 0.0656418
Epoch: 619, LR: 0.000038, Loss: 0.0543085, Validation MAE: 2.8381860, Test MAE: 3.3594511, Test MAE norm: 0.0674484
Epoch: 620, LR: 0.000038, Loss: 0.0542623, Validation MAE: 2.7177119, Test MAE: 3.2523158, Test MAE norm: 0.0652974
Epoch: 621, LR: 0.000038, Loss: 0.0543963, Validation MAE: 2.7142856, Test MAE: 3.2519915, Test MAE norm: 0.0652909
Epoch: 631, LR: 0.000038, Loss: 0.0541732, Validation MAE: 2.7800071, Test MAE: 3.3203061, Test MAE norm: 0.0666624
Epoch: 633, LR: 0.000034, Loss: 0.0542267, Validation MAE: 2.7677808, Test MAE: 3.3025389, Test MAE norm: 0.0663057
Epoch: 634, LR: 0.000034, Loss: 0.0541497, Validation MAE: 2.7550502, Test MAE: 3.2846105, Test MAE norm: 0.0659458
Epoch: 637, LR: 0.000034, Loss: 0.0540990, Validation MAE: 2.7348690, Test MAE: 3.2902684, Test MAE norm: 0.0660594
Epoch: 647, LR: 0.000031, Loss: 0.0540731, Validation MAE: 2.7943306, Test MAE: 3.3353429, Test MAE norm: 0.0669643
Epoch: 649, LR: 0.000031, Loss: 0.0540413, Validation MAE: 2.7171369, Test MAE: 3.2722764, Test MAE norm: 0.0656981
Epoch: 653, LR: 0.000031, Loss: 0.0540125, Validation MAE: 2.6990409, Test MAE: 3.2455103, Test MAE norm: 0.0651607
Epoch: 663, LR: 0.000031, Loss: 0.0540563, Validation MAE: 2.7524853, Test MAE: 3.3104801, Test MAE norm: 0.0664652
Epoch: 664, LR: 0.000031, Loss: 0.0539587, Validation MAE: 2.7324996, Test MAE: 3.2883134, Test MAE norm: 0.0660201
Epoch: 668, LR: 0.000028, Loss: 0.0539249, Validation MAE: 2.7191429, Test MAE: 3.2649002, Test MAE norm: 0.0655500
Epoch: 678, LR: 0.000025, Loss: 0.0538329, Validation MAE: 2.7964597, Test MAE: 3.3397014, Test MAE norm: 0.0670518
Epoch: 679, LR: 0.000025, Loss: 0.0538856, Validation MAE: 2.7655261, Test MAE: 3.3175168, Test MAE norm: 0.0666064
Epoch: 680, LR: 0.000025, Loss: 0.0538046, Validation MAE: 2.7166157, Test MAE: 3.2714207, Test MAE norm: 0.0656810
Epoch: 684, LR: 0.000025, Loss: 0.0538576, Validation MAE: 2.7073519, Test MAE: 3.2774413, Test MAE norm: 0.0658018
Epoch: 688, LR: 0.000023, Loss: 0.0537782, Validation MAE: 2.6983297, Test MAE: 3.2512434, Test MAE norm: 0.0652758
Epoch: 692, LR: 0.000023, Loss: 0.0538231, Validation MAE: 2.6967516, Test MAE: 3.2647054, Test MAE norm: 0.0655461
Epoch: 693, LR: 0.000023, Loss: 0.0538597, Validation MAE: 2.6910479, Test MAE: 3.2587700, Test MAE norm: 0.0654270
Epoch: 697, LR: 0.000023, Loss: 0.0537851, Validation MAE: 2.6743150, Test MAE: 3.2361457, Test MAE norm: 0.0649727
Epoch: 707, LR: 0.000023, Loss: 0.0537861, Validation MAE: 2.6969507, Test MAE: 3.2709587, Test MAE norm: 0.0656717
Epoch: 717, LR: 0.000020, Loss: 0.0536692, Validation MAE: 2.7465801, Test MAE: 3.3196881, Test MAE norm: 0.0666500
Epoch: 719, LR: 0.000020, Loss: 0.0536789, Validation MAE: 2.7357292, Test MAE: 3.3100307, Test MAE norm: 0.0664561
Epoch: 723, LR: 0.000018, Loss: 0.0535925, Validation MAE: 2.7341542, Test MAE: 3.3074546, Test MAE norm: 0.0664044
Epoch: 726, LR: 0.000018, Loss: 0.0536041, Validation MAE: 2.7185626, Test MAE: 3.2935941, Test MAE norm: 0.0661261
Epoch: 730, LR: 0.000018, Loss: 0.0536004, Validation MAE: 2.7068019, Test MAE: 3.2789054, Test MAE norm: 0.0658312
Epoch: 731, LR: 0.000016, Loss: 0.0536390, Validation MAE: 2.7045841, Test MAE: 3.2782528, Test MAE norm: 0.0658181
Epoch: 735, LR: 0.000016, Loss: 0.0535806, Validation MAE: 2.7003753, Test MAE: 3.2664049, Test MAE norm: 0.0655802
Epoch: 736, LR: 0.000016, Loss: 0.0536506, Validation MAE: 2.6962519, Test MAE: 3.2610891, Test MAE norm: 0.0654735
Epoch: 741, LR: 0.000016, Loss: 0.0536466, Validation MAE: 2.6919456, Test MAE: 3.2510946, Test MAE norm: 0.0652729
Epoch: 746, LR: 0.000015, Loss: 0.0535650, Validation MAE: 2.6805515, Test MAE: 3.2507098, Test MAE norm: 0.0652651
Epoch: 756, LR: 0.000013, Loss: 0.0535137, Validation MAE: 2.7198308, Test MAE: 3.2976432, Test MAE norm: 0.0662074
Epoch: 766, LR: 0.000012, Loss: 0.0534957, Validation MAE: 2.7306705, Test MAE: 3.3052933, Test MAE norm: 0.0663610
Epoch: 770, LR: 0.000012, Loss: 0.0534718, Validation MAE: 2.7190688, Test MAE: 3.2975099, Test MAE norm: 0.0662047
Epoch: 780, LR: 0.000011, Loss: 0.0534598, Validation MAE: 2.7527673, Test MAE: 3.3240173, Test MAE norm: 0.0667369
Epoch: 781, LR: 0.000011, Loss: 0.0534622, Validation MAE: 2.7384262, Test MAE: 3.3104370, Test MAE norm: 0.0664643
Epoch: 782, LR: 0.000011, Loss: 0.0534487, Validation MAE: 2.7286849, Test MAE: 3.3007436, Test MAE norm: 0.0662697
Epoch: 792, LR: 0.000010, Loss: 0.0534206, Validation MAE: 2.7307949, Test MAE: 3.3026259, Test MAE norm: 0.0663075
Epoch: 796, LR: 0.000010, Loss: 0.0534179, Validation MAE: 2.7209973, Test MAE: 3.2951355, Test MAE norm: 0.0661571
Epoch: 806, LR: 0.000010, Loss: 0.0534229, Validation MAE: 2.7335145, Test MAE: 3.3068807, Test MAE norm: 0.0663929
Epoch: 809, LR: 0.000010, Loss: 0.0533909, Validation MAE: 2.7200849, Test MAE: 3.2946887, Test MAE norm: 0.0661481
Epoch: 818, LR: 0.000010, Loss: 0.0533781, Validation MAE: 2.7137742, Test MAE: 3.2907982, Test MAE norm: 0.0660700
Epoch: 822, LR: 0.000010, Loss: 0.0533799, Validation MAE: 2.7115898, Test MAE: 3.2931526, Test MAE norm: 0.0661173
Epoch: 832, LR: 0.000010, Loss: 0.0533367, Validation MAE: 2.7247477, Test MAE: 3.3037028, Test MAE norm: 0.0663291
Epoch: 842, LR: 0.000010, Loss: 0.0533042, Validation MAE: 2.7425003, Test MAE: 3.3192306, Test MAE norm: 0.0666408
Epoch: 844, LR: 0.000010, Loss: 0.0533250, Validation MAE: 2.7420738, Test MAE: 3.3229508, Test MAE norm: 0.0667155
Epoch: 845, LR: 0.000010, Loss: 0.0533198, Validation MAE: 2.7212892, Test MAE: 3.3045599, Test MAE norm: 0.0663463
Epoch: 855, LR: 0.000010, Loss: 0.0532920, Validation MAE: 2.7547674, Test MAE: 3.3310618, Test MAE norm: 0.0668784
Epoch: 856, LR: 0.000010, Loss: 0.0533206, Validation MAE: 2.7380443, Test MAE: 3.3164384, Test MAE norm: 0.0665848
Epoch: 857, LR: 0.000010, Loss: 0.0532761, Validation MAE: 2.7260530, Test MAE: 3.3066745, Test MAE norm: 0.0663887
Epoch: 860, LR: 0.000010, Loss: 0.0532817, Validation MAE: 2.7237060, Test MAE: 3.3040831, Test MAE norm: 0.0663367
Epoch: 869, LR: 0.000010, Loss: 0.0532558, Validation MAE: 2.7145081, Test MAE: 3.2956040, Test MAE norm: 0.0661665
Epoch: 879, LR: 0.000010, Loss: 0.0532402, Validation MAE: 2.7699537, Test MAE: 3.3423929, Test MAE norm: 0.0671059
Epoch: 880, LR: 0.000010, Loss: 0.0533004, Validation MAE: 2.7429063, Test MAE: 3.3219841, Test MAE norm: 0.0666961
Epoch: 881, LR: 0.000010, Loss: 0.0532435, Validation MAE: 2.7090690, Test MAE: 3.2959201, Test MAE norm: 0.0661728
Epoch: 891, LR: 0.000010, Loss: 0.0532621, Validation MAE: 2.7139351, Test MAE: 3.2974920, Test MAE norm: 0.0662044
Epoch: 895, LR: 0.000010, Loss: 0.0531824, Validation MAE: 2.6989403, Test MAE: 3.2834141, Test MAE norm: 0.0659217
Epoch: 905, LR: 0.000010, Loss: 0.0531974, Validation MAE: 2.7529941, Test MAE: 3.3295853, Test MAE norm: 0.0668487
Epoch: 906, LR: 0.000010, Loss: 0.0532050, Validation MAE: 2.7458723, Test MAE: 3.3213677, Test MAE norm: 0.0666837
Epoch: 907, LR: 0.000010, Loss: 0.0532032, Validation MAE: 2.7023344, Test MAE: 3.2884662, Test MAE norm: 0.0660232
Epoch: 911, LR: 0.000010, Loss: 0.0531613, Validation MAE: 2.6813960, Test MAE: 3.2723002, Test MAE norm: 0.0656986
Epoch: 921, LR: 0.000010, Loss: 0.0531367, Validation MAE: 2.7437539, Test MAE: 3.3241935, Test MAE norm: 0.0667405
Epoch: 922, LR: 0.000010, Loss: 0.0531545, Validation MAE: 2.7119384, Test MAE: 3.3005867, Test MAE norm: 0.0662665
Epoch: 923, LR: 0.000010, Loss: 0.0531217, Validation MAE: 2.6975214, Test MAE: 3.2890604, Test MAE norm: 0.0660351
Epoch: 933, LR: 0.000010, Loss: 0.0531699, Validation MAE: 2.7206032, Test MAE: 3.3097298, Test MAE norm: 0.0664501
Epoch: 934, LR: 0.000010, Loss: 0.0530884, Validation MAE: 2.6906693, Test MAE: 3.2808509, Test MAE norm: 0.0658703
Epoch: 943, LR: 0.000010, Loss: 0.0531009, Validation MAE: 2.6901522, Test MAE: 3.2814934, Test MAE norm: 0.0658832
Epoch: 947, LR: 0.000010, Loss: 0.0530625, Validation MAE: 2.6630204, Test MAE: 3.2562859, Test MAE norm: 0.0653771
Epoch: 957, LR: 0.000010, Loss: 0.0531372, Validation MAE: 2.6807492, Test MAE: 3.2711153, Test MAE norm: 0.0656748
Epoch: 967, LR: 0.000010, Loss: 0.0530265, Validation MAE: 2.7487843, Test MAE: 3.3286777, Test MAE norm: 0.0668305
Epoch: 968, LR: 0.000010, Loss: 0.0531052, Validation MAE: 2.7146220, Test MAE: 3.3054221, Test MAE norm: 0.0663636
Epoch: 969, LR: 0.000010, Loss: 0.0530158, Validation MAE: 2.6825283, Test MAE: 3.2762170, Test MAE norm: 0.0657772
Epoch: 973, LR: 0.000010, Loss: 0.0530246, Validation MAE: 2.6703708, Test MAE: 3.2676723, Test MAE norm: 0.0656057
Epoch: 974, LR: 0.000010, Loss: 0.0530815, Validation MAE: 2.6571555, Test MAE: 3.2517462, Test MAE norm: 0.0652859
Epoch: 984, LR: 0.000010, Loss: 0.0529730, Validation MAE: 2.7057190, Test MAE: 3.2973399, Test MAE norm: 0.0662013
Epoch: 986, LR: 0.000010, Loss: 0.0529848, Validation MAE: 2.6927125, Test MAE: 3.2889795, Test MAE norm: 0.0660335
Epoch: 989, LR: 0.000010, Loss: 0.0529694, Validation MAE: 2.6831656, Test MAE: 3.2820711, Test MAE norm: 0.0658948
Epoch: 992, LR: 0.000010, Loss: 0.0529773, Validation MAE: 2.6804552, Test MAE: 3.2817163, Test MAE norm: 0.0658877
Epoch: 1002, LR: 0.000010, Loss: 0.0529440, Validation MAE: 2.6948805, Test MAE: 3.2930715, Test MAE norm: 0.0661156
Epoch: 1003, LR: 0.000010, Loss: 0.0529460, Validation MAE: 2.6903546, Test MAE: 3.2891119, Test MAE norm: 0.0660361
Epoch: 1005, LR: 0.000010, Loss: 0.0529388, Validation MAE: 2.6824532, Test MAE: 3.2823863, Test MAE norm: 0.0659011
Epoch: 1015, LR: 0.000010, Loss: 0.0529285, Validation MAE: 2.6997089, Test MAE: 3.2962675, Test MAE norm: 0.0661798
Epoch: 1016, LR: 0.000010, Loss: 0.0529191, Validation MAE: 2.6934097, Test MAE: 3.2890723, Test MAE norm: 0.0660353
Epoch: 1019, LR: 0.000010, Loss: 0.0529095, Validation MAE: 2.6872015, Test MAE: 3.2877119, Test MAE norm: 0.0660080
Epoch: 1029, LR: 0.000010, Loss: 0.0529247, Validation MAE: 2.6849737, Test MAE: 3.2810867, Test MAE norm: 0.0658750
Epoch: 1030, LR: 0.000010, Loss: 0.0529114, Validation MAE: 2.6813405, Test MAE: 3.2761188, Test MAE norm: 0.0657753
Epoch: 1034, LR: 0.000010, Loss: 0.0529059, Validation MAE: 2.6778786, Test MAE: 3.2724850, Test MAE norm: 0.0657023
Epoch: 1037, LR: 0.000010, Loss: 0.0528736, Validation MAE: 2.6627626, Test MAE: 3.2641706, Test MAE norm: 0.0655354
Epoch: 1041, LR: 0.000010, Loss: 0.0528694, Validation MAE: 2.6499212, Test MAE: 3.2500114, Test MAE norm: 0.0652511
Epoch: 1046, LR: 0.000010, Loss: 0.0528854, Validation MAE: 2.6482294, Test MAE: 3.2485297, Test MAE norm: 0.0652214
Epoch: 1047, LR: 0.000010, Loss: 0.0529864, Validation MAE: 2.6315532, Test MAE: 3.2310922, Test MAE norm: 0.0648713
Epoch: 1057, LR: 0.000010, Loss: 0.0528762, Validation MAE: 2.6639228, Test MAE: 3.2721782, Test MAE norm: 0.0656962
Epoch: 1067, LR: 0.000010, Loss: 0.0528085, Validation MAE: 2.6908386, Test MAE: 3.2977853, Test MAE norm: 0.0662103
Epoch: 1068, LR: 0.000010, Loss: 0.0528097, Validation MAE: 2.6533597, Test MAE: 3.2638972, Test MAE norm: 0.0655299
Epoch: 1069, LR: 0.000010, Loss: 0.0528443, Validation MAE: 2.6463048, Test MAE: 3.2589180, Test MAE norm: 0.0654299
Epoch: 1079, LR: 0.000010, Loss: 0.0528059, Validation MAE: 2.6670668, Test MAE: 3.2787499, Test MAE norm: 0.0658281
Epoch: 1083, LR: 0.000010, Loss: 0.0527758, Validation MAE: 2.6588845, Test MAE: 3.2701542, Test MAE norm: 0.0656555
Epoch: 1087, LR: 0.000010, Loss: 0.0527619, Validation MAE: 2.6485157, Test MAE: 3.2600002, Test MAE norm: 0.0654517
Epoch: 1097, LR: 0.000010, Loss: 0.0527477, Validation MAE: 2.6923952, Test MAE: 3.2953780, Test MAE norm: 0.0661619
Epoch: 1098, LR: 0.000010, Loss: 0.0527454, Validation MAE: 2.6887517, Test MAE: 3.2921243, Test MAE norm: 0.0660966
Epoch: 1099, LR: 0.000010, Loss: 0.0527195, Validation MAE: 2.6568632, Test MAE: 3.2658794, Test MAE norm: 0.0655697
Epoch: 1109, LR: 0.000010, Loss: 0.0527034, Validation MAE: 2.6967013, Test MAE: 3.2968290, Test MAE norm: 0.0661911
Epoch: 1110, LR: 0.000010, Loss: 0.0527339, Validation MAE: 2.6478169, Test MAE: 3.2571182, Test MAE norm: 0.0653938
Epoch: 1118, LR: 0.000010, Loss: 0.0526991, Validation MAE: 2.6431921, Test MAE: 3.2544842, Test MAE norm: 0.0653409
Epoch: 1126, LR: 0.000010, Loss: 0.0527149, Validation MAE: 2.6354682, Test MAE: 3.2476130, Test MAE norm: 0.0652030
Epoch: 1127, LR: 0.000010, Loss: 0.0527757, Validation MAE: 2.6265202, Test MAE: 3.2366207, Test MAE norm: 0.0649823
Epoch: 1137, LR: 0.000010, Loss: 0.0526350, Validation MAE: 2.6802888, Test MAE: 3.2889516, Test MAE norm: 0.0660329
Epoch: 1138, LR: 0.000010, Loss: 0.0526636, Validation MAE: 2.6658547, Test MAE: 3.2779405, Test MAE norm: 0.0658119
Epoch: 1139, LR: 0.000010, Loss: 0.0526528, Validation MAE: 2.6467133, Test MAE: 3.2612839, Test MAE norm: 0.0654774
Epoch: 1146, LR: 0.000010, Loss: 0.0526504, Validation MAE: 2.6306534, Test MAE: 3.2448108, Test MAE norm: 0.0651467
Epoch: 1156, LR: 0.000010, Loss: 0.0526203, Validation MAE: 2.6401823, Test MAE: 3.2541153, Test MAE norm: 0.0653335
Epoch: 1159, LR: 0.000010, Loss: 0.0526477, Validation MAE: 2.6398249, Test MAE: 3.2570522, Test MAE norm: 0.0653925
Epoch: 1168, LR: 0.000010, Loss: 0.0525823, Validation MAE: 2.6277628, Test MAE: 3.2461331, Test MAE norm: 0.0651732
Epoch: 1172, LR: 0.000010, Loss: 0.0526168, Validation MAE: 2.6038551, Test MAE: 3.2203875, Test MAE norm: 0.0646563
Epoch: 1182, LR: 0.000010, Loss: 0.0525592, Validation MAE: 2.6789131, Test MAE: 3.2932949, Test MAE norm: 0.0661201
Epoch: 1183, LR: 0.000010, Loss: 0.0525745, Validation MAE: 2.6451714, Test MAE: 3.2665596, Test MAE norm: 0.0655834
Epoch: 1184, LR: 0.000010, Loss: 0.0525523, Validation MAE: 2.6225047, Test MAE: 3.2448657, Test MAE norm: 0.0651478
Epoch: 1188, LR: 0.000010, Loss: 0.0525974, Validation MAE: 2.6094904, Test MAE: 3.2344661, Test MAE norm: 0.0649390
Epoch: 1195, LR: 0.000010, Loss: 0.0526488, Validation MAE: 2.5938175, Test MAE: 3.2202868, Test MAE norm: 0.0646543
Epoch: 1196, LR: 0.000010, Loss: 0.0526474, Validation MAE: 2.5776904, Test MAE: 3.2042832, Test MAE norm: 0.0643330
Epoch: 1206, LR: 0.000010, Loss: 0.0525575, Validation MAE: 2.6720669, Test MAE: 3.2898316, Test MAE norm: 0.0660506
Epoch: 1207, LR: 0.000010, Loss: 0.0525190, Validation MAE: 2.6662257, Test MAE: 3.2885773, Test MAE norm: 0.0660254
Epoch: 1208, LR: 0.000010, Loss: 0.0525222, Validation MAE: 2.6368401, Test MAE: 3.2633879, Test MAE norm: 0.0655197
Epoch: 1209, LR: 0.000010, Loss: 0.0525153, Validation MAE: 2.6358266, Test MAE: 3.2643869, Test MAE norm: 0.0655397
Epoch: 1212, LR: 0.000010, Loss: 0.0525229, Validation MAE: 2.6253614, Test MAE: 3.2602806, Test MAE norm: 0.0654573
Epoch: 1222, LR: 0.000010, Loss: 0.0524676, Validation MAE: 2.6373930, Test MAE: 3.2656217, Test MAE norm: 0.0655645
Epoch: 1224, LR: 0.000010, Loss: 0.0524849, Validation MAE: 2.6302547, Test MAE: 3.2603226, Test MAE norm: 0.0654581
Epoch: 1227, LR: 0.000010, Loss: 0.0525265, Validation MAE: 2.6007609, Test MAE: 3.2273462, Test MAE norm: 0.0647961
Epoch: 1228, LR: 0.000010, Loss: 0.0525676, Validation MAE: 2.5870264, Test MAE: 3.2135396, Test MAE norm: 0.0645189
Epoch: 1231, LR: 0.000010, Loss: 0.0527093, Validation MAE: 2.5864959, Test MAE: 3.2162795, Test MAE norm: 0.0645739
Epoch: 1232, LR: 0.000010, Loss: 0.0525297, Validation MAE: 2.5503342, Test MAE: 3.1842215, Test MAE norm: 0.0639302
Epoch: 1236, LR: 0.000010, Loss: 0.0524559, Validation MAE: 2.5493982, Test MAE: 3.1876657, Test MAE norm: 0.0639994
Epoch: 1246, LR: 0.000010, Loss: 0.0524282, Validation MAE: 2.6518352, Test MAE: 3.2807405, Test MAE norm: 0.0658681
Epoch: 1248, LR: 0.000010, Loss: 0.0524903, Validation MAE: 2.5886254, Test MAE: 3.2282057, Test MAE norm: 0.0648133
Epoch: 1253, LR: 0.000010, Loss: 0.0524461, Validation MAE: 2.5833158, Test MAE: 3.2225494, Test MAE norm: 0.0646998
Epoch: 1260, LR: 0.000010, Loss: 0.0526067, Validation MAE: 2.5471539, Test MAE: 3.1875870, Test MAE norm: 0.0639978
Epoch: 1261, LR: 0.000010, Loss: 0.0525514, Validation MAE: 2.5080168, Test MAE: 3.1450529, Test MAE norm: 0.0631438
Epoch: 1266, LR: 0.000010, Loss: 0.0527028, Validation MAE: 2.5076134, Test MAE: 3.1555290, Test MAE norm: 0.0633542
Epoch: 1276, LR: 0.000010, Loss: 0.0524555, Validation MAE: 2.6130216, Test MAE: 3.2548182, Test MAE norm: 0.0653476
Epoch: 1279, LR: 0.000010, Loss: 0.0523664, Validation MAE: 2.5729816, Test MAE: 3.2219572, Test MAE norm: 0.0646879
Epoch: 1283, LR: 0.000010, Loss: 0.0523959, Validation MAE: 2.5478499, Test MAE: 3.1916571, Test MAE norm: 0.0640795
Epoch: 1284, LR: 0.000010, Loss: 0.0525394, Validation MAE: 2.5453079, Test MAE: 3.1898346, Test MAE norm: 0.0640429
Epoch: 1287, LR: 0.000010, Loss: 0.0524212, Validation MAE: 2.5258157, Test MAE: 3.1753283, Test MAE norm: 0.0637517
Epoch: 1288, LR: 0.000010, Loss: 0.0525173, Validation MAE: 2.5111821, Test MAE: 3.1601481, Test MAE norm: 0.0634469
Epoch: 1298, LR: 0.000010, Loss: 0.0524997, Validation MAE: 2.5762129, Test MAE: 3.2244961, Test MAE norm: 0.0647388
Epoch: 1301, LR: 0.000010, Loss: 0.0522801, Validation MAE: 2.5549414, Test MAE: 3.2040176, Test MAE norm: 0.0643277
Epoch: 1306, LR: 0.000010, Loss: 0.0522926, Validation MAE: 2.5471523, Test MAE: 3.2004995, Test MAE norm: 0.0642571
Epoch: 1311, LR: 0.000010, Loss: 0.0523059, Validation MAE: 2.5369081, Test MAE: 3.1924446, Test MAE norm: 0.0640953
Epoch: 1321, LR: 0.000010, Loss: 0.0522819, Validation MAE: 2.6201608, Test MAE: 3.2674210, Test MAE norm: 0.0656006
Epoch: 1322, LR: 0.000010, Loss: 0.0522913, Validation MAE: 2.6052737, Test MAE: 3.2536972, Test MAE norm: 0.0653251
Epoch: 1323, LR: 0.000010, Loss: 0.0522649, Validation MAE: 2.5700932, Test MAE: 3.2252882, Test MAE norm: 0.0647547
Epoch: 1333, LR: 0.000010, Loss: 0.0522090, Validation MAE: 2.6079371, Test MAE: 3.2566488, Test MAE norm: 0.0653844
Epoch: 1334, LR: 0.000010, Loss: 0.0522266, Validation MAE: 2.5972645, Test MAE: 3.2477751, Test MAE norm: 0.0652062
Epoch: 1335, LR: 0.000010, Loss: 0.0522236, Validation MAE: 2.5888667, Test MAE: 3.2377477, Test MAE norm: 0.0650049
Epoch: 1339, LR: 0.000010, Loss: 0.0521821, Validation MAE: 2.5824306, Test MAE: 3.2268081, Test MAE norm: 0.0647853
Epoch: 1342, LR: 0.000010, Loss: 0.0522526, Validation MAE: 2.5723341, Test MAE: 3.2122986, Test MAE norm: 0.0644939
Epoch: 1343, LR: 0.000010, Loss: 0.0522367, Validation MAE: 2.5652356, Test MAE: 3.2061815, Test MAE norm: 0.0643711
Epoch: 1347, LR: 0.000010, Loss: 0.0522205, Validation MAE: 2.5370040, Test MAE: 3.1823950, Test MAE norm: 0.0638936
Epoch: 1357, LR: 0.000010, Loss: 0.0521574, Validation MAE: 2.6270459, Test MAE: 3.2666063, Test MAE norm: 0.0655843
Epoch: 1358, LR: 0.000010, Loss: 0.0521952, Validation MAE: 2.5330460, Test MAE: 3.1831651, Test MAE norm: 0.0639090
Epoch: 1359, LR: 0.000010, Loss: 0.0522718, Validation MAE: 2.5202203, Test MAE: 3.1714215, Test MAE norm: 0.0636733
Epoch: 1369, LR: 0.000010, Loss: 0.0521214, Validation MAE: 2.5865591, Test MAE: 3.2391145, Test MAE norm: 0.0650323
Epoch: 1370, LR: 0.000010, Loss: 0.0521050, Validation MAE: 2.5860977, Test MAE: 3.2366264, Test MAE norm: 0.0649824
Epoch: 1372, LR: 0.000010, Loss: 0.0520974, Validation MAE: 2.5461340, Test MAE: 3.1997671, Test MAE norm: 0.0642423
Epoch: 1382, LR: 0.000010, Loss: 0.0520782, Validation MAE: 2.5967686, Test MAE: 3.2478595, Test MAE norm: 0.0652079
Epoch: 1383, LR: 0.000010, Loss: 0.0521028, Validation MAE: 2.5572381, Test MAE: 3.2079926, Test MAE norm: 0.0644075
Epoch: 1386, LR: 0.000010, Loss: 0.0521821, Validation MAE: 2.5488420, Test MAE: 3.2016323, Test MAE norm: 0.0642798
Epoch: 1387, LR: 0.000010, Loss: 0.0521474, Validation MAE: 2.5276115, Test MAE: 3.1812289, Test MAE norm: 0.0638702
Epoch: 1395, LR: 0.000010, Loss: 0.0520910, Validation MAE: 2.5056417, Test MAE: 3.1671994, Test MAE norm: 0.0635885
Epoch: 1404, LR: 0.000010, Loss: 0.0521446, Validation MAE: 2.5010824, Test MAE: 3.1660454, Test MAE norm: 0.0635653
Epoch: 1414, LR: 0.000010, Loss: 0.0520264, Validation MAE: 2.5988486, Test MAE: 3.2522175, Test MAE norm: 0.0652954
Epoch: 1415, LR: 0.000010, Loss: 0.0520605, Validation MAE: 2.5440912, Test MAE: 3.2053361, Test MAE norm: 0.0643542
Epoch: 1419, LR: 0.000010, Loss: 0.0519806, Validation MAE: 2.5339599, Test MAE: 3.1978364, Test MAE norm: 0.0642036
Epoch: 1422, LR: 0.000010, Loss: 0.0521745, Validation MAE: 2.5226436, Test MAE: 3.1894448, Test MAE norm: 0.0640351
Epoch: 1423, LR: 0.000010, Loss: 0.0520650, Validation MAE: 2.5109494, Test MAE: 3.1748524, Test MAE norm: 0.0637421
Epoch: 1431, LR: 0.000010, Loss: 0.0520407, Validation MAE: 2.5033991, Test MAE: 3.1696610, Test MAE norm: 0.0636379
Epoch: 1435, LR: 0.000010, Loss: 0.0519867, Validation MAE: 2.4945848, Test MAE: 3.1658280, Test MAE norm: 0.0635609
Epoch: 1439, LR: 0.000010, Loss: 0.0519932, Validation MAE: 2.4921095, Test MAE: 3.1647060, Test MAE norm: 0.0635384
Epoch: 1449, LR: 0.000010, Loss: 0.0519670, Validation MAE: 2.5590029, Test MAE: 3.2271647, Test MAE norm: 0.0647924
Epoch: 1450, LR: 0.000010, Loss: 0.0519095, Validation MAE: 2.5427008, Test MAE: 3.2146451, Test MAE norm: 0.0645411
Epoch: 1452, LR: 0.000010, Loss: 0.0519400, Validation MAE: 2.5350306, Test MAE: 3.2048197, Test MAE norm: 0.0643438
Epoch: 1454, LR: 0.000010, Loss: 0.0519427, Validation MAE: 2.5167148, Test MAE: 3.1885529, Test MAE norm: 0.0640172
Epoch: 1462, LR: 0.000010, Loss: 0.0519204, Validation MAE: 2.5014117, Test MAE: 3.1735435, Test MAE norm: 0.0637159
Epoch: 1465, LR: 0.000010, Loss: 0.0521180, Validation MAE: 2.4897137, Test MAE: 3.1611886, Test MAE norm: 0.0634678
Epoch: 1466, LR: 0.000010, Loss: 0.0519886, Validation MAE: 2.4633436, Test MAE: 3.1313090, Test MAE norm: 0.0628679
Epoch: 1470, LR: 0.000010, Loss: 0.0520450, Validation MAE: 2.4313211, Test MAE: 3.1004190, Test MAE norm: 0.0622477
Epoch: 1480, LR: 0.000010, Loss: 0.0519038, Validation MAE: 2.5647514, Test MAE: 3.2355564, Test MAE norm: 0.0649609
Epoch: 1481, LR: 0.000010, Loss: 0.0518856, Validation MAE: 2.5526209, Test MAE: 3.2220740, Test MAE norm: 0.0646902
Epoch: 1482, LR: 0.000010, Loss: 0.0518360, Validation MAE: 2.5034652, Test MAE: 3.1751752, Test MAE norm: 0.0637486
Epoch: 1486, LR: 0.000010, Loss: 0.0518434, Validation MAE: 2.4916060, Test MAE: 3.1678231, Test MAE norm: 0.0636010
Epoch: 1490, LR: 0.000010, Loss: 0.0518306, Validation MAE: 2.4854119, Test MAE: 3.1628041, Test MAE norm: 0.0635002
Epoch: 1500, LR: 0.000010, Loss: 0.0518057, Validation MAE: 2.5237772, Test MAE: 3.1995742, Test MAE norm: 0.0642385
Epoch: 1501, LR: 0.000010, Loss: 0.0517852, Validation MAE: 2.5151031, Test MAE: 3.1867428, Test MAE norm: 0.0639809
Epoch: 1506, LR: 0.000010, Loss: 0.0518357, Validation MAE: 2.5066309, Test MAE: 3.1763082, Test MAE norm: 0.0637714
Epoch: 1509, LR: 0.000010, Loss: 0.0519435, Validation MAE: 2.4841871, Test MAE: 3.1591346, Test MAE norm: 0.0634266
Epoch: 1510, LR: 0.000010, Loss: 0.0518453, Validation MAE: 2.4660380, Test MAE: 3.1429162, Test MAE norm: 0.0631009
Epoch: 1518, LR: 0.000010, Loss: 0.0517384, Validation MAE: 2.4636784, Test MAE: 3.1435885, Test MAE norm: 0.0631144
Epoch: 1528, LR: 0.000010, Loss: 0.0517254, Validation MAE: 2.5340600, Test MAE: 3.2150774, Test MAE norm: 0.0645497
Epoch: 1529, LR: 0.000010, Loss: 0.0517257, Validation MAE: 2.5014632, Test MAE: 3.1831968, Test MAE norm: 0.0639097
Epoch: 1530, LR: 0.000010, Loss: 0.0517290, Validation MAE: 2.4914446, Test MAE: 3.1775203, Test MAE norm: 0.0637957
Epoch: 1534, LR: 0.000010, Loss: 0.0517195, Validation MAE: 2.4757407, Test MAE: 3.1576774, Test MAE norm: 0.0633973
Epoch: 1542, LR: 0.000010, Loss: 0.0516779, Validation MAE: 2.4471233, Test MAE: 3.1323214, Test MAE norm: 0.0628882
Epoch: 1552, LR: 0.000010, Loss: 0.0516847, Validation MAE: 2.5307889, Test MAE: 3.2090862, Test MAE norm: 0.0644294
Epoch: 1553, LR: 0.000010, Loss: 0.0517156, Validation MAE: 2.4450026, Test MAE: 3.1287384, Test MAE norm: 0.0628163
Epoch: 1563, LR: 0.000010, Loss: 0.0516384, Validation MAE: 2.5245855, Test MAE: 3.2084675, Test MAE norm: 0.0644170
Epoch: 1565, LR: 0.000010, Loss: 0.0516922, Validation MAE: 2.4428020, Test MAE: 3.1294117, Test MAE norm: 0.0628298
Epoch: 1573, LR: 0.000010, Loss: 0.0516920, Validation MAE: 2.4202781, Test MAE: 3.1141922, Test MAE norm: 0.0625242
Epoch: 1574, LR: 0.000010, Loss: 0.0518082, Validation MAE: 2.4034843, Test MAE: 3.0989242, Test MAE norm: 0.0622177
Epoch: 1584, LR: 0.000010, Loss: 0.0516940, Validation MAE: 2.5231287, Test MAE: 3.2164323, Test MAE norm: 0.0645769
Epoch: 1586, LR: 0.000010, Loss: 0.0518311, Validation MAE: 2.4625230, Test MAE: 3.1581712, Test MAE norm: 0.0634072
Epoch: 1587, LR: 0.000010, Loss: 0.0516067, Validation MAE: 2.4346428, Test MAE: 3.1327786, Test MAE norm: 0.0628974
Epoch: 1590, LR: 0.000010, Loss: 0.0518117, Validation MAE: 2.4325173, Test MAE: 3.1344059, Test MAE norm: 0.0629301
Epoch: 1591, LR: 0.000010, Loss: 0.0517289, Validation MAE: 2.4053597, Test MAE: 3.1042747, Test MAE norm: 0.0623251
Epoch: 1595, LR: 0.000010, Loss: 0.0515877, Validation MAE: 2.3774431, Test MAE: 3.0842443, Test MAE norm: 0.0619230
Epoch: 1605, LR: 0.000010, Loss: 0.0516785, Validation MAE: 2.4095263, Test MAE: 3.1130178, Test MAE norm: 0.0625007
Epoch: 1615, LR: 0.000010, Loss: 0.0515787, Validation MAE: 2.4934053, Test MAE: 3.1904552, Test MAE norm: 0.0640554
Epoch: 1617, LR: 0.000010, Loss: 0.0515207, Validation MAE: 2.4211459, Test MAE: 3.1226521, Test MAE norm: 0.0626941
Epoch: 1622, LR: 0.000010, Loss: 0.0514757, Validation MAE: 2.4165101, Test MAE: 3.1202340, Test MAE norm: 0.0626455
Epoch: 1632, LR: 0.000010, Loss: 0.0514893, Validation MAE: 2.4394433, Test MAE: 3.1399939, Test MAE norm: 0.0630423
Epoch: 1639, LR: 0.000010, Loss: 0.0514349, Validation MAE: 2.4076035, Test MAE: 3.1117315, Test MAE norm: 0.0624748
Epoch: 1644, LR: 0.000010, Loss: 0.0515911, Validation MAE: 2.3791127, Test MAE: 3.0830619, Test MAE norm: 0.0618992
Epoch: 1654, LR: 0.000010, Loss: 0.0514526, Validation MAE: 2.5453823, Test MAE: 3.2385058, Test MAE norm: 0.0650201
Epoch: 1655, LR: 0.000010, Loss: 0.0516263, Validation MAE: 2.4896536, Test MAE: 3.1926603, Test MAE norm: 0.0640997
Epoch: 1656, LR: 0.000010, Loss: 0.0514223, Validation MAE: 2.4267943, Test MAE: 3.1373792, Test MAE norm: 0.0629898
Epoch: 1660, LR: 0.000010, Loss: 0.0515210, Validation MAE: 2.4247727, Test MAE: 3.1387231, Test MAE norm: 0.0630168
Epoch: 1661, LR: 0.000010, Loss: 0.0514282, Validation MAE: 2.4083648, Test MAE: 3.1218019, Test MAE norm: 0.0626770
Epoch: 1671, LR: 0.000010, Loss: 0.0513521, Validation MAE: 2.4508135, Test MAE: 3.1612239, Test MAE norm: 0.0634685
Epoch: 1672, LR: 0.000010, Loss: 0.0513272, Validation MAE: 2.4352794, Test MAE: 3.1425474, Test MAE norm: 0.0630935
Epoch: 1675, LR: 0.000010, Loss: 0.0513757, Validation MAE: 2.4151337, Test MAE: 3.1226072, Test MAE norm: 0.0626932
Epoch: 1676, LR: 0.000010, Loss: 0.0514362, Validation MAE: 2.4087307, Test MAE: 3.1188455, Test MAE norm: 0.0626177
Epoch: 1686, LR: 0.000010, Loss: 0.0513539, Validation MAE: 2.5227923, Test MAE: 3.2298515, Test MAE norm: 0.0648464
Epoch: 1687, LR: 0.000010, Loss: 0.0515291, Validation MAE: 2.4477539, Test MAE: 3.1606917, Test MAE norm: 0.0634578
Epoch: 1688, LR: 0.000010, Loss: 0.0513447, Validation MAE: 2.4038906, Test MAE: 3.1178648, Test MAE norm: 0.0625980
Epoch: 1692, LR: 0.000010, Loss: 0.0513225, Validation MAE: 2.3820393, Test MAE: 3.0973604, Test MAE norm: 0.0621863
Epoch: 1702, LR: 0.000010, Loss: 0.0513695, Validation MAE: 2.4778392, Test MAE: 3.1894231, Test MAE norm: 0.0640347
Epoch: 1703, LR: 0.000010, Loss: 0.0513442, Validation MAE: 2.4362035, Test MAE: 3.1480911, Test MAE norm: 0.0632048
Epoch: 1704, LR: 0.000010, Loss: 0.0512946, Validation MAE: 2.4336870, Test MAE: 3.1455381, Test MAE norm: 0.0631536
Epoch: 1709, LR: 0.000010, Loss: 0.0512772, Validation MAE: 2.4289055, Test MAE: 3.1411736, Test MAE norm: 0.0630660
Epoch: 1711, LR: 0.000010, Loss: 0.0512322, Validation MAE: 2.4276311, Test MAE: 3.1428020, Test MAE norm: 0.0630986
Epoch: 1715, LR: 0.000010, Loss: 0.0512530, Validation MAE: 2.3919537, Test MAE: 3.1085258, Test MAE norm: 0.0624105
Epoch: 1718, LR: 0.000010, Loss: 0.0512911, Validation MAE: 2.3894494, Test MAE: 3.1056838, Test MAE norm: 0.0623534
Epoch: 1722, LR: 0.000010, Loss: 0.0512346, Validation MAE: 2.3766348, Test MAE: 3.0991125, Test MAE norm: 0.0622215
Epoch: 1727, LR: 0.000010, Loss: 0.0513597, Validation MAE: 2.3741648, Test MAE: 3.0978196, Test MAE norm: 0.0621955
Epoch: 1731, LR: 0.000010, Loss: 0.0512406, Validation MAE: 2.3685899, Test MAE: 3.0954747, Test MAE norm: 0.0621484
Epoch: 1741, LR: 0.000010, Loss: 0.0511384, Validation MAE: 2.4641831, Test MAE: 3.1804757, Test MAE norm: 0.0638550
Epoch: 1742, LR: 0.000010, Loss: 0.0512157, Validation MAE: 2.4329212, Test MAE: 3.1522789, Test MAE norm: 0.0632889
Epoch: 1743, LR: 0.000010, Loss: 0.0511764, Validation MAE: 2.3978028, Test MAE: 3.1197150, Test MAE norm: 0.0626351
Epoch: 1752, LR: 0.000010, Loss: 0.0511882, Validation MAE: 2.3896196, Test MAE: 3.1117625, Test MAE norm: 0.0624755
Epoch: 1762, LR: 0.000010, Loss: 0.0511022, Validation MAE: 2.4202135, Test MAE: 3.1471920, Test MAE norm: 0.0631868
Epoch: 1763, LR: 0.000010, Loss: 0.0511138, Validation MAE: 2.4196174, Test MAE: 3.1451190, Test MAE norm: 0.0631452
Epoch: 1766, LR: 0.000010, Loss: 0.0511321, Validation MAE: 2.4145770, Test MAE: 3.1382570, Test MAE norm: 0.0630074
Epoch: 1769, LR: 0.000010, Loss: 0.0511326, Validation MAE: 2.3896782, Test MAE: 3.1139047, Test MAE norm: 0.0625185
Epoch: 1775, LR: 0.000010, Loss: 0.0511677, Validation MAE: 2.3655181, Test MAE: 3.0921557, Test MAE norm: 0.0620818
Epoch: 1779, LR: 0.000010, Loss: 0.0511050, Validation MAE: 2.3331442, Test MAE: 3.0691803, Test MAE norm: 0.0616205
Epoch: 1784, LR: 0.000010, Loss: 0.0512915, Validation MAE: 2.3178525, Test MAE: 3.0604315, Test MAE norm: 0.0614449
Epoch: 1794, LR: 0.000010, Loss: 0.0510831, Validation MAE: 2.4854357, Test MAE: 3.2184522, Test MAE norm: 0.0646175
Epoch: 1795, LR: 0.000010, Loss: 0.0513246, Validation MAE: 2.4167795, Test MAE: 3.1576691, Test MAE norm: 0.0633971
Epoch: 1796, LR: 0.000010, Loss: 0.0510939, Validation MAE: 2.3394156, Test MAE: 3.0810561, Test MAE norm: 0.0618590
Epoch: 1806, LR: 0.000010, Loss: 0.0510414, Validation MAE: 2.4278831, Test MAE: 3.1566668, Test MAE norm: 0.0633770
Epoch: 1807, LR: 0.000010, Loss: 0.0511073, Validation MAE: 2.3524966, Test MAE: 3.0890827, Test MAE norm: 0.0620201
Epoch: 1811, LR: 0.000010, Loss: 0.0510618, Validation MAE: 2.3399012, Test MAE: 3.0835843, Test MAE norm: 0.0619097
Epoch: 1815, LR: 0.000010, Loss: 0.0510408, Validation MAE: 2.3273087, Test MAE: 3.0685182, Test MAE norm: 0.0616072
Epoch: 1819, LR: 0.000010, Loss: 0.0510022, Validation MAE: 2.3169920, Test MAE: 3.0623291, Test MAE norm: 0.0614830
Epoch: 1829, LR: 0.000010, Loss: 0.0510353, Validation MAE: 2.4533768, Test MAE: 3.2015011, Test MAE norm: 0.0642772
Epoch: 1830, LR: 0.000010, Loss: 0.0511688, Validation MAE: 2.3958714, Test MAE: 3.1472719, Test MAE norm: 0.0631884
Epoch: 1831, LR: 0.000010, Loss: 0.0509891, Validation MAE: 2.3689237, Test MAE: 3.1218317, Test MAE norm: 0.0626776
Epoch: 1834, LR: 0.000010, Loss: 0.0510748, Validation MAE: 2.3657942, Test MAE: 3.1128161, Test MAE norm: 0.0624966
Epoch: 1838, LR: 0.000010, Loss: 0.0509932, Validation MAE: 2.3645990, Test MAE: 3.1113551, Test MAE norm: 0.0624673
Epoch: 1848, LR: 0.000010, Loss: 0.0509359, Validation MAE: 2.4143376, Test MAE: 3.1588094, Test MAE norm: 0.0634200
Epoch: 1849, LR: 0.000010, Loss: 0.0510140, Validation MAE: 2.3467133, Test MAE: 3.0974889, Test MAE norm: 0.0621889
Epoch: 1859, LR: 0.000010, Loss: 0.0509517, Validation MAE: 2.3884060, Test MAE: 3.1365826, Test MAE norm: 0.0629738
Epoch: 1861, LR: 0.000010, Loss: 0.0509493, Validation MAE: 2.3689637, Test MAE: 3.1261938, Test MAE norm: 0.0627652
Epoch: 1865, LR: 0.000010, Loss: 0.0509290, Validation MAE: 2.3526738, Test MAE: 3.1130240, Test MAE norm: 0.0625008
Epoch: 1868, LR: 0.000010, Loss: 0.0509933, Validation MAE: 2.3181851, Test MAE: 3.0740597, Test MAE norm: 0.0617185
Epoch: 1878, LR: 0.000010, Loss: 0.0511935, Validation MAE: 2.3541305, Test MAE: 3.1140141, Test MAE norm: 0.0625207
Epoch: 1879, LR: 0.000010, Loss: 0.0508711, Validation MAE: 2.3361707, Test MAE: 3.0948622, Test MAE norm: 0.0621362
Epoch: 1889, LR: 0.000010, Loss: 0.0508674, Validation MAE: 2.3902533, Test MAE: 3.1502483, Test MAE norm: 0.0632482
Epoch: 1890, LR: 0.000010, Loss: 0.0508808, Validation MAE: 2.3280878, Test MAE: 3.0890510, Test MAE norm: 0.0620195
Epoch: 1894, LR: 0.000010, Loss: 0.0508340, Validation MAE: 2.3229842, Test MAE: 3.0842090, Test MAE norm: 0.0619223
Epoch: 1898, LR: 0.000010, Loss: 0.0508263, Validation MAE: 2.3199623, Test MAE: 3.0854802, Test MAE norm: 0.0619478
Epoch: 1901, LR: 0.000010, Loss: 0.0509548, Validation MAE: 2.3052835, Test MAE: 3.0725551, Test MAE norm: 0.0616883
Epoch: 1911, LR: 0.000010, Loss: 0.0507885, Validation MAE: 2.3665941, Test MAE: 3.1378102, Test MAE norm: 0.0629984
Epoch: 1912, LR: 0.000010, Loss: 0.0507928, Validation MAE: 2.3571031, Test MAE: 3.1267776, Test MAE norm: 0.0627769
Epoch: 1913, LR: 0.000010, Loss: 0.0507831, Validation MAE: 2.3555357, Test MAE: 3.1244791, Test MAE norm: 0.0627308
Epoch: 1914, LR: 0.000010, Loss: 0.0507702, Validation MAE: 2.3289118, Test MAE: 3.1011355, Test MAE norm: 0.0622621
Epoch: 1917, LR: 0.000010, Loss: 0.0507492, Validation MAE: 2.3030076, Test MAE: 3.0770061, Test MAE norm: 0.0617777
Epoch: 1927, LR: 0.000010, Loss: 0.0507514, Validation MAE: 2.3875206, Test MAE: 3.1693294, Test MAE norm: 0.0636312
Epoch: 1928, LR: 0.000010, Loss: 0.0508381, Validation MAE: 2.2855246, Test MAE: 3.0667336, Test MAE norm: 0.0615714
Epoch: 1938, LR: 0.000010, Loss: 0.0507820, Validation MAE: 2.3608637, Test MAE: 3.1464953, Test MAE norm: 0.0631728
Epoch: 1939, LR: 0.000010, Loss: 0.0507443, Validation MAE: 2.3059595, Test MAE: 3.0922570, Test MAE norm: 0.0620838
Epoch: 1949, LR: 0.000010, Loss: 0.0507073, Validation MAE: 2.3566117, Test MAE: 3.1382728, Test MAE norm: 0.0630077
Epoch: 1950, LR: 0.000010, Loss: 0.0507108, Validation MAE: 2.3408589, Test MAE: 3.1250992, Test MAE norm: 0.0627432
Epoch: 1951, LR: 0.000010, Loss: 0.0506897, Validation MAE: 2.3396931, Test MAE: 3.1242797, Test MAE norm: 0.0627268
Epoch: 1954, LR: 0.000010, Loss: 0.0507484, Validation MAE: 2.2972317, Test MAE: 3.0785868, Test MAE norm: 0.0618094
Epoch: 1958, LR: 0.000010, Loss: 0.0506926, Validation MAE: 2.2601519, Test MAE: 3.0293279, Test MAE norm: 0.0608204
Epoch: 1968, LR: 0.000010, Loss: 0.0507512, Validation MAE: 2.3172326, Test MAE: 3.1087503, Test MAE norm: 0.0624150
Epoch: 1974, LR: 0.000010, Loss: 0.0507243, Validation MAE: 2.3069587, Test MAE: 3.1010838, Test MAE norm: 0.0622611
Epoch: 1977, LR: 0.000010, Loss: 0.0507423, Validation MAE: 2.3063183, Test MAE: 3.1006584, Test MAE norm: 0.0622525
Epoch: 1980, LR: 0.000010, Loss: 0.0507622, Validation MAE: 2.3002028, Test MAE: 3.0965362, Test MAE norm: 0.0621698
Epoch: 1984, LR: 0.000010, Loss: 0.0506227, Validation MAE: 2.2950957, Test MAE: 3.0937655, Test MAE norm: 0.0621141
Epoch: 1990, LR: 0.000010, Loss: 0.0507124, Validation MAE: 2.2812676, Test MAE: 3.0820775, Test MAE norm: 0.0618795
Epoch: 2000, LR: 0.000010, Loss: 0.0505498, Validation MAE: 2.3006718, Test MAE: 3.1021101, Test MAE norm: 0.0622817
Epoch: 2000, LR: 0.000010, Loss: 0.0505498, Validation MAE: 2.3006718, Test MAE: 3.1021101, Test MAE norm: 0.0622817