Command line input: python run_count.py --batch_size 256 --target 0 --model GNNAK --h 3 --seed 1 --epoch 2000 --dataset easy-1
Mean = 7.924, Std = 12.519
Using GNNAK model

Epoch: 001, LR: 0.001000, Loss: 0.6126136, Validation MAE: 6.1565900, Test MAE: 6.5543952, Test MAE norm: 0.5235390
Epoch: 002, LR: 0.001000, Loss: 0.4933947, Validation MAE: 4.7149124, Test MAE: 4.7426600, Test MAE norm: 0.3788248
Epoch: 003, LR: 0.001000, Loss: 0.3790148, Validation MAE: 4.1288433, Test MAE: 4.1197376, Test MAE norm: 0.3290682
Epoch: 005, LR: 0.001000, Loss: 0.5817444, Validation MAE: 3.6876290, Test MAE: 3.8406241, Test MAE norm: 0.3067738
Epoch: 007, LR: 0.001000, Loss: 0.3538386, Validation MAE: 3.2930129, Test MAE: 3.7705221, Test MAE norm: 0.3011743
Epoch: 008, LR: 0.001000, Loss: 0.2973076, Validation MAE: 2.8756082, Test MAE: 3.0417111, Test MAE norm: 0.2429598
Epoch: 011, LR: 0.001000, Loss: 0.2768805, Validation MAE: 2.6952872, Test MAE: 2.9696743, Test MAE norm: 0.2372058
Epoch: 013, LR: 0.001000, Loss: 0.2757135, Validation MAE: 2.6176505, Test MAE: 3.0469522, Test MAE norm: 0.2433784
Epoch: 014, LR: 0.001000, Loss: 0.2619537, Validation MAE: 2.3792210, Test MAE: 2.7183890, Test MAE norm: 0.2171341
Epoch: 017, LR: 0.001000, Loss: 0.2495244, Validation MAE: 2.3299301, Test MAE: 2.6497600, Test MAE norm: 0.2116523
Epoch: 026, LR: 0.001000, Loss: 0.2345882, Validation MAE: 2.3233249, Test MAE: 2.7181442, Test MAE norm: 0.2171146
Epoch: 027, LR: 0.001000, Loss: 0.2271168, Validation MAE: 2.2979574, Test MAE: 2.6800416, Test MAE norm: 0.2140711
Epoch: 029, LR: 0.001000, Loss: 0.2296170, Validation MAE: 2.1751385, Test MAE: 2.6747515, Test MAE norm: 0.2136485
Epoch: 039, LR: 0.001000, Loss: 0.2220281, Validation MAE: 2.2661488, Test MAE: 2.7591293, Test MAE norm: 0.2203883
Epoch: 040, LR: 0.001000, Loss: 0.2215576, Validation MAE: 2.2488327, Test MAE: 2.7032657, Test MAE norm: 0.2159261
Epoch: 044, LR: 0.000900, Loss: 0.2179382, Validation MAE: 2.2202251, Test MAE: 2.7160394, Test MAE norm: 0.2169464
Epoch: 047, LR: 0.000900, Loss: 0.2174461, Validation MAE: 2.2035692, Test MAE: 2.7217245, Test MAE norm: 0.2174005
Epoch: 048, LR: 0.000900, Loss: 0.2182692, Validation MAE: 2.1846228, Test MAE: 2.7575555, Test MAE norm: 0.2202626
Epoch: 058, LR: 0.000810, Loss: 0.2142577, Validation MAE: 2.2319119, Test MAE: 2.7220180, Test MAE norm: 0.2174240
Epoch: 059, LR: 0.000810, Loss: 0.2133245, Validation MAE: 2.2031431, Test MAE: 2.7140372, Test MAE norm: 0.2167865
Epoch: 062, LR: 0.000810, Loss: 0.2123032, Validation MAE: 2.1930575, Test MAE: 2.6748984, Test MAE norm: 0.2136602
Epoch: 065, LR: 0.000729, Loss: 0.2118208, Validation MAE: 2.1927910, Test MAE: 2.8256896, Test MAE norm: 0.2257048
Epoch: 066, LR: 0.000729, Loss: 0.2117075, Validation MAE: 2.1652329, Test MAE: 2.7676814, Test MAE norm: 0.2210714
Epoch: 071, LR: 0.000729, Loss: 0.2103449, Validation MAE: 2.1602354, Test MAE: 2.7100196, Test MAE norm: 0.2164656
Epoch: 072, LR: 0.000729, Loss: 0.2104919, Validation MAE: 2.1591487, Test MAE: 2.6787140, Test MAE norm: 0.2139650
Epoch: 082, LR: 0.000729, Loss: 0.2087880, Validation MAE: 2.1564710, Test MAE: 2.6468294, Test MAE norm: 0.2114182
Epoch: 092, LR: 0.000729, Loss: 0.2094588, Validation MAE: 2.1561596, Test MAE: 2.9951930, Test MAE norm: 0.2392441
Epoch: 102, LR: 0.000729, Loss: 0.2060880, Validation MAE: 2.2286546, Test MAE: 2.7178555, Test MAE norm: 0.2170915
Epoch: 103, LR: 0.000729, Loss: 0.2103668, Validation MAE: 2.1324682, Test MAE: 2.6449585, Test MAE norm: 0.2112688
Epoch: 113, LR: 0.000729, Loss: 0.2064364, Validation MAE: 2.2740335, Test MAE: 2.6037502, Test MAE norm: 0.2079772
Epoch: 114, LR: 0.000729, Loss: 0.2079581, Validation MAE: 2.1840401, Test MAE: 2.5589025, Test MAE norm: 0.2043950
Epoch: 116, LR: 0.000656, Loss: 0.2077766, Validation MAE: 2.1728437, Test MAE: 2.6046655, Test MAE norm: 0.2080503
Epoch: 117, LR: 0.000656, Loss: 0.2065883, Validation MAE: 2.1556189, Test MAE: 2.6387892, Test MAE norm: 0.2107760
Epoch: 119, LR: 0.000656, Loss: 0.2059667, Validation MAE: 2.1306317, Test MAE: 2.5510120, Test MAE norm: 0.2037647
Epoch: 121, LR: 0.000656, Loss: 0.2042543, Validation MAE: 2.1277473, Test MAE: 2.6918657, Test MAE norm: 0.2150155
Epoch: 122, LR: 0.000656, Loss: 0.2045858, Validation MAE: 2.1242390, Test MAE: 2.5843296, Test MAE norm: 0.2064260
Epoch: 125, LR: 0.000656, Loss: 0.2030278, Validation MAE: 2.1201563, Test MAE: 2.6492295, Test MAE norm: 0.2116099
Epoch: 127, LR: 0.000656, Loss: 0.2027318, Validation MAE: 2.1010485, Test MAE: 2.5892727, Test MAE norm: 0.2068208
Epoch: 130, LR: 0.000656, Loss: 0.2021371, Validation MAE: 2.0918462, Test MAE: 2.6031542, Test MAE norm: 0.2079296
Epoch: 134, LR: 0.000656, Loss: 0.1990865, Validation MAE: 2.0813506, Test MAE: 2.5571969, Test MAE norm: 0.2042587
Epoch: 135, LR: 0.000656, Loss: 0.1989581, Validation MAE: 2.0752637, Test MAE: 2.5363793, Test MAE norm: 0.2025959
Epoch: 138, LR: 0.000656, Loss: 0.1981968, Validation MAE: 2.0728252, Test MAE: 2.5370975, Test MAE norm: 0.2026533
Epoch: 148, LR: 0.000656, Loss: 0.2078985, Validation MAE: 2.1630080, Test MAE: 2.7885885, Test MAE norm: 0.2227414
Epoch: 150, LR: 0.000590, Loss: 0.2134445, Validation MAE: 2.1536536, Test MAE: 2.5386736, Test MAE norm: 0.2027792
Epoch: 152, LR: 0.000590, Loss: 0.2098579, Validation MAE: 2.0731509, Test MAE: 2.5510662, Test MAE norm: 0.2037690
Epoch: 162, LR: 0.000531, Loss: 0.1964943, Validation MAE: 2.1536117, Test MAE: 2.5334759, Test MAE norm: 0.2023640
Epoch: 163, LR: 0.000531, Loss: 0.2038369, Validation MAE: 2.0317345, Test MAE: 2.4955680, Test MAE norm: 0.1993361
Epoch: 169, LR: 0.000531, Loss: 0.1954969, Validation MAE: 2.0304050, Test MAE: 2.6515796, Test MAE norm: 0.2117976
Epoch: 170, LR: 0.000531, Loss: 0.1934785, Validation MAE: 2.0138171, Test MAE: 2.5869668, Test MAE norm: 0.2066366
Epoch: 172, LR: 0.000531, Loss: 0.1929727, Validation MAE: 1.9922090, Test MAE: 2.4776154, Test MAE norm: 0.1979021
Epoch: 173, LR: 0.000531, Loss: 0.1905442, Validation MAE: 1.9637518, Test MAE: 2.4791172, Test MAE norm: 0.1980220
Epoch: 182, LR: 0.000531, Loss: 0.1920254, Validation MAE: 1.9556885, Test MAE: 2.5734198, Test MAE norm: 0.2055545
Epoch: 183, LR: 0.000531, Loss: 0.1873985, Validation MAE: 1.9535104, Test MAE: 2.5383508, Test MAE norm: 0.2027534
Epoch: 187, LR: 0.000531, Loss: 0.1875228, Validation MAE: 1.9409591, Test MAE: 2.5716746, Test MAE norm: 0.2054151
Epoch: 189, LR: 0.000531, Loss: 0.1868068, Validation MAE: 1.9227328, Test MAE: 2.5546999, Test MAE norm: 0.2040593
Epoch: 193, LR: 0.000531, Loss: 0.1876434, Validation MAE: 1.9219069, Test MAE: 2.5251784, Test MAE norm: 0.2017012
Epoch: 202, LR: 0.000531, Loss: 0.1878200, Validation MAE: 1.9104686, Test MAE: 2.5719686, Test MAE norm: 0.2054386
Epoch: 209, LR: 0.000531, Loss: 0.1886045, Validation MAE: 1.9060540, Test MAE: 2.5101397, Test MAE norm: 0.2005000
Epoch: 219, LR: 0.000531, Loss: 0.1904009, Validation MAE: 1.9780598, Test MAE: 2.5060079, Test MAE norm: 0.2001700
Epoch: 221, LR: 0.000478, Loss: 0.1954682, Validation MAE: 1.9706799, Test MAE: 2.5812061, Test MAE norm: 0.2061765
Epoch: 223, LR: 0.000478, Loss: 0.1899780, Validation MAE: 1.9287641, Test MAE: 2.4561181, Test MAE norm: 0.1961849
Epoch: 233, LR: 0.000430, Loss: 0.1886383, Validation MAE: 1.9261259, Test MAE: 2.4483860, Test MAE norm: 0.1955673
Epoch: 234, LR: 0.000430, Loss: 0.1834187, Validation MAE: 1.9075660, Test MAE: 2.5482349, Test MAE norm: 0.2035429
Epoch: 244, LR: 0.000387, Loss: 0.1831183, Validation MAE: 1.9362135, Test MAE: 2.4174399, Test MAE norm: 0.1930955
Epoch: 245, LR: 0.000387, Loss: 0.1824052, Validation MAE: 1.9134961, Test MAE: 2.4293792, Test MAE norm: 0.1940491
Epoch: 252, LR: 0.000387, Loss: 0.1832063, Validation MAE: 1.9101809, Test MAE: 2.4925768, Test MAE norm: 0.1990971
Epoch: 253, LR: 0.000387, Loss: 0.1867840, Validation MAE: 1.8986540, Test MAE: 2.5174100, Test MAE norm: 0.2010807
Epoch: 263, LR: 0.000387, Loss: 0.1824291, Validation MAE: 1.8827487, Test MAE: 2.3838768, Test MAE norm: 0.1904146
Epoch: 266, LR: 0.000387, Loss: 0.1808500, Validation MAE: 1.8818359, Test MAE: 2.3938053, Test MAE norm: 0.1912076
Epoch: 273, LR: 0.000387, Loss: 0.1797291, Validation MAE: 1.8799027, Test MAE: 2.3629899, Test MAE norm: 0.1887462
Epoch: 277, LR: 0.000387, Loss: 0.1826464, Validation MAE: 1.8707821, Test MAE: 2.4166095, Test MAE norm: 0.1930292
Epoch: 280, LR: 0.000387, Loss: 0.1811887, Validation MAE: 1.8581058, Test MAE: 2.4028070, Test MAE norm: 0.1919267
Epoch: 284, LR: 0.000387, Loss: 0.1799762, Validation MAE: 1.8537376, Test MAE: 2.4092083, Test MAE norm: 0.1924380
Epoch: 294, LR: 0.000387, Loss: 0.1800421, Validation MAE: 1.9312769, Test MAE: 2.4287357, Test MAE norm: 0.1939978
Epoch: 295, LR: 0.000387, Loss: 0.1812320, Validation MAE: 1.8612462, Test MAE: 2.3944747, Test MAE norm: 0.1912611
Epoch: 299, LR: 0.000349, Loss: 0.1793539, Validation MAE: 1.8480339, Test MAE: 2.3709469, Test MAE norm: 0.1893818
Epoch: 309, LR: 0.000349, Loss: 0.1796135, Validation MAE: 1.9537660, Test MAE: 2.3947690, Test MAE norm: 0.1912846
Epoch: 310, LR: 0.000349, Loss: 0.1810258, Validation MAE: 1.9411827, Test MAE: 2.4052708, Test MAE norm: 0.1921235
Epoch: 311, LR: 0.000314, Loss: 0.1810551, Validation MAE: 1.8534192, Test MAE: 2.3800490, Test MAE norm: 0.1901089
Epoch: 312, LR: 0.000314, Loss: 0.1787885, Validation MAE: 1.8404722, Test MAE: 2.3858135, Test MAE norm: 0.1905693
Epoch: 322, LR: 0.000314, Loss: 0.1779734, Validation MAE: 1.8901848, Test MAE: 2.3730376, Test MAE norm: 0.1895488
Epoch: 323, LR: 0.000314, Loss: 0.1779151, Validation MAE: 1.8477942, Test MAE: 2.3554056, Test MAE norm: 0.1881404
Epoch: 328, LR: 0.000282, Loss: 0.1778939, Validation MAE: 1.8466171, Test MAE: 2.3683639, Test MAE norm: 0.1891755
Epoch: 335, LR: 0.000254, Loss: 0.1768492, Validation MAE: 1.8364897, Test MAE: 2.3540919, Test MAE norm: 0.1880355
Epoch: 336, LR: 0.000254, Loss: 0.1774472, Validation MAE: 1.8361264, Test MAE: 2.3557897, Test MAE norm: 0.1881711
Epoch: 343, LR: 0.000254, Loss: 0.1766248, Validation MAE: 1.8290497, Test MAE: 2.3538241, Test MAE norm: 0.1880141
Epoch: 353, LR: 0.000254, Loss: 0.1760289, Validation MAE: 1.8885607, Test MAE: 2.3649447, Test MAE norm: 0.1889024
Epoch: 354, LR: 0.000254, Loss: 0.1763158, Validation MAE: 1.8746387, Test MAE: 2.3725202, Test MAE norm: 0.1895075
Epoch: 359, LR: 0.000229, Loss: 0.1767467, Validation MAE: 1.8430771, Test MAE: 2.3867886, Test MAE norm: 0.1906472
Epoch: 365, LR: 0.000229, Loss: 0.1762123, Validation MAE: 1.8390280, Test MAE: 2.3500159, Test MAE norm: 0.1877099
Epoch: 375, LR: 0.000206, Loss: 0.1760103, Validation MAE: 1.8592269, Test MAE: 2.3674695, Test MAE norm: 0.1891041
Epoch: 376, LR: 0.000206, Loss: 0.1756004, Validation MAE: 1.8435087, Test MAE: 2.3535662, Test MAE norm: 0.1879935
Epoch: 379, LR: 0.000185, Loss: 0.1750124, Validation MAE: 1.8407692, Test MAE: 2.3418229, Test MAE norm: 0.1870555
Epoch: 388, LR: 0.000167, Loss: 0.1751716, Validation MAE: 1.8289698, Test MAE: 2.3540893, Test MAE norm: 0.1880353
Epoch: 398, LR: 0.000167, Loss: 0.1751206, Validation MAE: 1.8660089, Test MAE: 2.3745499, Test MAE norm: 0.1896696
Epoch: 399, LR: 0.000150, Loss: 0.1750181, Validation MAE: 1.8421760, Test MAE: 2.3612525, Test MAE norm: 0.1886075
Epoch: 405, LR: 0.000150, Loss: 0.1747772, Validation MAE: 1.8386469, Test MAE: 2.3624682, Test MAE norm: 0.1887046
Epoch: 412, LR: 0.000135, Loss: 0.1744113, Validation MAE: 1.8337668, Test MAE: 2.3678017, Test MAE norm: 0.1891306
Epoch: 419, LR: 0.000135, Loss: 0.1741072, Validation MAE: 1.8323339, Test MAE: 2.3558621, Test MAE norm: 0.1881769
Epoch: 429, LR: 0.000122, Loss: 0.1737106, Validation MAE: 1.8565089, Test MAE: 2.3744903, Test MAE norm: 0.1896648
Epoch: 430, LR: 0.000122, Loss: 0.1736189, Validation MAE: 1.8518394, Test MAE: 2.3699250, Test MAE norm: 0.1893002
Epoch: 431, LR: 0.000122, Loss: 0.1734564, Validation MAE: 1.8443570, Test MAE: 2.3630915, Test MAE norm: 0.1887543
Epoch: 434, LR: 0.000109, Loss: 0.1734108, Validation MAE: 1.8375831, Test MAE: 2.3639505, Test MAE norm: 0.1888230
Epoch: 440, LR: 0.000109, Loss: 0.1736312, Validation MAE: 1.8357708, Test MAE: 2.3602483, Test MAE norm: 0.1885272
Epoch: 448, LR: 0.000098, Loss: 0.1736160, Validation MAE: 1.8338648, Test MAE: 2.3633995, Test MAE norm: 0.1887790
Epoch: 458, LR: 0.000089, Loss: 0.1735812, Validation MAE: 1.8494506, Test MAE: 2.3717546, Test MAE norm: 0.1894463
Epoch: 459, LR: 0.000089, Loss: 0.1732536, Validation MAE: 1.8313982, Test MAE: 2.3625727, Test MAE norm: 0.1887129
Epoch: 466, LR: 0.000080, Loss: 0.1730091, Validation MAE: 1.8303961, Test MAE: 2.3643258, Test MAE norm: 0.1888529
Epoch: 476, LR: 0.000072, Loss: 0.1729253, Validation MAE: 1.8389372, Test MAE: 2.3579063, Test MAE norm: 0.1883402
Epoch: 477, LR: 0.000072, Loss: 0.1729287, Validation MAE: 1.8286875, Test MAE: 2.3557196, Test MAE norm: 0.1881655
Epoch: 487, LR: 0.000072, Loss: 0.1727830, Validation MAE: 1.8548084, Test MAE: 2.3664055, Test MAE norm: 0.1890191
Epoch: 488, LR: 0.000072, Loss: 0.1727858, Validation MAE: 1.8484802, Test MAE: 2.3657205, Test MAE norm: 0.1889644
Epoch: 490, LR: 0.000065, Loss: 0.1726025, Validation MAE: 1.8408382, Test MAE: 2.3645172, Test MAE norm: 0.1888682
Epoch: 491, LR: 0.000065, Loss: 0.1725065, Validation MAE: 1.8331790, Test MAE: 2.3637965, Test MAE norm: 0.1888107
Epoch: 501, LR: 0.000058, Loss: 0.1725817, Validation MAE: 1.8470819, Test MAE: 2.3685589, Test MAE norm: 0.1891911
Epoch: 502, LR: 0.000058, Loss: 0.1724213, Validation MAE: 1.8340323, Test MAE: 2.3657608, Test MAE norm: 0.1889676
Epoch: 503, LR: 0.000058, Loss: 0.1725867, Validation MAE: 1.8311650, Test MAE: 2.3631260, Test MAE norm: 0.1887571
Epoch: 513, LR: 0.000052, Loss: 0.1724716, Validation MAE: 1.8393066, Test MAE: 2.3710144, Test MAE norm: 0.1893872
Epoch: 515, LR: 0.000052, Loss: 0.1723026, Validation MAE: 1.8381264, Test MAE: 2.3654673, Test MAE norm: 0.1889441
Epoch: 517, LR: 0.000052, Loss: 0.1722320, Validation MAE: 1.8355436, Test MAE: 2.3606076, Test MAE norm: 0.1885559
Epoch: 518, LR: 0.000052, Loss: 0.1720319, Validation MAE: 1.8320723, Test MAE: 2.3583806, Test MAE norm: 0.1883781
Epoch: 521, LR: 0.000052, Loss: 0.1722594, Validation MAE: 1.8283367, Test MAE: 2.3560414, Test MAE norm: 0.1881912
Epoch: 531, LR: 0.000052, Loss: 0.1721675, Validation MAE: 1.8410387, Test MAE: 2.3629084, Test MAE norm: 0.1887397
Epoch: 532, LR: 0.000052, Loss: 0.1721255, Validation MAE: 1.8371489, Test MAE: 2.3628552, Test MAE norm: 0.1887355
Epoch: 533, LR: 0.000047, Loss: 0.1720177, Validation MAE: 1.8355454, Test MAE: 2.3609154, Test MAE norm: 0.1885805
Epoch: 535, LR: 0.000047, Loss: 0.1720482, Validation MAE: 1.8347580, Test MAE: 2.3594534, Test MAE norm: 0.1884638
Epoch: 536, LR: 0.000047, Loss: 0.1720110, Validation MAE: 1.8335835, Test MAE: 2.3616307, Test MAE norm: 0.1886377
Epoch: 542, LR: 0.000047, Loss: 0.1719744, Validation MAE: 1.8328316, Test MAE: 2.3573284, Test MAE norm: 0.1882940
Epoch: 547, LR: 0.000042, Loss: 0.1719156, Validation MAE: 1.8298275, Test MAE: 2.3609307, Test MAE norm: 0.1885817
Epoch: 548, LR: 0.000042, Loss: 0.1720742, Validation MAE: 1.8294883, Test MAE: 2.3575442, Test MAE norm: 0.1883112
Epoch: 554, LR: 0.000042, Loss: 0.1719854, Validation MAE: 1.8260124, Test MAE: 2.3650541, Test MAE norm: 0.1889111
Epoch: 564, LR: 0.000042, Loss: 0.1719319, Validation MAE: 1.8324974, Test MAE: 2.3563697, Test MAE norm: 0.1882174
Epoch: 565, LR: 0.000042, Loss: 0.1717786, Validation MAE: 1.8270760, Test MAE: 2.3552237, Test MAE norm: 0.1881259
Epoch: 575, LR: 0.000038, Loss: 0.1717463, Validation MAE: 1.8357893, Test MAE: 2.3585949, Test MAE norm: 0.1883952
Epoch: 579, LR: 0.000034, Loss: 0.1716001, Validation MAE: 1.8349698, Test MAE: 2.3616865, Test MAE norm: 0.1886421
Epoch: 580, LR: 0.000034, Loss: 0.1717557, Validation MAE: 1.8285788, Test MAE: 2.3596611, Test MAE norm: 0.1884803
Epoch: 584, LR: 0.000034, Loss: 0.1715715, Validation MAE: 1.8282917, Test MAE: 2.3593659, Test MAE norm: 0.1884568
Epoch: 587, LR: 0.000034, Loss: 0.1715749, Validation MAE: 1.8266685, Test MAE: 2.3596725, Test MAE norm: 0.1884813
Epoch: 588, LR: 0.000031, Loss: 0.1717342, Validation MAE: 1.8246963, Test MAE: 2.3599403, Test MAE norm: 0.1885026
Epoch: 598, LR: 0.000031, Loss: 0.1714298, Validation MAE: 1.8375002, Test MAE: 2.3609507, Test MAE norm: 0.1885834
Epoch: 599, LR: 0.000031, Loss: 0.1714141, Validation MAE: 1.8330221, Test MAE: 2.3611901, Test MAE norm: 0.1886025
Epoch: 600, LR: 0.000028, Loss: 0.1713708, Validation MAE: 1.8296313, Test MAE: 2.3606477, Test MAE norm: 0.1885591
Epoch: 601, LR: 0.000028, Loss: 0.1713310, Validation MAE: 1.8290622, Test MAE: 2.3591783, Test MAE norm: 0.1884418
Epoch: 608, LR: 0.000028, Loss: 0.1714310, Validation MAE: 1.8274770, Test MAE: 2.3601189, Test MAE norm: 0.1885169
Epoch: 618, LR: 0.000025, Loss: 0.1713895, Validation MAE: 1.8292538, Test MAE: 2.3600383, Test MAE norm: 0.1885105
Epoch: 625, LR: 0.000023, Loss: 0.1713376, Validation MAE: 1.8283483, Test MAE: 2.3607349, Test MAE norm: 0.1885661
Epoch: 626, LR: 0.000023, Loss: 0.1713452, Validation MAE: 1.8269802, Test MAE: 2.3582089, Test MAE norm: 0.1883643
Epoch: 633, LR: 0.000020, Loss: 0.1712984, Validation MAE: 1.8269145, Test MAE: 2.3606670, Test MAE norm: 0.1885607
Epoch: 634, LR: 0.000020, Loss: 0.1712606, Validation MAE: 1.8251710, Test MAE: 2.3589563, Test MAE norm: 0.1884241
Epoch: 644, LR: 0.000018, Loss: 0.1712716, Validation MAE: 1.8313590, Test MAE: 2.3632584, Test MAE norm: 0.1887677
Epoch: 645, LR: 0.000018, Loss: 0.1711451, Validation MAE: 1.8286544, Test MAE: 2.3626370, Test MAE norm: 0.1887181
Epoch: 651, LR: 0.000018, Loss: 0.1710394, Validation MAE: 1.8277909, Test MAE: 2.3591962, Test MAE norm: 0.1884432
Epoch: 654, LR: 0.000018, Loss: 0.1710588, Validation MAE: 1.8270407, Test MAE: 2.3606963, Test MAE norm: 0.1885630
Epoch: 655, LR: 0.000016, Loss: 0.1710737, Validation MAE: 1.8268980, Test MAE: 2.3595321, Test MAE norm: 0.1884700
Epoch: 665, LR: 0.000016, Loss: 0.1709944, Validation MAE: 1.8302035, Test MAE: 2.3627183, Test MAE norm: 0.1887245
Epoch: 667, LR: 0.000015, Loss: 0.1709662, Validation MAE: 1.8288926, Test MAE: 2.3610802, Test MAE norm: 0.1885937
Epoch: 668, LR: 0.000015, Loss: 0.1709173, Validation MAE: 1.8259642, Test MAE: 2.3603396, Test MAE norm: 0.1885345
Epoch: 678, LR: 0.000013, Loss: 0.1708805, Validation MAE: 1.8315955, Test MAE: 2.3626616, Test MAE norm: 0.1887200
Epoch: 679, LR: 0.000013, Loss: 0.1708584, Validation MAE: 1.8296207, Test MAE: 2.3622735, Test MAE norm: 0.1886890
Epoch: 680, LR: 0.000013, Loss: 0.1709220, Validation MAE: 1.8264297, Test MAE: 2.3605731, Test MAE norm: 0.1885532
Epoch: 681, LR: 0.000013, Loss: 0.1709315, Validation MAE: 1.8242165, Test MAE: 2.3599780, Test MAE norm: 0.1885056
Epoch: 691, LR: 0.000013, Loss: 0.1709189, Validation MAE: 1.8281229, Test MAE: 2.3605587, Test MAE norm: 0.1885520
Epoch: 694, LR: 0.000012, Loss: 0.1708343, Validation MAE: 1.8269403, Test MAE: 2.3632963, Test MAE norm: 0.1887707
Epoch: 699, LR: 0.000012, Loss: 0.1708033, Validation MAE: 1.8257396, Test MAE: 2.3596511, Test MAE norm: 0.1884795
Epoch: 709, LR: 0.000011, Loss: 0.1707894, Validation MAE: 1.8268059, Test MAE: 2.3627090, Test MAE norm: 0.1887238
Epoch: 710, LR: 0.000011, Loss: 0.1708141, Validation MAE: 1.8267933, Test MAE: 2.3631518, Test MAE norm: 0.1887592
Epoch: 712, LR: 0.000011, Loss: 0.1708449, Validation MAE: 1.8250831, Test MAE: 2.3616970, Test MAE norm: 0.1886430
Epoch: 722, LR: 0.000010, Loss: 0.1707344, Validation MAE: 1.8264732, Test MAE: 2.3627965, Test MAE norm: 0.1887308
Epoch: 727, LR: 0.000010, Loss: 0.1707468, Validation MAE: 1.8247105, Test MAE: 2.3618770, Test MAE norm: 0.1886573
Epoch: 732, LR: 0.000010, Loss: 0.1706166, Validation MAE: 1.8233460, Test MAE: 2.3622088, Test MAE norm: 0.1886839
Epoch: 733, LR: 0.000010, Loss: 0.1707528, Validation MAE: 1.8230737, Test MAE: 2.3623493, Test MAE norm: 0.1886951
Epoch: 742, LR: 0.000010, Loss: 0.1707268, Validation MAE: 1.8223495, Test MAE: 2.3631573, Test MAE norm: 0.1887596
Epoch: 752, LR: 0.000010, Loss: 0.1707258, Validation MAE: 1.8294554, Test MAE: 2.3625939, Test MAE norm: 0.1887146
Epoch: 753, LR: 0.000010, Loss: 0.1707586, Validation MAE: 1.8266516, Test MAE: 2.3625419, Test MAE norm: 0.1887105
Epoch: 754, LR: 0.000010, Loss: 0.1706645, Validation MAE: 1.8241961, Test MAE: 2.3621476, Test MAE norm: 0.1886790
Epoch: 761, LR: 0.000010, Loss: 0.1706245, Validation MAE: 1.8236403, Test MAE: 2.3616359, Test MAE norm: 0.1886381
Epoch: 771, LR: 0.000010, Loss: 0.1704853, Validation MAE: 1.8255526, Test MAE: 2.3638391, Test MAE norm: 0.1888141
Epoch: 779, LR: 0.000010, Loss: 0.1705572, Validation MAE: 1.8246987, Test MAE: 2.3631401, Test MAE norm: 0.1887582
Epoch: 780, LR: 0.000010, Loss: 0.1705531, Validation MAE: 1.8233259, Test MAE: 2.3628185, Test MAE norm: 0.1887325
Epoch: 781, LR: 0.000010, Loss: 0.1705309, Validation MAE: 1.8231720, Test MAE: 2.3624637, Test MAE norm: 0.1887042
Epoch: 791, LR: 0.000010, Loss: 0.1705599, Validation MAE: 1.8245319, Test MAE: 2.3651438, Test MAE norm: 0.1889183
Epoch: 792, LR: 0.000010, Loss: 0.1704485, Validation MAE: 1.8241745, Test MAE: 2.3624036, Test MAE norm: 0.1886994
Epoch: 793, LR: 0.000010, Loss: 0.1705005, Validation MAE: 1.8220756, Test MAE: 2.3613462, Test MAE norm: 0.1886149
Epoch: 803, LR: 0.000010, Loss: 0.1704217, Validation MAE: 1.8255715, Test MAE: 2.3623261, Test MAE norm: 0.1886932
Epoch: 804, LR: 0.000010, Loss: 0.1703840, Validation MAE: 1.8239679, Test MAE: 2.3626225, Test MAE norm: 0.1887169
Epoch: 806, LR: 0.000010, Loss: 0.1704252, Validation MAE: 1.8223801, Test MAE: 2.3643267, Test MAE norm: 0.1888530
Epoch: 816, LR: 0.000010, Loss: 0.1703918, Validation MAE: 1.8237771, Test MAE: 2.3641417, Test MAE norm: 0.1888382
Epoch: 820, LR: 0.000010, Loss: 0.1703328, Validation MAE: 1.8225453, Test MAE: 2.3616333, Test MAE norm: 0.1886379
Epoch: 821, LR: 0.000010, Loss: 0.1703269, Validation MAE: 1.8223011, Test MAE: 2.3614140, Test MAE norm: 0.1886204
Epoch: 825, LR: 0.000010, Loss: 0.1704229, Validation MAE: 1.8221712, Test MAE: 2.3640234, Test MAE norm: 0.1888288
Epoch: 826, LR: 0.000010, Loss: 0.1703919, Validation MAE: 1.8209503, Test MAE: 2.3636041, Test MAE norm: 0.1887953
Epoch: 836, LR: 0.000010, Loss: 0.1703197, Validation MAE: 1.8235145, Test MAE: 2.3647239, Test MAE norm: 0.1888847
Epoch: 837, LR: 0.000010, Loss: 0.1703556, Validation MAE: 1.8226638, Test MAE: 2.3639312, Test MAE norm: 0.1888214
Epoch: 841, LR: 0.000010, Loss: 0.1703366, Validation MAE: 1.8209820, Test MAE: 2.3631456, Test MAE norm: 0.1887587
Epoch: 846, LR: 0.000010, Loss: 0.1702501, Validation MAE: 1.8194342, Test MAE: 2.3638120, Test MAE norm: 0.1888119
Epoch: 856, LR: 0.000010, Loss: 0.1703124, Validation MAE: 1.8256298, Test MAE: 2.3628049, Test MAE norm: 0.1887315
Epoch: 859, LR: 0.000010, Loss: 0.1703015, Validation MAE: 1.8203309, Test MAE: 2.3634779, Test MAE norm: 0.1887852
Epoch: 869, LR: 0.000010, Loss: 0.1702160, Validation MAE: 1.8211777, Test MAE: 2.3629298, Test MAE norm: 0.1887414
Epoch: 870, LR: 0.000010, Loss: 0.1701694, Validation MAE: 1.8200517, Test MAE: 2.3633397, Test MAE norm: 0.1887742
Epoch: 877, LR: 0.000010, Loss: 0.1701471, Validation MAE: 1.8196650, Test MAE: 2.3651261, Test MAE norm: 0.1889169
Epoch: 887, LR: 0.000010, Loss: 0.1702265, Validation MAE: 1.8194549, Test MAE: 2.3633521, Test MAE norm: 0.1887752
Epoch: 888, LR: 0.000010, Loss: 0.1701502, Validation MAE: 1.8177705, Test MAE: 2.3617330, Test MAE norm: 0.1886458
Epoch: 898, LR: 0.000010, Loss: 0.1705246, Validation MAE: 1.8223518, Test MAE: 2.3639600, Test MAE norm: 0.1888237
Epoch: 901, LR: 0.000010, Loss: 0.1704526, Validation MAE: 1.8197179, Test MAE: 2.3633296, Test MAE norm: 0.1887734
Epoch: 906, LR: 0.000010, Loss: 0.1701823, Validation MAE: 1.8191088, Test MAE: 2.3621824, Test MAE norm: 0.1886817
Epoch: 907, LR: 0.000010, Loss: 0.1700130, Validation MAE: 1.8180467, Test MAE: 2.3622036, Test MAE norm: 0.1886834
Epoch: 917, LR: 0.000010, Loss: 0.1702327, Validation MAE: 1.8356770, Test MAE: 2.3643346, Test MAE norm: 0.1888536
Epoch: 918, LR: 0.000010, Loss: 0.1706210, Validation MAE: 1.8207201, Test MAE: 2.3636751, Test MAE norm: 0.1888010
Epoch: 924, LR: 0.000010, Loss: 0.1702422, Validation MAE: 1.8205526, Test MAE: 2.3626983, Test MAE norm: 0.1887229
Epoch: 934, LR: 0.000010, Loss: 0.1700756, Validation MAE: 1.8212314, Test MAE: 2.3647134, Test MAE norm: 0.1888839
Epoch: 939, LR: 0.000010, Loss: 0.1699442, Validation MAE: 1.8208450, Test MAE: 2.3644948, Test MAE norm: 0.1888664
Epoch: 943, LR: 0.000010, Loss: 0.1699584, Validation MAE: 1.8192147, Test MAE: 2.3650768, Test MAE norm: 0.1889129
Epoch: 944, LR: 0.000010, Loss: 0.1700417, Validation MAE: 1.8185251, Test MAE: 2.3637013, Test MAE norm: 0.1888031
Epoch: 954, LR: 0.000010, Loss: 0.1698611, Validation MAE: 1.8192030, Test MAE: 2.3642828, Test MAE norm: 0.1888495
Epoch: 955, LR: 0.000010, Loss: 0.1700167, Validation MAE: 1.8186916, Test MAE: 2.3642426, Test MAE norm: 0.1888463
Epoch: 965, LR: 0.000010, Loss: 0.1701295, Validation MAE: 1.8181930, Test MAE: 2.3636045, Test MAE norm: 0.1887953
Epoch: 972, LR: 0.000010, Loss: 0.1697588, Validation MAE: 1.8181355, Test MAE: 2.3637512, Test MAE norm: 0.1888070
Epoch: 982, LR: 0.000010, Loss: 0.1698146, Validation MAE: 1.8204770, Test MAE: 2.3641562, Test MAE norm: 0.1888394
Epoch: 983, LR: 0.000010, Loss: 0.1697525, Validation MAE: 1.8193669, Test MAE: 2.3640196, Test MAE norm: 0.1888285
Epoch: 987, LR: 0.000010, Loss: 0.1696754, Validation MAE: 1.8187853, Test MAE: 2.3635693, Test MAE norm: 0.1887925
Epoch: 988, LR: 0.000010, Loss: 0.1697261, Validation MAE: 1.8170714, Test MAE: 2.3619914, Test MAE norm: 0.1886665
Epoch: 998, LR: 0.000010, Loss: 0.1699360, Validation MAE: 1.8336605, Test MAE: 2.3653157, Test MAE norm: 0.1889320
Epoch: 999, LR: 0.000010, Loss: 0.1702117, Validation MAE: 1.8287239, Test MAE: 2.3652482, Test MAE norm: 0.1889266
Epoch: 1000, LR: 0.000010, Loss: 0.1699284, Validation MAE: 1.8170317, Test MAE: 2.3650551, Test MAE norm: 0.1889112
Epoch: 1010, LR: 0.000010, Loss: 0.1697192, Validation MAE: 1.8216326, Test MAE: 2.3620791, Test MAE norm: 0.1886735
Epoch: 1012, LR: 0.000010, Loss: 0.1701386, Validation MAE: 1.8216008, Test MAE: 2.3631685, Test MAE norm: 0.1887605
Epoch: 1015, LR: 0.000010, Loss: 0.1700221, Validation MAE: 1.8197964, Test MAE: 2.3656113, Test MAE norm: 0.1889556
Epoch: 1017, LR: 0.000010, Loss: 0.1704304, Validation MAE: 1.8196375, Test MAE: 2.3653595, Test MAE norm: 0.1889355
Epoch: 1020, LR: 0.000010, Loss: 0.1701834, Validation MAE: 1.8174121, Test MAE: 2.3648345, Test MAE norm: 0.1888936
Epoch: 1030, LR: 0.000010, Loss: 0.1700766, Validation MAE: 1.8246237, Test MAE: 2.3635230, Test MAE norm: 0.1887888
Epoch: 1031, LR: 0.000010, Loss: 0.1698940, Validation MAE: 1.8161092, Test MAE: 2.3637292, Test MAE norm: 0.1888053
Epoch: 1041, LR: 0.000010, Loss: 0.1695644, Validation MAE: 1.8190877, Test MAE: 2.3642778, Test MAE norm: 0.1888491
Epoch: 1042, LR: 0.000010, Loss: 0.1697552, Validation MAE: 1.8187513, Test MAE: 2.3656046, Test MAE norm: 0.1889551
Epoch: 1045, LR: 0.000010, Loss: 0.1696356, Validation MAE: 1.8172101, Test MAE: 2.3626239, Test MAE norm: 0.1887170
Epoch: 1046, LR: 0.000010, Loss: 0.1695932, Validation MAE: 1.8157613, Test MAE: 2.3602021, Test MAE norm: 0.1885236
Epoch: 1056, LR: 0.000010, Loss: 0.1694522, Validation MAE: 1.8169097, Test MAE: 2.3625207, Test MAE norm: 0.1887088
Epoch: 1057, LR: 0.000010, Loss: 0.1695354, Validation MAE: 1.8168049, Test MAE: 2.3620174, Test MAE norm: 0.1886685
Epoch: 1061, LR: 0.000010, Loss: 0.1694711, Validation MAE: 1.8165563, Test MAE: 2.3629909, Test MAE norm: 0.1887463
Epoch: 1065, LR: 0.000010, Loss: 0.1695072, Validation MAE: 1.8146340, Test MAE: 2.3624084, Test MAE norm: 0.1886998
Epoch: 1066, LR: 0.000010, Loss: 0.1695290, Validation MAE: 1.8137494, Test MAE: 2.3619263, Test MAE norm: 0.1886613
Epoch: 1076, LR: 0.000010, Loss: 0.1695831, Validation MAE: 1.8216422, Test MAE: 2.3650539, Test MAE norm: 0.1889111
Epoch: 1077, LR: 0.000010, Loss: 0.1694706, Validation MAE: 1.8161184, Test MAE: 2.3652651, Test MAE norm: 0.1889280
Epoch: 1084, LR: 0.000010, Loss: 0.1693808, Validation MAE: 1.8157911, Test MAE: 2.3627412, Test MAE norm: 0.1887264
Epoch: 1094, LR: 0.000010, Loss: 0.1695406, Validation MAE: 1.8181598, Test MAE: 2.3648860, Test MAE norm: 0.1888977
Epoch: 1098, LR: 0.000010, Loss: 0.1696537, Validation MAE: 1.8181232, Test MAE: 2.3638697, Test MAE norm: 0.1888165
Epoch: 1101, LR: 0.000010, Loss: 0.1694282, Validation MAE: 1.8154956, Test MAE: 2.3653634, Test MAE norm: 0.1889358
Epoch: 1106, LR: 0.000010, Loss: 0.1692709, Validation MAE: 1.8148593, Test MAE: 2.3614910, Test MAE norm: 0.1886265
Epoch: 1115, LR: 0.000010, Loss: 0.1696053, Validation MAE: 1.8133870, Test MAE: 2.3615911, Test MAE norm: 0.1886345
Epoch: 1125, LR: 0.000010, Loss: 0.1694914, Validation MAE: 1.8223954, Test MAE: 2.3632302, Test MAE norm: 0.1887654
Epoch: 1128, LR: 0.000010, Loss: 0.1696079, Validation MAE: 1.8169700, Test MAE: 2.3626888, Test MAE norm: 0.1887222
Epoch: 1136, LR: 0.000010, Loss: 0.1699797, Validation MAE: 1.8154649, Test MAE: 2.3631551, Test MAE norm: 0.1887594
Epoch: 1140, LR: 0.000010, Loss: 0.1693294, Validation MAE: 1.8150175, Test MAE: 2.3621135, Test MAE norm: 0.1886762
Epoch: 1150, LR: 0.000010, Loss: 0.1697097, Validation MAE: 1.8166144, Test MAE: 2.3640730, Test MAE norm: 0.1888327
Epoch: 1152, LR: 0.000010, Loss: 0.1696887, Validation MAE: 1.8156897, Test MAE: 2.3651943, Test MAE norm: 0.1889223
Epoch: 1162, LR: 0.000010, Loss: 0.1695638, Validation MAE: 1.8165414, Test MAE: 2.3619359, Test MAE norm: 0.1886620
Epoch: 1166, LR: 0.000010, Loss: 0.1693874, Validation MAE: 1.8154342, Test MAE: 2.3644013, Test MAE norm: 0.1888590
Epoch: 1176, LR: 0.000010, Loss: 0.1697582, Validation MAE: 1.8233305, Test MAE: 2.3640525, Test MAE norm: 0.1888311
Epoch: 1177, LR: 0.000010, Loss: 0.1700612, Validation MAE: 1.8199444, Test MAE: 2.3619351, Test MAE norm: 0.1886620
Epoch: 1180, LR: 0.000010, Loss: 0.1694018, Validation MAE: 1.8189594, Test MAE: 2.3637404, Test MAE norm: 0.1888062
Epoch: 1182, LR: 0.000010, Loss: 0.1696842, Validation MAE: 1.8150831, Test MAE: 2.3637969, Test MAE norm: 0.1888107
Epoch: 1185, LR: 0.000010, Loss: 0.1700226, Validation MAE: 1.8145541, Test MAE: 2.3632910, Test MAE norm: 0.1887703
Epoch: 1195, LR: 0.000010, Loss: 0.1695541, Validation MAE: 1.8184712, Test MAE: 2.3627822, Test MAE norm: 0.1887296
Epoch: 1198, LR: 0.000010, Loss: 0.1692901, Validation MAE: 1.8184708, Test MAE: 2.3638597, Test MAE norm: 0.1888157
Epoch: 1199, LR: 0.000010, Loss: 0.1693353, Validation MAE: 1.8182163, Test MAE: 2.3635845, Test MAE norm: 0.1887937
Epoch: 1202, LR: 0.000010, Loss: 0.1695439, Validation MAE: 1.8149813, Test MAE: 2.3618784, Test MAE norm: 0.1886574
Epoch: 1210, LR: 0.000010, Loss: 0.1691427, Validation MAE: 1.8137441, Test MAE: 2.3619726, Test MAE norm: 0.1886650
Epoch: 1211, LR: 0.000010, Loss: 0.1691211, Validation MAE: 1.8101531, Test MAE: 2.3610485, Test MAE norm: 0.1885912
Epoch: 1221, LR: 0.000010, Loss: 0.1693553, Validation MAE: 1.8144953, Test MAE: 2.3620944, Test MAE norm: 0.1886747
Epoch: 1229, LR: 0.000010, Loss: 0.1693285, Validation MAE: 1.8107812, Test MAE: 2.3602877, Test MAE norm: 0.1885304
Epoch: 1239, LR: 0.000010, Loss: 0.1695667, Validation MAE: 1.8213437, Test MAE: 2.3618424, Test MAE norm: 0.1886546
Epoch: 1240, LR: 0.000010, Loss: 0.1698574, Validation MAE: 1.8170569, Test MAE: 2.3602960, Test MAE norm: 0.1885311
Epoch: 1243, LR: 0.000010, Loss: 0.1693635, Validation MAE: 1.8151337, Test MAE: 2.3624403, Test MAE norm: 0.1887023
Epoch: 1245, LR: 0.000010, Loss: 0.1695815, Validation MAE: 1.8138500, Test MAE: 2.3637834, Test MAE norm: 0.1888096
Epoch: 1249, LR: 0.000010, Loss: 0.1693626, Validation MAE: 1.8138148, Test MAE: 2.3600116, Test MAE norm: 0.1885083
Epoch: 1253, LR: 0.000010, Loss: 0.1692710, Validation MAE: 1.8130268, Test MAE: 2.3625512, Test MAE norm: 0.1887112
Epoch: 1263, LR: 0.000010, Loss: 0.1694756, Validation MAE: 1.8119447, Test MAE: 2.3615999, Test MAE norm: 0.1886352
Epoch: 1273, LR: 0.000010, Loss: 0.1693539, Validation MAE: 1.8155491, Test MAE: 2.3627765, Test MAE norm: 0.1887292
Epoch: 1274, LR: 0.000010, Loss: 0.1695223, Validation MAE: 1.8153895, Test MAE: 2.3637974, Test MAE norm: 0.1888107
Epoch: 1277, LR: 0.000010, Loss: 0.1698216, Validation MAE: 1.8133154, Test MAE: 2.3623815, Test MAE norm: 0.1886976
Epoch: 1280, LR: 0.000010, Loss: 0.1694031, Validation MAE: 1.8126161, Test MAE: 2.3588171, Test MAE norm: 0.1884129
Epoch: 1290, LR: 0.000010, Loss: 0.1690592, Validation MAE: 1.8162161, Test MAE: 2.3609240, Test MAE norm: 0.1885812
Epoch: 1291, LR: 0.000010, Loss: 0.1691540, Validation MAE: 1.8125308, Test MAE: 2.3614619, Test MAE norm: 0.1886242
Epoch: 1301, LR: 0.000010, Loss: 0.1694901, Validation MAE: 1.8119595, Test MAE: 2.3620672, Test MAE norm: 0.1886725
Epoch: 1311, LR: 0.000010, Loss: 0.1690791, Validation MAE: 1.8130175, Test MAE: 2.3627729, Test MAE norm: 0.1887289
Epoch: 1314, LR: 0.000010, Loss: 0.1690146, Validation MAE: 1.8125681, Test MAE: 2.3601487, Test MAE norm: 0.1885193
Epoch: 1315, LR: 0.000010, Loss: 0.1689385, Validation MAE: 1.8086843, Test MAE: 2.3582666, Test MAE norm: 0.1883690
Epoch: 1325, LR: 0.000010, Loss: 0.1691410, Validation MAE: 1.8132606, Test MAE: 2.3594816, Test MAE norm: 0.1884660
Epoch: 1326, LR: 0.000010, Loss: 0.1689014, Validation MAE: 1.8130915, Test MAE: 2.3611639, Test MAE norm: 0.1886004
Epoch: 1329, LR: 0.000010, Loss: 0.1689986, Validation MAE: 1.8116233, Test MAE: 2.3613176, Test MAE norm: 0.1886127
Epoch: 1333, LR: 0.000010, Loss: 0.1688896, Validation MAE: 1.8114834, Test MAE: 2.3595450, Test MAE norm: 0.1884711
Epoch: 1343, LR: 0.000010, Loss: 0.1696136, Validation MAE: 1.8251624, Test MAE: 2.3645813, Test MAE norm: 0.1888734
Epoch: 1344, LR: 0.000010, Loss: 0.1699077, Validation MAE: 1.8170873, Test MAE: 2.3617542, Test MAE norm: 0.1886475
Epoch: 1345, LR: 0.000010, Loss: 0.1693826, Validation MAE: 1.8108417, Test MAE: 2.3596668, Test MAE norm: 0.1884808
Epoch: 1355, LR: 0.000010, Loss: 0.1698039, Validation MAE: 1.8162742, Test MAE: 2.3593984, Test MAE norm: 0.1884594
Epoch: 1356, LR: 0.000010, Loss: 0.1693207, Validation MAE: 1.8160702, Test MAE: 2.3592758, Test MAE norm: 0.1884496
Epoch: 1358, LR: 0.000010, Loss: 0.1690102, Validation MAE: 1.8144840, Test MAE: 2.3616426, Test MAE norm: 0.1886386
Epoch: 1360, LR: 0.000010, Loss: 0.1693169, Validation MAE: 1.8122342, Test MAE: 2.3597231, Test MAE norm: 0.1884853
Epoch: 1367, LR: 0.000010, Loss: 0.1692970, Validation MAE: 1.8118594, Test MAE: 2.3569446, Test MAE norm: 0.1882634
Epoch: 1374, LR: 0.000010, Loss: 0.1694268, Validation MAE: 1.8108288, Test MAE: 2.3597584, Test MAE norm: 0.1884881
Epoch: 1381, LR: 0.000010, Loss: 0.1689534, Validation MAE: 1.8103372, Test MAE: 2.3599346, Test MAE norm: 0.1885022
Epoch: 1383, LR: 0.000010, Loss: 0.1689621, Validation MAE: 1.8096268, Test MAE: 2.3594220, Test MAE norm: 0.1884612
Epoch: 1393, LR: 0.000010, Loss: 0.1687772, Validation MAE: 1.8129219, Test MAE: 2.3610339, Test MAE norm: 0.1885900
Epoch: 1395, LR: 0.000010, Loss: 0.1689616, Validation MAE: 1.8122423, Test MAE: 2.3607371, Test MAE norm: 0.1885663
Epoch: 1401, LR: 0.000010, Loss: 0.1693674, Validation MAE: 1.8088472, Test MAE: 2.3567846, Test MAE norm: 0.1882506
Epoch: 1411, LR: 0.000010, Loss: 0.1698118, Validation MAE: 1.8133923, Test MAE: 2.3616307, Test MAE norm: 0.1886377
Epoch: 1414, LR: 0.000010, Loss: 0.1693069, Validation MAE: 1.8085191, Test MAE: 2.3573296, Test MAE norm: 0.1882941
Epoch: 1424, LR: 0.000010, Loss: 0.1694416, Validation MAE: 1.8165851, Test MAE: 2.3575022, Test MAE norm: 0.1883079
Epoch: 1426, LR: 0.000010, Loss: 0.1692913, Validation MAE: 1.8156171, Test MAE: 2.3601346, Test MAE norm: 0.1885182
Epoch: 1427, LR: 0.000010, Loss: 0.1693414, Validation MAE: 1.8113968, Test MAE: 2.3601129, Test MAE norm: 0.1885164
Epoch: 1432, LR: 0.000010, Loss: 0.1688676, Validation MAE: 1.8084635, Test MAE: 2.3528292, Test MAE norm: 0.1879346
Epoch: 1433, LR: 0.000010, Loss: 0.1688561, Validation MAE: 1.8070590, Test MAE: 2.3532004, Test MAE norm: 0.1879643
Epoch: 1443, LR: 0.000010, Loss: 0.1690235, Validation MAE: 1.8103837, Test MAE: 2.3569720, Test MAE norm: 0.1882655
Epoch: 1448, LR: 0.000010, Loss: 0.1689813, Validation MAE: 1.8076795, Test MAE: 2.3574243, Test MAE norm: 0.1883017
Epoch: 1458, LR: 0.000010, Loss: 0.1688196, Validation MAE: 1.8113756, Test MAE: 2.3577914, Test MAE norm: 0.1883310
Epoch: 1466, LR: 0.000010, Loss: 0.1688128, Validation MAE: 1.8101189, Test MAE: 2.3577933, Test MAE norm: 0.1883312
Epoch: 1471, LR: 0.000010, Loss: 0.1691869, Validation MAE: 1.8093679, Test MAE: 2.3591044, Test MAE norm: 0.1884359
Epoch: 1473, LR: 0.000010, Loss: 0.1687600, Validation MAE: 1.8091338, Test MAE: 2.3573158, Test MAE norm: 0.1882930
Epoch: 1480, LR: 0.000010, Loss: 0.1691613, Validation MAE: 1.8081173, Test MAE: 2.3588667, Test MAE norm: 0.1884169
Epoch: 1490, LR: 0.000010, Loss: 0.1693472, Validation MAE: 1.8191526, Test MAE: 2.3554022, Test MAE norm: 0.1881402
Epoch: 1491, LR: 0.000010, Loss: 0.1693098, Validation MAE: 1.8088125, Test MAE: 2.3569870, Test MAE norm: 0.1882667
Epoch: 1494, LR: 0.000010, Loss: 0.1689673, Validation MAE: 1.8082646, Test MAE: 2.3561666, Test MAE norm: 0.1882012
Epoch: 1497, LR: 0.000010, Loss: 0.1686692, Validation MAE: 1.8078964, Test MAE: 2.3561161, Test MAE norm: 0.1881972
Epoch: 1501, LR: 0.000010, Loss: 0.1684870, Validation MAE: 1.8070676, Test MAE: 2.3573225, Test MAE norm: 0.1882935
Epoch: 1511, LR: 0.000010, Loss: 0.1687536, Validation MAE: 1.8105620, Test MAE: 2.3583925, Test MAE norm: 0.1883790
Epoch: 1515, LR: 0.000010, Loss: 0.1692651, Validation MAE: 1.8063625, Test MAE: 2.3566146, Test MAE norm: 0.1882370
Epoch: 1523, LR: 0.000010, Loss: 0.1686740, Validation MAE: 1.8060524, Test MAE: 2.3550501, Test MAE norm: 0.1881120
Epoch: 1533, LR: 0.000010, Loss: 0.1686471, Validation MAE: 1.8154557, Test MAE: 2.3594267, Test MAE norm: 0.1884616
Epoch: 1534, LR: 0.000010, Loss: 0.1688301, Validation MAE: 1.8129103, Test MAE: 2.3579388, Test MAE norm: 0.1883428
Epoch: 1535, LR: 0.000010, Loss: 0.1689999, Validation MAE: 1.8084544, Test MAE: 2.3565052, Test MAE norm: 0.1882283
Epoch: 1540, LR: 0.000010, Loss: 0.1687288, Validation MAE: 1.8053352, Test MAE: 2.3551321, Test MAE norm: 0.1881186
Epoch: 1545, LR: 0.000010, Loss: 0.1685333, Validation MAE: 1.8044676, Test MAE: 2.3527460, Test MAE norm: 0.1879280
Epoch: 1552, LR: 0.000010, Loss: 0.1691741, Validation MAE: 1.8036830, Test MAE: 2.3522859, Test MAE norm: 0.1878912
Epoch: 1562, LR: 0.000010, Loss: 0.1689688, Validation MAE: 1.8077023, Test MAE: 2.3555741, Test MAE norm: 0.1881539
Epoch: 1569, LR: 0.000010, Loss: 0.1689443, Validation MAE: 1.8074535, Test MAE: 2.3525856, Test MAE norm: 0.1879152
Epoch: 1574, LR: 0.000010, Loss: 0.1687635, Validation MAE: 1.8039349, Test MAE: 2.3550069, Test MAE norm: 0.1881086
Epoch: 1584, LR: 0.000010, Loss: 0.1686873, Validation MAE: 1.8057754, Test MAE: 2.3543401, Test MAE norm: 0.1880553
Epoch: 1594, LR: 0.000010, Loss: 0.1686003, Validation MAE: 1.8050421, Test MAE: 2.3527944, Test MAE norm: 0.1879319
Epoch: 1595, LR: 0.000010, Loss: 0.1683956, Validation MAE: 1.8030131, Test MAE: 2.3515351, Test MAE norm: 0.1878313
Epoch: 1605, LR: 0.000010, Loss: 0.1687073, Validation MAE: 1.8146529, Test MAE: 2.3556726, Test MAE norm: 0.1881618
Epoch: 1606, LR: 0.000010, Loss: 0.1689147, Validation MAE: 1.8115283, Test MAE: 2.3543334, Test MAE norm: 0.1880548
Epoch: 1607, LR: 0.000010, Loss: 0.1686742, Validation MAE: 1.8093982, Test MAE: 2.3537705, Test MAE norm: 0.1880098
Epoch: 1611, LR: 0.000010, Loss: 0.1688778, Validation MAE: 1.8062882, Test MAE: 2.3555720, Test MAE norm: 0.1881537
Epoch: 1621, LR: 0.000010, Loss: 0.1684804, Validation MAE: 1.8032652, Test MAE: 2.3541770, Test MAE norm: 0.1880423
Epoch: 1626, LR: 0.000010, Loss: 0.1686430, Validation MAE: 1.8030357, Test MAE: 2.3543277, Test MAE norm: 0.1880543
Epoch: 1636, LR: 0.000010, Loss: 0.1684840, Validation MAE: 1.8065544, Test MAE: 2.3533766, Test MAE norm: 0.1879784
Epoch: 1642, LR: 0.000010, Loss: 0.1688008, Validation MAE: 1.8057046, Test MAE: 2.3534634, Test MAE norm: 0.1879853
Epoch: 1649, LR: 0.000010, Loss: 0.1686426, Validation MAE: 1.8036963, Test MAE: 2.3518171, Test MAE norm: 0.1878538
Epoch: 1658, LR: 0.000010, Loss: 0.1691255, Validation MAE: 1.8024285, Test MAE: 2.3487630, Test MAE norm: 0.1876099
Epoch: 1668, LR: 0.000010, Loss: 0.1695213, Validation MAE: 1.8119832, Test MAE: 2.3500051, Test MAE norm: 0.1877091
Epoch: 1669, LR: 0.000010, Loss: 0.1686477, Validation MAE: 1.8083398, Test MAE: 2.3515708, Test MAE norm: 0.1878341
Epoch: 1675, LR: 0.000010, Loss: 0.1688141, Validation MAE: 1.8082052, Test MAE: 2.3529186, Test MAE norm: 0.1879418
Epoch: 1678, LR: 0.000010, Loss: 0.1687820, Validation MAE: 1.8072326, Test MAE: 2.3525567, Test MAE norm: 0.1879129
Epoch: 1683, LR: 0.000010, Loss: 0.1684584, Validation MAE: 1.8031523, Test MAE: 2.3534017, Test MAE norm: 0.1879804
Epoch: 1693, LR: 0.000010, Loss: 0.1684353, Validation MAE: 1.8060099, Test MAE: 2.3533885, Test MAE norm: 0.1879793
Epoch: 1696, LR: 0.000010, Loss: 0.1681566, Validation MAE: 1.8051208, Test MAE: 2.3521564, Test MAE norm: 0.1878809
Epoch: 1697, LR: 0.000010, Loss: 0.1683859, Validation MAE: 1.8048100, Test MAE: 2.3530319, Test MAE norm: 0.1879508
Epoch: 1707, LR: 0.000010, Loss: 0.1687225, Validation MAE: 1.8060746, Test MAE: 2.3512514, Test MAE norm: 0.1878086
Epoch: 1710, LR: 0.000010, Loss: 0.1685237, Validation MAE: 1.8053702, Test MAE: 2.3546193, Test MAE norm: 0.1880776
Epoch: 1711, LR: 0.000010, Loss: 0.1683174, Validation MAE: 1.8046647, Test MAE: 2.3545611, Test MAE norm: 0.1880730
Epoch: 1712, LR: 0.000010, Loss: 0.1684492, Validation MAE: 1.8001239, Test MAE: 2.3515406, Test MAE norm: 0.1878317
Epoch: 1722, LR: 0.000010, Loss: 0.1682401, Validation MAE: 1.8057269, Test MAE: 2.3515711, Test MAE norm: 0.1878341
Epoch: 1725, LR: 0.000010, Loss: 0.1684574, Validation MAE: 1.8028724, Test MAE: 2.3531384, Test MAE norm: 0.1879593
Epoch: 1735, LR: 0.000010, Loss: 0.1681550, Validation MAE: 1.8134693, Test MAE: 2.3558748, Test MAE norm: 0.1881779
Epoch: 1736, LR: 0.000010, Loss: 0.1685975, Validation MAE: 1.8113697, Test MAE: 2.3549786, Test MAE norm: 0.1881063
Epoch: 1737, LR: 0.000010, Loss: 0.1687558, Validation MAE: 1.8034869, Test MAE: 2.3532515, Test MAE norm: 0.1879684
Epoch: 1742, LR: 0.000010, Loss: 0.1682637, Validation MAE: 1.8014240, Test MAE: 2.3510096, Test MAE norm: 0.1877893
Epoch: 1752, LR: 0.000010, Loss: 0.1688915, Validation MAE: 1.8176715, Test MAE: 2.3529222, Test MAE norm: 0.1879421
Epoch: 1753, LR: 0.000010, Loss: 0.1688375, Validation MAE: 1.8056555, Test MAE: 2.3537533, Test MAE norm: 0.1880085
Epoch: 1756, LR: 0.000010, Loss: 0.1686035, Validation MAE: 1.8051605, Test MAE: 2.3514307, Test MAE norm: 0.1878229
Epoch: 1760, LR: 0.000010, Loss: 0.1681032, Validation MAE: 1.8048772, Test MAE: 2.3538973, Test MAE norm: 0.1880200
Epoch: 1761, LR: 0.000010, Loss: 0.1682265, Validation MAE: 1.8010226, Test MAE: 2.3535101, Test MAE norm: 0.1879890
Epoch: 1771, LR: 0.000010, Loss: 0.1685926, Validation MAE: 1.8037428, Test MAE: 2.3503549, Test MAE norm: 0.1877370
Epoch: 1776, LR: 0.000010, Loss: 0.1683587, Validation MAE: 1.7992530, Test MAE: 2.3494017, Test MAE norm: 0.1876609
Epoch: 1786, LR: 0.000010, Loss: 0.1684615, Validation MAE: 1.8029213, Test MAE: 2.3506143, Test MAE norm: 0.1877577
Epoch: 1796, LR: 0.000010, Loss: 0.1684297, Validation MAE: 1.8022244, Test MAE: 2.3487673, Test MAE norm: 0.1876102
Epoch: 1801, LR: 0.000010, Loss: 0.1681516, Validation MAE: 1.7999574, Test MAE: 2.3500717, Test MAE norm: 0.1877144
Epoch: 1802, LR: 0.000010, Loss: 0.1679547, Validation MAE: 1.7993256, Test MAE: 2.3486273, Test MAE norm: 0.1875990
Epoch: 1812, LR: 0.000010, Loss: 0.1693250, Validation MAE: 1.8059245, Test MAE: 2.3488419, Test MAE norm: 0.1876162
Epoch: 1813, LR: 0.000010, Loss: 0.1689176, Validation MAE: 1.8010780, Test MAE: 2.3479726, Test MAE norm: 0.1875467
Epoch: 1822, LR: 0.000010, Loss: 0.1688446, Validation MAE: 1.7972186, Test MAE: 2.3459218, Test MAE norm: 0.1873829
Epoch: 1832, LR: 0.000010, Loss: 0.1686833, Validation MAE: 1.8059986, Test MAE: 2.3456867, Test MAE norm: 0.1873641
Epoch: 1835, LR: 0.000010, Loss: 0.1687742, Validation MAE: 1.8025328, Test MAE: 2.3478985, Test MAE norm: 0.1875408
Epoch: 1842, LR: 0.000010, Loss: 0.1682151, Validation MAE: 1.8022350, Test MAE: 2.3489401, Test MAE norm: 0.1876240
Epoch: 1852, LR: 0.000010, Loss: 0.1681210, Validation MAE: 1.8018354, Test MAE: 2.3511372, Test MAE norm: 0.1877995
Epoch: 1853, LR: 0.000010, Loss: 0.1681235, Validation MAE: 1.7971400, Test MAE: 2.3495729, Test MAE norm: 0.1876745
Epoch: 1863, LR: 0.000010, Loss: 0.1685504, Validation MAE: 1.8093110, Test MAE: 2.3510270, Test MAE norm: 0.1877907
Epoch: 1864, LR: 0.000010, Loss: 0.1683136, Validation MAE: 1.8065065, Test MAE: 2.3536289, Test MAE norm: 0.1879985
Epoch: 1865, LR: 0.000010, Loss: 0.1680668, Validation MAE: 1.8045694, Test MAE: 2.3522120, Test MAE norm: 0.1878853
Epoch: 1866, LR: 0.000010, Loss: 0.1681419, Validation MAE: 1.7993748, Test MAE: 2.3503678, Test MAE norm: 0.1877380
Epoch: 1876, LR: 0.000010, Loss: 0.1691215, Validation MAE: 1.8236665, Test MAE: 2.3493421, Test MAE norm: 0.1876561
Epoch: 1877, LR: 0.000010, Loss: 0.1696126, Validation MAE: 1.8217366, Test MAE: 2.3521318, Test MAE norm: 0.1878789
Epoch: 1878, LR: 0.000010, Loss: 0.1692555, Validation MAE: 1.8126523, Test MAE: 2.3547735, Test MAE norm: 0.1880899
Epoch: 1879, LR: 0.000010, Loss: 0.1684370, Validation MAE: 1.8119549, Test MAE: 2.3563192, Test MAE norm: 0.1882134
Epoch: 1881, LR: 0.000010, Loss: 0.1692159, Validation MAE: 1.8096918, Test MAE: 2.3492868, Test MAE norm: 0.1876517
Epoch: 1882, LR: 0.000010, Loss: 0.1691916, Validation MAE: 1.8052156, Test MAE: 2.3474436, Test MAE norm: 0.1875045
Epoch: 1883, LR: 0.000010, Loss: 0.1688051, Validation MAE: 1.7994971, Test MAE: 2.3455861, Test MAE norm: 0.1873561
Epoch: 1893, LR: 0.000010, Loss: 0.1679099, Validation MAE: 1.8016274, Test MAE: 2.3455625, Test MAE norm: 0.1873542
Epoch: 1894, LR: 0.000010, Loss: 0.1683435, Validation MAE: 1.7993082, Test MAE: 2.3432162, Test MAE norm: 0.1871668
Epoch: 1895, LR: 0.000010, Loss: 0.1686067, Validation MAE: 1.7972721, Test MAE: 2.3437409, Test MAE norm: 0.1872087
Epoch: 1905, LR: 0.000010, Loss: 0.1683986, Validation MAE: 1.8072466, Test MAE: 2.3462150, Test MAE norm: 0.1874063
Epoch: 1906, LR: 0.000010, Loss: 0.1685363, Validation MAE: 1.8009663, Test MAE: 2.3440454, Test MAE norm: 0.1872330
Epoch: 1907, LR: 0.000010, Loss: 0.1684348, Validation MAE: 1.7980237, Test MAE: 2.3445890, Test MAE norm: 0.1872764
Epoch: 1914, LR: 0.000010, Loss: 0.1687111, Validation MAE: 1.7954987, Test MAE: 2.3463044, Test MAE norm: 0.1874135
Epoch: 1924, LR: 0.000010, Loss: 0.1678512, Validation MAE: 1.8002461, Test MAE: 2.3459730, Test MAE norm: 0.1873870
Epoch: 1925, LR: 0.000010, Loss: 0.1681486, Validation MAE: 1.7953814, Test MAE: 2.3464363, Test MAE norm: 0.1874240
Epoch: 1935, LR: 0.000010, Loss: 0.1682885, Validation MAE: 1.8022861, Test MAE: 2.3481801, Test MAE norm: 0.1875633
Epoch: 1936, LR: 0.000010, Loss: 0.1682318, Validation MAE: 1.7976439, Test MAE: 2.3461108, Test MAE norm: 0.1873980
Epoch: 1946, LR: 0.000010, Loss: 0.1678250, Validation MAE: 1.7991084, Test MAE: 2.3465881, Test MAE norm: 0.1874361
Epoch: 1947, LR: 0.000010, Loss: 0.1680831, Validation MAE: 1.7971100, Test MAE: 2.3454762, Test MAE norm: 0.1873473
Epoch: 1948, LR: 0.000010, Loss: 0.1681618, Validation MAE: 1.7953326, Test MAE: 2.3455920, Test MAE norm: 0.1873566
Epoch: 1958, LR: 0.000010, Loss: 0.1684773, Validation MAE: 1.8051010, Test MAE: 2.3506367, Test MAE norm: 0.1877595
Epoch: 1962, LR: 0.000010, Loss: 0.1686212, Validation MAE: 1.8010798, Test MAE: 2.3532541, Test MAE norm: 0.1879686
Epoch: 1966, LR: 0.000010, Loss: 0.1680782, Validation MAE: 1.7984071, Test MAE: 2.3460617, Test MAE norm: 0.1873941
Epoch: 1972, LR: 0.000010, Loss: 0.1681297, Validation MAE: 1.7981356, Test MAE: 2.3477607, Test MAE norm: 0.1875298
Epoch: 1974, LR: 0.000010, Loss: 0.1680590, Validation MAE: 1.7974943, Test MAE: 2.3472369, Test MAE norm: 0.1874879
Epoch: 1979, LR: 0.000010, Loss: 0.1679112, Validation MAE: 1.7962358, Test MAE: 2.3485579, Test MAE norm: 0.1875935
Epoch: 1984, LR: 0.000010, Loss: 0.1678018, Validation MAE: 1.7934228, Test MAE: 2.3476381, Test MAE norm: 0.1875200
Epoch: 1990, LR: 0.000010, Loss: 0.1681883, Validation MAE: 1.7930884, Test MAE: 2.3476872, Test MAE norm: 0.1875239
Epoch: 2000, LR: 0.000010, Loss: 0.1688685, Validation MAE: 1.8030246, Test MAE: 2.3428054, Test MAE norm: 0.1871340
Epoch: 2000, LR: 0.000010, Loss: 0.1688685, Validation MAE: 1.8030246, Test MAE: 2.3428054, Test MAE norm: 0.1871340