Command line input: python run_count.py --batch_size 256 --target 5 --model GNN --h 3 --seed 1 --epoch 2000 --dataset easy-1
Mean = 12.027, Std = 49.808
Using GNN model

Epoch: 001, LR: 0.001000, Loss: 0.5011126, Validation MAE: 26.8752460, Test MAE: 28.6981010, Test MAE norm: 0.5761774
Epoch: 002, LR: 0.001000, Loss: 0.4816991, Validation MAE: 25.8699570, Test MAE: 27.7165680, Test MAE norm: 0.5564709
Epoch: 003, LR: 0.001000, Loss: 0.4631375, Validation MAE: 24.8307018, Test MAE: 26.6983814, Test MAE norm: 0.5360286
Epoch: 004, LR: 0.001000, Loss: 0.4436975, Validation MAE: 23.7206860, Test MAE: 25.6164074, Test MAE norm: 0.5143056
Epoch: 005, LR: 0.001000, Loss: 0.4228655, Validation MAE: 22.5552311, Test MAE: 24.4784412, Test MAE norm: 0.4914584
Epoch: 006, LR: 0.001000, Loss: 0.4006486, Validation MAE: 21.2733326, Test MAE: 23.2620983, Test MAE norm: 0.4670377
Epoch: 007, LR: 0.001000, Loss: 0.3762671, Validation MAE: 19.8144951, Test MAE: 21.9315434, Test MAE norm: 0.4403239
Epoch: 008, LR: 0.001000, Loss: 0.3487077, Validation MAE: 18.1831722, Test MAE: 20.4566784, Test MAE norm: 0.4107127
Epoch: 009, LR: 0.001000, Loss: 0.3182211, Validation MAE: 16.2834034, Test MAE: 18.7175598, Test MAE norm: 0.3757961
Epoch: 010, LR: 0.001000, Loss: 0.2828939, Validation MAE: 14.1963587, Test MAE: 16.8784370, Test MAE norm: 0.3388717
Epoch: 011, LR: 0.001000, Loss: 0.2444415, Validation MAE: 13.0995502, Test MAE: 16.0574322, Test MAE norm: 0.3223882
Epoch: 021, LR: 0.001000, Loss: 0.2209823, Validation MAE: 13.3125591, Test MAE: 15.1035175, Test MAE norm: 0.3032363
Epoch: 024, LR: 0.000900, Loss: 0.2270030, Validation MAE: 13.1022272, Test MAE: 15.1177521, Test MAE norm: 0.3035221
Epoch: 025, LR: 0.000900, Loss: 0.2218711, Validation MAE: 12.6429806, Test MAE: 14.7151623, Test MAE norm: 0.2954392
Epoch: 026, LR: 0.000900, Loss: 0.2138806, Validation MAE: 12.2968349, Test MAE: 14.4250555, Test MAE norm: 0.2896146
Epoch: 027, LR: 0.000900, Loss: 0.2078857, Validation MAE: 12.0091324, Test MAE: 14.2448339, Test MAE norm: 0.2859963
Epoch: 028, LR: 0.000900, Loss: 0.2030699, Validation MAE: 11.7859783, Test MAE: 14.2730751, Test MAE norm: 0.2865633
Epoch: 031, LR: 0.000900, Loss: 0.2019086, Validation MAE: 11.5873842, Test MAE: 14.5590048, Test MAE norm: 0.2923040
Epoch: 032, LR: 0.000900, Loss: 0.1986804, Validation MAE: 11.4504833, Test MAE: 14.3480034, Test MAE norm: 0.2880677
Epoch: 033, LR: 0.000900, Loss: 0.1957731, Validation MAE: 11.1515102, Test MAE: 14.1667242, Test MAE norm: 0.2844281
Epoch: 034, LR: 0.000900, Loss: 0.1904675, Validation MAE: 10.8222427, Test MAE: 13.9974060, Test MAE norm: 0.2810287
Epoch: 035, LR: 0.000900, Loss: 0.1862148, Validation MAE: 10.5561790, Test MAE: 13.7440710, Test MAE norm: 0.2759424
Epoch: 037, LR: 0.000900, Loss: 0.1804916, Validation MAE: 10.4717579, Test MAE: 13.6461840, Test MAE norm: 0.2739771
Epoch: 038, LR: 0.000900, Loss: 0.1790638, Validation MAE: 10.4249897, Test MAE: 13.6298561, Test MAE norm: 0.2736493
Epoch: 040, LR: 0.000900, Loss: 0.1804290, Validation MAE: 10.3790798, Test MAE: 13.3319168, Test MAE norm: 0.2676675
Epoch: 041, LR: 0.000900, Loss: 0.1777510, Validation MAE: 9.8542376, Test MAE: 13.1449661, Test MAE norm: 0.2639140
Epoch: 042, LR: 0.000900, Loss: 0.1691903, Validation MAE: 9.8047686, Test MAE: 12.9637823, Test MAE norm: 0.2602764
Epoch: 045, LR: 0.000900, Loss: 0.1687542, Validation MAE: 9.5028353, Test MAE: 12.6954641, Test MAE norm: 0.2548893
Epoch: 046, LR: 0.000900, Loss: 0.1643596, Validation MAE: 9.2645044, Test MAE: 12.4235773, Test MAE norm: 0.2494306
Epoch: 048, LR: 0.000900, Loss: 0.1594262, Validation MAE: 9.2409573, Test MAE: 12.1893511, Test MAE norm: 0.2447280
Epoch: 049, LR: 0.000900, Loss: 0.1585290, Validation MAE: 8.7381926, Test MAE: 11.9106150, Test MAE norm: 0.2391317
Epoch: 051, LR: 0.000900, Loss: 0.1519220, Validation MAE: 8.7124958, Test MAE: 11.7244329, Test MAE norm: 0.2353937
Epoch: 052, LR: 0.000900, Loss: 0.1505804, Validation MAE: 8.5800562, Test MAE: 11.6848993, Test MAE norm: 0.2346000
Epoch: 055, LR: 0.000900, Loss: 0.1495682, Validation MAE: 8.4440479, Test MAE: 11.4717140, Test MAE norm: 0.2303198
Epoch: 058, LR: 0.000900, Loss: 0.1498779, Validation MAE: 8.1944580, Test MAE: 11.1721268, Test MAE norm: 0.2243050
Epoch: 061, LR: 0.000900, Loss: 0.1421868, Validation MAE: 7.9424205, Test MAE: 10.9246721, Test MAE norm: 0.2193368
Epoch: 064, LR: 0.000900, Loss: 0.1408305, Validation MAE: 7.8920798, Test MAE: 10.7952023, Test MAE norm: 0.2167374
Epoch: 067, LR: 0.000900, Loss: 0.1440326, Validation MAE: 7.6979761, Test MAE: 10.6018076, Test MAE norm: 0.2128546
Epoch: 068, LR: 0.000900, Loss: 0.1392903, Validation MAE: 7.6376643, Test MAE: 10.5532017, Test MAE norm: 0.2118787
Epoch: 071, LR: 0.000900, Loss: 0.1352182, Validation MAE: 7.5110884, Test MAE: 10.3153410, Test MAE norm: 0.2071031
Epoch: 073, LR: 0.000900, Loss: 0.1361099, Validation MAE: 7.4922929, Test MAE: 10.2437401, Test MAE norm: 0.2056656
Epoch: 074, LR: 0.000900, Loss: 0.1308887, Validation MAE: 7.2974477, Test MAE: 10.0694990, Test MAE norm: 0.2021673
Epoch: 077, LR: 0.000900, Loss: 0.1384272, Validation MAE: 7.1658483, Test MAE: 9.9109564, Test MAE norm: 0.1989842
Epoch: 081, LR: 0.000900, Loss: 0.1277339, Validation MAE: 6.9953256, Test MAE: 9.7538004, Test MAE norm: 0.1958290
Epoch: 085, LR: 0.000900, Loss: 0.1264520, Validation MAE: 6.7422509, Test MAE: 9.5409479, Test MAE norm: 0.1915555
Epoch: 092, LR: 0.000900, Loss: 0.1213835, Validation MAE: 6.6748514, Test MAE: 9.0294390, Test MAE norm: 0.1812858
Epoch: 094, LR: 0.000900, Loss: 0.1224642, Validation MAE: 6.6743350, Test MAE: 8.9935579, Test MAE norm: 0.1805654
Epoch: 095, LR: 0.000900, Loss: 0.1167706, Validation MAE: 6.4602308, Test MAE: 8.7237091, Test MAE norm: 0.1751476
Epoch: 098, LR: 0.000900, Loss: 0.1189374, Validation MAE: 6.3723946, Test MAE: 8.4647684, Test MAE norm: 0.1699488
Epoch: 101, LR: 0.000900, Loss: 0.1144983, Validation MAE: 6.2120290, Test MAE: 8.3956375, Test MAE norm: 0.1685608
Epoch: 104, LR: 0.000900, Loss: 0.1127407, Validation MAE: 6.1100922, Test MAE: 8.3247414, Test MAE norm: 0.1671375
Epoch: 107, LR: 0.000900, Loss: 0.1103450, Validation MAE: 5.9747834, Test MAE: 8.1293154, Test MAE norm: 0.1632138
Epoch: 111, LR: 0.000900, Loss: 0.1118366, Validation MAE: 5.8903975, Test MAE: 7.7813735, Test MAE norm: 0.1562282
Epoch: 114, LR: 0.000900, Loss: 0.1062305, Validation MAE: 5.8891172, Test MAE: 7.8878770, Test MAE norm: 0.1583664
Epoch: 116, LR: 0.000900, Loss: 0.1149004, Validation MAE: 5.6046958, Test MAE: 7.5780869, Test MAE norm: 0.1521467
Epoch: 122, LR: 0.000900, Loss: 0.1088350, Validation MAE: 5.4719472, Test MAE: 7.2181573, Test MAE norm: 0.1449203
Epoch: 124, LR: 0.000900, Loss: 0.1132068, Validation MAE: 5.2628145, Test MAE: 6.6324677, Test MAE norm: 0.1331614
Epoch: 125, LR: 0.000900, Loss: 0.1117591, Validation MAE: 5.0323868, Test MAE: 6.6878138, Test MAE norm: 0.1342725
Epoch: 127, LR: 0.000900, Loss: 0.1344559, Validation MAE: 5.0113835, Test MAE: 6.8641815, Test MAE norm: 0.1378135
Epoch: 129, LR: 0.000900, Loss: 0.1175499, Validation MAE: 4.8919134, Test MAE: 6.8055830, Test MAE norm: 0.1366370
Epoch: 137, LR: 0.000900, Loss: 0.1037416, Validation MAE: 4.7586932, Test MAE: 6.7976265, Test MAE norm: 0.1364773
Epoch: 141, LR: 0.000900, Loss: 0.0943942, Validation MAE: 4.4827909, Test MAE: 6.4754581, Test MAE norm: 0.1300090
Epoch: 146, LR: 0.000900, Loss: 0.0973649, Validation MAE: 4.4154000, Test MAE: 6.1499548, Test MAE norm: 0.1234738
Epoch: 153, LR: 0.000900, Loss: 0.0934607, Validation MAE: 4.3298101, Test MAE: 6.0113840, Test MAE norm: 0.1206917
Epoch: 158, LR: 0.000900, Loss: 0.0946431, Validation MAE: 4.3266706, Test MAE: 6.0181246, Test MAE norm: 0.1208271
Epoch: 161, LR: 0.000900, Loss: 0.0914194, Validation MAE: 4.2656193, Test MAE: 5.9450040, Test MAE norm: 0.1193590
Epoch: 164, LR: 0.000900, Loss: 0.0864030, Validation MAE: 4.2334752, Test MAE: 5.9448566, Test MAE norm: 0.1193560
Epoch: 169, LR: 0.000900, Loss: 0.0884391, Validation MAE: 4.1555557, Test MAE: 5.8222437, Test MAE norm: 0.1168943
Epoch: 176, LR: 0.000900, Loss: 0.0903128, Validation MAE: 4.0261855, Test MAE: 5.7001882, Test MAE norm: 0.1144438
Epoch: 186, LR: 0.000900, Loss: 0.0964832, Validation MAE: 6.3184228, Test MAE: 7.3579454, Test MAE norm: 0.1477269
Epoch: 187, LR: 0.000900, Loss: 0.1007043, Validation MAE: 3.9633684, Test MAE: 5.6333117, Test MAE norm: 0.1131011
Epoch: 197, LR: 0.000900, Loss: 0.0886439, Validation MAE: 4.0640593, Test MAE: 6.0174079, Test MAE norm: 0.1208127
Epoch: 198, LR: 0.000900, Loss: 0.0922715, Validation MAE: 4.0095515, Test MAE: 5.8564606, Test MAE norm: 0.1175813
Epoch: 203, LR: 0.000810, Loss: 0.0878068, Validation MAE: 3.9205308, Test MAE: 5.4579206, Test MAE norm: 0.1095797
Epoch: 213, LR: 0.000810, Loss: 0.0828018, Validation MAE: 4.5649867, Test MAE: 5.8758965, Test MAE norm: 0.1179715
Epoch: 214, LR: 0.000810, Loss: 0.0851762, Validation MAE: 4.5545139, Test MAE: 5.7574725, Test MAE norm: 0.1155939
Epoch: 215, LR: 0.000729, Loss: 0.0832804, Validation MAE: 4.4265280, Test MAE: 5.7310553, Test MAE norm: 0.1150635
Epoch: 216, LR: 0.000729, Loss: 0.0852790, Validation MAE: 4.0768747, Test MAE: 5.4816136, Test MAE norm: 0.1100554
Epoch: 219, LR: 0.000729, Loss: 0.0884903, Validation MAE: 3.9626276, Test MAE: 5.3640323, Test MAE norm: 0.1076947
Epoch: 229, LR: 0.000656, Loss: 0.0828303, Validation MAE: 4.2391920, Test MAE: 5.6659832, Test MAE norm: 0.1137571
Epoch: 239, LR: 0.000590, Loss: 0.0856818, Validation MAE: 4.5753446, Test MAE: 5.6979270, Test MAE norm: 0.1143984
Epoch: 240, LR: 0.000590, Loss: 0.0849956, Validation MAE: 3.9528897, Test MAE: 5.3745542, Test MAE norm: 0.1079060
Epoch: 250, LR: 0.000531, Loss: 0.0803231, Validation MAE: 4.5983038, Test MAE: 5.6156816, Test MAE norm: 0.1127471
Epoch: 251, LR: 0.000531, Loss: 0.0808954, Validation MAE: 4.2965717, Test MAE: 5.4140081, Test MAE norm: 0.1086981
Epoch: 252, LR: 0.000531, Loss: 0.0797728, Validation MAE: 4.0490732, Test MAE: 5.2234659, Test MAE norm: 0.1048725
Epoch: 262, LR: 0.000478, Loss: 0.0820105, Validation MAE: 4.3174314, Test MAE: 5.5098190, Test MAE norm: 0.1106217
Epoch: 265, LR: 0.000478, Loss: 0.0818507, Validation MAE: 4.0820141, Test MAE: 5.2297583, Test MAE norm: 0.1049989
Epoch: 275, LR: 0.000430, Loss: 0.0808040, Validation MAE: 4.5874281, Test MAE: 5.5925865, Test MAE norm: 0.1122835
Epoch: 276, LR: 0.000430, Loss: 0.0819955, Validation MAE: 4.3565044, Test MAE: 5.4065700, Test MAE norm: 0.1085488
Epoch: 277, LR: 0.000430, Loss: 0.0789424, Validation MAE: 4.1764984, Test MAE: 5.4080386, Test MAE norm: 0.1085782
Epoch: 284, LR: 0.000387, Loss: 0.0788685, Validation MAE: 4.1103940, Test MAE: 5.1701250, Test MAE norm: 0.1038016
Epoch: 285, LR: 0.000387, Loss: 0.0782049, Validation MAE: 4.1084051, Test MAE: 5.1598468, Test MAE norm: 0.1035952
Epoch: 295, LR: 0.000349, Loss: 0.0789640, Validation MAE: 4.1553822, Test MAE: 5.1822619, Test MAE norm: 0.1040453
Epoch: 305, LR: 0.000314, Loss: 0.0803185, Validation MAE: 4.2752361, Test MAE: 5.2017202, Test MAE norm: 0.1044360
Epoch: 308, LR: 0.000314, Loss: 0.0801352, Validation MAE: 4.1807952, Test MAE: 5.1836891, Test MAE norm: 0.1040739
Epoch: 318, LR: 0.000282, Loss: 0.0801862, Validation MAE: 4.2780132, Test MAE: 5.2331409, Test MAE norm: 0.1050668
Epoch: 319, LR: 0.000282, Loss: 0.0794111, Validation MAE: 4.2350011, Test MAE: 5.1216044, Test MAE norm: 0.1028275
Epoch: 329, LR: 0.000254, Loss: 0.0787623, Validation MAE: 4.3375602, Test MAE: 5.1779003, Test MAE norm: 0.1039577
Epoch: 330, LR: 0.000254, Loss: 0.0770807, Validation MAE: 4.1863236, Test MAE: 5.1147470, Test MAE norm: 0.1026898
Epoch: 335, LR: 0.000254, Loss: 0.0770642, Validation MAE: 4.0448718, Test MAE: 5.0150852, Test MAE norm: 0.1006888
Epoch: 345, LR: 0.000229, Loss: 0.0761677, Validation MAE: 4.3119769, Test MAE: 5.1018057, Test MAE norm: 0.1024299
Epoch: 347, LR: 0.000206, Loss: 0.0759249, Validation MAE: 4.1780677, Test MAE: 5.0402937, Test MAE norm: 0.1011950
Epoch: 354, LR: 0.000206, Loss: 0.0753017, Validation MAE: 4.1730270, Test MAE: 5.0849633, Test MAE norm: 0.1020918
Epoch: 357, LR: 0.000206, Loss: 0.0754763, Validation MAE: 4.0892587, Test MAE: 5.0021920, Test MAE norm: 0.1004300
Epoch: 367, LR: 0.000185, Loss: 0.0751999, Validation MAE: 4.2259579, Test MAE: 5.0111260, Test MAE norm: 0.1006094
Epoch: 368, LR: 0.000185, Loss: 0.0751592, Validation MAE: 4.2095690, Test MAE: 5.0208650, Test MAE norm: 0.1008049
Epoch: 371, LR: 0.000167, Loss: 0.0749889, Validation MAE: 4.1246481, Test MAE: 5.0190825, Test MAE norm: 0.1007691
Epoch: 376, LR: 0.000167, Loss: 0.0751715, Validation MAE: 4.1113977, Test MAE: 4.9951000, Test MAE norm: 0.1002876
Epoch: 386, LR: 0.000150, Loss: 0.0754444, Validation MAE: 4.3495946, Test MAE: 5.0708904, Test MAE norm: 0.1018093
Epoch: 387, LR: 0.000150, Loss: 0.0752286, Validation MAE: 4.2263618, Test MAE: 5.0134459, Test MAE norm: 0.1006559
Epoch: 388, LR: 0.000150, Loss: 0.0747409, Validation MAE: 4.0981865, Test MAE: 4.9746532, Test MAE norm: 0.0998771
Epoch: 398, LR: 0.000135, Loss: 0.0746951, Validation MAE: 4.1374207, Test MAE: 4.9522042, Test MAE norm: 0.0994264
Epoch: 408, LR: 0.000122, Loss: 0.0749992, Validation MAE: 4.1872516, Test MAE: 5.0038157, Test MAE norm: 0.1004626
Epoch: 415, LR: 0.000109, Loss: 0.0744296, Validation MAE: 4.1694922, Test MAE: 4.9493585, Test MAE norm: 0.0993692
Epoch: 419, LR: 0.000109, Loss: 0.0743078, Validation MAE: 4.1589670, Test MAE: 4.9408159, Test MAE norm: 0.0991977
Epoch: 420, LR: 0.000109, Loss: 0.0743741, Validation MAE: 4.1238737, Test MAE: 4.9333830, Test MAE norm: 0.0990485
Epoch: 430, LR: 0.000098, Loss: 0.0746451, Validation MAE: 4.1917291, Test MAE: 4.9469028, Test MAE norm: 0.0993199
Epoch: 433, LR: 0.000098, Loss: 0.0745535, Validation MAE: 4.1750636, Test MAE: 4.9500799, Test MAE norm: 0.0993837
Epoch: 437, LR: 0.000089, Loss: 0.0742216, Validation MAE: 4.1591253, Test MAE: 4.9506364, Test MAE norm: 0.0993949
Epoch: 438, LR: 0.000089, Loss: 0.0743146, Validation MAE: 4.1221027, Test MAE: 4.9408550, Test MAE norm: 0.0991985
Epoch: 448, LR: 0.000080, Loss: 0.0741356, Validation MAE: 4.1876960, Test MAE: 4.9269285, Test MAE norm: 0.0989189
Epoch: 449, LR: 0.000080, Loss: 0.0740731, Validation MAE: 4.1469455, Test MAE: 4.9186096, Test MAE norm: 0.0987519
Epoch: 459, LR: 0.000072, Loss: 0.0739763, Validation MAE: 4.1992888, Test MAE: 4.9525723, Test MAE norm: 0.0994338
Epoch: 460, LR: 0.000072, Loss: 0.0739735, Validation MAE: 4.1905375, Test MAE: 4.9520469, Test MAE norm: 0.0994232
Epoch: 464, LR: 0.000072, Loss: 0.0739765, Validation MAE: 4.1900959, Test MAE: 4.9420276, Test MAE norm: 0.0992220
Epoch: 471, LR: 0.000065, Loss: 0.0739426, Validation MAE: 4.1814685, Test MAE: 4.9364862, Test MAE norm: 0.0991108
Epoch: 480, LR: 0.000058, Loss: 0.0738093, Validation MAE: 4.1758342, Test MAE: 4.9219346, Test MAE norm: 0.0988186
Epoch: 481, LR: 0.000058, Loss: 0.0738489, Validation MAE: 4.1727972, Test MAE: 4.9182067, Test MAE norm: 0.0987438
Epoch: 491, LR: 0.000052, Loss: 0.0738060, Validation MAE: 4.2070923, Test MAE: 4.9323483, Test MAE norm: 0.0990277
Epoch: 492, LR: 0.000052, Loss: 0.0737859, Validation MAE: 4.1964436, Test MAE: 4.9319587, Test MAE norm: 0.0990199
Epoch: 494, LR: 0.000052, Loss: 0.0738016, Validation MAE: 4.1941390, Test MAE: 4.9318800, Test MAE norm: 0.0990183
Epoch: 502, LR: 0.000047, Loss: 0.0737142, Validation MAE: 4.1924143, Test MAE: 4.9187007, Test MAE norm: 0.0987537
Epoch: 503, LR: 0.000047, Loss: 0.0737327, Validation MAE: 4.1862626, Test MAE: 4.9161596, Test MAE norm: 0.0987027
Epoch: 513, LR: 0.000042, Loss: 0.0736910, Validation MAE: 4.1976910, Test MAE: 4.9251866, Test MAE norm: 0.0988839
Epoch: 516, LR: 0.000042, Loss: 0.0736856, Validation MAE: 4.1927886, Test MAE: 4.9200993, Test MAE norm: 0.0987818
Epoch: 517, LR: 0.000042, Loss: 0.0736713, Validation MAE: 4.1897979, Test MAE: 4.9181638, Test MAE norm: 0.0987429
Epoch: 522, LR: 0.000042, Loss: 0.0736465, Validation MAE: 4.1842680, Test MAE: 4.9132094, Test MAE norm: 0.0986435
Epoch: 523, LR: 0.000038, Loss: 0.0736766, Validation MAE: 4.1828518, Test MAE: 4.9106383, Test MAE norm: 0.0985918
Epoch: 533, LR: 0.000038, Loss: 0.0736208, Validation MAE: 4.2015419, Test MAE: 4.9190879, Test MAE norm: 0.0987615
Epoch: 534, LR: 0.000034, Loss: 0.0736208, Validation MAE: 4.2011285, Test MAE: 4.9180384, Test MAE norm: 0.0987404
Epoch: 535, LR: 0.000034, Loss: 0.0736175, Validation MAE: 4.1944261, Test MAE: 4.9159455, Test MAE norm: 0.0986984
Epoch: 536, LR: 0.000034, Loss: 0.0736154, Validation MAE: 4.1904907, Test MAE: 4.9132471, Test MAE norm: 0.0986442
Epoch: 540, LR: 0.000034, Loss: 0.0735828, Validation MAE: 4.1874185, Test MAE: 4.9046736, Test MAE norm: 0.0984721
Epoch: 541, LR: 0.000034, Loss: 0.0735966, Validation MAE: 4.1848321, Test MAE: 4.9034209, Test MAE norm: 0.0984469
Epoch: 551, LR: 0.000031, Loss: 0.0735889, Validation MAE: 4.1954646, Test MAE: 4.9100194, Test MAE norm: 0.0985794
Epoch: 554, LR: 0.000031, Loss: 0.0735719, Validation MAE: 4.1921229, Test MAE: 4.9089899, Test MAE norm: 0.0985587
Epoch: 564, LR: 0.000028, Loss: 0.0735380, Validation MAE: 4.1900983, Test MAE: 4.9071107, Test MAE norm: 0.0985210
Epoch: 565, LR: 0.000028, Loss: 0.0735309, Validation MAE: 4.1876645, Test MAE: 4.9079037, Test MAE norm: 0.0985369
Epoch: 570, LR: 0.000025, Loss: 0.0735388, Validation MAE: 4.1854653, Test MAE: 4.9033861, Test MAE norm: 0.0984462
Epoch: 571, LR: 0.000025, Loss: 0.0735262, Validation MAE: 4.1794806, Test MAE: 4.9034176, Test MAE norm: 0.0984469
Epoch: 581, LR: 0.000023, Loss: 0.0734902, Validation MAE: 4.1989012, Test MAE: 4.9013476, Test MAE norm: 0.0984053
Epoch: 582, LR: 0.000023, Loss: 0.0734974, Validation MAE: 4.1916170, Test MAE: 4.9005737, Test MAE norm: 0.0983898
Epoch: 583, LR: 0.000023, Loss: 0.0734796, Validation MAE: 4.1914115, Test MAE: 4.9005122, Test MAE norm: 0.0983885
Epoch: 584, LR: 0.000023, Loss: 0.0734830, Validation MAE: 4.1866336, Test MAE: 4.8995080, Test MAE norm: 0.0983684
Epoch: 594, LR: 0.000020, Loss: 0.0734905, Validation MAE: 4.1937890, Test MAE: 4.9025698, Test MAE norm: 0.0984299
Epoch: 595, LR: 0.000020, Loss: 0.0734820, Validation MAE: 4.1893063, Test MAE: 4.8988695, Test MAE norm: 0.0983556
Epoch: 605, LR: 0.000018, Loss: 0.0734475, Validation MAE: 4.1925979, Test MAE: 4.8998151, Test MAE norm: 0.0983745
Epoch: 606, LR: 0.000018, Loss: 0.0734368, Validation MAE: 4.1922917, Test MAE: 4.8985219, Test MAE norm: 0.0983486
Epoch: 610, LR: 0.000018, Loss: 0.0734309, Validation MAE: 4.1910925, Test MAE: 4.8995686, Test MAE norm: 0.0983696
Epoch: 611, LR: 0.000016, Loss: 0.0734386, Validation MAE: 4.1903858, Test MAE: 4.8991027, Test MAE norm: 0.0983602
Epoch: 614, LR: 0.000016, Loss: 0.0734516, Validation MAE: 4.1903658, Test MAE: 4.8975286, Test MAE norm: 0.0983286
Epoch: 615, LR: 0.000016, Loss: 0.0734418, Validation MAE: 4.1898031, Test MAE: 4.8980131, Test MAE norm: 0.0983384
Epoch: 620, LR: 0.000016, Loss: 0.0734237, Validation MAE: 4.1866655, Test MAE: 4.8973866, Test MAE norm: 0.0983258
Epoch: 621, LR: 0.000016, Loss: 0.0734422, Validation MAE: 4.1858392, Test MAE: 4.8970804, Test MAE norm: 0.0983196
Epoch: 631, LR: 0.000015, Loss: 0.0734142, Validation MAE: 4.1918807, Test MAE: 4.8961468, Test MAE norm: 0.0983009
Epoch: 632, LR: 0.000015, Loss: 0.0734167, Validation MAE: 4.1909513, Test MAE: 4.8955879, Test MAE norm: 0.0982897
Epoch: 636, LR: 0.000013, Loss: 0.0734054, Validation MAE: 4.1875739, Test MAE: 4.8933716, Test MAE norm: 0.0982452
Epoch: 637, LR: 0.000013, Loss: 0.0734062, Validation MAE: 4.1861687, Test MAE: 4.8940163, Test MAE norm: 0.0982581
Epoch: 647, LR: 0.000012, Loss: 0.0734017, Validation MAE: 4.1889024, Test MAE: 4.8929763, Test MAE norm: 0.0982372
Epoch: 648, LR: 0.000012, Loss: 0.0733922, Validation MAE: 4.1874003, Test MAE: 4.8906713, Test MAE norm: 0.0981910
Epoch: 658, LR: 0.000011, Loss: 0.0733759, Validation MAE: 4.1886368, Test MAE: 4.8917594, Test MAE norm: 0.0982128
Epoch: 659, LR: 0.000011, Loss: 0.0733896, Validation MAE: 4.1850705, Test MAE: 4.8909760, Test MAE norm: 0.0981971
Epoch: 667, LR: 0.000010, Loss: 0.0733856, Validation MAE: 4.1833420, Test MAE: 4.8885469, Test MAE norm: 0.0981483
Epoch: 677, LR: 0.000010, Loss: 0.0733588, Validation MAE: 4.1876426, Test MAE: 4.8870025, Test MAE norm: 0.0981173
Epoch: 682, LR: 0.000010, Loss: 0.0733576, Validation MAE: 4.1857548, Test MAE: 4.8855624, Test MAE norm: 0.0980884
Epoch: 692, LR: 0.000010, Loss: 0.0733532, Validation MAE: 4.1919727, Test MAE: 4.8910170, Test MAE norm: 0.0981979
Epoch: 693, LR: 0.000010, Loss: 0.0733619, Validation MAE: 4.1914554, Test MAE: 4.8896570, Test MAE norm: 0.0981706
Epoch: 694, LR: 0.000010, Loss: 0.0733443, Validation MAE: 4.1891799, Test MAE: 4.8886461, Test MAE norm: 0.0981503
Epoch: 695, LR: 0.000010, Loss: 0.0733437, Validation MAE: 4.1859336, Test MAE: 4.8879743, Test MAE norm: 0.0981368
Epoch: 696, LR: 0.000010, Loss: 0.0733505, Validation MAE: 4.1854444, Test MAE: 4.8870301, Test MAE norm: 0.0981179
Epoch: 702, LR: 0.000010, Loss: 0.0733570, Validation MAE: 4.1844921, Test MAE: 4.8873005, Test MAE norm: 0.0981233
Epoch: 712, LR: 0.000010, Loss: 0.0733341, Validation MAE: 4.1881943, Test MAE: 4.8892660, Test MAE norm: 0.0981627
Epoch: 713, LR: 0.000010, Loss: 0.0733349, Validation MAE: 4.1851568, Test MAE: 4.8882694, Test MAE norm: 0.0981427
Epoch: 723, LR: 0.000010, Loss: 0.0733132, Validation MAE: 4.1866813, Test MAE: 4.8879318, Test MAE norm: 0.0981360
Epoch: 724, LR: 0.000010, Loss: 0.0733216, Validation MAE: 4.1852975, Test MAE: 4.8878040, Test MAE norm: 0.0981334
Epoch: 734, LR: 0.000010, Loss: 0.0733125, Validation MAE: 4.1889019, Test MAE: 4.8822551, Test MAE norm: 0.0980220
Epoch: 735, LR: 0.000010, Loss: 0.0733056, Validation MAE: 4.1882463, Test MAE: 4.8825207, Test MAE norm: 0.0980273
Epoch: 738, LR: 0.000010, Loss: 0.0732985, Validation MAE: 4.1878099, Test MAE: 4.8813510, Test MAE norm: 0.0980038
Epoch: 743, LR: 0.000010, Loss: 0.0733022, Validation MAE: 4.1875596, Test MAE: 4.8810081, Test MAE norm: 0.0979970
Epoch: 748, LR: 0.000010, Loss: 0.0733081, Validation MAE: 4.1826472, Test MAE: 4.8808727, Test MAE norm: 0.0979942
Epoch: 749, LR: 0.000010, Loss: 0.0732835, Validation MAE: 4.1811733, Test MAE: 4.8831792, Test MAE norm: 0.0980405
Epoch: 759, LR: 0.000010, Loss: 0.0732801, Validation MAE: 4.1890922, Test MAE: 4.8828773, Test MAE norm: 0.0980345
Epoch: 762, LR: 0.000010, Loss: 0.0732863, Validation MAE: 4.1854210, Test MAE: 4.8794093, Test MAE norm: 0.0979649
Epoch: 763, LR: 0.000010, Loss: 0.0732723, Validation MAE: 4.1849985, Test MAE: 4.8786807, Test MAE norm: 0.0979502
Epoch: 769, LR: 0.000010, Loss: 0.0732607, Validation MAE: 4.1840644, Test MAE: 4.8816934, Test MAE norm: 0.0980107
Epoch: 779, LR: 0.000010, Loss: 0.0732531, Validation MAE: 4.1898332, Test MAE: 4.8793302, Test MAE norm: 0.0979633
Epoch: 780, LR: 0.000010, Loss: 0.0732516, Validation MAE: 4.1892362, Test MAE: 4.8790374, Test MAE norm: 0.0979574
Epoch: 782, LR: 0.000010, Loss: 0.0732606, Validation MAE: 4.1891837, Test MAE: 4.8790364, Test MAE norm: 0.0979574
Epoch: 784, LR: 0.000010, Loss: 0.0732640, Validation MAE: 4.1882763, Test MAE: 4.8787026, Test MAE norm: 0.0979507
Epoch: 787, LR: 0.000010, Loss: 0.0732500, Validation MAE: 4.1862640, Test MAE: 4.8804832, Test MAE norm: 0.0979864
Epoch: 788, LR: 0.000010, Loss: 0.0732547, Validation MAE: 4.1859660, Test MAE: 4.8802781, Test MAE norm: 0.0979823
Epoch: 794, LR: 0.000010, Loss: 0.0732422, Validation MAE: 4.1815233, Test MAE: 4.8768744, Test MAE norm: 0.0979140
Epoch: 804, LR: 0.000010, Loss: 0.0732464, Validation MAE: 4.1948462, Test MAE: 4.8780313, Test MAE norm: 0.0979372
Epoch: 805, LR: 0.000010, Loss: 0.0732590, Validation MAE: 4.1932368, Test MAE: 4.8775897, Test MAE norm: 0.0979283
Epoch: 806, LR: 0.000010, Loss: 0.0732484, Validation MAE: 4.1882310, Test MAE: 4.8782592, Test MAE norm: 0.0979418
Epoch: 807, LR: 0.000010, Loss: 0.0732512, Validation MAE: 4.1856742, Test MAE: 4.8757071, Test MAE norm: 0.0978905
Epoch: 808, LR: 0.000010, Loss: 0.0732508, Validation MAE: 4.1834426, Test MAE: 4.8753128, Test MAE norm: 0.0978826
Epoch: 815, LR: 0.000010, Loss: 0.0732461, Validation MAE: 4.1818695, Test MAE: 4.8746581, Test MAE norm: 0.0978695
Epoch: 825, LR: 0.000010, Loss: 0.0732223, Validation MAE: 4.1900887, Test MAE: 4.8745160, Test MAE norm: 0.0978666
Epoch: 827, LR: 0.000010, Loss: 0.0732166, Validation MAE: 4.1884484, Test MAE: 4.8724751, Test MAE norm: 0.0978256
Epoch: 828, LR: 0.000010, Loss: 0.0732070, Validation MAE: 4.1843638, Test MAE: 4.8729200, Test MAE norm: 0.0978346
Epoch: 829, LR: 0.000010, Loss: 0.0732244, Validation MAE: 4.1820345, Test MAE: 4.8706126, Test MAE norm: 0.0977882
Epoch: 836, LR: 0.000010, Loss: 0.0732028, Validation MAE: 4.1792789, Test MAE: 4.8726158, Test MAE norm: 0.0978285
Epoch: 846, LR: 0.000010, Loss: 0.0732002, Validation MAE: 4.1816134, Test MAE: 4.8702450, Test MAE norm: 0.0977809
Epoch: 856, LR: 0.000010, Loss: 0.0731841, Validation MAE: 4.1914349, Test MAE: 4.8714938, Test MAE norm: 0.0978059
Epoch: 857, LR: 0.000010, Loss: 0.0731745, Validation MAE: 4.1886272, Test MAE: 4.8703318, Test MAE norm: 0.0977826
Epoch: 858, LR: 0.000010, Loss: 0.0731819, Validation MAE: 4.1872578, Test MAE: 4.8704300, Test MAE norm: 0.0977846
Epoch: 859, LR: 0.000010, Loss: 0.0731827, Validation MAE: 4.1870484, Test MAE: 4.8710713, Test MAE norm: 0.0977974
Epoch: 862, LR: 0.000010, Loss: 0.0731742, Validation MAE: 4.1869407, Test MAE: 4.8713026, Test MAE norm: 0.0978021
Epoch: 865, LR: 0.000010, Loss: 0.0731813, Validation MAE: 4.1866684, Test MAE: 4.8713737, Test MAE norm: 0.0978035
Epoch: 869, LR: 0.000010, Loss: 0.0731666, Validation MAE: 4.1837034, Test MAE: 4.8685775, Test MAE norm: 0.0977474
Epoch: 874, LR: 0.000010, Loss: 0.0731572, Validation MAE: 4.1823025, Test MAE: 4.8700027, Test MAE norm: 0.0977760
Epoch: 875, LR: 0.000010, Loss: 0.0731872, Validation MAE: 4.1809540, Test MAE: 4.8688107, Test MAE norm: 0.0977521
Epoch: 881, LR: 0.000010, Loss: 0.0731687, Validation MAE: 4.1797824, Test MAE: 4.8700943, Test MAE norm: 0.0977778
Epoch: 882, LR: 0.000010, Loss: 0.0731651, Validation MAE: 4.1772285, Test MAE: 4.8698497, Test MAE norm: 0.0977729
Epoch: 892, LR: 0.000010, Loss: 0.0731497, Validation MAE: 4.1847816, Test MAE: 4.8649511, Test MAE norm: 0.0976746
Epoch: 897, LR: 0.000010, Loss: 0.0731623, Validation MAE: 4.1757417, Test MAE: 4.8619695, Test MAE norm: 0.0976147
Epoch: 907, LR: 0.000010, Loss: 0.0731230, Validation MAE: 4.1908574, Test MAE: 4.8655519, Test MAE norm: 0.0976866
Epoch: 909, LR: 0.000010, Loss: 0.0731292, Validation MAE: 4.1904149, Test MAE: 4.8639717, Test MAE norm: 0.0976549
Epoch: 910, LR: 0.000010, Loss: 0.0731273, Validation MAE: 4.1825809, Test MAE: 4.8633518, Test MAE norm: 0.0976425
Epoch: 911, LR: 0.000010, Loss: 0.0731270, Validation MAE: 4.1794977, Test MAE: 4.8640399, Test MAE norm: 0.0976563
Epoch: 912, LR: 0.000010, Loss: 0.0731458, Validation MAE: 4.1790843, Test MAE: 4.8621702, Test MAE norm: 0.0976187
Epoch: 922, LR: 0.000010, Loss: 0.0731206, Validation MAE: 4.1944370, Test MAE: 4.8642116, Test MAE norm: 0.0976597
Epoch: 923, LR: 0.000010, Loss: 0.0731378, Validation MAE: 4.1885715, Test MAE: 4.8641343, Test MAE norm: 0.0976582
Epoch: 924, LR: 0.000010, Loss: 0.0731174, Validation MAE: 4.1809616, Test MAE: 4.8618164, Test MAE norm: 0.0976116
Epoch: 925, LR: 0.000010, Loss: 0.0731089, Validation MAE: 4.1780210, Test MAE: 4.8600984, Test MAE norm: 0.0975771
Epoch: 935, LR: 0.000010, Loss: 0.0731024, Validation MAE: 4.1878252, Test MAE: 4.8625889, Test MAE norm: 0.0976271
Epoch: 936, LR: 0.000010, Loss: 0.0730944, Validation MAE: 4.1842790, Test MAE: 4.8615766, Test MAE norm: 0.0976068
Epoch: 940, LR: 0.000010, Loss: 0.0731010, Validation MAE: 4.1825218, Test MAE: 4.8623824, Test MAE norm: 0.0976230
Epoch: 941, LR: 0.000010, Loss: 0.0730956, Validation MAE: 4.1813984, Test MAE: 4.8622413, Test MAE norm: 0.0976202
Epoch: 951, LR: 0.000010, Loss: 0.0730794, Validation MAE: 4.1877484, Test MAE: 4.8605781, Test MAE norm: 0.0975868
Epoch: 952, LR: 0.000010, Loss: 0.0730985, Validation MAE: 4.1848240, Test MAE: 4.8594165, Test MAE norm: 0.0975635
Epoch: 953, LR: 0.000010, Loss: 0.0730884, Validation MAE: 4.1818404, Test MAE: 4.8580327, Test MAE norm: 0.0975357
Epoch: 963, LR: 0.000010, Loss: 0.0730630, Validation MAE: 4.1880097, Test MAE: 4.8605266, Test MAE norm: 0.0975857
Epoch: 964, LR: 0.000010, Loss: 0.0730793, Validation MAE: 4.1876025, Test MAE: 4.8610144, Test MAE norm: 0.0975955
Epoch: 965, LR: 0.000010, Loss: 0.0730731, Validation MAE: 4.1861486, Test MAE: 4.8597250, Test MAE norm: 0.0975696
Epoch: 966, LR: 0.000010, Loss: 0.0730682, Validation MAE: 4.1834121, Test MAE: 4.8597574, Test MAE norm: 0.0975703
Epoch: 974, LR: 0.000010, Loss: 0.0730744, Validation MAE: 4.1825910, Test MAE: 4.8610997, Test MAE norm: 0.0975972
Epoch: 979, LR: 0.000010, Loss: 0.0730636, Validation MAE: 4.1818562, Test MAE: 4.8601217, Test MAE norm: 0.0975776
Epoch: 989, LR: 0.000010, Loss: 0.0730602, Validation MAE: 4.1819739, Test MAE: 4.8541760, Test MAE norm: 0.0974582
Epoch: 993, LR: 0.000010, Loss: 0.0730462, Validation MAE: 4.1803098, Test MAE: 4.8560052, Test MAE norm: 0.0974950
Epoch: 994, LR: 0.000010, Loss: 0.0730520, Validation MAE: 4.1775026, Test MAE: 4.8570786, Test MAE norm: 0.0975165
Epoch: 1000, LR: 0.000010, Loss: 0.0730335, Validation MAE: 4.1770625, Test MAE: 4.8540759, Test MAE norm: 0.0974562
Epoch: 1001, LR: 0.000010, Loss: 0.0730458, Validation MAE: 4.1765227, Test MAE: 4.8530059, Test MAE norm: 0.0974347
Epoch: 1007, LR: 0.000010, Loss: 0.0730309, Validation MAE: 4.1764727, Test MAE: 4.8500552, Test MAE norm: 0.0973755
Epoch: 1017, LR: 0.000010, Loss: 0.0730164, Validation MAE: 4.1857905, Test MAE: 4.8555350, Test MAE norm: 0.0974855
Epoch: 1019, LR: 0.000010, Loss: 0.0730144, Validation MAE: 4.1837454, Test MAE: 4.8537269, Test MAE norm: 0.0974492
Epoch: 1020, LR: 0.000010, Loss: 0.0730105, Validation MAE: 4.1799908, Test MAE: 4.8537493, Test MAE norm: 0.0974497
Epoch: 1021, LR: 0.000010, Loss: 0.0730217, Validation MAE: 4.1796451, Test MAE: 4.8539829, Test MAE norm: 0.0974544
Epoch: 1031, LR: 0.000010, Loss: 0.0730044, Validation MAE: 4.1842289, Test MAE: 4.8508883, Test MAE norm: 0.0973922
Epoch: 1032, LR: 0.000010, Loss: 0.0730113, Validation MAE: 4.1793466, Test MAE: 4.8514361, Test MAE norm: 0.0974032
Epoch: 1033, LR: 0.000010, Loss: 0.0729985, Validation MAE: 4.1791158, Test MAE: 4.8505578, Test MAE norm: 0.0973856
Epoch: 1038, LR: 0.000010, Loss: 0.0729782, Validation MAE: 4.1768174, Test MAE: 4.8497214, Test MAE norm: 0.0973688
Epoch: 1044, LR: 0.000010, Loss: 0.0729729, Validation MAE: 4.1711111, Test MAE: 4.8493066, Test MAE norm: 0.0973605
Epoch: 1045, LR: 0.000010, Loss: 0.0729991, Validation MAE: 4.1705985, Test MAE: 4.8491588, Test MAE norm: 0.0973575
Epoch: 1055, LR: 0.000010, Loss: 0.0729695, Validation MAE: 4.1826835, Test MAE: 4.8480163, Test MAE norm: 0.0973346
Epoch: 1057, LR: 0.000010, Loss: 0.0729752, Validation MAE: 4.1800599, Test MAE: 4.8468928, Test MAE norm: 0.0973120
Epoch: 1058, LR: 0.000010, Loss: 0.0729694, Validation MAE: 4.1701374, Test MAE: 4.8446636, Test MAE norm: 0.0972673
Epoch: 1064, LR: 0.000010, Loss: 0.0729653, Validation MAE: 4.1642771, Test MAE: 4.8410454, Test MAE norm: 0.0971946
Epoch: 1072, LR: 0.000010, Loss: 0.0729563, Validation MAE: 4.1626244, Test MAE: 4.8388152, Test MAE norm: 0.0971498
Epoch: 1082, LR: 0.000010, Loss: 0.0729425, Validation MAE: 4.1854830, Test MAE: 4.8448615, Test MAE norm: 0.0972712
Epoch: 1083, LR: 0.000010, Loss: 0.0729452, Validation MAE: 4.1848831, Test MAE: 4.8456736, Test MAE norm: 0.0972875
Epoch: 1084, LR: 0.000010, Loss: 0.0729382, Validation MAE: 4.1749616, Test MAE: 4.8432770, Test MAE norm: 0.0972394
Epoch: 1085, LR: 0.000010, Loss: 0.0729349, Validation MAE: 4.1730785, Test MAE: 4.8437676, Test MAE norm: 0.0972493
Epoch: 1095, LR: 0.000010, Loss: 0.0729359, Validation MAE: 4.1744380, Test MAE: 4.8379202, Test MAE norm: 0.0971319
Epoch: 1102, LR: 0.000010, Loss: 0.0729258, Validation MAE: 4.1726227, Test MAE: 4.8420782, Test MAE norm: 0.0972153
Epoch: 1108, LR: 0.000010, Loss: 0.0729098, Validation MAE: 4.1708140, Test MAE: 4.8374476, Test MAE norm: 0.0971224
Epoch: 1118, LR: 0.000010, Loss: 0.0728992, Validation MAE: 4.1723661, Test MAE: 4.8388023, Test MAE norm: 0.0971496
Epoch: 1123, LR: 0.000010, Loss: 0.0728955, Validation MAE: 4.1705813, Test MAE: 4.8378935, Test MAE norm: 0.0971313
Epoch: 1124, LR: 0.000010, Loss: 0.0728897, Validation MAE: 4.1703610, Test MAE: 4.8372455, Test MAE norm: 0.0971183
Epoch: 1129, LR: 0.000010, Loss: 0.0728834, Validation MAE: 4.1684332, Test MAE: 4.8356910, Test MAE norm: 0.0970871
Epoch: 1130, LR: 0.000010, Loss: 0.0728805, Validation MAE: 4.1651068, Test MAE: 4.8336997, Test MAE norm: 0.0970471
Epoch: 1140, LR: 0.000010, Loss: 0.0728876, Validation MAE: 4.1709962, Test MAE: 4.8350191, Test MAE norm: 0.0970736
Epoch: 1150, LR: 0.000010, Loss: 0.0728829, Validation MAE: 4.1751122, Test MAE: 4.8348527, Test MAE norm: 0.0970703
Epoch: 1151, LR: 0.000010, Loss: 0.0728653, Validation MAE: 4.1742377, Test MAE: 4.8352447, Test MAE norm: 0.0970782
Epoch: 1158, LR: 0.000010, Loss: 0.0728609, Validation MAE: 4.1721935, Test MAE: 4.8343358, Test MAE norm: 0.0970599
Epoch: 1159, LR: 0.000010, Loss: 0.0728612, Validation MAE: 4.1706491, Test MAE: 4.8332582, Test MAE norm: 0.0970383
Epoch: 1169, LR: 0.000010, Loss: 0.0728520, Validation MAE: 4.1684356, Test MAE: 4.8307924, Test MAE norm: 0.0969888
Epoch: 1174, LR: 0.000010, Loss: 0.0728458, Validation MAE: 4.1670084, Test MAE: 4.8292866, Test MAE norm: 0.0969585
Epoch: 1184, LR: 0.000010, Loss: 0.0728203, Validation MAE: 4.1730161, Test MAE: 4.8311057, Test MAE norm: 0.0969950
Epoch: 1185, LR: 0.000010, Loss: 0.0728400, Validation MAE: 4.1723948, Test MAE: 4.8314643, Test MAE norm: 0.0970023
Epoch: 1191, LR: 0.000010, Loss: 0.0728423, Validation MAE: 4.1720896, Test MAE: 4.8299155, Test MAE norm: 0.0969712
Epoch: 1200, LR: 0.000010, Loss: 0.0728280, Validation MAE: 4.1683640, Test MAE: 4.8266630, Test MAE norm: 0.0969059
Epoch: 1201, LR: 0.000010, Loss: 0.0728083, Validation MAE: 4.1664982, Test MAE: 4.8286376, Test MAE norm: 0.0969455
Epoch: 1211, LR: 0.000010, Loss: 0.0727989, Validation MAE: 4.1803465, Test MAE: 4.8283963, Test MAE norm: 0.0969407
Epoch: 1212, LR: 0.000010, Loss: 0.0728036, Validation MAE: 4.1692753, Test MAE: 4.8270979, Test MAE norm: 0.0969146
Epoch: 1213, LR: 0.000010, Loss: 0.0727929, Validation MAE: 4.1656342, Test MAE: 4.8266234, Test MAE norm: 0.0969051
Epoch: 1223, LR: 0.000010, Loss: 0.0727768, Validation MAE: 4.1708269, Test MAE: 4.8255029, Test MAE norm: 0.0968826
Epoch: 1230, LR: 0.000010, Loss: 0.0727685, Validation MAE: 4.1660929, Test MAE: 4.8236170, Test MAE norm: 0.0968447
Epoch: 1231, LR: 0.000010, Loss: 0.0727766, Validation MAE: 4.1656799, Test MAE: 4.8240738, Test MAE norm: 0.0968539
Epoch: 1241, LR: 0.000010, Loss: 0.0727779, Validation MAE: 4.1691923, Test MAE: 4.8243017, Test MAE norm: 0.0968584
Epoch: 1245, LR: 0.000010, Loss: 0.0727583, Validation MAE: 4.1655245, Test MAE: 4.8230243, Test MAE norm: 0.0968328
Epoch: 1251, LR: 0.000010, Loss: 0.0727564, Validation MAE: 4.1627588, Test MAE: 4.8200727, Test MAE norm: 0.0967735
Epoch: 1261, LR: 0.000010, Loss: 0.0727627, Validation MAE: 4.1753888, Test MAE: 4.8236504, Test MAE norm: 0.0968454
Epoch: 1262, LR: 0.000010, Loss: 0.0727564, Validation MAE: 4.1660233, Test MAE: 4.8214784, Test MAE norm: 0.0968018
Epoch: 1263, LR: 0.000010, Loss: 0.0727511, Validation MAE: 4.1641431, Test MAE: 4.8199954, Test MAE norm: 0.0967720
Epoch: 1268, LR: 0.000010, Loss: 0.0727470, Validation MAE: 4.1640811, Test MAE: 4.8165884, Test MAE norm: 0.0967036
Epoch: 1278, LR: 0.000010, Loss: 0.0727236, Validation MAE: 4.1712613, Test MAE: 4.8212771, Test MAE norm: 0.0967977
Epoch: 1280, LR: 0.000010, Loss: 0.0727201, Validation MAE: 4.1687713, Test MAE: 4.8196411, Test MAE norm: 0.0967649
Epoch: 1284, LR: 0.000010, Loss: 0.0727143, Validation MAE: 4.1650062, Test MAE: 4.8192210, Test MAE norm: 0.0967564
Epoch: 1289, LR: 0.000010, Loss: 0.0727322, Validation MAE: 4.1638083, Test MAE: 4.8188729, Test MAE norm: 0.0967495
Epoch: 1294, LR: 0.000010, Loss: 0.0727056, Validation MAE: 4.1613827, Test MAE: 4.8179150, Test MAE norm: 0.0967302
Epoch: 1304, LR: 0.000010, Loss: 0.0726792, Validation MAE: 4.1681380, Test MAE: 4.8187671, Test MAE norm: 0.0967473
Epoch: 1305, LR: 0.000010, Loss: 0.0726787, Validation MAE: 4.1657114, Test MAE: 4.8162365, Test MAE norm: 0.0966965
Epoch: 1306, LR: 0.000010, Loss: 0.0726818, Validation MAE: 4.1651011, Test MAE: 4.8167019, Test MAE norm: 0.0967059
Epoch: 1310, LR: 0.000010, Loss: 0.0726686, Validation MAE: 4.1628404, Test MAE: 4.8188009, Test MAE norm: 0.0967480
Epoch: 1320, LR: 0.000010, Loss: 0.0726681, Validation MAE: 4.1737924, Test MAE: 4.8166823, Test MAE norm: 0.0967055
Epoch: 1321, LR: 0.000010, Loss: 0.0726656, Validation MAE: 4.1666298, Test MAE: 4.8146725, Test MAE norm: 0.0966651
Epoch: 1323, LR: 0.000010, Loss: 0.0726659, Validation MAE: 4.1662750, Test MAE: 4.8155327, Test MAE norm: 0.0966824
Epoch: 1326, LR: 0.000010, Loss: 0.0726730, Validation MAE: 4.1635451, Test MAE: 4.8137293, Test MAE norm: 0.0966462
Epoch: 1333, LR: 0.000010, Loss: 0.0726675, Validation MAE: 4.1614380, Test MAE: 4.8128672, Test MAE norm: 0.0966289
Epoch: 1338, LR: 0.000010, Loss: 0.0726483, Validation MAE: 4.1571860, Test MAE: 4.8092971, Test MAE norm: 0.0965572
Epoch: 1339, LR: 0.000010, Loss: 0.0726382, Validation MAE: 4.1491389, Test MAE: 4.8071632, Test MAE norm: 0.0965144
Epoch: 1349, LR: 0.000010, Loss: 0.0726432, Validation MAE: 4.1682854, Test MAE: 4.8117189, Test MAE norm: 0.0966058
Epoch: 1350, LR: 0.000010, Loss: 0.0726427, Validation MAE: 4.1676579, Test MAE: 4.8122849, Test MAE norm: 0.0966172
Epoch: 1351, LR: 0.000010, Loss: 0.0726366, Validation MAE: 4.1635809, Test MAE: 4.8109288, Test MAE norm: 0.0965900
Epoch: 1354, LR: 0.000010, Loss: 0.0726523, Validation MAE: 4.1631546, Test MAE: 4.8105907, Test MAE norm: 0.0965832
Epoch: 1358, LR: 0.000010, Loss: 0.0726306, Validation MAE: 4.1596947, Test MAE: 4.8103499, Test MAE norm: 0.0965783
Epoch: 1359, LR: 0.000010, Loss: 0.0726547, Validation MAE: 4.1581082, Test MAE: 4.8092842, Test MAE norm: 0.0965569
Epoch: 1369, LR: 0.000010, Loss: 0.0726152, Validation MAE: 4.1671176, Test MAE: 4.8092284, Test MAE norm: 0.0965558
Epoch: 1370, LR: 0.000010, Loss: 0.0726114, Validation MAE: 4.1626458, Test MAE: 4.8073626, Test MAE norm: 0.0965184
Epoch: 1376, LR: 0.000010, Loss: 0.0726250, Validation MAE: 4.1584783, Test MAE: 4.8074136, Test MAE norm: 0.0965194
Epoch: 1383, LR: 0.000010, Loss: 0.0725969, Validation MAE: 4.1583953, Test MAE: 4.8083591, Test MAE norm: 0.0965384
Epoch: 1384, LR: 0.000010, Loss: 0.0726016, Validation MAE: 4.1572146, Test MAE: 4.8076472, Test MAE norm: 0.0965241
Epoch: 1393, LR: 0.000010, Loss: 0.0726089, Validation MAE: 4.1559725, Test MAE: 4.8027749, Test MAE norm: 0.0964262
Epoch: 1403, LR: 0.000010, Loss: 0.0725836, Validation MAE: 4.1596489, Test MAE: 4.8039680, Test MAE norm: 0.0964502
Epoch: 1407, LR: 0.000010, Loss: 0.0725668, Validation MAE: 4.1590772, Test MAE: 4.8025656, Test MAE norm: 0.0964220
Epoch: 1408, LR: 0.000010, Loss: 0.0725941, Validation MAE: 4.1550541, Test MAE: 4.8018098, Test MAE norm: 0.0964069
Epoch: 1418, LR: 0.000010, Loss: 0.0725736, Validation MAE: 4.1602082, Test MAE: 4.8018799, Test MAE norm: 0.0964083
Epoch: 1422, LR: 0.000010, Loss: 0.0725513, Validation MAE: 4.1563349, Test MAE: 4.8021169, Test MAE norm: 0.0964130
Epoch: 1423, LR: 0.000010, Loss: 0.0725534, Validation MAE: 4.1533608, Test MAE: 4.8009448, Test MAE norm: 0.0963895
Epoch: 1429, LR: 0.000010, Loss: 0.0725623, Validation MAE: 4.1502342, Test MAE: 4.7979755, Test MAE norm: 0.0963299
Epoch: 1439, LR: 0.000010, Loss: 0.0725396, Validation MAE: 4.1548657, Test MAE: 4.7980690, Test MAE norm: 0.0963318
Epoch: 1440, LR: 0.000010, Loss: 0.0725444, Validation MAE: 4.1526709, Test MAE: 4.7980928, Test MAE norm: 0.0963322
Epoch: 1450, LR: 0.000010, Loss: 0.0725183, Validation MAE: 4.1544385, Test MAE: 4.7978225, Test MAE norm: 0.0963268
Epoch: 1455, LR: 0.000010, Loss: 0.0725241, Validation MAE: 4.1543236, Test MAE: 4.7955456, Test MAE norm: 0.0962811
Epoch: 1456, LR: 0.000010, Loss: 0.0725136, Validation MAE: 4.1489506, Test MAE: 4.7933245, Test MAE norm: 0.0962365
Epoch: 1466, LR: 0.000010, Loss: 0.0725238, Validation MAE: 4.1570420, Test MAE: 4.7967696, Test MAE norm: 0.0963057
Epoch: 1469, LR: 0.000010, Loss: 0.0725020, Validation MAE: 4.1558151, Test MAE: 4.7956905, Test MAE norm: 0.0962840
Epoch: 1470, LR: 0.000010, Loss: 0.0725054, Validation MAE: 4.1520634, Test MAE: 4.7931771, Test MAE norm: 0.0962336
Epoch: 1475, LR: 0.000010, Loss: 0.0725034, Validation MAE: 4.1508503, Test MAE: 4.7955403, Test MAE norm: 0.0962810
Epoch: 1480, LR: 0.000010, Loss: 0.0724780, Validation MAE: 4.1498599, Test MAE: 4.7902532, Test MAE norm: 0.0961748
Epoch: 1490, LR: 0.000010, Loss: 0.0724755, Validation MAE: 4.1529274, Test MAE: 4.7921805, Test MAE norm: 0.0962135
Epoch: 1496, LR: 0.000010, Loss: 0.0724858, Validation MAE: 4.1509547, Test MAE: 4.7921500, Test MAE norm: 0.0962129
Epoch: 1497, LR: 0.000010, Loss: 0.0724578, Validation MAE: 4.1449194, Test MAE: 4.7906656, Test MAE norm: 0.0961831
Epoch: 1507, LR: 0.000010, Loss: 0.0724661, Validation MAE: 4.1581922, Test MAE: 4.7909245, Test MAE norm: 0.0961883
Epoch: 1509, LR: 0.000010, Loss: 0.0724614, Validation MAE: 4.1532345, Test MAE: 4.7887573, Test MAE norm: 0.0961448
Epoch: 1510, LR: 0.000010, Loss: 0.0724549, Validation MAE: 4.1532235, Test MAE: 4.7893510, Test MAE norm: 0.0961567
Epoch: 1516, LR: 0.000010, Loss: 0.0724615, Validation MAE: 4.1516166, Test MAE: 4.7908087, Test MAE norm: 0.0961860
Epoch: 1521, LR: 0.000010, Loss: 0.0724435, Validation MAE: 4.1487780, Test MAE: 4.7896543, Test MAE norm: 0.0961628
Epoch: 1522, LR: 0.000010, Loss: 0.0724463, Validation MAE: 4.1483488, Test MAE: 4.7880626, Test MAE norm: 0.0961309
Epoch: 1529, LR: 0.000010, Loss: 0.0724478, Validation MAE: 4.1479445, Test MAE: 4.7869444, Test MAE norm: 0.0961084
Epoch: 1534, LR: 0.000010, Loss: 0.0724583, Validation MAE: 4.1426091, Test MAE: 4.7858305, Test MAE norm: 0.0960861
Epoch: 1535, LR: 0.000010, Loss: 0.0724435, Validation MAE: 4.1373296, Test MAE: 4.7824836, Test MAE norm: 0.0960189
Epoch: 1545, LR: 0.000010, Loss: 0.0724201, Validation MAE: 4.1494946, Test MAE: 4.7862320, Test MAE norm: 0.0960941
Epoch: 1548, LR: 0.000010, Loss: 0.0724258, Validation MAE: 4.1468248, Test MAE: 4.7867570, Test MAE norm: 0.0961047
Epoch: 1555, LR: 0.000010, Loss: 0.0724218, Validation MAE: 4.1463032, Test MAE: 4.7869220, Test MAE norm: 0.0961080
Epoch: 1560, LR: 0.000010, Loss: 0.0723920, Validation MAE: 4.1445270, Test MAE: 4.7810354, Test MAE norm: 0.0959898
Epoch: 1567, LR: 0.000010, Loss: 0.0724157, Validation MAE: 4.1436481, Test MAE: 4.7828927, Test MAE norm: 0.0960271
Epoch: 1568, LR: 0.000010, Loss: 0.0723815, Validation MAE: 4.1431341, Test MAE: 4.7818255, Test MAE norm: 0.0960056
Epoch: 1574, LR: 0.000010, Loss: 0.0723922, Validation MAE: 4.1366959, Test MAE: 4.7828012, Test MAE norm: 0.0960252
Epoch: 1584, LR: 0.000010, Loss: 0.0723618, Validation MAE: 4.1510029, Test MAE: 4.7792168, Test MAE norm: 0.0959533
Epoch: 1585, LR: 0.000010, Loss: 0.0723659, Validation MAE: 4.1455050, Test MAE: 4.7790174, Test MAE norm: 0.0959493
Epoch: 1586, LR: 0.000010, Loss: 0.0723655, Validation MAE: 4.1435409, Test MAE: 4.7797904, Test MAE norm: 0.0959648
Epoch: 1596, LR: 0.000010, Loss: 0.0723537, Validation MAE: 4.1474957, Test MAE: 4.7807269, Test MAE norm: 0.0959836
Epoch: 1603, LR: 0.000010, Loss: 0.0723538, Validation MAE: 4.1464472, Test MAE: 4.7777019, Test MAE norm: 0.0959229
Epoch: 1604, LR: 0.000010, Loss: 0.0723511, Validation MAE: 4.1431918, Test MAE: 4.7761474, Test MAE norm: 0.0958916
Epoch: 1607, LR: 0.000010, Loss: 0.0723444, Validation MAE: 4.1417804, Test MAE: 4.7764835, Test MAE norm: 0.0958984
Epoch: 1617, LR: 0.000010, Loss: 0.0723369, Validation MAE: 4.1474414, Test MAE: 4.7796001, Test MAE norm: 0.0959610
Epoch: 1618, LR: 0.000010, Loss: 0.0723383, Validation MAE: 4.1392879, Test MAE: 4.7755771, Test MAE norm: 0.0958802
Epoch: 1619, LR: 0.000010, Loss: 0.0723384, Validation MAE: 4.1327024, Test MAE: 4.7746067, Test MAE norm: 0.0958607
Epoch: 1629, LR: 0.000010, Loss: 0.0723266, Validation MAE: 4.1293035, Test MAE: 4.7717195, Test MAE norm: 0.0958027
Epoch: 1639, LR: 0.000010, Loss: 0.0723284, Validation MAE: 4.1491833, Test MAE: 4.7759299, Test MAE norm: 0.0958873
Epoch: 1641, LR: 0.000010, Loss: 0.0723238, Validation MAE: 4.1433992, Test MAE: 4.7720261, Test MAE norm: 0.0958089
Epoch: 1642, LR: 0.000010, Loss: 0.0723039, Validation MAE: 4.1362619, Test MAE: 4.7716675, Test MAE norm: 0.0958017
Epoch: 1643, LR: 0.000010, Loss: 0.0723379, Validation MAE: 4.1313977, Test MAE: 4.7709279, Test MAE norm: 0.0957868
Epoch: 1649, LR: 0.000010, Loss: 0.0723012, Validation MAE: 4.1285410, Test MAE: 4.7671990, Test MAE norm: 0.0957120
Epoch: 1650, LR: 0.000010, Loss: 0.0723225, Validation MAE: 4.1261940, Test MAE: 4.7667356, Test MAE norm: 0.0957027
Epoch: 1660, LR: 0.000010, Loss: 0.0722991, Validation MAE: 4.1433411, Test MAE: 4.7724738, Test MAE norm: 0.0958179
Epoch: 1665, LR: 0.000010, Loss: 0.0722925, Validation MAE: 4.1368837, Test MAE: 4.7724414, Test MAE norm: 0.0958172
Epoch: 1666, LR: 0.000010, Loss: 0.0722788, Validation MAE: 4.1331482, Test MAE: 4.7722507, Test MAE norm: 0.0958134
Epoch: 1674, LR: 0.000010, Loss: 0.0722863, Validation MAE: 4.1316538, Test MAE: 4.7677736, Test MAE norm: 0.0957235
Epoch: 1681, LR: 0.000010, Loss: 0.0722626, Validation MAE: 4.1292109, Test MAE: 4.7681131, Test MAE norm: 0.0957303
Epoch: 1682, LR: 0.000010, Loss: 0.0722756, Validation MAE: 4.1261654, Test MAE: 4.7660651, Test MAE norm: 0.0956892
Epoch: 1692, LR: 0.000010, Loss: 0.0722578, Validation MAE: 4.1374774, Test MAE: 4.7692280, Test MAE norm: 0.0957527
Epoch: 1695, LR: 0.000010, Loss: 0.0722397, Validation MAE: 4.1368933, Test MAE: 4.7676334, Test MAE norm: 0.0957207
Epoch: 1696, LR: 0.000010, Loss: 0.0722442, Validation MAE: 4.1341715, Test MAE: 4.7656584, Test MAE norm: 0.0956810
Epoch: 1697, LR: 0.000010, Loss: 0.0722550, Validation MAE: 4.1336303, Test MAE: 4.7648001, Test MAE norm: 0.0956638
Epoch: 1707, LR: 0.000010, Loss: 0.0722278, Validation MAE: 4.1366124, Test MAE: 4.7689466, Test MAE norm: 0.0957471
Epoch: 1711, LR: 0.000010, Loss: 0.0722331, Validation MAE: 4.1355295, Test MAE: 4.7668662, Test MAE norm: 0.0957053
Epoch: 1713, LR: 0.000010, Loss: 0.0722126, Validation MAE: 4.1336637, Test MAE: 4.7657151, Test MAE norm: 0.0956822
Epoch: 1722, LR: 0.000010, Loss: 0.0722199, Validation MAE: 4.1298404, Test MAE: 4.7615643, Test MAE norm: 0.0955989
Epoch: 1732, LR: 0.000010, Loss: 0.0721886, Validation MAE: 4.1281400, Test MAE: 4.7616520, Test MAE norm: 0.0956006
Epoch: 1742, LR: 0.000010, Loss: 0.0721817, Validation MAE: 4.1380529, Test MAE: 4.7649221, Test MAE norm: 0.0956663
Epoch: 1744, LR: 0.000010, Loss: 0.0721816, Validation MAE: 4.1322780, Test MAE: 4.7615504, Test MAE norm: 0.0955986
Epoch: 1749, LR: 0.000010, Loss: 0.0721772, Validation MAE: 4.1301336, Test MAE: 4.7630844, Test MAE norm: 0.0956294
Epoch: 1757, LR: 0.000010, Loss: 0.0721617, Validation MAE: 4.1195669, Test MAE: 4.7601643, Test MAE norm: 0.0955707
Epoch: 1767, LR: 0.000010, Loss: 0.0721893, Validation MAE: 4.1327176, Test MAE: 4.7593031, Test MAE norm: 0.0955535
Epoch: 1768, LR: 0.000010, Loss: 0.0721482, Validation MAE: 4.1285291, Test MAE: 4.7599144, Test MAE norm: 0.0955657
Epoch: 1769, LR: 0.000010, Loss: 0.0721594, Validation MAE: 4.1276727, Test MAE: 4.7616057, Test MAE norm: 0.0955997
Epoch: 1775, LR: 0.000010, Loss: 0.0721537, Validation MAE: 4.1242151, Test MAE: 4.7595057, Test MAE norm: 0.0955575
Epoch: 1785, LR: 0.000010, Loss: 0.0721323, Validation MAE: 4.1207104, Test MAE: 4.7569880, Test MAE norm: 0.0955070
Epoch: 1795, LR: 0.000010, Loss: 0.0721232, Validation MAE: 4.1254535, Test MAE: 4.7556257, Test MAE norm: 0.0954796
Epoch: 1799, LR: 0.000010, Loss: 0.0721178, Validation MAE: 4.1194625, Test MAE: 4.7521925, Test MAE norm: 0.0954107
Epoch: 1807, LR: 0.000010, Loss: 0.0721230, Validation MAE: 4.1193032, Test MAE: 4.7533422, Test MAE norm: 0.0954338
Epoch: 1817, LR: 0.000010, Loss: 0.0720867, Validation MAE: 4.1205449, Test MAE: 4.7527237, Test MAE norm: 0.0954214
Epoch: 1827, LR: 0.000010, Loss: 0.0720660, Validation MAE: 4.1263127, Test MAE: 4.7521739, Test MAE norm: 0.0954103
Epoch: 1829, LR: 0.000010, Loss: 0.0720712, Validation MAE: 4.1238685, Test MAE: 4.7528968, Test MAE norm: 0.0954248
Epoch: 1835, LR: 0.000010, Loss: 0.0720922, Validation MAE: 4.1228061, Test MAE: 4.7510977, Test MAE norm: 0.0953887
Epoch: 1839, LR: 0.000010, Loss: 0.0720715, Validation MAE: 4.1220698, Test MAE: 4.7522578, Test MAE norm: 0.0954120
Epoch: 1844, LR: 0.000010, Loss: 0.0720642, Validation MAE: 4.1167283, Test MAE: 4.7520223, Test MAE norm: 0.0954073
Epoch: 1851, LR: 0.000010, Loss: 0.0720694, Validation MAE: 4.1156979, Test MAE: 4.7507949, Test MAE norm: 0.0953826
Epoch: 1856, LR: 0.000010, Loss: 0.0720458, Validation MAE: 4.1137319, Test MAE: 4.7494006, Test MAE norm: 0.0953546
Epoch: 1857, LR: 0.000010, Loss: 0.0720404, Validation MAE: 4.1102266, Test MAE: 4.7476287, Test MAE norm: 0.0953191
Epoch: 1867, LR: 0.000010, Loss: 0.0720199, Validation MAE: 4.1267810, Test MAE: 4.7499056, Test MAE norm: 0.0953648
Epoch: 1868, LR: 0.000010, Loss: 0.0720342, Validation MAE: 4.1222878, Test MAE: 4.7485948, Test MAE norm: 0.0953385
Epoch: 1872, LR: 0.000010, Loss: 0.0720204, Validation MAE: 4.1191573, Test MAE: 4.7472014, Test MAE norm: 0.0953105
Epoch: 1880, LR: 0.000010, Loss: 0.0720328, Validation MAE: 4.1097164, Test MAE: 4.7454209, Test MAE norm: 0.0952747
Epoch: 1881, LR: 0.000010, Loss: 0.0720235, Validation MAE: 4.1089268, Test MAE: 4.7449775, Test MAE norm: 0.0952658
Epoch: 1886, LR: 0.000010, Loss: 0.0720228, Validation MAE: 4.1003232, Test MAE: 4.7389650, Test MAE norm: 0.0951451
Epoch: 1896, LR: 0.000010, Loss: 0.0720066, Validation MAE: 4.1185722, Test MAE: 4.7425032, Test MAE norm: 0.0952162
Epoch: 1898, LR: 0.000010, Loss: 0.0720037, Validation MAE: 4.1173806, Test MAE: 4.7435818, Test MAE norm: 0.0952378
Epoch: 1899, LR: 0.000010, Loss: 0.0720043, Validation MAE: 4.1131639, Test MAE: 4.7429276, Test MAE norm: 0.0952247
Epoch: 1905, LR: 0.000010, Loss: 0.0719771, Validation MAE: 4.1112628, Test MAE: 4.7408247, Test MAE norm: 0.0951825
Epoch: 1915, LR: 0.000010, Loss: 0.0719748, Validation MAE: 4.1157503, Test MAE: 4.7429242, Test MAE norm: 0.0952246
Epoch: 1918, LR: 0.000010, Loss: 0.0719724, Validation MAE: 4.1144147, Test MAE: 4.7408233, Test MAE norm: 0.0951824
Epoch: 1921, LR: 0.000010, Loss: 0.0719709, Validation MAE: 4.1121149, Test MAE: 4.7397346, Test MAE norm: 0.0951606
Epoch: 1922, LR: 0.000010, Loss: 0.0719499, Validation MAE: 4.1059813, Test MAE: 4.7382355, Test MAE norm: 0.0951305
Epoch: 1932, LR: 0.000010, Loss: 0.0719530, Validation MAE: 4.1198740, Test MAE: 4.7405000, Test MAE norm: 0.0951759
Epoch: 1933, LR: 0.000010, Loss: 0.0719432, Validation MAE: 4.1189098, Test MAE: 4.7405329, Test MAE norm: 0.0951766
Epoch: 1934, LR: 0.000010, Loss: 0.0719499, Validation MAE: 4.1152472, Test MAE: 4.7401648, Test MAE norm: 0.0951692
Epoch: 1935, LR: 0.000010, Loss: 0.0719417, Validation MAE: 4.1123323, Test MAE: 4.7384930, Test MAE norm: 0.0951356
Epoch: 1936, LR: 0.000010, Loss: 0.0719503, Validation MAE: 4.1082177, Test MAE: 4.7376900, Test MAE norm: 0.0951195
Epoch: 1945, LR: 0.000010, Loss: 0.0719338, Validation MAE: 4.1048446, Test MAE: 4.7340522, Test MAE norm: 0.0950465
Epoch: 1955, LR: 0.000010, Loss: 0.0719051, Validation MAE: 4.1129127, Test MAE: 4.7350965, Test MAE norm: 0.0950675
Epoch: 1956, LR: 0.000010, Loss: 0.0719119, Validation MAE: 4.1056633, Test MAE: 4.7337232, Test MAE norm: 0.0950399
Epoch: 1957, LR: 0.000010, Loss: 0.0719088, Validation MAE: 4.1036534, Test MAE: 4.7329273, Test MAE norm: 0.0950239
Epoch: 1962, LR: 0.000010, Loss: 0.0718975, Validation MAE: 4.0981150, Test MAE: 4.7299953, Test MAE norm: 0.0949650
Epoch: 1972, LR: 0.000010, Loss: 0.0719029, Validation MAE: 4.0989146, Test MAE: 4.7299414, Test MAE norm: 0.0949640
Epoch: 1981, LR: 0.000010, Loss: 0.0718864, Validation MAE: 4.0946298, Test MAE: 4.7255282, Test MAE norm: 0.0948754
Epoch: 1991, LR: 0.000010, Loss: 0.0718725, Validation MAE: 4.1020384, Test MAE: 4.7288990, Test MAE norm: 0.0949430
Epoch: 1991, LR: 0.000010, Loss: 0.0718725, Validation MAE: 4.1020384, Test MAE: 4.7288990, Test MAE norm: 0.0949430