Command line input: python run_count.py --batch_size 256 --target 1 --model I2GNN --h 3 --seed 1 --epoch 2000 --dataset easy-1
Mean = 8.080, Std = 23.150
Using I2GNN model

Epoch: 001, LR: 0.001000, Loss: 0.6806344, Validation MAE: 13.0763378, Test MAE: 11.8891430, Test MAE norm: 0.5135765
Epoch: 002, LR: 0.001000, Loss: 0.5337379, Validation MAE: 9.8698540, Test MAE: 10.5789852, Test MAE norm: 0.4569815
Epoch: 004, LR: 0.001000, Loss: 0.4333172, Validation MAE: 7.4165783, Test MAE: 7.4433231, Test MAE norm: 0.3215300
Epoch: 005, LR: 0.001000, Loss: 0.3156292, Validation MAE: 6.6970830, Test MAE: 6.1366158, Test MAE norm: 0.2650840
Epoch: 006, LR: 0.001000, Loss: 0.2800879, Validation MAE: 4.9784794, Test MAE: 4.8675337, Test MAE norm: 0.2102633
Epoch: 011, LR: 0.001000, Loss: 0.2218230, Validation MAE: 4.6082735, Test MAE: 4.3237209, Test MAE norm: 0.1867722
Epoch: 012, LR: 0.001000, Loss: 0.1943999, Validation MAE: 4.0318966, Test MAE: 4.4416666, Test MAE norm: 0.1918671
Epoch: 016, LR: 0.001000, Loss: 0.1776770, Validation MAE: 3.8394353, Test MAE: 4.3726349, Test MAE norm: 0.1888852
Epoch: 017, LR: 0.001000, Loss: 0.1638597, Validation MAE: 3.5131249, Test MAE: 3.9800272, Test MAE norm: 0.1719256
Epoch: 018, LR: 0.001000, Loss: 0.1495538, Validation MAE: 3.3969340, Test MAE: 3.7685366, Test MAE norm: 0.1627899
Epoch: 020, LR: 0.001000, Loss: 0.1430442, Validation MAE: 3.3127391, Test MAE: 3.3729939, Test MAE norm: 0.1457036
Epoch: 021, LR: 0.001000, Loss: 0.1385254, Validation MAE: 3.0949764, Test MAE: 3.0419424, Test MAE norm: 0.1314031
Epoch: 022, LR: 0.001000, Loss: 0.1280487, Validation MAE: 2.6990666, Test MAE: 2.6884682, Test MAE norm: 0.1161340
Epoch: 023, LR: 0.001000, Loss: 0.1105664, Validation MAE: 2.5345435, Test MAE: 2.6823485, Test MAE norm: 0.1158697
Epoch: 024, LR: 0.001000, Loss: 0.1031367, Validation MAE: 2.4609294, Test MAE: 2.5584273, Test MAE norm: 0.1105166
Epoch: 025, LR: 0.001000, Loss: 0.0987851, Validation MAE: 2.2631025, Test MAE: 2.2882340, Test MAE norm: 0.0988451
Epoch: 027, LR: 0.001000, Loss: 0.0928490, Validation MAE: 2.0724986, Test MAE: 2.1024504, Test MAE norm: 0.0908198
Epoch: 034, LR: 0.001000, Loss: 0.0822142, Validation MAE: 2.0299523, Test MAE: 2.0232141, Test MAE norm: 0.0873970
Epoch: 036, LR: 0.001000, Loss: 0.0786485, Validation MAE: 1.9875243, Test MAE: 1.8461270, Test MAE norm: 0.0797473
Epoch: 037, LR: 0.001000, Loss: 0.0742839, Validation MAE: 1.8699567, Test MAE: 1.8164248, Test MAE norm: 0.0784643
Epoch: 038, LR: 0.001000, Loss: 0.0713378, Validation MAE: 1.7758694, Test MAE: 1.7278432, Test MAE norm: 0.0746378
Epoch: 039, LR: 0.001000, Loss: 0.0683593, Validation MAE: 1.7217194, Test MAE: 1.6505749, Test MAE norm: 0.0713001
Epoch: 041, LR: 0.001000, Loss: 0.0806769, Validation MAE: 1.6993066, Test MAE: 1.6638064, Test MAE norm: 0.0718716
Epoch: 047, LR: 0.001000, Loss: 0.0957745, Validation MAE: 1.6862991, Test MAE: 1.6591362, Test MAE norm: 0.0716699
Epoch: 057, LR: 0.001000, Loss: 0.0730217, Validation MAE: 2.1760380, Test MAE: 2.0862460, Test MAE norm: 0.0901198
Epoch: 058, LR: 0.001000, Loss: 0.0833968, Validation MAE: 1.9797313, Test MAE: 1.9931663, Test MAE norm: 0.0860990
Epoch: 059, LR: 0.000900, Loss: 0.0760838, Validation MAE: 1.7594023, Test MAE: 1.7906908, Test MAE norm: 0.0773527
Epoch: 063, LR: 0.000900, Loss: 0.0695302, Validation MAE: 1.6959784, Test MAE: 1.7752738, Test MAE norm: 0.0766867
Epoch: 066, LR: 0.000900, Loss: 0.0718055, Validation MAE: 1.6331311, Test MAE: 1.6656479, Test MAE norm: 0.0719512
Epoch: 070, LR: 0.000900, Loss: 0.0627589, Validation MAE: 1.6289420, Test MAE: 1.6104059, Test MAE norm: 0.0695649
Epoch: 072, LR: 0.000900, Loss: 0.0646285, Validation MAE: 1.5794972, Test MAE: 1.5399352, Test MAE norm: 0.0665207
Epoch: 073, LR: 0.000900, Loss: 0.0602881, Validation MAE: 1.5559481, Test MAE: 1.5583458, Test MAE norm: 0.0673160
Epoch: 075, LR: 0.000900, Loss: 0.0598435, Validation MAE: 1.5500469, Test MAE: 1.4788054, Test MAE norm: 0.0638801
Epoch: 076, LR: 0.000900, Loss: 0.0575106, Validation MAE: 1.5398973, Test MAE: 1.5190111, Test MAE norm: 0.0656169
Epoch: 078, LR: 0.000900, Loss: 0.0580319, Validation MAE: 1.5068951, Test MAE: 1.5556175, Test MAE norm: 0.0671982
Epoch: 088, LR: 0.000900, Loss: 0.0592057, Validation MAE: 1.8403863, Test MAE: 1.6850288, Test MAE norm: 0.0727884
Epoch: 089, LR: 0.000900, Loss: 0.0680090, Validation MAE: 1.7214713, Test MAE: 1.7310013, Test MAE norm: 0.0747742
Epoch: 090, LR: 0.000810, Loss: 0.0662176, Validation MAE: 1.4899224, Test MAE: 1.5339160, Test MAE norm: 0.0662607
Epoch: 099, LR: 0.000810, Loss: 0.0568958, Validation MAE: 1.4369345, Test MAE: 1.4096522, Test MAE norm: 0.0608929
Epoch: 105, LR: 0.000810, Loss: 0.0570869, Validation MAE: 1.4194484, Test MAE: 1.4327829, Test MAE norm: 0.0618921
Epoch: 111, LR: 0.000810, Loss: 0.0553667, Validation MAE: 1.4066750, Test MAE: 1.4055961, Test MAE norm: 0.0607177
Epoch: 113, LR: 0.000810, Loss: 0.0537640, Validation MAE: 1.3898809, Test MAE: 1.4438294, Test MAE norm: 0.0623692
Epoch: 122, LR: 0.000810, Loss: 0.0559010, Validation MAE: 1.3443160, Test MAE: 1.3305942, Test MAE norm: 0.0574778
Epoch: 132, LR: 0.000810, Loss: 0.0510035, Validation MAE: 1.5643271, Test MAE: 1.4158218, Test MAE norm: 0.0611594
Epoch: 133, LR: 0.000810, Loss: 0.0550883, Validation MAE: 1.4426298, Test MAE: 1.3654935, Test MAE norm: 0.0589854
Epoch: 134, LR: 0.000729, Loss: 0.0527250, Validation MAE: 1.4389884, Test MAE: 1.3764188, Test MAE norm: 0.0594573
Epoch: 136, LR: 0.000729, Loss: 0.0511807, Validation MAE: 1.4036328, Test MAE: 1.3600277, Test MAE norm: 0.0587493
Epoch: 137, LR: 0.000729, Loss: 0.0517140, Validation MAE: 1.3319031, Test MAE: 1.3559948, Test MAE norm: 0.0585750
Epoch: 145, LR: 0.000729, Loss: 0.0501091, Validation MAE: 1.2905042, Test MAE: 1.3530858, Test MAE norm: 0.0584494
Epoch: 155, LR: 0.000729, Loss: 0.0535818, Validation MAE: 1.5532566, Test MAE: 1.3768973, Test MAE norm: 0.0594780
Epoch: 156, LR: 0.000729, Loss: 0.0572346, Validation MAE: 1.4247003, Test MAE: 1.4796215, Test MAE norm: 0.0639154
Epoch: 158, LR: 0.000656, Loss: 0.0556985, Validation MAE: 1.3674093, Test MAE: 1.4396530, Test MAE norm: 0.0621888
Epoch: 166, LR: 0.000656, Loss: 0.0562529, Validation MAE: 1.3516407, Test MAE: 1.4119691, Test MAE norm: 0.0609930
Epoch: 176, LR: 0.000590, Loss: 0.0539766, Validation MAE: 1.3962102, Test MAE: 1.2842972, Test MAE norm: 0.0554779
Epoch: 179, LR: 0.000531, Loss: 0.0524038, Validation MAE: 1.3339269, Test MAE: 1.3416504, Test MAE norm: 0.0579554
Epoch: 189, LR: 0.000531, Loss: 0.0572529, Validation MAE: 1.3962704, Test MAE: 1.3400735, Test MAE norm: 0.0578873
Epoch: 193, LR: 0.000478, Loss: 0.0545190, Validation MAE: 1.3025867, Test MAE: 1.2539678, Test MAE norm: 0.0541678
Epoch: 203, LR: 0.000430, Loss: 0.0537779, Validation MAE: 1.4135556, Test MAE: 1.3418992, Test MAE norm: 0.0579662
Epoch: 204, LR: 0.000430, Loss: 0.0507006, Validation MAE: 1.3582605, Test MAE: 1.2797803, Test MAE norm: 0.0552828
Epoch: 207, LR: 0.000430, Loss: 0.0487555, Validation MAE: 1.3377434, Test MAE: 1.2702329, Test MAE norm: 0.0548704
Epoch: 208, LR: 0.000430, Loss: 0.0472712, Validation MAE: 1.3060437, Test MAE: 1.2720429, Test MAE norm: 0.0549486
Epoch: 213, LR: 0.000387, Loss: 0.0495463, Validation MAE: 1.2685617, Test MAE: 1.3275731, Test MAE norm: 0.0573473
Epoch: 223, LR: 0.000387, Loss: 0.0492994, Validation MAE: 1.4249247, Test MAE: 1.3051938, Test MAE norm: 0.0563806
Epoch: 224, LR: 0.000387, Loss: 0.0486164, Validation MAE: 1.3629071, Test MAE: 1.2848703, Test MAE norm: 0.0555027
Epoch: 225, LR: 0.000349, Loss: 0.0477534, Validation MAE: 1.2826518, Test MAE: 1.2529705, Test MAE norm: 0.0541247
Epoch: 228, LR: 0.000349, Loss: 0.0468680, Validation MAE: 1.2676911, Test MAE: 1.2815481, Test MAE norm: 0.0553592
Epoch: 238, LR: 0.000349, Loss: 0.0473703, Validation MAE: 1.3618389, Test MAE: 1.2667500, Test MAE norm: 0.0547199
Epoch: 239, LR: 0.000349, Loss: 0.0472453, Validation MAE: 1.2918043, Test MAE: 1.2745128, Test MAE norm: 0.0550553
Epoch: 242, LR: 0.000314, Loss: 0.0466351, Validation MAE: 1.2720547, Test MAE: 1.2419978, Test MAE norm: 0.0536507
Epoch: 244, LR: 0.000314, Loss: 0.0484202, Validation MAE: 1.2707775, Test MAE: 1.2496567, Test MAE norm: 0.0539815
Epoch: 247, LR: 0.000314, Loss: 0.0461168, Validation MAE: 1.2436267, Test MAE: 1.2252282, Test MAE norm: 0.0529263
Epoch: 253, LR: 0.000314, Loss: 0.0461980, Validation MAE: 1.2418139, Test MAE: 1.2729228, Test MAE norm: 0.0549866
Epoch: 254, LR: 0.000314, Loss: 0.0489596, Validation MAE: 1.2383552, Test MAE: 1.2337904, Test MAE norm: 0.0532962
Epoch: 264, LR: 0.000314, Loss: 0.0472075, Validation MAE: 1.2580850, Test MAE: 1.2447236, Test MAE norm: 0.0537684
Epoch: 268, LR: 0.000282, Loss: 0.0491568, Validation MAE: 1.2360020, Test MAE: 1.2137190, Test MAE norm: 0.0524291
Epoch: 270, LR: 0.000282, Loss: 0.0483267, Validation MAE: 1.2110932, Test MAE: 1.2046583, Test MAE norm: 0.0520377
Epoch: 280, LR: 0.000282, Loss: 0.0504104, Validation MAE: 1.2366279, Test MAE: 1.2021120, Test MAE norm: 0.0519277
Epoch: 290, LR: 0.000254, Loss: 0.0532029, Validation MAE: 1.3055695, Test MAE: 1.3429334, Test MAE norm: 0.0580108
Epoch: 293, LR: 0.000229, Loss: 0.0485991, Validation MAE: 1.2833705, Test MAE: 1.2850316, Test MAE norm: 0.0555096
Epoch: 294, LR: 0.000229, Loss: 0.0467235, Validation MAE: 1.2472167, Test MAE: 1.2749006, Test MAE norm: 0.0550720
Epoch: 299, LR: 0.000229, Loss: 0.0465473, Validation MAE: 1.2369567, Test MAE: 1.2215309, Test MAE norm: 0.0527666
Epoch: 309, LR: 0.000206, Loss: 0.0454595, Validation MAE: 1.3072360, Test MAE: 1.2211183, Test MAE norm: 0.0527488
Epoch: 311, LR: 0.000206, Loss: 0.0452528, Validation MAE: 1.3007894, Test MAE: 1.2244184, Test MAE norm: 0.0528913
Epoch: 312, LR: 0.000206, Loss: 0.0451141, Validation MAE: 1.2466280, Test MAE: 1.1908410, Test MAE norm: 0.0514409
Epoch: 322, LR: 0.000185, Loss: 0.0449527, Validation MAE: 1.2667276, Test MAE: 1.2130316, Test MAE norm: 0.0523994
Epoch: 323, LR: 0.000185, Loss: 0.0441389, Validation MAE: 1.2572138, Test MAE: 1.2090214, Test MAE norm: 0.0522262
Epoch: 325, LR: 0.000185, Loss: 0.0449501, Validation MAE: 1.2421489, Test MAE: 1.1937835, Test MAE norm: 0.0515680
Epoch: 328, LR: 0.000167, Loss: 0.0447283, Validation MAE: 1.2359399, Test MAE: 1.1939583, Test MAE norm: 0.0515755
Epoch: 336, LR: 0.000167, Loss: 0.0430814, Validation MAE: 1.2192757, Test MAE: 1.1797744, Test MAE norm: 0.0509628
Epoch: 339, LR: 0.000150, Loss: 0.0428757, Validation MAE: 1.2097344, Test MAE: 1.1741914, Test MAE norm: 0.0507217
Epoch: 347, LR: 0.000150, Loss: 0.0428834, Validation MAE: 1.2070856, Test MAE: 1.1849639, Test MAE norm: 0.0511870
Epoch: 349, LR: 0.000150, Loss: 0.0435969, Validation MAE: 1.2014829, Test MAE: 1.1832449, Test MAE norm: 0.0511127
Epoch: 358, LR: 0.000150, Loss: 0.0442763, Validation MAE: 1.1840993, Test MAE: 1.1683716, Test MAE norm: 0.0504703
Epoch: 367, LR: 0.000150, Loss: 0.0431655, Validation MAE: 1.1756142, Test MAE: 1.1934354, Test MAE norm: 0.0515530
Epoch: 377, LR: 0.000150, Loss: 0.0449478, Validation MAE: 1.2567791, Test MAE: 1.2095238, Test MAE norm: 0.0522479
Epoch: 378, LR: 0.000150, Loss: 0.0431277, Validation MAE: 1.2067895, Test MAE: 1.1779510, Test MAE norm: 0.0508841
Epoch: 379, LR: 0.000135, Loss: 0.0453271, Validation MAE: 1.1986427, Test MAE: 1.1713988, Test MAE norm: 0.0506010
Epoch: 383, LR: 0.000135, Loss: 0.0437787, Validation MAE: 1.1970084, Test MAE: 1.1712000, Test MAE norm: 0.0505924
Epoch: 386, LR: 0.000135, Loss: 0.0427948, Validation MAE: 1.1908150, Test MAE: 1.1768372, Test MAE norm: 0.0508360
Epoch: 390, LR: 0.000122, Loss: 0.0437725, Validation MAE: 1.1828561, Test MAE: 1.1762525, Test MAE norm: 0.0508107
Epoch: 400, LR: 0.000122, Loss: 0.0421017, Validation MAE: 1.2440053, Test MAE: 1.1920586, Test MAE norm: 0.0514935
Epoch: 401, LR: 0.000109, Loss: 0.0423130, Validation MAE: 1.1906116, Test MAE: 1.1644188, Test MAE norm: 0.0502995
Epoch: 411, LR: 0.000109, Loss: 0.0425883, Validation MAE: 1.2165347, Test MAE: 1.1838897, Test MAE norm: 0.0511406
Epoch: 412, LR: 0.000098, Loss: 0.0420873, Validation MAE: 1.1848382, Test MAE: 1.1660463, Test MAE norm: 0.0503698
Epoch: 419, LR: 0.000098, Loss: 0.0419377, Validation MAE: 1.1837031, Test MAE: 1.1649891, Test MAE norm: 0.0503242
Epoch: 429, LR: 0.000089, Loss: 0.0417685, Validation MAE: 1.2040545, Test MAE: 1.1734670, Test MAE norm: 0.0506904
Epoch: 435, LR: 0.000080, Loss: 0.0417033, Validation MAE: 1.2000816, Test MAE: 1.1690825, Test MAE norm: 0.0505010
Epoch: 442, LR: 0.000080, Loss: 0.0416848, Validation MAE: 1.1951355, Test MAE: 1.1684977, Test MAE norm: 0.0504757
Epoch: 445, LR: 0.000072, Loss: 0.0417171, Validation MAE: 1.1853088, Test MAE: 1.1643486, Test MAE norm: 0.0502965
Epoch: 452, LR: 0.000072, Loss: 0.0416274, Validation MAE: 1.1851408, Test MAE: 1.1634228, Test MAE norm: 0.0502565
Epoch: 462, LR: 0.000065, Loss: 0.0414761, Validation MAE: 1.1984853, Test MAE: 1.1689401, Test MAE norm: 0.0504948
Epoch: 463, LR: 0.000065, Loss: 0.0414208, Validation MAE: 1.1858143, Test MAE: 1.1631415, Test MAE norm: 0.0502443
Epoch: 467, LR: 0.000058, Loss: 0.0413615, Validation MAE: 1.1782811, Test MAE: 1.1604898, Test MAE norm: 0.0501298
Epoch: 475, LR: 0.000058, Loss: 0.0413990, Validation MAE: 1.1727599, Test MAE: 1.1553099, Test MAE norm: 0.0499060
Epoch: 483, LR: 0.000058, Loss: 0.0412753, Validation MAE: 1.1720293, Test MAE: 1.1545209, Test MAE norm: 0.0498720
Epoch: 487, LR: 0.000058, Loss: 0.0412228, Validation MAE: 1.1711445, Test MAE: 1.1549491, Test MAE norm: 0.0498905
Epoch: 490, LR: 0.000058, Loss: 0.0412978, Validation MAE: 1.1649461, Test MAE: 1.1523161, Test MAE norm: 0.0497767
Epoch: 498, LR: 0.000058, Loss: 0.0411565, Validation MAE: 1.1621051, Test MAE: 1.1502167, Test MAE norm: 0.0496860
Epoch: 504, LR: 0.000058, Loss: 0.0414770, Validation MAE: 1.1600229, Test MAE: 1.1448909, Test MAE norm: 0.0494560
Epoch: 507, LR: 0.000058, Loss: 0.0416710, Validation MAE: 1.1434596, Test MAE: 1.1392787, Test MAE norm: 0.0492135
Epoch: 515, LR: 0.000058, Loss: 0.0409189, Validation MAE: 1.1376600, Test MAE: 1.1398296, Test MAE norm: 0.0492373
Epoch: 525, LR: 0.000058, Loss: 0.0419686, Validation MAE: 1.2185044, Test MAE: 1.1781275, Test MAE norm: 0.0508917
Epoch: 526, LR: 0.000058, Loss: 0.0423502, Validation MAE: 1.2112527, Test MAE: 1.1721133, Test MAE norm: 0.0506319
Epoch: 527, LR: 0.000052, Loss: 0.0420737, Validation MAE: 1.1392648, Test MAE: 1.1412936, Test MAE norm: 0.0493006
Epoch: 537, LR: 0.000052, Loss: 0.0411291, Validation MAE: 1.1442318, Test MAE: 1.1384040, Test MAE norm: 0.0491758
Epoch: 547, LR: 0.000047, Loss: 0.0412383, Validation MAE: 1.1825289, Test MAE: 1.1590819, Test MAE norm: 0.0500690
Epoch: 549, LR: 0.000042, Loss: 0.0413415, Validation MAE: 1.1559148, Test MAE: 1.1476694, Test MAE norm: 0.0495760
Epoch: 550, LR: 0.000042, Loss: 0.0407613, Validation MAE: 1.1415724, Test MAE: 1.1361897, Test MAE norm: 0.0490801
Epoch: 560, LR: 0.000038, Loss: 0.0414507, Validation MAE: 1.1440214, Test MAE: 1.1377773, Test MAE norm: 0.0491487
Epoch: 564, LR: 0.000038, Loss: 0.0407044, Validation MAE: 1.1416572, Test MAE: 1.1312491, Test MAE norm: 0.0488667
Epoch: 569, LR: 0.000038, Loss: 0.0406793, Validation MAE: 1.1396488, Test MAE: 1.1325366, Test MAE norm: 0.0489223
Epoch: 579, LR: 0.000034, Loss: 0.0406767, Validation MAE: 1.1475307, Test MAE: 1.1396174, Test MAE norm: 0.0492282
Epoch: 580, LR: 0.000034, Loss: 0.0406602, Validation MAE: 1.1453778, Test MAE: 1.1391468, Test MAE norm: 0.0492078
Epoch: 590, LR: 0.000031, Loss: 0.0406867, Validation MAE: 1.1499407, Test MAE: 1.1404707, Test MAE norm: 0.0492650
Epoch: 591, LR: 0.000031, Loss: 0.0406498, Validation MAE: 1.1463001, Test MAE: 1.1398563, Test MAE norm: 0.0492385
Epoch: 597, LR: 0.000028, Loss: 0.0406071, Validation MAE: 1.1450616, Test MAE: 1.1384637, Test MAE norm: 0.0491783
Epoch: 606, LR: 0.000025, Loss: 0.0405335, Validation MAE: 1.1444765, Test MAE: 1.1373149, Test MAE norm: 0.0491287
Epoch: 607, LR: 0.000025, Loss: 0.0405375, Validation MAE: 1.1421045, Test MAE: 1.1358719, Test MAE norm: 0.0490664
Epoch: 617, LR: 0.000023, Loss: 0.0404792, Validation MAE: 1.1476884, Test MAE: 1.1390061, Test MAE norm: 0.0492018
Epoch: 620, LR: 0.000023, Loss: 0.0404772, Validation MAE: 1.1463721, Test MAE: 1.1385976, Test MAE norm: 0.0491841
Epoch: 621, LR: 0.000023, Loss: 0.0404563, Validation MAE: 1.1417769, Test MAE: 1.1368228, Test MAE norm: 0.0491075
Epoch: 631, LR: 0.000020, Loss: 0.0404471, Validation MAE: 1.1423724, Test MAE: 1.1358261, Test MAE norm: 0.0490644
Epoch: 636, LR: 0.000020, Loss: 0.0404235, Validation MAE: 1.1412261, Test MAE: 1.1345662, Test MAE norm: 0.0490100
Epoch: 641, LR: 0.000018, Loss: 0.0404110, Validation MAE: 1.1411903, Test MAE: 1.1347789, Test MAE norm: 0.0490192
Epoch: 642, LR: 0.000018, Loss: 0.0404035, Validation MAE: 1.1404495, Test MAE: 1.1345531, Test MAE norm: 0.0490094
Epoch: 647, LR: 0.000018, Loss: 0.0403900, Validation MAE: 1.1392204, Test MAE: 1.1336665, Test MAE norm: 0.0489711
Epoch: 657, LR: 0.000016, Loss: 0.0403896, Validation MAE: 1.1417781, Test MAE: 1.1342160, Test MAE norm: 0.0489948
Epoch: 663, LR: 0.000015, Loss: 0.0403649, Validation MAE: 1.1412354, Test MAE: 1.1338322, Test MAE norm: 0.0489783
Epoch: 664, LR: 0.000015, Loss: 0.0403581, Validation MAE: 1.1403968, Test MAE: 1.1331606, Test MAE norm: 0.0489493
Epoch: 669, LR: 0.000015, Loss: 0.0403485, Validation MAE: 1.1401432, Test MAE: 1.1330760, Test MAE norm: 0.0489456
Epoch: 670, LR: 0.000013, Loss: 0.0403767, Validation MAE: 1.1392704, Test MAE: 1.1325626, Test MAE norm: 0.0489234
Epoch: 675, LR: 0.000013, Loss: 0.0403651, Validation MAE: 1.1392244, Test MAE: 1.1323183, Test MAE norm: 0.0489129
Epoch: 676, LR: 0.000013, Loss: 0.0403478, Validation MAE: 1.1354871, Test MAE: 1.1296982, Test MAE norm: 0.0487997
Epoch: 686, LR: 0.000013, Loss: 0.0403328, Validation MAE: 1.1454831, Test MAE: 1.1346196, Test MAE norm: 0.0490123
Epoch: 687, LR: 0.000013, Loss: 0.0403331, Validation MAE: 1.1440581, Test MAE: 1.1341465, Test MAE norm: 0.0489918
Epoch: 688, LR: 0.000012, Loss: 0.0403382, Validation MAE: 1.1412971, Test MAE: 1.1329592, Test MAE norm: 0.0489406
Epoch: 689, LR: 0.000012, Loss: 0.0403345, Validation MAE: 1.1392219, Test MAE: 1.1314424, Test MAE norm: 0.0488750
Epoch: 696, LR: 0.000012, Loss: 0.0403281, Validation MAE: 1.1388159, Test MAE: 1.1311462, Test MAE norm: 0.0488622
Epoch: 697, LR: 0.000012, Loss: 0.0403099, Validation MAE: 1.1372173, Test MAE: 1.1304721, Test MAE norm: 0.0488331
Epoch: 704, LR: 0.000011, Loss: 0.0403137, Validation MAE: 1.1369330, Test MAE: 1.1293517, Test MAE norm: 0.0487847
Epoch: 714, LR: 0.000010, Loss: 0.0402631, Validation MAE: 1.1425233, Test MAE: 1.1325208, Test MAE norm: 0.0489216
Epoch: 715, LR: 0.000010, Loss: 0.0402764, Validation MAE: 1.1410615, Test MAE: 1.1315598, Test MAE norm: 0.0488801
Epoch: 716, LR: 0.000010, Loss: 0.0402797, Validation MAE: 1.1393329, Test MAE: 1.1307322, Test MAE norm: 0.0488444
Epoch: 721, LR: 0.000010, Loss: 0.0402526, Validation MAE: 1.1391628, Test MAE: 1.1315218, Test MAE norm: 0.0488785
Epoch: 726, LR: 0.000010, Loss: 0.0402627, Validation MAE: 1.1379639, Test MAE: 1.1311144, Test MAE norm: 0.0488609
Epoch: 727, LR: 0.000010, Loss: 0.0402655, Validation MAE: 1.1375492, Test MAE: 1.1305176, Test MAE norm: 0.0488351
Epoch: 737, LR: 0.000010, Loss: 0.0402423, Validation MAE: 1.1413611, Test MAE: 1.1322542, Test MAE norm: 0.0489101
Epoch: 739, LR: 0.000010, Loss: 0.0402375, Validation MAE: 1.1411328, Test MAE: 1.1321189, Test MAE norm: 0.0489043
Epoch: 740, LR: 0.000010, Loss: 0.0402439, Validation MAE: 1.1402066, Test MAE: 1.1313275, Test MAE norm: 0.0488701
Epoch: 745, LR: 0.000010, Loss: 0.0402299, Validation MAE: 1.1381853, Test MAE: 1.1304463, Test MAE norm: 0.0488320
Epoch: 746, LR: 0.000010, Loss: 0.0402307, Validation MAE: 1.1375660, Test MAE: 1.1300454, Test MAE norm: 0.0488147
Epoch: 756, LR: 0.000010, Loss: 0.0402181, Validation MAE: 1.1399462, Test MAE: 1.1312194, Test MAE norm: 0.0488654
Epoch: 757, LR: 0.000010, Loss: 0.0402085, Validation MAE: 1.1383640, Test MAE: 1.1305894, Test MAE norm: 0.0488382
Epoch: 760, LR: 0.000010, Loss: 0.0402089, Validation MAE: 1.1374171, Test MAE: 1.1304560, Test MAE norm: 0.0488324
Epoch: 770, LR: 0.000010, Loss: 0.0402071, Validation MAE: 1.1399040, Test MAE: 1.1307125, Test MAE norm: 0.0488435
Epoch: 771, LR: 0.000010, Loss: 0.0401939, Validation MAE: 1.1389694, Test MAE: 1.1304406, Test MAE norm: 0.0488318
Epoch: 772, LR: 0.000010, Loss: 0.0401998, Validation MAE: 1.1365821, Test MAE: 1.1295370, Test MAE norm: 0.0487927
Epoch: 779, LR: 0.000010, Loss: 0.0402127, Validation MAE: 1.1360005, Test MAE: 1.1286867, Test MAE norm: 0.0487560
Epoch: 780, LR: 0.000010, Loss: 0.0401888, Validation MAE: 1.1352148, Test MAE: 1.1285970, Test MAE norm: 0.0487521
Epoch: 790, LR: 0.000010, Loss: 0.0401785, Validation MAE: 1.1369205, Test MAE: 1.1292843, Test MAE norm: 0.0487818
Epoch: 791, LR: 0.000010, Loss: 0.0401778, Validation MAE: 1.1361039, Test MAE: 1.1284317, Test MAE norm: 0.0487450
Epoch: 797, LR: 0.000010, Loss: 0.0401887, Validation MAE: 1.1342276, Test MAE: 1.1275538, Test MAE norm: 0.0487071
Epoch: 798, LR: 0.000010, Loss: 0.0401894, Validation MAE: 1.1332157, Test MAE: 1.1270428, Test MAE norm: 0.0486850
Epoch: 808, LR: 0.000010, Loss: 0.0401755, Validation MAE: 1.1361258, Test MAE: 1.1283573, Test MAE norm: 0.0487418
Epoch: 812, LR: 0.000010, Loss: 0.0401504, Validation MAE: 1.1354320, Test MAE: 1.1283965, Test MAE norm: 0.0487435
Epoch: 817, LR: 0.000010, Loss: 0.0401429, Validation MAE: 1.1350664, Test MAE: 1.1279622, Test MAE norm: 0.0487247
Epoch: 818, LR: 0.000010, Loss: 0.0401597, Validation MAE: 1.1319020, Test MAE: 1.1265906, Test MAE norm: 0.0486654
Epoch: 828, LR: 0.000010, Loss: 0.0401247, Validation MAE: 1.1367687, Test MAE: 1.1287203, Test MAE norm: 0.0487574
Epoch: 831, LR: 0.000010, Loss: 0.0401156, Validation MAE: 1.1362822, Test MAE: 1.1281172, Test MAE norm: 0.0487314
Epoch: 832, LR: 0.000010, Loss: 0.0401187, Validation MAE: 1.1345528, Test MAE: 1.1276854, Test MAE norm: 0.0487127
Epoch: 839, LR: 0.000010, Loss: 0.0401104, Validation MAE: 1.1334481, Test MAE: 1.1268274, Test MAE norm: 0.0486757
Epoch: 840, LR: 0.000010, Loss: 0.0401197, Validation MAE: 1.1325614, Test MAE: 1.1261747, Test MAE norm: 0.0486475
Epoch: 850, LR: 0.000010, Loss: 0.0401154, Validation MAE: 1.1358460, Test MAE: 1.1278574, Test MAE norm: 0.0487202
Epoch: 851, LR: 0.000010, Loss: 0.0400910, Validation MAE: 1.1352103, Test MAE: 1.1276225, Test MAE norm: 0.0487100
Epoch: 856, LR: 0.000010, Loss: 0.0400920, Validation MAE: 1.1350775, Test MAE: 1.1271236, Test MAE norm: 0.0486885
Epoch: 857, LR: 0.000010, Loss: 0.0400919, Validation MAE: 1.1340017, Test MAE: 1.1264572, Test MAE norm: 0.0486597
Epoch: 864, LR: 0.000010, Loss: 0.0400951, Validation MAE: 1.1337950, Test MAE: 1.1270267, Test MAE norm: 0.0486843
Epoch: 865, LR: 0.000010, Loss: 0.0400877, Validation MAE: 1.1309816, Test MAE: 1.1249905, Test MAE norm: 0.0485963
Epoch: 866, LR: 0.000010, Loss: 0.0401174, Validation MAE: 1.1303132, Test MAE: 1.1249090, Test MAE norm: 0.0485928
Epoch: 873, LR: 0.000010, Loss: 0.0400519, Validation MAE: 1.1302738, Test MAE: 1.1250389, Test MAE norm: 0.0485984
Epoch: 874, LR: 0.000010, Loss: 0.0400688, Validation MAE: 1.1301970, Test MAE: 1.1251092, Test MAE norm: 0.0486015
Epoch: 884, LR: 0.000010, Loss: 0.0400500, Validation MAE: 1.1360466, Test MAE: 1.1273664, Test MAE norm: 0.0486990
Epoch: 885, LR: 0.000010, Loss: 0.0400249, Validation MAE: 1.1320019, Test MAE: 1.1256901, Test MAE norm: 0.0486265
Epoch: 886, LR: 0.000010, Loss: 0.0400319, Validation MAE: 1.1301135, Test MAE: 1.1246960, Test MAE norm: 0.0485836
Epoch: 891, LR: 0.000010, Loss: 0.0400195, Validation MAE: 1.1294470, Test MAE: 1.1241310, Test MAE norm: 0.0485592
Epoch: 892, LR: 0.000010, Loss: 0.0400379, Validation MAE: 1.1285554, Test MAE: 1.1226560, Test MAE norm: 0.0484955
Epoch: 902, LR: 0.000010, Loss: 0.0400296, Validation MAE: 1.1287003, Test MAE: 1.1244583, Test MAE norm: 0.0485733
Epoch: 912, LR: 0.000010, Loss: 0.0399641, Validation MAE: 1.1281347, Test MAE: 1.1238159, Test MAE norm: 0.0485456
Epoch: 918, LR: 0.000010, Loss: 0.0399600, Validation MAE: 1.1278825, Test MAE: 1.1238878, Test MAE norm: 0.0485487
Epoch: 927, LR: 0.000010, Loss: 0.0399438, Validation MAE: 1.1277459, Test MAE: 1.1236209, Test MAE norm: 0.0485372
Epoch: 928, LR: 0.000010, Loss: 0.0399514, Validation MAE: 1.1274836, Test MAE: 1.1238370, Test MAE norm: 0.0485465
Epoch: 938, LR: 0.000010, Loss: 0.0399399, Validation MAE: 1.1305273, Test MAE: 1.1260487, Test MAE norm: 0.0486420
Epoch: 939, LR: 0.000010, Loss: 0.0399049, Validation MAE: 1.1271627, Test MAE: 1.1239605, Test MAE norm: 0.0485518
Epoch: 940, LR: 0.000010, Loss: 0.0399136, Validation MAE: 1.1261163, Test MAE: 1.1225824, Test MAE norm: 0.0484923
Epoch: 950, LR: 0.000010, Loss: 0.0398832, Validation MAE: 1.1265192, Test MAE: 1.1230441, Test MAE norm: 0.0485123
Epoch: 951, LR: 0.000010, Loss: 0.0398983, Validation MAE: 1.1261984, Test MAE: 1.1229105, Test MAE norm: 0.0485065
Epoch: 961, LR: 0.000010, Loss: 0.0398295, Validation MAE: 1.1265219, Test MAE: 1.1240796, Test MAE norm: 0.0485570
Epoch: 962, LR: 0.000010, Loss: 0.0398329, Validation MAE: 1.1258454, Test MAE: 1.1231827, Test MAE norm: 0.0485182
Epoch: 963, LR: 0.000010, Loss: 0.0398132, Validation MAE: 1.1255006, Test MAE: 1.1236041, Test MAE norm: 0.0485364
Epoch: 966, LR: 0.000010, Loss: 0.0398162, Validation MAE: 1.1248338, Test MAE: 1.1227565, Test MAE norm: 0.0484998
Epoch: 967, LR: 0.000010, Loss: 0.0398263, Validation MAE: 1.1243650, Test MAE: 1.1230731, Test MAE norm: 0.0485135
Epoch: 971, LR: 0.000010, Loss: 0.0398290, Validation MAE: 1.1230792, Test MAE: 1.1222118, Test MAE norm: 0.0484763
Epoch: 972, LR: 0.000010, Loss: 0.0398412, Validation MAE: 1.1209282, Test MAE: 1.1205590, Test MAE norm: 0.0484049
Epoch: 982, LR: 0.000010, Loss: 0.0397891, Validation MAE: 1.1253539, Test MAE: 1.1216402, Test MAE norm: 0.0484516
Epoch: 986, LR: 0.000010, Loss: 0.0398277, Validation MAE: 1.1236788, Test MAE: 1.1218538, Test MAE norm: 0.0484608
Epoch: 987, LR: 0.000010, Loss: 0.0397975, Validation MAE: 1.1203967, Test MAE: 1.1196010, Test MAE norm: 0.0483635
Epoch: 997, LR: 0.000010, Loss: 0.0397849, Validation MAE: 1.1206130, Test MAE: 1.1192585, Test MAE norm: 0.0483487
Epoch: 1002, LR: 0.000010, Loss: 0.0397554, Validation MAE: 1.1176417, Test MAE: 1.1172333, Test MAE norm: 0.0482612
Epoch: 1012, LR: 0.000010, Loss: 0.0397852, Validation MAE: 1.1206415, Test MAE: 1.1201775, Test MAE norm: 0.0483884
Epoch: 1013, LR: 0.000010, Loss: 0.0397760, Validation MAE: 1.1200470, Test MAE: 1.1202683, Test MAE norm: 0.0483923
Epoch: 1017, LR: 0.000010, Loss: 0.0397826, Validation MAE: 1.1189706, Test MAE: 1.1196350, Test MAE norm: 0.0483650
Epoch: 1023, LR: 0.000010, Loss: 0.0397816, Validation MAE: 1.1162620, Test MAE: 1.1151015, Test MAE norm: 0.0481692
Epoch: 1028, LR: 0.000010, Loss: 0.0397642, Validation MAE: 1.1134635, Test MAE: 1.1161256, Test MAE norm: 0.0482134
Epoch: 1038, LR: 0.000010, Loss: 0.0397548, Validation MAE: 1.1240337, Test MAE: 1.1224252, Test MAE norm: 0.0484855
Epoch: 1039, LR: 0.000010, Loss: 0.0397591, Validation MAE: 1.1174284, Test MAE: 1.1180626, Test MAE norm: 0.0482971
Epoch: 1049, LR: 0.000010, Loss: 0.0397156, Validation MAE: 1.1209242, Test MAE: 1.1202061, Test MAE norm: 0.0483897
Epoch: 1050, LR: 0.000010, Loss: 0.0396949, Validation MAE: 1.1195397, Test MAE: 1.1188829, Test MAE norm: 0.0483325
Epoch: 1051, LR: 0.000010, Loss: 0.0396941, Validation MAE: 1.1181082, Test MAE: 1.1180390, Test MAE norm: 0.0482960
Epoch: 1055, LR: 0.000010, Loss: 0.0396854, Validation MAE: 1.1164068, Test MAE: 1.1162308, Test MAE norm: 0.0482179
Epoch: 1065, LR: 0.000010, Loss: 0.0396678, Validation MAE: 1.1149282, Test MAE: 1.1167377, Test MAE norm: 0.0482398
Epoch: 1074, LR: 0.000010, Loss: 0.0396769, Validation MAE: 1.1132833, Test MAE: 1.1142833, Test MAE norm: 0.0481338
Epoch: 1079, LR: 0.000010, Loss: 0.0396564, Validation MAE: 1.1114545, Test MAE: 1.1141285, Test MAE norm: 0.0481271
Epoch: 1089, LR: 0.000010, Loss: 0.0396762, Validation MAE: 1.1147389, Test MAE: 1.1164759, Test MAE norm: 0.0482285
Epoch: 1094, LR: 0.000010, Loss: 0.0396484, Validation MAE: 1.1134084, Test MAE: 1.1152642, Test MAE norm: 0.0481762
Epoch: 1103, LR: 0.000010, Loss: 0.0396162, Validation MAE: 1.1131251, Test MAE: 1.1140815, Test MAE norm: 0.0481251
Epoch: 1112, LR: 0.000010, Loss: 0.0395990, Validation MAE: 1.1131060, Test MAE: 1.1160369, Test MAE norm: 0.0482096
Epoch: 1117, LR: 0.000010, Loss: 0.0396179, Validation MAE: 1.1103638, Test MAE: 1.1136575, Test MAE norm: 0.0481068
Epoch: 1127, LR: 0.000010, Loss: 0.0395925, Validation MAE: 1.1140287, Test MAE: 1.1156482, Test MAE norm: 0.0481928
Epoch: 1132, LR: 0.000010, Loss: 0.0395687, Validation MAE: 1.1135331, Test MAE: 1.1147306, Test MAE norm: 0.0481531
Epoch: 1139, LR: 0.000010, Loss: 0.0396169, Validation MAE: 1.1128330, Test MAE: 1.1154965, Test MAE norm: 0.0481862
Epoch: 1140, LR: 0.000010, Loss: 0.0395407, Validation MAE: 1.1102941, Test MAE: 1.1126387, Test MAE norm: 0.0480628
Epoch: 1150, LR: 0.000010, Loss: 0.0396221, Validation MAE: 1.1215205, Test MAE: 1.1192495, Test MAE norm: 0.0483483
Epoch: 1152, LR: 0.000010, Loss: 0.0396127, Validation MAE: 1.1149231, Test MAE: 1.1162564, Test MAE norm: 0.0482190
Epoch: 1153, LR: 0.000010, Loss: 0.0395285, Validation MAE: 1.1113634, Test MAE: 1.1122023, Test MAE norm: 0.0480439
Epoch: 1158, LR: 0.000010, Loss: 0.0395703, Validation MAE: 1.1103895, Test MAE: 1.1148077, Test MAE norm: 0.0481565
Epoch: 1162, LR: 0.000010, Loss: 0.0395432, Validation MAE: 1.1095941, Test MAE: 1.1144903, Test MAE norm: 0.0481427
Epoch: 1170, LR: 0.000010, Loss: 0.0395208, Validation MAE: 1.1086211, Test MAE: 1.1128515, Test MAE norm: 0.0480720
Epoch: 1180, LR: 0.000010, Loss: 0.0396279, Validation MAE: 1.1107429, Test MAE: 1.1140255, Test MAE norm: 0.0481227
Epoch: 1183, LR: 0.000010, Loss: 0.0396877, Validation MAE: 1.1080505, Test MAE: 1.1128025, Test MAE norm: 0.0480698
Epoch: 1184, LR: 0.000010, Loss: 0.0395150, Validation MAE: 1.1048576, Test MAE: 1.1083740, Test MAE norm: 0.0478785
Epoch: 1194, LR: 0.000010, Loss: 0.0395085, Validation MAE: 1.1092451, Test MAE: 1.1136087, Test MAE norm: 0.0481047
Epoch: 1195, LR: 0.000010, Loss: 0.0395521, Validation MAE: 1.1057004, Test MAE: 1.1123705, Test MAE norm: 0.0480512
Epoch: 1204, LR: 0.000010, Loss: 0.0394740, Validation MAE: 1.1046534, Test MAE: 1.1115389, Test MAE norm: 0.0480153
Epoch: 1212, LR: 0.000010, Loss: 0.0394800, Validation MAE: 1.1044632, Test MAE: 1.1086845, Test MAE norm: 0.0478920
Epoch: 1220, LR: 0.000010, Loss: 0.0394987, Validation MAE: 1.1043811, Test MAE: 1.1101323, Test MAE norm: 0.0479545
Epoch: 1228, LR: 0.000010, Loss: 0.0395286, Validation MAE: 1.1040522, Test MAE: 1.1116058, Test MAE norm: 0.0480181
Epoch: 1229, LR: 0.000010, Loss: 0.0394606, Validation MAE: 1.1025937, Test MAE: 1.1105051, Test MAE norm: 0.0479706
Epoch: 1236, LR: 0.000010, Loss: 0.0394301, Validation MAE: 1.1004106, Test MAE: 1.1087445, Test MAE norm: 0.0478945
Epoch: 1246, LR: 0.000010, Loss: 0.0394539, Validation MAE: 1.1094117, Test MAE: 1.1131903, Test MAE norm: 0.0480866
Epoch: 1247, LR: 0.000010, Loss: 0.0394330, Validation MAE: 1.1074998, Test MAE: 1.1122358, Test MAE norm: 0.0480454
Epoch: 1253, LR: 0.000010, Loss: 0.0394581, Validation MAE: 1.1011237, Test MAE: 1.1071283, Test MAE norm: 0.0478247
Epoch: 1261, LR: 0.000010, Loss: 0.0394277, Validation MAE: 1.0992529, Test MAE: 1.1062771, Test MAE norm: 0.0477880
Epoch: 1271, LR: 0.000010, Loss: 0.0397578, Validation MAE: 1.1013904, Test MAE: 1.1095206, Test MAE norm: 0.0479281
Epoch: 1274, LR: 0.000010, Loss: 0.0396818, Validation MAE: 1.1001227, Test MAE: 1.1081797, Test MAE norm: 0.0478701
Epoch: 1275, LR: 0.000010, Loss: 0.0395503, Validation MAE: 1.0971004, Test MAE: 1.1040524, Test MAE norm: 0.0476919
Epoch: 1285, LR: 0.000010, Loss: 0.0394360, Validation MAE: 1.0988355, Test MAE: 1.1088065, Test MAE norm: 0.0478972
Epoch: 1290, LR: 0.000010, Loss: 0.0394009, Validation MAE: 1.0988106, Test MAE: 1.1077344, Test MAE norm: 0.0478509
Epoch: 1294, LR: 0.000010, Loss: 0.0393776, Validation MAE: 1.0980936, Test MAE: 1.1065481, Test MAE norm: 0.0477997
Epoch: 1304, LR: 0.000010, Loss: 0.0393500, Validation MAE: 1.1083688, Test MAE: 1.1137681, Test MAE norm: 0.0481116
Epoch: 1305, LR: 0.000010, Loss: 0.0393962, Validation MAE: 1.1020354, Test MAE: 1.1115940, Test MAE norm: 0.0480176
Epoch: 1306, LR: 0.000010, Loss: 0.0393320, Validation MAE: 1.0979013, Test MAE: 1.1077423, Test MAE norm: 0.0478513
Epoch: 1313, LR: 0.000010, Loss: 0.0393269, Validation MAE: 1.0976585, Test MAE: 1.1076263, Test MAE norm: 0.0478462
Epoch: 1322, LR: 0.000010, Loss: 0.0393023, Validation MAE: 1.0972917, Test MAE: 1.1054794, Test MAE norm: 0.0477535
Epoch: 1332, LR: 0.000010, Loss: 0.0393158, Validation MAE: 1.1115047, Test MAE: 1.1155137, Test MAE norm: 0.0481870
Epoch: 1333, LR: 0.000010, Loss: 0.0394537, Validation MAE: 1.1105633, Test MAE: 1.1144246, Test MAE norm: 0.0481399
Epoch: 1334, LR: 0.000010, Loss: 0.0394519, Validation MAE: 1.0969622, Test MAE: 1.1080710, Test MAE norm: 0.0478655
Epoch: 1335, LR: 0.000010, Loss: 0.0393183, Validation MAE: 1.0936711, Test MAE: 1.1041371, Test MAE norm: 0.0476955
Epoch: 1345, LR: 0.000010, Loss: 0.0392898, Validation MAE: 1.0991887, Test MAE: 1.1094621, Test MAE norm: 0.0479255
Epoch: 1346, LR: 0.000010, Loss: 0.0392998, Validation MAE: 1.0977098, Test MAE: 1.1087470, Test MAE norm: 0.0478947
Epoch: 1350, LR: 0.000010, Loss: 0.0392922, Validation MAE: 1.0966514, Test MAE: 1.1078699, Test MAE norm: 0.0478568
Epoch: 1359, LR: 0.000010, Loss: 0.0393533, Validation MAE: 1.0957336, Test MAE: 1.1064142, Test MAE norm: 0.0477939
Epoch: 1369, LR: 0.000010, Loss: 0.0392873, Validation MAE: 1.0997758, Test MAE: 1.1083087, Test MAE norm: 0.0478757
Epoch: 1373, LR: 0.000010, Loss: 0.0392647, Validation MAE: 1.0986236, Test MAE: 1.1087614, Test MAE norm: 0.0478953
Epoch: 1376, LR: 0.000010, Loss: 0.0393325, Validation MAE: 1.0955263, Test MAE: 1.1069572, Test MAE norm: 0.0478173
Epoch: 1377, LR: 0.000010, Loss: 0.0392924, Validation MAE: 1.0947253, Test MAE: 1.1053715, Test MAE norm: 0.0477488
Epoch: 1384, LR: 0.000010, Loss: 0.0392931, Validation MAE: 1.0923308, Test MAE: 1.1045066, Test MAE norm: 0.0477115
Epoch: 1393, LR: 0.000010, Loss: 0.0392147, Validation MAE: 1.0921125, Test MAE: 1.1044445, Test MAE norm: 0.0477088
Epoch: 1397, LR: 0.000010, Loss: 0.0392574, Validation MAE: 1.0907720, Test MAE: 1.1014290, Test MAE norm: 0.0475785
Epoch: 1407, LR: 0.000010, Loss: 0.0392783, Validation MAE: 1.1099248, Test MAE: 1.1132345, Test MAE norm: 0.0480885
Epoch: 1408, LR: 0.000010, Loss: 0.0394894, Validation MAE: 1.1081759, Test MAE: 1.1118851, Test MAE norm: 0.0480302
Epoch: 1409, LR: 0.000010, Loss: 0.0395028, Validation MAE: 1.0927063, Test MAE: 1.1042634, Test MAE norm: 0.0477010
Epoch: 1410, LR: 0.000010, Loss: 0.0393694, Validation MAE: 1.0862951, Test MAE: 1.1009593, Test MAE norm: 0.0475582
Epoch: 1420, LR: 0.000010, Loss: 0.0392629, Validation MAE: 1.0854260, Test MAE: 1.1025788, Test MAE norm: 0.0476282
Epoch: 1430, LR: 0.000010, Loss: 0.0392240, Validation MAE: 1.0913256, Test MAE: 1.1045887, Test MAE norm: 0.0477150
Epoch: 1434, LR: 0.000010, Loss: 0.0392602, Validation MAE: 1.0874082, Test MAE: 1.1031429, Test MAE norm: 0.0476526
Epoch: 1444, LR: 0.000010, Loss: 0.0393034, Validation MAE: 1.0945075, Test MAE: 1.1064408, Test MAE norm: 0.0477950
Epoch: 1445, LR: 0.000010, Loss: 0.0391943, Validation MAE: 1.0931977, Test MAE: 1.1054670, Test MAE norm: 0.0477530
Epoch: 1452, LR: 0.000010, Loss: 0.0391513, Validation MAE: 1.0929703, Test MAE: 1.1057540, Test MAE norm: 0.0477654
Epoch: 1455, LR: 0.000010, Loss: 0.0391749, Validation MAE: 1.0922621, Test MAE: 1.1046368, Test MAE norm: 0.0477171
Epoch: 1462, LR: 0.000010, Loss: 0.0391768, Validation MAE: 1.0893996, Test MAE: 1.1042200, Test MAE norm: 0.0476991
Epoch: 1463, LR: 0.000010, Loss: 0.0391865, Validation MAE: 1.0880835, Test MAE: 1.1032945, Test MAE norm: 0.0476591
Epoch: 1473, LR: 0.000010, Loss: 0.0391386, Validation MAE: 1.0922414, Test MAE: 1.1061140, Test MAE norm: 0.0477809
Epoch: 1476, LR: 0.000010, Loss: 0.0391490, Validation MAE: 1.0868613, Test MAE: 1.1035082, Test MAE norm: 0.0476684
Epoch: 1486, LR: 0.000010, Loss: 0.0391905, Validation MAE: 1.0916573, Test MAE: 1.1052976, Test MAE norm: 0.0477456
Epoch: 1487, LR: 0.000010, Loss: 0.0391201, Validation MAE: 1.0871440, Test MAE: 1.1027049, Test MAE norm: 0.0476337
Epoch: 1497, LR: 0.000010, Loss: 0.0392656, Validation MAE: 1.0851195, Test MAE: 1.1017015, Test MAE norm: 0.0475903
Epoch: 1498, LR: 0.000010, Loss: 0.0392145, Validation MAE: 1.0832607, Test MAE: 1.1010249, Test MAE norm: 0.0475611
Epoch: 1506, LR: 0.000010, Loss: 0.0390950, Validation MAE: 1.0830519, Test MAE: 1.1011262, Test MAE norm: 0.0475655
Epoch: 1515, LR: 0.000010, Loss: 0.0395698, Validation MAE: 1.0830328, Test MAE: 1.0994055, Test MAE norm: 0.0474911
Epoch: 1519, LR: 0.000010, Loss: 0.0391783, Validation MAE: 1.0816927, Test MAE: 1.0983403, Test MAE norm: 0.0474451
Epoch: 1520, LR: 0.000010, Loss: 0.0394585, Validation MAE: 1.0815518, Test MAE: 1.1004277, Test MAE norm: 0.0475353
Epoch: 1528, LR: 0.000010, Loss: 0.0392043, Validation MAE: 1.0801948, Test MAE: 1.0995222, Test MAE norm: 0.0474962
Epoch: 1538, LR: 0.000010, Loss: 0.0390775, Validation MAE: 1.0835726, Test MAE: 1.1012976, Test MAE norm: 0.0475729
Epoch: 1546, LR: 0.000010, Loss: 0.0391357, Validation MAE: 1.0832182, Test MAE: 1.1015866, Test MAE norm: 0.0475853
Epoch: 1547, LR: 0.000010, Loss: 0.0390999, Validation MAE: 1.0792266, Test MAE: 1.0992166, Test MAE norm: 0.0474830
Epoch: 1552, LR: 0.000010, Loss: 0.0393186, Validation MAE: 1.0773158, Test MAE: 1.0985777, Test MAE norm: 0.0474554
Epoch: 1562, LR: 0.000010, Loss: 0.0392831, Validation MAE: 1.0832978, Test MAE: 1.1023440, Test MAE norm: 0.0476181
Epoch: 1570, LR: 0.000010, Loss: 0.0390522, Validation MAE: 1.0825809, Test MAE: 1.1014364, Test MAE norm: 0.0475789
Epoch: 1580, LR: 0.000010, Loss: 0.0390318, Validation MAE: 1.0933031, Test MAE: 1.1064070, Test MAE norm: 0.0477936
Epoch: 1581, LR: 0.000010, Loss: 0.0390268, Validation MAE: 1.0891185, Test MAE: 1.1049315, Test MAE norm: 0.0477298
Epoch: 1582, LR: 0.000010, Loss: 0.0389988, Validation MAE: 1.0858512, Test MAE: 1.1027732, Test MAE norm: 0.0476366
Epoch: 1585, LR: 0.000010, Loss: 0.0389875, Validation MAE: 1.0848413, Test MAE: 1.1018924, Test MAE norm: 0.0475986
Epoch: 1588, LR: 0.000010, Loss: 0.0390590, Validation MAE: 1.0846090, Test MAE: 1.1016483, Test MAE norm: 0.0475880
Epoch: 1595, LR: 0.000010, Loss: 0.0389861, Validation MAE: 1.0811572, Test MAE: 1.0992144, Test MAE norm: 0.0474829
Epoch: 1599, LR: 0.000010, Loss: 0.0390013, Validation MAE: 1.0808654, Test MAE: 1.1000358, Test MAE norm: 0.0475184
Epoch: 1607, LR: 0.000010, Loss: 0.0390288, Validation MAE: 1.0781569, Test MAE: 1.1002703, Test MAE norm: 0.0475285
Epoch: 1617, LR: 0.000010, Loss: 0.0389618, Validation MAE: 1.0856842, Test MAE: 1.1041441, Test MAE norm: 0.0476958
Epoch: 1619, LR: 0.000010, Loss: 0.0389706, Validation MAE: 1.0839562, Test MAE: 1.1020669, Test MAE norm: 0.0476061
Epoch: 1623, LR: 0.000010, Loss: 0.0391107, Validation MAE: 1.0818769, Test MAE: 1.1015447, Test MAE norm: 0.0475835
Epoch: 1624, LR: 0.000010, Loss: 0.0389507, Validation MAE: 1.0803412, Test MAE: 1.1003959, Test MAE norm: 0.0475339
Epoch: 1634, LR: 0.000010, Loss: 0.0389792, Validation MAE: 1.0802845, Test MAE: 1.1016703, Test MAE norm: 0.0475890
Epoch: 1635, LR: 0.000010, Loss: 0.0389582, Validation MAE: 1.0763917, Test MAE: 1.0993613, Test MAE norm: 0.0474892
Epoch: 1645, LR: 0.000010, Loss: 0.0389745, Validation MAE: 1.0866421, Test MAE: 1.1041998, Test MAE norm: 0.0476982
Epoch: 1646, LR: 0.000010, Loss: 0.0389580, Validation MAE: 1.0841116, Test MAE: 1.1026043, Test MAE norm: 0.0476293
Epoch: 1651, LR: 0.000010, Loss: 0.0389070, Validation MAE: 1.0791248, Test MAE: 1.1003079, Test MAE norm: 0.0475301
Epoch: 1652, LR: 0.000010, Loss: 0.0389138, Validation MAE: 1.0779321, Test MAE: 1.0995340, Test MAE norm: 0.0474967
Epoch: 1662, LR: 0.000010, Loss: 0.0389087, Validation MAE: 1.0779730, Test MAE: 1.0990652, Test MAE norm: 0.0474764
Epoch: 1672, LR: 0.000010, Loss: 0.0389493, Validation MAE: 1.0802428, Test MAE: 1.1001995, Test MAE norm: 0.0475254
Epoch: 1675, LR: 0.000010, Loss: 0.0388970, Validation MAE: 1.0763788, Test MAE: 1.0979503, Test MAE norm: 0.0474283
Epoch: 1679, LR: 0.000010, Loss: 0.0389070, Validation MAE: 1.0756845, Test MAE: 1.0980798, Test MAE norm: 0.0474339
Epoch: 1688, LR: 0.000010, Loss: 0.0389451, Validation MAE: 1.0756245, Test MAE: 1.0990520, Test MAE norm: 0.0474759
Epoch: 1698, LR: 0.000010, Loss: 0.0389253, Validation MAE: 1.0853337, Test MAE: 1.1038865, Test MAE norm: 0.0476847
Epoch: 1699, LR: 0.000010, Loss: 0.0389913, Validation MAE: 1.0725579, Test MAE: 1.0980481, Test MAE norm: 0.0474325
Epoch: 1709, LR: 0.000010, Loss: 0.0389566, Validation MAE: 1.0838012, Test MAE: 1.1028204, Test MAE norm: 0.0476386
Epoch: 1710, LR: 0.000010, Loss: 0.0389345, Validation MAE: 1.0727838, Test MAE: 1.0973204, Test MAE norm: 0.0474011
Epoch: 1720, LR: 0.000010, Loss: 0.0388277, Validation MAE: 1.0780404, Test MAE: 1.1003002, Test MAE norm: 0.0475298
Epoch: 1725, LR: 0.000010, Loss: 0.0388328, Validation MAE: 1.0746782, Test MAE: 1.0982043, Test MAE norm: 0.0474392
Epoch: 1728, LR: 0.000010, Loss: 0.0389102, Validation MAE: 1.0735455, Test MAE: 1.0979445, Test MAE norm: 0.0474280
Epoch: 1733, LR: 0.000010, Loss: 0.0388578, Validation MAE: 1.0733343, Test MAE: 1.0977365, Test MAE norm: 0.0474190
Epoch: 1736, LR: 0.000010, Loss: 0.0389627, Validation MAE: 1.0704144, Test MAE: 1.0971653, Test MAE norm: 0.0473944
Epoch: 1737, LR: 0.000010, Loss: 0.0389092, Validation MAE: 1.0703119, Test MAE: 1.0961962, Test MAE norm: 0.0473525
Epoch: 1745, LR: 0.000010, Loss: 0.0388815, Validation MAE: 1.0692939, Test MAE: 1.0964483, Test MAE norm: 0.0473634
Epoch: 1749, LR: 0.000010, Loss: 0.0388928, Validation MAE: 1.0663364, Test MAE: 1.0958116, Test MAE norm: 0.0473359
Epoch: 1759, LR: 0.000010, Loss: 0.0388142, Validation MAE: 1.0819486, Test MAE: 1.1020024, Test MAE norm: 0.0476033
Epoch: 1760, LR: 0.000010, Loss: 0.0388811, Validation MAE: 1.0724896, Test MAE: 1.0982168, Test MAE norm: 0.0474398
Epoch: 1768, LR: 0.000010, Loss: 0.0387769, Validation MAE: 1.0718907, Test MAE: 1.0959734, Test MAE norm: 0.0473429
Epoch: 1771, LR: 0.000010, Loss: 0.0389581, Validation MAE: 1.0715083, Test MAE: 1.0973951, Test MAE norm: 0.0474043
Epoch: 1774, LR: 0.000010, Loss: 0.0388670, Validation MAE: 1.0690918, Test MAE: 1.0969580, Test MAE norm: 0.0473854
Epoch: 1784, LR: 0.000010, Loss: 0.0388163, Validation MAE: 1.0688782, Test MAE: 1.0973088, Test MAE norm: 0.0474006
Epoch: 1792, LR: 0.000010, Loss: 0.0388696, Validation MAE: 1.0687786, Test MAE: 1.0962880, Test MAE norm: 0.0473565
Epoch: 1802, LR: 0.000010, Loss: 0.0388782, Validation MAE: 1.0730996, Test MAE: 1.0988554, Test MAE norm: 0.0474674
Epoch: 1803, LR: 0.000010, Loss: 0.0387331, Validation MAE: 1.0681026, Test MAE: 1.0958523, Test MAE norm: 0.0473376
Epoch: 1813, LR: 0.000010, Loss: 0.0388027, Validation MAE: 1.0662884, Test MAE: 1.0962793, Test MAE norm: 0.0473561
Epoch: 1823, LR: 0.000010, Loss: 0.0391453, Validation MAE: 1.0753955, Test MAE: 1.0989749, Test MAE norm: 0.0474725
Epoch: 1824, LR: 0.000010, Loss: 0.0387670, Validation MAE: 1.0683105, Test MAE: 1.0941479, Test MAE norm: 0.0472640
Epoch: 1825, LR: 0.000010, Loss: 0.0390720, Validation MAE: 1.0672429, Test MAE: 1.0962334, Test MAE norm: 0.0473541
Epoch: 1828, LR: 0.000010, Loss: 0.0388450, Validation MAE: 1.0668397, Test MAE: 1.0942988, Test MAE norm: 0.0472705
Epoch: 1829, LR: 0.000010, Loss: 0.0389953, Validation MAE: 1.0660450, Test MAE: 1.0963348, Test MAE norm: 0.0473585
Epoch: 1833, LR: 0.000010, Loss: 0.0390679, Validation MAE: 1.0659318, Test MAE: 1.0944798, Test MAE norm: 0.0472784
Epoch: 1836, LR: 0.000010, Loss: 0.0391376, Validation MAE: 1.0603164, Test MAE: 1.0946677, Test MAE norm: 0.0472865
Epoch: 1846, LR: 0.000010, Loss: 0.0387452, Validation MAE: 1.0627559, Test MAE: 1.0968784, Test MAE norm: 0.0473820
Epoch: 1849, LR: 0.000010, Loss: 0.0388137, Validation MAE: 1.0625029, Test MAE: 1.0957817, Test MAE norm: 0.0473346
Epoch: 1859, LR: 0.000010, Loss: 0.0387007, Validation MAE: 1.0777794, Test MAE: 1.0998552, Test MAE norm: 0.0475106
Epoch: 1860, LR: 0.000010, Loss: 0.0388081, Validation MAE: 1.0721071, Test MAE: 1.0984570, Test MAE norm: 0.0474502
Epoch: 1861, LR: 0.000010, Loss: 0.0387160, Validation MAE: 1.0668106, Test MAE: 1.0960194, Test MAE norm: 0.0473449
Epoch: 1868, LR: 0.000010, Loss: 0.0386801, Validation MAE: 1.0659884, Test MAE: 1.0919005, Test MAE norm: 0.0471669
Epoch: 1869, LR: 0.000010, Loss: 0.0389614, Validation MAE: 1.0639366, Test MAE: 1.0948614, Test MAE norm: 0.0472948
Epoch: 1872, LR: 0.000010, Loss: 0.0386809, Validation MAE: 1.0628836, Test MAE: 1.0943532, Test MAE norm: 0.0472729
Epoch: 1873, LR: 0.000010, Loss: 0.0387717, Validation MAE: 1.0627134, Test MAE: 1.0947963, Test MAE norm: 0.0472920
Epoch: 1883, LR: 0.000010, Loss: 0.0387654, Validation MAE: 1.0663797, Test MAE: 1.0971001, Test MAE norm: 0.0473915
Epoch: 1884, LR: 0.000010, Loss: 0.0386345, Validation MAE: 1.0638916, Test MAE: 1.0955735, Test MAE norm: 0.0473256
Epoch: 1887, LR: 0.000010, Loss: 0.0387162, Validation MAE: 1.0623035, Test MAE: 1.0949023, Test MAE norm: 0.0472966
Epoch: 1888, LR: 0.000010, Loss: 0.0386706, Validation MAE: 1.0619751, Test MAE: 1.0942271, Test MAE norm: 0.0472674
Epoch: 1898, LR: 0.000010, Loss: 0.0387278, Validation MAE: 1.0734363, Test MAE: 1.0986781, Test MAE norm: 0.0474597
Epoch: 1899, LR: 0.000010, Loss: 0.0386610, Validation MAE: 1.0715066, Test MAE: 1.0969270, Test MAE norm: 0.0473841
Epoch: 1901, LR: 0.000010, Loss: 0.0386443, Validation MAE: 1.0640364, Test MAE: 1.0948524, Test MAE norm: 0.0472944
Epoch: 1909, LR: 0.000010, Loss: 0.0386091, Validation MAE: 1.0609584, Test MAE: 1.0937892, Test MAE norm: 0.0472485
Epoch: 1912, LR: 0.000010, Loss: 0.0387795, Validation MAE: 1.0599921, Test MAE: 1.0936785, Test MAE norm: 0.0472437
Epoch: 1913, LR: 0.000010, Loss: 0.0387203, Validation MAE: 1.0597436, Test MAE: 1.0923657, Test MAE norm: 0.0471870
Epoch: 1916, LR: 0.000010, Loss: 0.0388759, Validation MAE: 1.0592990, Test MAE: 1.0946470, Test MAE norm: 0.0472856
Epoch: 1920, LR: 0.000010, Loss: 0.0387246, Validation MAE: 1.0577604, Test MAE: 1.0927870, Test MAE norm: 0.0472052
Epoch: 1930, LR: 0.000010, Loss: 0.0386270, Validation MAE: 1.0714167, Test MAE: 1.0990179, Test MAE norm: 0.0474744
Epoch: 1931, LR: 0.000010, Loss: 0.0387737, Validation MAE: 1.0652833, Test MAE: 1.0956113, Test MAE norm: 0.0473272
Epoch: 1932, LR: 0.000010, Loss: 0.0386698, Validation MAE: 1.0573786, Test MAE: 1.0917025, Test MAE norm: 0.0471584
Epoch: 1942, LR: 0.000010, Loss: 0.0385370, Validation MAE: 1.0609646, Test MAE: 1.0937309, Test MAE norm: 0.0472460
Epoch: 1945, LR: 0.000010, Loss: 0.0386070, Validation MAE: 1.0596036, Test MAE: 1.0910058, Test MAE norm: 0.0471283
Epoch: 1953, LR: 0.000010, Loss: 0.0385564, Validation MAE: 1.0593317, Test MAE: 1.0920467, Test MAE norm: 0.0471733
Epoch: 1957, LR: 0.000010, Loss: 0.0385965, Validation MAE: 1.0560778, Test MAE: 1.0929503, Test MAE norm: 0.0472123
Epoch: 1967, LR: 0.000010, Loss: 0.0385759, Validation MAE: 1.0612141, Test MAE: 1.0935109, Test MAE norm: 0.0472365
Epoch: 1968, LR: 0.000010, Loss: 0.0385496, Validation MAE: 1.0591722, Test MAE: 1.0927022, Test MAE norm: 0.0472016
Epoch: 1976, LR: 0.000010, Loss: 0.0389017, Validation MAE: 1.0588464, Test MAE: 1.0905817, Test MAE norm: 0.0471100
Epoch: 1979, LR: 0.000010, Loss: 0.0386803, Validation MAE: 1.0586216, Test MAE: 1.0911717, Test MAE norm: 0.0471355
Epoch: 1984, LR: 0.000010, Loss: 0.0388694, Validation MAE: 1.0569164, Test MAE: 1.0934705, Test MAE norm: 0.0472348
Epoch: 1987, LR: 0.000010, Loss: 0.0385473, Validation MAE: 1.0565063, Test MAE: 1.0914612, Test MAE norm: 0.0471480
Epoch: 1988, LR: 0.000010, Loss: 0.0388178, Validation MAE: 1.0549529, Test MAE: 1.0928282, Test MAE norm: 0.0472070
Epoch: 1998, LR: 0.000010, Loss: 0.0387515, Validation MAE: 1.0678322, Test MAE: 1.0959866, Test MAE norm: 0.0473434
Epoch: 1999, LR: 0.000010, Loss: 0.0387301, Validation MAE: 1.0545419, Test MAE: 1.0908412, Test MAE norm: 0.0471212
Epoch: 2000, LR: 0.000010, Loss: 0.0386423, Validation MAE: 1.0531431, Test MAE: 1.0912942, Test MAE norm: 0.0471407
Epoch: 2000, LR: 0.000010, Loss: 0.0386423, Validation MAE: 1.0531431, Test MAE: 1.0912942, Test MAE norm: 0.0471407