Command line input: python run_count.py --batch_size 256 --target 6 --model GNN --h 3 --seed 1 --epoch 2000 --dataset easy-1
Mean = 15.135, Std = 53.028
Using GNN model

Epoch: 001, LR: 0.001000, Loss: 0.5696048, Validation MAE: 33.9286194, Test MAE: 31.6208000, Test MAE norm: 0.5963010
Epoch: 002, LR: 0.001000, Loss: 0.5486274, Validation MAE: 32.7586517, Test MAE: 30.4878654, Test MAE norm: 0.5749363
Epoch: 003, LR: 0.001000, Loss: 0.5288294, Validation MAE: 31.5531578, Test MAE: 29.3130951, Test MAE norm: 0.5527826
Epoch: 004, LR: 0.001000, Loss: 0.5083119, Validation MAE: 30.2956619, Test MAE: 28.0814342, Test MAE norm: 0.5295561
Epoch: 005, LR: 0.001000, Loss: 0.4867744, Validation MAE: 28.9844742, Test MAE: 26.7902699, Test MAE norm: 0.5052075
Epoch: 006, LR: 0.001000, Loss: 0.4640130, Validation MAE: 27.5533714, Test MAE: 25.3866100, Test MAE norm: 0.4787374
Epoch: 007, LR: 0.001000, Loss: 0.4388734, Validation MAE: 25.9661961, Test MAE: 23.8396435, Test MAE norm: 0.4495650
Epoch: 008, LR: 0.001000, Loss: 0.4106260, Validation MAE: 24.1590366, Test MAE: 22.1022072, Test MAE norm: 0.4168006
Epoch: 009, LR: 0.001000, Loss: 0.3782915, Validation MAE: 22.0979767, Test MAE: 20.1326771, Test MAE norm: 0.3796594
Epoch: 010, LR: 0.001000, Loss: 0.3416120, Validation MAE: 19.7327328, Test MAE: 17.8657856, Test MAE norm: 0.3369107
Epoch: 011, LR: 0.001000, Loss: 0.2997613, Validation MAE: 17.0627594, Test MAE: 15.3849058, Test MAE norm: 0.2901266
Epoch: 012, LR: 0.001000, Loss: 0.2527305, Validation MAE: 15.2387314, Test MAE: 13.8902597, Test MAE norm: 0.2619407
Epoch: 019, LR: 0.001000, Loss: 0.2424294, Validation MAE: 15.0373707, Test MAE: 12.9926233, Test MAE norm: 0.2450132
Epoch: 020, LR: 0.001000, Loss: 0.2274871, Validation MAE: 14.1461649, Test MAE: 12.0720539, Test MAE norm: 0.2276533
Epoch: 021, LR: 0.001000, Loss: 0.2110784, Validation MAE: 13.7004757, Test MAE: 11.6931324, Test MAE norm: 0.2205076
Epoch: 025, LR: 0.001000, Loss: 0.2068241, Validation MAE: 13.6133289, Test MAE: 12.3057051, Test MAE norm: 0.2320594
Epoch: 026, LR: 0.001000, Loss: 0.2013942, Validation MAE: 12.9898558, Test MAE: 11.8764429, Test MAE norm: 0.2239644
Epoch: 027, LR: 0.001000, Loss: 0.1911816, Validation MAE: 12.3502188, Test MAE: 11.4106121, Test MAE norm: 0.2151799
Epoch: 028, LR: 0.001000, Loss: 0.1810490, Validation MAE: 11.8209085, Test MAE: 11.0418816, Test MAE norm: 0.2082264
Epoch: 029, LR: 0.001000, Loss: 0.1727056, Validation MAE: 11.3421955, Test MAE: 10.7247734, Test MAE norm: 0.2022464
Epoch: 030, LR: 0.001000, Loss: 0.1651914, Validation MAE: 11.3241568, Test MAE: 10.9399900, Test MAE norm: 0.2063049
Epoch: 031, LR: 0.001000, Loss: 0.1652196, Validation MAE: 11.3121185, Test MAE: 11.1271849, Test MAE norm: 0.2098350
Epoch: 032, LR: 0.001000, Loss: 0.1656625, Validation MAE: 11.1815367, Test MAE: 11.1511412, Test MAE norm: 0.2102868
Epoch: 033, LR: 0.001000, Loss: 0.1640652, Validation MAE: 10.9252157, Test MAE: 11.0284319, Test MAE norm: 0.2079728
Epoch: 034, LR: 0.001000, Loss: 0.1602229, Validation MAE: 10.5843554, Test MAE: 10.8025036, Test MAE norm: 0.2037122
Epoch: 035, LR: 0.001000, Loss: 0.1547329, Validation MAE: 10.2275934, Test MAE: 10.4927473, Test MAE norm: 0.1978709
Epoch: 036, LR: 0.001000, Loss: 0.1486075, Validation MAE: 9.8166771, Test MAE: 9.9974871, Test MAE norm: 0.1885313
Epoch: 037, LR: 0.001000, Loss: 0.1422543, Validation MAE: 9.3110228, Test MAE: 9.5134382, Test MAE norm: 0.1794032
Epoch: 038, LR: 0.001000, Loss: 0.1338693, Validation MAE: 9.0770645, Test MAE: 9.3307199, Test MAE norm: 0.1759575
Epoch: 039, LR: 0.001000, Loss: 0.1302382, Validation MAE: 8.8262005, Test MAE: 9.2081470, Test MAE norm: 0.1736461
Epoch: 041, LR: 0.001000, Loss: 0.1274646, Validation MAE: 8.3228693, Test MAE: 8.7799788, Test MAE norm: 0.1655717
Epoch: 042, LR: 0.001000, Loss: 0.1174283, Validation MAE: 8.2405863, Test MAE: 8.3789482, Test MAE norm: 0.1580091
Epoch: 043, LR: 0.001000, Loss: 0.1189571, Validation MAE: 7.7476187, Test MAE: 8.1408243, Test MAE norm: 0.1535186
Epoch: 044, LR: 0.001000, Loss: 0.1101312, Validation MAE: 7.7146711, Test MAE: 7.9609284, Test MAE norm: 0.1501262
Epoch: 045, LR: 0.001000, Loss: 0.1126281, Validation MAE: 7.2566042, Test MAE: 7.6644788, Test MAE norm: 0.1445358
Epoch: 046, LR: 0.001000, Loss: 0.1013090, Validation MAE: 6.9531527, Test MAE: 7.3068423, Test MAE norm: 0.1377915
Epoch: 048, LR: 0.001000, Loss: 0.1082056, Validation MAE: 6.9172406, Test MAE: 7.0084023, Test MAE norm: 0.1321636
Epoch: 049, LR: 0.001000, Loss: 0.1060564, Validation MAE: 6.0124712, Test MAE: 6.3816266, Test MAE norm: 0.1203439
Epoch: 054, LR: 0.001000, Loss: 0.1104531, Validation MAE: 5.5564427, Test MAE: 5.9524159, Test MAE norm: 0.1122499
Epoch: 056, LR: 0.001000, Loss: 0.1423746, Validation MAE: 5.4443645, Test MAE: 5.9842887, Test MAE norm: 0.1128509
Epoch: 063, LR: 0.001000, Loss: 0.1022309, Validation MAE: 5.2830262, Test MAE: 5.9085870, Test MAE norm: 0.1114234
Epoch: 066, LR: 0.001000, Loss: 0.0937821, Validation MAE: 4.9973516, Test MAE: 5.6117845, Test MAE norm: 0.1058263
Epoch: 069, LR: 0.001000, Loss: 0.0862723, Validation MAE: 4.9066224, Test MAE: 5.5583053, Test MAE norm: 0.1048178
Epoch: 070, LR: 0.001000, Loss: 0.0739274, Validation MAE: 4.7874451, Test MAE: 5.2758212, Test MAE norm: 0.0994908
Epoch: 072, LR: 0.001000, Loss: 0.0796167, Validation MAE: 4.4874434, Test MAE: 4.9819579, Test MAE norm: 0.0939491
Epoch: 073, LR: 0.001000, Loss: 0.0712754, Validation MAE: 4.2619357, Test MAE: 4.9886971, Test MAE norm: 0.0940762
Epoch: 074, LR: 0.001000, Loss: 0.0762943, Validation MAE: 3.9355705, Test MAE: 4.7865577, Test MAE norm: 0.0902643
Epoch: 077, LR: 0.001000, Loss: 0.0807145, Validation MAE: 3.8179274, Test MAE: 4.4827127, Test MAE norm: 0.0845344
Epoch: 079, LR: 0.001000, Loss: 0.0865528, Validation MAE: 3.6456232, Test MAE: 4.3981705, Test MAE norm: 0.0829401
Epoch: 089, LR: 0.001000, Loss: 0.0793337, Validation MAE: 4.6905375, Test MAE: 5.3128614, Test MAE norm: 0.1001893
Epoch: 090, LR: 0.001000, Loss: 0.0836529, Validation MAE: 3.6221998, Test MAE: 4.5339999, Test MAE norm: 0.0855016
Epoch: 100, LR: 0.001000, Loss: 0.0690877, Validation MAE: 3.6438279, Test MAE: 4.6492395, Test MAE norm: 0.0876748
Epoch: 102, LR: 0.000900, Loss: 0.0746297, Validation MAE: 3.4730489, Test MAE: 4.4828291, Test MAE norm: 0.0845366
Epoch: 106, LR: 0.000900, Loss: 0.0633461, Validation MAE: 3.2786684, Test MAE: 4.0968156, Test MAE norm: 0.0772572
Epoch: 107, LR: 0.000900, Loss: 0.0599712, Validation MAE: 3.2505724, Test MAE: 4.1297593, Test MAE norm: 0.0778785
Epoch: 111, LR: 0.000900, Loss: 0.0560906, Validation MAE: 3.1971200, Test MAE: 3.7967014, Test MAE norm: 0.0715977
Epoch: 115, LR: 0.000900, Loss: 0.0563316, Validation MAE: 3.1854608, Test MAE: 3.6047435, Test MAE norm: 0.0679778
Epoch: 120, LR: 0.000900, Loss: 0.0609376, Validation MAE: 3.1596971, Test MAE: 3.5918868, Test MAE norm: 0.0677353
Epoch: 130, LR: 0.000900, Loss: 0.0555829, Validation MAE: 3.6909585, Test MAE: 3.6196969, Test MAE norm: 0.0682598
Epoch: 131, LR: 0.000900, Loss: 0.0564194, Validation MAE: 3.3013120, Test MAE: 3.7269661, Test MAE norm: 0.0702827
Epoch: 141, LR: 0.000810, Loss: 0.0559196, Validation MAE: 3.6325691, Test MAE: 3.7089813, Test MAE norm: 0.0699435
Epoch: 142, LR: 0.000810, Loss: 0.0570661, Validation MAE: 3.3581781, Test MAE: 3.4989560, Test MAE norm: 0.0659829
Epoch: 145, LR: 0.000729, Loss: 0.0572132, Validation MAE: 3.2669921, Test MAE: 3.4130385, Test MAE norm: 0.0643626
Epoch: 155, LR: 0.000656, Loss: 0.0568712, Validation MAE: 3.0964556, Test MAE: 3.4340444, Test MAE norm: 0.0647588
Epoch: 163, LR: 0.000656, Loss: 0.0543109, Validation MAE: 3.0611811, Test MAE: 3.5303218, Test MAE norm: 0.0665744
Epoch: 173, LR: 0.000656, Loss: 0.0539829, Validation MAE: 3.5331724, Test MAE: 3.4693742, Test MAE norm: 0.0654250
Epoch: 175, LR: 0.000590, Loss: 0.0537557, Validation MAE: 3.1020982, Test MAE: 3.3526983, Test MAE norm: 0.0632248
Epoch: 184, LR: 0.000590, Loss: 0.0554716, Validation MAE: 3.0797868, Test MAE: 3.4836812, Test MAE norm: 0.0656948
Epoch: 188, LR: 0.000531, Loss: 0.0532363, Validation MAE: 3.0337362, Test MAE: 3.4072409, Test MAE norm: 0.0642533
Epoch: 198, LR: 0.000531, Loss: 0.0510162, Validation MAE: 3.4503312, Test MAE: 3.3738053, Test MAE norm: 0.0636228
Epoch: 199, LR: 0.000531, Loss: 0.0506644, Validation MAE: 3.2161798, Test MAE: 3.3683090, Test MAE norm: 0.0635191
Epoch: 205, LR: 0.000478, Loss: 0.0512776, Validation MAE: 3.1073985, Test MAE: 3.3095384, Test MAE norm: 0.0624109
Epoch: 215, LR: 0.000430, Loss: 0.0498903, Validation MAE: 3.0812356, Test MAE: 3.4019115, Test MAE norm: 0.0641528
Epoch: 222, LR: 0.000387, Loss: 0.0496248, Validation MAE: 3.0212734, Test MAE: 3.3642585, Test MAE norm: 0.0634428
Epoch: 226, LR: 0.000387, Loss: 0.0495268, Validation MAE: 3.0183866, Test MAE: 3.3710608, Test MAE norm: 0.0635710
Epoch: 236, LR: 0.000387, Loss: 0.0492509, Validation MAE: 3.4271958, Test MAE: 3.3557773, Test MAE norm: 0.0632828
Epoch: 237, LR: 0.000387, Loss: 0.0494936, Validation MAE: 3.2675343, Test MAE: 3.3291018, Test MAE norm: 0.0627798
Epoch: 238, LR: 0.000349, Loss: 0.0490450, Validation MAE: 3.1551929, Test MAE: 3.3055263, Test MAE norm: 0.0623352
Epoch: 241, LR: 0.000349, Loss: 0.0490092, Validation MAE: 3.0111322, Test MAE: 3.3357251, Test MAE norm: 0.0629047
Epoch: 251, LR: 0.000349, Loss: 0.0496745, Validation MAE: 3.2444797, Test MAE: 3.3699105, Test MAE norm: 0.0635493
Epoch: 252, LR: 0.000349, Loss: 0.0484048, Validation MAE: 3.0366440, Test MAE: 3.3501480, Test MAE norm: 0.0631767
Epoch: 258, LR: 0.000314, Loss: 0.0487023, Validation MAE: 3.0166564, Test MAE: 3.3102462, Test MAE norm: 0.0624242
Epoch: 262, LR: 0.000314, Loss: 0.0487289, Validation MAE: 2.9219494, Test MAE: 3.3135357, Test MAE norm: 0.0624862
Epoch: 266, LR: 0.000314, Loss: 0.0486532, Validation MAE: 2.8885291, Test MAE: 3.4173040, Test MAE norm: 0.0644431
Epoch: 276, LR: 0.000314, Loss: 0.0502605, Validation MAE: 3.3104475, Test MAE: 3.4849498, Test MAE norm: 0.0657187
Epoch: 278, LR: 0.000282, Loss: 0.0496024, Validation MAE: 3.1717041, Test MAE: 3.4534156, Test MAE norm: 0.0651241
Epoch: 279, LR: 0.000282, Loss: 0.0480836, Validation MAE: 2.9382243, Test MAE: 3.4509072, Test MAE norm: 0.0650768
Epoch: 289, LR: 0.000254, Loss: 0.0480283, Validation MAE: 3.3276482, Test MAE: 3.3490512, Test MAE norm: 0.0631560
Epoch: 290, LR: 0.000254, Loss: 0.0480826, Validation MAE: 3.1198430, Test MAE: 3.3232391, Test MAE norm: 0.0626692
Epoch: 294, LR: 0.000254, Loss: 0.0475618, Validation MAE: 3.0292547, Test MAE: 3.3364940, Test MAE norm: 0.0629192
Epoch: 304, LR: 0.000229, Loss: 0.0473237, Validation MAE: 3.2378042, Test MAE: 3.3758447, Test MAE norm: 0.0636612
Epoch: 305, LR: 0.000229, Loss: 0.0474492, Validation MAE: 3.1904917, Test MAE: 3.3661275, Test MAE norm: 0.0634780
Epoch: 307, LR: 0.000229, Loss: 0.0475607, Validation MAE: 3.1239173, Test MAE: 3.3630426, Test MAE norm: 0.0634198
Epoch: 308, LR: 0.000229, Loss: 0.0473631, Validation MAE: 3.1176174, Test MAE: 3.3612955, Test MAE norm: 0.0633869
Epoch: 312, LR: 0.000206, Loss: 0.0472136, Validation MAE: 3.0941401, Test MAE: 3.3468688, Test MAE norm: 0.0631148
Epoch: 320, LR: 0.000206, Loss: 0.0469919, Validation MAE: 3.0834289, Test MAE: 3.3556416, Test MAE norm: 0.0632803
Epoch: 323, LR: 0.000185, Loss: 0.0471367, Validation MAE: 3.0400960, Test MAE: 3.3538427, Test MAE norm: 0.0632463
Epoch: 327, LR: 0.000185, Loss: 0.0470415, Validation MAE: 2.9961035, Test MAE: 3.3466754, Test MAE norm: 0.0631112
Epoch: 332, LR: 0.000185, Loss: 0.0468940, Validation MAE: 2.9629090, Test MAE: 3.3707294, Test MAE norm: 0.0635648
Epoch: 342, LR: 0.000167, Loss: 0.0477614, Validation MAE: 2.9696817, Test MAE: 3.3778017, Test MAE norm: 0.0636982
Epoch: 352, LR: 0.000150, Loss: 0.0474036, Validation MAE: 3.1663435, Test MAE: 3.3604658, Test MAE norm: 0.0633712
Epoch: 353, LR: 0.000150, Loss: 0.0466249, Validation MAE: 3.1443238, Test MAE: 3.3476584, Test MAE norm: 0.0631297
Epoch: 357, LR: 0.000135, Loss: 0.0467368, Validation MAE: 3.0627515, Test MAE: 3.3474507, Test MAE norm: 0.0631258
Epoch: 366, LR: 0.000122, Loss: 0.0464798, Validation MAE: 3.0606351, Test MAE: 3.3706753, Test MAE norm: 0.0635638
Epoch: 370, LR: 0.000122, Loss: 0.0466376, Validation MAE: 3.0592284, Test MAE: 3.3655794, Test MAE norm: 0.0634677
Epoch: 378, LR: 0.000109, Loss: 0.0466314, Validation MAE: 3.0553868, Test MAE: 3.3649805, Test MAE norm: 0.0634564
Epoch: 388, LR: 0.000098, Loss: 0.0469692, Validation MAE: 3.1410580, Test MAE: 3.3701272, Test MAE norm: 0.0635534
Epoch: 391, LR: 0.000098, Loss: 0.0472110, Validation MAE: 3.1218019, Test MAE: 3.3753080, Test MAE norm: 0.0636511
Epoch: 392, LR: 0.000098, Loss: 0.0464775, Validation MAE: 3.0455709, Test MAE: 3.3634312, Test MAE norm: 0.0634272
Epoch: 402, LR: 0.000089, Loss: 0.0463786, Validation MAE: 3.2563648, Test MAE: 3.3901632, Test MAE norm: 0.0639313
Epoch: 403, LR: 0.000089, Loss: 0.0468520, Validation MAE: 3.2294173, Test MAE: 3.3843305, Test MAE norm: 0.0638213
Epoch: 404, LR: 0.000089, Loss: 0.0465279, Validation MAE: 3.1205456, Test MAE: 3.3679495, Test MAE norm: 0.0635124
Epoch: 405, LR: 0.000089, Loss: 0.0464408, Validation MAE: 3.0960746, Test MAE: 3.3604677, Test MAE norm: 0.0633713
Epoch: 409, LR: 0.000089, Loss: 0.0464825, Validation MAE: 3.0936780, Test MAE: 3.3547149, Test MAE norm: 0.0632628
Epoch: 419, LR: 0.000080, Loss: 0.0462047, Validation MAE: 3.1178951, Test MAE: 3.3673019, Test MAE norm: 0.0635002
Epoch: 420, LR: 0.000080, Loss: 0.0462332, Validation MAE: 3.0690544, Test MAE: 3.3607242, Test MAE norm: 0.0633761
Epoch: 430, LR: 0.000072, Loss: 0.0461464, Validation MAE: 3.1407592, Test MAE: 3.3743849, Test MAE norm: 0.0636337
Epoch: 432, LR: 0.000065, Loss: 0.0462938, Validation MAE: 3.0846426, Test MAE: 3.3656437, Test MAE norm: 0.0634689
Epoch: 442, LR: 0.000065, Loss: 0.0461223, Validation MAE: 3.0892777, Test MAE: 3.3595748, Test MAE norm: 0.0633544
Epoch: 452, LR: 0.000058, Loss: 0.0464039, Validation MAE: 3.1440976, Test MAE: 3.3689566, Test MAE norm: 0.0635314
Epoch: 455, LR: 0.000052, Loss: 0.0461341, Validation MAE: 3.1062446, Test MAE: 3.3657260, Test MAE norm: 0.0634704
Epoch: 456, LR: 0.000052, Loss: 0.0460272, Validation MAE: 3.0859823, Test MAE: 3.3616912, Test MAE norm: 0.0633943
Epoch: 465, LR: 0.000047, Loss: 0.0459704, Validation MAE: 3.0624795, Test MAE: 3.3656967, Test MAE norm: 0.0634699
Epoch: 475, LR: 0.000047, Loss: 0.0459495, Validation MAE: 3.1058571, Test MAE: 3.3682845, Test MAE norm: 0.0635187
Epoch: 476, LR: 0.000042, Loss: 0.0459313, Validation MAE: 3.0936382, Test MAE: 3.3666010, Test MAE norm: 0.0634869
Epoch: 479, LR: 0.000042, Loss: 0.0459553, Validation MAE: 3.0742424, Test MAE: 3.3615704, Test MAE norm: 0.0633921
Epoch: 489, LR: 0.000038, Loss: 0.0460326, Validation MAE: 3.0699348, Test MAE: 3.3561723, Test MAE norm: 0.0632903
Epoch: 499, LR: 0.000034, Loss: 0.0461511, Validation MAE: 3.0978799, Test MAE: 3.3559432, Test MAE norm: 0.0632859
Epoch: 503, LR: 0.000034, Loss: 0.0459590, Validation MAE: 3.0809026, Test MAE: 3.3547409, Test MAE norm: 0.0632633
Epoch: 513, LR: 0.000031, Loss: 0.0459587, Validation MAE: 3.0901570, Test MAE: 3.3621361, Test MAE norm: 0.0634027
Epoch: 514, LR: 0.000031, Loss: 0.0458613, Validation MAE: 3.0719519, Test MAE: 3.3589699, Test MAE norm: 0.0633430
Epoch: 524, LR: 0.000028, Loss: 0.0458692, Validation MAE: 3.0894611, Test MAE: 3.3594949, Test MAE norm: 0.0633529
Epoch: 529, LR: 0.000028, Loss: 0.0458759, Validation MAE: 3.0866044, Test MAE: 3.3593185, Test MAE norm: 0.0633496
Epoch: 539, LR: 0.000025, Loss: 0.0459927, Validation MAE: 3.1092339, Test MAE: 3.3587337, Test MAE norm: 0.0633386
Epoch: 540, LR: 0.000025, Loss: 0.0458659, Validation MAE: 3.0905898, Test MAE: 3.3531151, Test MAE norm: 0.0632326
Epoch: 548, LR: 0.000023, Loss: 0.0460073, Validation MAE: 3.0890369, Test MAE: 3.3564019, Test MAE norm: 0.0632946
Epoch: 553, LR: 0.000020, Loss: 0.0459447, Validation MAE: 3.0851934, Test MAE: 3.3606262, Test MAE norm: 0.0633743
Epoch: 554, LR: 0.000020, Loss: 0.0458491, Validation MAE: 3.0713148, Test MAE: 3.3553023, Test MAE norm: 0.0632739
Epoch: 564, LR: 0.000018, Loss: 0.0460298, Validation MAE: 3.1162922, Test MAE: 3.3638525, Test MAE norm: 0.0634351
Epoch: 567, LR: 0.000018, Loss: 0.0458873, Validation MAE: 3.1100056, Test MAE: 3.3640924, Test MAE norm: 0.0634396
Epoch: 568, LR: 0.000018, Loss: 0.0458002, Validation MAE: 3.0866165, Test MAE: 3.3597414, Test MAE norm: 0.0633576
Epoch: 569, LR: 0.000018, Loss: 0.0459237, Validation MAE: 3.0835857, Test MAE: 3.3598783, Test MAE norm: 0.0633602
Epoch: 574, LR: 0.000018, Loss: 0.0457837, Validation MAE: 3.0833471, Test MAE: 3.3601513, Test MAE norm: 0.0633653
Epoch: 584, LR: 0.000016, Loss: 0.0458368, Validation MAE: 3.1193619, Test MAE: 3.3651927, Test MAE norm: 0.0634604
Epoch: 586, LR: 0.000015, Loss: 0.0458362, Validation MAE: 3.1117561, Test MAE: 3.3636289, Test MAE norm: 0.0634309
Epoch: 587, LR: 0.000015, Loss: 0.0457760, Validation MAE: 3.0993643, Test MAE: 3.3617256, Test MAE norm: 0.0633950
Epoch: 588, LR: 0.000015, Loss: 0.0458112, Validation MAE: 3.0922732, Test MAE: 3.3602681, Test MAE norm: 0.0633675
Epoch: 589, LR: 0.000015, Loss: 0.0458299, Validation MAE: 3.0919104, Test MAE: 3.3604350, Test MAE norm: 0.0633707
Epoch: 595, LR: 0.000015, Loss: 0.0458188, Validation MAE: 3.0891314, Test MAE: 3.3610651, Test MAE norm: 0.0633825
Epoch: 605, LR: 0.000013, Loss: 0.0457801, Validation MAE: 3.1281717, Test MAE: 3.3641880, Test MAE norm: 0.0634414
Epoch: 607, LR: 0.000013, Loss: 0.0458062, Validation MAE: 3.1048470, Test MAE: 3.3620267, Test MAE norm: 0.0634007
Epoch: 608, LR: 0.000012, Loss: 0.0457770, Validation MAE: 3.0921996, Test MAE: 3.3584974, Test MAE norm: 0.0633341
Epoch: 609, LR: 0.000012, Loss: 0.0458271, Validation MAE: 3.0912402, Test MAE: 3.3595376, Test MAE norm: 0.0633537
Epoch: 616, LR: 0.000012, Loss: 0.0457995, Validation MAE: 3.0910332, Test MAE: 3.3603780, Test MAE norm: 0.0633696
Epoch: 626, LR: 0.000011, Loss: 0.0457585, Validation MAE: 3.0917504, Test MAE: 3.3609884, Test MAE norm: 0.0633811
Epoch: 627, LR: 0.000011, Loss: 0.0457538, Validation MAE: 3.0864372, Test MAE: 3.3597150, Test MAE norm: 0.0633571
Epoch: 637, LR: 0.000010, Loss: 0.0457477, Validation MAE: 3.1014414, Test MAE: 3.3606842, Test MAE norm: 0.0633754
Epoch: 647, LR: 0.000010, Loss: 0.0457415, Validation MAE: 3.1005507, Test MAE: 3.3614788, Test MAE norm: 0.0633903
Epoch: 648, LR: 0.000010, Loss: 0.0457413, Validation MAE: 3.0989819, Test MAE: 3.3604476, Test MAE norm: 0.0633709
Epoch: 649, LR: 0.000010, Loss: 0.0457481, Validation MAE: 3.0981991, Test MAE: 3.3613558, Test MAE norm: 0.0633880
Epoch: 650, LR: 0.000010, Loss: 0.0457423, Validation MAE: 3.0942738, Test MAE: 3.3605733, Test MAE norm: 0.0633733
Epoch: 651, LR: 0.000010, Loss: 0.0457368, Validation MAE: 3.0938013, Test MAE: 3.3598392, Test MAE norm: 0.0633594
Epoch: 653, LR: 0.000010, Loss: 0.0457538, Validation MAE: 3.0910525, Test MAE: 3.3593729, Test MAE norm: 0.0633506
Epoch: 654, LR: 0.000010, Loss: 0.0457413, Validation MAE: 3.0863316, Test MAE: 3.3585911, Test MAE norm: 0.0633359
Epoch: 655, LR: 0.000010, Loss: 0.0457805, Validation MAE: 3.0861394, Test MAE: 3.3585973, Test MAE norm: 0.0633360
Epoch: 665, LR: 0.000010, Loss: 0.0457347, Validation MAE: 3.1280222, Test MAE: 3.3616095, Test MAE norm: 0.0633928
Epoch: 666, LR: 0.000010, Loss: 0.0458037, Validation MAE: 3.1157949, Test MAE: 3.3595297, Test MAE norm: 0.0633536
Epoch: 667, LR: 0.000010, Loss: 0.0457319, Validation MAE: 3.1055133, Test MAE: 3.3583472, Test MAE norm: 0.0633313
Epoch: 668, LR: 0.000010, Loss: 0.0457597, Validation MAE: 3.0989850, Test MAE: 3.3568704, Test MAE norm: 0.0633034
Epoch: 669, LR: 0.000010, Loss: 0.0457609, Validation MAE: 3.0966251, Test MAE: 3.3571742, Test MAE norm: 0.0633092
Epoch: 670, LR: 0.000010, Loss: 0.0457617, Validation MAE: 3.0956073, Test MAE: 3.3565872, Test MAE norm: 0.0632981
Epoch: 676, LR: 0.000010, Loss: 0.0457217, Validation MAE: 3.0932069, Test MAE: 3.3578672, Test MAE norm: 0.0633222
Epoch: 679, LR: 0.000010, Loss: 0.0457492, Validation MAE: 3.0904355, Test MAE: 3.3576982, Test MAE norm: 0.0633190
Epoch: 680, LR: 0.000010, Loss: 0.0457482, Validation MAE: 3.0799754, Test MAE: 3.3558073, Test MAE norm: 0.0632834
Epoch: 690, LR: 0.000010, Loss: 0.0457040, Validation MAE: 3.1176767, Test MAE: 3.3607683, Test MAE norm: 0.0633769
Epoch: 691, LR: 0.000010, Loss: 0.0457236, Validation MAE: 3.1074083, Test MAE: 3.3595412, Test MAE norm: 0.0633538
Epoch: 692, LR: 0.000010, Loss: 0.0457374, Validation MAE: 3.1004698, Test MAE: 3.3566883, Test MAE norm: 0.0633000
Epoch: 693, LR: 0.000010, Loss: 0.0457549, Validation MAE: 3.0963645, Test MAE: 3.3576159, Test MAE norm: 0.0633175
Epoch: 694, LR: 0.000010, Loss: 0.0457486, Validation MAE: 3.0931230, Test MAE: 3.3578558, Test MAE norm: 0.0633220
Epoch: 704, LR: 0.000010, Loss: 0.0457111, Validation MAE: 3.1048844, Test MAE: 3.3601844, Test MAE norm: 0.0633659
Epoch: 705, LR: 0.000010, Loss: 0.0457361, Validation MAE: 3.0904808, Test MAE: 3.3585558, Test MAE norm: 0.0633352
Epoch: 706, LR: 0.000010, Loss: 0.0457275, Validation MAE: 3.0819485, Test MAE: 3.3575559, Test MAE norm: 0.0633164
Epoch: 707, LR: 0.000010, Loss: 0.0457458, Validation MAE: 3.0792701, Test MAE: 3.3562841, Test MAE norm: 0.0632924
Epoch: 717, LR: 0.000010, Loss: 0.0456965, Validation MAE: 3.0996413, Test MAE: 3.3607008, Test MAE norm: 0.0633757
Epoch: 718, LR: 0.000010, Loss: 0.0457051, Validation MAE: 3.0943556, Test MAE: 3.3590043, Test MAE norm: 0.0633437
Epoch: 719, LR: 0.000010, Loss: 0.0457200, Validation MAE: 3.0883434, Test MAE: 3.3600335, Test MAE norm: 0.0633631
Epoch: 729, LR: 0.000010, Loss: 0.0456943, Validation MAE: 3.1081488, Test MAE: 3.3629091, Test MAE norm: 0.0634173
Epoch: 730, LR: 0.000010, Loss: 0.0457099, Validation MAE: 3.0960522, Test MAE: 3.3612990, Test MAE norm: 0.0633869
Epoch: 731, LR: 0.000010, Loss: 0.0456975, Validation MAE: 3.0884054, Test MAE: 3.3600364, Test MAE norm: 0.0633631
Epoch: 732, LR: 0.000010, Loss: 0.0457352, Validation MAE: 3.0849001, Test MAE: 3.3587859, Test MAE norm: 0.0633396
Epoch: 742, LR: 0.000010, Loss: 0.0456872, Validation MAE: 3.1103902, Test MAE: 3.3622062, Test MAE norm: 0.0634041
Epoch: 743, LR: 0.000010, Loss: 0.0457488, Validation MAE: 3.0967286, Test MAE: 3.3613346, Test MAE norm: 0.0633876
Epoch: 744, LR: 0.000010, Loss: 0.0456981, Validation MAE: 3.0898521, Test MAE: 3.3603842, Test MAE norm: 0.0633697
Epoch: 745, LR: 0.000010, Loss: 0.0457228, Validation MAE: 3.0874388, Test MAE: 3.3590865, Test MAE norm: 0.0633452
Epoch: 755, LR: 0.000010, Loss: 0.0456933, Validation MAE: 3.1146550, Test MAE: 3.3627524, Test MAE norm: 0.0634144
Epoch: 756, LR: 0.000010, Loss: 0.0457391, Validation MAE: 3.1079216, Test MAE: 3.3616447, Test MAE norm: 0.0633935
Epoch: 757, LR: 0.000010, Loss: 0.0456879, Validation MAE: 3.0916753, Test MAE: 3.3592982, Test MAE norm: 0.0633492
Epoch: 758, LR: 0.000010, Loss: 0.0457083, Validation MAE: 3.0827544, Test MAE: 3.3582940, Test MAE norm: 0.0633303
Epoch: 768, LR: 0.000010, Loss: 0.0457069, Validation MAE: 3.0988066, Test MAE: 3.3623939, Test MAE norm: 0.0634076
Epoch: 772, LR: 0.000010, Loss: 0.0457020, Validation MAE: 3.0905275, Test MAE: 3.3590696, Test MAE norm: 0.0633449
Epoch: 774, LR: 0.000010, Loss: 0.0457025, Validation MAE: 3.0900049, Test MAE: 3.3608770, Test MAE norm: 0.0633790
Epoch: 779, LR: 0.000010, Loss: 0.0456841, Validation MAE: 3.0881898, Test MAE: 3.3610134, Test MAE norm: 0.0633816
Epoch: 780, LR: 0.000010, Loss: 0.0457038, Validation MAE: 3.0813787, Test MAE: 3.3592994, Test MAE norm: 0.0633492
Epoch: 781, LR: 0.000010, Loss: 0.0457105, Validation MAE: 3.0793068, Test MAE: 3.3582287, Test MAE norm: 0.0633290
Epoch: 791, LR: 0.000010, Loss: 0.0456968, Validation MAE: 3.1057558, Test MAE: 3.3618245, Test MAE norm: 0.0633969
Epoch: 793, LR: 0.000010, Loss: 0.0457076, Validation MAE: 3.0982692, Test MAE: 3.3608212, Test MAE norm: 0.0633779
Epoch: 794, LR: 0.000010, Loss: 0.0456888, Validation MAE: 3.0921011, Test MAE: 3.3597770, Test MAE norm: 0.0633582
Epoch: 795, LR: 0.000010, Loss: 0.0456794, Validation MAE: 3.0872195, Test MAE: 3.3587096, Test MAE norm: 0.0633381
Epoch: 796, LR: 0.000010, Loss: 0.0456826, Validation MAE: 3.0865848, Test MAE: 3.3590546, Test MAE norm: 0.0633446
Epoch: 806, LR: 0.000010, Loss: 0.0457133, Validation MAE: 3.0864513, Test MAE: 3.3610814, Test MAE norm: 0.0633828
Epoch: 807, LR: 0.000010, Loss: 0.0456534, Validation MAE: 3.0821519, Test MAE: 3.3601820, Test MAE norm: 0.0633659
Epoch: 808, LR: 0.000010, Loss: 0.0456690, Validation MAE: 3.0812075, Test MAE: 3.3596644, Test MAE norm: 0.0633561
Epoch: 818, LR: 0.000010, Loss: 0.0456590, Validation MAE: 3.0909169, Test MAE: 3.3600340, Test MAE norm: 0.0633631
Epoch: 819, LR: 0.000010, Loss: 0.0456523, Validation MAE: 3.0836332, Test MAE: 3.3583493, Test MAE norm: 0.0633313
Epoch: 820, LR: 0.000010, Loss: 0.0456858, Validation MAE: 3.0814152, Test MAE: 3.3569131, Test MAE norm: 0.0633042
Epoch: 830, LR: 0.000010, Loss: 0.0456511, Validation MAE: 3.1018019, Test MAE: 3.3609421, Test MAE norm: 0.0633802
Epoch: 831, LR: 0.000010, Loss: 0.0456431, Validation MAE: 3.0978811, Test MAE: 3.3597894, Test MAE norm: 0.0633585
Epoch: 832, LR: 0.000010, Loss: 0.0456460, Validation MAE: 3.0968926, Test MAE: 3.3599086, Test MAE norm: 0.0633607
Epoch: 833, LR: 0.000010, Loss: 0.0456504, Validation MAE: 3.0912092, Test MAE: 3.3587656, Test MAE norm: 0.0633392
Epoch: 834, LR: 0.000010, Loss: 0.0456364, Validation MAE: 3.0891225, Test MAE: 3.3590624, Test MAE norm: 0.0633448
Epoch: 837, LR: 0.000010, Loss: 0.0456796, Validation MAE: 3.0858095, Test MAE: 3.3578711, Test MAE norm: 0.0633223
Epoch: 838, LR: 0.000010, Loss: 0.0456559, Validation MAE: 3.0793931, Test MAE: 3.3564007, Test MAE norm: 0.0632946
Epoch: 848, LR: 0.000010, Loss: 0.0456366, Validation MAE: 3.1058757, Test MAE: 3.3617060, Test MAE norm: 0.0633946
Epoch: 850, LR: 0.000010, Loss: 0.0457026, Validation MAE: 3.0990076, Test MAE: 3.3602788, Test MAE norm: 0.0633677
Epoch: 851, LR: 0.000010, Loss: 0.0456269, Validation MAE: 3.0916128, Test MAE: 3.3595314, Test MAE norm: 0.0633536
Epoch: 852, LR: 0.000010, Loss: 0.0456369, Validation MAE: 3.0870943, Test MAE: 3.3577466, Test MAE norm: 0.0633200
Epoch: 853, LR: 0.000010, Loss: 0.0456324, Validation MAE: 3.0859818, Test MAE: 3.3586211, Test MAE norm: 0.0633364
Epoch: 859, LR: 0.000010, Loss: 0.0456253, Validation MAE: 3.0859165, Test MAE: 3.3588552, Test MAE norm: 0.0633409
Epoch: 864, LR: 0.000010, Loss: 0.0456063, Validation MAE: 3.0851080, Test MAE: 3.3588727, Test MAE norm: 0.0633412
Epoch: 865, LR: 0.000010, Loss: 0.0456351, Validation MAE: 3.0847411, Test MAE: 3.3591449, Test MAE norm: 0.0633463
Epoch: 875, LR: 0.000010, Loss: 0.0456115, Validation MAE: 3.1023171, Test MAE: 3.3603809, Test MAE norm: 0.0633696
Epoch: 876, LR: 0.000010, Loss: 0.0456477, Validation MAE: 3.0935144, Test MAE: 3.3594623, Test MAE norm: 0.0633523
Epoch: 877, LR: 0.000010, Loss: 0.0456131, Validation MAE: 3.0884712, Test MAE: 3.3598068, Test MAE norm: 0.0633588
Epoch: 878, LR: 0.000010, Loss: 0.0456264, Validation MAE: 3.0852108, Test MAE: 3.3581564, Test MAE norm: 0.0633277
Epoch: 884, LR: 0.000010, Loss: 0.0456368, Validation MAE: 3.0842226, Test MAE: 3.3580530, Test MAE norm: 0.0633257
Epoch: 892, LR: 0.000010, Loss: 0.0456272, Validation MAE: 3.0813999, Test MAE: 3.3572216, Test MAE norm: 0.0633101
Epoch: 893, LR: 0.000010, Loss: 0.0456401, Validation MAE: 3.0793033, Test MAE: 3.3563893, Test MAE norm: 0.0632944
Epoch: 901, LR: 0.000010, Loss: 0.0456475, Validation MAE: 3.0743215, Test MAE: 3.3533263, Test MAE norm: 0.0632366
Epoch: 911, LR: 0.000010, Loss: 0.0456998, Validation MAE: 3.0961905, Test MAE: 3.3604188, Test MAE norm: 0.0633703
Epoch: 915, LR: 0.000010, Loss: 0.0456179, Validation MAE: 3.0881622, Test MAE: 3.3619497, Test MAE norm: 0.0633992
Epoch: 916, LR: 0.000010, Loss: 0.0456080, Validation MAE: 3.0750270, Test MAE: 3.3592365, Test MAE norm: 0.0633481
Epoch: 917, LR: 0.000010, Loss: 0.0456435, Validation MAE: 3.0663762, Test MAE: 3.3564472, Test MAE norm: 0.0632955
Epoch: 927, LR: 0.000010, Loss: 0.0456342, Validation MAE: 3.1025548, Test MAE: 3.3621879, Test MAE norm: 0.0634037
Epoch: 930, LR: 0.000010, Loss: 0.0456106, Validation MAE: 3.1002343, Test MAE: 3.3611319, Test MAE norm: 0.0633838
Epoch: 931, LR: 0.000010, Loss: 0.0455857, Validation MAE: 3.0958428, Test MAE: 3.3618474, Test MAE norm: 0.0633973
Epoch: 932, LR: 0.000010, Loss: 0.0455923, Validation MAE: 3.0934556, Test MAE: 3.3603866, Test MAE norm: 0.0633697
Epoch: 934, LR: 0.000010, Loss: 0.0455868, Validation MAE: 3.0783360, Test MAE: 3.3575487, Test MAE norm: 0.0633162
Epoch: 935, LR: 0.000010, Loss: 0.0456089, Validation MAE: 3.0686507, Test MAE: 3.3558419, Test MAE norm: 0.0632840
Epoch: 945, LR: 0.000010, Loss: 0.0455972, Validation MAE: 3.1030996, Test MAE: 3.3610597, Test MAE norm: 0.0633824
Epoch: 947, LR: 0.000010, Loss: 0.0456397, Validation MAE: 3.0923150, Test MAE: 3.3594911, Test MAE norm: 0.0633529
Epoch: 948, LR: 0.000010, Loss: 0.0455713, Validation MAE: 3.0848875, Test MAE: 3.3578961, Test MAE norm: 0.0633228
Epoch: 949, LR: 0.000010, Loss: 0.0455895, Validation MAE: 3.0783057, Test MAE: 3.3562884, Test MAE norm: 0.0632925
Epoch: 950, LR: 0.000010, Loss: 0.0456117, Validation MAE: 3.0780189, Test MAE: 3.3564239, Test MAE norm: 0.0632950
Epoch: 960, LR: 0.000010, Loss: 0.0455791, Validation MAE: 3.0813389, Test MAE: 3.3576653, Test MAE norm: 0.0633184
Epoch: 961, LR: 0.000010, Loss: 0.0455908, Validation MAE: 3.0804055, Test MAE: 3.3575392, Test MAE norm: 0.0633160
Epoch: 971, LR: 0.000010, Loss: 0.0455953, Validation MAE: 3.0998487, Test MAE: 3.3622420, Test MAE norm: 0.0634047
Epoch: 973, LR: 0.000010, Loss: 0.0456579, Validation MAE: 3.0980699, Test MAE: 3.3621635, Test MAE norm: 0.0634032
Epoch: 974, LR: 0.000010, Loss: 0.0455720, Validation MAE: 3.0719309, Test MAE: 3.3582082, Test MAE norm: 0.0633287
Epoch: 975, LR: 0.000010, Loss: 0.0456225, Validation MAE: 3.0694225, Test MAE: 3.3549621, Test MAE norm: 0.0632674
Epoch: 985, LR: 0.000010, Loss: 0.0455834, Validation MAE: 3.1135480, Test MAE: 3.3627632, Test MAE norm: 0.0634146
Epoch: 986, LR: 0.000010, Loss: 0.0455923, Validation MAE: 3.1051826, Test MAE: 3.3630428, Test MAE norm: 0.0634198
Epoch: 987, LR: 0.000010, Loss: 0.0455613, Validation MAE: 3.0956662, Test MAE: 3.3629031, Test MAE norm: 0.0634172
Epoch: 988, LR: 0.000010, Loss: 0.0455536, Validation MAE: 3.0901980, Test MAE: 3.3611403, Test MAE norm: 0.0633840
Epoch: 989, LR: 0.000010, Loss: 0.0455577, Validation MAE: 3.0856726, Test MAE: 3.3608205, Test MAE norm: 0.0633779
Epoch: 991, LR: 0.000010, Loss: 0.0456184, Validation MAE: 3.0738955, Test MAE: 3.3601940, Test MAE norm: 0.0633661
Epoch: 992, LR: 0.000010, Loss: 0.0455828, Validation MAE: 3.0643799, Test MAE: 3.3574374, Test MAE norm: 0.0633141
Epoch: 1002, LR: 0.000010, Loss: 0.0455622, Validation MAE: 3.0939267, Test MAE: 3.3587077, Test MAE norm: 0.0633381
Epoch: 1003, LR: 0.000010, Loss: 0.0455682, Validation MAE: 3.0893242, Test MAE: 3.3576136, Test MAE norm: 0.0633174
Epoch: 1007, LR: 0.000010, Loss: 0.0455901, Validation MAE: 3.0846710, Test MAE: 3.3568687, Test MAE norm: 0.0633034
Epoch: 1008, LR: 0.000010, Loss: 0.0455550, Validation MAE: 3.0773547, Test MAE: 3.3556974, Test MAE norm: 0.0632813
Epoch: 1009, LR: 0.000010, Loss: 0.0455754, Validation MAE: 3.0733895, Test MAE: 3.3552158, Test MAE norm: 0.0632722
Epoch: 1019, LR: 0.000010, Loss: 0.0455919, Validation MAE: 3.0831981, Test MAE: 3.3564129, Test MAE norm: 0.0632948
Epoch: 1020, LR: 0.000010, Loss: 0.0455420, Validation MAE: 3.0775199, Test MAE: 3.3539038, Test MAE norm: 0.0632475
Epoch: 1030, LR: 0.000010, Loss: 0.0455547, Validation MAE: 3.0899458, Test MAE: 3.3588815, Test MAE norm: 0.0633414
Epoch: 1032, LR: 0.000010, Loss: 0.0455834, Validation MAE: 3.0861208, Test MAE: 3.3571928, Test MAE norm: 0.0633095
Epoch: 1033, LR: 0.000010, Loss: 0.0455341, Validation MAE: 3.0805237, Test MAE: 3.3558116, Test MAE norm: 0.0632835
Epoch: 1034, LR: 0.000010, Loss: 0.0455404, Validation MAE: 3.0752435, Test MAE: 3.3560095, Test MAE norm: 0.0632872
Epoch: 1044, LR: 0.000010, Loss: 0.0455302, Validation MAE: 3.0902779, Test MAE: 3.3578053, Test MAE norm: 0.0633211
Epoch: 1045, LR: 0.000010, Loss: 0.0455192, Validation MAE: 3.0896950, Test MAE: 3.3576002, Test MAE norm: 0.0633172
Epoch: 1046, LR: 0.000010, Loss: 0.0455183, Validation MAE: 3.0807207, Test MAE: 3.3567924, Test MAE norm: 0.0633020
Epoch: 1047, LR: 0.000010, Loss: 0.0455392, Validation MAE: 3.0770020, Test MAE: 3.3562787, Test MAE norm: 0.0632923
Epoch: 1057, LR: 0.000010, Loss: 0.0455185, Validation MAE: 3.0983443, Test MAE: 3.3603168, Test MAE norm: 0.0633684
Epoch: 1059, LR: 0.000010, Loss: 0.0455878, Validation MAE: 3.0917320, Test MAE: 3.3599727, Test MAE norm: 0.0633619
Epoch: 1060, LR: 0.000010, Loss: 0.0455092, Validation MAE: 3.0832152, Test MAE: 3.3586080, Test MAE norm: 0.0633362
Epoch: 1061, LR: 0.000010, Loss: 0.0455246, Validation MAE: 3.0778110, Test MAE: 3.3576243, Test MAE norm: 0.0633176
Epoch: 1062, LR: 0.000010, Loss: 0.0455381, Validation MAE: 3.0763080, Test MAE: 3.3575566, Test MAE norm: 0.0633164
Epoch: 1066, LR: 0.000010, Loss: 0.0455088, Validation MAE: 3.0748954, Test MAE: 3.3572998, Test MAE norm: 0.0633115
Epoch: 1076, LR: 0.000010, Loss: 0.0455269, Validation MAE: 3.0915558, Test MAE: 3.3584547, Test MAE norm: 0.0633333
Epoch: 1078, LR: 0.000010, Loss: 0.0455452, Validation MAE: 3.0884631, Test MAE: 3.3596506, Test MAE norm: 0.0633559
Epoch: 1079, LR: 0.000010, Loss: 0.0455184, Validation MAE: 3.0795798, Test MAE: 3.3564320, Test MAE norm: 0.0632952
Epoch: 1080, LR: 0.000010, Loss: 0.0455171, Validation MAE: 3.0788765, Test MAE: 3.3569217, Test MAE norm: 0.0633044
Epoch: 1085, LR: 0.000010, Loss: 0.0455026, Validation MAE: 3.0778234, Test MAE: 3.3565037, Test MAE norm: 0.0632965
Epoch: 1086, LR: 0.000010, Loss: 0.0455395, Validation MAE: 3.0748343, Test MAE: 3.3562086, Test MAE norm: 0.0632910
Epoch: 1091, LR: 0.000010, Loss: 0.0455068, Validation MAE: 3.0732536, Test MAE: 3.3553023, Test MAE norm: 0.0632739
Epoch: 1092, LR: 0.000010, Loss: 0.0455143, Validation MAE: 3.0712383, Test MAE: 3.3557546, Test MAE norm: 0.0632824
Epoch: 1102, LR: 0.000010, Loss: 0.0454847, Validation MAE: 3.0919487, Test MAE: 3.3580956, Test MAE norm: 0.0633265
Epoch: 1103, LR: 0.000010, Loss: 0.0455602, Validation MAE: 3.0783646, Test MAE: 3.3559837, Test MAE norm: 0.0632867
Epoch: 1104, LR: 0.000010, Loss: 0.0454877, Validation MAE: 3.0725892, Test MAE: 3.3548772, Test MAE norm: 0.0632658
Epoch: 1114, LR: 0.000010, Loss: 0.0454805, Validation MAE: 3.0966992, Test MAE: 3.3565092, Test MAE norm: 0.0632966
Epoch: 1115, LR: 0.000010, Loss: 0.0455288, Validation MAE: 3.0822520, Test MAE: 3.3536813, Test MAE norm: 0.0632433
Epoch: 1116, LR: 0.000010, Loss: 0.0454810, Validation MAE: 3.0751731, Test MAE: 3.3543019, Test MAE norm: 0.0632550
Epoch: 1117, LR: 0.000010, Loss: 0.0455009, Validation MAE: 3.0708988, Test MAE: 3.3532493, Test MAE norm: 0.0632351
Epoch: 1123, LR: 0.000010, Loss: 0.0455109, Validation MAE: 3.0680273, Test MAE: 3.3511183, Test MAE norm: 0.0631950
Epoch: 1133, LR: 0.000010, Loss: 0.0454769, Validation MAE: 3.0765154, Test MAE: 3.3577764, Test MAE norm: 0.0633205
Epoch: 1134, LR: 0.000010, Loss: 0.0454684, Validation MAE: 3.0715210, Test MAE: 3.3558187, Test MAE norm: 0.0632836
Epoch: 1138, LR: 0.000010, Loss: 0.0454872, Validation MAE: 3.0681212, Test MAE: 3.3535960, Test MAE norm: 0.0632417
Epoch: 1139, LR: 0.000010, Loss: 0.0455005, Validation MAE: 3.0660989, Test MAE: 3.3527603, Test MAE norm: 0.0632259
Epoch: 1149, LR: 0.000010, Loss: 0.0454724, Validation MAE: 3.0953178, Test MAE: 3.3557496, Test MAE norm: 0.0632823
Epoch: 1150, LR: 0.000010, Loss: 0.0455358, Validation MAE: 3.0791786, Test MAE: 3.3541300, Test MAE norm: 0.0632518
Epoch: 1151, LR: 0.000010, Loss: 0.0454391, Validation MAE: 3.0623534, Test MAE: 3.3505886, Test MAE norm: 0.0631850
Epoch: 1152, LR: 0.000010, Loss: 0.0455242, Validation MAE: 3.0615458, Test MAE: 3.3500481, Test MAE norm: 0.0631748
Epoch: 1162, LR: 0.000010, Loss: 0.0454579, Validation MAE: 3.0953422, Test MAE: 3.3578205, Test MAE norm: 0.0633214
Epoch: 1163, LR: 0.000010, Loss: 0.0454542, Validation MAE: 3.0813649, Test MAE: 3.3550048, Test MAE norm: 0.0632683
Epoch: 1164, LR: 0.000010, Loss: 0.0454502, Validation MAE: 3.0753024, Test MAE: 3.3551197, Test MAE norm: 0.0632704
Epoch: 1165, LR: 0.000010, Loss: 0.0454476, Validation MAE: 3.0701005, Test MAE: 3.3547716, Test MAE norm: 0.0632639
Epoch: 1166, LR: 0.000010, Loss: 0.0454519, Validation MAE: 3.0642116, Test MAE: 3.3537555, Test MAE norm: 0.0632447
Epoch: 1168, LR: 0.000010, Loss: 0.0454842, Validation MAE: 3.0640485, Test MAE: 3.3522379, Test MAE norm: 0.0632161
Epoch: 1178, LR: 0.000010, Loss: 0.0454975, Validation MAE: 3.0913072, Test MAE: 3.3512352, Test MAE norm: 0.0631972
Epoch: 1180, LR: 0.000010, Loss: 0.0455074, Validation MAE: 3.0851593, Test MAE: 3.3519361, Test MAE norm: 0.0632104
Epoch: 1181, LR: 0.000010, Loss: 0.0454376, Validation MAE: 3.0640588, Test MAE: 3.3472590, Test MAE norm: 0.0631222
Epoch: 1182, LR: 0.000010, Loss: 0.0454906, Validation MAE: 3.0574415, Test MAE: 3.3465202, Test MAE norm: 0.0631083
Epoch: 1192, LR: 0.000010, Loss: 0.0454395, Validation MAE: 3.0587494, Test MAE: 3.3494139, Test MAE norm: 0.0631628
Epoch: 1202, LR: 0.000010, Loss: 0.0454481, Validation MAE: 3.0815086, Test MAE: 3.3550041, Test MAE norm: 0.0632682
Epoch: 1204, LR: 0.000010, Loss: 0.0454185, Validation MAE: 3.0794363, Test MAE: 3.3551643, Test MAE norm: 0.0632713
Epoch: 1205, LR: 0.000010, Loss: 0.0454195, Validation MAE: 3.0783911, Test MAE: 3.3550940, Test MAE norm: 0.0632699
Epoch: 1206, LR: 0.000010, Loss: 0.0454160, Validation MAE: 3.0663228, Test MAE: 3.3533659, Test MAE norm: 0.0632373
Epoch: 1207, LR: 0.000010, Loss: 0.0454527, Validation MAE: 3.0655954, Test MAE: 3.3524632, Test MAE norm: 0.0632203
Epoch: 1217, LR: 0.000010, Loss: 0.0454386, Validation MAE: 3.0810592, Test MAE: 3.3548117, Test MAE norm: 0.0632646
Epoch: 1218, LR: 0.000010, Loss: 0.0454284, Validation MAE: 3.0689485, Test MAE: 3.3518705, Test MAE norm: 0.0632091
Epoch: 1219, LR: 0.000010, Loss: 0.0454444, Validation MAE: 3.0624902, Test MAE: 3.3516901, Test MAE norm: 0.0632057
Epoch: 1229, LR: 0.000010, Loss: 0.0454131, Validation MAE: 3.0785172, Test MAE: 3.3558898, Test MAE norm: 0.0632849
Epoch: 1230, LR: 0.000010, Loss: 0.0454411, Validation MAE: 3.0720811, Test MAE: 3.3539352, Test MAE norm: 0.0632481
Epoch: 1231, LR: 0.000010, Loss: 0.0454178, Validation MAE: 3.0660119, Test MAE: 3.3534248, Test MAE norm: 0.0632385
Epoch: 1241, LR: 0.000010, Loss: 0.0454087, Validation MAE: 3.1010573, Test MAE: 3.3585219, Test MAE norm: 0.0633346
Epoch: 1242, LR: 0.000010, Loss: 0.0455148, Validation MAE: 3.0834301, Test MAE: 3.3556979, Test MAE norm: 0.0632813
Epoch: 1243, LR: 0.000010, Loss: 0.0454160, Validation MAE: 3.0624480, Test MAE: 3.3522747, Test MAE norm: 0.0632168
Epoch: 1244, LR: 0.000010, Loss: 0.0454327, Validation MAE: 3.0553894, Test MAE: 3.3507247, Test MAE norm: 0.0631875
Epoch: 1254, LR: 0.000010, Loss: 0.0454338, Validation MAE: 3.1148121, Test MAE: 3.3591809, Test MAE norm: 0.0633470
Epoch: 1255, LR: 0.000010, Loss: 0.0455470, Validation MAE: 3.1059065, Test MAE: 3.3581824, Test MAE norm: 0.0633282
Epoch: 1256, LR: 0.000010, Loss: 0.0455003, Validation MAE: 3.0774522, Test MAE: 3.3537524, Test MAE norm: 0.0632446
Epoch: 1257, LR: 0.000010, Loss: 0.0454018, Validation MAE: 3.0593877, Test MAE: 3.3497121, Test MAE norm: 0.0631684
Epoch: 1267, LR: 0.000010, Loss: 0.0454140, Validation MAE: 3.1181207, Test MAE: 3.3609698, Test MAE norm: 0.0633807
Epoch: 1268, LR: 0.000010, Loss: 0.0455430, Validation MAE: 3.1152015, Test MAE: 3.3608971, Test MAE norm: 0.0633794
Epoch: 1269, LR: 0.000010, Loss: 0.0455316, Validation MAE: 3.0929863, Test MAE: 3.3568337, Test MAE norm: 0.0633027
Epoch: 1270, LR: 0.000010, Loss: 0.0454176, Validation MAE: 3.0718782, Test MAE: 3.3528922, Test MAE norm: 0.0632284
Epoch: 1271, LR: 0.000010, Loss: 0.0454453, Validation MAE: 3.0631616, Test MAE: 3.3504202, Test MAE norm: 0.0631818
Epoch: 1276, LR: 0.000010, Loss: 0.0453995, Validation MAE: 3.0564485, Test MAE: 3.3524401, Test MAE norm: 0.0632199
Epoch: 1286, LR: 0.000010, Loss: 0.0454636, Validation MAE: 3.0920258, Test MAE: 3.3557918, Test MAE norm: 0.0632831
Epoch: 1289, LR: 0.000010, Loss: 0.0455113, Validation MAE: 3.0637550, Test MAE: 3.3518946, Test MAE norm: 0.0632096
Epoch: 1290, LR: 0.000010, Loss: 0.0454091, Validation MAE: 3.0489604, Test MAE: 3.3494060, Test MAE norm: 0.0631627
Epoch: 1300, LR: 0.000010, Loss: 0.0454311, Validation MAE: 3.0962124, Test MAE: 3.3569894, Test MAE norm: 0.0633057
Epoch: 1301, LR: 0.000010, Loss: 0.0453927, Validation MAE: 3.0828614, Test MAE: 3.3540835, Test MAE norm: 0.0632509
Epoch: 1302, LR: 0.000010, Loss: 0.0453854, Validation MAE: 3.0736692, Test MAE: 3.3529108, Test MAE norm: 0.0632288
Epoch: 1303, LR: 0.000010, Loss: 0.0453788, Validation MAE: 3.0678909, Test MAE: 3.3522625, Test MAE norm: 0.0632165
Epoch: 1304, LR: 0.000010, Loss: 0.0453657, Validation MAE: 3.0678620, Test MAE: 3.3547547, Test MAE norm: 0.0632635
Epoch: 1305, LR: 0.000010, Loss: 0.0453825, Validation MAE: 3.0656989, Test MAE: 3.3536928, Test MAE norm: 0.0632435
Epoch: 1306, LR: 0.000010, Loss: 0.0453812, Validation MAE: 3.0622916, Test MAE: 3.3526907, Test MAE norm: 0.0632246
Epoch: 1316, LR: 0.000010, Loss: 0.0454122, Validation MAE: 3.0823298, Test MAE: 3.3530221, Test MAE norm: 0.0632309
Epoch: 1317, LR: 0.000010, Loss: 0.0453589, Validation MAE: 3.0738528, Test MAE: 3.3513861, Test MAE norm: 0.0632000
Epoch: 1318, LR: 0.000010, Loss: 0.0453767, Validation MAE: 3.0668705, Test MAE: 3.3508937, Test MAE norm: 0.0631907
Epoch: 1328, LR: 0.000010, Loss: 0.0453706, Validation MAE: 3.0794525, Test MAE: 3.3549044, Test MAE norm: 0.0632664
Epoch: 1329, LR: 0.000010, Loss: 0.0453633, Validation MAE: 3.0700433, Test MAE: 3.3527777, Test MAE norm: 0.0632263
Epoch: 1330, LR: 0.000010, Loss: 0.0453483, Validation MAE: 3.0658326, Test MAE: 3.3520191, Test MAE norm: 0.0632119
Epoch: 1337, LR: 0.000010, Loss: 0.0453860, Validation MAE: 3.0654347, Test MAE: 3.3526812, Test MAE norm: 0.0632244
Epoch: 1345, LR: 0.000010, Loss: 0.0453658, Validation MAE: 3.0640481, Test MAE: 3.3537228, Test MAE norm: 0.0632441
Epoch: 1355, LR: 0.000010, Loss: 0.0453434, Validation MAE: 3.0766230, Test MAE: 3.3531392, Test MAE norm: 0.0632331
Epoch: 1358, LR: 0.000010, Loss: 0.0453523, Validation MAE: 3.0704992, Test MAE: 3.3520072, Test MAE norm: 0.0632117
Epoch: 1359, LR: 0.000010, Loss: 0.0453419, Validation MAE: 3.0654216, Test MAE: 3.3518164, Test MAE norm: 0.0632081
Epoch: 1362, LR: 0.000010, Loss: 0.0453753, Validation MAE: 3.0622690, Test MAE: 3.3496556, Test MAE norm: 0.0631674
Epoch: 1363, LR: 0.000010, Loss: 0.0453351, Validation MAE: 3.0608499, Test MAE: 3.3498559, Test MAE norm: 0.0631712
Epoch: 1373, LR: 0.000010, Loss: 0.0453397, Validation MAE: 3.0872648, Test MAE: 3.3545575, Test MAE norm: 0.0632598
Epoch: 1374, LR: 0.000010, Loss: 0.0454055, Validation MAE: 3.0737343, Test MAE: 3.3535762, Test MAE norm: 0.0632413
Epoch: 1375, LR: 0.000010, Loss: 0.0453241, Validation MAE: 3.0500000, Test MAE: 3.3474839, Test MAE norm: 0.0631264
Epoch: 1385, LR: 0.000010, Loss: 0.0455295, Validation MAE: 3.0987291, Test MAE: 3.3523400, Test MAE norm: 0.0632180
Epoch: 1389, LR: 0.000010, Loss: 0.0454400, Validation MAE: 3.0724158, Test MAE: 3.3522205, Test MAE norm: 0.0632157
Epoch: 1390, LR: 0.000010, Loss: 0.0453502, Validation MAE: 3.0547063, Test MAE: 3.3478615, Test MAE norm: 0.0631335
Epoch: 1400, LR: 0.000010, Loss: 0.0453320, Validation MAE: 3.0848272, Test MAE: 3.3560023, Test MAE norm: 0.0632871
Epoch: 1401, LR: 0.000010, Loss: 0.0453366, Validation MAE: 3.0710735, Test MAE: 3.3538432, Test MAE norm: 0.0632463
Epoch: 1402, LR: 0.000010, Loss: 0.0453206, Validation MAE: 3.0595014, Test MAE: 3.3522837, Test MAE norm: 0.0632169
Epoch: 1403, LR: 0.000010, Loss: 0.0453456, Validation MAE: 3.0575211, Test MAE: 3.3507185, Test MAE norm: 0.0631874
Epoch: 1413, LR: 0.000010, Loss: 0.0453117, Validation MAE: 3.0593863, Test MAE: 3.3473251, Test MAE norm: 0.0631234
Epoch: 1414, LR: 0.000010, Loss: 0.0453316, Validation MAE: 3.0586400, Test MAE: 3.3469200, Test MAE norm: 0.0631158
Epoch: 1424, LR: 0.000010, Loss: 0.0453114, Validation MAE: 3.0601611, Test MAE: 3.3482504, Test MAE norm: 0.0631409
Epoch: 1434, LR: 0.000010, Loss: 0.0453805, Validation MAE: 3.0685654, Test MAE: 3.3530550, Test MAE norm: 0.0632315
Epoch: 1435, LR: 0.000010, Loss: 0.0452910, Validation MAE: 3.0568833, Test MAE: 3.3499732, Test MAE norm: 0.0631734
Epoch: 1445, LR: 0.000010, Loss: 0.0452920, Validation MAE: 3.0653667, Test MAE: 3.3532932, Test MAE norm: 0.0632360
Epoch: 1447, LR: 0.000010, Loss: 0.0452759, Validation MAE: 3.0630896, Test MAE: 3.3516078, Test MAE norm: 0.0632042
Epoch: 1457, LR: 0.000010, Loss: 0.0452701, Validation MAE: 3.0580482, Test MAE: 3.3486209, Test MAE norm: 0.0631479
Epoch: 1458, LR: 0.000010, Loss: 0.0453002, Validation MAE: 3.0544746, Test MAE: 3.3484921, Test MAE norm: 0.0631454
Epoch: 1468, LR: 0.000010, Loss: 0.0452692, Validation MAE: 3.0585973, Test MAE: 3.3507831, Test MAE norm: 0.0631886
Epoch: 1469, LR: 0.000010, Loss: 0.0452922, Validation MAE: 3.0548270, Test MAE: 3.3482571, Test MAE norm: 0.0631410
Epoch: 1478, LR: 0.000010, Loss: 0.0453104, Validation MAE: 3.0525839, Test MAE: 3.3491685, Test MAE norm: 0.0631582
Epoch: 1479, LR: 0.000010, Loss: 0.0453005, Validation MAE: 3.0506990, Test MAE: 3.3495450, Test MAE norm: 0.0631653
Epoch: 1489, LR: 0.000010, Loss: 0.0452769, Validation MAE: 3.0514960, Test MAE: 3.3494079, Test MAE norm: 0.0631627
Epoch: 1499, LR: 0.000010, Loss: 0.0453143, Validation MAE: 3.0536342, Test MAE: 3.3506773, Test MAE norm: 0.0631866
Epoch: 1500, LR: 0.000010, Loss: 0.0452752, Validation MAE: 3.0513754, Test MAE: 3.3498654, Test MAE norm: 0.0631713
Epoch: 1510, LR: 0.000010, Loss: 0.0452619, Validation MAE: 3.0554180, Test MAE: 3.3479548, Test MAE norm: 0.0631353
Epoch: 1520, LR: 0.000010, Loss: 0.0452520, Validation MAE: 3.0544651, Test MAE: 3.3473444, Test MAE norm: 0.0631238
Epoch: 1521, LR: 0.000010, Loss: 0.0452709, Validation MAE: 3.0525603, Test MAE: 3.3462639, Test MAE norm: 0.0631034
Epoch: 1531, LR: 0.000010, Loss: 0.0452565, Validation MAE: 3.0514696, Test MAE: 3.3480053, Test MAE norm: 0.0631363
Epoch: 1539, LR: 0.000010, Loss: 0.0452531, Validation MAE: 3.0504351, Test MAE: 3.3466649, Test MAE norm: 0.0631110
Epoch: 1549, LR: 0.000010, Loss: 0.0452289, Validation MAE: 3.0633011, Test MAE: 3.3521008, Test MAE norm: 0.0632135
Epoch: 1551, LR: 0.000010, Loss: 0.0452766, Validation MAE: 3.0560696, Test MAE: 3.3493898, Test MAE norm: 0.0631624
Epoch: 1552, LR: 0.000010, Loss: 0.0452397, Validation MAE: 3.0518115, Test MAE: 3.3479693, Test MAE norm: 0.0631356
Epoch: 1562, LR: 0.000010, Loss: 0.0452186, Validation MAE: 3.0457678, Test MAE: 3.3476830, Test MAE norm: 0.0631302
Epoch: 1572, LR: 0.000010, Loss: 0.0452070, Validation MAE: 3.0728879, Test MAE: 3.3549447, Test MAE norm: 0.0632671
Epoch: 1573, LR: 0.000010, Loss: 0.0452698, Validation MAE: 3.0519714, Test MAE: 3.3498180, Test MAE norm: 0.0631704
Epoch: 1574, LR: 0.000010, Loss: 0.0452412, Validation MAE: 3.0473704, Test MAE: 3.3505888, Test MAE norm: 0.0631850
Epoch: 1584, LR: 0.000010, Loss: 0.0452759, Validation MAE: 3.0587738, Test MAE: 3.3490741, Test MAE norm: 0.0631564
Epoch: 1589, LR: 0.000010, Loss: 0.0452128, Validation MAE: 3.0577488, Test MAE: 3.3499708, Test MAE norm: 0.0631733
Epoch: 1592, LR: 0.000010, Loss: 0.0452026, Validation MAE: 3.0551095, Test MAE: 3.3482175, Test MAE norm: 0.0631403
Epoch: 1593, LR: 0.000010, Loss: 0.0452105, Validation MAE: 3.0530701, Test MAE: 3.3477383, Test MAE norm: 0.0631312
Epoch: 1603, LR: 0.000010, Loss: 0.0451819, Validation MAE: 3.0512705, Test MAE: 3.3482735, Test MAE norm: 0.0631413
Epoch: 1613, LR: 0.000010, Loss: 0.0451928, Validation MAE: 3.0642126, Test MAE: 3.3500836, Test MAE norm: 0.0631754
Epoch: 1614, LR: 0.000010, Loss: 0.0451776, Validation MAE: 3.0464554, Test MAE: 3.3456395, Test MAE norm: 0.0630916
Epoch: 1624, LR: 0.000010, Loss: 0.0452402, Validation MAE: 3.0537548, Test MAE: 3.3497493, Test MAE norm: 0.0631691
Epoch: 1625, LR: 0.000010, Loss: 0.0451753, Validation MAE: 3.0471039, Test MAE: 3.3492799, Test MAE norm: 0.0631603
Epoch: 1635, LR: 0.000010, Loss: 0.0452154, Validation MAE: 3.0626199, Test MAE: 3.3506386, Test MAE norm: 0.0631859
Epoch: 1638, LR: 0.000010, Loss: 0.0451655, Validation MAE: 3.0548747, Test MAE: 3.3496947, Test MAE norm: 0.0631681
Epoch: 1639, LR: 0.000010, Loss: 0.0451727, Validation MAE: 3.0532007, Test MAE: 3.3490868, Test MAE norm: 0.0631566
Epoch: 1643, LR: 0.000010, Loss: 0.0451618, Validation MAE: 3.0500243, Test MAE: 3.3483696, Test MAE norm: 0.0631431
Epoch: 1652, LR: 0.000010, Loss: 0.0451683, Validation MAE: 3.0457721, Test MAE: 3.3490195, Test MAE norm: 0.0631554
Epoch: 1662, LR: 0.000010, Loss: 0.0451639, Validation MAE: 3.0674689, Test MAE: 3.3525879, Test MAE norm: 0.0632227
Epoch: 1663, LR: 0.000010, Loss: 0.0451455, Validation MAE: 3.0644128, Test MAE: 3.3515477, Test MAE norm: 0.0632031
Epoch: 1664, LR: 0.000010, Loss: 0.0451396, Validation MAE: 3.0633218, Test MAE: 3.3517673, Test MAE norm: 0.0632072
Epoch: 1665, LR: 0.000010, Loss: 0.0451381, Validation MAE: 3.0506291, Test MAE: 3.3494546, Test MAE norm: 0.0631636
Epoch: 1675, LR: 0.000010, Loss: 0.0451399, Validation MAE: 3.0480032, Test MAE: 3.3500266, Test MAE norm: 0.0631744
Epoch: 1685, LR: 0.000010, Loss: 0.0451444, Validation MAE: 3.0324214, Test MAE: 3.3437655, Test MAE norm: 0.0630563
Epoch: 1695, LR: 0.000010, Loss: 0.0451809, Validation MAE: 3.1059391, Test MAE: 3.3564963, Test MAE norm: 0.0632964
Epoch: 1696, LR: 0.000010, Loss: 0.0452182, Validation MAE: 3.0831811, Test MAE: 3.3527627, Test MAE norm: 0.0632260
Epoch: 1697, LR: 0.000010, Loss: 0.0451848, Validation MAE: 3.0607913, Test MAE: 3.3495755, Test MAE norm: 0.0631659
Epoch: 1698, LR: 0.000010, Loss: 0.0451803, Validation MAE: 3.0544147, Test MAE: 3.3471587, Test MAE norm: 0.0631203
Epoch: 1702, LR: 0.000010, Loss: 0.0451758, Validation MAE: 3.0359039, Test MAE: 3.3478425, Test MAE norm: 0.0631332
Epoch: 1712, LR: 0.000010, Loss: 0.0451826, Validation MAE: 3.0995984, Test MAE: 3.3570921, Test MAE norm: 0.0633076
Epoch: 1713, LR: 0.000010, Loss: 0.0451720, Validation MAE: 3.0799391, Test MAE: 3.3544338, Test MAE norm: 0.0632575
Epoch: 1714, LR: 0.000010, Loss: 0.0451624, Validation MAE: 3.0651870, Test MAE: 3.3530705, Test MAE norm: 0.0632318
Epoch: 1715, LR: 0.000010, Loss: 0.0451561, Validation MAE: 3.0554655, Test MAE: 3.3531225, Test MAE norm: 0.0632328
Epoch: 1718, LR: 0.000010, Loss: 0.0452547, Validation MAE: 3.0495315, Test MAE: 3.3525350, Test MAE norm: 0.0632217
Epoch: 1719, LR: 0.000010, Loss: 0.0452241, Validation MAE: 3.0315626, Test MAE: 3.3488019, Test MAE norm: 0.0631513
Epoch: 1729, LR: 0.000010, Loss: 0.0451843, Validation MAE: 3.0925510, Test MAE: 3.3528125, Test MAE norm: 0.0632269
Epoch: 1730, LR: 0.000010, Loss: 0.0451761, Validation MAE: 3.0822301, Test MAE: 3.3510690, Test MAE norm: 0.0631940
Epoch: 1731, LR: 0.000010, Loss: 0.0452178, Validation MAE: 3.0724344, Test MAE: 3.3494663, Test MAE norm: 0.0631638
Epoch: 1732, LR: 0.000010, Loss: 0.0452417, Validation MAE: 3.0686078, Test MAE: 3.3514953, Test MAE norm: 0.0632021
Epoch: 1733, LR: 0.000010, Loss: 0.0451593, Validation MAE: 3.0684049, Test MAE: 3.3528008, Test MAE norm: 0.0632267
Epoch: 1734, LR: 0.000010, Loss: 0.0451077, Validation MAE: 3.0635052, Test MAE: 3.3531830, Test MAE norm: 0.0632339
Epoch: 1735, LR: 0.000010, Loss: 0.0451582, Validation MAE: 3.0382748, Test MAE: 3.3479023, Test MAE norm: 0.0631343
Epoch: 1736, LR: 0.000010, Loss: 0.0451951, Validation MAE: 3.0375671, Test MAE: 3.3483660, Test MAE norm: 0.0631431
Epoch: 1746, LR: 0.000010, Loss: 0.0452649, Validation MAE: 3.0938377, Test MAE: 3.3581560, Test MAE norm: 0.0633277
Epoch: 1747, LR: 0.000010, Loss: 0.0452452, Validation MAE: 3.0651996, Test MAE: 3.3551919, Test MAE norm: 0.0632718
Epoch: 1748, LR: 0.000010, Loss: 0.0451369, Validation MAE: 3.0488250, Test MAE: 3.3501866, Test MAE norm: 0.0631774
Epoch: 1749, LR: 0.000010, Loss: 0.0452279, Validation MAE: 3.0458136, Test MAE: 3.3493707, Test MAE norm: 0.0631620
Epoch: 1759, LR: 0.000010, Loss: 0.0450987, Validation MAE: 3.0386353, Test MAE: 3.3532064, Test MAE norm: 0.0632343
Epoch: 1769, LR: 0.000010, Loss: 0.0450837, Validation MAE: 3.0541482, Test MAE: 3.3494015, Test MAE norm: 0.0631626
Epoch: 1770, LR: 0.000010, Loss: 0.0451112, Validation MAE: 3.0463424, Test MAE: 3.3477147, Test MAE norm: 0.0631308
Epoch: 1780, LR: 0.000010, Loss: 0.0451354, Validation MAE: 3.0484865, Test MAE: 3.3474269, Test MAE norm: 0.0631253
Epoch: 1781, LR: 0.000010, Loss: 0.0450865, Validation MAE: 3.0453365, Test MAE: 3.3463681, Test MAE norm: 0.0631054
Epoch: 1785, LR: 0.000010, Loss: 0.0450852, Validation MAE: 3.0445113, Test MAE: 3.3456242, Test MAE norm: 0.0630914
Epoch: 1795, LR: 0.000010, Loss: 0.0451535, Validation MAE: 3.0939870, Test MAE: 3.3571777, Test MAE norm: 0.0633092
Epoch: 1797, LR: 0.000010, Loss: 0.0452764, Validation MAE: 3.0896664, Test MAE: 3.3589842, Test MAE norm: 0.0633433
Epoch: 1798, LR: 0.000010, Loss: 0.0452190, Validation MAE: 3.0565703, Test MAE: 3.3543825, Test MAE norm: 0.0632565
Epoch: 1799, LR: 0.000010, Loss: 0.0450771, Validation MAE: 3.0292687, Test MAE: 3.3487220, Test MAE norm: 0.0631498
Epoch: 1809, LR: 0.000010, Loss: 0.0450772, Validation MAE: 3.0555670, Test MAE: 3.3539579, Test MAE norm: 0.0632485
Epoch: 1810, LR: 0.000010, Loss: 0.0450834, Validation MAE: 3.0472033, Test MAE: 3.3533700, Test MAE norm: 0.0632374
Epoch: 1814, LR: 0.000010, Loss: 0.0450776, Validation MAE: 3.0392039, Test MAE: 3.3518260, Test MAE norm: 0.0632083
Epoch: 1824, LR: 0.000010, Loss: 0.0450519, Validation MAE: 3.0459676, Test MAE: 3.3502648, Test MAE norm: 0.0631789
Epoch: 1834, LR: 0.000010, Loss: 0.0450976, Validation MAE: 3.0421016, Test MAE: 3.3486817, Test MAE norm: 0.0631490
Epoch: 1844, LR: 0.000010, Loss: 0.0450388, Validation MAE: 3.0362759, Test MAE: 3.3468976, Test MAE norm: 0.0631154
Epoch: 1854, LR: 0.000010, Loss: 0.0450583, Validation MAE: 3.0450740, Test MAE: 3.3495133, Test MAE norm: 0.0631647
Epoch: 1855, LR: 0.000010, Loss: 0.0450559, Validation MAE: 3.0394528, Test MAE: 3.3490663, Test MAE norm: 0.0631563
Epoch: 1865, LR: 0.000010, Loss: 0.0450774, Validation MAE: 3.0771234, Test MAE: 3.3527424, Test MAE norm: 0.0632256
Epoch: 1866, LR: 0.000010, Loss: 0.0451015, Validation MAE: 3.0751576, Test MAE: 3.3535564, Test MAE norm: 0.0632409
Epoch: 1869, LR: 0.000010, Loss: 0.0450867, Validation MAE: 3.0746682, Test MAE: 3.3580048, Test MAE norm: 0.0633248
Epoch: 1870, LR: 0.000010, Loss: 0.0450748, Validation MAE: 3.0511727, Test MAE: 3.3519216, Test MAE norm: 0.0632101
Epoch: 1871, LR: 0.000010, Loss: 0.0450755, Validation MAE: 3.0426311, Test MAE: 3.3506196, Test MAE norm: 0.0631856
Epoch: 1881, LR: 0.000010, Loss: 0.0450342, Validation MAE: 3.0609610, Test MAE: 3.3538578, Test MAE norm: 0.0632466
Epoch: 1882, LR: 0.000010, Loss: 0.0450613, Validation MAE: 3.0506477, Test MAE: 3.3512659, Test MAE norm: 0.0631977
Epoch: 1883, LR: 0.000010, Loss: 0.0450390, Validation MAE: 3.0454285, Test MAE: 3.3490040, Test MAE norm: 0.0631551
Epoch: 1892, LR: 0.000010, Loss: 0.0450269, Validation MAE: 3.0396082, Test MAE: 3.3476534, Test MAE norm: 0.0631296
Epoch: 1893, LR: 0.000010, Loss: 0.0450586, Validation MAE: 3.0387406, Test MAE: 3.3469446, Test MAE norm: 0.0631163
Epoch: 1903, LR: 0.000010, Loss: 0.0450827, Validation MAE: 3.0396879, Test MAE: 3.3510668, Test MAE norm: 0.0631940
Epoch: 1907, LR: 0.000010, Loss: 0.0450667, Validation MAE: 3.0371873, Test MAE: 3.3487220, Test MAE norm: 0.0631498
Epoch: 1917, LR: 0.000010, Loss: 0.0450275, Validation MAE: 3.0941024, Test MAE: 3.3609192, Test MAE norm: 0.0633798
Epoch: 1918, LR: 0.000010, Loss: 0.0452433, Validation MAE: 3.0787151, Test MAE: 3.3587549, Test MAE norm: 0.0633390
Epoch: 1919, LR: 0.000010, Loss: 0.0451897, Validation MAE: 3.0401940, Test MAE: 3.3519320, Test MAE norm: 0.0632103
Epoch: 1920, LR: 0.000010, Loss: 0.0450135, Validation MAE: 3.0301356, Test MAE: 3.3495336, Test MAE norm: 0.0631651
Epoch: 1930, LR: 0.000010, Loss: 0.0450068, Validation MAE: 3.0449460, Test MAE: 3.3541150, Test MAE norm: 0.0632515
Epoch: 1931, LR: 0.000010, Loss: 0.0450029, Validation MAE: 3.0408702, Test MAE: 3.3528264, Test MAE norm: 0.0632272
Epoch: 1941, LR: 0.000010, Loss: 0.0450620, Validation MAE: 3.0609248, Test MAE: 3.3528666, Test MAE norm: 0.0632279
Epoch: 1942, LR: 0.000010, Loss: 0.0450026, Validation MAE: 3.0518970, Test MAE: 3.3509634, Test MAE norm: 0.0631920
Epoch: 1943, LR: 0.000010, Loss: 0.0449992, Validation MAE: 3.0464835, Test MAE: 3.3498824, Test MAE norm: 0.0631717
Epoch: 1947, LR: 0.000010, Loss: 0.0449888, Validation MAE: 3.0451636, Test MAE: 3.3501980, Test MAE norm: 0.0631776
Epoch: 1957, LR: 0.000010, Loss: 0.0450937, Validation MAE: 3.0648730, Test MAE: 3.3553746, Test MAE norm: 0.0632752
Epoch: 1958, LR: 0.000010, Loss: 0.0450100, Validation MAE: 3.0437014, Test MAE: 3.3487616, Test MAE norm: 0.0631505
Epoch: 1968, LR: 0.000010, Loss: 0.0450088, Validation MAE: 3.0385547, Test MAE: 3.3500385, Test MAE norm: 0.0631746
Epoch: 1978, LR: 0.000010, Loss: 0.0449770, Validation MAE: 3.0428309, Test MAE: 3.3510661, Test MAE norm: 0.0631940
Epoch: 1980, LR: 0.000010, Loss: 0.0450196, Validation MAE: 3.0410149, Test MAE: 3.3517871, Test MAE norm: 0.0632076
Epoch: 1990, LR: 0.000010, Loss: 0.0449524, Validation MAE: 3.0438533, Test MAE: 3.3528712, Test MAE norm: 0.0632280
Epoch: 1992, LR: 0.000010, Loss: 0.0449965, Validation MAE: 3.0339277, Test MAE: 3.3517234, Test MAE norm: 0.0632064
Epoch: 1992, LR: 0.000010, Loss: 0.0449965, Validation MAE: 3.0339277, Test MAE: 3.3517234, Test MAE norm: 0.0632064