Command line input: python run_count.py --batch_size 256 --target 1 --model IDGNN --h 3 --seed 1 --epoch 2000 --dataset easy-1
Mean = 8.080, Std = 23.150
Using IDGNN model

Epoch: 001, LR: 0.001000, Loss: 0.5253619, Validation MAE: 7.9171844, Test MAE: 5.3550692, Test MAE norm: 0.2313235
Epoch: 002, LR: 0.001000, Loss: 0.2890876, Validation MAE: 5.7481546, Test MAE: 4.8019753, Test MAE norm: 0.2074314
Epoch: 003, LR: 0.001000, Loss: 0.2228955, Validation MAE: 3.1289465, Test MAE: 3.3969052, Test MAE norm: 0.1467365
Epoch: 005, LR: 0.001000, Loss: 0.1916339, Validation MAE: 2.9414084, Test MAE: 3.6565793, Test MAE norm: 0.1579536
Epoch: 009, LR: 0.001000, Loss: 0.1381836, Validation MAE: 2.4906673, Test MAE: 3.1738498, Test MAE norm: 0.1371011
Epoch: 014, LR: 0.001000, Loss: 0.1095714, Validation MAE: 1.9842165, Test MAE: 2.3681960, Test MAE norm: 0.1022992
Epoch: 023, LR: 0.001000, Loss: 0.0780281, Validation MAE: 1.9616612, Test MAE: 1.9457062, Test MAE norm: 0.0840489
Epoch: 025, LR: 0.001000, Loss: 0.0761157, Validation MAE: 1.9070182, Test MAE: 1.7809154, Test MAE norm: 0.0769304
Epoch: 028, LR: 0.001000, Loss: 0.0817783, Validation MAE: 1.8553351, Test MAE: 1.6933213, Test MAE norm: 0.0731466
Epoch: 033, LR: 0.001000, Loss: 0.0811490, Validation MAE: 1.8468294, Test MAE: 1.5944568, Test MAE norm: 0.0688759
Epoch: 043, LR: 0.001000, Loss: 0.0925013, Validation MAE: 2.4030428, Test MAE: 2.3244843, Test MAE norm: 0.1004110
Epoch: 044, LR: 0.001000, Loss: 0.0954774, Validation MAE: 1.8971343, Test MAE: 1.8334047, Test MAE norm: 0.0791978
Epoch: 054, LR: 0.000900, Loss: 0.0818772, Validation MAE: 2.0508392, Test MAE: 2.0123475, Test MAE norm: 0.0869276
Epoch: 056, LR: 0.000810, Loss: 0.1125967, Validation MAE: 1.9620886, Test MAE: 1.8818234, Test MAE norm: 0.0812893
Epoch: 062, LR: 0.000810, Loss: 0.0778170, Validation MAE: 1.8390763, Test MAE: 1.6413649, Test MAE norm: 0.0709022
Epoch: 068, LR: 0.000810, Loss: 0.0760744, Validation MAE: 1.7581598, Test MAE: 1.5205264, Test MAE norm: 0.0656823
Epoch: 076, LR: 0.000810, Loss: 0.0683667, Validation MAE: 1.6760291, Test MAE: 1.6568792, Test MAE norm: 0.0715724
Epoch: 082, LR: 0.000810, Loss: 0.0621890, Validation MAE: 1.6390347, Test MAE: 1.5225495, Test MAE norm: 0.0657697
Epoch: 092, LR: 0.000810, Loss: 0.0744246, Validation MAE: 1.9037600, Test MAE: 1.7458322, Test MAE norm: 0.0754149
Epoch: 095, LR: 0.000729, Loss: 0.0771531, Validation MAE: 1.8010405, Test MAE: 1.6221646, Test MAE norm: 0.0700728
Epoch: 102, LR: 0.000729, Loss: 0.0747172, Validation MAE: 1.6856292, Test MAE: 1.4526024, Test MAE norm: 0.0627482
Epoch: 112, LR: 0.000656, Loss: 0.0658843, Validation MAE: 1.5708646, Test MAE: 1.4536837, Test MAE norm: 0.0627949
Epoch: 118, LR: 0.000656, Loss: 0.0645985, Validation MAE: 1.5303501, Test MAE: 1.3412671, Test MAE norm: 0.0579389
Epoch: 121, LR: 0.000656, Loss: 0.0599374, Validation MAE: 1.4037186, Test MAE: 1.2757672, Test MAE norm: 0.0551094
Epoch: 122, LR: 0.000656, Loss: 0.0513243, Validation MAE: 1.3980811, Test MAE: 1.3331308, Test MAE norm: 0.0575874
Epoch: 125, LR: 0.000656, Loss: 0.0538229, Validation MAE: 1.3667240, Test MAE: 1.3237761, Test MAE norm: 0.0571833
Epoch: 126, LR: 0.000656, Loss: 0.0520829, Validation MAE: 1.3635358, Test MAE: 1.2917386, Test MAE norm: 0.0557994
Epoch: 127, LR: 0.000656, Loss: 0.0520449, Validation MAE: 1.3266714, Test MAE: 1.2947845, Test MAE norm: 0.0559309
Epoch: 128, LR: 0.000656, Loss: 0.0502733, Validation MAE: 1.3248644, Test MAE: 1.2242777, Test MAE norm: 0.0528852
Epoch: 138, LR: 0.000656, Loss: 0.0543672, Validation MAE: 1.4757150, Test MAE: 1.4228957, Test MAE norm: 0.0614650
Epoch: 139, LR: 0.000656, Loss: 0.0556269, Validation MAE: 1.4483745, Test MAE: 1.3511689, Test MAE norm: 0.0583666
Epoch: 141, LR: 0.000590, Loss: 0.0544874, Validation MAE: 1.4198726, Test MAE: 1.2957895, Test MAE norm: 0.0559743
Epoch: 142, LR: 0.000590, Loss: 0.0519027, Validation MAE: 1.4093620, Test MAE: 1.2853498, Test MAE norm: 0.0555234
Epoch: 144, LR: 0.000590, Loss: 0.0538594, Validation MAE: 1.3920846, Test MAE: 1.2948394, Test MAE norm: 0.0559333
Epoch: 145, LR: 0.000590, Loss: 0.0540614, Validation MAE: 1.3382678, Test MAE: 1.2443886, Test MAE norm: 0.0537540
Epoch: 148, LR: 0.000590, Loss: 0.0507517, Validation MAE: 1.2542363, Test MAE: 1.2457174, Test MAE norm: 0.0538114
Epoch: 158, LR: 0.000590, Loss: 0.0550158, Validation MAE: 1.2678131, Test MAE: 1.2540386, Test MAE norm: 0.0541708
Epoch: 159, LR: 0.000590, Loss: 0.0495927, Validation MAE: 1.2397987, Test MAE: 1.1931919, Test MAE norm: 0.0515424
Epoch: 161, LR: 0.000590, Loss: 0.0461772, Validation MAE: 1.2359502, Test MAE: 1.1787057, Test MAE norm: 0.0509167
Epoch: 171, LR: 0.000590, Loss: 0.0510363, Validation MAE: 1.2618611, Test MAE: 1.2594163, Test MAE norm: 0.0544031
Epoch: 176, LR: 0.000531, Loss: 0.0533698, Validation MAE: 1.2405078, Test MAE: 1.1799946, Test MAE norm: 0.0509723
Epoch: 177, LR: 0.000531, Loss: 0.0478637, Validation MAE: 1.1898143, Test MAE: 1.1458957, Test MAE norm: 0.0494994
Epoch: 179, LR: 0.000531, Loss: 0.0524612, Validation MAE: 1.1440856, Test MAE: 1.1275291, Test MAE norm: 0.0487060
Epoch: 180, LR: 0.000531, Loss: 0.0423279, Validation MAE: 1.1391977, Test MAE: 1.1425872, Test MAE norm: 0.0493565
Epoch: 185, LR: 0.000531, Loss: 0.0489780, Validation MAE: 1.1254635, Test MAE: 1.1331482, Test MAE norm: 0.0489487
Epoch: 191, LR: 0.000531, Loss: 0.0545621, Validation MAE: 1.1035845, Test MAE: 1.1351839, Test MAE norm: 0.0490367
Epoch: 201, LR: 0.000531, Loss: 0.0456231, Validation MAE: 1.6303691, Test MAE: 1.5493855, Test MAE norm: 0.0669290
Epoch: 202, LR: 0.000531, Loss: 0.0655905, Validation MAE: 1.5247295, Test MAE: 1.4807016, Test MAE norm: 0.0639620
Epoch: 204, LR: 0.000478, Loss: 0.0570599, Validation MAE: 1.4722483, Test MAE: 1.3166922, Test MAE norm: 0.0568773
Epoch: 205, LR: 0.000478, Loss: 0.0530946, Validation MAE: 1.3643458, Test MAE: 1.2851716, Test MAE norm: 0.0555157
Epoch: 206, LR: 0.000478, Loss: 0.0505675, Validation MAE: 1.3080468, Test MAE: 1.2347302, Test MAE norm: 0.0533368
Epoch: 209, LR: 0.000478, Loss: 0.0512556, Validation MAE: 1.2746112, Test MAE: 1.1904263, Test MAE norm: 0.0514230
Epoch: 215, LR: 0.000430, Loss: 0.0480044, Validation MAE: 1.2291859, Test MAE: 1.1698666, Test MAE norm: 0.0505348
Epoch: 218, LR: 0.000430, Loss: 0.0519922, Validation MAE: 1.2125754, Test MAE: 1.1770424, Test MAE norm: 0.0508448
Epoch: 221, LR: 0.000430, Loss: 0.0546936, Validation MAE: 1.1775882, Test MAE: 1.1774892, Test MAE norm: 0.0508641
Epoch: 225, LR: 0.000387, Loss: 0.0456608, Validation MAE: 1.1119902, Test MAE: 1.1278133, Test MAE norm: 0.0487183
Epoch: 235, LR: 0.000387, Loss: 0.0454445, Validation MAE: 1.1175650, Test MAE: 1.1576309, Test MAE norm: 0.0500063
Epoch: 245, LR: 0.000349, Loss: 0.0467800, Validation MAE: 1.1309838, Test MAE: 1.1178511, Test MAE norm: 0.0482879
Epoch: 248, LR: 0.000314, Loss: 0.0439641, Validation MAE: 1.1124831, Test MAE: 1.1147655, Test MAE norm: 0.0481546
Epoch: 252, LR: 0.000314, Loss: 0.0450460, Validation MAE: 1.1062281, Test MAE: 1.1332179, Test MAE norm: 0.0489517
Epoch: 254, LR: 0.000314, Loss: 0.0452857, Validation MAE: 1.0876878, Test MAE: 1.1218239, Test MAE norm: 0.0484595
Epoch: 257, LR: 0.000314, Loss: 0.0437881, Validation MAE: 1.0784730, Test MAE: 1.1166549, Test MAE norm: 0.0482363
Epoch: 262, LR: 0.000314, Loss: 0.0442619, Validation MAE: 1.0778719, Test MAE: 1.0981746, Test MAE norm: 0.0474380
Epoch: 264, LR: 0.000314, Loss: 0.0456185, Validation MAE: 1.0743339, Test MAE: 1.0929859, Test MAE norm: 0.0472138
Epoch: 266, LR: 0.000314, Loss: 0.0407572, Validation MAE: 1.0638478, Test MAE: 1.0973459, Test MAE norm: 0.0474022
Epoch: 268, LR: 0.000314, Loss: 0.0436673, Validation MAE: 1.0576754, Test MAE: 1.0998409, Test MAE norm: 0.0475099
Epoch: 278, LR: 0.000314, Loss: 0.0480397, Validation MAE: 1.2093652, Test MAE: 1.1570268, Test MAE norm: 0.0499802
Epoch: 280, LR: 0.000282, Loss: 0.0445566, Validation MAE: 1.1092128, Test MAE: 1.1069874, Test MAE norm: 0.0478186
Epoch: 288, LR: 0.000282, Loss: 0.0424532, Validation MAE: 1.0965946, Test MAE: 1.1196288, Test MAE norm: 0.0483647
Epoch: 289, LR: 0.000282, Loss: 0.0426669, Validation MAE: 1.0907484, Test MAE: 1.1153455, Test MAE norm: 0.0481797
Epoch: 292, LR: 0.000254, Loss: 0.0408192, Validation MAE: 1.0862632, Test MAE: 1.1096976, Test MAE norm: 0.0479357
Epoch: 293, LR: 0.000254, Loss: 0.0418136, Validation MAE: 1.0778229, Test MAE: 1.1009303, Test MAE norm: 0.0475570
Epoch: 296, LR: 0.000254, Loss: 0.0398706, Validation MAE: 1.0700201, Test MAE: 1.0929573, Test MAE norm: 0.0472126
Epoch: 299, LR: 0.000254, Loss: 0.0411120, Validation MAE: 1.0653535, Test MAE: 1.0940716, Test MAE norm: 0.0472607
Epoch: 301, LR: 0.000254, Loss: 0.0428816, Validation MAE: 1.0540639, Test MAE: 1.0880692, Test MAE norm: 0.0470014
Epoch: 307, LR: 0.000254, Loss: 0.0411379, Validation MAE: 1.0471834, Test MAE: 1.0864722, Test MAE norm: 0.0469324
Epoch: 317, LR: 0.000254, Loss: 0.0394034, Validation MAE: 1.0574368, Test MAE: 1.0933675, Test MAE norm: 0.0472303
Epoch: 319, LR: 0.000229, Loss: 0.0417029, Validation MAE: 1.0423769, Test MAE: 1.0851569, Test MAE norm: 0.0468756
Epoch: 328, LR: 0.000229, Loss: 0.0392164, Validation MAE: 1.0405284, Test MAE: 1.0787189, Test MAE norm: 0.0465975
Epoch: 338, LR: 0.000229, Loss: 0.0405232, Validation MAE: 1.0532739, Test MAE: 1.0929812, Test MAE norm: 0.0472136
Epoch: 342, LR: 0.000206, Loss: 0.0413378, Validation MAE: 1.0353551, Test MAE: 1.0800235, Test MAE norm: 0.0466539
Epoch: 352, LR: 0.000206, Loss: 0.0391645, Validation MAE: 1.0488087, Test MAE: 1.0830660, Test MAE norm: 0.0467853
Epoch: 355, LR: 0.000185, Loss: 0.0403118, Validation MAE: 1.0397670, Test MAE: 1.0818851, Test MAE norm: 0.0467343
Epoch: 356, LR: 0.000185, Loss: 0.0394139, Validation MAE: 1.0351425, Test MAE: 1.0812982, Test MAE norm: 0.0467089
Epoch: 359, LR: 0.000185, Loss: 0.0407309, Validation MAE: 1.0326296, Test MAE: 1.0768306, Test MAE norm: 0.0465160
Epoch: 369, LR: 0.000185, Loss: 0.0411662, Validation MAE: 1.0380723, Test MAE: 1.0786707, Test MAE norm: 0.0465954
Epoch: 371, LR: 0.000167, Loss: 0.0400774, Validation MAE: 1.0335006, Test MAE: 1.0838740, Test MAE norm: 0.0468202
Epoch: 372, LR: 0.000167, Loss: 0.0399575, Validation MAE: 1.0263600, Test MAE: 1.0751289, Test MAE norm: 0.0464425
Epoch: 382, LR: 0.000167, Loss: 0.0387950, Validation MAE: 1.0643467, Test MAE: 1.0890000, Test MAE norm: 0.0470416
Epoch: 383, LR: 0.000167, Loss: 0.0395918, Validation MAE: 1.0567981, Test MAE: 1.0972071, Test MAE norm: 0.0473962
Epoch: 384, LR: 0.000150, Loss: 0.0412228, Validation MAE: 1.0281092, Test MAE: 1.0737189, Test MAE norm: 0.0463815
Epoch: 394, LR: 0.000150, Loss: 0.0430420, Validation MAE: 1.1454744, Test MAE: 1.1264654, Test MAE norm: 0.0486600
Epoch: 395, LR: 0.000135, Loss: 0.0426778, Validation MAE: 1.0485278, Test MAE: 1.0982409, Test MAE norm: 0.0474408
Epoch: 396, LR: 0.000135, Loss: 0.0401153, Validation MAE: 1.0415432, Test MAE: 1.0893608, Test MAE norm: 0.0470572
Epoch: 401, LR: 0.000135, Loss: 0.0428363, Validation MAE: 1.0380070, Test MAE: 1.0862613, Test MAE norm: 0.0469233
Epoch: 411, LR: 0.000122, Loss: 0.0412642, Validation MAE: 1.0941643, Test MAE: 1.0941069, Test MAE norm: 0.0472622
Epoch: 412, LR: 0.000122, Loss: 0.0407389, Validation MAE: 1.0383607, Test MAE: 1.0827419, Test MAE norm: 0.0467713
Epoch: 416, LR: 0.000122, Loss: 0.0396097, Validation MAE: 1.0273868, Test MAE: 1.0759821, Test MAE norm: 0.0464793
Epoch: 420, LR: 0.000109, Loss: 0.0389686, Validation MAE: 1.0233394, Test MAE: 1.0706586, Test MAE norm: 0.0462493
Epoch: 427, LR: 0.000109, Loss: 0.0392128, Validation MAE: 1.0205908, Test MAE: 1.0698442, Test MAE norm: 0.0462142
Epoch: 431, LR: 0.000109, Loss: 0.0387200, Validation MAE: 1.0178366, Test MAE: 1.0722055, Test MAE norm: 0.0463162
Epoch: 441, LR: 0.000109, Loss: 0.0397317, Validation MAE: 1.0408405, Test MAE: 1.0738828, Test MAE norm: 0.0463886
Epoch: 442, LR: 0.000109, Loss: 0.0388489, Validation MAE: 1.0240114, Test MAE: 1.0751199, Test MAE norm: 0.0464421
Epoch: 443, LR: 0.000098, Loss: 0.0394537, Validation MAE: 1.0182903, Test MAE: 1.0697247, Test MAE norm: 0.0462090
Epoch: 446, LR: 0.000098, Loss: 0.0387110, Validation MAE: 1.0176086, Test MAE: 1.0723029, Test MAE norm: 0.0463204
Epoch: 456, LR: 0.000098, Loss: 0.0386272, Validation MAE: 1.0262462, Test MAE: 1.0718856, Test MAE norm: 0.0463023
Epoch: 457, LR: 0.000098, Loss: 0.0386745, Validation MAE: 1.0176388, Test MAE: 1.0679024, Test MAE norm: 0.0461303
Epoch: 462, LR: 0.000089, Loss: 0.0387027, Validation MAE: 1.0167569, Test MAE: 1.0684266, Test MAE norm: 0.0461529
Epoch: 468, LR: 0.000089, Loss: 0.0385592, Validation MAE: 1.0147238, Test MAE: 1.0671060, Test MAE norm: 0.0460959
Epoch: 471, LR: 0.000089, Loss: 0.0385544, Validation MAE: 1.0135207, Test MAE: 1.0687684, Test MAE norm: 0.0461677
Epoch: 475, LR: 0.000089, Loss: 0.0385582, Validation MAE: 1.0131006, Test MAE: 1.0679008, Test MAE norm: 0.0461302
Epoch: 483, LR: 0.000089, Loss: 0.0384722, Validation MAE: 1.0126431, Test MAE: 1.0664827, Test MAE norm: 0.0460690
Epoch: 486, LR: 0.000089, Loss: 0.0384987, Validation MAE: 1.0111883, Test MAE: 1.0678017, Test MAE norm: 0.0461259
Epoch: 496, LR: 0.000089, Loss: 0.0384181, Validation MAE: 1.0101423, Test MAE: 1.0665733, Test MAE norm: 0.0460729
Epoch: 499, LR: 0.000089, Loss: 0.0385868, Validation MAE: 1.0094556, Test MAE: 1.0659885, Test MAE norm: 0.0460476
Epoch: 502, LR: 0.000089, Loss: 0.0386464, Validation MAE: 1.0086372, Test MAE: 1.0665728, Test MAE norm: 0.0460729
Epoch: 512, LR: 0.000089, Loss: 0.0389698, Validation MAE: 1.0130162, Test MAE: 1.0712191, Test MAE norm: 0.0462736
Epoch: 513, LR: 0.000089, Loss: 0.0385740, Validation MAE: 1.0082080, Test MAE: 1.0663160, Test MAE norm: 0.0460618
Epoch: 519, LR: 0.000089, Loss: 0.0385116, Validation MAE: 1.0076755, Test MAE: 1.0662458, Test MAE norm: 0.0460587
Epoch: 529, LR: 0.000089, Loss: 0.0385592, Validation MAE: 1.0123372, Test MAE: 1.0728208, Test MAE norm: 0.0463427
Epoch: 530, LR: 0.000089, Loss: 0.0390228, Validation MAE: 1.0117952, Test MAE: 1.0643631, Test MAE norm: 0.0459774
Epoch: 532, LR: 0.000080, Loss: 0.0385753, Validation MAE: 1.0081253, Test MAE: 1.0676056, Test MAE norm: 0.0461175
Epoch: 535, LR: 0.000080, Loss: 0.0385831, Validation MAE: 1.0072190, Test MAE: 1.0661860, Test MAE norm: 0.0460561
Epoch: 539, LR: 0.000080, Loss: 0.0382920, Validation MAE: 1.0058577, Test MAE: 1.0688368, Test MAE norm: 0.0461707
Epoch: 542, LR: 0.000080, Loss: 0.0383724, Validation MAE: 1.0055090, Test MAE: 1.0664841, Test MAE norm: 0.0460690
Epoch: 545, LR: 0.000080, Loss: 0.0384123, Validation MAE: 1.0036072, Test MAE: 1.0652992, Test MAE norm: 0.0460178
Epoch: 555, LR: 0.000080, Loss: 0.0382709, Validation MAE: 1.0079620, Test MAE: 1.0644439, Test MAE norm: 0.0459809
Epoch: 556, LR: 0.000080, Loss: 0.0382356, Validation MAE: 1.0037094, Test MAE: 1.0640271, Test MAE norm: 0.0459629
Epoch: 557, LR: 0.000072, Loss: 0.0382135, Validation MAE: 1.0030016, Test MAE: 1.0652961, Test MAE norm: 0.0460177
Epoch: 560, LR: 0.000072, Loss: 0.0382488, Validation MAE: 1.0017335, Test MAE: 1.0661196, Test MAE norm: 0.0460533
Epoch: 568, LR: 0.000072, Loss: 0.0381809, Validation MAE: 0.9998999, Test MAE: 1.0650355, Test MAE norm: 0.0460064
Epoch: 578, LR: 0.000072, Loss: 0.0382146, Validation MAE: 1.0006735, Test MAE: 1.0667663, Test MAE norm: 0.0460812
Epoch: 584, LR: 0.000065, Loss: 0.0386665, Validation MAE: 0.9991592, Test MAE: 1.0641109, Test MAE norm: 0.0459665
Epoch: 594, LR: 0.000065, Loss: 0.0384196, Validation MAE: 1.0001825, Test MAE: 1.0627789, Test MAE norm: 0.0459090
Epoch: 595, LR: 0.000065, Loss: 0.0381803, Validation MAE: 0.9997169, Test MAE: 1.0637541, Test MAE norm: 0.0459511
Epoch: 598, LR: 0.000058, Loss: 0.0382016, Validation MAE: 0.9983656, Test MAE: 1.0647911, Test MAE norm: 0.0459959
Epoch: 601, LR: 0.000058, Loss: 0.0381482, Validation MAE: 0.9978979, Test MAE: 1.0651127, Test MAE norm: 0.0460098
Epoch: 611, LR: 0.000058, Loss: 0.0381049, Validation MAE: 0.9988774, Test MAE: 1.0653177, Test MAE norm: 0.0460186
Epoch: 617, LR: 0.000052, Loss: 0.0381510, Validation MAE: 0.9970633, Test MAE: 1.0655746, Test MAE norm: 0.0460297
Epoch: 623, LR: 0.000052, Loss: 0.0380941, Validation MAE: 0.9964444, Test MAE: 1.0638733, Test MAE norm: 0.0459562
Epoch: 626, LR: 0.000052, Loss: 0.0380263, Validation MAE: 0.9960690, Test MAE: 1.0642484, Test MAE norm: 0.0459724
Epoch: 629, LR: 0.000052, Loss: 0.0381074, Validation MAE: 0.9960673, Test MAE: 1.0655807, Test MAE norm: 0.0460300
Epoch: 632, LR: 0.000052, Loss: 0.0381012, Validation MAE: 0.9955623, Test MAE: 1.0668505, Test MAE norm: 0.0460849
Epoch: 635, LR: 0.000052, Loss: 0.0380970, Validation MAE: 0.9940335, Test MAE: 1.0646824, Test MAE norm: 0.0459912
Epoch: 645, LR: 0.000052, Loss: 0.0380433, Validation MAE: 0.9935702, Test MAE: 1.0656359, Test MAE norm: 0.0460324
Epoch: 651, LR: 0.000052, Loss: 0.0380301, Validation MAE: 0.9933291, Test MAE: 1.0649616, Test MAE norm: 0.0460033
Epoch: 657, LR: 0.000052, Loss: 0.0380100, Validation MAE: 0.9933137, Test MAE: 1.0640678, Test MAE norm: 0.0459646
Epoch: 660, LR: 0.000052, Loss: 0.0380006, Validation MAE: 0.9932415, Test MAE: 1.0662396, Test MAE norm: 0.0460585
Epoch: 663, LR: 0.000047, Loss: 0.0379426, Validation MAE: 0.9913203, Test MAE: 1.0654941, Test MAE norm: 0.0460263
Epoch: 669, LR: 0.000047, Loss: 0.0381386, Validation MAE: 0.9906114, Test MAE: 1.0646625, Test MAE norm: 0.0459903
Epoch: 679, LR: 0.000047, Loss: 0.0381358, Validation MAE: 0.9990187, Test MAE: 1.0639409, Test MAE norm: 0.0459592
Epoch: 680, LR: 0.000047, Loss: 0.0379606, Validation MAE: 0.9915609, Test MAE: 1.0664870, Test MAE norm: 0.0460691
Epoch: 684, LR: 0.000042, Loss: 0.0379038, Validation MAE: 0.9895768, Test MAE: 1.0655532, Test MAE norm: 0.0460288
Epoch: 694, LR: 0.000042, Loss: 0.0383222, Validation MAE: 0.9926233, Test MAE: 1.0639215, Test MAE norm: 0.0459583
Epoch: 696, LR: 0.000038, Loss: 0.0384150, Validation MAE: 0.9916881, Test MAE: 1.0642045, Test MAE norm: 0.0459705
Epoch: 704, LR: 0.000038, Loss: 0.0383674, Validation MAE: 0.9907917, Test MAE: 1.0638536, Test MAE norm: 0.0459554
Epoch: 707, LR: 0.000034, Loss: 0.0378860, Validation MAE: 0.9899097, Test MAE: 1.0662091, Test MAE norm: 0.0460571
Epoch: 715, LR: 0.000034, Loss: 0.0378806, Validation MAE: 0.9897107, Test MAE: 1.0657294, Test MAE norm: 0.0460364
Epoch: 716, LR: 0.000034, Loss: 0.0380747, Validation MAE: 0.9890584, Test MAE: 1.0639662, Test MAE norm: 0.0459603
Epoch: 720, LR: 0.000034, Loss: 0.0382544, Validation MAE: 0.9889191, Test MAE: 1.0655215, Test MAE norm: 0.0460274
Epoch: 727, LR: 0.000034, Loss: 0.0378759, Validation MAE: 0.9886717, Test MAE: 1.0647514, Test MAE norm: 0.0459942
Epoch: 731, LR: 0.000034, Loss: 0.0378197, Validation MAE: 0.9882399, Test MAE: 1.0649691, Test MAE norm: 0.0460036
Epoch: 735, LR: 0.000034, Loss: 0.0378504, Validation MAE: 0.9877960, Test MAE: 1.0647781, Test MAE norm: 0.0459953
Epoch: 744, LR: 0.000034, Loss: 0.0378146, Validation MAE: 0.9877432, Test MAE: 1.0636268, Test MAE norm: 0.0459456
Epoch: 747, LR: 0.000031, Loss: 0.0378219, Validation MAE: 0.9865235, Test MAE: 1.0661372, Test MAE norm: 0.0460540
Epoch: 751, LR: 0.000031, Loss: 0.0378401, Validation MAE: 0.9857866, Test MAE: 1.0662827, Test MAE norm: 0.0460603
Epoch: 761, LR: 0.000031, Loss: 0.0378083, Validation MAE: 0.9890335, Test MAE: 1.0646769, Test MAE norm: 0.0459910
Epoch: 762, LR: 0.000031, Loss: 0.0378056, Validation MAE: 0.9857756, Test MAE: 1.0653982, Test MAE norm: 0.0460221
Epoch: 766, LR: 0.000028, Loss: 0.0378037, Validation MAE: 0.9857268, Test MAE: 1.0651206, Test MAE norm: 0.0460101
Epoch: 773, LR: 0.000028, Loss: 0.0378261, Validation MAE: 0.9855638, Test MAE: 1.0653722, Test MAE norm: 0.0460210
Epoch: 777, LR: 0.000028, Loss: 0.0377805, Validation MAE: 0.9848439, Test MAE: 1.0662303, Test MAE norm: 0.0460581
Epoch: 787, LR: 0.000028, Loss: 0.0377676, Validation MAE: 0.9916444, Test MAE: 1.0643660, Test MAE norm: 0.0459775
Epoch: 788, LR: 0.000028, Loss: 0.0377987, Validation MAE: 0.9870068, Test MAE: 1.0652303, Test MAE norm: 0.0460149
Epoch: 789, LR: 0.000025, Loss: 0.0377581, Validation MAE: 0.9861651, Test MAE: 1.0650970, Test MAE norm: 0.0460091
Epoch: 793, LR: 0.000025, Loss: 0.0377643, Validation MAE: 0.9858080, Test MAE: 1.0650538, Test MAE norm: 0.0460072
Epoch: 796, LR: 0.000025, Loss: 0.0377549, Validation MAE: 0.9858068, Test MAE: 1.0654505, Test MAE norm: 0.0460244
Epoch: 800, LR: 0.000023, Loss: 0.0377482, Validation MAE: 0.9855189, Test MAE: 1.0649079, Test MAE norm: 0.0460009
Epoch: 804, LR: 0.000023, Loss: 0.0377321, Validation MAE: 0.9841211, Test MAE: 1.0656396, Test MAE norm: 0.0460325
Epoch: 814, LR: 0.000023, Loss: 0.0377380, Validation MAE: 0.9870835, Test MAE: 1.0639142, Test MAE norm: 0.0459580
Epoch: 815, LR: 0.000023, Loss: 0.0377398, Validation MAE: 0.9849839, Test MAE: 1.0640140, Test MAE norm: 0.0459623
Epoch: 819, LR: 0.000020, Loss: 0.0377619, Validation MAE: 0.9848399, Test MAE: 1.0646774, Test MAE norm: 0.0459910
Epoch: 823, LR: 0.000020, Loss: 0.0377476, Validation MAE: 0.9842064, Test MAE: 1.0660346, Test MAE norm: 0.0460496
Epoch: 833, LR: 0.000018, Loss: 0.0377320, Validation MAE: 0.9884184, Test MAE: 1.0643843, Test MAE norm: 0.0459783
Epoch: 834, LR: 0.000018, Loss: 0.0377411, Validation MAE: 0.9882892, Test MAE: 1.0646032, Test MAE norm: 0.0459878
Epoch: 835, LR: 0.000018, Loss: 0.0377295, Validation MAE: 0.9845445, Test MAE: 1.0652375, Test MAE norm: 0.0460152
Epoch: 836, LR: 0.000018, Loss: 0.0377468, Validation MAE: 0.9844289, Test MAE: 1.0648212, Test MAE norm: 0.0459972
Epoch: 840, LR: 0.000016, Loss: 0.0377183, Validation MAE: 0.9840868, Test MAE: 1.0654340, Test MAE norm: 0.0460237
Epoch: 845, LR: 0.000016, Loss: 0.0377254, Validation MAE: 0.9840146, Test MAE: 1.0647919, Test MAE norm: 0.0459959
Epoch: 854, LR: 0.000016, Loss: 0.0377177, Validation MAE: 0.9839693, Test MAE: 1.0646787, Test MAE norm: 0.0459910
Epoch: 858, LR: 0.000015, Loss: 0.0377063, Validation MAE: 0.9833378, Test MAE: 1.0652515, Test MAE norm: 0.0460158
Epoch: 868, LR: 0.000015, Loss: 0.0377131, Validation MAE: 0.9844362, Test MAE: 1.0652096, Test MAE norm: 0.0460140
Epoch: 872, LR: 0.000013, Loss: 0.0376825, Validation MAE: 0.9844261, Test MAE: 1.0652049, Test MAE norm: 0.0460138
Epoch: 877, LR: 0.000013, Loss: 0.0377011, Validation MAE: 0.9841611, Test MAE: 1.0655178, Test MAE norm: 0.0460273
Epoch: 881, LR: 0.000012, Loss: 0.0377115, Validation MAE: 0.9839258, Test MAE: 1.0655382, Test MAE norm: 0.0460282
Epoch: 891, LR: 0.000012, Loss: 0.0376964, Validation MAE: 0.9840565, Test MAE: 1.0653843, Test MAE norm: 0.0460215
Epoch: 900, LR: 0.000011, Loss: 0.0376862, Validation MAE: 0.9834697, Test MAE: 1.0652173, Test MAE norm: 0.0460143
Epoch: 901, LR: 0.000011, Loss: 0.0377016, Validation MAE: 0.9831396, Test MAE: 1.0649954, Test MAE norm: 0.0460047
Epoch: 905, LR: 0.000011, Loss: 0.0376777, Validation MAE: 0.9826204, Test MAE: 1.0648481, Test MAE norm: 0.0459983
Epoch: 915, LR: 0.000011, Loss: 0.0376952, Validation MAE: 0.9848996, Test MAE: 1.0649168, Test MAE norm: 0.0460013
Epoch: 917, LR: 0.000010, Loss: 0.0376938, Validation MAE: 0.9839675, Test MAE: 1.0653470, Test MAE norm: 0.0460199
Epoch: 918, LR: 0.000010, Loss: 0.0376907, Validation MAE: 0.9838663, Test MAE: 1.0656033, Test MAE norm: 0.0460310
Epoch: 922, LR: 0.000010, Loss: 0.0376721, Validation MAE: 0.9834164, Test MAE: 1.0658038, Test MAE norm: 0.0460396
Epoch: 923, LR: 0.000010, Loss: 0.0376953, Validation MAE: 0.9832767, Test MAE: 1.0657747, Test MAE norm: 0.0460384
Epoch: 933, LR: 0.000010, Loss: 0.0376806, Validation MAE: 0.9832085, Test MAE: 1.0650364, Test MAE norm: 0.0460065
Epoch: 943, LR: 0.000010, Loss: 0.0376712, Validation MAE: 0.9844666, Test MAE: 1.0659082, Test MAE norm: 0.0460441
Epoch: 944, LR: 0.000010, Loss: 0.0376830, Validation MAE: 0.9839864, Test MAE: 1.0657362, Test MAE norm: 0.0460367
Epoch: 945, LR: 0.000010, Loss: 0.0376689, Validation MAE: 0.9832208, Test MAE: 1.0654624, Test MAE norm: 0.0460249
Epoch: 950, LR: 0.000010, Loss: 0.0376756, Validation MAE: 0.9831005, Test MAE: 1.0653058, Test MAE norm: 0.0460181
Epoch: 955, LR: 0.000010, Loss: 0.0376711, Validation MAE: 0.9821584, Test MAE: 1.0653523, Test MAE norm: 0.0460201
Epoch: 965, LR: 0.000010, Loss: 0.0377097, Validation MAE: 0.9836248, Test MAE: 1.0650622, Test MAE norm: 0.0460076
Epoch: 969, LR: 0.000010, Loss: 0.0376645, Validation MAE: 0.9835949, Test MAE: 1.0656512, Test MAE norm: 0.0460330
Epoch: 970, LR: 0.000010, Loss: 0.0376585, Validation MAE: 0.9830668, Test MAE: 1.0658845, Test MAE norm: 0.0460431
Epoch: 971, LR: 0.000010, Loss: 0.0376632, Validation MAE: 0.9827179, Test MAE: 1.0658054, Test MAE norm: 0.0460397
Epoch: 975, LR: 0.000010, Loss: 0.0376645, Validation MAE: 0.9822904, Test MAE: 1.0659926, Test MAE norm: 0.0460478
Epoch: 976, LR: 0.000010, Loss: 0.0376601, Validation MAE: 0.9821281, Test MAE: 1.0662416, Test MAE norm: 0.0460585
Epoch: 981, LR: 0.000010, Loss: 0.0376528, Validation MAE: 0.9819270, Test MAE: 1.0653158, Test MAE norm: 0.0460186
Epoch: 991, LR: 0.000010, Loss: 0.0376446, Validation MAE: 0.9829572, Test MAE: 1.0652579, Test MAE norm: 0.0460161
Epoch: 992, LR: 0.000010, Loss: 0.0376603, Validation MAE: 0.9826971, Test MAE: 1.0646228, Test MAE norm: 0.0459886
Epoch: 995, LR: 0.000010, Loss: 0.0376495, Validation MAE: 0.9823896, Test MAE: 1.0652524, Test MAE norm: 0.0460158
Epoch: 996, LR: 0.000010, Loss: 0.0376653, Validation MAE: 0.9821949, Test MAE: 1.0650250, Test MAE norm: 0.0460060
Epoch: 1003, LR: 0.000010, Loss: 0.0376584, Validation MAE: 0.9813001, Test MAE: 1.0651982, Test MAE norm: 0.0460135
Epoch: 1013, LR: 0.000010, Loss: 0.0376695, Validation MAE: 0.9839042, Test MAE: 1.0649760, Test MAE norm: 0.0460039
Epoch: 1014, LR: 0.000010, Loss: 0.0376785, Validation MAE: 0.9828196, Test MAE: 1.0646843, Test MAE norm: 0.0459913
Epoch: 1018, LR: 0.000010, Loss: 0.0376464, Validation MAE: 0.9820569, Test MAE: 1.0659804, Test MAE norm: 0.0460473
Epoch: 1019, LR: 0.000010, Loss: 0.0376610, Validation MAE: 0.9810176, Test MAE: 1.0656765, Test MAE norm: 0.0460341
Epoch: 1025, LR: 0.000010, Loss: 0.0376520, Validation MAE: 0.9809607, Test MAE: 1.0652499, Test MAE norm: 0.0460157
Epoch: 1035, LR: 0.000010, Loss: 0.0376486, Validation MAE: 0.9828877, Test MAE: 1.0652641, Test MAE norm: 0.0460163
Epoch: 1036, LR: 0.000010, Loss: 0.0376224, Validation MAE: 0.9827930, Test MAE: 1.0654770, Test MAE norm: 0.0460255
Epoch: 1037, LR: 0.000010, Loss: 0.0376487, Validation MAE: 0.9824858, Test MAE: 1.0654372, Test MAE norm: 0.0460238
Epoch: 1038, LR: 0.000010, Loss: 0.0376447, Validation MAE: 0.9822727, Test MAE: 1.0651389, Test MAE norm: 0.0460109
Epoch: 1039, LR: 0.000010, Loss: 0.0376572, Validation MAE: 0.9822030, Test MAE: 1.0650413, Test MAE norm: 0.0460067
Epoch: 1044, LR: 0.000010, Loss: 0.0376415, Validation MAE: 0.9814434, Test MAE: 1.0653660, Test MAE norm: 0.0460207
Epoch: 1049, LR: 0.000010, Loss: 0.0376605, Validation MAE: 0.9811478, Test MAE: 1.0661267, Test MAE norm: 0.0460536
Epoch: 1059, LR: 0.000010, Loss: 0.0376327, Validation MAE: 0.9813801, Test MAE: 1.0653781, Test MAE norm: 0.0460212
Epoch: 1065, LR: 0.000010, Loss: 0.0376414, Validation MAE: 0.9810947, Test MAE: 1.0658013, Test MAE norm: 0.0460395
Epoch: 1075, LR: 0.000010, Loss: 0.0376238, Validation MAE: 0.9812006, Test MAE: 1.0655880, Test MAE norm: 0.0460303
Epoch: 1078, LR: 0.000010, Loss: 0.0376363, Validation MAE: 0.9811340, Test MAE: 1.0651802, Test MAE norm: 0.0460127
Epoch: 1081, LR: 0.000010, Loss: 0.0376325, Validation MAE: 0.9810259, Test MAE: 1.0648785, Test MAE norm: 0.0459997
Epoch: 1086, LR: 0.000010, Loss: 0.0376619, Validation MAE: 0.9808419, Test MAE: 1.0653794, Test MAE norm: 0.0460213
Epoch: 1088, LR: 0.000010, Loss: 0.0376528, Validation MAE: 0.9805484, Test MAE: 1.0656221, Test MAE norm: 0.0460318
Epoch: 1092, LR: 0.000010, Loss: 0.0376290, Validation MAE: 0.9800357, Test MAE: 1.0661184, Test MAE norm: 0.0460532
Epoch: 1102, LR: 0.000010, Loss: 0.0376130, Validation MAE: 0.9805750, Test MAE: 1.0655178, Test MAE norm: 0.0460273
Epoch: 1103, LR: 0.000010, Loss: 0.0376326, Validation MAE: 0.9804994, Test MAE: 1.0652096, Test MAE norm: 0.0460140
Epoch: 1107, LR: 0.000010, Loss: 0.0376184, Validation MAE: 0.9799975, Test MAE: 1.0658399, Test MAE norm: 0.0460412
Epoch: 1117, LR: 0.000010, Loss: 0.0376225, Validation MAE: 0.9802842, Test MAE: 1.0650282, Test MAE norm: 0.0460061
Epoch: 1124, LR: 0.000010, Loss: 0.0376418, Validation MAE: 0.9798881, Test MAE: 1.0660108, Test MAE norm: 0.0460486
Epoch: 1125, LR: 0.000010, Loss: 0.0376306, Validation MAE: 0.9798400, Test MAE: 1.0665244, Test MAE norm: 0.0460708
Epoch: 1135, LR: 0.000010, Loss: 0.0376430, Validation MAE: 0.9807168, Test MAE: 1.0669038, Test MAE norm: 0.0460872
Epoch: 1139, LR: 0.000010, Loss: 0.0376642, Validation MAE: 0.9804157, Test MAE: 1.0660703, Test MAE norm: 0.0460511
Epoch: 1140, LR: 0.000010, Loss: 0.0376226, Validation MAE: 0.9790973, Test MAE: 1.0657551, Test MAE norm: 0.0460375
Epoch: 1150, LR: 0.000010, Loss: 0.0376264, Validation MAE: 0.9797850, Test MAE: 1.0665455, Test MAE norm: 0.0460717
Epoch: 1154, LR: 0.000010, Loss: 0.0376103, Validation MAE: 0.9793828, Test MAE: 1.0665039, Test MAE norm: 0.0460699
Epoch: 1164, LR: 0.000010, Loss: 0.0375949, Validation MAE: 0.9801295, Test MAE: 1.0658034, Test MAE norm: 0.0460396
Epoch: 1166, LR: 0.000010, Loss: 0.0376157, Validation MAE: 0.9796166, Test MAE: 1.0660003, Test MAE norm: 0.0460481
Epoch: 1176, LR: 0.000010, Loss: 0.0375928, Validation MAE: 0.9798053, Test MAE: 1.0653808, Test MAE norm: 0.0460214
Epoch: 1184, LR: 0.000010, Loss: 0.0376096, Validation MAE: 0.9793215, Test MAE: 1.0658816, Test MAE norm: 0.0460430
Epoch: 1189, LR: 0.000010, Loss: 0.0375793, Validation MAE: 0.9789385, Test MAE: 1.0663465, Test MAE norm: 0.0460631
Epoch: 1199, LR: 0.000010, Loss: 0.0376194, Validation MAE: 0.9790037, Test MAE: 1.0667560, Test MAE norm: 0.0460808
Epoch: 1209, LR: 0.000010, Loss: 0.0375897, Validation MAE: 0.9788539, Test MAE: 1.0663929, Test MAE norm: 0.0460651
Epoch: 1219, LR: 0.000010, Loss: 0.0375856, Validation MAE: 0.9792907, Test MAE: 1.0662643, Test MAE norm: 0.0460595
Epoch: 1229, LR: 0.000010, Loss: 0.0375852, Validation MAE: 0.9790331, Test MAE: 1.0661461, Test MAE norm: 0.0460544
Epoch: 1232, LR: 0.000010, Loss: 0.0375661, Validation MAE: 0.9787679, Test MAE: 1.0659571, Test MAE norm: 0.0460463
Epoch: 1233, LR: 0.000010, Loss: 0.0375720, Validation MAE: 0.9784096, Test MAE: 1.0656631, Test MAE norm: 0.0460336
Epoch: 1243, LR: 0.000010, Loss: 0.0375754, Validation MAE: 0.9821153, Test MAE: 1.0662425, Test MAE norm: 0.0460586
Epoch: 1245, LR: 0.000010, Loss: 0.0376016, Validation MAE: 0.9798234, Test MAE: 1.0660287, Test MAE norm: 0.0460493
Epoch: 1246, LR: 0.000010, Loss: 0.0375675, Validation MAE: 0.9789833, Test MAE: 1.0660080, Test MAE norm: 0.0460485
Epoch: 1251, LR: 0.000010, Loss: 0.0375536, Validation MAE: 0.9787019, Test MAE: 1.0664507, Test MAE norm: 0.0460676
Epoch: 1259, LR: 0.000010, Loss: 0.0375618, Validation MAE: 0.9782633, Test MAE: 1.0657188, Test MAE norm: 0.0460360
Epoch: 1269, LR: 0.000010, Loss: 0.0375786, Validation MAE: 0.9794198, Test MAE: 1.0665858, Test MAE norm: 0.0460734
Epoch: 1270, LR: 0.000010, Loss: 0.0375719, Validation MAE: 0.9786527, Test MAE: 1.0660170, Test MAE norm: 0.0460488
Epoch: 1274, LR: 0.000010, Loss: 0.0375546, Validation MAE: 0.9783256, Test MAE: 1.0660064, Test MAE norm: 0.0460484
Epoch: 1284, LR: 0.000010, Loss: 0.0375304, Validation MAE: 0.9784887, Test MAE: 1.0667132, Test MAE norm: 0.0460789
Epoch: 1290, LR: 0.000010, Loss: 0.0375791, Validation MAE: 0.9782035, Test MAE: 1.0660703, Test MAE norm: 0.0460511
Epoch: 1293, LR: 0.000010, Loss: 0.0375949, Validation MAE: 0.9778289, Test MAE: 1.0660403, Test MAE norm: 0.0460498
Epoch: 1303, LR: 0.000010, Loss: 0.0375746, Validation MAE: 0.9795700, Test MAE: 1.0669144, Test MAE norm: 0.0460876
Epoch: 1304, LR: 0.000010, Loss: 0.0375546, Validation MAE: 0.9784267, Test MAE: 1.0669883, Test MAE norm: 0.0460908
Epoch: 1305, LR: 0.000010, Loss: 0.0375761, Validation MAE: 0.9781467, Test MAE: 1.0668125, Test MAE norm: 0.0460832
Epoch: 1310, LR: 0.000010, Loss: 0.0375492, Validation MAE: 0.9781247, Test MAE: 1.0664420, Test MAE norm: 0.0460672
Epoch: 1311, LR: 0.000010, Loss: 0.0375565, Validation MAE: 0.9777660, Test MAE: 1.0663878, Test MAE norm: 0.0460649
Epoch: 1321, LR: 0.000010, Loss: 0.0375439, Validation MAE: 0.9796679, Test MAE: 1.0662225, Test MAE norm: 0.0460577
Epoch: 1322, LR: 0.000010, Loss: 0.0375548, Validation MAE: 0.9789626, Test MAE: 1.0662658, Test MAE norm: 0.0460596
Epoch: 1323, LR: 0.000010, Loss: 0.0375393, Validation MAE: 0.9788114, Test MAE: 1.0662347, Test MAE norm: 0.0460582
Epoch: 1325, LR: 0.000010, Loss: 0.0375387, Validation MAE: 0.9786060, Test MAE: 1.0667342, Test MAE norm: 0.0460798
Epoch: 1331, LR: 0.000010, Loss: 0.0375483, Validation MAE: 0.9775623, Test MAE: 1.0665925, Test MAE norm: 0.0460737
Epoch: 1334, LR: 0.000010, Loss: 0.0375302, Validation MAE: 0.9773280, Test MAE: 1.0666722, Test MAE norm: 0.0460771
Epoch: 1344, LR: 0.000010, Loss: 0.0375432, Validation MAE: 0.9780667, Test MAE: 1.0664630, Test MAE norm: 0.0460681
Epoch: 1348, LR: 0.000010, Loss: 0.0375356, Validation MAE: 0.9777845, Test MAE: 1.0664083, Test MAE norm: 0.0460657
Epoch: 1349, LR: 0.000010, Loss: 0.0375382, Validation MAE: 0.9775479, Test MAE: 1.0659816, Test MAE norm: 0.0460473
Epoch: 1353, LR: 0.000010, Loss: 0.0375331, Validation MAE: 0.9771929, Test MAE: 1.0670294, Test MAE norm: 0.0460926
Epoch: 1359, LR: 0.000010, Loss: 0.0375455, Validation MAE: 0.9771011, Test MAE: 1.0665421, Test MAE norm: 0.0460715
Epoch: 1363, LR: 0.000010, Loss: 0.0375354, Validation MAE: 0.9770874, Test MAE: 1.0665145, Test MAE norm: 0.0460703
Epoch: 1364, LR: 0.000010, Loss: 0.0375639, Validation MAE: 0.9770648, Test MAE: 1.0661801, Test MAE norm: 0.0460559
Epoch: 1374, LR: 0.000010, Loss: 0.0376533, Validation MAE: 0.9769316, Test MAE: 1.0672472, Test MAE norm: 0.0461020
Epoch: 1384, LR: 0.000010, Loss: 0.0375444, Validation MAE: 0.9792807, Test MAE: 1.0670015, Test MAE norm: 0.0460914
Epoch: 1385, LR: 0.000010, Loss: 0.0375361, Validation MAE: 0.9789252, Test MAE: 1.0665704, Test MAE norm: 0.0460727
Epoch: 1386, LR: 0.000010, Loss: 0.0375198, Validation MAE: 0.9779118, Test MAE: 1.0667142, Test MAE norm: 0.0460790
Epoch: 1389, LR: 0.000010, Loss: 0.0375257, Validation MAE: 0.9772780, Test MAE: 1.0658052, Test MAE norm: 0.0460397
Epoch: 1394, LR: 0.000010, Loss: 0.0375300, Validation MAE: 0.9765487, Test MAE: 1.0657753, Test MAE norm: 0.0460384
Epoch: 1404, LR: 0.000010, Loss: 0.0375802, Validation MAE: 0.9773107, Test MAE: 1.0672306, Test MAE norm: 0.0461013
Epoch: 1408, LR: 0.000010, Loss: 0.0375092, Validation MAE: 0.9764086, Test MAE: 1.0674542, Test MAE norm: 0.0461109
Epoch: 1418, LR: 0.000010, Loss: 0.0375249, Validation MAE: 0.9771435, Test MAE: 1.0668334, Test MAE norm: 0.0460841
Epoch: 1422, LR: 0.000010, Loss: 0.0375113, Validation MAE: 0.9760362, Test MAE: 1.0672954, Test MAE norm: 0.0461041
Epoch: 1432, LR: 0.000010, Loss: 0.0375013, Validation MAE: 0.9789956, Test MAE: 1.0666697, Test MAE norm: 0.0460770
Epoch: 1433, LR: 0.000010, Loss: 0.0374933, Validation MAE: 0.9789083, Test MAE: 1.0668706, Test MAE norm: 0.0460857
Epoch: 1434, LR: 0.000010, Loss: 0.0374966, Validation MAE: 0.9774434, Test MAE: 1.0668244, Test MAE norm: 0.0460837
Epoch: 1439, LR: 0.000010, Loss: 0.0375102, Validation MAE: 0.9767216, Test MAE: 1.0670729, Test MAE norm: 0.0460945
Epoch: 1447, LR: 0.000010, Loss: 0.0375120, Validation MAE: 0.9765691, Test MAE: 1.0662901, Test MAE norm: 0.0460606
Epoch: 1453, LR: 0.000010, Loss: 0.0375007, Validation MAE: 0.9762826, Test MAE: 1.0667762, Test MAE norm: 0.0460816
Epoch: 1463, LR: 0.000010, Loss: 0.0374821, Validation MAE: 0.9774337, Test MAE: 1.0669070, Test MAE norm: 0.0460873
Epoch: 1464, LR: 0.000010, Loss: 0.0374826, Validation MAE: 0.9760498, Test MAE: 1.0672730, Test MAE norm: 0.0461031
Epoch: 1469, LR: 0.000010, Loss: 0.0374730, Validation MAE: 0.9753547, Test MAE: 1.0673300, Test MAE norm: 0.0461056
Epoch: 1479, LR: 0.000010, Loss: 0.0374735, Validation MAE: 0.9762219, Test MAE: 1.0676802, Test MAE norm: 0.0461207
Epoch: 1488, LR: 0.000010, Loss: 0.0374881, Validation MAE: 0.9756382, Test MAE: 1.0667551, Test MAE norm: 0.0460807
Epoch: 1498, LR: 0.000010, Loss: 0.0374557, Validation MAE: 0.9757745, Test MAE: 1.0672433, Test MAE norm: 0.0461018
Epoch: 1502, LR: 0.000010, Loss: 0.0375003, Validation MAE: 0.9754016, Test MAE: 1.0672907, Test MAE norm: 0.0461039
Epoch: 1512, LR: 0.000010, Loss: 0.0374726, Validation MAE: 0.9756396, Test MAE: 1.0673697, Test MAE norm: 0.0461073
Epoch: 1520, LR: 0.000010, Loss: 0.0374828, Validation MAE: 0.9753823, Test MAE: 1.0675242, Test MAE norm: 0.0461139
Epoch: 1530, LR: 0.000010, Loss: 0.0374799, Validation MAE: 0.9779009, Test MAE: 1.0668210, Test MAE norm: 0.0460836
Epoch: 1531, LR: 0.000010, Loss: 0.0374776, Validation MAE: 0.9762226, Test MAE: 1.0666209, Test MAE norm: 0.0460749
Epoch: 1532, LR: 0.000010, Loss: 0.0374730, Validation MAE: 0.9761357, Test MAE: 1.0665278, Test MAE norm: 0.0460709
Epoch: 1533, LR: 0.000010, Loss: 0.0374638, Validation MAE: 0.9753803, Test MAE: 1.0668391, Test MAE norm: 0.0460844
Epoch: 1537, LR: 0.000010, Loss: 0.0374666, Validation MAE: 0.9753497, Test MAE: 1.0669574, Test MAE norm: 0.0460895
Epoch: 1547, LR: 0.000010, Loss: 0.0374444, Validation MAE: 0.9804336, Test MAE: 1.0668622, Test MAE norm: 0.0460854
Epoch: 1548, LR: 0.000010, Loss: 0.0374926, Validation MAE: 0.9754657, Test MAE: 1.0665519, Test MAE norm: 0.0460720
Epoch: 1557, LR: 0.000010, Loss: 0.0374579, Validation MAE: 0.9754024, Test MAE: 1.0675443, Test MAE norm: 0.0461148
Epoch: 1558, LR: 0.000010, Loss: 0.0374505, Validation MAE: 0.9752260, Test MAE: 1.0668817, Test MAE norm: 0.0460862
Epoch: 1568, LR: 0.000010, Loss: 0.0374325, Validation MAE: 0.9761514, Test MAE: 1.0672357, Test MAE norm: 0.0461015
Epoch: 1569, LR: 0.000010, Loss: 0.0374748, Validation MAE: 0.9749426, Test MAE: 1.0672399, Test MAE norm: 0.0461017
Epoch: 1579, LR: 0.000010, Loss: 0.0374355, Validation MAE: 0.9758760, Test MAE: 1.0669972, Test MAE norm: 0.0460912
Epoch: 1583, LR: 0.000010, Loss: 0.0374545, Validation MAE: 0.9752524, Test MAE: 1.0668335, Test MAE norm: 0.0460841
Epoch: 1586, LR: 0.000010, Loss: 0.0374411, Validation MAE: 0.9749903, Test MAE: 1.0670484, Test MAE norm: 0.0460934
Epoch: 1591, LR: 0.000010, Loss: 0.0374188, Validation MAE: 0.9742873, Test MAE: 1.0670254, Test MAE norm: 0.0460924
Epoch: 1601, LR: 0.000010, Loss: 0.0374549, Validation MAE: 0.9744927, Test MAE: 1.0666472, Test MAE norm: 0.0460761
Epoch: 1602, LR: 0.000010, Loss: 0.0374164, Validation MAE: 0.9742013, Test MAE: 1.0662969, Test MAE norm: 0.0460609
Epoch: 1610, LR: 0.000010, Loss: 0.0374510, Validation MAE: 0.9740873, Test MAE: 1.0672742, Test MAE norm: 0.0461031
Epoch: 1611, LR: 0.000010, Loss: 0.0374293, Validation MAE: 0.9739759, Test MAE: 1.0672385, Test MAE norm: 0.0461016
Epoch: 1614, LR: 0.000010, Loss: 0.0375460, Validation MAE: 0.9738032, Test MAE: 1.0677568, Test MAE norm: 0.0461240
Epoch: 1624, LR: 0.000010, Loss: 0.0374287, Validation MAE: 0.9762275, Test MAE: 1.0676864, Test MAE norm: 0.0461210
Epoch: 1625, LR: 0.000010, Loss: 0.0374356, Validation MAE: 0.9760514, Test MAE: 1.0671355, Test MAE norm: 0.0460972
Epoch: 1626, LR: 0.000010, Loss: 0.0374243, Validation MAE: 0.9748649, Test MAE: 1.0672452, Test MAE norm: 0.0461019
Epoch: 1627, LR: 0.000010, Loss: 0.0374071, Validation MAE: 0.9744521, Test MAE: 1.0670270, Test MAE norm: 0.0460925
Epoch: 1637, LR: 0.000010, Loss: 0.0374788, Validation MAE: 0.9746103, Test MAE: 1.0670340, Test MAE norm: 0.0460928
Epoch: 1638, LR: 0.000010, Loss: 0.0374215, Validation MAE: 0.9742763, Test MAE: 1.0673264, Test MAE norm: 0.0461054
Epoch: 1641, LR: 0.000010, Loss: 0.0374073, Validation MAE: 0.9740887, Test MAE: 1.0668161, Test MAE norm: 0.0460834
Epoch: 1642, LR: 0.000010, Loss: 0.0374020, Validation MAE: 0.9740161, Test MAE: 1.0664649, Test MAE norm: 0.0460682
Epoch: 1646, LR: 0.000010, Loss: 0.0373911, Validation MAE: 0.9739329, Test MAE: 1.0672772, Test MAE norm: 0.0461033
Epoch: 1649, LR: 0.000010, Loss: 0.0374119, Validation MAE: 0.9737322, Test MAE: 1.0675195, Test MAE norm: 0.0461137
Epoch: 1659, LR: 0.000010, Loss: 0.0373974, Validation MAE: 0.9761589, Test MAE: 1.0663753, Test MAE norm: 0.0460643
Epoch: 1660, LR: 0.000010, Loss: 0.0374195, Validation MAE: 0.9746600, Test MAE: 1.0668535, Test MAE norm: 0.0460850
Epoch: 1661, LR: 0.000010, Loss: 0.0374156, Validation MAE: 0.9736125, Test MAE: 1.0671870, Test MAE norm: 0.0460994
Epoch: 1666, LR: 0.000010, Loss: 0.0374099, Validation MAE: 0.9734798, Test MAE: 1.0674776, Test MAE norm: 0.0461119
Epoch: 1676, LR: 0.000010, Loss: 0.0373947, Validation MAE: 0.9744707, Test MAE: 1.0678177, Test MAE norm: 0.0461266
Epoch: 1677, LR: 0.000010, Loss: 0.0374010, Validation MAE: 0.9742737, Test MAE: 1.0674857, Test MAE norm: 0.0461123
Epoch: 1684, LR: 0.000010, Loss: 0.0374456, Validation MAE: 0.9741311, Test MAE: 1.0661653, Test MAE norm: 0.0460552
Epoch: 1685, LR: 0.000010, Loss: 0.0374057, Validation MAE: 0.9738220, Test MAE: 1.0668513, Test MAE norm: 0.0460849
Epoch: 1688, LR: 0.000010, Loss: 0.0374301, Validation MAE: 0.9736824, Test MAE: 1.0672225, Test MAE norm: 0.0461009
Epoch: 1690, LR: 0.000010, Loss: 0.0374318, Validation MAE: 0.9735304, Test MAE: 1.0673717, Test MAE norm: 0.0461074
Epoch: 1696, LR: 0.000010, Loss: 0.0374015, Validation MAE: 0.9734481, Test MAE: 1.0674078, Test MAE norm: 0.0461089
Epoch: 1701, LR: 0.000010, Loss: 0.0373978, Validation MAE: 0.9730923, Test MAE: 1.0678579, Test MAE norm: 0.0461284
Epoch: 1705, LR: 0.000010, Loss: 0.0373935, Validation MAE: 0.9730328, Test MAE: 1.0676919, Test MAE norm: 0.0461212
Epoch: 1713, LR: 0.000010, Loss: 0.0373993, Validation MAE: 0.9730135, Test MAE: 1.0669434, Test MAE norm: 0.0460889
Epoch: 1723, LR: 0.000010, Loss: 0.0373917, Validation MAE: 0.9764028, Test MAE: 1.0678561, Test MAE norm: 0.0461283
Epoch: 1725, LR: 0.000010, Loss: 0.0374528, Validation MAE: 0.9736498, Test MAE: 1.0680903, Test MAE norm: 0.0461384
Epoch: 1726, LR: 0.000010, Loss: 0.0374427, Validation MAE: 0.9735897, Test MAE: 1.0670813, Test MAE norm: 0.0460948
Epoch: 1736, LR: 0.000010, Loss: 0.0374135, Validation MAE: 0.9757875, Test MAE: 1.0674233, Test MAE norm: 0.0461096
Epoch: 1737, LR: 0.000010, Loss: 0.0373781, Validation MAE: 0.9733140, Test MAE: 1.0679041, Test MAE norm: 0.0461304
Epoch: 1738, LR: 0.000010, Loss: 0.0374055, Validation MAE: 0.9728064, Test MAE: 1.0673920, Test MAE norm: 0.0461082
Epoch: 1745, LR: 0.000010, Loss: 0.0373874, Validation MAE: 0.9727796, Test MAE: 1.0666991, Test MAE norm: 0.0460783
Epoch: 1750, LR: 0.000010, Loss: 0.0374287, Validation MAE: 0.9727485, Test MAE: 1.0668679, Test MAE norm: 0.0460856
Epoch: 1754, LR: 0.000010, Loss: 0.0374455, Validation MAE: 0.9727094, Test MAE: 1.0671678, Test MAE norm: 0.0460986
Epoch: 1764, LR: 0.000010, Loss: 0.0373675, Validation MAE: 0.9743052, Test MAE: 1.0667224, Test MAE norm: 0.0460793
Epoch: 1765, LR: 0.000010, Loss: 0.0373740, Validation MAE: 0.9737585, Test MAE: 1.0673128, Test MAE norm: 0.0461048
Epoch: 1766, LR: 0.000010, Loss: 0.0373617, Validation MAE: 0.9724138, Test MAE: 1.0671157, Test MAE norm: 0.0460963
Epoch: 1776, LR: 0.000010, Loss: 0.0373713, Validation MAE: 0.9746186, Test MAE: 1.0668675, Test MAE norm: 0.0460856
Epoch: 1777, LR: 0.000010, Loss: 0.0373685, Validation MAE: 0.9736166, Test MAE: 1.0670264, Test MAE norm: 0.0460924
Epoch: 1778, LR: 0.000010, Loss: 0.0373482, Validation MAE: 0.9731199, Test MAE: 1.0671378, Test MAE norm: 0.0460973
Epoch: 1781, LR: 0.000010, Loss: 0.0374077, Validation MAE: 0.9729033, Test MAE: 1.0671713, Test MAE norm: 0.0460987
Epoch: 1782, LR: 0.000010, Loss: 0.0374064, Validation MAE: 0.9728390, Test MAE: 1.0669737, Test MAE norm: 0.0460902
Epoch: 1790, LR: 0.000010, Loss: 0.0374436, Validation MAE: 0.9725243, Test MAE: 1.0676469, Test MAE norm: 0.0461192
Epoch: 1800, LR: 0.000010, Loss: 0.0373574, Validation MAE: 0.9731867, Test MAE: 1.0663663, Test MAE norm: 0.0460639
Epoch: 1802, LR: 0.000010, Loss: 0.0373415, Validation MAE: 0.9727598, Test MAE: 1.0665601, Test MAE norm: 0.0460723
Epoch: 1806, LR: 0.000010, Loss: 0.0373955, Validation MAE: 0.9726540, Test MAE: 1.0668138, Test MAE norm: 0.0460833
Epoch: 1811, LR: 0.000010, Loss: 0.0373725, Validation MAE: 0.9721194, Test MAE: 1.0674713, Test MAE norm: 0.0461117
Epoch: 1821, LR: 0.000010, Loss: 0.0373455, Validation MAE: 0.9761264, Test MAE: 1.0670679, Test MAE norm: 0.0460942
Epoch: 1822, LR: 0.000010, Loss: 0.0373713, Validation MAE: 0.9721418, Test MAE: 1.0668864, Test MAE norm: 0.0460864
Epoch: 1832, LR: 0.000010, Loss: 0.0373484, Validation MAE: 0.9731700, Test MAE: 1.0673300, Test MAE norm: 0.0461056
Epoch: 1833, LR: 0.000010, Loss: 0.0373316, Validation MAE: 0.9726555, Test MAE: 1.0671252, Test MAE norm: 0.0460967
Epoch: 1837, LR: 0.000010, Loss: 0.0373274, Validation MAE: 0.9717774, Test MAE: 1.0670217, Test MAE norm: 0.0460922
Epoch: 1847, LR: 0.000010, Loss: 0.0373382, Validation MAE: 0.9722770, Test MAE: 1.0663029, Test MAE norm: 0.0460612
Epoch: 1849, LR: 0.000010, Loss: 0.0373352, Validation MAE: 0.9722241, Test MAE: 1.0666466, Test MAE norm: 0.0460760
Epoch: 1852, LR: 0.000010, Loss: 0.0373202, Validation MAE: 0.9718127, Test MAE: 1.0668434, Test MAE norm: 0.0460845
Epoch: 1862, LR: 0.000010, Loss: 0.0373245, Validation MAE: 0.9725131, Test MAE: 1.0673805, Test MAE norm: 0.0461077
Epoch: 1863, LR: 0.000010, Loss: 0.0372959, Validation MAE: 0.9715368, Test MAE: 1.0677872, Test MAE norm: 0.0461253
Epoch: 1864, LR: 0.000010, Loss: 0.0373201, Validation MAE: 0.9713392, Test MAE: 1.0676694, Test MAE norm: 0.0461202
Epoch: 1874, LR: 0.000010, Loss: 0.0373487, Validation MAE: 0.9724526, Test MAE: 1.0683279, Test MAE norm: 0.0461487
Epoch: 1876, LR: 0.000010, Loss: 0.0373346, Validation MAE: 0.9715090, Test MAE: 1.0681851, Test MAE norm: 0.0461425
Epoch: 1885, LR: 0.000010, Loss: 0.0373319, Validation MAE: 0.9714521, Test MAE: 1.0677495, Test MAE norm: 0.0461237
Epoch: 1895, LR: 0.000010, Loss: 0.0373641, Validation MAE: 0.9743185, Test MAE: 1.0673147, Test MAE norm: 0.0461049
Epoch: 1896, LR: 0.000010, Loss: 0.0373203, Validation MAE: 0.9725822, Test MAE: 1.0675488, Test MAE norm: 0.0461150
Epoch: 1900, LR: 0.000010, Loss: 0.0373332, Validation MAE: 0.9714233, Test MAE: 1.0674677, Test MAE norm: 0.0461115
Epoch: 1905, LR: 0.000010, Loss: 0.0373040, Validation MAE: 0.9712362, Test MAE: 1.0661724, Test MAE norm: 0.0460556
Epoch: 1915, LR: 0.000010, Loss: 0.0373023, Validation MAE: 0.9730415, Test MAE: 1.0670943, Test MAE norm: 0.0460954
Epoch: 1918, LR: 0.000010, Loss: 0.0374802, Validation MAE: 0.9716815, Test MAE: 1.0674514, Test MAE norm: 0.0461108
Epoch: 1923, LR: 0.000010, Loss: 0.0373740, Validation MAE: 0.9708512, Test MAE: 1.0674264, Test MAE norm: 0.0461097
Epoch: 1933, LR: 0.000010, Loss: 0.0373432, Validation MAE: 0.9770884, Test MAE: 1.0676677, Test MAE norm: 0.0461201
Epoch: 1934, LR: 0.000010, Loss: 0.0373753, Validation MAE: 0.9712939, Test MAE: 1.0673051, Test MAE norm: 0.0461045
Epoch: 1935, LR: 0.000010, Loss: 0.0373134, Validation MAE: 0.9712456, Test MAE: 1.0677108, Test MAE norm: 0.0461220
Epoch: 1945, LR: 0.000010, Loss: 0.0374147, Validation MAE: 0.9715275, Test MAE: 1.0665931, Test MAE norm: 0.0460737
Epoch: 1946, LR: 0.000010, Loss: 0.0372963, Validation MAE: 0.9711543, Test MAE: 1.0662780, Test MAE norm: 0.0460601
Epoch: 1956, LR: 0.000010, Loss: 0.0373020, Validation MAE: 0.9710714, Test MAE: 1.0672721, Test MAE norm: 0.0461031
Epoch: 1957, LR: 0.000010, Loss: 0.0372879, Validation MAE: 0.9707335, Test MAE: 1.0668676, Test MAE norm: 0.0460856
Epoch: 1963, LR: 0.000010, Loss: 0.0372781, Validation MAE: 0.9704862, Test MAE: 1.0666065, Test MAE norm: 0.0460743
Epoch: 1973, LR: 0.000010, Loss: 0.0373141, Validation MAE: 0.9711758, Test MAE: 1.0669974, Test MAE norm: 0.0460912
Epoch: 1974, LR: 0.000010, Loss: 0.0372787, Validation MAE: 0.9709547, Test MAE: 1.0670104, Test MAE norm: 0.0460918
Epoch: 1977, LR: 0.000010, Loss: 0.0373403, Validation MAE: 0.9709290, Test MAE: 1.0671505, Test MAE norm: 0.0460978
Epoch: 1985, LR: 0.000010, Loss: 0.0372724, Validation MAE: 0.9709238, Test MAE: 1.0672072, Test MAE norm: 0.0461003
Epoch: 1989, LR: 0.000010, Loss: 0.0372868, Validation MAE: 0.9699467, Test MAE: 1.0668573, Test MAE norm: 0.0460851
Epoch: 1999, LR: 0.000010, Loss: 0.0374061, Validation MAE: 0.9706364, Test MAE: 1.0662168, Test MAE norm: 0.0460575
Epoch: 1999, LR: 0.000010, Loss: 0.0374061, Validation MAE: 0.9706364, Test MAE: 1.0662168, Test MAE norm: 0.0460575