Command line input: python run_count.py --batch_size 256 --target 6 --model NGNN --h 3 --seed 1 --epoch 2000 --dataset easy-1
Mean = 15.135, Std = 53.028
Using NGNN model

Epoch: 001, LR: 0.001000, Loss: 0.3934837, Validation MAE: 32.8181152, Test MAE: 30.0167427, Test MAE norm: 0.5660519
Epoch: 002, LR: 0.001000, Loss: 0.5214894, Validation MAE: 19.2298164, Test MAE: 17.1976604, Test MAE norm: 0.3243113
Epoch: 003, LR: 0.001000, Loss: 0.2931061, Validation MAE: 16.9788818, Test MAE: 16.2011604, Test MAE norm: 0.3055194
Epoch: 005, LR: 0.001000, Loss: 0.3158706, Validation MAE: 13.5209017, Test MAE: 12.9313011, Test MAE norm: 0.2438568
Epoch: 006, LR: 0.001000, Loss: 0.2339379, Validation MAE: 10.3222456, Test MAE: 9.3076591, Test MAE norm: 0.1755227
Epoch: 009, LR: 0.001000, Loss: 0.1759705, Validation MAE: 8.7729425, Test MAE: 8.1375742, Test MAE norm: 0.1534573
Epoch: 015, LR: 0.001000, Loss: 0.1583188, Validation MAE: 8.4933558, Test MAE: 7.7603335, Test MAE norm: 0.1463434
Epoch: 016, LR: 0.001000, Loss: 0.1428147, Validation MAE: 7.5503306, Test MAE: 7.1617532, Test MAE norm: 0.1350554
Epoch: 019, LR: 0.001000, Loss: 0.1365377, Validation MAE: 6.1018538, Test MAE: 5.5962219, Test MAE norm: 0.1055328
Epoch: 029, LR: 0.001000, Loss: 0.1402851, Validation MAE: 9.1944790, Test MAE: 8.2860222, Test MAE norm: 0.1562568
Epoch: 030, LR: 0.001000, Loss: 0.1421382, Validation MAE: 8.5131006, Test MAE: 7.7033687, Test MAE norm: 0.1452691
Epoch: 031, LR: 0.000900, Loss: 0.1344422, Validation MAE: 7.4135928, Test MAE: 6.5095587, Test MAE norm: 0.1227564
Epoch: 035, LR: 0.000900, Loss: 0.1215999, Validation MAE: 7.1800709, Test MAE: 6.8472018, Test MAE norm: 0.1291237
Epoch: 037, LR: 0.000900, Loss: 0.1312177, Validation MAE: 6.5137424, Test MAE: 5.3076606, Test MAE norm: 0.1000912
Epoch: 038, LR: 0.000900, Loss: 0.1166055, Validation MAE: 6.3490553, Test MAE: 6.2615013, Test MAE norm: 0.1180786
Epoch: 040, LR: 0.000900, Loss: 0.1160593, Validation MAE: 6.0467677, Test MAE: 5.5221124, Test MAE norm: 0.1041353
Epoch: 041, LR: 0.000900, Loss: 0.1019358, Validation MAE: 6.0050039, Test MAE: 5.6302223, Test MAE norm: 0.1061740
Epoch: 043, LR: 0.000900, Loss: 0.1039381, Validation MAE: 5.4280658, Test MAE: 5.8809333, Test MAE norm: 0.1109019
Epoch: 047, LR: 0.000900, Loss: 0.1012464, Validation MAE: 4.8085384, Test MAE: 5.5369124, Test MAE norm: 0.1044144
Epoch: 049, LR: 0.000900, Loss: 0.0957987, Validation MAE: 4.7079587, Test MAE: 4.9426923, Test MAE norm: 0.0932087
Epoch: 056, LR: 0.000900, Loss: 0.0903491, Validation MAE: 4.6813002, Test MAE: 4.8231854, Test MAE norm: 0.0909550
Epoch: 058, LR: 0.000900, Loss: 0.0914430, Validation MAE: 4.0842543, Test MAE: 4.9040179, Test MAE norm: 0.0924793
Epoch: 063, LR: 0.000900, Loss: 0.0809757, Validation MAE: 3.8439891, Test MAE: 4.5480981, Test MAE norm: 0.0857675
Epoch: 073, LR: 0.000900, Loss: 0.0691892, Validation MAE: 4.4948354, Test MAE: 4.3078413, Test MAE norm: 0.0812367
Epoch: 074, LR: 0.000900, Loss: 0.0780581, Validation MAE: 3.8208609, Test MAE: 4.4179721, Test MAE norm: 0.0833136
Epoch: 083, LR: 0.000900, Loss: 0.0652044, Validation MAE: 3.7686977, Test MAE: 4.4124112, Test MAE norm: 0.0832087
Epoch: 084, LR: 0.000900, Loss: 0.0652496, Validation MAE: 3.7187452, Test MAE: 4.2316127, Test MAE norm: 0.0797992
Epoch: 085, LR: 0.000900, Loss: 0.0626103, Validation MAE: 3.6236527, Test MAE: 4.2289853, Test MAE norm: 0.0797497
Epoch: 089, LR: 0.000900, Loss: 0.0640892, Validation MAE: 3.5499620, Test MAE: 4.0292163, Test MAE norm: 0.0759824
Epoch: 099, LR: 0.000900, Loss: 0.0632560, Validation MAE: 4.0707784, Test MAE: 4.4138756, Test MAE norm: 0.0832363
Epoch: 100, LR: 0.000900, Loss: 0.0702997, Validation MAE: 3.9365377, Test MAE: 4.6344857, Test MAE norm: 0.0873965
Epoch: 105, LR: 0.000810, Loss: 0.0669698, Validation MAE: 3.6006172, Test MAE: 4.2832541, Test MAE norm: 0.0807731
Epoch: 107, LR: 0.000810, Loss: 0.0627214, Validation MAE: 3.5275900, Test MAE: 4.0352640, Test MAE norm: 0.0760965
Epoch: 108, LR: 0.000810, Loss: 0.0586607, Validation MAE: 3.4421983, Test MAE: 4.0147042, Test MAE norm: 0.0757088
Epoch: 118, LR: 0.000810, Loss: 0.0611372, Validation MAE: 3.5181823, Test MAE: 3.8773305, Test MAE norm: 0.0731182
Epoch: 121, LR: 0.000729, Loss: 0.0629447, Validation MAE: 3.2589014, Test MAE: 3.7120957, Test MAE norm: 0.0700022
Epoch: 131, LR: 0.000729, Loss: 0.0612675, Validation MAE: 3.9251401, Test MAE: 4.1428390, Test MAE norm: 0.0781251
Epoch: 132, LR: 0.000729, Loss: 0.0653610, Validation MAE: 3.8045042, Test MAE: 4.1247978, Test MAE norm: 0.0777849
Epoch: 133, LR: 0.000656, Loss: 0.0631379, Validation MAE: 3.5840898, Test MAE: 4.1922731, Test MAE norm: 0.0790574
Epoch: 134, LR: 0.000656, Loss: 0.0622638, Validation MAE: 3.5255396, Test MAE: 4.1419201, Test MAE norm: 0.0781078
Epoch: 138, LR: 0.000656, Loss: 0.0622191, Validation MAE: 3.4857144, Test MAE: 4.0796499, Test MAE norm: 0.0769335
Epoch: 141, LR: 0.000656, Loss: 0.0615211, Validation MAE: 3.4805179, Test MAE: 4.0249753, Test MAE norm: 0.0759025
Epoch: 142, LR: 0.000656, Loss: 0.0620711, Validation MAE: 3.3839808, Test MAE: 3.9622040, Test MAE norm: 0.0747187
Epoch: 149, LR: 0.000590, Loss: 0.0614274, Validation MAE: 3.3521760, Test MAE: 3.9453537, Test MAE norm: 0.0744010
Epoch: 150, LR: 0.000590, Loss: 0.0601324, Validation MAE: 3.3296525, Test MAE: 3.9172087, Test MAE norm: 0.0738702
Epoch: 157, LR: 0.000531, Loss: 0.0567782, Validation MAE: 3.2210193, Test MAE: 3.8524382, Test MAE norm: 0.0726488
Epoch: 167, LR: 0.000531, Loss: 0.0558181, Validation MAE: 3.4659603, Test MAE: 3.8079224, Test MAE norm: 0.0718093
Epoch: 169, LR: 0.000478, Loss: 0.0553509, Validation MAE: 3.4203000, Test MAE: 3.7779744, Test MAE norm: 0.0712446
Epoch: 170, LR: 0.000478, Loss: 0.0558969, Validation MAE: 3.3579369, Test MAE: 3.7456717, Test MAE norm: 0.0706354
Epoch: 174, LR: 0.000478, Loss: 0.0551042, Validation MAE: 3.2886117, Test MAE: 3.7422469, Test MAE norm: 0.0705708
Epoch: 176, LR: 0.000478, Loss: 0.0555702, Validation MAE: 3.0904496, Test MAE: 3.7498634, Test MAE norm: 0.0707144
Epoch: 184, LR: 0.000478, Loss: 0.0569030, Validation MAE: 3.0789185, Test MAE: 3.6656623, Test MAE norm: 0.0691266
Epoch: 194, LR: 0.000478, Loss: 0.0565839, Validation MAE: 3.1624210, Test MAE: 3.7625284, Test MAE norm: 0.0709533
Epoch: 198, LR: 0.000430, Loss: 0.0543130, Validation MAE: 3.0906332, Test MAE: 3.6507721, Test MAE norm: 0.0688458
Epoch: 203, LR: 0.000430, Loss: 0.0621853, Validation MAE: 3.0715563, Test MAE: 3.7248418, Test MAE norm: 0.0702426
Epoch: 213, LR: 0.000430, Loss: 0.0584186, Validation MAE: 3.1233332, Test MAE: 3.6674659, Test MAE norm: 0.0691606
Epoch: 216, LR: 0.000387, Loss: 0.0560026, Validation MAE: 3.0264397, Test MAE: 3.6395547, Test MAE norm: 0.0686343
Epoch: 225, LR: 0.000387, Loss: 0.0541000, Validation MAE: 3.0218163, Test MAE: 3.6890514, Test MAE norm: 0.0695677
Epoch: 229, LR: 0.000387, Loss: 0.0540793, Validation MAE: 3.0136905, Test MAE: 3.6683695, Test MAE norm: 0.0691776
Epoch: 233, LR: 0.000387, Loss: 0.0522936, Validation MAE: 2.9784632, Test MAE: 3.5887997, Test MAE norm: 0.0676771
Epoch: 243, LR: 0.000387, Loss: 0.0524083, Validation MAE: 3.2161808, Test MAE: 3.5845757, Test MAE norm: 0.0675975
Epoch: 244, LR: 0.000387, Loss: 0.0515686, Validation MAE: 3.1817474, Test MAE: 3.6301558, Test MAE norm: 0.0684570
Epoch: 247, LR: 0.000349, Loss: 0.0520000, Validation MAE: 3.0959926, Test MAE: 3.5762050, Test MAE norm: 0.0674396
Epoch: 254, LR: 0.000349, Loss: 0.0519171, Validation MAE: 3.0367484, Test MAE: 3.5747783, Test MAE norm: 0.0674127
Epoch: 263, LR: 0.000314, Loss: 0.0523645, Validation MAE: 2.8777738, Test MAE: 3.5174417, Test MAE norm: 0.0663315
Epoch: 273, LR: 0.000314, Loss: 0.0508230, Validation MAE: 2.9659221, Test MAE: 3.5579464, Test MAE norm: 0.0670953
Epoch: 279, LR: 0.000282, Loss: 0.0519786, Validation MAE: 2.9139082, Test MAE: 3.4941130, Test MAE norm: 0.0658915
Epoch: 289, LR: 0.000254, Loss: 0.0503897, Validation MAE: 3.1155894, Test MAE: 3.4919486, Test MAE norm: 0.0658507
Epoch: 290, LR: 0.000254, Loss: 0.0506486, Validation MAE: 3.0918586, Test MAE: 3.4998777, Test MAE norm: 0.0660002
Epoch: 293, LR: 0.000254, Loss: 0.0508061, Validation MAE: 3.0859799, Test MAE: 3.5558956, Test MAE norm: 0.0670566
Epoch: 297, LR: 0.000229, Loss: 0.0497672, Validation MAE: 3.0527031, Test MAE: 3.4651160, Test MAE norm: 0.0653447
Epoch: 300, LR: 0.000229, Loss: 0.0506625, Validation MAE: 2.9554181, Test MAE: 3.5899553, Test MAE norm: 0.0676989
Epoch: 310, LR: 0.000206, Loss: 0.0504044, Validation MAE: 2.9019580, Test MAE: 3.3118427, Test MAE norm: 0.0624543
Epoch: 320, LR: 0.000185, Loss: 0.0500206, Validation MAE: 2.8673549, Test MAE: 3.3686409, Test MAE norm: 0.0635254
Epoch: 330, LR: 0.000185, Loss: 0.0487023, Validation MAE: 2.9216032, Test MAE: 3.4163465, Test MAE norm: 0.0644250
Epoch: 340, LR: 0.000167, Loss: 0.0495143, Validation MAE: 2.9139543, Test MAE: 3.3251095, Test MAE norm: 0.0627045
Epoch: 350, LR: 0.000150, Loss: 0.0495149, Validation MAE: 3.1759067, Test MAE: 3.4936695, Test MAE norm: 0.0658832
Epoch: 351, LR: 0.000150, Loss: 0.0493329, Validation MAE: 3.0504973, Test MAE: 3.4788654, Test MAE norm: 0.0656040
Epoch: 356, LR: 0.000135, Loss: 0.0491496, Validation MAE: 2.9696109, Test MAE: 3.3885295, Test MAE norm: 0.0639005
Epoch: 366, LR: 0.000122, Loss: 0.0484504, Validation MAE: 3.1774988, Test MAE: 3.3707931, Test MAE norm: 0.0635660
Epoch: 367, LR: 0.000122, Loss: 0.0490543, Validation MAE: 3.0192974, Test MAE: 3.3965719, Test MAE norm: 0.0640521
Epoch: 369, LR: 0.000122, Loss: 0.0485493, Validation MAE: 2.9817345, Test MAE: 3.2544672, Test MAE norm: 0.0613723
Epoch: 376, LR: 0.000109, Loss: 0.0490383, Validation MAE: 2.8811674, Test MAE: 3.2636542, Test MAE norm: 0.0615456
Epoch: 386, LR: 0.000109, Loss: 0.0490156, Validation MAE: 3.2200065, Test MAE: 3.2040889, Test MAE norm: 0.0604223
Epoch: 387, LR: 0.000098, Loss: 0.0487058, Validation MAE: 3.0302849, Test MAE: 3.1534910, Test MAE norm: 0.0594681
Epoch: 388, LR: 0.000098, Loss: 0.0488713, Validation MAE: 2.8881955, Test MAE: 3.1415677, Test MAE norm: 0.0592433
Epoch: 394, LR: 0.000098, Loss: 0.0478635, Validation MAE: 2.8625126, Test MAE: 3.1740806, Test MAE norm: 0.0598564
Epoch: 404, LR: 0.000098, Loss: 0.0478469, Validation MAE: 3.0806119, Test MAE: 3.2074258, Test MAE norm: 0.0604852
Epoch: 406, LR: 0.000089, Loss: 0.0480452, Validation MAE: 2.9905889, Test MAE: 3.2276855, Test MAE norm: 0.0608673
Epoch: 407, LR: 0.000089, Loss: 0.0477632, Validation MAE: 2.9012327, Test MAE: 3.2894363, Test MAE norm: 0.0620318
Epoch: 417, LR: 0.000080, Loss: 0.0478550, Validation MAE: 3.0654633, Test MAE: 3.2858605, Test MAE norm: 0.0619643
Epoch: 418, LR: 0.000080, Loss: 0.0475489, Validation MAE: 3.0107858, Test MAE: 3.2441058, Test MAE norm: 0.0611769
Epoch: 419, LR: 0.000080, Loss: 0.0474942, Validation MAE: 2.9858627, Test MAE: 3.2399466, Test MAE norm: 0.0610985
Epoch: 429, LR: 0.000072, Loss: 0.0476237, Validation MAE: 3.0747170, Test MAE: 3.2249973, Test MAE norm: 0.0608166
Epoch: 431, LR: 0.000072, Loss: 0.0476140, Validation MAE: 3.0057452, Test MAE: 3.2050867, Test MAE norm: 0.0604411
Epoch: 432, LR: 0.000072, Loss: 0.0474651, Validation MAE: 2.9120953, Test MAE: 3.2375438, Test MAE norm: 0.0610532
Epoch: 441, LR: 0.000065, Loss: 0.0476860, Validation MAE: 2.8523364, Test MAE: 3.1656384, Test MAE norm: 0.0596972
Epoch: 451, LR: 0.000065, Loss: 0.0473742, Validation MAE: 3.0318775, Test MAE: 3.2467568, Test MAE norm: 0.0612269
Epoch: 455, LR: 0.000058, Loss: 0.0472167, Validation MAE: 3.0281949, Test MAE: 3.2487164, Test MAE norm: 0.0612639
Epoch: 463, LR: 0.000058, Loss: 0.0471938, Validation MAE: 3.0255048, Test MAE: 3.2189960, Test MAE norm: 0.0607034
Epoch: 464, LR: 0.000052, Loss: 0.0471742, Validation MAE: 3.0205295, Test MAE: 3.2097332, Test MAE norm: 0.0605287
Epoch: 474, LR: 0.000052, Loss: 0.0471149, Validation MAE: 3.0919840, Test MAE: 3.2414560, Test MAE norm: 0.0611270
Epoch: 475, LR: 0.000047, Loss: 0.0471746, Validation MAE: 3.0450277, Test MAE: 3.2510042, Test MAE norm: 0.0613070
Epoch: 484, LR: 0.000047, Loss: 0.0470437, Validation MAE: 3.0375924, Test MAE: 3.1901085, Test MAE norm: 0.0601587
Epoch: 485, LR: 0.000047, Loss: 0.0470730, Validation MAE: 3.0163639, Test MAE: 3.1799755, Test MAE norm: 0.0599676
Epoch: 495, LR: 0.000042, Loss: 0.0469963, Validation MAE: 3.0804090, Test MAE: 3.2006941, Test MAE norm: 0.0603583
Epoch: 498, LR: 0.000038, Loss: 0.0469716, Validation MAE: 3.0465178, Test MAE: 3.2096510, Test MAE norm: 0.0605272
Epoch: 503, LR: 0.000038, Loss: 0.0470114, Validation MAE: 3.0061848, Test MAE: 3.2082498, Test MAE norm: 0.0605008
Epoch: 513, LR: 0.000034, Loss: 0.0470352, Validation MAE: 3.0432243, Test MAE: 3.1979837, Test MAE norm: 0.0603072
Epoch: 523, LR: 0.000031, Loss: 0.0468783, Validation MAE: 3.0564239, Test MAE: 3.1921854, Test MAE norm: 0.0601978
Epoch: 524, LR: 0.000031, Loss: 0.0469032, Validation MAE: 3.0492704, Test MAE: 3.1942127, Test MAE norm: 0.0602361
Epoch: 532, LR: 0.000028, Loss: 0.0468517, Validation MAE: 3.0444503, Test MAE: 3.1887517, Test MAE norm: 0.0601331
Epoch: 537, LR: 0.000028, Loss: 0.0468891, Validation MAE: 3.0291290, Test MAE: 3.1783876, Test MAE norm: 0.0599376
Epoch: 547, LR: 0.000025, Loss: 0.0468655, Validation MAE: 3.0785990, Test MAE: 3.1856921, Test MAE norm: 0.0600754
Epoch: 557, LR: 0.000023, Loss: 0.0467496, Validation MAE: 3.0780880, Test MAE: 3.1711338, Test MAE norm: 0.0598008
Epoch: 566, LR: 0.000020, Loss: 0.0467291, Validation MAE: 3.0646818, Test MAE: 3.1727228, Test MAE norm: 0.0598308
Epoch: 571, LR: 0.000020, Loss: 0.0467097, Validation MAE: 3.0640371, Test MAE: 3.1752255, Test MAE norm: 0.0598780
Epoch: 581, LR: 0.000018, Loss: 0.0467035, Validation MAE: 3.0622587, Test MAE: 3.1745739, Test MAE norm: 0.0598657
Epoch: 591, LR: 0.000016, Loss: 0.0467327, Validation MAE: 3.0847180, Test MAE: 3.1539681, Test MAE norm: 0.0594771
Epoch: 592, LR: 0.000016, Loss: 0.0466569, Validation MAE: 3.0775774, Test MAE: 3.1639829, Test MAE norm: 0.0596660
Epoch: 597, LR: 0.000015, Loss: 0.0466621, Validation MAE: 3.0714085, Test MAE: 3.1610818, Test MAE norm: 0.0596113
Epoch: 607, LR: 0.000013, Loss: 0.0466702, Validation MAE: 3.1186094, Test MAE: 3.1480057, Test MAE norm: 0.0593647
Epoch: 608, LR: 0.000013, Loss: 0.0466418, Validation MAE: 3.0887868, Test MAE: 3.1496034, Test MAE norm: 0.0593948
Epoch: 609, LR: 0.000013, Loss: 0.0466386, Validation MAE: 3.0783026, Test MAE: 3.1496165, Test MAE norm: 0.0593951
Epoch: 619, LR: 0.000012, Loss: 0.0466432, Validation MAE: 3.1008921, Test MAE: 3.1430745, Test MAE norm: 0.0592717
Epoch: 620, LR: 0.000012, Loss: 0.0466228, Validation MAE: 3.0799589, Test MAE: 3.1612732, Test MAE norm: 0.0596149
Epoch: 626, LR: 0.000012, Loss: 0.0465983, Validation MAE: 3.0668135, Test MAE: 3.1505833, Test MAE norm: 0.0594133
Epoch: 627, LR: 0.000012, Loss: 0.0466675, Validation MAE: 3.0600262, Test MAE: 3.1463668, Test MAE norm: 0.0593338
Epoch: 637, LR: 0.000011, Loss: 0.0465996, Validation MAE: 3.1034491, Test MAE: 3.1411850, Test MAE norm: 0.0592361
Epoch: 638, LR: 0.000011, Loss: 0.0466240, Validation MAE: 3.0980711, Test MAE: 3.1430931, Test MAE norm: 0.0592720
Epoch: 639, LR: 0.000011, Loss: 0.0466160, Validation MAE: 3.0879364, Test MAE: 3.1517694, Test MAE norm: 0.0594357
Epoch: 649, LR: 0.000010, Loss: 0.0465858, Validation MAE: 3.1176298, Test MAE: 3.1552222, Test MAE norm: 0.0595008
Epoch: 650, LR: 0.000010, Loss: 0.0465777, Validation MAE: 3.1161442, Test MAE: 3.1504323, Test MAE norm: 0.0594105
Epoch: 651, LR: 0.000010, Loss: 0.0465698, Validation MAE: 3.1103871, Test MAE: 3.1468318, Test MAE norm: 0.0593426
Epoch: 652, LR: 0.000010, Loss: 0.0465731, Validation MAE: 3.0999835, Test MAE: 3.1489527, Test MAE norm: 0.0593825
Epoch: 653, LR: 0.000010, Loss: 0.0465761, Validation MAE: 3.0939977, Test MAE: 3.1521289, Test MAE norm: 0.0594424
Epoch: 654, LR: 0.000010, Loss: 0.0465826, Validation MAE: 3.0904934, Test MAE: 3.1518917, Test MAE norm: 0.0594380
Epoch: 664, LR: 0.000010, Loss: 0.0465616, Validation MAE: 3.1170659, Test MAE: 3.1464117, Test MAE norm: 0.0593346
Epoch: 665, LR: 0.000010, Loss: 0.0465739, Validation MAE: 3.1139040, Test MAE: 3.1521935, Test MAE norm: 0.0594437
Epoch: 666, LR: 0.000010, Loss: 0.0465613, Validation MAE: 3.1121950, Test MAE: 3.1578791, Test MAE norm: 0.0595509
Epoch: 672, LR: 0.000010, Loss: 0.0465503, Validation MAE: 3.1107466, Test MAE: 3.1458254, Test MAE norm: 0.0593236
Epoch: 673, LR: 0.000010, Loss: 0.0465629, Validation MAE: 3.1102996, Test MAE: 3.1445947, Test MAE norm: 0.0593004
Epoch: 675, LR: 0.000010, Loss: 0.0465586, Validation MAE: 3.1092412, Test MAE: 3.1476908, Test MAE norm: 0.0593587
Epoch: 676, LR: 0.000010, Loss: 0.0465584, Validation MAE: 3.1060619, Test MAE: 3.1502564, Test MAE norm: 0.0594071
Epoch: 677, LR: 0.000010, Loss: 0.0465551, Validation MAE: 3.1037147, Test MAE: 3.1545191, Test MAE norm: 0.0594875
Epoch: 686, LR: 0.000010, Loss: 0.0465409, Validation MAE: 3.0859795, Test MAE: 3.1544588, Test MAE norm: 0.0594864
Epoch: 696, LR: 0.000010, Loss: 0.0465281, Validation MAE: 3.0947123, Test MAE: 3.1428709, Test MAE norm: 0.0592679
Epoch: 706, LR: 0.000010, Loss: 0.0465180, Validation MAE: 3.0857868, Test MAE: 3.1510746, Test MAE norm: 0.0594226
Epoch: 716, LR: 0.000010, Loss: 0.0465160, Validation MAE: 3.1020367, Test MAE: 3.1431479, Test MAE norm: 0.0592731
Epoch: 717, LR: 0.000010, Loss: 0.0465221, Validation MAE: 3.0879242, Test MAE: 3.1460414, Test MAE norm: 0.0593276
Epoch: 727, LR: 0.000010, Loss: 0.0464834, Validation MAE: 3.1172202, Test MAE: 3.1393023, Test MAE norm: 0.0592006
Epoch: 729, LR: 0.000010, Loss: 0.0464985, Validation MAE: 3.1169105, Test MAE: 3.1443696, Test MAE norm: 0.0592961
Epoch: 732, LR: 0.000010, Loss: 0.0465110, Validation MAE: 3.1111796, Test MAE: 3.1526172, Test MAE norm: 0.0594517
Epoch: 735, LR: 0.000010, Loss: 0.0464848, Validation MAE: 3.1093516, Test MAE: 3.1316655, Test MAE norm: 0.0590565
Epoch: 736, LR: 0.000010, Loss: 0.0464848, Validation MAE: 3.0992298, Test MAE: 3.1379604, Test MAE norm: 0.0591753
Epoch: 737, LR: 0.000010, Loss: 0.0464656, Validation MAE: 3.0937552, Test MAE: 3.1445241, Test MAE norm: 0.0592990
Epoch: 747, LR: 0.000010, Loss: 0.0464628, Validation MAE: 3.1100235, Test MAE: 3.1422486, Test MAE norm: 0.0592561
Epoch: 748, LR: 0.000010, Loss: 0.0464689, Validation MAE: 3.0956066, Test MAE: 3.1451070, Test MAE norm: 0.0593100
Epoch: 749, LR: 0.000010, Loss: 0.0464824, Validation MAE: 3.0934820, Test MAE: 3.1432712, Test MAE norm: 0.0592754
Epoch: 759, LR: 0.000010, Loss: 0.0464561, Validation MAE: 3.1127644, Test MAE: 3.1363134, Test MAE norm: 0.0591442
Epoch: 760, LR: 0.000010, Loss: 0.0464574, Validation MAE: 3.1101906, Test MAE: 3.1392634, Test MAE norm: 0.0591998
Epoch: 764, LR: 0.000010, Loss: 0.0464334, Validation MAE: 3.1100945, Test MAE: 3.1484728, Test MAE norm: 0.0593735
Epoch: 767, LR: 0.000010, Loss: 0.0464319, Validation MAE: 3.1100171, Test MAE: 3.1337607, Test MAE norm: 0.0590961
Epoch: 768, LR: 0.000010, Loss: 0.0464248, Validation MAE: 3.1065867, Test MAE: 3.1319163, Test MAE norm: 0.0590613
Epoch: 769, LR: 0.000010, Loss: 0.0464147, Validation MAE: 3.0986090, Test MAE: 3.1370239, Test MAE norm: 0.0591576
Epoch: 770, LR: 0.000010, Loss: 0.0464538, Validation MAE: 3.0912793, Test MAE: 3.1421359, Test MAE norm: 0.0592540
Epoch: 780, LR: 0.000010, Loss: 0.0464192, Validation MAE: 3.1230824, Test MAE: 3.1360230, Test MAE norm: 0.0591387
Epoch: 781, LR: 0.000010, Loss: 0.0464338, Validation MAE: 3.0956807, Test MAE: 3.1418626, Test MAE norm: 0.0592488
Epoch: 782, LR: 0.000010, Loss: 0.0464505, Validation MAE: 3.0855525, Test MAE: 3.1435370, Test MAE norm: 0.0592804
Epoch: 792, LR: 0.000010, Loss: 0.0464025, Validation MAE: 3.1003680, Test MAE: 3.1242921, Test MAE norm: 0.0589175
Epoch: 793, LR: 0.000010, Loss: 0.0464166, Validation MAE: 3.0940404, Test MAE: 3.1261361, Test MAE norm: 0.0589523
Epoch: 794, LR: 0.000010, Loss: 0.0464127, Validation MAE: 3.0889611, Test MAE: 3.1342809, Test MAE norm: 0.0591059
Epoch: 801, LR: 0.000010, Loss: 0.0464049, Validation MAE: 3.0751064, Test MAE: 3.1358809, Test MAE norm: 0.0591360
Epoch: 811, LR: 0.000010, Loss: 0.0463933, Validation MAE: 3.0791638, Test MAE: 3.1360245, Test MAE norm: 0.0591387
Epoch: 821, LR: 0.000010, Loss: 0.0463921, Validation MAE: 3.0920546, Test MAE: 3.1370718, Test MAE norm: 0.0591585
Epoch: 831, LR: 0.000010, Loss: 0.0463548, Validation MAE: 3.0913975, Test MAE: 3.1393874, Test MAE norm: 0.0592022
Epoch: 836, LR: 0.000010, Loss: 0.0463718, Validation MAE: 3.0913024, Test MAE: 3.1333280, Test MAE norm: 0.0590879
Epoch: 845, LR: 0.000010, Loss: 0.0463555, Validation MAE: 3.0804691, Test MAE: 3.1288559, Test MAE norm: 0.0590036
Epoch: 855, LR: 0.000010, Loss: 0.0463564, Validation MAE: 3.0802655, Test MAE: 3.1216357, Test MAE norm: 0.0588674
Epoch: 865, LR: 0.000010, Loss: 0.0463290, Validation MAE: 3.0825889, Test MAE: 3.1315498, Test MAE norm: 0.0590544
Epoch: 875, LR: 0.000010, Loss: 0.0463208, Validation MAE: 3.0941765, Test MAE: 3.1315422, Test MAE norm: 0.0590542
Epoch: 885, LR: 0.000010, Loss: 0.0463088, Validation MAE: 3.0922239, Test MAE: 3.1362281, Test MAE norm: 0.0591426
Epoch: 886, LR: 0.000010, Loss: 0.0463070, Validation MAE: 3.0831120, Test MAE: 3.1354895, Test MAE norm: 0.0591287
Epoch: 896, LR: 0.000010, Loss: 0.0463067, Validation MAE: 3.0868161, Test MAE: 3.1247697, Test MAE norm: 0.0589265
Epoch: 906, LR: 0.000010, Loss: 0.0462897, Validation MAE: 3.0992835, Test MAE: 3.1283824, Test MAE norm: 0.0589946
Epoch: 910, LR: 0.000010, Loss: 0.0462834, Validation MAE: 3.0985200, Test MAE: 3.1314733, Test MAE norm: 0.0590529
Epoch: 913, LR: 0.000010, Loss: 0.0462733, Validation MAE: 3.0982785, Test MAE: 3.1276519, Test MAE norm: 0.0589809
Epoch: 916, LR: 0.000010, Loss: 0.0462604, Validation MAE: 3.0962524, Test MAE: 3.1246872, Test MAE norm: 0.0589250
Epoch: 917, LR: 0.000010, Loss: 0.0462640, Validation MAE: 3.0824308, Test MAE: 3.1243978, Test MAE norm: 0.0589195
Epoch: 925, LR: 0.000010, Loss: 0.0462799, Validation MAE: 3.0687327, Test MAE: 3.1187966, Test MAE norm: 0.0588139
Epoch: 935, LR: 0.000010, Loss: 0.0462621, Validation MAE: 3.0853374, Test MAE: 3.1275368, Test MAE norm: 0.0589787
Epoch: 945, LR: 0.000010, Loss: 0.0462387, Validation MAE: 3.0976331, Test MAE: 3.1301596, Test MAE norm: 0.0590281
Epoch: 949, LR: 0.000010, Loss: 0.0462272, Validation MAE: 3.0903342, Test MAE: 3.1236262, Test MAE norm: 0.0589049
Epoch: 953, LR: 0.000010, Loss: 0.0462175, Validation MAE: 3.0869606, Test MAE: 3.1303537, Test MAE norm: 0.0590318
Epoch: 962, LR: 0.000010, Loss: 0.0462062, Validation MAE: 3.0814414, Test MAE: 3.1241455, Test MAE norm: 0.0589147
Epoch: 970, LR: 0.000010, Loss: 0.0462362, Validation MAE: 3.0805657, Test MAE: 3.1239059, Test MAE norm: 0.0589102
Epoch: 971, LR: 0.000010, Loss: 0.0462328, Validation MAE: 3.0722015, Test MAE: 3.1214335, Test MAE norm: 0.0588636
Epoch: 981, LR: 0.000010, Loss: 0.0462205, Validation MAE: 3.0963018, Test MAE: 3.1076772, Test MAE norm: 0.0586042
Epoch: 984, LR: 0.000010, Loss: 0.0461904, Validation MAE: 3.0910296, Test MAE: 3.1257646, Test MAE norm: 0.0589453
Epoch: 988, LR: 0.000010, Loss: 0.0461886, Validation MAE: 3.0909719, Test MAE: 3.1085093, Test MAE norm: 0.0586199
Epoch: 989, LR: 0.000010, Loss: 0.0461870, Validation MAE: 3.0714171, Test MAE: 3.1160300, Test MAE norm: 0.0587617
Epoch: 999, LR: 0.000010, Loss: 0.0461740, Validation MAE: 3.0945144, Test MAE: 3.1247118, Test MAE norm: 0.0589254
Epoch: 1006, LR: 0.000010, Loss: 0.0461880, Validation MAE: 3.0881388, Test MAE: 3.1189857, Test MAE norm: 0.0588174
Epoch: 1007, LR: 0.000010, Loss: 0.0461723, Validation MAE: 3.0772862, Test MAE: 3.1126180, Test MAE norm: 0.0586974
Epoch: 1016, LR: 0.000010, Loss: 0.0461543, Validation MAE: 3.0713310, Test MAE: 3.1072385, Test MAE norm: 0.0585959
Epoch: 1026, LR: 0.000010, Loss: 0.0461855, Validation MAE: 3.0967779, Test MAE: 3.1039042, Test MAE norm: 0.0585330
Epoch: 1029, LR: 0.000010, Loss: 0.0461302, Validation MAE: 3.0781977, Test MAE: 3.1170647, Test MAE norm: 0.0587812
Epoch: 1030, LR: 0.000010, Loss: 0.0461593, Validation MAE: 3.0773432, Test MAE: 3.1182344, Test MAE norm: 0.0588033
Epoch: 1039, LR: 0.000010, Loss: 0.0461197, Validation MAE: 3.0755708, Test MAE: 3.1138537, Test MAE norm: 0.0587207
Epoch: 1049, LR: 0.000010, Loss: 0.0461289, Validation MAE: 3.0704482, Test MAE: 3.1101477, Test MAE norm: 0.0586508
Epoch: 1059, LR: 0.000010, Loss: 0.0460896, Validation MAE: 3.0988462, Test MAE: 3.1191657, Test MAE norm: 0.0588208
Epoch: 1062, LR: 0.000010, Loss: 0.0461323, Validation MAE: 3.0909424, Test MAE: 3.1135495, Test MAE norm: 0.0587149
Epoch: 1063, LR: 0.000010, Loss: 0.0461091, Validation MAE: 3.0771365, Test MAE: 3.0982513, Test MAE norm: 0.0584264
Epoch: 1073, LR: 0.000010, Loss: 0.0461092, Validation MAE: 3.0964141, Test MAE: 3.0963902, Test MAE norm: 0.0583913
Epoch: 1075, LR: 0.000010, Loss: 0.0460979, Validation MAE: 3.0944898, Test MAE: 3.1178956, Test MAE norm: 0.0587969
Epoch: 1079, LR: 0.000010, Loss: 0.0460892, Validation MAE: 3.0934110, Test MAE: 3.1084857, Test MAE norm: 0.0586194
Epoch: 1080, LR: 0.000010, Loss: 0.0460727, Validation MAE: 3.0918553, Test MAE: 3.1130280, Test MAE norm: 0.0587051
Epoch: 1084, LR: 0.000010, Loss: 0.0460512, Validation MAE: 3.0771704, Test MAE: 3.1088858, Test MAE norm: 0.0586270
Epoch: 1094, LR: 0.000010, Loss: 0.0460546, Validation MAE: 3.0956476, Test MAE: 3.1075265, Test MAE norm: 0.0586013
Epoch: 1098, LR: 0.000010, Loss: 0.0460699, Validation MAE: 3.0872211, Test MAE: 3.1055453, Test MAE norm: 0.0585640
Epoch: 1100, LR: 0.000010, Loss: 0.0460677, Validation MAE: 3.0871611, Test MAE: 3.0960026, Test MAE norm: 0.0583840
Epoch: 1101, LR: 0.000010, Loss: 0.0460498, Validation MAE: 3.0816519, Test MAE: 3.1054389, Test MAE norm: 0.0585620
Epoch: 1111, LR: 0.000010, Loss: 0.0460424, Validation MAE: 3.1166975, Test MAE: 3.1087792, Test MAE norm: 0.0586250
Epoch: 1112, LR: 0.000010, Loss: 0.0460411, Validation MAE: 3.0933309, Test MAE: 3.1104228, Test MAE norm: 0.0586560
Epoch: 1113, LR: 0.000010, Loss: 0.0460348, Validation MAE: 3.0901175, Test MAE: 3.1077237, Test MAE norm: 0.0586051
Epoch: 1116, LR: 0.000010, Loss: 0.0460216, Validation MAE: 3.0882719, Test MAE: 3.1125226, Test MAE norm: 0.0586956
Epoch: 1117, LR: 0.000010, Loss: 0.0460441, Validation MAE: 3.0864179, Test MAE: 3.1080425, Test MAE norm: 0.0586111
Epoch: 1121, LR: 0.000010, Loss: 0.0460148, Validation MAE: 3.0835645, Test MAE: 3.1031418, Test MAE norm: 0.0585187
Epoch: 1129, LR: 0.000010, Loss: 0.0460015, Validation MAE: 3.0797994, Test MAE: 3.1036992, Test MAE norm: 0.0585292
Epoch: 1139, LR: 0.000010, Loss: 0.0459906, Validation MAE: 3.0820239, Test MAE: 3.1040859, Test MAE norm: 0.0585365
Epoch: 1140, LR: 0.000010, Loss: 0.0460339, Validation MAE: 3.0744798, Test MAE: 3.0954134, Test MAE norm: 0.0583729
Epoch: 1148, LR: 0.000010, Loss: 0.0460009, Validation MAE: 3.0586696, Test MAE: 3.0998037, Test MAE norm: 0.0584557
Epoch: 1158, LR: 0.000010, Loss: 0.0460056, Validation MAE: 3.1003964, Test MAE: 3.0910864, Test MAE norm: 0.0582913
Epoch: 1160, LR: 0.000010, Loss: 0.0460085, Validation MAE: 3.0902038, Test MAE: 3.1039414, Test MAE norm: 0.0585337
Epoch: 1161, LR: 0.000010, Loss: 0.0459776, Validation MAE: 3.0885046, Test MAE: 3.1101849, Test MAE norm: 0.0586515
Epoch: 1163, LR: 0.000010, Loss: 0.0459751, Validation MAE: 3.0820994, Test MAE: 3.0965075, Test MAE norm: 0.0583935
Epoch: 1164, LR: 0.000010, Loss: 0.0459825, Validation MAE: 3.0737193, Test MAE: 3.0923967, Test MAE norm: 0.0583160
Epoch: 1172, LR: 0.000010, Loss: 0.0459855, Validation MAE: 3.0713813, Test MAE: 3.0905097, Test MAE norm: 0.0582804
Epoch: 1177, LR: 0.000010, Loss: 0.0459554, Validation MAE: 3.0583761, Test MAE: 3.0986760, Test MAE norm: 0.0584344
Epoch: 1178, LR: 0.000010, Loss: 0.0459971, Validation MAE: 3.0534823, Test MAE: 3.0800183, Test MAE norm: 0.0580826
Epoch: 1188, LR: 0.000010, Loss: 0.0459546, Validation MAE: 3.0842977, Test MAE: 3.0962315, Test MAE norm: 0.0583883
Epoch: 1198, LR: 0.000010, Loss: 0.0459500, Validation MAE: 3.0804560, Test MAE: 3.0955870, Test MAE norm: 0.0583762
Epoch: 1199, LR: 0.000010, Loss: 0.0459495, Validation MAE: 3.0751157, Test MAE: 3.0956852, Test MAE norm: 0.0583780
Epoch: 1207, LR: 0.000010, Loss: 0.0459228, Validation MAE: 3.0667257, Test MAE: 3.0956709, Test MAE norm: 0.0583778
Epoch: 1217, LR: 0.000010, Loss: 0.0459439, Validation MAE: 3.0929532, Test MAE: 3.0846643, Test MAE norm: 0.0581702
Epoch: 1218, LR: 0.000010, Loss: 0.0459205, Validation MAE: 3.0804856, Test MAE: 3.0984151, Test MAE norm: 0.0584295
Epoch: 1221, LR: 0.000010, Loss: 0.0459040, Validation MAE: 3.0755589, Test MAE: 3.0893338, Test MAE norm: 0.0582583
Epoch: 1222, LR: 0.000010, Loss: 0.0458757, Validation MAE: 3.0534945, Test MAE: 3.0856633, Test MAE norm: 0.0581890
Epoch: 1232, LR: 0.000010, Loss: 0.0459314, Validation MAE: 3.0787342, Test MAE: 3.0974224, Test MAE norm: 0.0584108
Epoch: 1235, LR: 0.000010, Loss: 0.0458916, Validation MAE: 3.0639832, Test MAE: 3.0977750, Test MAE norm: 0.0584174
Epoch: 1244, LR: 0.000010, Loss: 0.0458713, Validation MAE: 3.0461860, Test MAE: 3.0879104, Test MAE norm: 0.0582314
Epoch: 1254, LR: 0.000010, Loss: 0.0458518, Validation MAE: 3.0746117, Test MAE: 3.1002967, Test MAE norm: 0.0584650
Epoch: 1257, LR: 0.000010, Loss: 0.0458746, Validation MAE: 3.0725420, Test MAE: 3.0851991, Test MAE norm: 0.0581803
Epoch: 1258, LR: 0.000010, Loss: 0.0458317, Validation MAE: 3.0502996, Test MAE: 3.0885460, Test MAE norm: 0.0582434
Epoch: 1263, LR: 0.000010, Loss: 0.0458835, Validation MAE: 3.0452940, Test MAE: 3.1069899, Test MAE norm: 0.0585912
Epoch: 1273, LR: 0.000010, Loss: 0.0458366, Validation MAE: 3.0453243, Test MAE: 3.0840001, Test MAE norm: 0.0581577
Epoch: 1283, LR: 0.000010, Loss: 0.0458196, Validation MAE: 3.0436296, Test MAE: 3.0922010, Test MAE norm: 0.0583123
Epoch: 1293, LR: 0.000010, Loss: 0.0459074, Validation MAE: 3.0575247, Test MAE: 3.0923831, Test MAE norm: 0.0583158
Epoch: 1296, LR: 0.000010, Loss: 0.0458228, Validation MAE: 3.0410306, Test MAE: 3.0908451, Test MAE norm: 0.0582868
Epoch: 1297, LR: 0.000010, Loss: 0.0458755, Validation MAE: 3.0315826, Test MAE: 3.0909059, Test MAE norm: 0.0582879
Epoch: 1307, LR: 0.000010, Loss: 0.0459195, Validation MAE: 3.0434401, Test MAE: 3.0802515, Test MAE norm: 0.0580870
Epoch: 1308, LR: 0.000010, Loss: 0.0458650, Validation MAE: 3.0050941, Test MAE: 3.0872574, Test MAE norm: 0.0582191
Epoch: 1318, LR: 0.000010, Loss: 0.0458019, Validation MAE: 3.0517261, Test MAE: 3.0771165, Test MAE norm: 0.0580279
Epoch: 1319, LR: 0.000010, Loss: 0.0458280, Validation MAE: 3.0380728, Test MAE: 3.0850313, Test MAE norm: 0.0581771
Epoch: 1329, LR: 0.000010, Loss: 0.0457573, Validation MAE: 3.0916467, Test MAE: 3.1038713, Test MAE norm: 0.0585324
Epoch: 1330, LR: 0.000010, Loss: 0.0457813, Validation MAE: 3.0794601, Test MAE: 3.0963948, Test MAE norm: 0.0583914
Epoch: 1331, LR: 0.000010, Loss: 0.0457677, Validation MAE: 3.0727582, Test MAE: 3.0834026, Test MAE norm: 0.0581464
Epoch: 1334, LR: 0.000010, Loss: 0.0457778, Validation MAE: 3.0661731, Test MAE: 3.0824778, Test MAE norm: 0.0581290
Epoch: 1344, LR: 0.000010, Loss: 0.0457599, Validation MAE: 3.0588021, Test MAE: 3.0808225, Test MAE norm: 0.0580978
Epoch: 1354, LR: 0.000010, Loss: 0.0457172, Validation MAE: 3.0917196, Test MAE: 3.0873969, Test MAE norm: 0.0582217
Epoch: 1356, LR: 0.000010, Loss: 0.0457056, Validation MAE: 3.0673614, Test MAE: 3.0782621, Test MAE norm: 0.0580495
Epoch: 1357, LR: 0.000010, Loss: 0.0457419, Validation MAE: 3.0594535, Test MAE: 3.0680029, Test MAE norm: 0.0578560
Epoch: 1367, LR: 0.000010, Loss: 0.0457062, Validation MAE: 3.0908155, Test MAE: 3.0824738, Test MAE norm: 0.0581289
Epoch: 1368, LR: 0.000010, Loss: 0.0457025, Validation MAE: 3.0905762, Test MAE: 3.0824244, Test MAE norm: 0.0581280
Epoch: 1369, LR: 0.000010, Loss: 0.0457136, Validation MAE: 3.0820155, Test MAE: 3.0849175, Test MAE norm: 0.0581750
Epoch: 1370, LR: 0.000010, Loss: 0.0456954, Validation MAE: 3.0797296, Test MAE: 3.0793064, Test MAE norm: 0.0580692
Epoch: 1373, LR: 0.000010, Loss: 0.0456767, Validation MAE: 3.0777960, Test MAE: 3.0931544, Test MAE norm: 0.0583303
Epoch: 1378, LR: 0.000010, Loss: 0.0456643, Validation MAE: 3.0770414, Test MAE: 3.0789070, Test MAE norm: 0.0580616
Epoch: 1379, LR: 0.000010, Loss: 0.0456704, Validation MAE: 3.0759656, Test MAE: 3.0765331, Test MAE norm: 0.0580169
Epoch: 1381, LR: 0.000010, Loss: 0.0456997, Validation MAE: 3.0617917, Test MAE: 3.0742834, Test MAE norm: 0.0579744
Epoch: 1385, LR: 0.000010, Loss: 0.0456596, Validation MAE: 3.0506413, Test MAE: 3.0825493, Test MAE norm: 0.0581303
Epoch: 1395, LR: 0.000010, Loss: 0.0457155, Validation MAE: 3.0809236, Test MAE: 3.0765655, Test MAE norm: 0.0580175
Epoch: 1398, LR: 0.000010, Loss: 0.0456673, Validation MAE: 3.0658739, Test MAE: 3.0836666, Test MAE norm: 0.0581514
Epoch: 1401, LR: 0.000010, Loss: 0.0456474, Validation MAE: 3.0602770, Test MAE: 3.0691528, Test MAE norm: 0.0578777
Epoch: 1402, LR: 0.000010, Loss: 0.0456634, Validation MAE: 3.0533018, Test MAE: 3.0690889, Test MAE norm: 0.0578765
Epoch: 1412, LR: 0.000010, Loss: 0.0456296, Validation MAE: 3.1058955, Test MAE: 3.0708616, Test MAE norm: 0.0579099
Epoch: 1413, LR: 0.000010, Loss: 0.0456948, Validation MAE: 3.0541484, Test MAE: 3.0651891, Test MAE norm: 0.0578029
Epoch: 1414, LR: 0.000010, Loss: 0.0456502, Validation MAE: 3.0390539, Test MAE: 3.0649934, Test MAE norm: 0.0577993
Epoch: 1424, LR: 0.000010, Loss: 0.0456592, Validation MAE: 3.0660248, Test MAE: 3.0638733, Test MAE norm: 0.0577781
Epoch: 1429, LR: 0.000010, Loss: 0.0456175, Validation MAE: 3.0640709, Test MAE: 3.0657630, Test MAE norm: 0.0578138
Epoch: 1430, LR: 0.000010, Loss: 0.0456120, Validation MAE: 3.0476146, Test MAE: 3.0610530, Test MAE norm: 0.0577249
Epoch: 1436, LR: 0.000010, Loss: 0.0456163, Validation MAE: 3.0427229, Test MAE: 3.0649259, Test MAE norm: 0.0577980
Epoch: 1437, LR: 0.000010, Loss: 0.0456532, Validation MAE: 3.0389423, Test MAE: 3.0475869, Test MAE norm: 0.0574710
Epoch: 1447, LR: 0.000010, Loss: 0.0456552, Validation MAE: 3.0542877, Test MAE: 3.0668137, Test MAE norm: 0.0578336
Epoch: 1452, LR: 0.000010, Loss: 0.0455863, Validation MAE: 3.0541701, Test MAE: 3.0537159, Test MAE norm: 0.0575866
Epoch: 1459, LR: 0.000010, Loss: 0.0455836, Validation MAE: 3.0262761, Test MAE: 3.0591211, Test MAE norm: 0.0576885
Epoch: 1460, LR: 0.000010, Loss: 0.0456419, Validation MAE: 3.0062578, Test MAE: 3.0452266, Test MAE norm: 0.0574265
Epoch: 1470, LR: 0.000010, Loss: 0.0456690, Validation MAE: 3.0524254, Test MAE: 3.0464447, Test MAE norm: 0.0574495
Epoch: 1471, LR: 0.000010, Loss: 0.0456167, Validation MAE: 3.0505037, Test MAE: 3.0618417, Test MAE norm: 0.0577398
Epoch: 1476, LR: 0.000010, Loss: 0.0455464, Validation MAE: 3.0116363, Test MAE: 3.0564308, Test MAE norm: 0.0576378
Epoch: 1477, LR: 0.000010, Loss: 0.0456531, Validation MAE: 2.9944484, Test MAE: 3.0360918, Test MAE norm: 0.0572542
Epoch: 1487, LR: 0.000010, Loss: 0.0457084, Validation MAE: 3.0704131, Test MAE: 3.0390162, Test MAE norm: 0.0573094
Epoch: 1488, LR: 0.000010, Loss: 0.0456865, Validation MAE: 3.0148928, Test MAE: 3.0288169, Test MAE norm: 0.0571170
Epoch: 1489, LR: 0.000010, Loss: 0.0456828, Validation MAE: 2.9927039, Test MAE: 3.0369246, Test MAE norm: 0.0572699
Epoch: 1499, LR: 0.000010, Loss: 0.0456505, Validation MAE: 3.0470476, Test MAE: 3.0451536, Test MAE norm: 0.0574251
Epoch: 1500, LR: 0.000010, Loss: 0.0455774, Validation MAE: 3.0320821, Test MAE: 3.0691111, Test MAE norm: 0.0578769
Epoch: 1505, LR: 0.000010, Loss: 0.0455364, Validation MAE: 3.0300124, Test MAE: 3.0663407, Test MAE norm: 0.0578247
Epoch: 1515, LR: 0.000010, Loss: 0.0455717, Validation MAE: 3.0656714, Test MAE: 3.0526707, Test MAE norm: 0.0575669
Epoch: 1517, LR: 0.000010, Loss: 0.0455617, Validation MAE: 3.0636966, Test MAE: 3.0718508, Test MAE norm: 0.0579286
Epoch: 1522, LR: 0.000010, Loss: 0.0455292, Validation MAE: 3.0509336, Test MAE: 3.0486233, Test MAE norm: 0.0574905
Epoch: 1523, LR: 0.000010, Loss: 0.0455258, Validation MAE: 3.0375431, Test MAE: 3.0530195, Test MAE norm: 0.0575735
Epoch: 1533, LR: 0.000010, Loss: 0.0454662, Validation MAE: 3.0671129, Test MAE: 3.0651720, Test MAE norm: 0.0578026
Epoch: 1534, LR: 0.000010, Loss: 0.0454638, Validation MAE: 3.0601211, Test MAE: 3.0691535, Test MAE norm: 0.0578777
Epoch: 1538, LR: 0.000010, Loss: 0.0454656, Validation MAE: 3.0533350, Test MAE: 3.0683231, Test MAE norm: 0.0578620
Epoch: 1545, LR: 0.000010, Loss: 0.0454593, Validation MAE: 3.0428541, Test MAE: 3.0519404, Test MAE norm: 0.0575531
Epoch: 1550, LR: 0.000010, Loss: 0.0454628, Validation MAE: 3.0323634, Test MAE: 3.0631008, Test MAE norm: 0.0577636
Epoch: 1560, LR: 0.000010, Loss: 0.0454477, Validation MAE: 3.0554163, Test MAE: 3.0629749, Test MAE norm: 0.0577612
Epoch: 1563, LR: 0.000010, Loss: 0.0454879, Validation MAE: 3.0411973, Test MAE: 3.0726304, Test MAE norm: 0.0579433
Epoch: 1571, LR: 0.000010, Loss: 0.0454784, Validation MAE: 3.0319374, Test MAE: 3.0508685, Test MAE norm: 0.0575329
Epoch: 1572, LR: 0.000010, Loss: 0.0454474, Validation MAE: 3.0123794, Test MAE: 3.0529511, Test MAE norm: 0.0575722
Epoch: 1582, LR: 0.000010, Loss: 0.0454628, Validation MAE: 3.0476685, Test MAE: 3.0480192, Test MAE norm: 0.0574792
Epoch: 1586, LR: 0.000010, Loss: 0.0454056, Validation MAE: 3.0417457, Test MAE: 3.0498543, Test MAE norm: 0.0575138
Epoch: 1593, LR: 0.000010, Loss: 0.0454074, Validation MAE: 3.0386980, Test MAE: 3.0583384, Test MAE norm: 0.0576738
Epoch: 1594, LR: 0.000010, Loss: 0.0454054, Validation MAE: 3.0356917, Test MAE: 3.0511417, Test MAE norm: 0.0575380
Epoch: 1604, LR: 0.000010, Loss: 0.0454055, Validation MAE: 3.0569975, Test MAE: 3.0599339, Test MAE norm: 0.0577038
Epoch: 1605, LR: 0.000010, Loss: 0.0453740, Validation MAE: 3.0518284, Test MAE: 3.0562687, Test MAE norm: 0.0576347
Epoch: 1606, LR: 0.000010, Loss: 0.0453745, Validation MAE: 3.0379696, Test MAE: 3.0597036, Test MAE norm: 0.0576995
Epoch: 1610, LR: 0.000010, Loss: 0.0453746, Validation MAE: 3.0305760, Test MAE: 3.0544875, Test MAE norm: 0.0576011
Epoch: 1618, LR: 0.000010, Loss: 0.0453980, Validation MAE: 3.0242276, Test MAE: 3.0524855, Test MAE norm: 0.0575634
Epoch: 1622, LR: 0.000010, Loss: 0.0453725, Validation MAE: 3.0222893, Test MAE: 3.0576148, Test MAE norm: 0.0576601
Epoch: 1630, LR: 0.000010, Loss: 0.0453283, Validation MAE: 3.0212817, Test MAE: 3.0534961, Test MAE norm: 0.0575824
Epoch: 1640, LR: 0.000010, Loss: 0.0453213, Validation MAE: 3.0578623, Test MAE: 3.0583098, Test MAE norm: 0.0576732
Epoch: 1643, LR: 0.000010, Loss: 0.0453274, Validation MAE: 3.0572131, Test MAE: 3.0639594, Test MAE norm: 0.0577798
Epoch: 1644, LR: 0.000010, Loss: 0.0453146, Validation MAE: 3.0553112, Test MAE: 3.0537076, Test MAE norm: 0.0575864
Epoch: 1645, LR: 0.000010, Loss: 0.0453071, Validation MAE: 3.0486531, Test MAE: 3.0550983, Test MAE norm: 0.0576127
Epoch: 1649, LR: 0.000010, Loss: 0.0453388, Validation MAE: 3.0466895, Test MAE: 3.0678530, Test MAE norm: 0.0578532
Epoch: 1650, LR: 0.000010, Loss: 0.0453258, Validation MAE: 3.0431809, Test MAE: 3.0598836, Test MAE norm: 0.0577029
Epoch: 1654, LR: 0.000010, Loss: 0.0453113, Validation MAE: 3.0309913, Test MAE: 3.0621419, Test MAE norm: 0.0577455
Epoch: 1657, LR: 0.000010, Loss: 0.0453406, Validation MAE: 3.0235770, Test MAE: 3.0518126, Test MAE norm: 0.0575507
Epoch: 1658, LR: 0.000010, Loss: 0.0453323, Validation MAE: 3.0209422, Test MAE: 3.0479028, Test MAE norm: 0.0574770
Epoch: 1668, LR: 0.000010, Loss: 0.0452807, Validation MAE: 3.0668869, Test MAE: 3.0757108, Test MAE norm: 0.0580014
Epoch: 1669, LR: 0.000010, Loss: 0.0453394, Validation MAE: 3.0582781, Test MAE: 3.0730181, Test MAE norm: 0.0579506
Epoch: 1670, LR: 0.000010, Loss: 0.0453041, Validation MAE: 3.0167828, Test MAE: 3.0501347, Test MAE norm: 0.0575190
Epoch: 1674, LR: 0.000010, Loss: 0.0453480, Validation MAE: 3.0107334, Test MAE: 3.0422361, Test MAE norm: 0.0573701
Epoch: 1684, LR: 0.000010, Loss: 0.0452705, Validation MAE: 3.0594358, Test MAE: 3.0670660, Test MAE norm: 0.0578383
Epoch: 1685, LR: 0.000010, Loss: 0.0452830, Validation MAE: 3.0518942, Test MAE: 3.0591838, Test MAE norm: 0.0576897
Epoch: 1687, LR: 0.000010, Loss: 0.0452850, Validation MAE: 3.0495713, Test MAE: 3.0562363, Test MAE norm: 0.0576341
Epoch: 1688, LR: 0.000010, Loss: 0.0452677, Validation MAE: 3.0460649, Test MAE: 3.0580535, Test MAE norm: 0.0576684
Epoch: 1689, LR: 0.000010, Loss: 0.0452626, Validation MAE: 3.0408728, Test MAE: 3.0556509, Test MAE norm: 0.0576231
Epoch: 1695, LR: 0.000010, Loss: 0.0452747, Validation MAE: 3.0111327, Test MAE: 3.0440843, Test MAE norm: 0.0574050
Epoch: 1696, LR: 0.000010, Loss: 0.0452980, Validation MAE: 3.0040059, Test MAE: 3.0391445, Test MAE norm: 0.0573118
Epoch: 1706, LR: 0.000010, Loss: 0.0452817, Validation MAE: 3.0733943, Test MAE: 3.0485611, Test MAE norm: 0.0574894
Epoch: 1707, LR: 0.000010, Loss: 0.0452671, Validation MAE: 3.0070539, Test MAE: 3.0521591, Test MAE norm: 0.0575572
Epoch: 1708, LR: 0.000010, Loss: 0.0453010, Validation MAE: 3.0044436, Test MAE: 3.0484083, Test MAE norm: 0.0574865
Epoch: 1718, LR: 0.000010, Loss: 0.0452286, Validation MAE: 3.0606582, Test MAE: 3.0408304, Test MAE norm: 0.0573436
Epoch: 1720, LR: 0.000010, Loss: 0.0452212, Validation MAE: 3.0464776, Test MAE: 3.0652521, Test MAE norm: 0.0578041
Epoch: 1721, LR: 0.000010, Loss: 0.0452368, Validation MAE: 3.0403490, Test MAE: 3.0634160, Test MAE norm: 0.0577695
Epoch: 1724, LR: 0.000010, Loss: 0.0452519, Validation MAE: 3.0266409, Test MAE: 3.0501490, Test MAE norm: 0.0575193
Epoch: 1725, LR: 0.000010, Loss: 0.0452575, Validation MAE: 3.0211637, Test MAE: 3.0504749, Test MAE norm: 0.0575255
Epoch: 1728, LR: 0.000010, Loss: 0.0452131, Validation MAE: 3.0068314, Test MAE: 3.0465598, Test MAE norm: 0.0574516
Epoch: 1738, LR: 0.000010, Loss: 0.0451836, Validation MAE: 3.0677848, Test MAE: 3.0691998, Test MAE norm: 0.0578786
Epoch: 1739, LR: 0.000010, Loss: 0.0452406, Validation MAE: 3.0428555, Test MAE: 3.0661805, Test MAE norm: 0.0578216
Epoch: 1743, LR: 0.000010, Loss: 0.0451874, Validation MAE: 3.0316534, Test MAE: 3.0415812, Test MAE norm: 0.0573578
Epoch: 1744, LR: 0.000010, Loss: 0.0451587, Validation MAE: 3.0217156, Test MAE: 3.0505612, Test MAE norm: 0.0575271
Epoch: 1748, LR: 0.000010, Loss: 0.0451685, Validation MAE: 3.0121005, Test MAE: 3.0457058, Test MAE norm: 0.0574355
Epoch: 1758, LR: 0.000010, Loss: 0.0451709, Validation MAE: 3.0408566, Test MAE: 3.0448329, Test MAE norm: 0.0574191
Epoch: 1760, LR: 0.000010, Loss: 0.0451297, Validation MAE: 3.0267336, Test MAE: 3.0556562, Test MAE norm: 0.0576232
Epoch: 1765, LR: 0.000010, Loss: 0.0451205, Validation MAE: 3.0187004, Test MAE: 3.0471811, Test MAE norm: 0.0574634
Epoch: 1775, LR: 0.000010, Loss: 0.0451300, Validation MAE: 3.0576119, Test MAE: 3.0342619, Test MAE norm: 0.0572197
Epoch: 1776, LR: 0.000010, Loss: 0.0451787, Validation MAE: 3.0362494, Test MAE: 3.0315008, Test MAE norm: 0.0571677
Epoch: 1777, LR: 0.000010, Loss: 0.0451365, Validation MAE: 3.0130424, Test MAE: 3.0370791, Test MAE norm: 0.0572729
Epoch: 1781, LR: 0.000010, Loss: 0.0451376, Validation MAE: 3.0038624, Test MAE: 3.0402339, Test MAE norm: 0.0573323
Epoch: 1791, LR: 0.000010, Loss: 0.0451278, Validation MAE: 3.0680106, Test MAE: 3.0489328, Test MAE norm: 0.0574964
Epoch: 1792, LR: 0.000010, Loss: 0.0451695, Validation MAE: 3.0176280, Test MAE: 3.0450292, Test MAE norm: 0.0574228
Epoch: 1793, LR: 0.000010, Loss: 0.0451252, Validation MAE: 3.0020292, Test MAE: 3.0301449, Test MAE norm: 0.0571421
Epoch: 1803, LR: 0.000010, Loss: 0.0451202, Validation MAE: 3.0471025, Test MAE: 3.0387652, Test MAE norm: 0.0573046
Epoch: 1805, LR: 0.000010, Loss: 0.0451274, Validation MAE: 3.0415392, Test MAE: 3.0622895, Test MAE norm: 0.0577483
Epoch: 1807, LR: 0.000010, Loss: 0.0451183, Validation MAE: 3.0315201, Test MAE: 3.0377381, Test MAE norm: 0.0572853
Epoch: 1808, LR: 0.000010, Loss: 0.0450506, Validation MAE: 3.0198221, Test MAE: 3.0290442, Test MAE norm: 0.0571213
Epoch: 1811, LR: 0.000010, Loss: 0.0450718, Validation MAE: 3.0128112, Test MAE: 3.0365536, Test MAE norm: 0.0572629
Epoch: 1814, LR: 0.000010, Loss: 0.0451100, Validation MAE: 3.0126619, Test MAE: 3.0459692, Test MAE norm: 0.0574405
Epoch: 1815, LR: 0.000010, Loss: 0.0450972, Validation MAE: 3.0049484, Test MAE: 3.0343041, Test MAE norm: 0.0572205
Epoch: 1823, LR: 0.000010, Loss: 0.0451130, Validation MAE: 2.9937282, Test MAE: 3.0247192, Test MAE norm: 0.0570398
Epoch: 1824, LR: 0.000010, Loss: 0.0451022, Validation MAE: 2.9764512, Test MAE: 3.0190809, Test MAE norm: 0.0569334
Epoch: 1834, LR: 0.000010, Loss: 0.0450237, Validation MAE: 3.0739856, Test MAE: 3.0433064, Test MAE norm: 0.0573903
Epoch: 1835, LR: 0.000010, Loss: 0.0451117, Validation MAE: 3.0337522, Test MAE: 3.0414543, Test MAE norm: 0.0573554
Epoch: 1836, LR: 0.000010, Loss: 0.0450513, Validation MAE: 3.0078871, Test MAE: 3.0363288, Test MAE norm: 0.0572587
Epoch: 1841, LR: 0.000010, Loss: 0.0451001, Validation MAE: 3.0074129, Test MAE: 3.0517371, Test MAE norm: 0.0575493
Epoch: 1845, LR: 0.000010, Loss: 0.0450215, Validation MAE: 2.9841366, Test MAE: 3.0222075, Test MAE norm: 0.0569924
Epoch: 1855, LR: 0.000010, Loss: 0.0450439, Validation MAE: 3.0166826, Test MAE: 3.0383921, Test MAE norm: 0.0572976
Epoch: 1861, LR: 0.000010, Loss: 0.0450139, Validation MAE: 3.0158465, Test MAE: 3.0285709, Test MAE norm: 0.0571124
Epoch: 1862, LR: 0.000010, Loss: 0.0449915, Validation MAE: 3.0140152, Test MAE: 3.0125053, Test MAE norm: 0.0568094
Epoch: 1869, LR: 0.000010, Loss: 0.0450468, Validation MAE: 2.9877493, Test MAE: 3.0206752, Test MAE norm: 0.0569635
Epoch: 1870, LR: 0.000010, Loss: 0.0450940, Validation MAE: 2.9677868, Test MAE: 3.0125577, Test MAE norm: 0.0568104
Epoch: 1880, LR: 0.000010, Loss: 0.0449640, Validation MAE: 3.0350356, Test MAE: 3.0407872, Test MAE norm: 0.0573428
Epoch: 1882, LR: 0.000010, Loss: 0.0450084, Validation MAE: 3.0253692, Test MAE: 3.0392349, Test MAE norm: 0.0573135
Epoch: 1883, LR: 0.000010, Loss: 0.0449580, Validation MAE: 3.0187769, Test MAE: 3.0267210, Test MAE norm: 0.0570775
Epoch: 1884, LR: 0.000010, Loss: 0.0449599, Validation MAE: 3.0181828, Test MAE: 3.0259247, Test MAE norm: 0.0570625
Epoch: 1894, LR: 0.000010, Loss: 0.0449993, Validation MAE: 3.0133598, Test MAE: 3.0365813, Test MAE norm: 0.0572635
Epoch: 1895, LR: 0.000010, Loss: 0.0449337, Validation MAE: 3.0021584, Test MAE: 3.0227299, Test MAE norm: 0.0570023
Epoch: 1902, LR: 0.000010, Loss: 0.0449883, Validation MAE: 2.9948227, Test MAE: 3.0192597, Test MAE norm: 0.0569368
Epoch: 1903, LR: 0.000010, Loss: 0.0450051, Validation MAE: 2.9858918, Test MAE: 3.0074911, Test MAE norm: 0.0567149
Epoch: 1913, LR: 0.000010, Loss: 0.0449276, Validation MAE: 3.0637178, Test MAE: 3.0392213, Test MAE norm: 0.0573132
Epoch: 1914, LR: 0.000010, Loss: 0.0449931, Validation MAE: 2.9979796, Test MAE: 3.0352259, Test MAE norm: 0.0572379
Epoch: 1915, LR: 0.000010, Loss: 0.0449777, Validation MAE: 2.9958100, Test MAE: 3.0291424, Test MAE norm: 0.0571232
Epoch: 1918, LR: 0.000010, Loss: 0.0449621, Validation MAE: 2.9741256, Test MAE: 3.0175228, Test MAE norm: 0.0569041
Epoch: 1919, LR: 0.000010, Loss: 0.0449889, Validation MAE: 2.9508348, Test MAE: 3.0151048, Test MAE norm: 0.0568585
Epoch: 1929, LR: 0.000010, Loss: 0.0449421, Validation MAE: 3.0116205, Test MAE: 3.0088515, Test MAE norm: 0.0567405
Epoch: 1932, LR: 0.000010, Loss: 0.0449131, Validation MAE: 3.0025616, Test MAE: 3.0406404, Test MAE norm: 0.0573400
Epoch: 1936, LR: 0.000010, Loss: 0.0449290, Validation MAE: 2.9942679, Test MAE: 2.9950461, Test MAE norm: 0.0564802
Epoch: 1937, LR: 0.000010, Loss: 0.0449500, Validation MAE: 2.9604526, Test MAE: 2.9881759, Test MAE norm: 0.0563506
Epoch: 1947, LR: 0.000010, Loss: 0.0449915, Validation MAE: 3.0211747, Test MAE: 3.0144444, Test MAE norm: 0.0568460
Epoch: 1948, LR: 0.000010, Loss: 0.0448431, Validation MAE: 3.0074434, Test MAE: 3.0457258, Test MAE norm: 0.0574359
Epoch: 1952, LR: 0.000010, Loss: 0.0448377, Validation MAE: 2.9911993, Test MAE: 2.9960756, Test MAE norm: 0.0564996
Epoch: 1962, LR: 0.000010, Loss: 0.0448783, Validation MAE: 3.0159457, Test MAE: 3.0192404, Test MAE norm: 0.0569365
Epoch: 1963, LR: 0.000010, Loss: 0.0448352, Validation MAE: 3.0024357, Test MAE: 3.0383019, Test MAE norm: 0.0572959
Epoch: 1969, LR: 0.000010, Loss: 0.0448645, Validation MAE: 3.0010529, Test MAE: 3.0132785, Test MAE norm: 0.0568240
Epoch: 1974, LR: 0.000010, Loss: 0.0448282, Validation MAE: 2.9978600, Test MAE: 3.0001693, Test MAE norm: 0.0565768
Epoch: 1982, LR: 0.000010, Loss: 0.0448008, Validation MAE: 2.9963529, Test MAE: 3.0137663, Test MAE norm: 0.0568332
Epoch: 1992, LR: 0.000010, Loss: 0.0447751, Validation MAE: 3.0102856, Test MAE: 3.0165207, Test MAE norm: 0.0568852
Epoch: 1996, LR: 0.000010, Loss: 0.0447486, Validation MAE: 3.0029705, Test MAE: 3.0030828, Test MAE norm: 0.0566318
Epoch: 1996, LR: 0.000010, Loss: 0.0447486, Validation MAE: 3.0029705, Test MAE: 3.0030828, Test MAE norm: 0.0566318