Command line input: python run_count.py --batch_size 256 --target 1 --model GNN --h 3 --seed 1 --epoch 2000 --dataset easy-1
Mean = 8.080, Std = 23.150
Using GNN model

Epoch: 001, LR: 0.001000, Loss: 0.6742448, Validation MAE: 16.5721931, Test MAE: 14.0101662, Test MAE norm: 0.6051986
Epoch: 002, LR: 0.001000, Loss: 0.6495592, Validation MAE: 15.9941425, Test MAE: 13.5525103, Test MAE norm: 0.5854291
Epoch: 003, LR: 0.001000, Loss: 0.6271819, Validation MAE: 15.4069891, Test MAE: 13.0942965, Test MAE norm: 0.5656356
Epoch: 004, LR: 0.001000, Loss: 0.6043577, Validation MAE: 14.7926035, Test MAE: 12.6181774, Test MAE norm: 0.5450687
Epoch: 005, LR: 0.001000, Loss: 0.5804836, Validation MAE: 14.1654196, Test MAE: 12.1279058, Test MAE norm: 0.5238904
Epoch: 006, LR: 0.001000, Loss: 0.5559306, Validation MAE: 13.5157900, Test MAE: 11.6118927, Test MAE norm: 0.5016001
Epoch: 007, LR: 0.001000, Loss: 0.5302184, Validation MAE: 12.8281641, Test MAE: 11.0537987, Test MAE norm: 0.4774920
Epoch: 008, LR: 0.001000, Loss: 0.5026362, Validation MAE: 12.0666304, Test MAE: 10.4125195, Test MAE norm: 0.4497907
Epoch: 009, LR: 0.001000, Loss: 0.4718243, Validation MAE: 11.2077131, Test MAE: 9.6609669, Test MAE norm: 0.4173258
Epoch: 010, LR: 0.001000, Loss: 0.4366830, Validation MAE: 10.2363596, Test MAE: 8.7792959, Test MAE norm: 0.3792401
Epoch: 011, LR: 0.001000, Loss: 0.3964972, Validation MAE: 9.1385765, Test MAE: 7.7391000, Test MAE norm: 0.3343067
Epoch: 012, LR: 0.001000, Loss: 0.3507882, Validation MAE: 7.9153471, Test MAE: 6.5272532, Test MAE norm: 0.2819584
Epoch: 013, LR: 0.001000, Loss: 0.2996673, Validation MAE: 6.5391016, Test MAE: 5.2037539, Test MAE norm: 0.2247871
Epoch: 014, LR: 0.001000, Loss: 0.2427904, Validation MAE: 5.4948406, Test MAE: 4.3059273, Test MAE norm: 0.1860036
Epoch: 015, LR: 0.001000, Loss: 0.2011553, Validation MAE: 5.2767653, Test MAE: 4.3863730, Test MAE norm: 0.1894786
Epoch: 018, LR: 0.001000, Loss: 0.2006502, Validation MAE: 5.0148988, Test MAE: 5.1197853, Test MAE norm: 0.2211599
Epoch: 019, LR: 0.001000, Loss: 0.1918135, Validation MAE: 4.4788613, Test MAE: 4.7948756, Test MAE norm: 0.2071247
Epoch: 020, LR: 0.001000, Loss: 0.1749802, Validation MAE: 3.8072338, Test MAE: 4.2350807, Test MAE norm: 0.1829432
Epoch: 021, LR: 0.001000, Loss: 0.1534495, Validation MAE: 3.5959082, Test MAE: 4.0083203, Test MAE norm: 0.1731478
Epoch: 024, LR: 0.001000, Loss: 0.1570062, Validation MAE: 3.2926455, Test MAE: 3.7391286, Test MAE norm: 0.1615195
Epoch: 029, LR: 0.001000, Loss: 0.1436054, Validation MAE: 3.2794752, Test MAE: 3.6268597, Test MAE norm: 0.1566698
Epoch: 030, LR: 0.001000, Loss: 0.1347010, Validation MAE: 3.0421255, Test MAE: 3.3569605, Test MAE norm: 0.1450110
Epoch: 034, LR: 0.001000, Loss: 0.1224889, Validation MAE: 2.9556582, Test MAE: 3.1698687, Test MAE norm: 0.1369291
Epoch: 035, LR: 0.001000, Loss: 0.1139666, Validation MAE: 2.8176830, Test MAE: 3.0031087, Test MAE norm: 0.1297256
Epoch: 038, LR: 0.001000, Loss: 0.1066029, Validation MAE: 2.7607176, Test MAE: 2.8537116, Test MAE norm: 0.1232721
Epoch: 040, LR: 0.001000, Loss: 0.1038840, Validation MAE: 2.5614157, Test MAE: 2.5640893, Test MAE norm: 0.1107612
Epoch: 041, LR: 0.001000, Loss: 0.0942121, Validation MAE: 2.5526240, Test MAE: 2.5332725, Test MAE norm: 0.1094300
Epoch: 043, LR: 0.001000, Loss: 0.0975731, Validation MAE: 2.5020249, Test MAE: 2.4380000, Test MAE norm: 0.1053145
Epoch: 044, LR: 0.001000, Loss: 0.0929577, Validation MAE: 2.3436148, Test MAE: 2.3025415, Test MAE norm: 0.0994631
Epoch: 045, LR: 0.001000, Loss: 0.0850050, Validation MAE: 2.3039839, Test MAE: 2.2278891, Test MAE norm: 0.0962383
Epoch: 046, LR: 0.001000, Loss: 0.0836943, Validation MAE: 2.2897990, Test MAE: 2.2050731, Test MAE norm: 0.0952528
Epoch: 047, LR: 0.001000, Loss: 0.0838124, Validation MAE: 2.2218044, Test MAE: 2.1288431, Test MAE norm: 0.0919598
Epoch: 048, LR: 0.001000, Loss: 0.0810980, Validation MAE: 2.1357951, Test MAE: 2.0054307, Test MAE norm: 0.0866288
Epoch: 049, LR: 0.001000, Loss: 0.0772739, Validation MAE: 2.1021867, Test MAE: 1.9801538, Test MAE norm: 0.0855369
Epoch: 051, LR: 0.001000, Loss: 0.0771612, Validation MAE: 1.9733889, Test MAE: 1.8435773, Test MAE norm: 0.0796372
Epoch: 054, LR: 0.001000, Loss: 0.0745935, Validation MAE: 1.8682986, Test MAE: 1.7630340, Test MAE norm: 0.0761580
Epoch: 059, LR: 0.001000, Loss: 0.0738181, Validation MAE: 1.7843790, Test MAE: 1.6581122, Test MAE norm: 0.0716256
Epoch: 066, LR: 0.001000, Loss: 0.0723350, Validation MAE: 1.6978635, Test MAE: 1.6097769, Test MAE norm: 0.0695377
Epoch: 076, LR: 0.001000, Loss: 0.0741160, Validation MAE: 1.9555120, Test MAE: 1.7512742, Test MAE norm: 0.0756500
Epoch: 078, LR: 0.000900, Loss: 0.0762348, Validation MAE: 1.8872937, Test MAE: 1.7213525, Test MAE norm: 0.0743574
Epoch: 082, LR: 0.000900, Loss: 0.0701386, Validation MAE: 1.7761099, Test MAE: 1.6911578, Test MAE norm: 0.0730531
Epoch: 084, LR: 0.000900, Loss: 0.0670952, Validation MAE: 1.7648680, Test MAE: 1.6521895, Test MAE norm: 0.0713698
Epoch: 085, LR: 0.000900, Loss: 0.0666265, Validation MAE: 1.7560780, Test MAE: 1.6371572, Test MAE norm: 0.0707204
Epoch: 088, LR: 0.000900, Loss: 0.0670603, Validation MAE: 1.7086779, Test MAE: 1.6348541, Test MAE norm: 0.0706210
Epoch: 091, LR: 0.000810, Loss: 0.0683028, Validation MAE: 1.6746980, Test MAE: 1.6012926, Test MAE norm: 0.0691712
Epoch: 095, LR: 0.000810, Loss: 0.0636122, Validation MAE: 1.6581249, Test MAE: 1.5974003, Test MAE norm: 0.0690031
Epoch: 096, LR: 0.000810, Loss: 0.0645333, Validation MAE: 1.6335858, Test MAE: 1.5943543, Test MAE norm: 0.0688715
Epoch: 106, LR: 0.000810, Loss: 0.0627163, Validation MAE: 1.6309284, Test MAE: 1.5619626, Test MAE norm: 0.0674723
Epoch: 108, LR: 0.000810, Loss: 0.0633209, Validation MAE: 1.6064219, Test MAE: 1.5967461, Test MAE norm: 0.0689748
Epoch: 112, LR: 0.000810, Loss: 0.0619233, Validation MAE: 1.5824376, Test MAE: 1.5732306, Test MAE norm: 0.0679590
Epoch: 122, LR: 0.000810, Loss: 0.0613530, Validation MAE: 1.5698372, Test MAE: 1.5615958, Test MAE norm: 0.0674564
Epoch: 128, LR: 0.000810, Loss: 0.0614417, Validation MAE: 1.5634296, Test MAE: 1.5543487, Test MAE norm: 0.0671434
Epoch: 135, LR: 0.000810, Loss: 0.0620354, Validation MAE: 1.5569969, Test MAE: 1.5602376, Test MAE norm: 0.0673977
Epoch: 139, LR: 0.000810, Loss: 0.0601972, Validation MAE: 1.5375785, Test MAE: 1.5515040, Test MAE norm: 0.0670205
Epoch: 144, LR: 0.000810, Loss: 0.0597233, Validation MAE: 1.5302792, Test MAE: 1.5504267, Test MAE norm: 0.0669739
Epoch: 145, LR: 0.000810, Loss: 0.0590392, Validation MAE: 1.5195447, Test MAE: 1.5373132, Test MAE norm: 0.0664075
Epoch: 154, LR: 0.000810, Loss: 0.0601022, Validation MAE: 1.5163548, Test MAE: 1.5494845, Test MAE norm: 0.0669332
Epoch: 155, LR: 0.000810, Loss: 0.0585943, Validation MAE: 1.4889570, Test MAE: 1.5224749, Test MAE norm: 0.0657665
Epoch: 165, LR: 0.000810, Loss: 0.0582842, Validation MAE: 1.5103908, Test MAE: 1.5233192, Test MAE norm: 0.0658030
Epoch: 168, LR: 0.000729, Loss: 0.0571933, Validation MAE: 1.4554280, Test MAE: 1.4914825, Test MAE norm: 0.0644277
Epoch: 178, LR: 0.000729, Loss: 0.0559929, Validation MAE: 1.5515305, Test MAE: 1.5288063, Test MAE norm: 0.0660400
Epoch: 179, LR: 0.000729, Loss: 0.0620818, Validation MAE: 1.5058144, Test MAE: 1.5098116, Test MAE norm: 0.0652195
Epoch: 183, LR: 0.000656, Loss: 0.0581448, Validation MAE: 1.4653245, Test MAE: 1.4737817, Test MAE norm: 0.0636631
Epoch: 189, LR: 0.000656, Loss: 0.0589600, Validation MAE: 1.4596659, Test MAE: 1.4671504, Test MAE norm: 0.0633766
Epoch: 196, LR: 0.000590, Loss: 0.0554732, Validation MAE: 1.4527106, Test MAE: 1.4707294, Test MAE norm: 0.0635312
Epoch: 202, LR: 0.000590, Loss: 0.0564537, Validation MAE: 1.4443440, Test MAE: 1.5018669, Test MAE norm: 0.0648763
Epoch: 203, LR: 0.000590, Loss: 0.0569853, Validation MAE: 1.4027474, Test MAE: 1.4622468, Test MAE norm: 0.0631648
Epoch: 213, LR: 0.000590, Loss: 0.0538055, Validation MAE: 1.4518259, Test MAE: 1.4793093, Test MAE norm: 0.0639019
Epoch: 215, LR: 0.000531, Loss: 0.0547842, Validation MAE: 1.4233296, Test MAE: 1.4165881, Test MAE norm: 0.0611925
Epoch: 216, LR: 0.000531, Loss: 0.0533487, Validation MAE: 1.3815403, Test MAE: 1.4312633, Test MAE norm: 0.0618264
Epoch: 218, LR: 0.000531, Loss: 0.0535737, Validation MAE: 1.3757555, Test MAE: 1.4338697, Test MAE norm: 0.0619390
Epoch: 221, LR: 0.000531, Loss: 0.0554824, Validation MAE: 1.3602667, Test MAE: 1.4201825, Test MAE norm: 0.0613478
Epoch: 230, LR: 0.000531, Loss: 0.0531416, Validation MAE: 1.3518461, Test MAE: 1.4104077, Test MAE norm: 0.0609255
Epoch: 240, LR: 0.000531, Loss: 0.0553762, Validation MAE: 1.4767048, Test MAE: 1.5428725, Test MAE norm: 0.0666476
Epoch: 244, LR: 0.000478, Loss: 0.0579881, Validation MAE: 1.3829169, Test MAE: 1.4074864, Test MAE norm: 0.0607993
Epoch: 254, LR: 0.000430, Loss: 0.0562560, Validation MAE: 1.5381128, Test MAE: 1.4826593, Test MAE norm: 0.0640466
Epoch: 255, LR: 0.000430, Loss: 0.0575262, Validation MAE: 1.4778987, Test MAE: 1.4265842, Test MAE norm: 0.0616243
Epoch: 256, LR: 0.000430, Loss: 0.0552223, Validation MAE: 1.4001665, Test MAE: 1.4139042, Test MAE norm: 0.0610766
Epoch: 258, LR: 0.000430, Loss: 0.0565531, Validation MAE: 1.3851202, Test MAE: 1.4632486, Test MAE norm: 0.0632081
Epoch: 268, LR: 0.000387, Loss: 0.0561835, Validation MAE: 1.5458949, Test MAE: 1.4515234, Test MAE norm: 0.0627016
Epoch: 269, LR: 0.000387, Loss: 0.0574078, Validation MAE: 1.4759572, Test MAE: 1.4764640, Test MAE norm: 0.0637790
Epoch: 270, LR: 0.000387, Loss: 0.0561120, Validation MAE: 1.4488630, Test MAE: 1.4996201, Test MAE norm: 0.0647792
Epoch: 271, LR: 0.000387, Loss: 0.0580945, Validation MAE: 1.4232159, Test MAE: 1.4612380, Test MAE norm: 0.0631212
Epoch: 272, LR: 0.000387, Loss: 0.0575554, Validation MAE: 1.3360033, Test MAE: 1.4083080, Test MAE norm: 0.0608348
Epoch: 277, LR: 0.000387, Loss: 0.0530543, Validation MAE: 1.3202418, Test MAE: 1.4102606, Test MAE norm: 0.0609192
Epoch: 284, LR: 0.000387, Loss: 0.0514344, Validation MAE: 1.3151550, Test MAE: 1.3797238, Test MAE norm: 0.0596001
Epoch: 294, LR: 0.000387, Loss: 0.0532694, Validation MAE: 1.3848127, Test MAE: 1.3566507, Test MAE norm: 0.0586034
Epoch: 295, LR: 0.000387, Loss: 0.0516676, Validation MAE: 1.2968776, Test MAE: 1.3649211, Test MAE norm: 0.0589606
Epoch: 302, LR: 0.000387, Loss: 0.0516018, Validation MAE: 1.2918050, Test MAE: 1.3731595, Test MAE norm: 0.0593165
Epoch: 312, LR: 0.000387, Loss: 0.0517001, Validation MAE: 1.3748364, Test MAE: 1.3466785, Test MAE norm: 0.0581726
Epoch: 313, LR: 0.000387, Loss: 0.0511590, Validation MAE: 1.3133358, Test MAE: 1.3565830, Test MAE norm: 0.0586005
Epoch: 314, LR: 0.000349, Loss: 0.0501190, Validation MAE: 1.3005259, Test MAE: 1.3677397, Test MAE norm: 0.0590824
Epoch: 315, LR: 0.000349, Loss: 0.0520311, Validation MAE: 1.2873633, Test MAE: 1.3640095, Test MAE norm: 0.0589213
Epoch: 325, LR: 0.000349, Loss: 0.0511764, Validation MAE: 1.3702077, Test MAE: 1.4054012, Test MAE norm: 0.0607093
Epoch: 327, LR: 0.000314, Loss: 0.0554954, Validation MAE: 1.3681185, Test MAE: 1.4488207, Test MAE norm: 0.0625849
Epoch: 331, LR: 0.000314, Loss: 0.0525634, Validation MAE: 1.3290741, Test MAE: 1.3690300, Test MAE norm: 0.0591381
Epoch: 332, LR: 0.000314, Loss: 0.0508255, Validation MAE: 1.2823052, Test MAE: 1.3548856, Test MAE norm: 0.0585271
Epoch: 338, LR: 0.000314, Loss: 0.0503697, Validation MAE: 1.2704382, Test MAE: 1.3542302, Test MAE norm: 0.0584988
Epoch: 348, LR: 0.000314, Loss: 0.0507129, Validation MAE: 1.4250988, Test MAE: 1.3520361, Test MAE norm: 0.0584040
Epoch: 349, LR: 0.000314, Loss: 0.0520685, Validation MAE: 1.3435314, Test MAE: 1.3399343, Test MAE norm: 0.0578813
Epoch: 350, LR: 0.000282, Loss: 0.0504698, Validation MAE: 1.2547542, Test MAE: 1.3503392, Test MAE norm: 0.0583307
Epoch: 360, LR: 0.000282, Loss: 0.0491420, Validation MAE: 1.3772604, Test MAE: 1.3544047, Test MAE norm: 0.0585064
Epoch: 361, LR: 0.000282, Loss: 0.0512654, Validation MAE: 1.3620746, Test MAE: 1.3482115, Test MAE norm: 0.0582388
Epoch: 362, LR: 0.000254, Loss: 0.0508033, Validation MAE: 1.2866696, Test MAE: 1.3192995, Test MAE norm: 0.0569899
Epoch: 363, LR: 0.000254, Loss: 0.0487349, Validation MAE: 1.2625891, Test MAE: 1.3424605, Test MAE norm: 0.0579904
Epoch: 364, LR: 0.000254, Loss: 0.0495831, Validation MAE: 1.2452221, Test MAE: 1.3261691, Test MAE norm: 0.0572867
Epoch: 370, LR: 0.000254, Loss: 0.0493486, Validation MAE: 1.2401466, Test MAE: 1.3241584, Test MAE norm: 0.0571998
Epoch: 380, LR: 0.000254, Loss: 0.0499449, Validation MAE: 1.2895780, Test MAE: 1.3254918, Test MAE norm: 0.0572574
Epoch: 381, LR: 0.000254, Loss: 0.0488779, Validation MAE: 1.2427231, Test MAE: 1.3208510, Test MAE norm: 0.0570569
Epoch: 382, LR: 0.000229, Loss: 0.0486760, Validation MAE: 1.2382925, Test MAE: 1.3182968, Test MAE norm: 0.0569466
Epoch: 388, LR: 0.000229, Loss: 0.0489437, Validation MAE: 1.2343262, Test MAE: 1.3220346, Test MAE norm: 0.0571081
Epoch: 398, LR: 0.000229, Loss: 0.0492836, Validation MAE: 1.2753059, Test MAE: 1.3083191, Test MAE norm: 0.0565156
Epoch: 399, LR: 0.000229, Loss: 0.0479370, Validation MAE: 1.2623295, Test MAE: 1.3307250, Test MAE norm: 0.0574835
Epoch: 404, LR: 0.000206, Loss: 0.0485624, Validation MAE: 1.2481402, Test MAE: 1.3178478, Test MAE norm: 0.0569272
Epoch: 414, LR: 0.000185, Loss: 0.0473105, Validation MAE: 1.2547408, Test MAE: 1.3175548, Test MAE norm: 0.0569145
Epoch: 417, LR: 0.000185, Loss: 0.0475330, Validation MAE: 1.2436569, Test MAE: 1.3117553, Test MAE norm: 0.0566640
Epoch: 419, LR: 0.000185, Loss: 0.0476986, Validation MAE: 1.2352364, Test MAE: 1.3023916, Test MAE norm: 0.0562595
Epoch: 429, LR: 0.000167, Loss: 0.0470728, Validation MAE: 1.2479768, Test MAE: 1.3073478, Test MAE norm: 0.0564736
Epoch: 431, LR: 0.000167, Loss: 0.0472448, Validation MAE: 1.2369267, Test MAE: 1.3011234, Test MAE norm: 0.0562048
Epoch: 435, LR: 0.000150, Loss: 0.0470392, Validation MAE: 1.2352144, Test MAE: 1.3016672, Test MAE norm: 0.0562283
Epoch: 443, LR: 0.000150, Loss: 0.0470749, Validation MAE: 1.2264365, Test MAE: 1.2964704, Test MAE norm: 0.0560038
Epoch: 453, LR: 0.000150, Loss: 0.0466615, Validation MAE: 1.2420611, Test MAE: 1.3021445, Test MAE norm: 0.0562489
Epoch: 454, LR: 0.000150, Loss: 0.0467312, Validation MAE: 1.2355112, Test MAE: 1.3076060, Test MAE norm: 0.0564848
Epoch: 455, LR: 0.000135, Loss: 0.0469157, Validation MAE: 1.2234589, Test MAE: 1.2971705, Test MAE norm: 0.0560340
Epoch: 458, LR: 0.000135, Loss: 0.0467988, Validation MAE: 1.2223498, Test MAE: 1.2981590, Test MAE norm: 0.0560767
Epoch: 464, LR: 0.000135, Loss: 0.0466246, Validation MAE: 1.2201555, Test MAE: 1.2930045, Test MAE norm: 0.0558540
Epoch: 467, LR: 0.000135, Loss: 0.0466068, Validation MAE: 1.2151030, Test MAE: 1.2897753, Test MAE norm: 0.0557146
Epoch: 473, LR: 0.000135, Loss: 0.0464054, Validation MAE: 1.2059411, Test MAE: 1.2870665, Test MAE norm: 0.0555975
Epoch: 483, LR: 0.000135, Loss: 0.0459020, Validation MAE: 1.2143427, Test MAE: 1.2883561, Test MAE norm: 0.0556532
Epoch: 484, LR: 0.000135, Loss: 0.0458991, Validation MAE: 1.2092673, Test MAE: 1.2890443, Test MAE norm: 0.0556830
Epoch: 485, LR: 0.000122, Loss: 0.0458371, Validation MAE: 1.2030420, Test MAE: 1.2858357, Test MAE norm: 0.0555444
Epoch: 486, LR: 0.000122, Loss: 0.0457305, Validation MAE: 1.2019154, Test MAE: 1.2877545, Test MAE norm: 0.0556273
Epoch: 487, LR: 0.000122, Loss: 0.0458228, Validation MAE: 1.1997437, Test MAE: 1.2861859, Test MAE norm: 0.0555595
Epoch: 491, LR: 0.000122, Loss: 0.0457090, Validation MAE: 1.1967273, Test MAE: 1.2843891, Test MAE norm: 0.0554819
Epoch: 501, LR: 0.000122, Loss: 0.0456036, Validation MAE: 1.1976777, Test MAE: 1.2845300, Test MAE norm: 0.0554880
Epoch: 502, LR: 0.000122, Loss: 0.0456763, Validation MAE: 1.1973619, Test MAE: 1.2839485, Test MAE norm: 0.0554629
Epoch: 506, LR: 0.000109, Loss: 0.0455471, Validation MAE: 1.1949714, Test MAE: 1.2835209, Test MAE norm: 0.0554444
Epoch: 507, LR: 0.000109, Loss: 0.0455305, Validation MAE: 1.1930327, Test MAE: 1.2831632, Test MAE norm: 0.0554289
Epoch: 511, LR: 0.000109, Loss: 0.0454917, Validation MAE: 1.1897740, Test MAE: 1.2823851, Test MAE norm: 0.0553953
Epoch: 512, LR: 0.000109, Loss: 0.0454290, Validation MAE: 1.1896517, Test MAE: 1.2818890, Test MAE norm: 0.0553739
Epoch: 516, LR: 0.000109, Loss: 0.0455110, Validation MAE: 1.1881770, Test MAE: 1.2822733, Test MAE norm: 0.0553905
Epoch: 517, LR: 0.000109, Loss: 0.0454224, Validation MAE: 1.1866937, Test MAE: 1.2807255, Test MAE norm: 0.0553236
Epoch: 521, LR: 0.000109, Loss: 0.0455381, Validation MAE: 1.1863117, Test MAE: 1.2802582, Test MAE norm: 0.0553034
Epoch: 526, LR: 0.000109, Loss: 0.0453374, Validation MAE: 1.1829611, Test MAE: 1.2786882, Test MAE norm: 0.0552356
Epoch: 536, LR: 0.000109, Loss: 0.0451390, Validation MAE: 1.1842592, Test MAE: 1.2793545, Test MAE norm: 0.0552644
Epoch: 537, LR: 0.000109, Loss: 0.0451873, Validation MAE: 1.1841558, Test MAE: 1.2805675, Test MAE norm: 0.0553168
Epoch: 539, LR: 0.000098, Loss: 0.0451774, Validation MAE: 1.1840475, Test MAE: 1.2806308, Test MAE norm: 0.0553195
Epoch: 540, LR: 0.000098, Loss: 0.0450625, Validation MAE: 1.1769629, Test MAE: 1.2777593, Test MAE norm: 0.0551955
Epoch: 541, LR: 0.000098, Loss: 0.0452280, Validation MAE: 1.1765989, Test MAE: 1.2773387, Test MAE norm: 0.0551773
Epoch: 551, LR: 0.000098, Loss: 0.0450574, Validation MAE: 1.1839862, Test MAE: 1.2830000, Test MAE norm: 0.0554219
Epoch: 554, LR: 0.000089, Loss: 0.0450814, Validation MAE: 1.1721715, Test MAE: 1.2779998, Test MAE norm: 0.0552059
Epoch: 555, LR: 0.000089, Loss: 0.0449704, Validation MAE: 1.1710732, Test MAE: 1.2769282, Test MAE norm: 0.0551596
Epoch: 565, LR: 0.000089, Loss: 0.0449225, Validation MAE: 1.1730070, Test MAE: 1.2781081, Test MAE norm: 0.0552106
Epoch: 569, LR: 0.000080, Loss: 0.0448327, Validation MAE: 1.1672767, Test MAE: 1.2764192, Test MAE norm: 0.0551376
Epoch: 570, LR: 0.000080, Loss: 0.0447640, Validation MAE: 1.1645361, Test MAE: 1.2749912, Test MAE norm: 0.0550759
Epoch: 580, LR: 0.000080, Loss: 0.0447597, Validation MAE: 1.1699498, Test MAE: 1.2748663, Test MAE norm: 0.0550705
Epoch: 581, LR: 0.000080, Loss: 0.0449466, Validation MAE: 1.1678438, Test MAE: 1.2769874, Test MAE norm: 0.0551622
Epoch: 591, LR: 0.000072, Loss: 0.0446217, Validation MAE: 1.1651506, Test MAE: 1.2731626, Test MAE norm: 0.0549969
Epoch: 593, LR: 0.000065, Loss: 0.0455346, Validation MAE: 1.1580621, Test MAE: 1.2728193, Test MAE norm: 0.0549821
Epoch: 603, LR: 0.000065, Loss: 0.0448149, Validation MAE: 1.1595728, Test MAE: 1.2733369, Test MAE norm: 0.0550045
Epoch: 613, LR: 0.000058, Loss: 0.0448842, Validation MAE: 1.1593281, Test MAE: 1.2714925, Test MAE norm: 0.0549248
Epoch: 620, LR: 0.000052, Loss: 0.0446861, Validation MAE: 1.1591285, Test MAE: 1.2730589, Test MAE norm: 0.0549925
Epoch: 625, LR: 0.000052, Loss: 0.0443958, Validation MAE: 1.1539172, Test MAE: 1.2706984, Test MAE norm: 0.0548905
Epoch: 626, LR: 0.000052, Loss: 0.0444973, Validation MAE: 1.1530392, Test MAE: 1.2698199, Test MAE norm: 0.0548525
Epoch: 631, LR: 0.000052, Loss: 0.0443709, Validation MAE: 1.1524972, Test MAE: 1.2707603, Test MAE norm: 0.0548932
Epoch: 641, LR: 0.000052, Loss: 0.0443140, Validation MAE: 1.1585968, Test MAE: 1.2740278, Test MAE norm: 0.0550343
Epoch: 643, LR: 0.000047, Loss: 0.0443338, Validation MAE: 1.1567378, Test MAE: 1.2729002, Test MAE norm: 0.0549856
Epoch: 644, LR: 0.000047, Loss: 0.0443117, Validation MAE: 1.1524948, Test MAE: 1.2712283, Test MAE norm: 0.0549134
Epoch: 645, LR: 0.000047, Loss: 0.0442958, Validation MAE: 1.1498823, Test MAE: 1.2700182, Test MAE norm: 0.0548611
Epoch: 646, LR: 0.000047, Loss: 0.0443169, Validation MAE: 1.1496860, Test MAE: 1.2698756, Test MAE norm: 0.0548549
Epoch: 656, LR: 0.000047, Loss: 0.0442429, Validation MAE: 1.1497540, Test MAE: 1.2697579, Test MAE norm: 0.0548499
Epoch: 657, LR: 0.000047, Loss: 0.0442492, Validation MAE: 1.1488179, Test MAE: 1.2696344, Test MAE norm: 0.0548445
Epoch: 659, LR: 0.000047, Loss: 0.0442368, Validation MAE: 1.1463028, Test MAE: 1.2685360, Test MAE norm: 0.0547971
Epoch: 660, LR: 0.000047, Loss: 0.0442750, Validation MAE: 1.1461476, Test MAE: 1.2681367, Test MAE norm: 0.0547798
Epoch: 670, LR: 0.000047, Loss: 0.0442586, Validation MAE: 1.1679367, Test MAE: 1.2780188, Test MAE norm: 0.0552067
Epoch: 671, LR: 0.000047, Loss: 0.0443579, Validation MAE: 1.1574303, Test MAE: 1.2730671, Test MAE norm: 0.0549928
Epoch: 672, LR: 0.000042, Loss: 0.0441892, Validation MAE: 1.1494528, Test MAE: 1.2694482, Test MAE norm: 0.0548365
Epoch: 673, LR: 0.000042, Loss: 0.0442115, Validation MAE: 1.1482676, Test MAE: 1.2671678, Test MAE norm: 0.0547380
Epoch: 674, LR: 0.000042, Loss: 0.0443242, Validation MAE: 1.1473050, Test MAE: 1.2677987, Test MAE norm: 0.0547652
Epoch: 679, LR: 0.000042, Loss: 0.0441731, Validation MAE: 1.1432245, Test MAE: 1.2663064, Test MAE norm: 0.0547008
Epoch: 680, LR: 0.000042, Loss: 0.0442450, Validation MAE: 1.1428168, Test MAE: 1.2663416, Test MAE norm: 0.0547023
Epoch: 690, LR: 0.000042, Loss: 0.0441822, Validation MAE: 1.1571248, Test MAE: 1.2734241, Test MAE norm: 0.0550082
Epoch: 691, LR: 0.000042, Loss: 0.0441405, Validation MAE: 1.1531973, Test MAE: 1.2710476, Test MAE norm: 0.0549056
Epoch: 692, LR: 0.000038, Loss: 0.0441227, Validation MAE: 1.1477729, Test MAE: 1.2685735, Test MAE norm: 0.0547987
Epoch: 693, LR: 0.000038, Loss: 0.0441171, Validation MAE: 1.1454554, Test MAE: 1.2673693, Test MAE norm: 0.0547467
Epoch: 700, LR: 0.000038, Loss: 0.0440857, Validation MAE: 1.1420014, Test MAE: 1.2667394, Test MAE norm: 0.0547195
Epoch: 701, LR: 0.000038, Loss: 0.0441172, Validation MAE: 1.1402284, Test MAE: 1.2658298, Test MAE norm: 0.0546802
Epoch: 711, LR: 0.000038, Loss: 0.0440928, Validation MAE: 1.1485623, Test MAE: 1.2689326, Test MAE norm: 0.0548142
Epoch: 714, LR: 0.000034, Loss: 0.0440814, Validation MAE: 1.1454873, Test MAE: 1.2678531, Test MAE norm: 0.0547676
Epoch: 715, LR: 0.000034, Loss: 0.0440288, Validation MAE: 1.1410710, Test MAE: 1.2651980, Test MAE norm: 0.0546529
Epoch: 716, LR: 0.000034, Loss: 0.0441246, Validation MAE: 1.1409322, Test MAE: 1.2646965, Test MAE norm: 0.0546312
Epoch: 722, LR: 0.000034, Loss: 0.0440156, Validation MAE: 1.1401979, Test MAE: 1.2642026, Test MAE norm: 0.0546099
Epoch: 730, LR: 0.000031, Loss: 0.0440043, Validation MAE: 1.1395494, Test MAE: 1.2651001, Test MAE norm: 0.0546487
Epoch: 731, LR: 0.000031, Loss: 0.0440176, Validation MAE: 1.1378065, Test MAE: 1.2644000, Test MAE norm: 0.0546184
Epoch: 741, LR: 0.000031, Loss: 0.0439514, Validation MAE: 1.1402341, Test MAE: 1.2654636, Test MAE norm: 0.0546644
Epoch: 742, LR: 0.000031, Loss: 0.0439636, Validation MAE: 1.1396151, Test MAE: 1.2657648, Test MAE norm: 0.0546774
Epoch: 743, LR: 0.000028, Loss: 0.0440142, Validation MAE: 1.1380131, Test MAE: 1.2644018, Test MAE norm: 0.0546185
Epoch: 748, LR: 0.000028, Loss: 0.0439452, Validation MAE: 1.1379821, Test MAE: 1.2643491, Test MAE norm: 0.0546162
Epoch: 749, LR: 0.000028, Loss: 0.0439655, Validation MAE: 1.1374695, Test MAE: 1.2639374, Test MAE norm: 0.0545984
Epoch: 758, LR: 0.000028, Loss: 0.0439126, Validation MAE: 1.1374495, Test MAE: 1.2638981, Test MAE norm: 0.0545967
Epoch: 759, LR: 0.000028, Loss: 0.0439057, Validation MAE: 1.1373475, Test MAE: 1.2636937, Test MAE norm: 0.0545879
Epoch: 766, LR: 0.000028, Loss: 0.0438751, Validation MAE: 1.1361150, Test MAE: 1.2638344, Test MAE norm: 0.0545940
Epoch: 770, LR: 0.000028, Loss: 0.0439053, Validation MAE: 1.1353714, Test MAE: 1.2630613, Test MAE norm: 0.0545606
Epoch: 771, LR: 0.000028, Loss: 0.0438914, Validation MAE: 1.1342790, Test MAE: 1.2625930, Test MAE norm: 0.0545404
Epoch: 781, LR: 0.000028, Loss: 0.0438689, Validation MAE: 1.1366799, Test MAE: 1.2631013, Test MAE norm: 0.0545623
Epoch: 788, LR: 0.000025, Loss: 0.0438345, Validation MAE: 1.1349635, Test MAE: 1.2627934, Test MAE norm: 0.0545490
Epoch: 789, LR: 0.000025, Loss: 0.0438388, Validation MAE: 1.1347605, Test MAE: 1.2628505, Test MAE norm: 0.0545515
Epoch: 795, LR: 0.000023, Loss: 0.0438257, Validation MAE: 1.1331525, Test MAE: 1.2621629, Test MAE norm: 0.0545218
Epoch: 796, LR: 0.000023, Loss: 0.0438401, Validation MAE: 1.1329662, Test MAE: 1.2614810, Test MAE norm: 0.0544923
Epoch: 806, LR: 0.000023, Loss: 0.0438305, Validation MAE: 1.1345344, Test MAE: 1.2615266, Test MAE norm: 0.0544943
Epoch: 814, LR: 0.000020, Loss: 0.0437663, Validation MAE: 1.1343510, Test MAE: 1.2617085, Test MAE norm: 0.0545021
Epoch: 815, LR: 0.000020, Loss: 0.0437842, Validation MAE: 1.1338440, Test MAE: 1.2614609, Test MAE norm: 0.0544915
Epoch: 821, LR: 0.000018, Loss: 0.0437455, Validation MAE: 1.1332787, Test MAE: 1.2615854, Test MAE norm: 0.0544968
Epoch: 826, LR: 0.000018, Loss: 0.0437544, Validation MAE: 1.1328999, Test MAE: 1.2611349, Test MAE norm: 0.0544774
Epoch: 836, LR: 0.000016, Loss: 0.0437377, Validation MAE: 1.1338719, Test MAE: 1.2615182, Test MAE norm: 0.0544939
Epoch: 840, LR: 0.000016, Loss: 0.0437329, Validation MAE: 1.1332755, Test MAE: 1.2612549, Test MAE norm: 0.0544826
Epoch: 841, LR: 0.000015, Loss: 0.0437290, Validation MAE: 1.1328061, Test MAE: 1.2608366, Test MAE norm: 0.0544645
Epoch: 842, LR: 0.000015, Loss: 0.0437204, Validation MAE: 1.1325772, Test MAE: 1.2608801, Test MAE norm: 0.0544664
Epoch: 843, LR: 0.000015, Loss: 0.0437207, Validation MAE: 1.1320361, Test MAE: 1.2603709, Test MAE norm: 0.0544444
Epoch: 849, LR: 0.000015, Loss: 0.0437242, Validation MAE: 1.1313751, Test MAE: 1.2605010, Test MAE norm: 0.0544500
Epoch: 859, LR: 0.000015, Loss: 0.0437232, Validation MAE: 1.1333076, Test MAE: 1.2609615, Test MAE norm: 0.0544699
Epoch: 862, LR: 0.000013, Loss: 0.0437031, Validation MAE: 1.1327647, Test MAE: 1.2605234, Test MAE norm: 0.0544510
Epoch: 863, LR: 0.000013, Loss: 0.0437052, Validation MAE: 1.1318660, Test MAE: 1.2600162, Test MAE norm: 0.0544290
Epoch: 870, LR: 0.000013, Loss: 0.0436888, Validation MAE: 1.1313279, Test MAE: 1.2600024, Test MAE norm: 0.0544284
Epoch: 877, LR: 0.000012, Loss: 0.0436744, Validation MAE: 1.1310549, Test MAE: 1.2598191, Test MAE norm: 0.0544205
Epoch: 887, LR: 0.000012, Loss: 0.0436612, Validation MAE: 1.1317712, Test MAE: 1.2597693, Test MAE norm: 0.0544184
Epoch: 888, LR: 0.000012, Loss: 0.0436733, Validation MAE: 1.1313441, Test MAE: 1.2596390, Test MAE norm: 0.0544128
Epoch: 898, LR: 0.000011, Loss: 0.0436709, Validation MAE: 1.1324173, Test MAE: 1.2599325, Test MAE norm: 0.0544254
Epoch: 899, LR: 0.000011, Loss: 0.0436624, Validation MAE: 1.1324016, Test MAE: 1.2599858, Test MAE norm: 0.0544277
Epoch: 900, LR: 0.000010, Loss: 0.0436764, Validation MAE: 1.1321943, Test MAE: 1.2598459, Test MAE norm: 0.0544217
Epoch: 901, LR: 0.000010, Loss: 0.0436712, Validation MAE: 1.1312078, Test MAE: 1.2594864, Test MAE norm: 0.0544062
Epoch: 902, LR: 0.000010, Loss: 0.0436627, Validation MAE: 1.1305568, Test MAE: 1.2594045, Test MAE norm: 0.0544026
Epoch: 910, LR: 0.000010, Loss: 0.0436501, Validation MAE: 1.1305538, Test MAE: 1.2589787, Test MAE norm: 0.0543842
Epoch: 911, LR: 0.000010, Loss: 0.0436403, Validation MAE: 1.1304468, Test MAE: 1.2591127, Test MAE norm: 0.0543900
Epoch: 921, LR: 0.000010, Loss: 0.0436343, Validation MAE: 1.1311742, Test MAE: 1.2594711, Test MAE norm: 0.0544055
Epoch: 922, LR: 0.000010, Loss: 0.0436313, Validation MAE: 1.1307013, Test MAE: 1.2593571, Test MAE norm: 0.0544006
Epoch: 927, LR: 0.000010, Loss: 0.0436260, Validation MAE: 1.1299040, Test MAE: 1.2587727, Test MAE norm: 0.0543753
Epoch: 937, LR: 0.000010, Loss: 0.0436208, Validation MAE: 1.1309540, Test MAE: 1.2592049, Test MAE norm: 0.0543940
Epoch: 938, LR: 0.000010, Loss: 0.0436210, Validation MAE: 1.1307967, Test MAE: 1.2587551, Test MAE norm: 0.0543746
Epoch: 939, LR: 0.000010, Loss: 0.0436201, Validation MAE: 1.1295606, Test MAE: 1.2585781, Test MAE norm: 0.0543669
Epoch: 940, LR: 0.000010, Loss: 0.0436104, Validation MAE: 1.1293498, Test MAE: 1.2584409, Test MAE norm: 0.0543610
Epoch: 947, LR: 0.000010, Loss: 0.0435976, Validation MAE: 1.1291316, Test MAE: 1.2584065, Test MAE norm: 0.0543595
Epoch: 957, LR: 0.000010, Loss: 0.0435848, Validation MAE: 1.1296797, Test MAE: 1.2585167, Test MAE norm: 0.0543643
Epoch: 958, LR: 0.000010, Loss: 0.0435902, Validation MAE: 1.1293010, Test MAE: 1.2585086, Test MAE norm: 0.0543639
Epoch: 968, LR: 0.000010, Loss: 0.0435863, Validation MAE: 1.1292588, Test MAE: 1.2584169, Test MAE norm: 0.0543600
Epoch: 973, LR: 0.000010, Loss: 0.0435775, Validation MAE: 1.1286427, Test MAE: 1.2577854, Test MAE norm: 0.0543327
Epoch: 974, LR: 0.000010, Loss: 0.0435763, Validation MAE: 1.1283475, Test MAE: 1.2579275, Test MAE norm: 0.0543388
Epoch: 984, LR: 0.000010, Loss: 0.0435838, Validation MAE: 1.1286095, Test MAE: 1.2575575, Test MAE norm: 0.0543228
Epoch: 989, LR: 0.000010, Loss: 0.0435804, Validation MAE: 1.1285547, Test MAE: 1.2574673, Test MAE norm: 0.0543189
Epoch: 995, LR: 0.000010, Loss: 0.0435555, Validation MAE: 1.1281341, Test MAE: 1.2575802, Test MAE norm: 0.0543238
Epoch: 999, LR: 0.000010, Loss: 0.0435604, Validation MAE: 1.1275684, Test MAE: 1.2574580, Test MAE norm: 0.0543185
Epoch: 1009, LR: 0.000010, Loss: 0.0435341, Validation MAE: 1.1288165, Test MAE: 1.2574857, Test MAE norm: 0.0543197
Epoch: 1010, LR: 0.000010, Loss: 0.0435390, Validation MAE: 1.1285901, Test MAE: 1.2573457, Test MAE norm: 0.0543137
Epoch: 1012, LR: 0.000010, Loss: 0.0435349, Validation MAE: 1.1285634, Test MAE: 1.2574455, Test MAE norm: 0.0543180
Epoch: 1013, LR: 0.000010, Loss: 0.0435337, Validation MAE: 1.1280919, Test MAE: 1.2575805, Test MAE norm: 0.0543238
Epoch: 1015, LR: 0.000010, Loss: 0.0435371, Validation MAE: 1.1278559, Test MAE: 1.2575030, Test MAE norm: 0.0543205
Epoch: 1021, LR: 0.000010, Loss: 0.0435302, Validation MAE: 1.1266037, Test MAE: 1.2569898, Test MAE norm: 0.0542983
Epoch: 1031, LR: 0.000010, Loss: 0.0435339, Validation MAE: 1.1275337, Test MAE: 1.2570065, Test MAE norm: 0.0542990
Epoch: 1035, LR: 0.000010, Loss: 0.0435068, Validation MAE: 1.1274661, Test MAE: 1.2569939, Test MAE norm: 0.0542985
Epoch: 1037, LR: 0.000010, Loss: 0.0435044, Validation MAE: 1.1270728, Test MAE: 1.2566030, Test MAE norm: 0.0542816
Epoch: 1039, LR: 0.000010, Loss: 0.0435079, Validation MAE: 1.1268967, Test MAE: 1.2567132, Test MAE norm: 0.0542864
Epoch: 1047, LR: 0.000010, Loss: 0.0435048, Validation MAE: 1.1266711, Test MAE: 1.2564884, Test MAE norm: 0.0542767
Epoch: 1054, LR: 0.000010, Loss: 0.0434916, Validation MAE: 1.1261986, Test MAE: 1.2558134, Test MAE norm: 0.0542475
Epoch: 1058, LR: 0.000010, Loss: 0.0435049, Validation MAE: 1.1261697, Test MAE: 1.2561734, Test MAE norm: 0.0542630
Epoch: 1062, LR: 0.000010, Loss: 0.0434905, Validation MAE: 1.1258631, Test MAE: 1.2556763, Test MAE norm: 0.0542416
Epoch: 1063, LR: 0.000010, Loss: 0.0434942, Validation MAE: 1.1256385, Test MAE: 1.2553451, Test MAE norm: 0.0542273
Epoch: 1073, LR: 0.000010, Loss: 0.0434757, Validation MAE: 1.1261691, Test MAE: 1.2558230, Test MAE norm: 0.0542479
Epoch: 1074, LR: 0.000010, Loss: 0.0434789, Validation MAE: 1.1260929, Test MAE: 1.2556407, Test MAE norm: 0.0542400
Epoch: 1078, LR: 0.000010, Loss: 0.0434727, Validation MAE: 1.1250845, Test MAE: 1.2549756, Test MAE norm: 0.0542113
Epoch: 1084, LR: 0.000010, Loss: 0.0434690, Validation MAE: 1.1249912, Test MAE: 1.2551171, Test MAE norm: 0.0542174
Epoch: 1085, LR: 0.000010, Loss: 0.0434748, Validation MAE: 1.1247985, Test MAE: 1.2549759, Test MAE norm: 0.0542113
Epoch: 1090, LR: 0.000010, Loss: 0.0434689, Validation MAE: 1.1245480, Test MAE: 1.2547719, Test MAE norm: 0.0542025
Epoch: 1099, LR: 0.000010, Loss: 0.0434397, Validation MAE: 1.1242510, Test MAE: 1.2545378, Test MAE norm: 0.0541924
Epoch: 1109, LR: 0.000010, Loss: 0.0434360, Validation MAE: 1.1257930, Test MAE: 1.2549213, Test MAE norm: 0.0542090
Epoch: 1111, LR: 0.000010, Loss: 0.0434275, Validation MAE: 1.1255111, Test MAE: 1.2546613, Test MAE norm: 0.0541977
Epoch: 1112, LR: 0.000010, Loss: 0.0434243, Validation MAE: 1.1239678, Test MAE: 1.2542800, Test MAE norm: 0.0541813
Epoch: 1122, LR: 0.000010, Loss: 0.0434297, Validation MAE: 1.1248890, Test MAE: 1.2543697, Test MAE norm: 0.0541851
Epoch: 1123, LR: 0.000010, Loss: 0.0434232, Validation MAE: 1.1248696, Test MAE: 1.2542136, Test MAE norm: 0.0541784
Epoch: 1132, LR: 0.000010, Loss: 0.0434192, Validation MAE: 1.1243293, Test MAE: 1.2537678, Test MAE norm: 0.0541591
Epoch: 1137, LR: 0.000010, Loss: 0.0434168, Validation MAE: 1.1239707, Test MAE: 1.2534777, Test MAE norm: 0.0541466
Epoch: 1142, LR: 0.000010, Loss: 0.0434084, Validation MAE: 1.1234242, Test MAE: 1.2535026, Test MAE norm: 0.0541477
Epoch: 1152, LR: 0.000010, Loss: 0.0433781, Validation MAE: 1.1252229, Test MAE: 1.2538319, Test MAE norm: 0.0541619
Epoch: 1153, LR: 0.000010, Loss: 0.0433816, Validation MAE: 1.1240095, Test MAE: 1.2535526, Test MAE norm: 0.0541498
Epoch: 1154, LR: 0.000010, Loss: 0.0433817, Validation MAE: 1.1236752, Test MAE: 1.2530110, Test MAE norm: 0.0541264
Epoch: 1159, LR: 0.000010, Loss: 0.0433893, Validation MAE: 1.1228859, Test MAE: 1.2528431, Test MAE norm: 0.0541192
Epoch: 1165, LR: 0.000010, Loss: 0.0433883, Validation MAE: 1.1227239, Test MAE: 1.2525811, Test MAE norm: 0.0541079
Epoch: 1166, LR: 0.000010, Loss: 0.0433771, Validation MAE: 1.1220146, Test MAE: 1.2521985, Test MAE norm: 0.0540913
Epoch: 1176, LR: 0.000010, Loss: 0.0433598, Validation MAE: 1.1237478, Test MAE: 1.2526165, Test MAE norm: 0.0541094
Epoch: 1178, LR: 0.000010, Loss: 0.0433466, Validation MAE: 1.1235962, Test MAE: 1.2525846, Test MAE norm: 0.0541080
Epoch: 1179, LR: 0.000010, Loss: 0.0433471, Validation MAE: 1.1232072, Test MAE: 1.2524341, Test MAE norm: 0.0541015
Epoch: 1180, LR: 0.000010, Loss: 0.0433572, Validation MAE: 1.1230671, Test MAE: 1.2521185, Test MAE norm: 0.0540879
Epoch: 1181, LR: 0.000010, Loss: 0.0433621, Validation MAE: 1.1221918, Test MAE: 1.2523435, Test MAE norm: 0.0540976
Epoch: 1184, LR: 0.000010, Loss: 0.0433523, Validation MAE: 1.1221781, Test MAE: 1.2520716, Test MAE norm: 0.0540859
Epoch: 1194, LR: 0.000010, Loss: 0.0433394, Validation MAE: 1.1228606, Test MAE: 1.2522759, Test MAE norm: 0.0540947
Epoch: 1195, LR: 0.000010, Loss: 0.0433462, Validation MAE: 1.1225841, Test MAE: 1.2521974, Test MAE norm: 0.0540913
Epoch: 1200, LR: 0.000010, Loss: 0.0433346, Validation MAE: 1.1222380, Test MAE: 1.2520452, Test MAE norm: 0.0540847
Epoch: 1201, LR: 0.000010, Loss: 0.0433437, Validation MAE: 1.1221477, Test MAE: 1.2521987, Test MAE norm: 0.0540914
Epoch: 1203, LR: 0.000010, Loss: 0.0433385, Validation MAE: 1.1219406, Test MAE: 1.2521530, Test MAE norm: 0.0540894
Epoch: 1206, LR: 0.000010, Loss: 0.0433391, Validation MAE: 1.1218756, Test MAE: 1.2517464, Test MAE norm: 0.0540718
Epoch: 1216, LR: 0.000010, Loss: 0.0433241, Validation MAE: 1.1240604, Test MAE: 1.2521733, Test MAE norm: 0.0540903
Epoch: 1217, LR: 0.000010, Loss: 0.0433123, Validation MAE: 1.1235440, Test MAE: 1.2520472, Test MAE norm: 0.0540848
Epoch: 1218, LR: 0.000010, Loss: 0.0433358, Validation MAE: 1.1226435, Test MAE: 1.2517698, Test MAE norm: 0.0540728
Epoch: 1219, LR: 0.000010, Loss: 0.0433278, Validation MAE: 1.1221187, Test MAE: 1.2514905, Test MAE norm: 0.0540608
Epoch: 1221, LR: 0.000010, Loss: 0.0433054, Validation MAE: 1.1217420, Test MAE: 1.2513863, Test MAE norm: 0.0540563
Epoch: 1227, LR: 0.000010, Loss: 0.0433244, Validation MAE: 1.1212133, Test MAE: 1.2509086, Test MAE norm: 0.0540356
Epoch: 1236, LR: 0.000010, Loss: 0.0433019, Validation MAE: 1.1210093, Test MAE: 1.2509048, Test MAE norm: 0.0540355
Epoch: 1246, LR: 0.000010, Loss: 0.0433011, Validation MAE: 1.1214347, Test MAE: 1.2506629, Test MAE norm: 0.0540250
Epoch: 1247, LR: 0.000010, Loss: 0.0433133, Validation MAE: 1.1210556, Test MAE: 1.2507406, Test MAE norm: 0.0540284
Epoch: 1248, LR: 0.000010, Loss: 0.0433064, Validation MAE: 1.1210265, Test MAE: 1.2506169, Test MAE norm: 0.0540230
Epoch: 1254, LR: 0.000010, Loss: 0.0432901, Validation MAE: 1.1206839, Test MAE: 1.2501435, Test MAE norm: 0.0540026
Epoch: 1255, LR: 0.000010, Loss: 0.0432973, Validation MAE: 1.1201415, Test MAE: 1.2505472, Test MAE norm: 0.0540200
Epoch: 1261, LR: 0.000010, Loss: 0.0432893, Validation MAE: 1.1197898, Test MAE: 1.2501702, Test MAE norm: 0.0540037
Epoch: 1271, LR: 0.000010, Loss: 0.0432659, Validation MAE: 1.1217290, Test MAE: 1.2505310, Test MAE norm: 0.0540193
Epoch: 1273, LR: 0.000010, Loss: 0.0432703, Validation MAE: 1.1205773, Test MAE: 1.2501259, Test MAE norm: 0.0540018
Epoch: 1275, LR: 0.000010, Loss: 0.0432562, Validation MAE: 1.1200099, Test MAE: 1.2497972, Test MAE norm: 0.0539876
Epoch: 1276, LR: 0.000010, Loss: 0.0432635, Validation MAE: 1.1199609, Test MAE: 1.2497804, Test MAE norm: 0.0539869
Epoch: 1286, LR: 0.000010, Loss: 0.0432537, Validation MAE: 1.1203492, Test MAE: 1.2496229, Test MAE norm: 0.0539801
Epoch: 1287, LR: 0.000010, Loss: 0.0432561, Validation MAE: 1.1200256, Test MAE: 1.2492323, Test MAE norm: 0.0539632
Epoch: 1288, LR: 0.000010, Loss: 0.0432635, Validation MAE: 1.1194037, Test MAE: 1.2492720, Test MAE norm: 0.0539649
Epoch: 1290, LR: 0.000010, Loss: 0.0432696, Validation MAE: 1.1191096, Test MAE: 1.2493383, Test MAE norm: 0.0539678
Epoch: 1298, LR: 0.000010, Loss: 0.0432433, Validation MAE: 1.1188749, Test MAE: 1.2490126, Test MAE norm: 0.0539537
Epoch: 1299, LR: 0.000010, Loss: 0.0432415, Validation MAE: 1.1187497, Test MAE: 1.2489572, Test MAE norm: 0.0539513
Epoch: 1307, LR: 0.000010, Loss: 0.0432422, Validation MAE: 1.1187369, Test MAE: 1.2487240, Test MAE norm: 0.0539413
Epoch: 1314, LR: 0.000010, Loss: 0.0432417, Validation MAE: 1.1182476, Test MAE: 1.2484702, Test MAE norm: 0.0539303
Epoch: 1324, LR: 0.000010, Loss: 0.0432240, Validation MAE: 1.1191235, Test MAE: 1.2482228, Test MAE norm: 0.0539196
Epoch: 1328, LR: 0.000010, Loss: 0.0432187, Validation MAE: 1.1184217, Test MAE: 1.2484901, Test MAE norm: 0.0539312
Epoch: 1333, LR: 0.000010, Loss: 0.0432115, Validation MAE: 1.1181267, Test MAE: 1.2481378, Test MAE norm: 0.0539159
Epoch: 1334, LR: 0.000010, Loss: 0.0432262, Validation MAE: 1.1175193, Test MAE: 1.2477771, Test MAE norm: 0.0539004
Epoch: 1344, LR: 0.000010, Loss: 0.0431940, Validation MAE: 1.1187584, Test MAE: 1.2475923, Test MAE norm: 0.0538924
Epoch: 1349, LR: 0.000010, Loss: 0.0432259, Validation MAE: 1.1187433, Test MAE: 1.2478453, Test MAE norm: 0.0539033
Epoch: 1350, LR: 0.000010, Loss: 0.0431916, Validation MAE: 1.1185929, Test MAE: 1.2478050, Test MAE norm: 0.0539016
Epoch: 1351, LR: 0.000010, Loss: 0.0432026, Validation MAE: 1.1183610, Test MAE: 1.2476166, Test MAE norm: 0.0538934
Epoch: 1353, LR: 0.000010, Loss: 0.0431932, Validation MAE: 1.1181240, Test MAE: 1.2476152, Test MAE norm: 0.0538934
Epoch: 1354, LR: 0.000010, Loss: 0.0431832, Validation MAE: 1.1178271, Test MAE: 1.2476399, Test MAE norm: 0.0538944
Epoch: 1357, LR: 0.000010, Loss: 0.0431858, Validation MAE: 1.1174029, Test MAE: 1.2475024, Test MAE norm: 0.0538885
Epoch: 1358, LR: 0.000010, Loss: 0.0431867, Validation MAE: 1.1172823, Test MAE: 1.2472240, Test MAE norm: 0.0538765
Epoch: 1363, LR: 0.000010, Loss: 0.0431908, Validation MAE: 1.1170571, Test MAE: 1.2473874, Test MAE norm: 0.0538835
Epoch: 1373, LR: 0.000010, Loss: 0.0431777, Validation MAE: 1.1190659, Test MAE: 1.2476498, Test MAE norm: 0.0538949
Epoch: 1374, LR: 0.000010, Loss: 0.0431756, Validation MAE: 1.1181853, Test MAE: 1.2473593, Test MAE norm: 0.0538823
Epoch: 1375, LR: 0.000010, Loss: 0.0431710, Validation MAE: 1.1180606, Test MAE: 1.2470320, Test MAE norm: 0.0538682
Epoch: 1380, LR: 0.000010, Loss: 0.0431565, Validation MAE: 1.1174477, Test MAE: 1.2469579, Test MAE norm: 0.0538650
Epoch: 1386, LR: 0.000010, Loss: 0.0431485, Validation MAE: 1.1171895, Test MAE: 1.2470216, Test MAE norm: 0.0538677
Epoch: 1387, LR: 0.000010, Loss: 0.0431619, Validation MAE: 1.1168722, Test MAE: 1.2463061, Test MAE norm: 0.0538368
Epoch: 1388, LR: 0.000010, Loss: 0.0431614, Validation MAE: 1.1165910, Test MAE: 1.2465519, Test MAE norm: 0.0538474
Epoch: 1398, LR: 0.000010, Loss: 0.0431587, Validation MAE: 1.1177387, Test MAE: 1.2464739, Test MAE norm: 0.0538441
Epoch: 1399, LR: 0.000010, Loss: 0.0431528, Validation MAE: 1.1169968, Test MAE: 1.2461219, Test MAE norm: 0.0538289
Epoch: 1405, LR: 0.000010, Loss: 0.0431469, Validation MAE: 1.1166711, Test MAE: 1.2459635, Test MAE norm: 0.0538220
Epoch: 1409, LR: 0.000010, Loss: 0.0431297, Validation MAE: 1.1166291, Test MAE: 1.2458800, Test MAE norm: 0.0538184
Epoch: 1414, LR: 0.000010, Loss: 0.0431269, Validation MAE: 1.1155620, Test MAE: 1.2453840, Test MAE norm: 0.0537970
Epoch: 1415, LR: 0.000010, Loss: 0.0431292, Validation MAE: 1.1149949, Test MAE: 1.2453357, Test MAE norm: 0.0537949
Epoch: 1421, LR: 0.000010, Loss: 0.0431516, Validation MAE: 1.1142880, Test MAE: 1.2450758, Test MAE norm: 0.0537837
Epoch: 1431, LR: 0.000010, Loss: 0.0431233, Validation MAE: 1.1165056, Test MAE: 1.2452914, Test MAE norm: 0.0537930
Epoch: 1432, LR: 0.000010, Loss: 0.0431270, Validation MAE: 1.1151495, Test MAE: 1.2446779, Test MAE norm: 0.0537665
Epoch: 1442, LR: 0.000010, Loss: 0.0431071, Validation MAE: 1.1154640, Test MAE: 1.2447455, Test MAE norm: 0.0537694
Epoch: 1452, LR: 0.000010, Loss: 0.0431017, Validation MAE: 1.1185907, Test MAE: 1.2459322, Test MAE norm: 0.0538207
Epoch: 1453, LR: 0.000010, Loss: 0.0431014, Validation MAE: 1.1172673, Test MAE: 1.2454357, Test MAE norm: 0.0537992
Epoch: 1454, LR: 0.000010, Loss: 0.0431035, Validation MAE: 1.1170720, Test MAE: 1.2447917, Test MAE norm: 0.0537714
Epoch: 1458, LR: 0.000010, Loss: 0.0430908, Validation MAE: 1.1156917, Test MAE: 1.2443705, Test MAE norm: 0.0537532
Epoch: 1459, LR: 0.000010, Loss: 0.0430827, Validation MAE: 1.1151400, Test MAE: 1.2440674, Test MAE norm: 0.0537401
Epoch: 1460, LR: 0.000010, Loss: 0.0431016, Validation MAE: 1.1149179, Test MAE: 1.2441671, Test MAE norm: 0.0537444
Epoch: 1470, LR: 0.000010, Loss: 0.0430773, Validation MAE: 1.1160451, Test MAE: 1.2443365, Test MAE norm: 0.0537517
Epoch: 1480, LR: 0.000010, Loss: 0.0430600, Validation MAE: 1.1175321, Test MAE: 1.2443533, Test MAE norm: 0.0537525
Epoch: 1481, LR: 0.000010, Loss: 0.0430679, Validation MAE: 1.1164511, Test MAE: 1.2443320, Test MAE norm: 0.0537515
Epoch: 1482, LR: 0.000010, Loss: 0.0430645, Validation MAE: 1.1152229, Test MAE: 1.2435749, Test MAE norm: 0.0537188
Epoch: 1492, LR: 0.000010, Loss: 0.0430495, Validation MAE: 1.1178647, Test MAE: 1.2444706, Test MAE norm: 0.0537575
Epoch: 1493, LR: 0.000010, Loss: 0.0430488, Validation MAE: 1.1174628, Test MAE: 1.2441422, Test MAE norm: 0.0537433
Epoch: 1494, LR: 0.000010, Loss: 0.0430583, Validation MAE: 1.1157225, Test MAE: 1.2437335, Test MAE norm: 0.0537257
Epoch: 1495, LR: 0.000010, Loss: 0.0430555, Validation MAE: 1.1157101, Test MAE: 1.2434993, Test MAE norm: 0.0537156
Epoch: 1498, LR: 0.000010, Loss: 0.0430464, Validation MAE: 1.1156249, Test MAE: 1.2434387, Test MAE norm: 0.0537129
Epoch: 1499, LR: 0.000010, Loss: 0.0430559, Validation MAE: 1.1143044, Test MAE: 1.2429793, Test MAE norm: 0.0536931
Epoch: 1500, LR: 0.000010, Loss: 0.0430438, Validation MAE: 1.1138788, Test MAE: 1.2430261, Test MAE norm: 0.0536951
Epoch: 1510, LR: 0.000010, Loss: 0.0430333, Validation MAE: 1.1143105, Test MAE: 1.2426620, Test MAE norm: 0.0536794
Epoch: 1520, LR: 0.000010, Loss: 0.0430235, Validation MAE: 1.1149545, Test MAE: 1.2428286, Test MAE norm: 0.0536866
Epoch: 1527, LR: 0.000010, Loss: 0.0430229, Validation MAE: 1.1137282, Test MAE: 1.2422296, Test MAE norm: 0.0536607
Epoch: 1528, LR: 0.000010, Loss: 0.0430180, Validation MAE: 1.1135479, Test MAE: 1.2421354, Test MAE norm: 0.0536566
Epoch: 1533, LR: 0.000010, Loss: 0.0430114, Validation MAE: 1.1127409, Test MAE: 1.2414006, Test MAE norm: 0.0536249
Epoch: 1543, LR: 0.000010, Loss: 0.0430251, Validation MAE: 1.1144598, Test MAE: 1.2413241, Test MAE norm: 0.0536216
Epoch: 1544, LR: 0.000010, Loss: 0.0430014, Validation MAE: 1.1130743, Test MAE: 1.2412862, Test MAE norm: 0.0536200
Epoch: 1549, LR: 0.000010, Loss: 0.0429893, Validation MAE: 1.1127872, Test MAE: 1.2410287, Test MAE norm: 0.0536088
Epoch: 1559, LR: 0.000010, Loss: 0.0429846, Validation MAE: 1.1123301, Test MAE: 1.2407694, Test MAE norm: 0.0535976
Epoch: 1569, LR: 0.000010, Loss: 0.0429695, Validation MAE: 1.1122534, Test MAE: 1.2399489, Test MAE norm: 0.0535622
Epoch: 1574, LR: 0.000010, Loss: 0.0429694, Validation MAE: 1.1116427, Test MAE: 1.2397945, Test MAE norm: 0.0535555
Epoch: 1584, LR: 0.000010, Loss: 0.0429615, Validation MAE: 1.1130283, Test MAE: 1.2400023, Test MAE norm: 0.0535645
Epoch: 1594, LR: 0.000010, Loss: 0.0429575, Validation MAE: 1.1148838, Test MAE: 1.2402040, Test MAE norm: 0.0535732
Epoch: 1595, LR: 0.000010, Loss: 0.0429469, Validation MAE: 1.1140186, Test MAE: 1.2398934, Test MAE norm: 0.0535598
Epoch: 1599, LR: 0.000010, Loss: 0.0429430, Validation MAE: 1.1137018, Test MAE: 1.2400056, Test MAE norm: 0.0535646
Epoch: 1603, LR: 0.000010, Loss: 0.0429410, Validation MAE: 1.1135633, Test MAE: 1.2394258, Test MAE norm: 0.0535396
Epoch: 1607, LR: 0.000010, Loss: 0.0429307, Validation MAE: 1.1126684, Test MAE: 1.2394084, Test MAE norm: 0.0535388
Epoch: 1608, LR: 0.000010, Loss: 0.0429258, Validation MAE: 1.1121064, Test MAE: 1.2389866, Test MAE norm: 0.0535206
Epoch: 1612, LR: 0.000010, Loss: 0.0429362, Validation MAE: 1.1118985, Test MAE: 1.2389709, Test MAE norm: 0.0535199
Epoch: 1622, LR: 0.000010, Loss: 0.0429393, Validation MAE: 1.1147606, Test MAE: 1.2391663, Test MAE norm: 0.0535284
Epoch: 1625, LR: 0.000010, Loss: 0.0429271, Validation MAE: 1.1124868, Test MAE: 1.2387019, Test MAE norm: 0.0535083
Epoch: 1626, LR: 0.000010, Loss: 0.0429324, Validation MAE: 1.1124128, Test MAE: 1.2385697, Test MAE norm: 0.0535026
Epoch: 1630, LR: 0.000010, Loss: 0.0429122, Validation MAE: 1.1121674, Test MAE: 1.2385348, Test MAE norm: 0.0535011
Epoch: 1636, LR: 0.000010, Loss: 0.0429198, Validation MAE: 1.1109720, Test MAE: 1.2380471, Test MAE norm: 0.0534800
Epoch: 1646, LR: 0.000010, Loss: 0.0429027, Validation MAE: 1.1134753, Test MAE: 1.2386276, Test MAE norm: 0.0535051
Epoch: 1648, LR: 0.000010, Loss: 0.0428844, Validation MAE: 1.1120460, Test MAE: 1.2374811, Test MAE norm: 0.0534556
Epoch: 1658, LR: 0.000010, Loss: 0.0428960, Validation MAE: 1.1122683, Test MAE: 1.2375585, Test MAE norm: 0.0534589
Epoch: 1660, LR: 0.000010, Loss: 0.0428799, Validation MAE: 1.1122427, Test MAE: 1.2378597, Test MAE norm: 0.0534719
Epoch: 1661, LR: 0.000010, Loss: 0.0428670, Validation MAE: 1.1117877, Test MAE: 1.2376060, Test MAE norm: 0.0534610
Epoch: 1671, LR: 0.000010, Loss: 0.0428707, Validation MAE: 1.1124879, Test MAE: 1.2373821, Test MAE norm: 0.0534513
Epoch: 1674, LR: 0.000010, Loss: 0.0428690, Validation MAE: 1.1124147, Test MAE: 1.2369615, Test MAE norm: 0.0534332
Epoch: 1680, LR: 0.000010, Loss: 0.0428646, Validation MAE: 1.1123525, Test MAE: 1.2369395, Test MAE norm: 0.0534322
Epoch: 1685, LR: 0.000010, Loss: 0.0428665, Validation MAE: 1.1115596, Test MAE: 1.2364026, Test MAE norm: 0.0534090
Epoch: 1694, LR: 0.000010, Loss: 0.0428466, Validation MAE: 1.1114923, Test MAE: 1.2362243, Test MAE norm: 0.0534013
Epoch: 1697, LR: 0.000010, Loss: 0.0428493, Validation MAE: 1.1114067, Test MAE: 1.2359951, Test MAE norm: 0.0533914
Epoch: 1707, LR: 0.000010, Loss: 0.0428633, Validation MAE: 1.1132812, Test MAE: 1.2364498, Test MAE norm: 0.0534110
Epoch: 1708, LR: 0.000010, Loss: 0.0428417, Validation MAE: 1.1111054, Test MAE: 1.2358062, Test MAE norm: 0.0533832
Epoch: 1709, LR: 0.000010, Loss: 0.0428351, Validation MAE: 1.1102933, Test MAE: 1.2352251, Test MAE norm: 0.0533581
Epoch: 1713, LR: 0.000010, Loss: 0.0428329, Validation MAE: 1.1100703, Test MAE: 1.2349620, Test MAE norm: 0.0533468
Epoch: 1718, LR: 0.000010, Loss: 0.0428168, Validation MAE: 1.1097896, Test MAE: 1.2348435, Test MAE norm: 0.0533417
Epoch: 1728, LR: 0.000010, Loss: 0.0428219, Validation MAE: 1.1107122, Test MAE: 1.2347919, Test MAE norm: 0.0533394
Epoch: 1731, LR: 0.000010, Loss: 0.0428034, Validation MAE: 1.1103011, Test MAE: 1.2345699, Test MAE norm: 0.0533298
Epoch: 1735, LR: 0.000010, Loss: 0.0428076, Validation MAE: 1.1099849, Test MAE: 1.2342483, Test MAE norm: 0.0533159
Epoch: 1745, LR: 0.000010, Loss: 0.0428000, Validation MAE: 1.1103835, Test MAE: 1.2340403, Test MAE norm: 0.0533070
Epoch: 1752, LR: 0.000010, Loss: 0.0427977, Validation MAE: 1.1100074, Test MAE: 1.2333640, Test MAE norm: 0.0532777
Epoch: 1756, LR: 0.000010, Loss: 0.0427954, Validation MAE: 1.1100063, Test MAE: 1.2335255, Test MAE norm: 0.0532847
Epoch: 1760, LR: 0.000010, Loss: 0.0427760, Validation MAE: 1.1090034, Test MAE: 1.2333866, Test MAE norm: 0.0532787
Epoch: 1764, LR: 0.000010, Loss: 0.0427696, Validation MAE: 1.1078027, Test MAE: 1.2324579, Test MAE norm: 0.0532386
Epoch: 1774, LR: 0.000010, Loss: 0.0427876, Validation MAE: 1.1110535, Test MAE: 1.2338301, Test MAE norm: 0.0532979
Epoch: 1775, LR: 0.000010, Loss: 0.0427813, Validation MAE: 1.1084601, Test MAE: 1.2326149, Test MAE norm: 0.0532454
Epoch: 1781, LR: 0.000010, Loss: 0.0427903, Validation MAE: 1.1075437, Test MAE: 1.2317194, Test MAE norm: 0.0532067
Epoch: 1791, LR: 0.000010, Loss: 0.0427611, Validation MAE: 1.1091586, Test MAE: 1.2326590, Test MAE norm: 0.0532473
Epoch: 1795, LR: 0.000010, Loss: 0.0427441, Validation MAE: 1.1078324, Test MAE: 1.2319764, Test MAE norm: 0.0532178
Epoch: 1801, LR: 0.000010, Loss: 0.0427565, Validation MAE: 1.1073672, Test MAE: 1.2312608, Test MAE norm: 0.0531869
Epoch: 1811, LR: 0.000010, Loss: 0.0427410, Validation MAE: 1.1100746, Test MAE: 1.2321109, Test MAE norm: 0.0532236
Epoch: 1813, LR: 0.000010, Loss: 0.0427344, Validation MAE: 1.1097900, Test MAE: 1.2320639, Test MAE norm: 0.0532216
Epoch: 1814, LR: 0.000010, Loss: 0.0427311, Validation MAE: 1.1076503, Test MAE: 1.2308367, Test MAE norm: 0.0531686
Epoch: 1824, LR: 0.000010, Loss: 0.0427174, Validation MAE: 1.1120425, Test MAE: 1.2323191, Test MAE norm: 0.0532326
Epoch: 1825, LR: 0.000010, Loss: 0.0427167, Validation MAE: 1.1103866, Test MAE: 1.2315472, Test MAE norm: 0.0531993
Epoch: 1826, LR: 0.000010, Loss: 0.0426995, Validation MAE: 1.1079021, Test MAE: 1.2304097, Test MAE norm: 0.0531501
Epoch: 1831, LR: 0.000010, Loss: 0.0427238, Validation MAE: 1.1078109, Test MAE: 1.2305572, Test MAE norm: 0.0531565
Epoch: 1840, LR: 0.000010, Loss: 0.0426988, Validation MAE: 1.1069771, Test MAE: 1.2302748, Test MAE norm: 0.0531443
Epoch: 1845, LR: 0.000010, Loss: 0.0426979, Validation MAE: 1.1069252, Test MAE: 1.2300634, Test MAE norm: 0.0531352
Epoch: 1855, LR: 0.000010, Loss: 0.0427017, Validation MAE: 1.1115358, Test MAE: 1.2315412, Test MAE norm: 0.0531990
Epoch: 1856, LR: 0.000010, Loss: 0.0426994, Validation MAE: 1.1094540, Test MAE: 1.2306521, Test MAE norm: 0.0531606
Epoch: 1857, LR: 0.000010, Loss: 0.0426865, Validation MAE: 1.1067153, Test MAE: 1.2294304, Test MAE norm: 0.0531078
Epoch: 1862, LR: 0.000010, Loss: 0.0426703, Validation MAE: 1.1049771, Test MAE: 1.2289187, Test MAE norm: 0.0530857
Epoch: 1872, LR: 0.000010, Loss: 0.0426819, Validation MAE: 1.1110859, Test MAE: 1.2306429, Test MAE norm: 0.0531602
Epoch: 1873, LR: 0.000010, Loss: 0.0426624, Validation MAE: 1.1085664, Test MAE: 1.2297595, Test MAE norm: 0.0531220
Epoch: 1874, LR: 0.000010, Loss: 0.0426533, Validation MAE: 1.1076603, Test MAE: 1.2297245, Test MAE norm: 0.0531205
Epoch: 1884, LR: 0.000010, Loss: 0.0426652, Validation MAE: 1.1091664, Test MAE: 1.2297478, Test MAE norm: 0.0531215
Epoch: 1885, LR: 0.000010, Loss: 0.0426630, Validation MAE: 1.1067367, Test MAE: 1.2290777, Test MAE norm: 0.0530926
Epoch: 1890, LR: 0.000010, Loss: 0.0426468, Validation MAE: 1.1053168, Test MAE: 1.2284240, Test MAE norm: 0.0530644
Epoch: 1895, LR: 0.000010, Loss: 0.0426402, Validation MAE: 1.1052355, Test MAE: 1.2280586, Test MAE norm: 0.0530486
Epoch: 1905, LR: 0.000010, Loss: 0.0426648, Validation MAE: 1.1125220, Test MAE: 1.2308114, Test MAE norm: 0.0531675
Epoch: 1909, LR: 0.000010, Loss: 0.0426608, Validation MAE: 1.1088152, Test MAE: 1.2294111, Test MAE norm: 0.0531070
Epoch: 1910, LR: 0.000010, Loss: 0.0426400, Validation MAE: 1.1064483, Test MAE: 1.2285480, Test MAE norm: 0.0530697
Epoch: 1917, LR: 0.000010, Loss: 0.0426387, Validation MAE: 1.1052153, Test MAE: 1.2280414, Test MAE norm: 0.0530478
Epoch: 1923, LR: 0.000010, Loss: 0.0426211, Validation MAE: 1.1046952, Test MAE: 1.2275078, Test MAE norm: 0.0530248
Epoch: 1929, LR: 0.000010, Loss: 0.0426192, Validation MAE: 1.1045496, Test MAE: 1.2274300, Test MAE norm: 0.0530214
Epoch: 1930, LR: 0.000010, Loss: 0.0426478, Validation MAE: 1.1043643, Test MAE: 1.2276261, Test MAE norm: 0.0530299
Epoch: 1940, LR: 0.000010, Loss: 0.0426299, Validation MAE: 1.1089325, Test MAE: 1.2292072, Test MAE norm: 0.0530982
Epoch: 1941, LR: 0.000010, Loss: 0.0425976, Validation MAE: 1.1047783, Test MAE: 1.2273819, Test MAE norm: 0.0530193
Epoch: 1947, LR: 0.000010, Loss: 0.0425922, Validation MAE: 1.1047634, Test MAE: 1.2274501, Test MAE norm: 0.0530223
Epoch: 1957, LR: 0.000010, Loss: 0.0426041, Validation MAE: 1.1116441, Test MAE: 1.2299526, Test MAE norm: 0.0531304
Epoch: 1958, LR: 0.000010, Loss: 0.0425945, Validation MAE: 1.1089441, Test MAE: 1.2288073, Test MAE norm: 0.0530809
Epoch: 1959, LR: 0.000010, Loss: 0.0426014, Validation MAE: 1.1058935, Test MAE: 1.2276999, Test MAE norm: 0.0530331
Epoch: 1965, LR: 0.000010, Loss: 0.0425856, Validation MAE: 1.1051536, Test MAE: 1.2273322, Test MAE norm: 0.0530172
Epoch: 1970, LR: 0.000010, Loss: 0.0425577, Validation MAE: 1.1050636, Test MAE: 1.2273307, Test MAE norm: 0.0530171
Epoch: 1980, LR: 0.000010, Loss: 0.0425832, Validation MAE: 1.1112065, Test MAE: 1.2291125, Test MAE norm: 0.0530941
Epoch: 1981, LR: 0.000010, Loss: 0.0425712, Validation MAE: 1.1082081, Test MAE: 1.2278942, Test MAE norm: 0.0530415
Epoch: 1982, LR: 0.000010, Loss: 0.0425666, Validation MAE: 1.1070045, Test MAE: 1.2274501, Test MAE norm: 0.0530223
Epoch: 1988, LR: 0.000010, Loss: 0.0425624, Validation MAE: 1.1067491, Test MAE: 1.2272358, Test MAE norm: 0.0530130
Epoch: 1993, LR: 0.000010, Loss: 0.0425459, Validation MAE: 1.1062496, Test MAE: 1.2268815, Test MAE norm: 0.0529977
Epoch: 1999, LR: 0.000010, Loss: 0.0425303, Validation MAE: 1.1054667, Test MAE: 1.2267606, Test MAE norm: 0.0529925
Epoch: 2000, LR: 0.000010, Loss: 0.0425589, Validation MAE: 1.1050457, Test MAE: 1.2264049, Test MAE norm: 0.0529771
Epoch: 2000, LR: 0.000010, Loss: 0.0425589, Validation MAE: 1.1050457, Test MAE: 1.2264049, Test MAE norm: 0.0529771