Command line input: python run_count.py --batch_size 256 --target 4 --model GNNAK --h 3 --seed 1 --epoch 2000 --dataset easy-1
Mean = 0.280, Std = 1.409
Using GNNAK model

Epoch: 001, LR: 0.001000, Loss: 0.4765262, Validation MAE: 0.6664627, Test MAE: 0.7606031, Test MAE norm: 0.5399608
Epoch: 002, LR: 0.001000, Loss: 0.4306464, Validation MAE: 0.5490111, Test MAE: 0.6225665, Test MAE norm: 0.4419671
Epoch: 003, LR: 0.001000, Loss: 0.3206283, Validation MAE: 0.5006132, Test MAE: 0.5591461, Test MAE norm: 0.3969442
Epoch: 004, LR: 0.001000, Loss: 0.2886694, Validation MAE: 0.4634605, Test MAE: 0.5112659, Test MAE norm: 0.3629535
Epoch: 005, LR: 0.001000, Loss: 0.2679467, Validation MAE: 0.4291232, Test MAE: 0.4840010, Test MAE norm: 0.3435979
Epoch: 007, LR: 0.001000, Loss: 0.2903454, Validation MAE: 0.3845350, Test MAE: 0.4416082, Test MAE norm: 0.3135027
Epoch: 009, LR: 0.001000, Loss: 0.2167569, Validation MAE: 0.3686852, Test MAE: 0.4305391, Test MAE norm: 0.3056446
Epoch: 010, LR: 0.001000, Loss: 0.2104925, Validation MAE: 0.3554103, Test MAE: 0.4115373, Test MAE norm: 0.2921550
Epoch: 011, LR: 0.001000, Loss: 0.1906576, Validation MAE: 0.3364080, Test MAE: 0.3834055, Test MAE norm: 0.2721839
Epoch: 014, LR: 0.001000, Loss: 0.1857803, Validation MAE: 0.3235448, Test MAE: 0.3676679, Test MAE norm: 0.2610116
Epoch: 018, LR: 0.001000, Loss: 0.1790660, Validation MAE: 0.3153813, Test MAE: 0.3555453, Test MAE norm: 0.2524056
Epoch: 025, LR: 0.001000, Loss: 0.1776607, Validation MAE: 0.3057121, Test MAE: 0.3508672, Test MAE norm: 0.2490846
Epoch: 028, LR: 0.001000, Loss: 0.1748916, Validation MAE: 0.3044595, Test MAE: 0.3475285, Test MAE norm: 0.2467144
Epoch: 038, LR: 0.001000, Loss: 0.1718749, Validation MAE: 0.3183257, Test MAE: 0.3426859, Test MAE norm: 0.2432766
Epoch: 040, LR: 0.000900, Loss: 0.1689264, Validation MAE: 0.3140421, Test MAE: 0.3551099, Test MAE norm: 0.2520966
Epoch: 041, LR: 0.000900, Loss: 0.1689198, Validation MAE: 0.2985594, Test MAE: 0.3439384, Test MAE norm: 0.2441658
Epoch: 046, LR: 0.000900, Loss: 0.1646663, Validation MAE: 0.2903083, Test MAE: 0.3347386, Test MAE norm: 0.2376348
Epoch: 051, LR: 0.000900, Loss: 0.1568232, Validation MAE: 0.2874738, Test MAE: 0.3347186, Test MAE norm: 0.2376206
Epoch: 061, LR: 0.000900, Loss: 0.1620276, Validation MAE: 0.3040684, Test MAE: 0.3518188, Test MAE norm: 0.2497602
Epoch: 062, LR: 0.000900, Loss: 0.1604091, Validation MAE: 0.3038121, Test MAE: 0.3387716, Test MAE norm: 0.2404978
Epoch: 063, LR: 0.000810, Loss: 0.1608482, Validation MAE: 0.2975458, Test MAE: 0.3394582, Test MAE norm: 0.2409852
Epoch: 064, LR: 0.000810, Loss: 0.1587276, Validation MAE: 0.2898056, Test MAE: 0.3371704, Test MAE norm: 0.2393611
Epoch: 065, LR: 0.000810, Loss: 0.1543340, Validation MAE: 0.2876270, Test MAE: 0.3277844, Test MAE norm: 0.2326979
Epoch: 067, LR: 0.000810, Loss: 0.1546398, Validation MAE: 0.2834246, Test MAE: 0.3221835, Test MAE norm: 0.2287217
Epoch: 069, LR: 0.000810, Loss: 0.1540892, Validation MAE: 0.2816227, Test MAE: 0.3154860, Test MAE norm: 0.2239671
Epoch: 073, LR: 0.000810, Loss: 0.1529109, Validation MAE: 0.2755928, Test MAE: 0.3183770, Test MAE norm: 0.2260195
Epoch: 083, LR: 0.000810, Loss: 0.1658117, Validation MAE: 0.3108406, Test MAE: 0.3288787, Test MAE norm: 0.2334748
Epoch: 085, LR: 0.000729, Loss: 0.1577249, Validation MAE: 0.2993121, Test MAE: 0.3175570, Test MAE norm: 0.2254374
Epoch: 086, LR: 0.000729, Loss: 0.1540490, Validation MAE: 0.2837197, Test MAE: 0.3379949, Test MAE norm: 0.2399464
Epoch: 087, LR: 0.000729, Loss: 0.1535194, Validation MAE: 0.2812792, Test MAE: 0.3371883, Test MAE norm: 0.2393738
Epoch: 090, LR: 0.000729, Loss: 0.1501300, Validation MAE: 0.2812274, Test MAE: 0.3184125, Test MAE norm: 0.2260446
Epoch: 091, LR: 0.000729, Loss: 0.1541497, Validation MAE: 0.2773468, Test MAE: 0.3198678, Test MAE norm: 0.2270778
Epoch: 096, LR: 0.000656, Loss: 0.1523210, Validation MAE: 0.2761859, Test MAE: 0.3094127, Test MAE norm: 0.2196556
Epoch: 098, LR: 0.000656, Loss: 0.1492613, Validation MAE: 0.2713768, Test MAE: 0.3057168, Test MAE norm: 0.2170319
Epoch: 100, LR: 0.000656, Loss: 0.1484210, Validation MAE: 0.2692832, Test MAE: 0.3080087, Test MAE norm: 0.2186589
Epoch: 110, LR: 0.000656, Loss: 0.1467168, Validation MAE: 0.2780077, Test MAE: 0.3012893, Test MAE norm: 0.2138887
Epoch: 111, LR: 0.000656, Loss: 0.1460426, Validation MAE: 0.2770905, Test MAE: 0.3045220, Test MAE norm: 0.2161836
Epoch: 112, LR: 0.000590, Loss: 0.1472499, Validation MAE: 0.2728384, Test MAE: 0.3075452, Test MAE norm: 0.2183298
Epoch: 113, LR: 0.000590, Loss: 0.1464561, Validation MAE: 0.2718576, Test MAE: 0.3091203, Test MAE norm: 0.2194480
Epoch: 116, LR: 0.000590, Loss: 0.1462902, Validation MAE: 0.2714303, Test MAE: 0.2988108, Test MAE norm: 0.2121292
Epoch: 118, LR: 0.000590, Loss: 0.1458293, Validation MAE: 0.2701049, Test MAE: 0.3048897, Test MAE norm: 0.2164447
Epoch: 128, LR: 0.000531, Loss: 0.1462136, Validation MAE: 0.2739566, Test MAE: 0.3021895, Test MAE norm: 0.2145278
Epoch: 129, LR: 0.000531, Loss: 0.1440819, Validation MAE: 0.2726948, Test MAE: 0.3036046, Test MAE norm: 0.2155323
Epoch: 139, LR: 0.000478, Loss: 0.1474645, Validation MAE: 0.2751476, Test MAE: 0.3255437, Test MAE norm: 0.2311072
Epoch: 140, LR: 0.000478, Loss: 0.1506868, Validation MAE: 0.2712506, Test MAE: 0.3065595, Test MAE norm: 0.2176301
Epoch: 144, LR: 0.000478, Loss: 0.1449003, Validation MAE: 0.2711181, Test MAE: 0.3121665, Test MAE norm: 0.2216105
Epoch: 149, LR: 0.000430, Loss: 0.1465350, Validation MAE: 0.2700084, Test MAE: 0.3105760, Test MAE norm: 0.2204814
Epoch: 150, LR: 0.000430, Loss: 0.1445679, Validation MAE: 0.2699514, Test MAE: 0.3164805, Test MAE norm: 0.2246731
Epoch: 151, LR: 0.000430, Loss: 0.1464889, Validation MAE: 0.2686476, Test MAE: 0.3105330, Test MAE norm: 0.2204509
Epoch: 156, LR: 0.000430, Loss: 0.1464734, Validation MAE: 0.2679785, Test MAE: 0.3077611, Test MAE norm: 0.2184832
Epoch: 165, LR: 0.000430, Loss: 0.1447295, Validation MAE: 0.2655436, Test MAE: 0.3121251, Test MAE norm: 0.2215812
Epoch: 175, LR: 0.000430, Loss: 0.1447345, Validation MAE: 0.2728335, Test MAE: 0.3088361, Test MAE norm: 0.2192463
Epoch: 176, LR: 0.000430, Loss: 0.1449957, Validation MAE: 0.2700871, Test MAE: 0.3054017, Test MAE norm: 0.2168082
Epoch: 184, LR: 0.000387, Loss: 0.1445799, Validation MAE: 0.2698959, Test MAE: 0.2999446, Test MAE norm: 0.2129341
Epoch: 192, LR: 0.000349, Loss: 0.1433315, Validation MAE: 0.2693668, Test MAE: 0.3024846, Test MAE norm: 0.2147373
Epoch: 197, LR: 0.000349, Loss: 0.1433110, Validation MAE: 0.2692950, Test MAE: 0.3008149, Test MAE norm: 0.2135519
Epoch: 200, LR: 0.000314, Loss: 0.1440519, Validation MAE: 0.2673919, Test MAE: 0.3013749, Test MAE norm: 0.2139495
Epoch: 207, LR: 0.000314, Loss: 0.1443332, Validation MAE: 0.2654546, Test MAE: 0.3050549, Test MAE norm: 0.2165620
Epoch: 217, LR: 0.000314, Loss: 0.1430056, Validation MAE: 0.2705820, Test MAE: 0.2998062, Test MAE norm: 0.2128359
Epoch: 220, LR: 0.000282, Loss: 0.1436307, Validation MAE: 0.2688668, Test MAE: 0.2985702, Test MAE norm: 0.2119584
Epoch: 222, LR: 0.000282, Loss: 0.1427769, Validation MAE: 0.2680901, Test MAE: 0.2982910, Test MAE norm: 0.2117602
Epoch: 227, LR: 0.000282, Loss: 0.1421478, Validation MAE: 0.2674660, Test MAE: 0.3049807, Test MAE norm: 0.2165093
Epoch: 228, LR: 0.000282, Loss: 0.1422750, Validation MAE: 0.2673289, Test MAE: 0.3046907, Test MAE norm: 0.2163034
Epoch: 232, LR: 0.000254, Loss: 0.1417834, Validation MAE: 0.2672172, Test MAE: 0.3005725, Test MAE norm: 0.2133798
Epoch: 233, LR: 0.000254, Loss: 0.1414846, Validation MAE: 0.2666548, Test MAE: 0.3008240, Test MAE norm: 0.2135584
Epoch: 234, LR: 0.000254, Loss: 0.1415960, Validation MAE: 0.2663667, Test MAE: 0.3005655, Test MAE norm: 0.2133749
Epoch: 238, LR: 0.000254, Loss: 0.1419854, Validation MAE: 0.2660236, Test MAE: 0.2999467, Test MAE norm: 0.2129356
Epoch: 240, LR: 0.000254, Loss: 0.1419245, Validation MAE: 0.2656996, Test MAE: 0.3015650, Test MAE norm: 0.2140844
Epoch: 245, LR: 0.000229, Loss: 0.1408660, Validation MAE: 0.2653870, Test MAE: 0.2976666, Test MAE norm: 0.2113169
Epoch: 246, LR: 0.000229, Loss: 0.1404736, Validation MAE: 0.2645400, Test MAE: 0.2988842, Test MAE norm: 0.2121813
Epoch: 250, LR: 0.000229, Loss: 0.1407205, Validation MAE: 0.2640160, Test MAE: 0.2976256, Test MAE norm: 0.2112878
Epoch: 253, LR: 0.000229, Loss: 0.1400573, Validation MAE: 0.2638705, Test MAE: 0.2973386, Test MAE norm: 0.2110841
Epoch: 255, LR: 0.000229, Loss: 0.1403128, Validation MAE: 0.2632606, Test MAE: 0.2974224, Test MAE norm: 0.2111435
Epoch: 258, LR: 0.000229, Loss: 0.1402535, Validation MAE: 0.2623668, Test MAE: 0.2983669, Test MAE norm: 0.2118141
Epoch: 259, LR: 0.000229, Loss: 0.1398526, Validation MAE: 0.2618659, Test MAE: 0.2994218, Test MAE norm: 0.2125629
Epoch: 262, LR: 0.000229, Loss: 0.1401666, Validation MAE: 0.2615502, Test MAE: 0.2993314, Test MAE norm: 0.2124988
Epoch: 263, LR: 0.000229, Loss: 0.1398624, Validation MAE: 0.2605375, Test MAE: 0.3004035, Test MAE norm: 0.2132599
Epoch: 267, LR: 0.000229, Loss: 0.1394822, Validation MAE: 0.2603548, Test MAE: 0.2981472, Test MAE norm: 0.2116581
Epoch: 269, LR: 0.000229, Loss: 0.1394402, Validation MAE: 0.2586860, Test MAE: 0.3008206, Test MAE norm: 0.2135560
Epoch: 273, LR: 0.000229, Loss: 0.1395083, Validation MAE: 0.2563228, Test MAE: 0.3021619, Test MAE norm: 0.2145082
Epoch: 274, LR: 0.000229, Loss: 0.1396564, Validation MAE: 0.2550475, Test MAE: 0.3048006, Test MAE norm: 0.2163814
Epoch: 278, LR: 0.000229, Loss: 0.1387981, Validation MAE: 0.2549617, Test MAE: 0.3005920, Test MAE norm: 0.2133937
Epoch: 283, LR: 0.000229, Loss: 0.1380135, Validation MAE: 0.2517416, Test MAE: 0.2997615, Test MAE norm: 0.2128041
Epoch: 286, LR: 0.000229, Loss: 0.1383193, Validation MAE: 0.2489919, Test MAE: 0.3047990, Test MAE norm: 0.2163803
Epoch: 289, LR: 0.000229, Loss: 0.1391077, Validation MAE: 0.2477292, Test MAE: 0.3031602, Test MAE norm: 0.2152169
Epoch: 290, LR: 0.000229, Loss: 0.1379588, Validation MAE: 0.2467567, Test MAE: 0.3030313, Test MAE norm: 0.2151254
Epoch: 292, LR: 0.000229, Loss: 0.1380901, Validation MAE: 0.2464507, Test MAE: 0.3005932, Test MAE norm: 0.2133945
Epoch: 293, LR: 0.000229, Loss: 0.1377956, Validation MAE: 0.2462617, Test MAE: 0.2982391, Test MAE norm: 0.2117234
Epoch: 296, LR: 0.000229, Loss: 0.1372664, Validation MAE: 0.2448944, Test MAE: 0.2949484, Test MAE norm: 0.2093872
Epoch: 301, LR: 0.000229, Loss: 0.1382940, Validation MAE: 0.2434575, Test MAE: 0.3054581, Test MAE norm: 0.2168482
Epoch: 311, LR: 0.000229, Loss: 0.1372242, Validation MAE: 0.2460801, Test MAE: 0.3027997, Test MAE norm: 0.2149610
Epoch: 312, LR: 0.000229, Loss: 0.1382076, Validation MAE: 0.2441162, Test MAE: 0.2904992, Test MAE norm: 0.2062287
Epoch: 314, LR: 0.000206, Loss: 0.1364956, Validation MAE: 0.2430247, Test MAE: 0.2942224, Test MAE norm: 0.2088718
Epoch: 315, LR: 0.000206, Loss: 0.1362896, Validation MAE: 0.2396898, Test MAE: 0.3042381, Test MAE norm: 0.2159821
Epoch: 316, LR: 0.000206, Loss: 0.1361776, Validation MAE: 0.2373529, Test MAE: 0.2944363, Test MAE norm: 0.2090237
Epoch: 325, LR: 0.000206, Loss: 0.1350462, Validation MAE: 0.2360411, Test MAE: 0.3064948, Test MAE norm: 0.2175841
Epoch: 326, LR: 0.000206, Loss: 0.1347091, Validation MAE: 0.2353873, Test MAE: 0.2841616, Test MAE norm: 0.2017296
Epoch: 327, LR: 0.000206, Loss: 0.1333835, Validation MAE: 0.2311770, Test MAE: 0.2866194, Test MAE norm: 0.2034744
Epoch: 328, LR: 0.000206, Loss: 0.1325501, Validation MAE: 0.2305719, Test MAE: 0.2975881, Test MAE norm: 0.2112612
Epoch: 338, LR: 0.000206, Loss: 0.1325656, Validation MAE: 0.2797982, Test MAE: 0.3617028, Test MAE norm: 0.2567770
Epoch: 339, LR: 0.000206, Loss: 0.1516997, Validation MAE: 0.2430233, Test MAE: 0.2890081, Test MAE norm: 0.2051701
Epoch: 343, LR: 0.000185, Loss: 0.1387412, Validation MAE: 0.2417309, Test MAE: 0.3075322, Test MAE norm: 0.2183206
Epoch: 351, LR: 0.000167, Loss: 0.1366254, Validation MAE: 0.2401346, Test MAE: 0.3075485, Test MAE norm: 0.2183322
Epoch: 352, LR: 0.000167, Loss: 0.1371750, Validation MAE: 0.2377918, Test MAE: 0.3041207, Test MAE norm: 0.2158988
Epoch: 360, LR: 0.000167, Loss: 0.1376242, Validation MAE: 0.2375773, Test MAE: 0.3113524, Test MAE norm: 0.2210326
Epoch: 361, LR: 0.000167, Loss: 0.1360221, Validation MAE: 0.2375557, Test MAE: 0.3108936, Test MAE norm: 0.2207069
Epoch: 368, LR: 0.000150, Loss: 0.1333822, Validation MAE: 0.2331434, Test MAE: 0.2986816, Test MAE norm: 0.2120375
Epoch: 373, LR: 0.000135, Loss: 0.1351585, Validation MAE: 0.2311653, Test MAE: 0.2973924, Test MAE norm: 0.2111223
Epoch: 379, LR: 0.000135, Loss: 0.1312286, Validation MAE: 0.2274252, Test MAE: 0.2915647, Test MAE norm: 0.2069851
Epoch: 380, LR: 0.000135, Loss: 0.1303927, Validation MAE: 0.2248939, Test MAE: 0.3047947, Test MAE norm: 0.2163772
Epoch: 387, LR: 0.000135, Loss: 0.1362221, Validation MAE: 0.2243791, Test MAE: 0.3014103, Test MAE norm: 0.2139746
Epoch: 397, LR: 0.000135, Loss: 0.1307701, Validation MAE: 0.2337276, Test MAE: 0.2806016, Test MAE norm: 0.1992023
Epoch: 398, LR: 0.000135, Loss: 0.1307823, Validation MAE: 0.2334946, Test MAE: 0.2792777, Test MAE norm: 0.1982625
Epoch: 399, LR: 0.000122, Loss: 0.1309431, Validation MAE: 0.2273140, Test MAE: 0.2923371, Test MAE norm: 0.2075334
Epoch: 400, LR: 0.000122, Loss: 0.1294908, Validation MAE: 0.2253943, Test MAE: 0.3024950, Test MAE norm: 0.2147446
Epoch: 405, LR: 0.000122, Loss: 0.1298943, Validation MAE: 0.2219883, Test MAE: 0.2961716, Test MAE norm: 0.2102556
Epoch: 414, LR: 0.000122, Loss: 0.1272026, Validation MAE: 0.2181684, Test MAE: 0.2899831, Test MAE norm: 0.2058623
Epoch: 424, LR: 0.000122, Loss: 0.1286049, Validation MAE: 0.2299081, Test MAE: 0.2724187, Test MAE norm: 0.1933932
Epoch: 426, LR: 0.000109, Loss: 0.1297192, Validation MAE: 0.2269031, Test MAE: 0.2787637, Test MAE norm: 0.1978976
Epoch: 427, LR: 0.000109, Loss: 0.1266402, Validation MAE: 0.2223704, Test MAE: 0.2918580, Test MAE norm: 0.2071933
Epoch: 428, LR: 0.000109, Loss: 0.1282568, Validation MAE: 0.2182276, Test MAE: 0.2931644, Test MAE norm: 0.2081208
Epoch: 438, LR: 0.000098, Loss: 0.1248511, Validation MAE: 0.2258589, Test MAE: 0.2857933, Test MAE norm: 0.2028879
Epoch: 441, LR: 0.000098, Loss: 0.1271639, Validation MAE: 0.2197379, Test MAE: 0.2798673, Test MAE norm: 0.1986810
Epoch: 442, LR: 0.000098, Loss: 0.1275938, Validation MAE: 0.2180786, Test MAE: 0.2843345, Test MAE norm: 0.2018523
Epoch: 452, LR: 0.000098, Loss: 0.1264650, Validation MAE: 0.2226923, Test MAE: 0.2732536, Test MAE norm: 0.1939858
Epoch: 455, LR: 0.000089, Loss: 0.1267605, Validation MAE: 0.2194218, Test MAE: 0.2835159, Test MAE norm: 0.2012712
Epoch: 457, LR: 0.000089, Loss: 0.1257020, Validation MAE: 0.2172612, Test MAE: 0.2860251, Test MAE norm: 0.2030525
Epoch: 467, LR: 0.000089, Loss: 0.1244135, Validation MAE: 0.2198038, Test MAE: 0.2732882, Test MAE norm: 0.1940104
Epoch: 470, LR: 0.000080, Loss: 0.1229549, Validation MAE: 0.2182056, Test MAE: 0.2884325, Test MAE norm: 0.2047615
Epoch: 471, LR: 0.000080, Loss: 0.1231496, Validation MAE: 0.2179621, Test MAE: 0.2817778, Test MAE norm: 0.2000373
Epoch: 472, LR: 0.000080, Loss: 0.1239659, Validation MAE: 0.2119662, Test MAE: 0.2798359, Test MAE norm: 0.1986587
Epoch: 482, LR: 0.000080, Loss: 0.1253232, Validation MAE: 0.2199363, Test MAE: 0.2966357, Test MAE norm: 0.2105851
Epoch: 488, LR: 0.000072, Loss: 0.1241102, Validation MAE: 0.2173230, Test MAE: 0.2676997, Test MAE norm: 0.1900431
Epoch: 493, LR: 0.000072, Loss: 0.1238254, Validation MAE: 0.2161907, Test MAE: 0.2727053, Test MAE norm: 0.1935966
Epoch: 499, LR: 0.000065, Loss: 0.1225838, Validation MAE: 0.2146024, Test MAE: 0.2777747, Test MAE norm: 0.1971954
Epoch: 500, LR: 0.000065, Loss: 0.1212256, Validation MAE: 0.2092644, Test MAE: 0.2706795, Test MAE norm: 0.1921584
Epoch: 501, LR: 0.000065, Loss: 0.1214020, Validation MAE: 0.2079026, Test MAE: 0.2703589, Test MAE norm: 0.1919309
Epoch: 511, LR: 0.000065, Loss: 0.1218821, Validation MAE: 0.2148561, Test MAE: 0.2758582, Test MAE norm: 0.1958349
Epoch: 515, LR: 0.000058, Loss: 0.1199062, Validation MAE: 0.2141597, Test MAE: 0.2741075, Test MAE norm: 0.1945921
Epoch: 522, LR: 0.000058, Loss: 0.1202862, Validation MAE: 0.2117279, Test MAE: 0.2717914, Test MAE norm: 0.1929478
Epoch: 532, LR: 0.000052, Loss: 0.1189719, Validation MAE: 0.2170831, Test MAE: 0.2696964, Test MAE norm: 0.1914606
Epoch: 537, LR: 0.000047, Loss: 0.1189797, Validation MAE: 0.2120347, Test MAE: 0.2704814, Test MAE norm: 0.1920179
Epoch: 543, LR: 0.000047, Loss: 0.1193879, Validation MAE: 0.2113040, Test MAE: 0.2661144, Test MAE norm: 0.1889176
Epoch: 544, LR: 0.000047, Loss: 0.1203138, Validation MAE: 0.2105576, Test MAE: 0.2654824, Test MAE norm: 0.1884690
Epoch: 554, LR: 0.000042, Loss: 0.1186617, Validation MAE: 0.2149078, Test MAE: 0.2649784, Test MAE norm: 0.1881112
Epoch: 555, LR: 0.000042, Loss: 0.1188586, Validation MAE: 0.2146580, Test MAE: 0.2623457, Test MAE norm: 0.1862422
Epoch: 559, LR: 0.000038, Loss: 0.1183388, Validation MAE: 0.2135278, Test MAE: 0.2639372, Test MAE norm: 0.1873721
Epoch: 566, LR: 0.000038, Loss: 0.1178533, Validation MAE: 0.2121488, Test MAE: 0.2665187, Test MAE norm: 0.1892047
Epoch: 576, LR: 0.000034, Loss: 0.1175626, Validation MAE: 0.2157187, Test MAE: 0.2670998, Test MAE norm: 0.1896172
Epoch: 577, LR: 0.000034, Loss: 0.1175889, Validation MAE: 0.2156855, Test MAE: 0.2684378, Test MAE norm: 0.1905671
Epoch: 579, LR: 0.000031, Loss: 0.1175964, Validation MAE: 0.2137489, Test MAE: 0.2627131, Test MAE norm: 0.1865030
Epoch: 580, LR: 0.000031, Loss: 0.1177531, Validation MAE: 0.2124908, Test MAE: 0.2600023, Test MAE norm: 0.1845786
Epoch: 581, LR: 0.000031, Loss: 0.1180899, Validation MAE: 0.2116717, Test MAE: 0.2618489, Test MAE norm: 0.1858895
Epoch: 591, LR: 0.000028, Loss: 0.1173777, Validation MAE: 0.2124932, Test MAE: 0.2661367, Test MAE norm: 0.1889335
Epoch: 601, LR: 0.000025, Loss: 0.1171351, Validation MAE: 0.2122115, Test MAE: 0.2706497, Test MAE norm: 0.1921373
Epoch: 602, LR: 0.000025, Loss: 0.1171149, Validation MAE: 0.2122108, Test MAE: 0.2722690, Test MAE norm: 0.1932868
Epoch: 612, LR: 0.000023, Loss: 0.1171260, Validation MAE: 0.2117051, Test MAE: 0.2689623, Test MAE norm: 0.1909394
Epoch: 613, LR: 0.000023, Loss: 0.1170292, Validation MAE: 0.2110449, Test MAE: 0.2678981, Test MAE norm: 0.1901840
Epoch: 617, LR: 0.000023, Loss: 0.1167946, Validation MAE: 0.2106639, Test MAE: 0.2647326, Test MAE norm: 0.1879367
Epoch: 622, LR: 0.000023, Loss: 0.1166410, Validation MAE: 0.2100624, Test MAE: 0.2637650, Test MAE norm: 0.1872498
Epoch: 623, LR: 0.000020, Loss: 0.1168369, Validation MAE: 0.2098899, Test MAE: 0.2640973, Test MAE norm: 0.1874857
Epoch: 628, LR: 0.000020, Loss: 0.1164330, Validation MAE: 0.2090946, Test MAE: 0.2678498, Test MAE norm: 0.1901496
Epoch: 638, LR: 0.000018, Loss: 0.1163380, Validation MAE: 0.2090552, Test MAE: 0.2691805, Test MAE norm: 0.1910943
Epoch: 643, LR: 0.000018, Loss: 0.1164947, Validation MAE: 0.2088874, Test MAE: 0.2692465, Test MAE norm: 0.1911412
Epoch: 653, LR: 0.000016, Loss: 0.1163843, Validation MAE: 0.2114331, Test MAE: 0.2635174, Test MAE norm: 0.1870740
Epoch: 654, LR: 0.000016, Loss: 0.1160262, Validation MAE: 0.2111233, Test MAE: 0.2660273, Test MAE norm: 0.1888558
Epoch: 656, LR: 0.000015, Loss: 0.1160650, Validation MAE: 0.2110007, Test MAE: 0.2655091, Test MAE norm: 0.1884879
Epoch: 660, LR: 0.000015, Loss: 0.1159094, Validation MAE: 0.2109223, Test MAE: 0.2671061, Test MAE norm: 0.1896217
Epoch: 663, LR: 0.000015, Loss: 0.1158905, Validation MAE: 0.2103830, Test MAE: 0.2619065, Test MAE norm: 0.1859304
Epoch: 670, LR: 0.000013, Loss: 0.1159453, Validation MAE: 0.2102555, Test MAE: 0.2637052, Test MAE norm: 0.1872073
Epoch: 674, LR: 0.000013, Loss: 0.1157963, Validation MAE: 0.2091528, Test MAE: 0.2649545, Test MAE norm: 0.1880943
Epoch: 684, LR: 0.000012, Loss: 0.1157872, Validation MAE: 0.2108754, Test MAE: 0.2657549, Test MAE norm: 0.1886625
Epoch: 685, LR: 0.000012, Loss: 0.1155916, Validation MAE: 0.2091529, Test MAE: 0.2650965, Test MAE norm: 0.1881950
Epoch: 686, LR: 0.000012, Loss: 0.1156845, Validation MAE: 0.2090914, Test MAE: 0.2642585, Test MAE norm: 0.1876002
Epoch: 690, LR: 0.000011, Loss: 0.1155447, Validation MAE: 0.2083653, Test MAE: 0.2657538, Test MAE norm: 0.1886617
Epoch: 691, LR: 0.000011, Loss: 0.1157661, Validation MAE: 0.2079780, Test MAE: 0.2645285, Test MAE norm: 0.1877918
Epoch: 697, LR: 0.000011, Loss: 0.1157630, Validation MAE: 0.2075831, Test MAE: 0.2643520, Test MAE norm: 0.1876665
Epoch: 707, LR: 0.000011, Loss: 0.1154639, Validation MAE: 0.2090619, Test MAE: 0.2653842, Test MAE norm: 0.1883993
Epoch: 708, LR: 0.000011, Loss: 0.1154538, Validation MAE: 0.2083593, Test MAE: 0.2641058, Test MAE norm: 0.1874917
Epoch: 713, LR: 0.000010, Loss: 0.1153196, Validation MAE: 0.2080652, Test MAE: 0.2632128, Test MAE norm: 0.1868578
Epoch: 718, LR: 0.000010, Loss: 0.1154186, Validation MAE: 0.2070737, Test MAE: 0.2644648, Test MAE norm: 0.1877466
Epoch: 728, LR: 0.000010, Loss: 0.1153224, Validation MAE: 0.2072366, Test MAE: 0.2623247, Test MAE norm: 0.1862273
Epoch: 729, LR: 0.000010, Loss: 0.1155704, Validation MAE: 0.2069291, Test MAE: 0.2642550, Test MAE norm: 0.1875977
Epoch: 739, LR: 0.000010, Loss: 0.1151749, Validation MAE: 0.2099334, Test MAE: 0.2609774, Test MAE norm: 0.1852708
Epoch: 742, LR: 0.000010, Loss: 0.1151942, Validation MAE: 0.2088990, Test MAE: 0.2665188, Test MAE norm: 0.1892048
Epoch: 743, LR: 0.000010, Loss: 0.1155616, Validation MAE: 0.2070996, Test MAE: 0.2669917, Test MAE norm: 0.1895404
Epoch: 753, LR: 0.000010, Loss: 0.1151273, Validation MAE: 0.2098921, Test MAE: 0.2631893, Test MAE norm: 0.1868411
Epoch: 755, LR: 0.000010, Loss: 0.1151372, Validation MAE: 0.2093366, Test MAE: 0.2644059, Test MAE norm: 0.1877048
Epoch: 756, LR: 0.000010, Loss: 0.1150151, Validation MAE: 0.2084605, Test MAE: 0.2655676, Test MAE norm: 0.1885294
Epoch: 765, LR: 0.000010, Loss: 0.1150271, Validation MAE: 0.2073635, Test MAE: 0.2636755, Test MAE norm: 0.1871862
Epoch: 771, LR: 0.000010, Loss: 0.1152087, Validation MAE: 0.2071371, Test MAE: 0.2639878, Test MAE norm: 0.1874080
Epoch: 781, LR: 0.000010, Loss: 0.1148017, Validation MAE: 0.2070364, Test MAE: 0.2659516, Test MAE norm: 0.1888021
Epoch: 791, LR: 0.000010, Loss: 0.1147769, Validation MAE: 0.2102782, Test MAE: 0.2633796, Test MAE norm: 0.1869762
Epoch: 793, LR: 0.000010, Loss: 0.1150275, Validation MAE: 0.2080240, Test MAE: 0.2659760, Test MAE norm: 0.1888194
Epoch: 794, LR: 0.000010, Loss: 0.1147943, Validation MAE: 0.2061063, Test MAE: 0.2653631, Test MAE norm: 0.1883843
Epoch: 804, LR: 0.000010, Loss: 0.1150728, Validation MAE: 0.2066291, Test MAE: 0.2630011, Test MAE norm: 0.1867075
Epoch: 808, LR: 0.000010, Loss: 0.1145159, Validation MAE: 0.2056177, Test MAE: 0.2636982, Test MAE norm: 0.1872024
Epoch: 809, LR: 0.000010, Loss: 0.1149003, Validation MAE: 0.2050707, Test MAE: 0.2639250, Test MAE norm: 0.1873633
Epoch: 819, LR: 0.000010, Loss: 0.1144893, Validation MAE: 0.2063631, Test MAE: 0.2657597, Test MAE norm: 0.1886658
Epoch: 829, LR: 0.000010, Loss: 0.1144187, Validation MAE: 0.2074871, Test MAE: 0.2647002, Test MAE norm: 0.1879137
Epoch: 830, LR: 0.000010, Loss: 0.1143973, Validation MAE: 0.2068314, Test MAE: 0.2665842, Test MAE norm: 0.1892511
Epoch: 838, LR: 0.000010, Loss: 0.1142535, Validation MAE: 0.2058108, Test MAE: 0.2640314, Test MAE norm: 0.1874389
Epoch: 848, LR: 0.000010, Loss: 0.1142322, Validation MAE: 0.2094424, Test MAE: 0.2665902, Test MAE norm: 0.1892554
Epoch: 849, LR: 0.000010, Loss: 0.1144531, Validation MAE: 0.2064256, Test MAE: 0.2667739, Test MAE norm: 0.1893859
Epoch: 850, LR: 0.000010, Loss: 0.1142318, Validation MAE: 0.2054430, Test MAE: 0.2654373, Test MAE norm: 0.1884370
Epoch: 860, LR: 0.000010, Loss: 0.1143577, Validation MAE: 0.2083640, Test MAE: 0.2639816, Test MAE norm: 0.1874036
Epoch: 862, LR: 0.000010, Loss: 0.1144182, Validation MAE: 0.2077870, Test MAE: 0.2662364, Test MAE norm: 0.1890042
Epoch: 863, LR: 0.000010, Loss: 0.1141557, Validation MAE: 0.2058181, Test MAE: 0.2630228, Test MAE norm: 0.1867229
Epoch: 867, LR: 0.000010, Loss: 0.1139798, Validation MAE: 0.2053791, Test MAE: 0.2652510, Test MAE norm: 0.1883047
Epoch: 871, LR: 0.000010, Loss: 0.1143429, Validation MAE: 0.2051992, Test MAE: 0.2665413, Test MAE norm: 0.1892207
Epoch: 872, LR: 0.000010, Loss: 0.1141065, Validation MAE: 0.2042052, Test MAE: 0.2673575, Test MAE norm: 0.1898002
Epoch: 882, LR: 0.000010, Loss: 0.1139467, Validation MAE: 0.2053108, Test MAE: 0.2659805, Test MAE norm: 0.1888226
Epoch: 890, LR: 0.000010, Loss: 0.1139554, Validation MAE: 0.2042396, Test MAE: 0.2641190, Test MAE norm: 0.1875011
Epoch: 895, LR: 0.000010, Loss: 0.1141697, Validation MAE: 0.2042114, Test MAE: 0.2656841, Test MAE norm: 0.1886121
Epoch: 901, LR: 0.000010, Loss: 0.1138090, Validation MAE: 0.2040978, Test MAE: 0.2651377, Test MAE norm: 0.1882243
Epoch: 905, LR: 0.000010, Loss: 0.1137119, Validation MAE: 0.2037996, Test MAE: 0.2657791, Test MAE norm: 0.1886797
Epoch: 915, LR: 0.000010, Loss: 0.1137885, Validation MAE: 0.2046414, Test MAE: 0.2696829, Test MAE norm: 0.1914510
Epoch: 925, LR: 0.000010, Loss: 0.1136427, Validation MAE: 0.2078973, Test MAE: 0.2657945, Test MAE norm: 0.1886906
Epoch: 926, LR: 0.000010, Loss: 0.1135977, Validation MAE: 0.2052207, Test MAE: 0.2667316, Test MAE norm: 0.1893558
Epoch: 927, LR: 0.000010, Loss: 0.1136410, Validation MAE: 0.2049344, Test MAE: 0.2669925, Test MAE norm: 0.1895410
Epoch: 930, LR: 0.000010, Loss: 0.1136295, Validation MAE: 0.2043765, Test MAE: 0.2672202, Test MAE norm: 0.1897026
Epoch: 937, LR: 0.000010, Loss: 0.1135587, Validation MAE: 0.2043521, Test MAE: 0.2649805, Test MAE norm: 0.1881127
Epoch: 944, LR: 0.000010, Loss: 0.1133250, Validation MAE: 0.2041879, Test MAE: 0.2683365, Test MAE norm: 0.1904951
Epoch: 950, LR: 0.000010, Loss: 0.1135201, Validation MAE: 0.2031893, Test MAE: 0.2686667, Test MAE norm: 0.1907296
Epoch: 960, LR: 0.000010, Loss: 0.1132246, Validation MAE: 0.2083500, Test MAE: 0.2694142, Test MAE norm: 0.1912602
Epoch: 961, LR: 0.000010, Loss: 0.1139346, Validation MAE: 0.2045953, Test MAE: 0.2693976, Test MAE norm: 0.1912484
Epoch: 962, LR: 0.000010, Loss: 0.1135785, Validation MAE: 0.2015323, Test MAE: 0.2662683, Test MAE norm: 0.1890269
Epoch: 967, LR: 0.000010, Loss: 0.1132767, Validation MAE: 0.2010499, Test MAE: 0.2688859, Test MAE norm: 0.1908852
Epoch: 977, LR: 0.000010, Loss: 0.1131741, Validation MAE: 0.2059489, Test MAE: 0.2681727, Test MAE norm: 0.1903789
Epoch: 978, LR: 0.000010, Loss: 0.1132662, Validation MAE: 0.2046899, Test MAE: 0.2691838, Test MAE norm: 0.1910967
Epoch: 979, LR: 0.000010, Loss: 0.1132535, Validation MAE: 0.2038739, Test MAE: 0.2683279, Test MAE norm: 0.1904890
Epoch: 980, LR: 0.000010, Loss: 0.1130812, Validation MAE: 0.2037939, Test MAE: 0.2666759, Test MAE norm: 0.1893163
Epoch: 986, LR: 0.000010, Loss: 0.1133395, Validation MAE: 0.2024861, Test MAE: 0.2626733, Test MAE norm: 0.1864748
Epoch: 987, LR: 0.000010, Loss: 0.1135463, Validation MAE: 0.2023219, Test MAE: 0.2627222, Test MAE norm: 0.1865095
Epoch: 997, LR: 0.000010, Loss: 0.1133299, Validation MAE: 0.2053526, Test MAE: 0.2718018, Test MAE norm: 0.1929552
Epoch: 998, LR: 0.000010, Loss: 0.1133164, Validation MAE: 0.2034108, Test MAE: 0.2670763, Test MAE norm: 0.1896005
Epoch: 1002, LR: 0.000010, Loss: 0.1128875, Validation MAE: 0.2027007, Test MAE: 0.2677491, Test MAE norm: 0.1900781
Epoch: 1006, LR: 0.000010, Loss: 0.1129200, Validation MAE: 0.2026293, Test MAE: 0.2684216, Test MAE norm: 0.1905556
Epoch: 1016, LR: 0.000010, Loss: 0.1130440, Validation MAE: 0.2014635, Test MAE: 0.2681855, Test MAE norm: 0.1903880
Epoch: 1017, LR: 0.000010, Loss: 0.1129959, Validation MAE: 0.2006490, Test MAE: 0.2670643, Test MAE norm: 0.1895920
Epoch: 1027, LR: 0.000010, Loss: 0.1129122, Validation MAE: 0.2011611, Test MAE: 0.2677433, Test MAE norm: 0.1900741
Epoch: 1037, LR: 0.000010, Loss: 0.1125942, Validation MAE: 0.2031118, Test MAE: 0.2683502, Test MAE norm: 0.1905049
Epoch: 1039, LR: 0.000010, Loss: 0.1126154, Validation MAE: 0.2019689, Test MAE: 0.2687482, Test MAE norm: 0.1907874
Epoch: 1049, LR: 0.000010, Loss: 0.1124920, Validation MAE: 0.2030596, Test MAE: 0.2675775, Test MAE norm: 0.1899563
Epoch: 1053, LR: 0.000010, Loss: 0.1124642, Validation MAE: 0.2029604, Test MAE: 0.2666826, Test MAE norm: 0.1893210
Epoch: 1055, LR: 0.000010, Loss: 0.1123805, Validation MAE: 0.2027005, Test MAE: 0.2663228, Test MAE norm: 0.1890656
Epoch: 1056, LR: 0.000010, Loss: 0.1125426, Validation MAE: 0.2022785, Test MAE: 0.2668168, Test MAE norm: 0.1894163
Epoch: 1059, LR: 0.000010, Loss: 0.1123308, Validation MAE: 0.2008990, Test MAE: 0.2683782, Test MAE norm: 0.1905247
Epoch: 1060, LR: 0.000010, Loss: 0.1126179, Validation MAE: 0.2003421, Test MAE: 0.2692501, Test MAE norm: 0.1911437
Epoch: 1070, LR: 0.000010, Loss: 0.1124057, Validation MAE: 0.2028811, Test MAE: 0.2672436, Test MAE norm: 0.1897193
Epoch: 1072, LR: 0.000010, Loss: 0.1126041, Validation MAE: 0.2026847, Test MAE: 0.2685207, Test MAE norm: 0.1906259
Epoch: 1075, LR: 0.000010, Loss: 0.1124666, Validation MAE: 0.2025380, Test MAE: 0.2695894, Test MAE norm: 0.1913846
Epoch: 1076, LR: 0.000010, Loss: 0.1122834, Validation MAE: 0.2014414, Test MAE: 0.2713512, Test MAE norm: 0.1926354
Epoch: 1077, LR: 0.000010, Loss: 0.1125771, Validation MAE: 0.2007139, Test MAE: 0.2701832, Test MAE norm: 0.1918061
Epoch: 1087, LR: 0.000010, Loss: 0.1121909, Validation MAE: 0.2033099, Test MAE: 0.2696986, Test MAE norm: 0.1914622
Epoch: 1088, LR: 0.000010, Loss: 0.1123037, Validation MAE: 0.2032487, Test MAE: 0.2682505, Test MAE norm: 0.1904341
Epoch: 1089, LR: 0.000010, Loss: 0.1120474, Validation MAE: 0.2019825, Test MAE: 0.2673769, Test MAE norm: 0.1898139
Epoch: 1093, LR: 0.000010, Loss: 0.1122516, Validation MAE: 0.2005075, Test MAE: 0.2692161, Test MAE norm: 0.1911196
Epoch: 1103, LR: 0.000010, Loss: 0.1119538, Validation MAE: 0.2019722, Test MAE: 0.2699310, Test MAE norm: 0.1916271
Epoch: 1106, LR: 0.000010, Loss: 0.1120093, Validation MAE: 0.2015779, Test MAE: 0.2691078, Test MAE norm: 0.1910427
Epoch: 1110, LR: 0.000010, Loss: 0.1119671, Validation MAE: 0.2013418, Test MAE: 0.2671278, Test MAE norm: 0.1896371
Epoch: 1114, LR: 0.000010, Loss: 0.1118633, Validation MAE: 0.2012971, Test MAE: 0.2683269, Test MAE norm: 0.1904883
Epoch: 1122, LR: 0.000010, Loss: 0.1117085, Validation MAE: 0.2012618, Test MAE: 0.2682647, Test MAE norm: 0.1904442
Epoch: 1127, LR: 0.000010, Loss: 0.1116873, Validation MAE: 0.2000495, Test MAE: 0.2698354, Test MAE norm: 0.1915592
Epoch: 1137, LR: 0.000010, Loss: 0.1118897, Validation MAE: 0.2034484, Test MAE: 0.2693686, Test MAE norm: 0.1912279
Epoch: 1138, LR: 0.000010, Loss: 0.1118666, Validation MAE: 0.2025862, Test MAE: 0.2702085, Test MAE norm: 0.1918241
Epoch: 1139, LR: 0.000010, Loss: 0.1116315, Validation MAE: 0.2011958, Test MAE: 0.2675586, Test MAE norm: 0.1899429
Epoch: 1142, LR: 0.000010, Loss: 0.1118909, Validation MAE: 0.2007184, Test MAE: 0.2694047, Test MAE norm: 0.1912535
Epoch: 1150, LR: 0.000010, Loss: 0.1116467, Validation MAE: 0.1997116, Test MAE: 0.2669924, Test MAE norm: 0.1895410
Epoch: 1160, LR: 0.000010, Loss: 0.1114651, Validation MAE: 0.2015960, Test MAE: 0.2702093, Test MAE norm: 0.1918247
Epoch: 1161, LR: 0.000010, Loss: 0.1114440, Validation MAE: 0.2002666, Test MAE: 0.2678911, Test MAE norm: 0.1901790
Epoch: 1164, LR: 0.000010, Loss: 0.1116347, Validation MAE: 0.1994291, Test MAE: 0.2698194, Test MAE norm: 0.1915479
Epoch: 1165, LR: 0.000010, Loss: 0.1116960, Validation MAE: 0.1980903, Test MAE: 0.2693498, Test MAE norm: 0.1912145
Epoch: 1175, LR: 0.000010, Loss: 0.1114096, Validation MAE: 0.2008754, Test MAE: 0.2692393, Test MAE norm: 0.1911360
Epoch: 1176, LR: 0.000010, Loss: 0.1115255, Validation MAE: 0.2002042, Test MAE: 0.2673445, Test MAE norm: 0.1897909
Epoch: 1186, LR: 0.000010, Loss: 0.1113694, Validation MAE: 0.2012779, Test MAE: 0.2704681, Test MAE norm: 0.1920084
Epoch: 1187, LR: 0.000010, Loss: 0.1112479, Validation MAE: 0.1988292, Test MAE: 0.2692104, Test MAE norm: 0.1911155
Epoch: 1192, LR: 0.000010, Loss: 0.1112598, Validation MAE: 0.1987665, Test MAE: 0.2662264, Test MAE norm: 0.1889971
Epoch: 1202, LR: 0.000010, Loss: 0.1112103, Validation MAE: 0.1998186, Test MAE: 0.2671698, Test MAE norm: 0.1896669
Epoch: 1212, LR: 0.000010, Loss: 0.1108750, Validation MAE: 0.2018228, Test MAE: 0.2686453, Test MAE norm: 0.1907144
Epoch: 1214, LR: 0.000010, Loss: 0.1109637, Validation MAE: 0.2006466, Test MAE: 0.2671806, Test MAE norm: 0.1896745
Epoch: 1215, LR: 0.000010, Loss: 0.1109732, Validation MAE: 0.2006154, Test MAE: 0.2663522, Test MAE norm: 0.1890865
Epoch: 1223, LR: 0.000010, Loss: 0.1107920, Validation MAE: 0.1997639, Test MAE: 0.2680175, Test MAE norm: 0.1902687
Epoch: 1233, LR: 0.000010, Loss: 0.1106692, Validation MAE: 0.2020118, Test MAE: 0.2711427, Test MAE norm: 0.1924873
Epoch: 1235, LR: 0.000010, Loss: 0.1106313, Validation MAE: 0.2013611, Test MAE: 0.2666415, Test MAE norm: 0.1892918
Epoch: 1239, LR: 0.000010, Loss: 0.1106134, Validation MAE: 0.2000211, Test MAE: 0.2682159, Test MAE norm: 0.1904096
Epoch: 1243, LR: 0.000010, Loss: 0.1110125, Validation MAE: 0.1988177, Test MAE: 0.2686927, Test MAE norm: 0.1907480
Epoch: 1244, LR: 0.000010, Loss: 0.1111790, Validation MAE: 0.1973364, Test MAE: 0.2682991, Test MAE norm: 0.1904686
Epoch: 1254, LR: 0.000010, Loss: 0.1107108, Validation MAE: 0.1987813, Test MAE: 0.2674400, Test MAE norm: 0.1898587
Epoch: 1264, LR: 0.000010, Loss: 0.1106104, Validation MAE: 0.2007833, Test MAE: 0.2698224, Test MAE norm: 0.1915500
Epoch: 1266, LR: 0.000010, Loss: 0.1105490, Validation MAE: 0.2007694, Test MAE: 0.2705346, Test MAE norm: 0.1920556
Epoch: 1267, LR: 0.000010, Loss: 0.1104804, Validation MAE: 0.2001686, Test MAE: 0.2699523, Test MAE norm: 0.1916422
Epoch: 1271, LR: 0.000010, Loss: 0.1103754, Validation MAE: 0.1996614, Test MAE: 0.2675079, Test MAE norm: 0.1899069
Epoch: 1281, LR: 0.000010, Loss: 0.1107780, Validation MAE: 0.1995149, Test MAE: 0.2674560, Test MAE norm: 0.1898701
Epoch: 1282, LR: 0.000010, Loss: 0.1103580, Validation MAE: 0.1982878, Test MAE: 0.2678971, Test MAE norm: 0.1901832
Epoch: 1292, LR: 0.000010, Loss: 0.1103571, Validation MAE: 0.2006831, Test MAE: 0.2672413, Test MAE norm: 0.1897177
Epoch: 1302, LR: 0.000010, Loss: 0.1103177, Validation MAE: 0.2008534, Test MAE: 0.2690702, Test MAE norm: 0.1910160
Epoch: 1312, LR: 0.000010, Loss: 0.1099554, Validation MAE: 0.2025009, Test MAE: 0.2675482, Test MAE norm: 0.1899355
Epoch: 1314, LR: 0.000010, Loss: 0.1102517, Validation MAE: 0.2018013, Test MAE: 0.2661456, Test MAE norm: 0.1889398
Epoch: 1317, LR: 0.000010, Loss: 0.1102555, Validation MAE: 0.2007859, Test MAE: 0.2677580, Test MAE norm: 0.1900845
Epoch: 1321, LR: 0.000010, Loss: 0.1101017, Validation MAE: 0.2006274, Test MAE: 0.2679696, Test MAE norm: 0.1902347
Epoch: 1331, LR: 0.000010, Loss: 0.1101161, Validation MAE: 0.2032726, Test MAE: 0.2672715, Test MAE norm: 0.1897391
Epoch: 1332, LR: 0.000010, Loss: 0.1103397, Validation MAE: 0.2027021, Test MAE: 0.2684818, Test MAE norm: 0.1905983
Epoch: 1334, LR: 0.000010, Loss: 0.1102328, Validation MAE: 0.2016677, Test MAE: 0.2711343, Test MAE norm: 0.1924814
Epoch: 1335, LR: 0.000010, Loss: 0.1099181, Validation MAE: 0.2004364, Test MAE: 0.2697705, Test MAE norm: 0.1915131
Epoch: 1336, LR: 0.000010, Loss: 0.1099522, Validation MAE: 0.2002952, Test MAE: 0.2689333, Test MAE norm: 0.1909188
Epoch: 1346, LR: 0.000010, Loss: 0.1097974, Validation MAE: 0.2033381, Test MAE: 0.2700895, Test MAE norm: 0.1917396
Epoch: 1347, LR: 0.000010, Loss: 0.1099301, Validation MAE: 0.2015072, Test MAE: 0.2673613, Test MAE norm: 0.1898029
Epoch: 1348, LR: 0.000010, Loss: 0.1098103, Validation MAE: 0.2012892, Test MAE: 0.2672019, Test MAE norm: 0.1896897
Epoch: 1358, LR: 0.000010, Loss: 0.1097975, Validation MAE: 0.2028926, Test MAE: 0.2676017, Test MAE norm: 0.1899735
Epoch: 1360, LR: 0.000010, Loss: 0.1099668, Validation MAE: 0.2018585, Test MAE: 0.2694576, Test MAE norm: 0.1912910
Epoch: 1361, LR: 0.000010, Loss: 0.1097716, Validation MAE: 0.2008182, Test MAE: 0.2688489, Test MAE norm: 0.1908589
Epoch: 1371, LR: 0.000010, Loss: 0.1096871, Validation MAE: 0.2014395, Test MAE: 0.2666825, Test MAE norm: 0.1893210
Epoch: 1372, LR: 0.000010, Loss: 0.1099912, Validation MAE: 0.2009383, Test MAE: 0.2671303, Test MAE norm: 0.1896388
Epoch: 1377, LR: 0.000010, Loss: 0.1096567, Validation MAE: 0.2008851, Test MAE: 0.2690955, Test MAE norm: 0.1910339
Epoch: 1387, LR: 0.000010, Loss: 0.1094375, Validation MAE: 0.2039046, Test MAE: 0.2686300, Test MAE norm: 0.1907035
Epoch: 1388, LR: 0.000010, Loss: 0.1095622, Validation MAE: 0.2021526, Test MAE: 0.2688335, Test MAE norm: 0.1908480
Epoch: 1389, LR: 0.000010, Loss: 0.1094609, Validation MAE: 0.2008973, Test MAE: 0.2700963, Test MAE norm: 0.1917444
Epoch: 1391, LR: 0.000010, Loss: 0.1094966, Validation MAE: 0.2007242, Test MAE: 0.2725916, Test MAE norm: 0.1935159
Epoch: 1392, LR: 0.000010, Loss: 0.1094151, Validation MAE: 0.2004817, Test MAE: 0.2723701, Test MAE norm: 0.1933587
Epoch: 1393, LR: 0.000010, Loss: 0.1094531, Validation MAE: 0.2003812, Test MAE: 0.2721251, Test MAE norm: 0.1931847
Epoch: 1403, LR: 0.000010, Loss: 0.1095077, Validation MAE: 0.2016750, Test MAE: 0.2680353, Test MAE norm: 0.1902813
Epoch: 1413, LR: 0.000010, Loss: 0.1097078, Validation MAE: 0.2026749, Test MAE: 0.2692200, Test MAE norm: 0.1911224
Epoch: 1421, LR: 0.000010, Loss: 0.1095704, Validation MAE: 0.2021106, Test MAE: 0.2681682, Test MAE norm: 0.1903757
Epoch: 1422, LR: 0.000010, Loss: 0.1094736, Validation MAE: 0.2005648, Test MAE: 0.2697821, Test MAE norm: 0.1915214
Epoch: 1432, LR: 0.000010, Loss: 0.1093863, Validation MAE: 0.2020095, Test MAE: 0.2692582, Test MAE norm: 0.1911495
Epoch: 1439, LR: 0.000010, Loss: 0.1091910, Validation MAE: 0.2019290, Test MAE: 0.2718717, Test MAE norm: 0.1930048
Epoch: 1440, LR: 0.000010, Loss: 0.1092535, Validation MAE: 0.2016228, Test MAE: 0.2721072, Test MAE norm: 0.1931720
Epoch: 1450, LR: 0.000010, Loss: 0.1090378, Validation MAE: 0.2030022, Test MAE: 0.2669001, Test MAE norm: 0.1894754
Epoch: 1454, LR: 0.000010, Loss: 0.1090418, Validation MAE: 0.2029659, Test MAE: 0.2729444, Test MAE norm: 0.1937663
Epoch: 1455, LR: 0.000010, Loss: 0.1089682, Validation MAE: 0.2016984, Test MAE: 0.2726745, Test MAE norm: 0.1935747
Epoch: 1456, LR: 0.000010, Loss: 0.1090532, Validation MAE: 0.2010767, Test MAE: 0.2706667, Test MAE norm: 0.1921494
Epoch: 1466, LR: 0.000010, Loss: 0.1089215, Validation MAE: 0.2038511, Test MAE: 0.2708804, Test MAE norm: 0.1923011
Epoch: 1467, LR: 0.000010, Loss: 0.1088126, Validation MAE: 0.2028633, Test MAE: 0.2708175, Test MAE norm: 0.1922565
Epoch: 1468, LR: 0.000010, Loss: 0.1088436, Validation MAE: 0.2026580, Test MAE: 0.2702982, Test MAE norm: 0.1918878
Epoch: 1478, LR: 0.000010, Loss: 0.1089265, Validation MAE: 0.2039461, Test MAE: 0.2712684, Test MAE norm: 0.1925765
Epoch: 1479, LR: 0.000010, Loss: 0.1086697, Validation MAE: 0.2026146, Test MAE: 0.2681866, Test MAE norm: 0.1903887
Epoch: 1480, LR: 0.000010, Loss: 0.1090316, Validation MAE: 0.2025410, Test MAE: 0.2687833, Test MAE norm: 0.1908124
Epoch: 1490, LR: 0.000010, Loss: 0.1090306, Validation MAE: 0.2043927, Test MAE: 0.2701269, Test MAE norm: 0.1917662
Epoch: 1492, LR: 0.000010, Loss: 0.1093573, Validation MAE: 0.2040979, Test MAE: 0.2675238, Test MAE norm: 0.1899182
Epoch: 1493, LR: 0.000010, Loss: 0.1090233, Validation MAE: 0.2035689, Test MAE: 0.2680444, Test MAE norm: 0.1902878
Epoch: 1494, LR: 0.000010, Loss: 0.1089933, Validation MAE: 0.2033692, Test MAE: 0.2711924, Test MAE norm: 0.1925226
Epoch: 1495, LR: 0.000010, Loss: 0.1088088, Validation MAE: 0.2032681, Test MAE: 0.2726423, Test MAE norm: 0.1935519
Epoch: 1496, LR: 0.000010, Loss: 0.1090652, Validation MAE: 0.2030210, Test MAE: 0.2714147, Test MAE norm: 0.1926804
Epoch: 1497, LR: 0.000010, Loss: 0.1089213, Validation MAE: 0.2018122, Test MAE: 0.2696258, Test MAE norm: 0.1914104
Epoch: 1507, LR: 0.000010, Loss: 0.1091295, Validation MAE: 0.2040350, Test MAE: 0.2708704, Test MAE norm: 0.1922940
Epoch: 1508, LR: 0.000010, Loss: 0.1084905, Validation MAE: 0.2030983, Test MAE: 0.2682579, Test MAE norm: 0.1904394
Epoch: 1509, LR: 0.000010, Loss: 0.1088167, Validation MAE: 0.2025879, Test MAE: 0.2687426, Test MAE norm: 0.1907835
Epoch: 1519, LR: 0.000010, Loss: 0.1086294, Validation MAE: 0.2025562, Test MAE: 0.2710185, Test MAE norm: 0.1923991
Epoch: 1529, LR: 0.000010, Loss: 0.1085961, Validation MAE: 0.2048088, Test MAE: 0.2686353, Test MAE norm: 0.1907073
Epoch: 1530, LR: 0.000010, Loss: 0.1084616, Validation MAE: 0.2041512, Test MAE: 0.2679922, Test MAE norm: 0.1902507
Epoch: 1533, LR: 0.000010, Loss: 0.1088092, Validation MAE: 0.2036533, Test MAE: 0.2704502, Test MAE norm: 0.1919957
Epoch: 1534, LR: 0.000010, Loss: 0.1083172, Validation MAE: 0.2025924, Test MAE: 0.2700774, Test MAE norm: 0.1917310
Epoch: 1542, LR: 0.000010, Loss: 0.1083440, Validation MAE: 0.2018949, Test MAE: 0.2704308, Test MAE norm: 0.1919819
Epoch: 1552, LR: 0.000010, Loss: 0.1087581, Validation MAE: 0.2027776, Test MAE: 0.2743648, Test MAE norm: 0.1947747
Epoch: 1553, LR: 0.000010, Loss: 0.1087426, Validation MAE: 0.2022815, Test MAE: 0.2701952, Test MAE norm: 0.1918146
Epoch: 1563, LR: 0.000010, Loss: 0.1082718, Validation MAE: 0.2029743, Test MAE: 0.2709255, Test MAE norm: 0.1923331
Epoch: 1567, LR: 0.000010, Loss: 0.1081992, Validation MAE: 0.2029260, Test MAE: 0.2685789, Test MAE norm: 0.1906672
Epoch: 1568, LR: 0.000010, Loss: 0.1087298, Validation MAE: 0.2023354, Test MAE: 0.2696272, Test MAE norm: 0.1914114
Epoch: 1578, LR: 0.000010, Loss: 0.1080775, Validation MAE: 0.2036867, Test MAE: 0.2723805, Test MAE norm: 0.1933661
Epoch: 1579, LR: 0.000010, Loss: 0.1084021, Validation MAE: 0.2033098, Test MAE: 0.2705844, Test MAE norm: 0.1920910
Epoch: 1580, LR: 0.000010, Loss: 0.1080788, Validation MAE: 0.2031406, Test MAE: 0.2686555, Test MAE norm: 0.1907216
Epoch: 1590, LR: 0.000010, Loss: 0.1081589, Validation MAE: 0.2036003, Test MAE: 0.2697977, Test MAE norm: 0.1915325
Epoch: 1600, LR: 0.000010, Loss: 0.1078743, Validation MAE: 0.2041627, Test MAE: 0.2690499, Test MAE norm: 0.1910016
Epoch: 1601, LR: 0.000010, Loss: 0.1079280, Validation MAE: 0.2041063, Test MAE: 0.2692016, Test MAE norm: 0.1911093
Epoch: 1605, LR: 0.000010, Loss: 0.1079118, Validation MAE: 0.2039265, Test MAE: 0.2706070, Test MAE norm: 0.1921070
Epoch: 1606, LR: 0.000010, Loss: 0.1077697, Validation MAE: 0.2036483, Test MAE: 0.2704129, Test MAE norm: 0.1919692
Epoch: 1616, LR: 0.000010, Loss: 0.1079231, Validation MAE: 0.2050483, Test MAE: 0.2697266, Test MAE norm: 0.1914820
Epoch: 1617, LR: 0.000010, Loss: 0.1080809, Validation MAE: 0.2044470, Test MAE: 0.2691519, Test MAE norm: 0.1910740
Epoch: 1619, LR: 0.000010, Loss: 0.1078005, Validation MAE: 0.2043765, Test MAE: 0.2711870, Test MAE norm: 0.1925188
Epoch: 1620, LR: 0.000010, Loss: 0.1078940, Validation MAE: 0.2039981, Test MAE: 0.2692956, Test MAE norm: 0.1911760
Epoch: 1621, LR: 0.000010, Loss: 0.1080115, Validation MAE: 0.2033772, Test MAE: 0.2670293, Test MAE norm: 0.1895671
Epoch: 1626, LR: 0.000010, Loss: 0.1082088, Validation MAE: 0.2026070, Test MAE: 0.2713133, Test MAE norm: 0.1926084
Epoch: 1627, LR: 0.000010, Loss: 0.1077948, Validation MAE: 0.2015060, Test MAE: 0.2706377, Test MAE norm: 0.1921288
Epoch: 1637, LR: 0.000010, Loss: 0.1076665, Validation MAE: 0.2038081, Test MAE: 0.2723083, Test MAE norm: 0.1933148
Epoch: 1638, LR: 0.000010, Loss: 0.1077106, Validation MAE: 0.2033030, Test MAE: 0.2719365, Test MAE norm: 0.1930508
Epoch: 1648, LR: 0.000010, Loss: 0.1077310, Validation MAE: 0.2050150, Test MAE: 0.2720300, Test MAE norm: 0.1931172
Epoch: 1649, LR: 0.000010, Loss: 0.1076528, Validation MAE: 0.2046612, Test MAE: 0.2706597, Test MAE norm: 0.1921444
Epoch: 1650, LR: 0.000010, Loss: 0.1074952, Validation MAE: 0.2043965, Test MAE: 0.2694830, Test MAE norm: 0.1913091
Epoch: 1654, LR: 0.000010, Loss: 0.1074695, Validation MAE: 0.2042549, Test MAE: 0.2694228, Test MAE norm: 0.1912663
Epoch: 1655, LR: 0.000010, Loss: 0.1079664, Validation MAE: 0.2033580, Test MAE: 0.2686422, Test MAE norm: 0.1907122
Epoch: 1656, LR: 0.000010, Loss: 0.1075353, Validation MAE: 0.2029940, Test MAE: 0.2688849, Test MAE norm: 0.1908844
Epoch: 1666, LR: 0.000010, Loss: 0.1072951, Validation MAE: 0.2048183, Test MAE: 0.2715138, Test MAE norm: 0.1927507
Epoch: 1668, LR: 0.000010, Loss: 0.1073991, Validation MAE: 0.2045896, Test MAE: 0.2697052, Test MAE norm: 0.1914668
Epoch: 1670, LR: 0.000010, Loss: 0.1076223, Validation MAE: 0.2044217, Test MAE: 0.2709727, Test MAE norm: 0.1923666
Epoch: 1672, LR: 0.000010, Loss: 0.1074512, Validation MAE: 0.2038300, Test MAE: 0.2715328, Test MAE norm: 0.1927642
Epoch: 1673, LR: 0.000010, Loss: 0.1072373, Validation MAE: 0.2032195, Test MAE: 0.2689267, Test MAE norm: 0.1909141
Epoch: 1680, LR: 0.000010, Loss: 0.1075609, Validation MAE: 0.2030915, Test MAE: 0.2696704, Test MAE norm: 0.1914421
Epoch: 1690, LR: 0.000010, Loss: 0.1074022, Validation MAE: 0.2037643, Test MAE: 0.2695841, Test MAE norm: 0.1913809
Epoch: 1692, LR: 0.000010, Loss: 0.1072621, Validation MAE: 0.2036685, Test MAE: 0.2717460, Test MAE norm: 0.1929156
Epoch: 1702, LR: 0.000010, Loss: 0.1071242, Validation MAE: 0.2046909, Test MAE: 0.2699074, Test MAE norm: 0.1916104
Epoch: 1703, LR: 0.000010, Loss: 0.1071281, Validation MAE: 0.2041624, Test MAE: 0.2709068, Test MAE norm: 0.1923198
Epoch: 1704, LR: 0.000010, Loss: 0.1072342, Validation MAE: 0.2037783, Test MAE: 0.2710207, Test MAE norm: 0.1924006
Epoch: 1713, LR: 0.000010, Loss: 0.1072015, Validation MAE: 0.2033298, Test MAE: 0.2698831, Test MAE norm: 0.1915931
Epoch: 1723, LR: 0.000010, Loss: 0.1068622, Validation MAE: 0.2038945, Test MAE: 0.2703165, Test MAE norm: 0.1919008
Epoch: 1728, LR: 0.000010, Loss: 0.1070049, Validation MAE: 0.2038795, Test MAE: 0.2694392, Test MAE norm: 0.1912780
Epoch: 1738, LR: 0.000010, Loss: 0.1070664, Validation MAE: 0.2039645, Test MAE: 0.2714387, Test MAE norm: 0.1926974
Epoch: 1739, LR: 0.000010, Loss: 0.1070796, Validation MAE: 0.2032990, Test MAE: 0.2699293, Test MAE norm: 0.1916259
Epoch: 1747, LR: 0.000010, Loss: 0.1070862, Validation MAE: 0.2032715, Test MAE: 0.2731002, Test MAE norm: 0.1938770
Epoch: 1749, LR: 0.000010, Loss: 0.1071089, Validation MAE: 0.2031974, Test MAE: 0.2724255, Test MAE norm: 0.1933980
Epoch: 1750, LR: 0.000010, Loss: 0.1071911, Validation MAE: 0.2026096, Test MAE: 0.2703305, Test MAE norm: 0.1919107
Epoch: 1751, LR: 0.000010, Loss: 0.1071204, Validation MAE: 0.2022982, Test MAE: 0.2689301, Test MAE norm: 0.1909166
Epoch: 1756, LR: 0.000010, Loss: 0.1071512, Validation MAE: 0.2013566, Test MAE: 0.2702127, Test MAE norm: 0.1918271
Epoch: 1766, LR: 0.000010, Loss: 0.1073745, Validation MAE: 0.2035220, Test MAE: 0.2728871, Test MAE norm: 0.1937256
Epoch: 1769, LR: 0.000010, Loss: 0.1068563, Validation MAE: 0.2034465, Test MAE: 0.2711551, Test MAE norm: 0.1924961
Epoch: 1770, LR: 0.000010, Loss: 0.1071643, Validation MAE: 0.2032554, Test MAE: 0.2697355, Test MAE norm: 0.1914883
Epoch: 1771, LR: 0.000010, Loss: 0.1069403, Validation MAE: 0.2029834, Test MAE: 0.2698148, Test MAE norm: 0.1915446
Epoch: 1772, LR: 0.000010, Loss: 0.1072605, Validation MAE: 0.2026694, Test MAE: 0.2715235, Test MAE norm: 0.1927577
Epoch: 1782, LR: 0.000010, Loss: 0.1069414, Validation MAE: 0.2040255, Test MAE: 0.2700220, Test MAE norm: 0.1916917
Epoch: 1792, LR: 0.000010, Loss: 0.1069635, Validation MAE: 0.2054570, Test MAE: 0.2729225, Test MAE norm: 0.1937508
Epoch: 1794, LR: 0.000010, Loss: 0.1066514, Validation MAE: 0.2046771, Test MAE: 0.2689323, Test MAE norm: 0.1909181
Epoch: 1801, LR: 0.000010, Loss: 0.1065718, Validation MAE: 0.2040686, Test MAE: 0.2695067, Test MAE norm: 0.1913259
Epoch: 1810, LR: 0.000010, Loss: 0.1071815, Validation MAE: 0.2036784, Test MAE: 0.2710719, Test MAE norm: 0.1924371
Epoch: 1820, LR: 0.000010, Loss: 0.1065690, Validation MAE: 0.2043613, Test MAE: 0.2702954, Test MAE norm: 0.1918858
Epoch: 1821, LR: 0.000010, Loss: 0.1065091, Validation MAE: 0.2043527, Test MAE: 0.2692256, Test MAE norm: 0.1911263
Epoch: 1825, LR: 0.000010, Loss: 0.1064589, Validation MAE: 0.2041769, Test MAE: 0.2700751, Test MAE norm: 0.1917294
Epoch: 1826, LR: 0.000010, Loss: 0.1066089, Validation MAE: 0.2035033, Test MAE: 0.2698056, Test MAE norm: 0.1915381
Epoch: 1827, LR: 0.000010, Loss: 0.1068082, Validation MAE: 0.2032379, Test MAE: 0.2701402, Test MAE norm: 0.1917756
Epoch: 1837, LR: 0.000010, Loss: 0.1066006, Validation MAE: 0.2041777, Test MAE: 0.2713731, Test MAE norm: 0.1926508
Epoch: 1841, LR: 0.000010, Loss: 0.1074161, Validation MAE: 0.2039380, Test MAE: 0.2727207, Test MAE norm: 0.1936076
Epoch: 1842, LR: 0.000010, Loss: 0.1064660, Validation MAE: 0.2038897, Test MAE: 0.2711311, Test MAE norm: 0.1924791
Epoch: 1843, LR: 0.000010, Loss: 0.1074268, Validation MAE: 0.2038614, Test MAE: 0.2718590, Test MAE norm: 0.1929958
Epoch: 1848, LR: 0.000010, Loss: 0.1068667, Validation MAE: 0.2031252, Test MAE: 0.2676437, Test MAE norm: 0.1900034
Epoch: 1858, LR: 0.000010, Loss: 0.1064440, Validation MAE: 0.2049720, Test MAE: 0.2721765, Test MAE norm: 0.1932212
Epoch: 1862, LR: 0.000010, Loss: 0.1065377, Validation MAE: 0.2044368, Test MAE: 0.2705059, Test MAE norm: 0.1920353
Epoch: 1863, LR: 0.000010, Loss: 0.1062530, Validation MAE: 0.2040846, Test MAE: 0.2697023, Test MAE norm: 0.1914648
Epoch: 1864, LR: 0.000010, Loss: 0.1067037, Validation MAE: 0.2036167, Test MAE: 0.2711107, Test MAE norm: 0.1924646
Epoch: 1866, LR: 0.000010, Loss: 0.1065258, Validation MAE: 0.2034167, Test MAE: 0.2735218, Test MAE norm: 0.1941763
Epoch: 1871, LR: 0.000010, Loss: 0.1064938, Validation MAE: 0.2028068, Test MAE: 0.2713532, Test MAE norm: 0.1926367
Epoch: 1881, LR: 0.000010, Loss: 0.1064273, Validation MAE: 0.2048036, Test MAE: 0.2728066, Test MAE norm: 0.1936685
Epoch: 1887, LR: 0.000010, Loss: 0.1063187, Validation MAE: 0.2044341, Test MAE: 0.2703201, Test MAE norm: 0.1919033
Epoch: 1888, LR: 0.000010, Loss: 0.1061652, Validation MAE: 0.2042056, Test MAE: 0.2717024, Test MAE norm: 0.1928847
Epoch: 1898, LR: 0.000010, Loss: 0.1066025, Validation MAE: 0.2051432, Test MAE: 0.2711484, Test MAE norm: 0.1924913
Epoch: 1899, LR: 0.000010, Loss: 0.1063457, Validation MAE: 0.2048806, Test MAE: 0.2686564, Test MAE norm: 0.1907223
Epoch: 1901, LR: 0.000010, Loss: 0.1066830, Validation MAE: 0.2048565, Test MAE: 0.2688552, Test MAE norm: 0.1908634
Epoch: 1902, LR: 0.000010, Loss: 0.1064527, Validation MAE: 0.2047171, Test MAE: 0.2735158, Test MAE norm: 0.1941720
Epoch: 1905, LR: 0.000010, Loss: 0.1062877, Validation MAE: 0.2035991, Test MAE: 0.2703317, Test MAE norm: 0.1919116
Epoch: 1915, LR: 0.000010, Loss: 0.1064841, Validation MAE: 0.2039488, Test MAE: 0.2735007, Test MAE norm: 0.1941613
Epoch: 1917, LR: 0.000010, Loss: 0.1066140, Validation MAE: 0.2035049, Test MAE: 0.2731046, Test MAE norm: 0.1938801
Epoch: 1918, LR: 0.000010, Loss: 0.1059113, Validation MAE: 0.2029483, Test MAE: 0.2722735, Test MAE norm: 0.1932901
Epoch: 1928, LR: 0.000010, Loss: 0.1062157, Validation MAE: 0.2045693, Test MAE: 0.2737384, Test MAE norm: 0.1943300
Epoch: 1932, LR: 0.000010, Loss: 0.1062604, Validation MAE: 0.2034731, Test MAE: 0.2728133, Test MAE norm: 0.1936733
Epoch: 1942, LR: 0.000010, Loss: 0.1061985, Validation MAE: 0.2046777, Test MAE: 0.2757023, Test MAE norm: 0.1957242
Epoch: 1943, LR: 0.000010, Loss: 0.1060384, Validation MAE: 0.2044380, Test MAE: 0.2728266, Test MAE norm: 0.1936827
Epoch: 1953, LR: 0.000010, Loss: 0.1057941, Validation MAE: 0.2062956, Test MAE: 0.2740871, Test MAE norm: 0.1945776
Epoch: 1955, LR: 0.000010, Loss: 0.1060275, Validation MAE: 0.2056559, Test MAE: 0.2742623, Test MAE norm: 0.1947020
Epoch: 1956, LR: 0.000010, Loss: 0.1055018, Validation MAE: 0.2048653, Test MAE: 0.2722755, Test MAE norm: 0.1932915
Epoch: 1957, LR: 0.000010, Loss: 0.1056091, Validation MAE: 0.2046644, Test MAE: 0.2699084, Test MAE norm: 0.1916111
Epoch: 1958, LR: 0.000010, Loss: 0.1058921, Validation MAE: 0.2045338, Test MAE: 0.2707521, Test MAE norm: 0.1922100
Epoch: 1968, LR: 0.000010, Loss: 0.1057016, Validation MAE: 0.2071404, Test MAE: 0.2715465, Test MAE norm: 0.1927739
Epoch: 1969, LR: 0.000010, Loss: 0.1057549, Validation MAE: 0.2059486, Test MAE: 0.2709662, Test MAE norm: 0.1923620
Epoch: 1973, LR: 0.000010, Loss: 0.1056591, Validation MAE: 0.2058710, Test MAE: 0.2723306, Test MAE norm: 0.1933306
Epoch: 1974, LR: 0.000010, Loss: 0.1058421, Validation MAE: 0.2050976, Test MAE: 0.2713171, Test MAE norm: 0.1926111
Epoch: 1983, LR: 0.000010, Loss: 0.1058555, Validation MAE: 0.2050011, Test MAE: 0.2703419, Test MAE norm: 0.1919188
Epoch: 1984, LR: 0.000010, Loss: 0.1058426, Validation MAE: 0.2049706, Test MAE: 0.2728962, Test MAE norm: 0.1937322
Epoch: 1989, LR: 0.000010, Loss: 0.1062215, Validation MAE: 0.2048651, Test MAE: 0.2714455, Test MAE norm: 0.1927023
Epoch: 1990, LR: 0.000010, Loss: 0.1064544, Validation MAE: 0.2033207, Test MAE: 0.2729336, Test MAE norm: 0.1937587
Epoch: 2000, LR: 0.000010, Loss: 0.1065879, Validation MAE: 0.2031772, Test MAE: 0.2745615, Test MAE norm: 0.1949143
Epoch: 2000, LR: 0.000010, Loss: 0.1065879, Validation MAE: 0.2031772, Test MAE: 0.2745615, Test MAE norm: 0.1949143