Command line input: python run_count.py --batch_size 256 --target 2 --model NGNN --h 3 --seed 1 --epoch 2000 --dataset easy-1
Mean = 9.685, Std = 14.079
Using NGNN model

Epoch: 001, LR: 0.001000, Loss: 0.4535659, Validation MAE: 6.6995888, Test MAE: 6.5821066, Test MAE norm: 0.4675188
Epoch: 003, LR: 0.001000, Loss: 0.4996140, Validation MAE: 6.5473113, Test MAE: 6.6902957, Test MAE norm: 0.4752033
Epoch: 005, LR: 0.001000, Loss: 0.4496382, Validation MAE: 6.5272155, Test MAE: 6.5902247, Test MAE norm: 0.4680954
Epoch: 006, LR: 0.001000, Loss: 0.4261094, Validation MAE: 6.1753125, Test MAE: 6.0352635, Test MAE norm: 0.4286772
Epoch: 012, LR: 0.001000, Loss: 0.4037450, Validation MAE: 6.0812788, Test MAE: 6.1845951, Test MAE norm: 0.4392840
Epoch: 013, LR: 0.001000, Loss: 0.3994803, Validation MAE: 5.9291997, Test MAE: 6.1176696, Test MAE norm: 0.4345304
Epoch: 014, LR: 0.001000, Loss: 0.3922921, Validation MAE: 5.8823738, Test MAE: 6.2534328, Test MAE norm: 0.4441735
Epoch: 016, LR: 0.001000, Loss: 0.3907665, Validation MAE: 5.8109002, Test MAE: 6.3631778, Test MAE norm: 0.4519686
Epoch: 017, LR: 0.001000, Loss: 0.3834920, Validation MAE: 5.7413135, Test MAE: 6.3177342, Test MAE norm: 0.4487408
Epoch: 019, LR: 0.001000, Loss: 0.3763274, Validation MAE: 5.7142224, Test MAE: 6.4256773, Test MAE norm: 0.4564078
Epoch: 026, LR: 0.001000, Loss: 0.3750158, Validation MAE: 5.6655002, Test MAE: 6.3292789, Test MAE norm: 0.4495608
Epoch: 028, LR: 0.001000, Loss: 0.3734688, Validation MAE: 5.6369953, Test MAE: 6.1160364, Test MAE norm: 0.4344144
Epoch: 031, LR: 0.001000, Loss: 0.3686538, Validation MAE: 5.4635901, Test MAE: 6.2148032, Test MAE norm: 0.4414297
Epoch: 033, LR: 0.001000, Loss: 0.3600071, Validation MAE: 5.3366623, Test MAE: 6.1847949, Test MAE norm: 0.4392982
Epoch: 034, LR: 0.001000, Loss: 0.3524253, Validation MAE: 5.2908921, Test MAE: 6.1183710, Test MAE norm: 0.4345802
Epoch: 039, LR: 0.001000, Loss: 0.3612398, Validation MAE: 5.2829132, Test MAE: 6.0453506, Test MAE norm: 0.4293937
Epoch: 043, LR: 0.001000, Loss: 0.3532832, Validation MAE: 5.2198787, Test MAE: 5.9232306, Test MAE norm: 0.4207197
Epoch: 045, LR: 0.001000, Loss: 0.3601397, Validation MAE: 5.0802040, Test MAE: 5.7687488, Test MAE norm: 0.4097470
Epoch: 048, LR: 0.001000, Loss: 0.3425594, Validation MAE: 5.0442457, Test MAE: 5.6007161, Test MAE norm: 0.3978118
Epoch: 050, LR: 0.001000, Loss: 0.3442152, Validation MAE: 5.0359926, Test MAE: 5.7292414, Test MAE norm: 0.4069408
Epoch: 051, LR: 0.001000, Loss: 0.3398372, Validation MAE: 4.9567013, Test MAE: 5.5591941, Test MAE norm: 0.3948626
Epoch: 053, LR: 0.001000, Loss: 0.3426248, Validation MAE: 4.8853803, Test MAE: 5.5262051, Test MAE norm: 0.3925194
Epoch: 054, LR: 0.001000, Loss: 0.3286799, Validation MAE: 4.8699560, Test MAE: 5.4274225, Test MAE norm: 0.3855030
Epoch: 055, LR: 0.001000, Loss: 0.3265493, Validation MAE: 4.7592258, Test MAE: 5.3350048, Test MAE norm: 0.3789387
Epoch: 058, LR: 0.001000, Loss: 0.3367692, Validation MAE: 4.7325788, Test MAE: 5.2584748, Test MAE norm: 0.3735029
Epoch: 062, LR: 0.001000, Loss: 0.3196058, Validation MAE: 4.6823249, Test MAE: 5.0748425, Test MAE norm: 0.3604597
Epoch: 068, LR: 0.001000, Loss: 0.3499297, Validation MAE: 4.6445465, Test MAE: 5.0150375, Test MAE norm: 0.3562118
Epoch: 071, LR: 0.001000, Loss: 0.3342378, Validation MAE: 4.5705953, Test MAE: 5.0574355, Test MAE norm: 0.3592233
Epoch: 079, LR: 0.001000, Loss: 0.3160704, Validation MAE: 4.4834876, Test MAE: 5.0735435, Test MAE norm: 0.3603674
Epoch: 081, LR: 0.001000, Loss: 0.3379527, Validation MAE: 4.4422560, Test MAE: 5.2383623, Test MAE norm: 0.3720743
Epoch: 082, LR: 0.001000, Loss: 0.3169000, Validation MAE: 4.3391509, Test MAE: 5.0147533, Test MAE norm: 0.3561916
Epoch: 088, LR: 0.001000, Loss: 0.2963262, Validation MAE: 4.2890177, Test MAE: 5.1025915, Test MAE norm: 0.3624307
Epoch: 090, LR: 0.001000, Loss: 0.2969383, Validation MAE: 4.1140380, Test MAE: 4.8057961, Test MAE norm: 0.3413497
Epoch: 100, LR: 0.001000, Loss: 0.3079678, Validation MAE: 5.3090582, Test MAE: 5.2435703, Test MAE norm: 0.3724442
Epoch: 101, LR: 0.001000, Loss: 0.3308997, Validation MAE: 4.4147544, Test MAE: 4.7952161, Test MAE norm: 0.3405982
Epoch: 103, LR: 0.000900, Loss: 0.3162492, Validation MAE: 4.3079634, Test MAE: 5.1364493, Test MAE norm: 0.3648356
Epoch: 106, LR: 0.000900, Loss: 0.2933597, Validation MAE: 4.2530146, Test MAE: 5.0980544, Test MAE norm: 0.3621084
Epoch: 107, LR: 0.000900, Loss: 0.3062052, Validation MAE: 4.1351495, Test MAE: 4.8603654, Test MAE norm: 0.3452257
Epoch: 110, LR: 0.000900, Loss: 0.2913374, Validation MAE: 4.0600004, Test MAE: 4.8051462, Test MAE norm: 0.3413035
Epoch: 114, LR: 0.000900, Loss: 0.3058296, Validation MAE: 4.0432453, Test MAE: 4.8034244, Test MAE norm: 0.3411812
Epoch: 124, LR: 0.000900, Loss: 0.2892992, Validation MAE: 4.0989752, Test MAE: 4.6161971, Test MAE norm: 0.3278827
Epoch: 131, LR: 0.000810, Loss: 0.2860137, Validation MAE: 4.0613613, Test MAE: 4.6569180, Test MAE norm: 0.3307751
Epoch: 135, LR: 0.000810, Loss: 0.2865984, Validation MAE: 4.0395579, Test MAE: 4.5604949, Test MAE norm: 0.3239262
Epoch: 138, LR: 0.000810, Loss: 0.2882206, Validation MAE: 3.9708190, Test MAE: 4.6493268, Test MAE norm: 0.3302358
Epoch: 148, LR: 0.000810, Loss: 0.2935230, Validation MAE: 3.9627757, Test MAE: 4.6685824, Test MAE norm: 0.3316036
Epoch: 149, LR: 0.000810, Loss: 0.2897707, Validation MAE: 3.9613340, Test MAE: 4.6492586, Test MAE norm: 0.3302310
Epoch: 159, LR: 0.000810, Loss: 0.2825506, Validation MAE: 4.1016493, Test MAE: 4.5263605, Test MAE norm: 0.3215017
Epoch: 162, LR: 0.000729, Loss: 0.2829134, Validation MAE: 4.0012636, Test MAE: 4.5402374, Test MAE norm: 0.3224874
Epoch: 165, LR: 0.000729, Loss: 0.2868235, Validation MAE: 3.9755020, Test MAE: 4.5700464, Test MAE norm: 0.3246047
Epoch: 169, LR: 0.000729, Loss: 0.2879607, Validation MAE: 3.9734674, Test MAE: 4.6582150, Test MAE norm: 0.3308672
Epoch: 176, LR: 0.000656, Loss: 0.2840166, Validation MAE: 3.9660907, Test MAE: 4.5853200, Test MAE norm: 0.3256895
Epoch: 180, LR: 0.000656, Loss: 0.2844141, Validation MAE: 3.9659002, Test MAE: 4.5813627, Test MAE norm: 0.3254085
Epoch: 184, LR: 0.000590, Loss: 0.2905359, Validation MAE: 3.9449329, Test MAE: 4.7161593, Test MAE norm: 0.3349829
Epoch: 194, LR: 0.000590, Loss: 0.2848256, Validation MAE: 4.4932570, Test MAE: 4.6664228, Test MAE norm: 0.3314502
Epoch: 195, LR: 0.000590, Loss: 0.2860311, Validation MAE: 4.3252797, Test MAE: 4.5879879, Test MAE norm: 0.3258790
Epoch: 196, LR: 0.000531, Loss: 0.2834708, Validation MAE: 4.0142241, Test MAE: 4.5330596, Test MAE norm: 0.3219775
Epoch: 206, LR: 0.000531, Loss: 0.2826605, Validation MAE: 4.2551532, Test MAE: 4.5422745, Test MAE norm: 0.3226321
Epoch: 207, LR: 0.000478, Loss: 0.2805174, Validation MAE: 4.1956820, Test MAE: 4.5248246, Test MAE norm: 0.3213926
Epoch: 208, LR: 0.000478, Loss: 0.2812770, Validation MAE: 4.1140008, Test MAE: 4.5189042, Test MAE norm: 0.3209721
Epoch: 209, LR: 0.000478, Loss: 0.2808340, Validation MAE: 4.0921817, Test MAE: 4.5071373, Test MAE norm: 0.3201363
Epoch: 214, LR: 0.000478, Loss: 0.2797880, Validation MAE: 4.0880318, Test MAE: 4.5023718, Test MAE norm: 0.3197978
Epoch: 223, LR: 0.000430, Loss: 0.2793962, Validation MAE: 4.0814362, Test MAE: 4.5005155, Test MAE norm: 0.3196660
Epoch: 226, LR: 0.000430, Loss: 0.2790346, Validation MAE: 4.0742340, Test MAE: 4.4959173, Test MAE norm: 0.3193394
Epoch: 227, LR: 0.000430, Loss: 0.2793543, Validation MAE: 4.0507073, Test MAE: 4.4874582, Test MAE norm: 0.3187385
Epoch: 231, LR: 0.000387, Loss: 0.2789028, Validation MAE: 4.0412569, Test MAE: 4.4733310, Test MAE norm: 0.3177351
Epoch: 235, LR: 0.000387, Loss: 0.2790726, Validation MAE: 3.9970641, Test MAE: 4.5069461, Test MAE norm: 0.3201227
Epoch: 239, LR: 0.000387, Loss: 0.2787421, Validation MAE: 3.9732559, Test MAE: 4.5195432, Test MAE norm: 0.3210175
Epoch: 249, LR: 0.000349, Loss: 0.2779230, Validation MAE: 4.1194820, Test MAE: 4.4969573, Test MAE norm: 0.3194132
Epoch: 252, LR: 0.000314, Loss: 0.2773683, Validation MAE: 4.0615878, Test MAE: 4.5017967, Test MAE norm: 0.3197570
Epoch: 253, LR: 0.000314, Loss: 0.2773682, Validation MAE: 4.0407448, Test MAE: 4.4960513, Test MAE norm: 0.3193489
Epoch: 263, LR: 0.000282, Loss: 0.2766084, Validation MAE: 4.1450024, Test MAE: 4.5049353, Test MAE norm: 0.3199799
Epoch: 264, LR: 0.000282, Loss: 0.2766325, Validation MAE: 4.1269860, Test MAE: 4.4996843, Test MAE norm: 0.3196069
Epoch: 265, LR: 0.000282, Loss: 0.2765141, Validation MAE: 4.0780363, Test MAE: 4.4848456, Test MAE norm: 0.3185530
Epoch: 268, LR: 0.000282, Loss: 0.2762966, Validation MAE: 4.0661788, Test MAE: 4.4907451, Test MAE norm: 0.3189720
Epoch: 271, LR: 0.000282, Loss: 0.2761419, Validation MAE: 4.0509214, Test MAE: 4.4800811, Test MAE norm: 0.3182145
Epoch: 281, LR: 0.000254, Loss: 0.2758574, Validation MAE: 4.0854740, Test MAE: 4.4865437, Test MAE norm: 0.3186736
Epoch: 283, LR: 0.000254, Loss: 0.2758741, Validation MAE: 4.0773258, Test MAE: 4.4885664, Test MAE norm: 0.3188173
Epoch: 284, LR: 0.000229, Loss: 0.2758293, Validation MAE: 4.0366316, Test MAE: 4.4841371, Test MAE norm: 0.3185026
Epoch: 294, LR: 0.000229, Loss: 0.2755769, Validation MAE: 4.0475078, Test MAE: 4.4879284, Test MAE norm: 0.3187719
Epoch: 298, LR: 0.000206, Loss: 0.2751650, Validation MAE: 4.0426888, Test MAE: 4.4635296, Test MAE norm: 0.3170389
Epoch: 301, LR: 0.000206, Loss: 0.2755042, Validation MAE: 4.0284200, Test MAE: 4.4681873, Test MAE norm: 0.3173697
Epoch: 304, LR: 0.000206, Loss: 0.2760914, Validation MAE: 4.0195160, Test MAE: 4.4870443, Test MAE norm: 0.3187091
Epoch: 308, LR: 0.000185, Loss: 0.2747996, Validation MAE: 4.0122108, Test MAE: 4.4648762, Test MAE norm: 0.3171346
Epoch: 312, LR: 0.000185, Loss: 0.2746960, Validation MAE: 3.9866447, Test MAE: 4.4754529, Test MAE norm: 0.3178858
Epoch: 322, LR: 0.000167, Loss: 0.2747705, Validation MAE: 4.1130753, Test MAE: 4.4851446, Test MAE norm: 0.3185742
Epoch: 323, LR: 0.000167, Loss: 0.2747708, Validation MAE: 4.0249228, Test MAE: 4.4695396, Test MAE norm: 0.3174658
Epoch: 326, LR: 0.000167, Loss: 0.2743888, Validation MAE: 4.0244341, Test MAE: 4.4719863, Test MAE norm: 0.3176396
Epoch: 333, LR: 0.000150, Loss: 0.2744378, Validation MAE: 4.0013146, Test MAE: 4.4678383, Test MAE norm: 0.3173450
Epoch: 343, LR: 0.000135, Loss: 0.2740660, Validation MAE: 4.0553379, Test MAE: 4.4684720, Test MAE norm: 0.3173900
Epoch: 344, LR: 0.000135, Loss: 0.2740686, Validation MAE: 4.0286241, Test MAE: 4.4660873, Test MAE norm: 0.3172206
Epoch: 347, LR: 0.000135, Loss: 0.2740880, Validation MAE: 4.0209031, Test MAE: 4.4621749, Test MAE norm: 0.3169427
Epoch: 357, LR: 0.000122, Loss: 0.2737463, Validation MAE: 4.0490203, Test MAE: 4.4579725, Test MAE norm: 0.3166442
Epoch: 360, LR: 0.000122, Loss: 0.2738156, Validation MAE: 4.0415373, Test MAE: 4.4606805, Test MAE norm: 0.3168365
Epoch: 362, LR: 0.000109, Loss: 0.2736682, Validation MAE: 4.0398035, Test MAE: 4.4616957, Test MAE norm: 0.3169087
Epoch: 364, LR: 0.000109, Loss: 0.2736233, Validation MAE: 4.0288658, Test MAE: 4.4593115, Test MAE norm: 0.3167393
Epoch: 374, LR: 0.000098, Loss: 0.2733898, Validation MAE: 4.0574017, Test MAE: 4.4617672, Test MAE norm: 0.3169137
Epoch: 375, LR: 0.000098, Loss: 0.2733990, Validation MAE: 4.0402699, Test MAE: 4.4557228, Test MAE norm: 0.3164844
Epoch: 376, LR: 0.000098, Loss: 0.2733912, Validation MAE: 4.0309148, Test MAE: 4.4542093, Test MAE norm: 0.3163769
Epoch: 379, LR: 0.000098, Loss: 0.2733447, Validation MAE: 4.0042830, Test MAE: 4.4533629, Test MAE norm: 0.3163168
Epoch: 389, LR: 0.000089, Loss: 0.2732420, Validation MAE: 4.0191269, Test MAE: 4.4547925, Test MAE norm: 0.3164183
Epoch: 392, LR: 0.000089, Loss: 0.2731885, Validation MAE: 4.0120225, Test MAE: 4.4495625, Test MAE norm: 0.3160468
Epoch: 402, LR: 0.000080, Loss: 0.2730252, Validation MAE: 4.0239692, Test MAE: 4.4540820, Test MAE norm: 0.3163679
Epoch: 412, LR: 0.000072, Loss: 0.2728663, Validation MAE: 4.0555820, Test MAE: 4.4535456, Test MAE norm: 0.3163297
Epoch: 413, LR: 0.000072, Loss: 0.2729225, Validation MAE: 4.0514112, Test MAE: 4.4514689, Test MAE norm: 0.3161823
Epoch: 414, LR: 0.000072, Loss: 0.2729264, Validation MAE: 4.0396099, Test MAE: 4.4501700, Test MAE norm: 0.3160900
Epoch: 415, LR: 0.000072, Loss: 0.2728601, Validation MAE: 4.0257883, Test MAE: 4.4522738, Test MAE norm: 0.3162394
Epoch: 425, LR: 0.000065, Loss: 0.2727257, Validation MAE: 4.0232844, Test MAE: 4.4471545, Test MAE norm: 0.3158758
Epoch: 429, LR: 0.000058, Loss: 0.2726743, Validation MAE: 4.0202246, Test MAE: 4.4450808, Test MAE norm: 0.3157285
Epoch: 439, LR: 0.000052, Loss: 0.2725895, Validation MAE: 4.0426245, Test MAE: 4.4486995, Test MAE norm: 0.3159856
Epoch: 440, LR: 0.000052, Loss: 0.2726766, Validation MAE: 4.0415506, Test MAE: 4.4500899, Test MAE norm: 0.3160843
Epoch: 441, LR: 0.000052, Loss: 0.2726777, Validation MAE: 4.0375118, Test MAE: 4.4519033, Test MAE norm: 0.3162131
Epoch: 442, LR: 0.000052, Loss: 0.2725632, Validation MAE: 4.0269675, Test MAE: 4.4501286, Test MAE norm: 0.3160870
Epoch: 443, LR: 0.000052, Loss: 0.2725871, Validation MAE: 4.0124798, Test MAE: 4.4451418, Test MAE norm: 0.3157328
Epoch: 453, LR: 0.000047, Loss: 0.2724467, Validation MAE: 4.0433269, Test MAE: 4.4505548, Test MAE norm: 0.3161173
Epoch: 455, LR: 0.000047, Loss: 0.2724200, Validation MAE: 4.0209222, Test MAE: 4.4441209, Test MAE norm: 0.3156603
Epoch: 460, LR: 0.000042, Loss: 0.2724061, Validation MAE: 4.0188165, Test MAE: 4.4421372, Test MAE norm: 0.3155195
Epoch: 470, LR: 0.000042, Loss: 0.2723295, Validation MAE: 4.0373635, Test MAE: 4.4445896, Test MAE norm: 0.3156936
Epoch: 472, LR: 0.000038, Loss: 0.2722921, Validation MAE: 4.0365038, Test MAE: 4.4460959, Test MAE norm: 0.3158006
Epoch: 473, LR: 0.000038, Loss: 0.2723045, Validation MAE: 4.0273452, Test MAE: 4.4432621, Test MAE norm: 0.3155993
Epoch: 478, LR: 0.000038, Loss: 0.2722281, Validation MAE: 4.0252185, Test MAE: 4.4418750, Test MAE norm: 0.3155008
Epoch: 487, LR: 0.000034, Loss: 0.2721257, Validation MAE: 4.0229530, Test MAE: 4.4414606, Test MAE norm: 0.3154714
Epoch: 491, LR: 0.000034, Loss: 0.2721100, Validation MAE: 4.0208936, Test MAE: 4.4402771, Test MAE norm: 0.3153873
Epoch: 499, LR: 0.000031, Loss: 0.2720585, Validation MAE: 4.0202255, Test MAE: 4.4396086, Test MAE norm: 0.3153398
Epoch: 509, LR: 0.000028, Loss: 0.2719993, Validation MAE: 4.0347042, Test MAE: 4.4408741, Test MAE norm: 0.3154297
Epoch: 511, LR: 0.000028, Loss: 0.2720005, Validation MAE: 4.0295644, Test MAE: 4.4417558, Test MAE norm: 0.3154923
Epoch: 512, LR: 0.000028, Loss: 0.2719559, Validation MAE: 4.0265317, Test MAE: 4.4417143, Test MAE norm: 0.3154894
Epoch: 522, LR: 0.000025, Loss: 0.2719181, Validation MAE: 4.0321393, Test MAE: 4.4428444, Test MAE norm: 0.3155697
Epoch: 523, LR: 0.000025, Loss: 0.2719059, Validation MAE: 4.0311804, Test MAE: 4.4417391, Test MAE norm: 0.3154912
Epoch: 527, LR: 0.000023, Loss: 0.2718637, Validation MAE: 4.0302210, Test MAE: 4.4407811, Test MAE norm: 0.3154231
Epoch: 530, LR: 0.000023, Loss: 0.2718552, Validation MAE: 4.0271673, Test MAE: 4.4410119, Test MAE norm: 0.3154395
Epoch: 531, LR: 0.000023, Loss: 0.2718322, Validation MAE: 4.0243616, Test MAE: 4.4396391, Test MAE norm: 0.3153420
Epoch: 535, LR: 0.000023, Loss: 0.2718293, Validation MAE: 4.0242057, Test MAE: 4.4385929, Test MAE norm: 0.3152677
Epoch: 536, LR: 0.000023, Loss: 0.2718179, Validation MAE: 4.0236788, Test MAE: 4.4379640, Test MAE norm: 0.3152230
Epoch: 541, LR: 0.000020, Loss: 0.2717959, Validation MAE: 4.0195537, Test MAE: 4.4374609, Test MAE norm: 0.3151873
Epoch: 551, LR: 0.000018, Loss: 0.2717561, Validation MAE: 4.0246644, Test MAE: 4.4385815, Test MAE norm: 0.3152669
Epoch: 555, LR: 0.000018, Loss: 0.2717476, Validation MAE: 4.0242238, Test MAE: 4.4380260, Test MAE norm: 0.3152274
Epoch: 559, LR: 0.000016, Loss: 0.2717264, Validation MAE: 4.0235715, Test MAE: 4.4386115, Test MAE norm: 0.3152690
Epoch: 564, LR: 0.000016, Loss: 0.2716909, Validation MAE: 4.0200191, Test MAE: 4.4370766, Test MAE norm: 0.3151600
Epoch: 574, LR: 0.000015, Loss: 0.2716582, Validation MAE: 4.0233369, Test MAE: 4.4381642, Test MAE norm: 0.3152373
Epoch: 575, LR: 0.000015, Loss: 0.2716517, Validation MAE: 4.0197854, Test MAE: 4.4371471, Test MAE norm: 0.3151650
Epoch: 585, LR: 0.000013, Loss: 0.2716083, Validation MAE: 4.0219512, Test MAE: 4.4378161, Test MAE norm: 0.3152125
Epoch: 595, LR: 0.000012, Loss: 0.2715868, Validation MAE: 4.0264912, Test MAE: 4.4383507, Test MAE norm: 0.3152505
Epoch: 597, LR: 0.000012, Loss: 0.2715741, Validation MAE: 4.0238371, Test MAE: 4.4385667, Test MAE norm: 0.3152658
Epoch: 598, LR: 0.000012, Loss: 0.2715766, Validation MAE: 4.0228744, Test MAE: 4.4386826, Test MAE norm: 0.3152741
Epoch: 604, LR: 0.000011, Loss: 0.2715685, Validation MAE: 4.0206728, Test MAE: 4.4361501, Test MAE norm: 0.3150942
Epoch: 614, LR: 0.000010, Loss: 0.2715594, Validation MAE: 4.0184751, Test MAE: 4.4370494, Test MAE norm: 0.3151581
Epoch: 615, LR: 0.000010, Loss: 0.2716027, Validation MAE: 4.0138183, Test MAE: 4.4353156, Test MAE norm: 0.3150349
Epoch: 622, LR: 0.000010, Loss: 0.2715327, Validation MAE: 4.0116320, Test MAE: 4.4349632, Test MAE norm: 0.3150099
Epoch: 632, LR: 0.000010, Loss: 0.2715367, Validation MAE: 4.0312114, Test MAE: 4.4399676, Test MAE norm: 0.3153653
Epoch: 634, LR: 0.000010, Loss: 0.2715353, Validation MAE: 4.0297923, Test MAE: 4.4395595, Test MAE norm: 0.3153363
Epoch: 635, LR: 0.000010, Loss: 0.2715208, Validation MAE: 4.0276833, Test MAE: 4.4385986, Test MAE norm: 0.3152681
Epoch: 636, LR: 0.000010, Loss: 0.2715164, Validation MAE: 4.0254812, Test MAE: 4.4380298, Test MAE norm: 0.3152277
Epoch: 637, LR: 0.000010, Loss: 0.2715140, Validation MAE: 4.0248923, Test MAE: 4.4371328, Test MAE norm: 0.3151640
Epoch: 643, LR: 0.000010, Loss: 0.2714857, Validation MAE: 4.0229912, Test MAE: 4.4377861, Test MAE norm: 0.3152104
Epoch: 644, LR: 0.000010, Loss: 0.2715084, Validation MAE: 4.0207806, Test MAE: 4.4368920, Test MAE norm: 0.3151469
Epoch: 651, LR: 0.000010, Loss: 0.2714833, Validation MAE: 4.0207434, Test MAE: 4.4364829, Test MAE norm: 0.3151178
Epoch: 661, LR: 0.000010, Loss: 0.2714826, Validation MAE: 4.0262580, Test MAE: 4.4382315, Test MAE norm: 0.3152420
Epoch: 662, LR: 0.000010, Loss: 0.2714613, Validation MAE: 4.0226121, Test MAE: 4.4378738, Test MAE norm: 0.3152166
Epoch: 668, LR: 0.000010, Loss: 0.2714640, Validation MAE: 4.0203018, Test MAE: 4.4361482, Test MAE norm: 0.3150941
Epoch: 669, LR: 0.000010, Loss: 0.2714643, Validation MAE: 4.0190215, Test MAE: 4.4359989, Test MAE norm: 0.3150834
Epoch: 675, LR: 0.000010, Loss: 0.2714450, Validation MAE: 4.0182772, Test MAE: 4.4362001, Test MAE norm: 0.3150977
Epoch: 676, LR: 0.000010, Loss: 0.2714710, Validation MAE: 4.0179105, Test MAE: 4.4363332, Test MAE norm: 0.3151072
Epoch: 682, LR: 0.000010, Loss: 0.2714512, Validation MAE: 4.0170650, Test MAE: 4.4361010, Test MAE norm: 0.3150907
Epoch: 692, LR: 0.000010, Loss: 0.2714417, Validation MAE: 4.0266843, Test MAE: 4.4377604, Test MAE norm: 0.3152086
Epoch: 693, LR: 0.000010, Loss: 0.2714501, Validation MAE: 4.0234299, Test MAE: 4.4375429, Test MAE norm: 0.3151931
Epoch: 695, LR: 0.000010, Loss: 0.2714176, Validation MAE: 4.0233617, Test MAE: 4.4373941, Test MAE norm: 0.3151825
Epoch: 696, LR: 0.000010, Loss: 0.2714366, Validation MAE: 4.0204673, Test MAE: 4.4367909, Test MAE norm: 0.3151397
Epoch: 703, LR: 0.000010, Loss: 0.2714412, Validation MAE: 4.0203385, Test MAE: 4.4363713, Test MAE norm: 0.3151099
Epoch: 709, LR: 0.000010, Loss: 0.2713997, Validation MAE: 4.0185080, Test MAE: 4.4361629, Test MAE norm: 0.3150951
Epoch: 710, LR: 0.000010, Loss: 0.2713981, Validation MAE: 4.0162497, Test MAE: 4.4363265, Test MAE norm: 0.3151067
Epoch: 720, LR: 0.000010, Loss: 0.2713890, Validation MAE: 4.0255017, Test MAE: 4.4366155, Test MAE norm: 0.3151272
Epoch: 721, LR: 0.000010, Loss: 0.2713873, Validation MAE: 4.0226116, Test MAE: 4.4364557, Test MAE norm: 0.3151159
Epoch: 722, LR: 0.000010, Loss: 0.2713821, Validation MAE: 4.0220356, Test MAE: 4.4361548, Test MAE norm: 0.3150945
Epoch: 731, LR: 0.000010, Loss: 0.2713651, Validation MAE: 4.0216808, Test MAE: 4.4365396, Test MAE norm: 0.3151219
Epoch: 732, LR: 0.000010, Loss: 0.2713623, Validation MAE: 4.0191183, Test MAE: 4.4367104, Test MAE norm: 0.3151340
Epoch: 737, LR: 0.000010, Loss: 0.2713726, Validation MAE: 4.0190825, Test MAE: 4.4361401, Test MAE norm: 0.3150935
Epoch: 738, LR: 0.000010, Loss: 0.2713385, Validation MAE: 4.0156159, Test MAE: 4.4357018, Test MAE norm: 0.3150623
Epoch: 748, LR: 0.000010, Loss: 0.2713621, Validation MAE: 4.0331459, Test MAE: 4.4379716, Test MAE norm: 0.3152235
Epoch: 749, LR: 0.000010, Loss: 0.2713488, Validation MAE: 4.0227251, Test MAE: 4.4358063, Test MAE norm: 0.3150698
Epoch: 750, LR: 0.000010, Loss: 0.2713414, Validation MAE: 4.0165672, Test MAE: 4.4348722, Test MAE norm: 0.3150034
Epoch: 760, LR: 0.000010, Loss: 0.2713172, Validation MAE: 4.0300646, Test MAE: 4.4387946, Test MAE norm: 0.3152820
Epoch: 761, LR: 0.000010, Loss: 0.2713084, Validation MAE: 4.0254784, Test MAE: 4.4372587, Test MAE norm: 0.3151729
Epoch: 762, LR: 0.000010, Loss: 0.2713322, Validation MAE: 4.0207424, Test MAE: 4.4359493, Test MAE norm: 0.3150799
Epoch: 772, LR: 0.000010, Loss: 0.2712826, Validation MAE: 4.0285897, Test MAE: 4.4382563, Test MAE norm: 0.3152438
Epoch: 773, LR: 0.000010, Loss: 0.2713095, Validation MAE: 4.0285783, Test MAE: 4.4384489, Test MAE norm: 0.3152575
Epoch: 774, LR: 0.000010, Loss: 0.2713121, Validation MAE: 4.0259895, Test MAE: 4.4375892, Test MAE norm: 0.3151964
Epoch: 779, LR: 0.000010, Loss: 0.2712832, Validation MAE: 4.0258126, Test MAE: 4.4380636, Test MAE norm: 0.3152301
Epoch: 780, LR: 0.000010, Loss: 0.2712850, Validation MAE: 4.0234399, Test MAE: 4.4376583, Test MAE norm: 0.3152013
Epoch: 781, LR: 0.000010, Loss: 0.2712834, Validation MAE: 4.0225210, Test MAE: 4.4371471, Test MAE norm: 0.3151650
Epoch: 791, LR: 0.000010, Loss: 0.2712717, Validation MAE: 4.0269108, Test MAE: 4.4370685, Test MAE norm: 0.3151594
Epoch: 794, LR: 0.000010, Loss: 0.2712557, Validation MAE: 4.0246282, Test MAE: 4.4381027, Test MAE norm: 0.3152329
Epoch: 795, LR: 0.000010, Loss: 0.2712509, Validation MAE: 4.0213137, Test MAE: 4.4368119, Test MAE norm: 0.3151412
Epoch: 805, LR: 0.000010, Loss: 0.2712574, Validation MAE: 4.0319591, Test MAE: 4.4377398, Test MAE norm: 0.3152071
Epoch: 806, LR: 0.000010, Loss: 0.2712337, Validation MAE: 4.0317969, Test MAE: 4.4379249, Test MAE norm: 0.3152202
Epoch: 807, LR: 0.000010, Loss: 0.2712438, Validation MAE: 4.0286283, Test MAE: 4.4371047, Test MAE norm: 0.3151620
Epoch: 808, LR: 0.000010, Loss: 0.2712481, Validation MAE: 4.0240731, Test MAE: 4.4361863, Test MAE norm: 0.3150968
Epoch: 809, LR: 0.000010, Loss: 0.2712573, Validation MAE: 4.0198798, Test MAE: 4.4356441, Test MAE norm: 0.3150582
Epoch: 819, LR: 0.000010, Loss: 0.2712173, Validation MAE: 4.0292692, Test MAE: 4.4370217, Test MAE norm: 0.3151561
Epoch: 820, LR: 0.000010, Loss: 0.2712255, Validation MAE: 4.0267487, Test MAE: 4.4364996, Test MAE norm: 0.3151190
Epoch: 821, LR: 0.000010, Loss: 0.2712138, Validation MAE: 4.0250225, Test MAE: 4.4363928, Test MAE norm: 0.3151114
Epoch: 831, LR: 0.000010, Loss: 0.2711972, Validation MAE: 4.0272937, Test MAE: 4.4369392, Test MAE norm: 0.3151502
Epoch: 832, LR: 0.000010, Loss: 0.2711821, Validation MAE: 4.0262084, Test MAE: 4.4364786, Test MAE norm: 0.3151175
Epoch: 833, LR: 0.000010, Loss: 0.2711911, Validation MAE: 4.0232687, Test MAE: 4.4358444, Test MAE norm: 0.3150725
Epoch: 842, LR: 0.000010, Loss: 0.2712141, Validation MAE: 4.0220780, Test MAE: 4.4356651, Test MAE norm: 0.3150597
Epoch: 852, LR: 0.000010, Loss: 0.2711758, Validation MAE: 4.0256495, Test MAE: 4.4361968, Test MAE norm: 0.3150975
Epoch: 853, LR: 0.000010, Loss: 0.2711568, Validation MAE: 4.0230508, Test MAE: 4.4354281, Test MAE norm: 0.3150429
Epoch: 854, LR: 0.000010, Loss: 0.2711819, Validation MAE: 4.0227656, Test MAE: 4.4350057, Test MAE norm: 0.3150129
Epoch: 864, LR: 0.000010, Loss: 0.2711276, Validation MAE: 4.0278888, Test MAE: 4.4373035, Test MAE norm: 0.3151761
Epoch: 865, LR: 0.000010, Loss: 0.2711363, Validation MAE: 4.0233822, Test MAE: 4.4351568, Test MAE norm: 0.3150236
Epoch: 870, LR: 0.000010, Loss: 0.2711549, Validation MAE: 4.0219851, Test MAE: 4.4344845, Test MAE norm: 0.3149759
Epoch: 871, LR: 0.000010, Loss: 0.2711208, Validation MAE: 4.0185819, Test MAE: 4.4337559, Test MAE norm: 0.3149241
Epoch: 881, LR: 0.000010, Loss: 0.2711065, Validation MAE: 4.0243692, Test MAE: 4.4366016, Test MAE norm: 0.3151262
Epoch: 882, LR: 0.000010, Loss: 0.2711057, Validation MAE: 4.0238032, Test MAE: 4.4367681, Test MAE norm: 0.3151381
Epoch: 892, LR: 0.000010, Loss: 0.2710804, Validation MAE: 4.0243258, Test MAE: 4.4361272, Test MAE norm: 0.3150926
Epoch: 897, LR: 0.000010, Loss: 0.2710949, Validation MAE: 4.0226922, Test MAE: 4.4358287, Test MAE norm: 0.3150713
Epoch: 907, LR: 0.000010, Loss: 0.2710589, Validation MAE: 4.0305843, Test MAE: 4.4374218, Test MAE norm: 0.3151845
Epoch: 908, LR: 0.000010, Loss: 0.2710478, Validation MAE: 4.0255632, Test MAE: 4.4358401, Test MAE norm: 0.3150721
Epoch: 909, LR: 0.000010, Loss: 0.2710461, Validation MAE: 4.0214648, Test MAE: 4.4355044, Test MAE norm: 0.3150483
Epoch: 919, LR: 0.000010, Loss: 0.2710302, Validation MAE: 4.0228167, Test MAE: 4.4352632, Test MAE norm: 0.3150312
Epoch: 920, LR: 0.000010, Loss: 0.2710432, Validation MAE: 4.0170789, Test MAE: 4.4346352, Test MAE norm: 0.3149866
Epoch: 926, LR: 0.000010, Loss: 0.2710385, Validation MAE: 4.0170503, Test MAE: 4.4341054, Test MAE norm: 0.3149489
Epoch: 936, LR: 0.000010, Loss: 0.2710441, Validation MAE: 4.0268230, Test MAE: 4.4372072, Test MAE norm: 0.3151693
Epoch: 937, LR: 0.000010, Loss: 0.2710182, Validation MAE: 4.0187278, Test MAE: 4.4350305, Test MAE norm: 0.3150147
Epoch: 938, LR: 0.000010, Loss: 0.2710424, Validation MAE: 4.0159235, Test MAE: 4.4344888, Test MAE norm: 0.3149762
Epoch: 948, LR: 0.000010, Loss: 0.2710447, Validation MAE: 4.0244088, Test MAE: 4.4357347, Test MAE norm: 0.3150647
Epoch: 949, LR: 0.000010, Loss: 0.2709736, Validation MAE: 4.0167956, Test MAE: 4.4342790, Test MAE norm: 0.3149613
Epoch: 959, LR: 0.000010, Loss: 0.2709726, Validation MAE: 4.0212398, Test MAE: 4.4355650, Test MAE norm: 0.3150526
Epoch: 969, LR: 0.000010, Loss: 0.2709841, Validation MAE: 4.0261064, Test MAE: 4.4358988, Test MAE norm: 0.3150763
Epoch: 970, LR: 0.000010, Loss: 0.2709641, Validation MAE: 4.0222921, Test MAE: 4.4356761, Test MAE norm: 0.3150605
Epoch: 980, LR: 0.000010, Loss: 0.2709365, Validation MAE: 4.0234594, Test MAE: 4.4365406, Test MAE norm: 0.3151219
Epoch: 985, LR: 0.000010, Loss: 0.2709444, Validation MAE: 4.0228748, Test MAE: 4.4360318, Test MAE norm: 0.3150858
Epoch: 986, LR: 0.000010, Loss: 0.2709641, Validation MAE: 4.0222316, Test MAE: 4.4356532, Test MAE norm: 0.3150589
Epoch: 993, LR: 0.000010, Loss: 0.2709044, Validation MAE: 4.0202789, Test MAE: 4.4348860, Test MAE norm: 0.3150044
Epoch: 1003, LR: 0.000010, Loss: 0.2709309, Validation MAE: 4.0233994, Test MAE: 4.4350424, Test MAE norm: 0.3150155
Epoch: 1004, LR: 0.000010, Loss: 0.2709051, Validation MAE: 4.0229020, Test MAE: 4.4356394, Test MAE norm: 0.3150579
Epoch: 1006, LR: 0.000010, Loss: 0.2709222, Validation MAE: 4.0168066, Test MAE: 4.4344854, Test MAE norm: 0.3149759
Epoch: 1016, LR: 0.000010, Loss: 0.2708834, Validation MAE: 4.0171843, Test MAE: 4.4338579, Test MAE norm: 0.3149314
Epoch: 1021, LR: 0.000010, Loss: 0.2708888, Validation MAE: 4.0108819, Test MAE: 4.4332261, Test MAE norm: 0.3148865
Epoch: 1022, LR: 0.000010, Loss: 0.2709062, Validation MAE: 4.0064387, Test MAE: 4.4327507, Test MAE norm: 0.3148527
Epoch: 1032, LR: 0.000010, Loss: 0.2708551, Validation MAE: 4.0207934, Test MAE: 4.4342875, Test MAE norm: 0.3149619
Epoch: 1038, LR: 0.000010, Loss: 0.2708546, Validation MAE: 4.0142746, Test MAE: 4.4357109, Test MAE norm: 0.3150630
Epoch: 1039, LR: 0.000010, Loss: 0.2708579, Validation MAE: 4.0119400, Test MAE: 4.4347639, Test MAE norm: 0.3149957
Epoch: 1049, LR: 0.000010, Loss: 0.2708627, Validation MAE: 4.0182528, Test MAE: 4.4359574, Test MAE norm: 0.3150805
Epoch: 1050, LR: 0.000010, Loss: 0.2708485, Validation MAE: 4.0132465, Test MAE: 4.4348984, Test MAE norm: 0.3150053
Epoch: 1051, LR: 0.000010, Loss: 0.2708430, Validation MAE: 4.0122857, Test MAE: 4.4343915, Test MAE norm: 0.3149693
Epoch: 1061, LR: 0.000010, Loss: 0.2708370, Validation MAE: 4.0178742, Test MAE: 4.4343777, Test MAE norm: 0.3149683
Epoch: 1062, LR: 0.000010, Loss: 0.2707944, Validation MAE: 4.0099063, Test MAE: 4.4335837, Test MAE norm: 0.3149119
Epoch: 1072, LR: 0.000010, Loss: 0.2708227, Validation MAE: 4.0243101, Test MAE: 4.4357347, Test MAE norm: 0.3150647
Epoch: 1073, LR: 0.000010, Loss: 0.2707903, Validation MAE: 4.0195413, Test MAE: 4.4352207, Test MAE norm: 0.3150282
Epoch: 1074, LR: 0.000010, Loss: 0.2708078, Validation MAE: 4.0136857, Test MAE: 4.4342623, Test MAE norm: 0.3149601
Epoch: 1078, LR: 0.000010, Loss: 0.2708044, Validation MAE: 4.0119877, Test MAE: 4.4332252, Test MAE norm: 0.3148864
Epoch: 1079, LR: 0.000010, Loss: 0.2708012, Validation MAE: 4.0090156, Test MAE: 4.4328294, Test MAE norm: 0.3148583
Epoch: 1089, LR: 0.000010, Loss: 0.2707707, Validation MAE: 4.0102072, Test MAE: 4.4327664, Test MAE norm: 0.3148538
Epoch: 1090, LR: 0.000010, Loss: 0.2707884, Validation MAE: 4.0041943, Test MAE: 4.4317784, Test MAE norm: 0.3147837
Epoch: 1100, LR: 0.000010, Loss: 0.2707464, Validation MAE: 4.0031276, Test MAE: 4.4309416, Test MAE norm: 0.3147242
Epoch: 1101, LR: 0.000010, Loss: 0.2707972, Validation MAE: 4.0027137, Test MAE: 4.4309545, Test MAE norm: 0.3147251
Epoch: 1111, LR: 0.000010, Loss: 0.2707806, Validation MAE: 4.0185251, Test MAE: 4.4356194, Test MAE norm: 0.3150565
Epoch: 1113, LR: 0.000010, Loss: 0.2707648, Validation MAE: 4.0138435, Test MAE: 4.4354811, Test MAE norm: 0.3150467
Epoch: 1114, LR: 0.000010, Loss: 0.2707622, Validation MAE: 4.0076337, Test MAE: 4.4334407, Test MAE norm: 0.3149017
Epoch: 1115, LR: 0.000010, Loss: 0.2708038, Validation MAE: 4.0046401, Test MAE: 4.4330645, Test MAE norm: 0.3148750
Epoch: 1125, LR: 0.000010, Loss: 0.2707333, Validation MAE: 4.0133352, Test MAE: 4.4344797, Test MAE norm: 0.3149755
Epoch: 1129, LR: 0.000010, Loss: 0.2707154, Validation MAE: 4.0111079, Test MAE: 4.4343214, Test MAE norm: 0.3149643
Epoch: 1130, LR: 0.000010, Loss: 0.2707155, Validation MAE: 4.0110912, Test MAE: 4.4334793, Test MAE norm: 0.3149045
Epoch: 1137, LR: 0.000010, Loss: 0.2707257, Validation MAE: 4.0066361, Test MAE: 4.4320273, Test MAE norm: 0.3148013
Epoch: 1142, LR: 0.000010, Loss: 0.2707166, Validation MAE: 4.0044155, Test MAE: 4.4335270, Test MAE norm: 0.3149078
Epoch: 1152, LR: 0.000010, Loss: 0.2706731, Validation MAE: 4.0094891, Test MAE: 4.4335394, Test MAE norm: 0.3149087
Epoch: 1156, LR: 0.000010, Loss: 0.2706680, Validation MAE: 4.0079832, Test MAE: 4.4331050, Test MAE norm: 0.3148779
Epoch: 1157, LR: 0.000010, Loss: 0.2706606, Validation MAE: 4.0058165, Test MAE: 4.4324498, Test MAE norm: 0.3148313
Epoch: 1167, LR: 0.000010, Loss: 0.2706308, Validation MAE: 4.0145607, Test MAE: 4.4337068, Test MAE norm: 0.3149206
Epoch: 1168, LR: 0.000010, Loss: 0.2706318, Validation MAE: 4.0064993, Test MAE: 4.4326601, Test MAE norm: 0.3148463
Epoch: 1176, LR: 0.000010, Loss: 0.2706217, Validation MAE: 4.0058570, Test MAE: 4.4311261, Test MAE norm: 0.3147373
Epoch: 1180, LR: 0.000010, Loss: 0.2706191, Validation MAE: 4.0026631, Test MAE: 4.4309740, Test MAE norm: 0.3147265
Epoch: 1185, LR: 0.000010, Loss: 0.2706137, Validation MAE: 4.0017805, Test MAE: 4.4318461, Test MAE norm: 0.3147885
Epoch: 1186, LR: 0.000010, Loss: 0.2706255, Validation MAE: 3.9939711, Test MAE: 4.4307690, Test MAE norm: 0.3147120
Epoch: 1196, LR: 0.000010, Loss: 0.2706148, Validation MAE: 4.0022626, Test MAE: 4.4303527, Test MAE norm: 0.3146824
Epoch: 1206, LR: 0.000010, Loss: 0.2705875, Validation MAE: 3.9948857, Test MAE: 4.4312730, Test MAE norm: 0.3147478
Epoch: 1216, LR: 0.000010, Loss: 0.2705711, Validation MAE: 4.0154505, Test MAE: 4.4328413, Test MAE norm: 0.3148592
Epoch: 1217, LR: 0.000010, Loss: 0.2705714, Validation MAE: 4.0118647, Test MAE: 4.4322004, Test MAE norm: 0.3148136
Epoch: 1218, LR: 0.000010, Loss: 0.2705724, Validation MAE: 4.0090714, Test MAE: 4.4319458, Test MAE norm: 0.3147956
Epoch: 1220, LR: 0.000010, Loss: 0.2705681, Validation MAE: 4.0075397, Test MAE: 4.4319110, Test MAE norm: 0.3147931
Epoch: 1223, LR: 0.000010, Loss: 0.2705498, Validation MAE: 4.0072584, Test MAE: 4.4321051, Test MAE norm: 0.3148069
Epoch: 1227, LR: 0.000010, Loss: 0.2705472, Validation MAE: 4.0050740, Test MAE: 4.4310932, Test MAE norm: 0.3147350
Epoch: 1228, LR: 0.000010, Loss: 0.2705468, Validation MAE: 4.0035949, Test MAE: 4.4306197, Test MAE norm: 0.3147013
Epoch: 1232, LR: 0.000010, Loss: 0.2705294, Validation MAE: 4.0026908, Test MAE: 4.4296670, Test MAE norm: 0.3146337
Epoch: 1236, LR: 0.000010, Loss: 0.2705566, Validation MAE: 4.0004158, Test MAE: 4.4315715, Test MAE norm: 0.3147690
Epoch: 1237, LR: 0.000010, Loss: 0.2706007, Validation MAE: 3.9992099, Test MAE: 4.4310398, Test MAE norm: 0.3147312
Epoch: 1242, LR: 0.000010, Loss: 0.2705480, Validation MAE: 3.9928823, Test MAE: 4.4285750, Test MAE norm: 0.3145561
Epoch: 1252, LR: 0.000010, Loss: 0.2705070, Validation MAE: 3.9947977, Test MAE: 4.4297071, Test MAE norm: 0.3146365
Epoch: 1257, LR: 0.000010, Loss: 0.2705223, Validation MAE: 3.9921002, Test MAE: 4.4299712, Test MAE norm: 0.3146553
Epoch: 1263, LR: 0.000010, Loss: 0.2705098, Validation MAE: 3.9918354, Test MAE: 4.4296708, Test MAE norm: 0.3146340
Epoch: 1273, LR: 0.000010, Loss: 0.2704565, Validation MAE: 4.0070157, Test MAE: 4.4323859, Test MAE norm: 0.3148268
Epoch: 1274, LR: 0.000010, Loss: 0.2704742, Validation MAE: 4.0047908, Test MAE: 4.4320021, Test MAE norm: 0.3147995
Epoch: 1280, LR: 0.000010, Loss: 0.2704427, Validation MAE: 4.0047860, Test MAE: 4.4309578, Test MAE norm: 0.3147254
Epoch: 1283, LR: 0.000010, Loss: 0.2704474, Validation MAE: 4.0035677, Test MAE: 4.4302411, Test MAE norm: 0.3146745
Epoch: 1284, LR: 0.000010, Loss: 0.2704512, Validation MAE: 4.0025229, Test MAE: 4.4305105, Test MAE norm: 0.3146936
Epoch: 1288, LR: 0.000010, Loss: 0.2704467, Validation MAE: 3.9936912, Test MAE: 4.4297428, Test MAE norm: 0.3146391
Epoch: 1298, LR: 0.000010, Loss: 0.2704401, Validation MAE: 4.0001030, Test MAE: 4.4301434, Test MAE norm: 0.3146675
Epoch: 1306, LR: 0.000010, Loss: 0.2704185, Validation MAE: 3.9985948, Test MAE: 4.4285803, Test MAE norm: 0.3145565
Epoch: 1310, LR: 0.000010, Loss: 0.2704322, Validation MAE: 3.9921875, Test MAE: 4.4284039, Test MAE norm: 0.3145440
Epoch: 1320, LR: 0.000010, Loss: 0.2703952, Validation MAE: 3.9999940, Test MAE: 4.4291110, Test MAE norm: 0.3145942
Epoch: 1323, LR: 0.000010, Loss: 0.2703813, Validation MAE: 3.9963367, Test MAE: 4.4287224, Test MAE norm: 0.3145666
Epoch: 1328, LR: 0.000010, Loss: 0.2703659, Validation MAE: 3.9949348, Test MAE: 4.4291883, Test MAE norm: 0.3145997
Epoch: 1338, LR: 0.000010, Loss: 0.2703676, Validation MAE: 3.9975002, Test MAE: 4.4296498, Test MAE norm: 0.3146325
Epoch: 1341, LR: 0.000010, Loss: 0.2703675, Validation MAE: 3.9973919, Test MAE: 4.4298983, Test MAE norm: 0.3146501
Epoch: 1345, LR: 0.000010, Loss: 0.2703682, Validation MAE: 3.9905884, Test MAE: 4.4286571, Test MAE norm: 0.3145620
Epoch: 1355, LR: 0.000010, Loss: 0.2703252, Validation MAE: 4.0063205, Test MAE: 4.4314923, Test MAE norm: 0.3147633
Epoch: 1356, LR: 0.000010, Loss: 0.2703796, Validation MAE: 4.0018630, Test MAE: 4.4305863, Test MAE norm: 0.3146990
Epoch: 1357, LR: 0.000010, Loss: 0.2703513, Validation MAE: 3.9964654, Test MAE: 4.4289579, Test MAE norm: 0.3145833
Epoch: 1361, LR: 0.000010, Loss: 0.2703775, Validation MAE: 3.9951320, Test MAE: 4.4288297, Test MAE norm: 0.3145742
Epoch: 1362, LR: 0.000010, Loss: 0.2703098, Validation MAE: 3.9918299, Test MAE: 4.4278002, Test MAE norm: 0.3145011
Epoch: 1366, LR: 0.000010, Loss: 0.2703071, Validation MAE: 3.9889181, Test MAE: 4.4269929, Test MAE norm: 0.3144438
Epoch: 1376, LR: 0.000010, Loss: 0.2702961, Validation MAE: 3.9942136, Test MAE: 4.4274035, Test MAE norm: 0.3144729
Epoch: 1384, LR: 0.000010, Loss: 0.2702933, Validation MAE: 3.9929271, Test MAE: 4.4298077, Test MAE norm: 0.3146437
Epoch: 1389, LR: 0.000010, Loss: 0.2702670, Validation MAE: 3.9875455, Test MAE: 4.4273286, Test MAE norm: 0.3144676
Epoch: 1399, LR: 0.000010, Loss: 0.2702698, Validation MAE: 3.9939392, Test MAE: 4.4292965, Test MAE norm: 0.3146074
Epoch: 1402, LR: 0.000010, Loss: 0.2702874, Validation MAE: 3.9918425, Test MAE: 4.4288116, Test MAE norm: 0.3145729
Epoch: 1403, LR: 0.000010, Loss: 0.2702633, Validation MAE: 3.9834974, Test MAE: 4.4268355, Test MAE norm: 0.3144326
Epoch: 1413, LR: 0.000010, Loss: 0.2702476, Validation MAE: 4.0040450, Test MAE: 4.4312978, Test MAE norm: 0.3147495
Epoch: 1414, LR: 0.000010, Loss: 0.2702444, Validation MAE: 3.9998670, Test MAE: 4.4306908, Test MAE norm: 0.3147064
Epoch: 1417, LR: 0.000010, Loss: 0.2702873, Validation MAE: 3.9869921, Test MAE: 4.4278803, Test MAE norm: 0.3145068
Epoch: 1423, LR: 0.000010, Loss: 0.2702219, Validation MAE: 3.9839301, Test MAE: 4.4272418, Test MAE norm: 0.3144614
Epoch: 1433, LR: 0.000010, Loss: 0.2702737, Validation MAE: 3.9956532, Test MAE: 4.4286857, Test MAE norm: 0.3145640
Epoch: 1436, LR: 0.000010, Loss: 0.2702318, Validation MAE: 3.9895227, Test MAE: 4.4287443, Test MAE norm: 0.3145682
Epoch: 1446, LR: 0.000010, Loss: 0.2701538, Validation MAE: 3.9949203, Test MAE: 4.4274907, Test MAE norm: 0.3144791
Epoch: 1450, LR: 0.000010, Loss: 0.2701729, Validation MAE: 3.9895806, Test MAE: 4.4284415, Test MAE norm: 0.3145466
Epoch: 1455, LR: 0.000010, Loss: 0.2701478, Validation MAE: 3.9855888, Test MAE: 4.4281516, Test MAE norm: 0.3145261
Epoch: 1460, LR: 0.000010, Loss: 0.2701465, Validation MAE: 3.9829667, Test MAE: 4.4249659, Test MAE norm: 0.3142998
Epoch: 1470, LR: 0.000010, Loss: 0.2700944, Validation MAE: 3.9830952, Test MAE: 4.4265490, Test MAE norm: 0.3144122
Epoch: 1478, LR: 0.000010, Loss: 0.2701712, Validation MAE: 3.9816244, Test MAE: 4.4273133, Test MAE norm: 0.3144665
Epoch: 1484, LR: 0.000010, Loss: 0.2702196, Validation MAE: 3.9773531, Test MAE: 4.4275355, Test MAE norm: 0.3144823
Epoch: 1494, LR: 0.000010, Loss: 0.2700799, Validation MAE: 3.9809606, Test MAE: 4.4276838, Test MAE norm: 0.3144928
Epoch: 1504, LR: 0.000010, Loss: 0.2701592, Validation MAE: 3.9971330, Test MAE: 4.4299269, Test MAE norm: 0.3146521
Epoch: 1506, LR: 0.000010, Loss: 0.2700804, Validation MAE: 3.9924340, Test MAE: 4.4281468, Test MAE norm: 0.3145257
Epoch: 1507, LR: 0.000010, Loss: 0.2701056, Validation MAE: 3.9839535, Test MAE: 4.4265413, Test MAE norm: 0.3144117
Epoch: 1512, LR: 0.000010, Loss: 0.2700686, Validation MAE: 3.9785767, Test MAE: 4.4271197, Test MAE norm: 0.3144528
Epoch: 1522, LR: 0.000010, Loss: 0.2701510, Validation MAE: 3.9895189, Test MAE: 4.4281564, Test MAE norm: 0.3145264
Epoch: 1525, LR: 0.000010, Loss: 0.2701740, Validation MAE: 3.9879198, Test MAE: 4.4275451, Test MAE norm: 0.3144830
Epoch: 1526, LR: 0.000010, Loss: 0.2700524, Validation MAE: 3.9727013, Test MAE: 4.4257803, Test MAE norm: 0.3143576
Epoch: 1535, LR: 0.000010, Loss: 0.2700727, Validation MAE: 3.9695678, Test MAE: 4.4263282, Test MAE norm: 0.3143965
Epoch: 1545, LR: 0.000010, Loss: 0.2700234, Validation MAE: 4.0025492, Test MAE: 4.4316344, Test MAE norm: 0.3147734
Epoch: 1546, LR: 0.000010, Loss: 0.2700068, Validation MAE: 3.9919059, Test MAE: 4.4279466, Test MAE norm: 0.3145115
Epoch: 1547, LR: 0.000010, Loss: 0.2700568, Validation MAE: 3.9839854, Test MAE: 4.4261250, Test MAE norm: 0.3143821
Epoch: 1550, LR: 0.000010, Loss: 0.2700226, Validation MAE: 3.9838789, Test MAE: 4.4285202, Test MAE norm: 0.3145522
Epoch: 1556, LR: 0.000010, Loss: 0.2699721, Validation MAE: 3.9810555, Test MAE: 4.4261351, Test MAE norm: 0.3143828
Epoch: 1561, LR: 0.000010, Loss: 0.2699525, Validation MAE: 3.9772718, Test MAE: 4.4266996, Test MAE norm: 0.3144229
Epoch: 1567, LR: 0.000010, Loss: 0.2699454, Validation MAE: 3.9706638, Test MAE: 4.4262438, Test MAE norm: 0.3143905
Epoch: 1577, LR: 0.000010, Loss: 0.2700183, Validation MAE: 3.9900932, Test MAE: 4.4300003, Test MAE norm: 0.3146574
Epoch: 1580, LR: 0.000010, Loss: 0.2700357, Validation MAE: 3.9822266, Test MAE: 4.4288325, Test MAE norm: 0.3145744
Epoch: 1581, LR: 0.000010, Loss: 0.2700142, Validation MAE: 3.9684811, Test MAE: 4.4286528, Test MAE norm: 0.3145617
Epoch: 1591, LR: 0.000010, Loss: 0.2699239, Validation MAE: 3.9720652, Test MAE: 4.4249744, Test MAE norm: 0.3143004
Epoch: 1597, LR: 0.000010, Loss: 0.2699434, Validation MAE: 3.9689872, Test MAE: 4.4260283, Test MAE norm: 0.3143753
Epoch: 1607, LR: 0.000010, Loss: 0.2698955, Validation MAE: 3.9856591, Test MAE: 4.4276085, Test MAE norm: 0.3144875
Epoch: 1610, LR: 0.000010, Loss: 0.2698671, Validation MAE: 3.9758570, Test MAE: 4.4273415, Test MAE norm: 0.3144685
Epoch: 1619, LR: 0.000010, Loss: 0.2698504, Validation MAE: 3.9718125, Test MAE: 4.4257660, Test MAE norm: 0.3143566
Epoch: 1629, LR: 0.000010, Loss: 0.2698910, Validation MAE: 3.9878838, Test MAE: 4.4286952, Test MAE norm: 0.3145647
Epoch: 1631, LR: 0.000010, Loss: 0.2698695, Validation MAE: 3.9826605, Test MAE: 4.4274993, Test MAE norm: 0.3144797
Epoch: 1632, LR: 0.000010, Loss: 0.2698254, Validation MAE: 3.9692788, Test MAE: 4.4253387, Test MAE norm: 0.3143263
Epoch: 1642, LR: 0.000010, Loss: 0.2698913, Validation MAE: 3.9830942, Test MAE: 4.4270682, Test MAE norm: 0.3144491
Epoch: 1645, LR: 0.000010, Loss: 0.2698518, Validation MAE: 3.9710779, Test MAE: 4.4256163, Test MAE norm: 0.3143460
Epoch: 1651, LR: 0.000010, Loss: 0.2697980, Validation MAE: 3.9675350, Test MAE: 4.4247360, Test MAE norm: 0.3142835
Epoch: 1661, LR: 0.000010, Loss: 0.2698533, Validation MAE: 3.9809256, Test MAE: 4.4269352, Test MAE norm: 0.3144397
Epoch: 1662, LR: 0.000010, Loss: 0.2698359, Validation MAE: 3.9709597, Test MAE: 4.4254508, Test MAE norm: 0.3143342
Epoch: 1671, LR: 0.000010, Loss: 0.2697643, Validation MAE: 3.9677804, Test MAE: 4.4274564, Test MAE norm: 0.3144767
Epoch: 1681, LR: 0.000010, Loss: 0.2697310, Validation MAE: 3.9819162, Test MAE: 4.4287000, Test MAE norm: 0.3145650
Epoch: 1682, LR: 0.000010, Loss: 0.2697549, Validation MAE: 3.9718642, Test MAE: 4.4272046, Test MAE norm: 0.3144588
Epoch: 1686, LR: 0.000010, Loss: 0.2697617, Validation MAE: 3.9708338, Test MAE: 4.4270468, Test MAE norm: 0.3144476
Epoch: 1696, LR: 0.000010, Loss: 0.2698178, Validation MAE: 3.9835112, Test MAE: 4.4292374, Test MAE norm: 0.3146032
Epoch: 1699, LR: 0.000010, Loss: 0.2697599, Validation MAE: 3.9727511, Test MAE: 4.4262581, Test MAE norm: 0.3143916
Epoch: 1703, LR: 0.000010, Loss: 0.2697843, Validation MAE: 3.9706092, Test MAE: 4.4261208, Test MAE norm: 0.3143818
Epoch: 1713, LR: 0.000010, Loss: 0.2696902, Validation MAE: 3.9766424, Test MAE: 4.4278088, Test MAE norm: 0.3145017
Epoch: 1714, LR: 0.000010, Loss: 0.2696623, Validation MAE: 3.9753697, Test MAE: 4.4276600, Test MAE norm: 0.3144911
Epoch: 1723, LR: 0.000010, Loss: 0.2696522, Validation MAE: 3.9706168, Test MAE: 4.4261546, Test MAE norm: 0.3143842
Epoch: 1728, LR: 0.000010, Loss: 0.2697268, Validation MAE: 3.9662170, Test MAE: 4.4256811, Test MAE norm: 0.3143506
Epoch: 1729, LR: 0.000010, Loss: 0.2697514, Validation MAE: 3.9611998, Test MAE: 4.4257278, Test MAE norm: 0.3143539
Epoch: 1734, LR: 0.000010, Loss: 0.2696373, Validation MAE: 3.9599850, Test MAE: 4.4258604, Test MAE norm: 0.3143633
Epoch: 1735, LR: 0.000010, Loss: 0.2696987, Validation MAE: 3.9567978, Test MAE: 4.4252067, Test MAE norm: 0.3143169
Epoch: 1745, LR: 0.000010, Loss: 0.2696293, Validation MAE: 3.9731984, Test MAE: 4.4275985, Test MAE norm: 0.3144868
Epoch: 1754, LR: 0.000010, Loss: 0.2695937, Validation MAE: 3.9700427, Test MAE: 4.4260640, Test MAE norm: 0.3143778
Epoch: 1764, LR: 0.000010, Loss: 0.2695893, Validation MAE: 3.9718280, Test MAE: 4.4257956, Test MAE norm: 0.3143587
Epoch: 1765, LR: 0.000010, Loss: 0.2695844, Validation MAE: 3.9712882, Test MAE: 4.4258494, Test MAE norm: 0.3143625
Epoch: 1769, LR: 0.000010, Loss: 0.2696066, Validation MAE: 3.9656973, Test MAE: 4.4250975, Test MAE norm: 0.3143091
Epoch: 1774, LR: 0.000010, Loss: 0.2696216, Validation MAE: 3.9587994, Test MAE: 4.4256601, Test MAE norm: 0.3143491
Epoch: 1779, LR: 0.000010, Loss: 0.2696226, Validation MAE: 3.9491732, Test MAE: 4.4239206, Test MAE norm: 0.3142255
Epoch: 1780, LR: 0.000010, Loss: 0.2696641, Validation MAE: 3.9425066, Test MAE: 4.4234180, Test MAE norm: 0.3141899
Epoch: 1790, LR: 0.000010, Loss: 0.2696309, Validation MAE: 3.9967260, Test MAE: 4.4342203, Test MAE norm: 0.3149571
Epoch: 1791, LR: 0.000010, Loss: 0.2696645, Validation MAE: 3.9798534, Test MAE: 4.4293728, Test MAE norm: 0.3146128
Epoch: 1792, LR: 0.000010, Loss: 0.2695541, Validation MAE: 3.9579651, Test MAE: 4.4244833, Test MAE norm: 0.3142655
Epoch: 1797, LR: 0.000010, Loss: 0.2695478, Validation MAE: 3.9569154, Test MAE: 4.4227343, Test MAE norm: 0.3141413
Epoch: 1803, LR: 0.000010, Loss: 0.2694939, Validation MAE: 3.9508994, Test MAE: 4.4227390, Test MAE norm: 0.3141416
Epoch: 1813, LR: 0.000010, Loss: 0.2697078, Validation MAE: 3.9663296, Test MAE: 4.4266114, Test MAE norm: 0.3144166
Epoch: 1814, LR: 0.000010, Loss: 0.2696139, Validation MAE: 3.9527056, Test MAE: 4.4255476, Test MAE norm: 0.3143411
Epoch: 1824, LR: 0.000010, Loss: 0.2695178, Validation MAE: 3.9764264, Test MAE: 4.4282961, Test MAE norm: 0.3145363
Epoch: 1825, LR: 0.000010, Loss: 0.2695124, Validation MAE: 3.9682252, Test MAE: 4.4269896, Test MAE norm: 0.3144435
Epoch: 1826, LR: 0.000010, Loss: 0.2694751, Validation MAE: 3.9655566, Test MAE: 4.4271030, Test MAE norm: 0.3144516
Epoch: 1832, LR: 0.000010, Loss: 0.2694944, Validation MAE: 3.9637856, Test MAE: 4.4269118, Test MAE norm: 0.3144380
Epoch: 1836, LR: 0.000010, Loss: 0.2694724, Validation MAE: 3.9605312, Test MAE: 4.4250932, Test MAE norm: 0.3143088
Epoch: 1846, LR: 0.000010, Loss: 0.2695409, Validation MAE: 3.9610436, Test MAE: 4.4257612, Test MAE norm: 0.3143563
Epoch: 1849, LR: 0.000010, Loss: 0.2694739, Validation MAE: 3.9579496, Test MAE: 4.4256229, Test MAE norm: 0.3143465
Epoch: 1854, LR: 0.000010, Loss: 0.2694571, Validation MAE: 3.9561596, Test MAE: 4.4253888, Test MAE norm: 0.3143298
Epoch: 1858, LR: 0.000010, Loss: 0.2694520, Validation MAE: 3.9540651, Test MAE: 4.4259334, Test MAE norm: 0.3143685
Epoch: 1863, LR: 0.000010, Loss: 0.2693990, Validation MAE: 3.9526474, Test MAE: 4.4235611, Test MAE norm: 0.3142000
Epoch: 1864, LR: 0.000010, Loss: 0.2695253, Validation MAE: 3.9512727, Test MAE: 4.4230866, Test MAE norm: 0.3141663
Epoch: 1874, LR: 0.000010, Loss: 0.2694375, Validation MAE: 3.9715788, Test MAE: 4.4298420, Test MAE norm: 0.3146461
Epoch: 1875, LR: 0.000010, Loss: 0.2693749, Validation MAE: 3.9508691, Test MAE: 4.4254498, Test MAE norm: 0.3143342
Epoch: 1880, LR: 0.000010, Loss: 0.2693427, Validation MAE: 3.9505491, Test MAE: 4.4251595, Test MAE norm: 0.3143135
Epoch: 1890, LR: 0.000010, Loss: 0.2693247, Validation MAE: 3.9485779, Test MAE: 4.4245219, Test MAE norm: 0.3142682
Epoch: 1895, LR: 0.000010, Loss: 0.2693185, Validation MAE: 3.9477370, Test MAE: 4.4239941, Test MAE norm: 0.3142307
Epoch: 1905, LR: 0.000010, Loss: 0.2693115, Validation MAE: 3.9439197, Test MAE: 4.4238281, Test MAE norm: 0.3142190
Epoch: 1906, LR: 0.000010, Loss: 0.2694850, Validation MAE: 3.9432218, Test MAE: 4.4236994, Test MAE norm: 0.3142098
Epoch: 1911, LR: 0.000010, Loss: 0.2694326, Validation MAE: 3.9409566, Test MAE: 4.4246469, Test MAE norm: 0.3142771
Epoch: 1912, LR: 0.000010, Loss: 0.2693700, Validation MAE: 3.9308732, Test MAE: 4.4248753, Test MAE norm: 0.3142934
Epoch: 1922, LR: 0.000010, Loss: 0.2695172, Validation MAE: 3.9794586, Test MAE: 4.4290977, Test MAE norm: 0.3145933
Epoch: 1923, LR: 0.000010, Loss: 0.2693645, Validation MAE: 3.9480517, Test MAE: 4.4237309, Test MAE norm: 0.3142121
Epoch: 1924, LR: 0.000010, Loss: 0.2693416, Validation MAE: 3.9443707, Test MAE: 4.4227419, Test MAE norm: 0.3141418
Epoch: 1929, LR: 0.000010, Loss: 0.2693171, Validation MAE: 3.9412050, Test MAE: 4.4235148, Test MAE norm: 0.3141967
Epoch: 1930, LR: 0.000010, Loss: 0.2693845, Validation MAE: 3.9334691, Test MAE: 4.4232502, Test MAE norm: 0.3141779
Epoch: 1940, LR: 0.000010, Loss: 0.2693855, Validation MAE: 3.9875510, Test MAE: 4.4296150, Test MAE norm: 0.3146300
Epoch: 1941, LR: 0.000010, Loss: 0.2693356, Validation MAE: 3.9655948, Test MAE: 4.4251442, Test MAE norm: 0.3143125
Epoch: 1942, LR: 0.000010, Loss: 0.2692499, Validation MAE: 3.9480944, Test MAE: 4.4219437, Test MAE norm: 0.3140851
Epoch: 1947, LR: 0.000010, Loss: 0.2692486, Validation MAE: 3.9462659, Test MAE: 4.4263878, Test MAE norm: 0.3144008
Epoch: 1957, LR: 0.000010, Loss: 0.2692070, Validation MAE: 3.9566870, Test MAE: 4.4248099, Test MAE norm: 0.3142887
Epoch: 1958, LR: 0.000010, Loss: 0.2691902, Validation MAE: 3.9532604, Test MAE: 4.4249411, Test MAE norm: 0.3142980
Epoch: 1968, LR: 0.000010, Loss: 0.2691786, Validation MAE: 3.9641094, Test MAE: 4.4294076, Test MAE norm: 0.3146153
Epoch: 1969, LR: 0.000010, Loss: 0.2693277, Validation MAE: 3.9606991, Test MAE: 4.4282203, Test MAE norm: 0.3145309
Epoch: 1970, LR: 0.000010, Loss: 0.2693640, Validation MAE: 3.9599955, Test MAE: 4.4273491, Test MAE norm: 0.3144691
Epoch: 1971, LR: 0.000010, Loss: 0.2692542, Validation MAE: 3.9588728, Test MAE: 4.4279838, Test MAE norm: 0.3145141
Epoch: 1973, LR: 0.000010, Loss: 0.2693148, Validation MAE: 3.9570777, Test MAE: 4.4272947, Test MAE norm: 0.3144652
Epoch: 1976, LR: 0.000010, Loss: 0.2693096, Validation MAE: 3.9548597, Test MAE: 4.4279337, Test MAE norm: 0.3145106
Epoch: 1977, LR: 0.000010, Loss: 0.2691612, Validation MAE: 3.9537308, Test MAE: 4.4286838, Test MAE norm: 0.3145638
Epoch: 1981, LR: 0.000010, Loss: 0.2691823, Validation MAE: 3.9367108, Test MAE: 4.4264393, Test MAE norm: 0.3144044
Epoch: 1982, LR: 0.000010, Loss: 0.2692680, Validation MAE: 3.9365242, Test MAE: 4.4256272, Test MAE norm: 0.3143468
Epoch: 1992, LR: 0.000010, Loss: 0.2691131, Validation MAE: 3.9490948, Test MAE: 4.4268255, Test MAE norm: 0.3144319
Epoch: 1993, LR: 0.000010, Loss: 0.2691160, Validation MAE: 3.9449761, Test MAE: 4.4269314, Test MAE norm: 0.3144394
Epoch: 1993, LR: 0.000010, Loss: 0.2691160, Validation MAE: 3.9449761, Test MAE: 4.4269314, Test MAE norm: 0.3144394