Command line input: python run_count.py --batch_size 256 --target 7 --model GNN --h 3 --seed 1 --epoch 2000 --dataset easy-1
Mean = 24.580, Std = 73.365
Using GNN model

Epoch: 001, LR: 0.001000, Loss: 0.6520504, Validation MAE: 51.4169769, Test MAE: 43.5435905, Test MAE norm: 0.5935171
Epoch: 002, LR: 0.001000, Loss: 0.6273590, Validation MAE: 49.5832138, Test MAE: 42.1084251, Test MAE norm: 0.5739552
Epoch: 003, LR: 0.001000, Loss: 0.6050009, Validation MAE: 47.7192039, Test MAE: 40.6718826, Test MAE norm: 0.5543745
Epoch: 004, LR: 0.001000, Loss: 0.5822014, Validation MAE: 45.7658195, Test MAE: 39.1798859, Test MAE norm: 0.5340379
Epoch: 005, LR: 0.001000, Loss: 0.5583711, Validation MAE: 43.7710533, Test MAE: 37.6612434, Test MAE norm: 0.5133383
Epoch: 006, LR: 0.001000, Loss: 0.5339006, Validation MAE: 41.7017288, Test MAE: 36.0543137, Test MAE norm: 0.4914351
Epoch: 007, LR: 0.001000, Loss: 0.5082158, Validation MAE: 39.5125809, Test MAE: 34.2913551, Test MAE norm: 0.4674053
Epoch: 008, LR: 0.001000, Loss: 0.4806142, Validation MAE: 37.0963211, Test MAE: 32.2682381, Test MAE norm: 0.4398293
Epoch: 009, LR: 0.001000, Loss: 0.4497263, Validation MAE: 34.3813820, Test MAE: 29.8856983, Test MAE norm: 0.4073544
Epoch: 010, LR: 0.001000, Loss: 0.4146964, Validation MAE: 31.3185711, Test MAE: 27.0589981, Test MAE norm: 0.3688253
Epoch: 011, LR: 0.001000, Loss: 0.3746510, Validation MAE: 27.8834152, Test MAE: 23.6883411, Test MAE norm: 0.3228818
Epoch: 012, LR: 0.001000, Loss: 0.3290290, Validation MAE: 24.1298103, Test MAE: 19.7412968, Test MAE norm: 0.2690820
Epoch: 013, LR: 0.001000, Loss: 0.2784935, Validation MAE: 19.9830513, Test MAE: 15.5808458, Test MAE norm: 0.2123733
Epoch: 014, LR: 0.001000, Loss: 0.2239024, Validation MAE: 17.4075871, Test MAE: 13.4089880, Test MAE norm: 0.1827700
Epoch: 019, LR: 0.001000, Loss: 0.2060066, Validation MAE: 16.3689041, Test MAE: 16.8185768, Test MAE norm: 0.2292441
Epoch: 020, LR: 0.001000, Loss: 0.1912577, Validation MAE: 14.5163460, Test MAE: 15.1227369, Test MAE norm: 0.2061291
Epoch: 021, LR: 0.001000, Loss: 0.1723218, Validation MAE: 13.2738094, Test MAE: 13.8732462, Test MAE norm: 0.1890981
Epoch: 024, LR: 0.001000, Loss: 0.1775606, Validation MAE: 12.9212475, Test MAE: 13.4461432, Test MAE norm: 0.1832765
Epoch: 030, LR: 0.001000, Loss: 0.1515366, Validation MAE: 12.5232544, Test MAE: 12.4957361, Test MAE norm: 0.1703220
Epoch: 031, LR: 0.001000, Loss: 0.1427421, Validation MAE: 12.0778942, Test MAE: 11.9022264, Test MAE norm: 0.1622322
Epoch: 032, LR: 0.001000, Loss: 0.1359677, Validation MAE: 12.0752182, Test MAE: 11.8184042, Test MAE norm: 0.1610897
Epoch: 034, LR: 0.001000, Loss: 0.1364067, Validation MAE: 12.0115910, Test MAE: 11.5667162, Test MAE norm: 0.1576591
Epoch: 035, LR: 0.001000, Loss: 0.1343341, Validation MAE: 11.5771761, Test MAE: 11.0296078, Test MAE norm: 0.1503381
Epoch: 036, LR: 0.001000, Loss: 0.1279329, Validation MAE: 11.1406965, Test MAE: 10.4535513, Test MAE norm: 0.1424862
Epoch: 037, LR: 0.001000, Loss: 0.1212768, Validation MAE: 11.0237684, Test MAE: 10.2115211, Test MAE norm: 0.1391872
Epoch: 039, LR: 0.001000, Loss: 0.1189278, Validation MAE: 10.9853315, Test MAE: 9.9943399, Test MAE norm: 0.1362270
Epoch: 040, LR: 0.001000, Loss: 0.1176301, Validation MAE: 10.7161551, Test MAE: 9.6610594, Test MAE norm: 0.1316842
Epoch: 041, LR: 0.001000, Loss: 0.1135607, Validation MAE: 10.3172617, Test MAE: 9.2030315, Test MAE norm: 0.1254411
Epoch: 042, LR: 0.001000, Loss: 0.1083990, Validation MAE: 9.7642288, Test MAE: 8.6449862, Test MAE norm: 0.1178347
Epoch: 043, LR: 0.001000, Loss: 0.1023005, Validation MAE: 9.6827383, Test MAE: 8.5281219, Test MAE norm: 0.1162418
Epoch: 045, LR: 0.001000, Loss: 0.1020498, Validation MAE: 9.5144930, Test MAE: 8.1903572, Test MAE norm: 0.1116379
Epoch: 046, LR: 0.001000, Loss: 0.0985853, Validation MAE: 8.9090996, Test MAE: 7.5832739, Test MAE norm: 0.1033631
Epoch: 049, LR: 0.001000, Loss: 0.0963579, Validation MAE: 8.7167130, Test MAE: 7.2310915, Test MAE norm: 0.0985628
Epoch: 050, LR: 0.001000, Loss: 0.0906174, Validation MAE: 8.0828686, Test MAE: 6.6416831, Test MAE norm: 0.0905289
Epoch: 054, LR: 0.001000, Loss: 0.0860526, Validation MAE: 7.7226949, Test MAE: 6.2095280, Test MAE norm: 0.0846384
Epoch: 057, LR: 0.001000, Loss: 0.0850378, Validation MAE: 7.5531750, Test MAE: 6.0508361, Test MAE norm: 0.0824754
Epoch: 059, LR: 0.001000, Loss: 0.0824275, Validation MAE: 7.4057326, Test MAE: 5.9573822, Test MAE norm: 0.0812016
Epoch: 064, LR: 0.001000, Loss: 0.0946005, Validation MAE: 7.3628955, Test MAE: 5.9473839, Test MAE norm: 0.0810653
Epoch: 074, LR: 0.001000, Loss: 0.0852781, Validation MAE: 8.3245478, Test MAE: 6.5142832, Test MAE norm: 0.0887924
Epoch: 076, LR: 0.000900, Loss: 0.0945016, Validation MAE: 8.1550236, Test MAE: 6.6411519, Test MAE norm: 0.0905216
Epoch: 080, LR: 0.000900, Loss: 0.0913557, Validation MAE: 7.8684807, Test MAE: 6.8044558, Test MAE norm: 0.0927475
Epoch: 081, LR: 0.000900, Loss: 0.0852675, Validation MAE: 7.8286996, Test MAE: 6.5701971, Test MAE norm: 0.0895545
Epoch: 082, LR: 0.000900, Loss: 0.0856932, Validation MAE: 7.2752104, Test MAE: 6.0365748, Test MAE norm: 0.0822810
Epoch: 087, LR: 0.000900, Loss: 0.0802759, Validation MAE: 7.1298876, Test MAE: 5.9848313, Test MAE norm: 0.0815757
Epoch: 092, LR: 0.000900, Loss: 0.0765091, Validation MAE: 7.0625706, Test MAE: 6.0154414, Test MAE norm: 0.0819929
Epoch: 095, LR: 0.000900, Loss: 0.0786357, Validation MAE: 7.0200844, Test MAE: 5.9441519, Test MAE norm: 0.0810212
Epoch: 096, LR: 0.000900, Loss: 0.0756424, Validation MAE: 7.0136633, Test MAE: 5.6868749, Test MAE norm: 0.0775144
Epoch: 099, LR: 0.000900, Loss: 0.0762213, Validation MAE: 6.9959497, Test MAE: 5.8573499, Test MAE norm: 0.0798381
Epoch: 104, LR: 0.000900, Loss: 0.0763191, Validation MAE: 6.9645109, Test MAE: 5.8115525, Test MAE norm: 0.0792139
Epoch: 105, LR: 0.000900, Loss: 0.0751069, Validation MAE: 6.7101774, Test MAE: 5.6638613, Test MAE norm: 0.0772008
Epoch: 111, LR: 0.000900, Loss: 0.0749970, Validation MAE: 6.3892303, Test MAE: 5.5017934, Test MAE norm: 0.0749917
Epoch: 121, LR: 0.000900, Loss: 0.0696545, Validation MAE: 6.8676434, Test MAE: 5.7200565, Test MAE norm: 0.0779667
Epoch: 123, LR: 0.000810, Loss: 0.0761444, Validation MAE: 6.7295327, Test MAE: 5.5483418, Test MAE norm: 0.0756262
Epoch: 124, LR: 0.000810, Loss: 0.0722475, Validation MAE: 6.5903502, Test MAE: 5.6774478, Test MAE norm: 0.0773859
Epoch: 127, LR: 0.000810, Loss: 0.0715794, Validation MAE: 6.5137997, Test MAE: 5.4311504, Test MAE norm: 0.0740288
Epoch: 129, LR: 0.000810, Loss: 0.0704570, Validation MAE: 6.3534455, Test MAE: 5.4157815, Test MAE norm: 0.0738193
Epoch: 136, LR: 0.000810, Loss: 0.0703607, Validation MAE: 6.3078675, Test MAE: 5.3984852, Test MAE norm: 0.0735836
Epoch: 146, LR: 0.000810, Loss: 0.0682822, Validation MAE: 6.4944525, Test MAE: 5.3553972, Test MAE norm: 0.0729963
Epoch: 147, LR: 0.000810, Loss: 0.0695787, Validation MAE: 6.2710838, Test MAE: 5.3365493, Test MAE norm: 0.0727394
Epoch: 149, LR: 0.000810, Loss: 0.0709829, Validation MAE: 6.1580458, Test MAE: 5.3580294, Test MAE norm: 0.0730321
Epoch: 159, LR: 0.000810, Loss: 0.0664298, Validation MAE: 6.4043059, Test MAE: 5.2075963, Test MAE norm: 0.0709817
Epoch: 161, LR: 0.000729, Loss: 0.0701003, Validation MAE: 6.3682537, Test MAE: 5.3022213, Test MAE norm: 0.0722715
Epoch: 162, LR: 0.000729, Loss: 0.0682123, Validation MAE: 6.1152482, Test MAE: 5.2410059, Test MAE norm: 0.0714371
Epoch: 172, LR: 0.000729, Loss: 0.0657655, Validation MAE: 6.2559395, Test MAE: 5.3310256, Test MAE norm: 0.0726641
Epoch: 173, LR: 0.000729, Loss: 0.0682085, Validation MAE: 6.1699657, Test MAE: 5.2713704, Test MAE norm: 0.0718509
Epoch: 175, LR: 0.000656, Loss: 0.0655384, Validation MAE: 6.1134219, Test MAE: 5.1171761, Test MAE norm: 0.0697492
Epoch: 176, LR: 0.000656, Loss: 0.0652150, Validation MAE: 6.0636678, Test MAE: 5.2425394, Test MAE norm: 0.0714580
Epoch: 177, LR: 0.000656, Loss: 0.0662229, Validation MAE: 6.0208626, Test MAE: 5.1975827, Test MAE norm: 0.0708452
Epoch: 180, LR: 0.000656, Loss: 0.0662418, Validation MAE: 5.9979434, Test MAE: 5.1156449, Test MAE norm: 0.0697283
Epoch: 190, LR: 0.000656, Loss: 0.0647365, Validation MAE: 6.1294069, Test MAE: 5.2230792, Test MAE norm: 0.0711927
Epoch: 193, LR: 0.000590, Loss: 0.0660207, Validation MAE: 6.0686388, Test MAE: 5.0185838, Test MAE norm: 0.0684054
Epoch: 194, LR: 0.000590, Loss: 0.0637440, Validation MAE: 6.0325093, Test MAE: 5.0939050, Test MAE norm: 0.0694320
Epoch: 195, LR: 0.000590, Loss: 0.0640609, Validation MAE: 5.9183574, Test MAE: 5.0236874, Test MAE norm: 0.0684749
Epoch: 199, LR: 0.000590, Loss: 0.0648463, Validation MAE: 5.9016223, Test MAE: 5.0549464, Test MAE norm: 0.0689010
Epoch: 202, LR: 0.000590, Loss: 0.0652900, Validation MAE: 5.8922381, Test MAE: 4.9751172, Test MAE norm: 0.0678129
Epoch: 210, LR: 0.000590, Loss: 0.0646075, Validation MAE: 5.8679857, Test MAE: 5.0535541, Test MAE norm: 0.0688820
Epoch: 211, LR: 0.000590, Loss: 0.0635161, Validation MAE: 5.8082299, Test MAE: 4.9992666, Test MAE norm: 0.0681421
Epoch: 221, LR: 0.000590, Loss: 0.0629939, Validation MAE: 5.8952894, Test MAE: 4.9413476, Test MAE norm: 0.0673526
Epoch: 222, LR: 0.000590, Loss: 0.0624865, Validation MAE: 5.8555441, Test MAE: 4.9211287, Test MAE norm: 0.0670770
Epoch: 225, LR: 0.000531, Loss: 0.0626491, Validation MAE: 5.7815576, Test MAE: 4.8776455, Test MAE norm: 0.0664843
Epoch: 226, LR: 0.000531, Loss: 0.0613151, Validation MAE: 5.7361321, Test MAE: 4.8640828, Test MAE norm: 0.0662995
Epoch: 236, LR: 0.000531, Loss: 0.0633320, Validation MAE: 6.0244393, Test MAE: 4.9868031, Test MAE norm: 0.0679722
Epoch: 237, LR: 0.000531, Loss: 0.0635566, Validation MAE: 5.7510238, Test MAE: 4.8480887, Test MAE norm: 0.0660814
Epoch: 241, LR: 0.000478, Loss: 0.0629947, Validation MAE: 5.6773744, Test MAE: 4.8137536, Test MAE norm: 0.0656134
Epoch: 251, LR: 0.000478, Loss: 0.0601488, Validation MAE: 5.8893270, Test MAE: 4.8693910, Test MAE norm: 0.0663718
Epoch: 252, LR: 0.000478, Loss: 0.0611439, Validation MAE: 5.7546425, Test MAE: 4.7649994, Test MAE norm: 0.0649489
Epoch: 255, LR: 0.000430, Loss: 0.0619279, Validation MAE: 5.6915183, Test MAE: 4.7988338, Test MAE norm: 0.0654101
Epoch: 259, LR: 0.000430, Loss: 0.0616896, Validation MAE: 5.6834736, Test MAE: 4.7818890, Test MAE norm: 0.0651791
Epoch: 268, LR: 0.000387, Loss: 0.0609767, Validation MAE: 5.6455488, Test MAE: 4.7082100, Test MAE norm: 0.0641748
Epoch: 270, LR: 0.000387, Loss: 0.0605369, Validation MAE: 5.6083922, Test MAE: 4.6939273, Test MAE norm: 0.0639802
Epoch: 280, LR: 0.000387, Loss: 0.0601828, Validation MAE: 5.6603775, Test MAE: 4.7224007, Test MAE norm: 0.0643683
Epoch: 282, LR: 0.000349, Loss: 0.0592150, Validation MAE: 5.6310782, Test MAE: 4.6856017, Test MAE norm: 0.0638667
Epoch: 284, LR: 0.000349, Loss: 0.0597640, Validation MAE: 5.6256003, Test MAE: 4.7077403, Test MAE norm: 0.0641684
Epoch: 287, LR: 0.000349, Loss: 0.0594547, Validation MAE: 5.5295396, Test MAE: 4.6924644, Test MAE norm: 0.0639602
Epoch: 288, LR: 0.000349, Loss: 0.0591980, Validation MAE: 5.5066180, Test MAE: 4.6760445, Test MAE norm: 0.0637364
Epoch: 298, LR: 0.000349, Loss: 0.0584964, Validation MAE: 5.4980493, Test MAE: 4.6142216, Test MAE norm: 0.0628937
Epoch: 300, LR: 0.000349, Loss: 0.0585956, Validation MAE: 5.4959955, Test MAE: 4.6117601, Test MAE norm: 0.0628602
Epoch: 303, LR: 0.000349, Loss: 0.0575482, Validation MAE: 5.4811716, Test MAE: 4.6212869, Test MAE norm: 0.0629900
Epoch: 306, LR: 0.000349, Loss: 0.0581623, Validation MAE: 5.4662042, Test MAE: 4.6026459, Test MAE norm: 0.0627360
Epoch: 307, LR: 0.000349, Loss: 0.0573775, Validation MAE: 5.4614449, Test MAE: 4.5959716, Test MAE norm: 0.0626450
Epoch: 312, LR: 0.000349, Loss: 0.0580358, Validation MAE: 5.4509902, Test MAE: 4.5855093, Test MAE norm: 0.0625024
Epoch: 314, LR: 0.000349, Loss: 0.0574501, Validation MAE: 5.4447575, Test MAE: 4.5840521, Test MAE norm: 0.0624825
Epoch: 322, LR: 0.000349, Loss: 0.0594598, Validation MAE: 5.3926578, Test MAE: 4.6670499, Test MAE norm: 0.0636138
Epoch: 324, LR: 0.000349, Loss: 0.0600112, Validation MAE: 5.3040042, Test MAE: 4.5667424, Test MAE norm: 0.0622466
Epoch: 334, LR: 0.000349, Loss: 0.0569304, Validation MAE: 5.3912344, Test MAE: 4.6229892, Test MAE norm: 0.0630132
Epoch: 340, LR: 0.000314, Loss: 0.0587399, Validation MAE: 5.3828025, Test MAE: 4.6015944, Test MAE norm: 0.0627216
Epoch: 344, LR: 0.000314, Loss: 0.0571927, Validation MAE: 5.3283648, Test MAE: 4.5002470, Test MAE norm: 0.0613402
Epoch: 348, LR: 0.000282, Loss: 0.0558166, Validation MAE: 5.3022637, Test MAE: 4.5259366, Test MAE norm: 0.0616904
Epoch: 349, LR: 0.000282, Loss: 0.0561942, Validation MAE: 5.2461066, Test MAE: 4.4909720, Test MAE norm: 0.0612138
Epoch: 357, LR: 0.000282, Loss: 0.0554781, Validation MAE: 5.2333398, Test MAE: 4.4755845, Test MAE norm: 0.0610041
Epoch: 358, LR: 0.000282, Loss: 0.0564309, Validation MAE: 5.2154179, Test MAE: 4.4827671, Test MAE norm: 0.0611020
Epoch: 368, LR: 0.000282, Loss: 0.0551085, Validation MAE: 5.3333268, Test MAE: 4.5047207, Test MAE norm: 0.0614012
Epoch: 369, LR: 0.000282, Loss: 0.0553795, Validation MAE: 5.2348967, Test MAE: 4.4996285, Test MAE norm: 0.0613318
Epoch: 370, LR: 0.000254, Loss: 0.0551826, Validation MAE: 5.1540346, Test MAE: 4.4622874, Test MAE norm: 0.0608228
Epoch: 371, LR: 0.000254, Loss: 0.0549738, Validation MAE: 5.1494403, Test MAE: 4.4669418, Test MAE norm: 0.0608863
Epoch: 381, LR: 0.000254, Loss: 0.0548212, Validation MAE: 5.3470507, Test MAE: 4.4894986, Test MAE norm: 0.0611937
Epoch: 382, LR: 0.000254, Loss: 0.0551184, Validation MAE: 5.3141704, Test MAE: 4.5021496, Test MAE norm: 0.0613662
Epoch: 383, LR: 0.000229, Loss: 0.0551815, Validation MAE: 5.1181622, Test MAE: 4.4360790, Test MAE norm: 0.0604656
Epoch: 393, LR: 0.000229, Loss: 0.0549018, Validation MAE: 5.1103225, Test MAE: 4.4192486, Test MAE norm: 0.0602362
Epoch: 403, LR: 0.000229, Loss: 0.0541853, Validation MAE: 5.3647695, Test MAE: 4.4823985, Test MAE norm: 0.0610969
Epoch: 404, LR: 0.000229, Loss: 0.0543272, Validation MAE: 5.2053814, Test MAE: 4.4385214, Test MAE norm: 0.0604989
Epoch: 405, LR: 0.000206, Loss: 0.0538967, Validation MAE: 5.1029305, Test MAE: 4.4190249, Test MAE norm: 0.0602331
Epoch: 406, LR: 0.000206, Loss: 0.0540213, Validation MAE: 5.0503578, Test MAE: 4.4004016, Test MAE norm: 0.0599793
Epoch: 416, LR: 0.000206, Loss: 0.0536663, Validation MAE: 5.0966444, Test MAE: 4.3975673, Test MAE norm: 0.0599407
Epoch: 421, LR: 0.000185, Loss: 0.0538785, Validation MAE: 5.0942006, Test MAE: 4.3973813, Test MAE norm: 0.0599381
Epoch: 422, LR: 0.000185, Loss: 0.0535339, Validation MAE: 5.0596819, Test MAE: 4.3769851, Test MAE norm: 0.0596601
Epoch: 431, LR: 0.000167, Loss: 0.0533038, Validation MAE: 5.0548177, Test MAE: 4.3707781, Test MAE norm: 0.0595755
Epoch: 436, LR: 0.000167, Loss: 0.0532212, Validation MAE: 5.0545402, Test MAE: 4.3709993, Test MAE norm: 0.0595785
Epoch: 445, LR: 0.000150, Loss: 0.0529729, Validation MAE: 5.0441208, Test MAE: 4.3681612, Test MAE norm: 0.0595398
Epoch: 446, LR: 0.000150, Loss: 0.0529662, Validation MAE: 5.0429435, Test MAE: 4.3736157, Test MAE norm: 0.0596142
Epoch: 448, LR: 0.000150, Loss: 0.0530403, Validation MAE: 4.9942598, Test MAE: 4.3527784, Test MAE norm: 0.0593302
Epoch: 458, LR: 0.000150, Loss: 0.0527975, Validation MAE: 5.0327954, Test MAE: 4.3524299, Test MAE norm: 0.0593254
Epoch: 462, LR: 0.000135, Loss: 0.0527350, Validation MAE: 5.0053663, Test MAE: 4.3442879, Test MAE norm: 0.0592144
Epoch: 463, LR: 0.000135, Loss: 0.0527069, Validation MAE: 4.9831800, Test MAE: 4.3332639, Test MAE norm: 0.0590642
Epoch: 473, LR: 0.000135, Loss: 0.0525270, Validation MAE: 5.0386224, Test MAE: 4.3187728, Test MAE norm: 0.0588666
Epoch: 474, LR: 0.000135, Loss: 0.0538178, Validation MAE: 5.0191865, Test MAE: 4.3308139, Test MAE norm: 0.0590308
Epoch: 478, LR: 0.000122, Loss: 0.0524427, Validation MAE: 5.0119424, Test MAE: 4.3142118, Test MAE norm: 0.0588045
Epoch: 479, LR: 0.000122, Loss: 0.0535532, Validation MAE: 5.0018220, Test MAE: 4.3231907, Test MAE norm: 0.0589269
Epoch: 489, LR: 0.000109, Loss: 0.0522996, Validation MAE: 4.9720693, Test MAE: 4.3166089, Test MAE norm: 0.0588372
Epoch: 495, LR: 0.000109, Loss: 0.0522597, Validation MAE: 4.9490304, Test MAE: 4.3142228, Test MAE norm: 0.0588046
Epoch: 505, LR: 0.000109, Loss: 0.0521903, Validation MAE: 4.9638877, Test MAE: 4.3034163, Test MAE norm: 0.0586573
Epoch: 515, LR: 0.000098, Loss: 0.0521625, Validation MAE: 4.9996309, Test MAE: 4.3010669, Test MAE norm: 0.0586253
Epoch: 516, LR: 0.000098, Loss: 0.0522158, Validation MAE: 4.9794855, Test MAE: 4.2971463, Test MAE norm: 0.0585719
Epoch: 521, LR: 0.000089, Loss: 0.0520133, Validation MAE: 4.9641037, Test MAE: 4.2951808, Test MAE norm: 0.0585451
Epoch: 528, LR: 0.000089, Loss: 0.0519157, Validation MAE: 4.9349747, Test MAE: 4.2884951, Test MAE norm: 0.0584540
Epoch: 538, LR: 0.000089, Loss: 0.0518379, Validation MAE: 4.9501762, Test MAE: 4.2977867, Test MAE norm: 0.0585806
Epoch: 539, LR: 0.000089, Loss: 0.0518499, Validation MAE: 4.9362125, Test MAE: 4.2917228, Test MAE norm: 0.0584979
Epoch: 549, LR: 0.000080, Loss: 0.0517204, Validation MAE: 4.9821076, Test MAE: 4.2961178, Test MAE norm: 0.0585579
Epoch: 557, LR: 0.000072, Loss: 0.0516837, Validation MAE: 4.9679518, Test MAE: 4.2879581, Test MAE norm: 0.0584466
Epoch: 567, LR: 0.000065, Loss: 0.0515985, Validation MAE: 4.9850078, Test MAE: 4.2890382, Test MAE norm: 0.0584614
Epoch: 577, LR: 0.000058, Loss: 0.0515052, Validation MAE: 5.0143538, Test MAE: 4.2978387, Test MAE norm: 0.0585813
Epoch: 580, LR: 0.000058, Loss: 0.0515133, Validation MAE: 4.9986949, Test MAE: 4.2923703, Test MAE norm: 0.0585068
Epoch: 581, LR: 0.000058, Loss: 0.0515022, Validation MAE: 4.9970479, Test MAE: 4.2921128, Test MAE norm: 0.0585033
Epoch: 591, LR: 0.000052, Loss: 0.0514413, Validation MAE: 5.0234179, Test MAE: 4.2960677, Test MAE norm: 0.0585572
Epoch: 592, LR: 0.000052, Loss: 0.0514263, Validation MAE: 5.0131159, Test MAE: 4.2916613, Test MAE norm: 0.0584971
Epoch: 593, LR: 0.000052, Loss: 0.0514192, Validation MAE: 5.0055308, Test MAE: 4.2886610, Test MAE norm: 0.0584562
Epoch: 594, LR: 0.000052, Loss: 0.0514074, Validation MAE: 5.0017233, Test MAE: 4.2882371, Test MAE norm: 0.0584504
Epoch: 601, LR: 0.000047, Loss: 0.0514048, Validation MAE: 5.0010586, Test MAE: 4.2873158, Test MAE norm: 0.0584379
Epoch: 602, LR: 0.000047, Loss: 0.0513833, Validation MAE: 4.9978189, Test MAE: 4.2838202, Test MAE norm: 0.0583902
Epoch: 612, LR: 0.000042, Loss: 0.0513315, Validation MAE: 5.0050478, Test MAE: 4.2859735, Test MAE norm: 0.0584196
Epoch: 622, LR: 0.000038, Loss: 0.0512816, Validation MAE: 5.0021291, Test MAE: 4.2821779, Test MAE norm: 0.0583678
Epoch: 623, LR: 0.000038, Loss: 0.0512817, Validation MAE: 4.9992695, Test MAE: 4.2806244, Test MAE norm: 0.0583467
Epoch: 633, LR: 0.000034, Loss: 0.0512342, Validation MAE: 5.0252914, Test MAE: 4.2881780, Test MAE norm: 0.0584496
Epoch: 634, LR: 0.000034, Loss: 0.0512348, Validation MAE: 5.0191274, Test MAE: 4.2857938, Test MAE norm: 0.0584171
Epoch: 635, LR: 0.000034, Loss: 0.0512148, Validation MAE: 5.0177493, Test MAE: 4.2848821, Test MAE norm: 0.0584047
Epoch: 636, LR: 0.000034, Loss: 0.0512485, Validation MAE: 5.0138755, Test MAE: 4.2831588, Test MAE norm: 0.0583812
Epoch: 637, LR: 0.000034, Loss: 0.0512194, Validation MAE: 5.0123811, Test MAE: 4.2815475, Test MAE norm: 0.0583593
Epoch: 647, LR: 0.000031, Loss: 0.0511796, Validation MAE: 5.0227475, Test MAE: 4.2845058, Test MAE norm: 0.0583996
Epoch: 648, LR: 0.000031, Loss: 0.0511796, Validation MAE: 5.0132699, Test MAE: 4.2821407, Test MAE norm: 0.0583673
Epoch: 649, LR: 0.000031, Loss: 0.0511916, Validation MAE: 5.0095296, Test MAE: 4.2804475, Test MAE norm: 0.0583443
Epoch: 650, LR: 0.000028, Loss: 0.0511828, Validation MAE: 5.0051351, Test MAE: 4.2793450, Test MAE norm: 0.0583292
Epoch: 651, LR: 0.000028, Loss: 0.0511708, Validation MAE: 5.0042362, Test MAE: 4.2789154, Test MAE norm: 0.0583234
Epoch: 652, LR: 0.000028, Loss: 0.0511697, Validation MAE: 5.0023851, Test MAE: 4.2782884, Test MAE norm: 0.0583148
Epoch: 653, LR: 0.000028, Loss: 0.0511706, Validation MAE: 5.0019050, Test MAE: 4.2786531, Test MAE norm: 0.0583198
Epoch: 663, LR: 0.000025, Loss: 0.0511282, Validation MAE: 5.0317535, Test MAE: 4.2881947, Test MAE norm: 0.0584499
Epoch: 664, LR: 0.000025, Loss: 0.0511415, Validation MAE: 5.0232911, Test MAE: 4.2857018, Test MAE norm: 0.0584159
Epoch: 665, LR: 0.000025, Loss: 0.0511170, Validation MAE: 5.0217381, Test MAE: 4.2832665, Test MAE norm: 0.0583827
Epoch: 666, LR: 0.000025, Loss: 0.0511434, Validation MAE: 5.0172253, Test MAE: 4.2812276, Test MAE norm: 0.0583549
Epoch: 667, LR: 0.000025, Loss: 0.0511382, Validation MAE: 5.0121613, Test MAE: 4.2810264, Test MAE norm: 0.0583522
Epoch: 669, LR: 0.000025, Loss: 0.0511317, Validation MAE: 5.0094953, Test MAE: 4.2805557, Test MAE norm: 0.0583457
Epoch: 670, LR: 0.000025, Loss: 0.0511163, Validation MAE: 5.0082207, Test MAE: 4.2791247, Test MAE norm: 0.0583262
Epoch: 680, LR: 0.000023, Loss: 0.0510840, Validation MAE: 5.0302248, Test MAE: 4.2862206, Test MAE norm: 0.0584229
Epoch: 681, LR: 0.000023, Loss: 0.0510728, Validation MAE: 5.0220003, Test MAE: 4.2837791, Test MAE norm: 0.0583897
Epoch: 682, LR: 0.000023, Loss: 0.0510751, Validation MAE: 5.0192633, Test MAE: 4.2827563, Test MAE norm: 0.0583757
Epoch: 683, LR: 0.000020, Loss: 0.0510560, Validation MAE: 5.0147948, Test MAE: 4.2800021, Test MAE norm: 0.0583382
Epoch: 684, LR: 0.000020, Loss: 0.0510739, Validation MAE: 5.0133877, Test MAE: 4.2794037, Test MAE norm: 0.0583300
Epoch: 685, LR: 0.000020, Loss: 0.0510840, Validation MAE: 5.0110946, Test MAE: 4.2789969, Test MAE norm: 0.0583245
Epoch: 687, LR: 0.000020, Loss: 0.0510808, Validation MAE: 5.0100846, Test MAE: 4.2774568, Test MAE norm: 0.0583035
Epoch: 697, LR: 0.000018, Loss: 0.0510393, Validation MAE: 5.0341649, Test MAE: 4.2852483, Test MAE norm: 0.0584097
Epoch: 698, LR: 0.000018, Loss: 0.0510200, Validation MAE: 5.0329547, Test MAE: 4.2855139, Test MAE norm: 0.0584133
Epoch: 699, LR: 0.000018, Loss: 0.0510319, Validation MAE: 5.0291753, Test MAE: 4.2831101, Test MAE norm: 0.0583806
Epoch: 700, LR: 0.000018, Loss: 0.0510315, Validation MAE: 5.0241079, Test MAE: 4.2824740, Test MAE norm: 0.0583719
Epoch: 701, LR: 0.000018, Loss: 0.0510314, Validation MAE: 5.0206394, Test MAE: 4.2811327, Test MAE norm: 0.0583536
Epoch: 702, LR: 0.000018, Loss: 0.0510149, Validation MAE: 5.0187755, Test MAE: 4.2802048, Test MAE norm: 0.0583410
Epoch: 703, LR: 0.000018, Loss: 0.0510098, Validation MAE: 5.0176578, Test MAE: 4.2798195, Test MAE norm: 0.0583357
Epoch: 704, LR: 0.000018, Loss: 0.0510333, Validation MAE: 5.0131469, Test MAE: 4.2788482, Test MAE norm: 0.0583225
Epoch: 714, LR: 0.000016, Loss: 0.0510143, Validation MAE: 5.0327282, Test MAE: 4.2848549, Test MAE norm: 0.0584043
Epoch: 719, LR: 0.000015, Loss: 0.0510053, Validation MAE: 5.0323377, Test MAE: 4.2857027, Test MAE norm: 0.0584159
Epoch: 720, LR: 0.000015, Loss: 0.0509898, Validation MAE: 5.0292640, Test MAE: 4.2838454, Test MAE norm: 0.0583906
Epoch: 721, LR: 0.000015, Loss: 0.0509918, Validation MAE: 5.0289946, Test MAE: 4.2828827, Test MAE norm: 0.0583775
Epoch: 722, LR: 0.000015, Loss: 0.0509752, Validation MAE: 5.0252118, Test MAE: 4.2815719, Test MAE norm: 0.0583596
Epoch: 724, LR: 0.000015, Loss: 0.0509821, Validation MAE: 5.0232921, Test MAE: 4.2807150, Test MAE norm: 0.0583479
Epoch: 725, LR: 0.000015, Loss: 0.0509808, Validation MAE: 5.0230341, Test MAE: 4.2807479, Test MAE norm: 0.0583484
Epoch: 735, LR: 0.000013, Loss: 0.0509878, Validation MAE: 5.0388746, Test MAE: 4.2850232, Test MAE norm: 0.0584066
Epoch: 736, LR: 0.000013, Loss: 0.0509806, Validation MAE: 5.0368218, Test MAE: 4.2852626, Test MAE norm: 0.0584099
Epoch: 737, LR: 0.000013, Loss: 0.0509690, Validation MAE: 5.0348411, Test MAE: 4.2847948, Test MAE norm: 0.0584035
Epoch: 743, LR: 0.000012, Loss: 0.0509617, Validation MAE: 5.0337882, Test MAE: 4.2833586, Test MAE norm: 0.0583839
Epoch: 744, LR: 0.000012, Loss: 0.0509637, Validation MAE: 5.0313721, Test MAE: 4.2832255, Test MAE norm: 0.0583821
Epoch: 745, LR: 0.000012, Loss: 0.0509508, Validation MAE: 5.0312114, Test MAE: 4.2830238, Test MAE norm: 0.0583794
Epoch: 747, LR: 0.000012, Loss: 0.0509543, Validation MAE: 5.0310431, Test MAE: 4.2830858, Test MAE norm: 0.0583802
Epoch: 757, LR: 0.000011, Loss: 0.0509403, Validation MAE: 5.0333037, Test MAE: 4.2838941, Test MAE norm: 0.0583912
Epoch: 763, LR: 0.000010, Loss: 0.0509041, Validation MAE: 5.0322242, Test MAE: 4.2828207, Test MAE norm: 0.0583766
Epoch: 764, LR: 0.000010, Loss: 0.0509139, Validation MAE: 5.0316200, Test MAE: 4.2832947, Test MAE norm: 0.0583831
Epoch: 774, LR: 0.000010, Loss: 0.0508938, Validation MAE: 5.0311089, Test MAE: 4.2822056, Test MAE norm: 0.0583682
Epoch: 775, LR: 0.000010, Loss: 0.0508932, Validation MAE: 5.0293026, Test MAE: 4.2822604, Test MAE norm: 0.0583690
Epoch: 776, LR: 0.000010, Loss: 0.0508912, Validation MAE: 5.0278959, Test MAE: 4.2818961, Test MAE norm: 0.0583640
Epoch: 777, LR: 0.000010, Loss: 0.0508916, Validation MAE: 5.0265417, Test MAE: 4.2803254, Test MAE norm: 0.0583426
Epoch: 778, LR: 0.000010, Loss: 0.0508861, Validation MAE: 5.0255241, Test MAE: 4.2801232, Test MAE norm: 0.0583398
Epoch: 780, LR: 0.000010, Loss: 0.0508974, Validation MAE: 5.0241661, Test MAE: 4.2797599, Test MAE norm: 0.0583349
Epoch: 790, LR: 0.000010, Loss: 0.0508792, Validation MAE: 5.0341740, Test MAE: 4.2824984, Test MAE norm: 0.0583722
Epoch: 794, LR: 0.000010, Loss: 0.0508719, Validation MAE: 5.0326996, Test MAE: 4.2827072, Test MAE norm: 0.0583751
Epoch: 795, LR: 0.000010, Loss: 0.0508673, Validation MAE: 5.0303283, Test MAE: 4.2830005, Test MAE norm: 0.0583791
Epoch: 796, LR: 0.000010, Loss: 0.0508717, Validation MAE: 5.0301609, Test MAE: 4.2821913, Test MAE norm: 0.0583680
Epoch: 799, LR: 0.000010, Loss: 0.0508798, Validation MAE: 5.0298424, Test MAE: 4.2821431, Test MAE norm: 0.0583674
Epoch: 800, LR: 0.000010, Loss: 0.0508562, Validation MAE: 5.0292072, Test MAE: 4.2811160, Test MAE norm: 0.0583534
Epoch: 810, LR: 0.000010, Loss: 0.0508564, Validation MAE: 5.0349903, Test MAE: 4.2825146, Test MAE norm: 0.0583724
Epoch: 811, LR: 0.000010, Loss: 0.0508515, Validation MAE: 5.0342216, Test MAE: 4.2823801, Test MAE norm: 0.0583706
Epoch: 812, LR: 0.000010, Loss: 0.0508476, Validation MAE: 5.0330281, Test MAE: 4.2814980, Test MAE norm: 0.0583586
Epoch: 813, LR: 0.000010, Loss: 0.0508616, Validation MAE: 5.0318112, Test MAE: 4.2814956, Test MAE norm: 0.0583585
Epoch: 814, LR: 0.000010, Loss: 0.0508490, Validation MAE: 5.0295968, Test MAE: 4.2804079, Test MAE norm: 0.0583437
Epoch: 818, LR: 0.000010, Loss: 0.0508528, Validation MAE: 5.0293736, Test MAE: 4.2806988, Test MAE norm: 0.0583477
Epoch: 827, LR: 0.000010, Loss: 0.0508114, Validation MAE: 5.0286489, Test MAE: 4.2806211, Test MAE norm: 0.0583466
Epoch: 828, LR: 0.000010, Loss: 0.0508224, Validation MAE: 5.0275693, Test MAE: 4.2805576, Test MAE norm: 0.0583458
Epoch: 829, LR: 0.000010, Loss: 0.0508260, Validation MAE: 5.0261464, Test MAE: 4.2787871, Test MAE norm: 0.0583216
Epoch: 839, LR: 0.000010, Loss: 0.0507994, Validation MAE: 5.0350928, Test MAE: 4.2819605, Test MAE norm: 0.0583649
Epoch: 841, LR: 0.000010, Loss: 0.0508283, Validation MAE: 5.0315514, Test MAE: 4.2807145, Test MAE norm: 0.0583479
Epoch: 842, LR: 0.000010, Loss: 0.0508159, Validation MAE: 5.0285649, Test MAE: 4.2789264, Test MAE norm: 0.0583235
Epoch: 843, LR: 0.000010, Loss: 0.0508122, Validation MAE: 5.0266619, Test MAE: 4.2789626, Test MAE norm: 0.0583240
Epoch: 844, LR: 0.000010, Loss: 0.0507925, Validation MAE: 5.0254765, Test MAE: 4.2786374, Test MAE norm: 0.0583196
Epoch: 845, LR: 0.000010, Loss: 0.0507915, Validation MAE: 5.0232773, Test MAE: 4.2795835, Test MAE norm: 0.0583325
Epoch: 847, LR: 0.000010, Loss: 0.0507985, Validation MAE: 5.0207267, Test MAE: 4.2782998, Test MAE norm: 0.0583150
Epoch: 857, LR: 0.000010, Loss: 0.0508163, Validation MAE: 5.0311370, Test MAE: 4.2806702, Test MAE norm: 0.0583473
Epoch: 858, LR: 0.000010, Loss: 0.0507880, Validation MAE: 5.0304670, Test MAE: 4.2797360, Test MAE norm: 0.0583346
Epoch: 859, LR: 0.000010, Loss: 0.0507977, Validation MAE: 5.0286913, Test MAE: 4.2785215, Test MAE norm: 0.0583180
Epoch: 860, LR: 0.000010, Loss: 0.0507633, Validation MAE: 5.0282135, Test MAE: 4.2793326, Test MAE norm: 0.0583291
Epoch: 870, LR: 0.000010, Loss: 0.0507649, Validation MAE: 5.0254846, Test MAE: 4.2784514, Test MAE norm: 0.0583171
Epoch: 871, LR: 0.000010, Loss: 0.0507525, Validation MAE: 5.0235972, Test MAE: 4.2778115, Test MAE norm: 0.0583083
Epoch: 873, LR: 0.000010, Loss: 0.0507662, Validation MAE: 5.0224514, Test MAE: 4.2772408, Test MAE norm: 0.0583006
Epoch: 874, LR: 0.000010, Loss: 0.0507530, Validation MAE: 5.0217481, Test MAE: 4.2769608, Test MAE norm: 0.0582967
Epoch: 884, LR: 0.000010, Loss: 0.0507442, Validation MAE: 5.0232425, Test MAE: 4.2772002, Test MAE norm: 0.0583000
Epoch: 885, LR: 0.000010, Loss: 0.0507312, Validation MAE: 5.0226541, Test MAE: 4.2757821, Test MAE norm: 0.0582807
Epoch: 887, LR: 0.000010, Loss: 0.0507574, Validation MAE: 5.0223427, Test MAE: 4.2768598, Test MAE norm: 0.0582954
Epoch: 888, LR: 0.000010, Loss: 0.0507677, Validation MAE: 5.0212593, Test MAE: 4.2760077, Test MAE norm: 0.0582837
Epoch: 898, LR: 0.000010, Loss: 0.0507305, Validation MAE: 5.0238152, Test MAE: 4.2767377, Test MAE norm: 0.0582937
Epoch: 899, LR: 0.000010, Loss: 0.0507185, Validation MAE: 5.0211248, Test MAE: 4.2758579, Test MAE norm: 0.0582817
Epoch: 900, LR: 0.000010, Loss: 0.0507194, Validation MAE: 5.0205469, Test MAE: 4.2747889, Test MAE norm: 0.0582671
Epoch: 902, LR: 0.000010, Loss: 0.0507329, Validation MAE: 5.0203567, Test MAE: 4.2759328, Test MAE norm: 0.0582827
Epoch: 909, LR: 0.000010, Loss: 0.0506981, Validation MAE: 5.0202966, Test MAE: 4.2740993, Test MAE norm: 0.0582577
Epoch: 910, LR: 0.000010, Loss: 0.0507138, Validation MAE: 5.0184040, Test MAE: 4.2736464, Test MAE norm: 0.0582516
Epoch: 911, LR: 0.000010, Loss: 0.0506961, Validation MAE: 5.0173860, Test MAE: 4.2727375, Test MAE norm: 0.0582392
Epoch: 921, LR: 0.000010, Loss: 0.0506853, Validation MAE: 5.0198388, Test MAE: 4.2732186, Test MAE norm: 0.0582457
Epoch: 922, LR: 0.000010, Loss: 0.0507124, Validation MAE: 5.0180864, Test MAE: 4.2726979, Test MAE norm: 0.0582386
Epoch: 928, LR: 0.000010, Loss: 0.0506895, Validation MAE: 5.0177622, Test MAE: 4.2720661, Test MAE norm: 0.0582300
Epoch: 931, LR: 0.000010, Loss: 0.0506593, Validation MAE: 5.0170884, Test MAE: 4.2712989, Test MAE norm: 0.0582196
Epoch: 933, LR: 0.000010, Loss: 0.0506760, Validation MAE: 5.0164971, Test MAE: 4.2715197, Test MAE norm: 0.0582226
Epoch: 934, LR: 0.000010, Loss: 0.0506755, Validation MAE: 5.0147181, Test MAE: 4.2697062, Test MAE norm: 0.0581979
Epoch: 942, LR: 0.000010, Loss: 0.0506434, Validation MAE: 5.0136490, Test MAE: 4.2696581, Test MAE norm: 0.0581972
Epoch: 943, LR: 0.000010, Loss: 0.0506459, Validation MAE: 5.0112743, Test MAE: 4.2696466, Test MAE norm: 0.0581970
Epoch: 944, LR: 0.000010, Loss: 0.0506582, Validation MAE: 5.0107188, Test MAE: 4.2687254, Test MAE norm: 0.0581845
Epoch: 945, LR: 0.000010, Loss: 0.0506521, Validation MAE: 5.0079017, Test MAE: 4.2675285, Test MAE norm: 0.0581682
Epoch: 946, LR: 0.000010, Loss: 0.0506282, Validation MAE: 5.0055361, Test MAE: 4.2671952, Test MAE norm: 0.0581636
Epoch: 947, LR: 0.000010, Loss: 0.0506319, Validation MAE: 5.0047126, Test MAE: 4.2669563, Test MAE norm: 0.0581604
Epoch: 948, LR: 0.000010, Loss: 0.0506455, Validation MAE: 5.0039058, Test MAE: 4.2670984, Test MAE norm: 0.0581623
Epoch: 958, LR: 0.000010, Loss: 0.0506141, Validation MAE: 5.0109334, Test MAE: 4.2685213, Test MAE norm: 0.0581817
Epoch: 959, LR: 0.000010, Loss: 0.0506049, Validation MAE: 5.0100217, Test MAE: 4.2671142, Test MAE norm: 0.0581625
Epoch: 960, LR: 0.000010, Loss: 0.0506283, Validation MAE: 5.0074410, Test MAE: 4.2670240, Test MAE norm: 0.0581613
Epoch: 961, LR: 0.000010, Loss: 0.0506218, Validation MAE: 5.0042434, Test MAE: 4.2648387, Test MAE norm: 0.0581315
Epoch: 962, LR: 0.000010, Loss: 0.0505865, Validation MAE: 5.0027094, Test MAE: 4.2649560, Test MAE norm: 0.0581331
Epoch: 972, LR: 0.000010, Loss: 0.0505898, Validation MAE: 5.0120921, Test MAE: 4.2679815, Test MAE norm: 0.0581743
Epoch: 973, LR: 0.000010, Loss: 0.0505982, Validation MAE: 5.0090795, Test MAE: 4.2651877, Test MAE norm: 0.0581363
Epoch: 974, LR: 0.000010, Loss: 0.0506093, Validation MAE: 5.0059128, Test MAE: 4.2654295, Test MAE norm: 0.0581396
Epoch: 975, LR: 0.000010, Loss: 0.0506039, Validation MAE: 5.0026083, Test MAE: 4.2623024, Test MAE norm: 0.0580969
Epoch: 985, LR: 0.000010, Loss: 0.0505933, Validation MAE: 5.0014644, Test MAE: 4.2643752, Test MAE norm: 0.0581252
Epoch: 986, LR: 0.000010, Loss: 0.0505560, Validation MAE: 4.9996567, Test MAE: 4.2628303, Test MAE norm: 0.0581041
Epoch: 992, LR: 0.000010, Loss: 0.0505641, Validation MAE: 4.9964886, Test MAE: 4.2607002, Test MAE norm: 0.0580751
Epoch: 1002, LR: 0.000010, Loss: 0.0505506, Validation MAE: 5.0077863, Test MAE: 4.2638469, Test MAE norm: 0.0581180
Epoch: 1003, LR: 0.000010, Loss: 0.0505522, Validation MAE: 5.0040059, Test MAE: 4.2636428, Test MAE norm: 0.0581152
Epoch: 1004, LR: 0.000010, Loss: 0.0505843, Validation MAE: 5.0022254, Test MAE: 4.2632852, Test MAE norm: 0.0581103
Epoch: 1005, LR: 0.000010, Loss: 0.0505733, Validation MAE: 4.9997869, Test MAE: 4.2619343, Test MAE norm: 0.0580919
Epoch: 1006, LR: 0.000010, Loss: 0.0505771, Validation MAE: 4.9991970, Test MAE: 4.2610626, Test MAE norm: 0.0580800
Epoch: 1008, LR: 0.000010, Loss: 0.0505494, Validation MAE: 4.9985771, Test MAE: 4.2613821, Test MAE norm: 0.0580844
Epoch: 1015, LR: 0.000010, Loss: 0.0505385, Validation MAE: 4.9958935, Test MAE: 4.2596254, Test MAE norm: 0.0580604
Epoch: 1025, LR: 0.000010, Loss: 0.0505250, Validation MAE: 5.0029855, Test MAE: 4.2633748, Test MAE norm: 0.0581116
Epoch: 1026, LR: 0.000010, Loss: 0.0505342, Validation MAE: 4.9989915, Test MAE: 4.2607546, Test MAE norm: 0.0580758
Epoch: 1027, LR: 0.000010, Loss: 0.0505375, Validation MAE: 4.9956241, Test MAE: 4.2590027, Test MAE norm: 0.0580520
Epoch: 1028, LR: 0.000010, Loss: 0.0505354, Validation MAE: 4.9956055, Test MAE: 4.2599263, Test MAE norm: 0.0580646
Epoch: 1038, LR: 0.000010, Loss: 0.0505113, Validation MAE: 4.9929762, Test MAE: 4.2596326, Test MAE norm: 0.0580605
Epoch: 1048, LR: 0.000010, Loss: 0.0504841, Validation MAE: 4.9970021, Test MAE: 4.2600698, Test MAE norm: 0.0580665
Epoch: 1057, LR: 0.000010, Loss: 0.0504718, Validation MAE: 4.9961843, Test MAE: 4.2603707, Test MAE norm: 0.0580706
Epoch: 1067, LR: 0.000010, Loss: 0.0504753, Validation MAE: 4.9992480, Test MAE: 4.2607641, Test MAE norm: 0.0580760
Epoch: 1068, LR: 0.000010, Loss: 0.0504637, Validation MAE: 4.9977889, Test MAE: 4.2612872, Test MAE norm: 0.0580831
Epoch: 1074, LR: 0.000010, Loss: 0.0504681, Validation MAE: 4.9975257, Test MAE: 4.2598329, Test MAE norm: 0.0580633
Epoch: 1081, LR: 0.000010, Loss: 0.0504516, Validation MAE: 4.9921832, Test MAE: 4.2579970, Test MAE norm: 0.0580383
Epoch: 1082, LR: 0.000010, Loss: 0.0504619, Validation MAE: 4.9911194, Test MAE: 4.2580366, Test MAE norm: 0.0580388
Epoch: 1092, LR: 0.000010, Loss: 0.0504224, Validation MAE: 5.0046196, Test MAE: 4.2628961, Test MAE norm: 0.0581050
Epoch: 1093, LR: 0.000010, Loss: 0.0504239, Validation MAE: 5.0044994, Test MAE: 4.2630134, Test MAE norm: 0.0581066
Epoch: 1094, LR: 0.000010, Loss: 0.0504355, Validation MAE: 5.0042272, Test MAE: 4.2629409, Test MAE norm: 0.0581056
Epoch: 1095, LR: 0.000010, Loss: 0.0504211, Validation MAE: 5.0037951, Test MAE: 4.2629862, Test MAE norm: 0.0581063
Epoch: 1096, LR: 0.000010, Loss: 0.0504133, Validation MAE: 5.0003591, Test MAE: 4.2618732, Test MAE norm: 0.0580911
Epoch: 1097, LR: 0.000010, Loss: 0.0504302, Validation MAE: 4.9985261, Test MAE: 4.2604322, Test MAE norm: 0.0580714
Epoch: 1098, LR: 0.000010, Loss: 0.0504268, Validation MAE: 4.9971619, Test MAE: 4.2596459, Test MAE norm: 0.0580607
Epoch: 1099, LR: 0.000010, Loss: 0.0504343, Validation MAE: 4.9934516, Test MAE: 4.2589741, Test MAE norm: 0.0580516
Epoch: 1109, LR: 0.000010, Loss: 0.0503989, Validation MAE: 5.0046372, Test MAE: 4.2623596, Test MAE norm: 0.0580977
Epoch: 1110, LR: 0.000010, Loss: 0.0503841, Validation MAE: 5.0011134, Test MAE: 4.2605519, Test MAE norm: 0.0580731
Epoch: 1111, LR: 0.000010, Loss: 0.0503923, Validation MAE: 4.9941607, Test MAE: 4.2590818, Test MAE norm: 0.0580530
Epoch: 1112, LR: 0.000010, Loss: 0.0503894, Validation MAE: 4.9919829, Test MAE: 4.2582097, Test MAE norm: 0.0580412
Epoch: 1122, LR: 0.000010, Loss: 0.0503902, Validation MAE: 5.0011668, Test MAE: 4.2620144, Test MAE norm: 0.0580930
Epoch: 1123, LR: 0.000010, Loss: 0.0503797, Validation MAE: 5.0008855, Test MAE: 4.2611089, Test MAE norm: 0.0580807
Epoch: 1124, LR: 0.000010, Loss: 0.0503930, Validation MAE: 4.9965920, Test MAE: 4.2586432, Test MAE norm: 0.0580471
Epoch: 1125, LR: 0.000010, Loss: 0.0503709, Validation MAE: 4.9948573, Test MAE: 4.2584872, Test MAE norm: 0.0580449
Epoch: 1135, LR: 0.000010, Loss: 0.0503343, Validation MAE: 5.0013313, Test MAE: 4.2614679, Test MAE norm: 0.0580856
Epoch: 1137, LR: 0.000010, Loss: 0.0503493, Validation MAE: 4.9994783, Test MAE: 4.2590737, Test MAE norm: 0.0580529
Epoch: 1138, LR: 0.000010, Loss: 0.0503547, Validation MAE: 4.9976091, Test MAE: 4.2584815, Test MAE norm: 0.0580449
Epoch: 1139, LR: 0.000010, Loss: 0.0503528, Validation MAE: 4.9967737, Test MAE: 4.2585988, Test MAE norm: 0.0580465
Epoch: 1144, LR: 0.000010, Loss: 0.0503489, Validation MAE: 4.9913869, Test MAE: 4.2575030, Test MAE norm: 0.0580315
Epoch: 1145, LR: 0.000010, Loss: 0.0503548, Validation MAE: 4.9913650, Test MAE: 4.2566090, Test MAE norm: 0.0580193
Epoch: 1155, LR: 0.000010, Loss: 0.0503116, Validation MAE: 4.9956112, Test MAE: 4.2582474, Test MAE norm: 0.0580417
Epoch: 1160, LR: 0.000010, Loss: 0.0503134, Validation MAE: 4.9935575, Test MAE: 4.2574682, Test MAE norm: 0.0580310
Epoch: 1165, LR: 0.000010, Loss: 0.0503283, Validation MAE: 4.9904137, Test MAE: 4.2559934, Test MAE norm: 0.0580109
Epoch: 1166, LR: 0.000010, Loss: 0.0503210, Validation MAE: 4.9890032, Test MAE: 4.2548404, Test MAE norm: 0.0579952
Epoch: 1176, LR: 0.000010, Loss: 0.0502695, Validation MAE: 5.0012302, Test MAE: 4.2582808, Test MAE norm: 0.0580421
Epoch: 1178, LR: 0.000010, Loss: 0.0502988, Validation MAE: 4.9986415, Test MAE: 4.2564993, Test MAE norm: 0.0580178
Epoch: 1179, LR: 0.000010, Loss: 0.0502888, Validation MAE: 4.9916520, Test MAE: 4.2540598, Test MAE norm: 0.0579846
Epoch: 1180, LR: 0.000010, Loss: 0.0502977, Validation MAE: 4.9825492, Test MAE: 4.2533112, Test MAE norm: 0.0579744
Epoch: 1190, LR: 0.000010, Loss: 0.0502670, Validation MAE: 5.0002470, Test MAE: 4.2563796, Test MAE norm: 0.0580162
Epoch: 1191, LR: 0.000010, Loss: 0.0502456, Validation MAE: 4.9959941, Test MAE: 4.2554970, Test MAE norm: 0.0580042
Epoch: 1192, LR: 0.000010, Loss: 0.0502618, Validation MAE: 4.9958229, Test MAE: 4.2549462, Test MAE norm: 0.0579967
Epoch: 1202, LR: 0.000010, Loss: 0.0502761, Validation MAE: 5.0008926, Test MAE: 4.2571778, Test MAE norm: 0.0580271
Epoch: 1203, LR: 0.000010, Loss: 0.0502708, Validation MAE: 4.9986691, Test MAE: 4.2561030, Test MAE norm: 0.0580124
Epoch: 1204, LR: 0.000010, Loss: 0.0502563, Validation MAE: 4.9961829, Test MAE: 4.2545738, Test MAE norm: 0.0579916
Epoch: 1205, LR: 0.000010, Loss: 0.0502631, Validation MAE: 4.9956307, Test MAE: 4.2539473, Test MAE norm: 0.0579831
Epoch: 1206, LR: 0.000010, Loss: 0.0502560, Validation MAE: 4.9921169, Test MAE: 4.2533951, Test MAE norm: 0.0579755
Epoch: 1207, LR: 0.000010, Loss: 0.0502421, Validation MAE: 4.9919391, Test MAE: 4.2533951, Test MAE norm: 0.0579755
Epoch: 1214, LR: 0.000010, Loss: 0.0502345, Validation MAE: 4.9894114, Test MAE: 4.2529507, Test MAE norm: 0.0579695
Epoch: 1224, LR: 0.000010, Loss: 0.0502250, Validation MAE: 4.9957490, Test MAE: 4.2538357, Test MAE norm: 0.0579815
Epoch: 1225, LR: 0.000010, Loss: 0.0502176, Validation MAE: 4.9935441, Test MAE: 4.2534280, Test MAE norm: 0.0579760
Epoch: 1227, LR: 0.000010, Loss: 0.0502153, Validation MAE: 4.9928169, Test MAE: 4.2527556, Test MAE norm: 0.0579668
Epoch: 1234, LR: 0.000010, Loss: 0.0501921, Validation MAE: 4.9921784, Test MAE: 4.2508740, Test MAE norm: 0.0579412
Epoch: 1239, LR: 0.000010, Loss: 0.0501944, Validation MAE: 4.9916911, Test MAE: 4.2517061, Test MAE norm: 0.0579525
Epoch: 1243, LR: 0.000010, Loss: 0.0501803, Validation MAE: 4.9889145, Test MAE: 4.2518654, Test MAE norm: 0.0579547
Epoch: 1244, LR: 0.000010, Loss: 0.0501792, Validation MAE: 4.9884119, Test MAE: 4.2505064, Test MAE norm: 0.0579362
Epoch: 1254, LR: 0.000010, Loss: 0.0501742, Validation MAE: 4.9990778, Test MAE: 4.2529931, Test MAE norm: 0.0579700
Epoch: 1255, LR: 0.000010, Loss: 0.0501410, Validation MAE: 4.9977260, Test MAE: 4.2517796, Test MAE norm: 0.0579535
Epoch: 1256, LR: 0.000010, Loss: 0.0501740, Validation MAE: 4.9917564, Test MAE: 4.2491751, Test MAE norm: 0.0579180
Epoch: 1257, LR: 0.000010, Loss: 0.0501600, Validation MAE: 4.9866037, Test MAE: 4.2476020, Test MAE norm: 0.0578966
Epoch: 1267, LR: 0.000010, Loss: 0.0501482, Validation MAE: 5.0001373, Test MAE: 4.2540054, Test MAE norm: 0.0579838
Epoch: 1268, LR: 0.000010, Loss: 0.0501526, Validation MAE: 4.9979305, Test MAE: 4.2530003, Test MAE norm: 0.0579701
Epoch: 1269, LR: 0.000010, Loss: 0.0501562, Validation MAE: 4.9949408, Test MAE: 4.2514100, Test MAE norm: 0.0579485
Epoch: 1270, LR: 0.000010, Loss: 0.0501366, Validation MAE: 4.9863029, Test MAE: 4.2483168, Test MAE norm: 0.0579063
Epoch: 1271, LR: 0.000010, Loss: 0.0501422, Validation MAE: 4.9807653, Test MAE: 4.2467146, Test MAE norm: 0.0578845
Epoch: 1281, LR: 0.000010, Loss: 0.0501131, Validation MAE: 4.9990897, Test MAE: 4.2528291, Test MAE norm: 0.0579678
Epoch: 1283, LR: 0.000010, Loss: 0.0501037, Validation MAE: 4.9972119, Test MAE: 4.2504988, Test MAE norm: 0.0579360
Epoch: 1284, LR: 0.000010, Loss: 0.0501174, Validation MAE: 4.9895802, Test MAE: 4.2470541, Test MAE norm: 0.0578891
Epoch: 1285, LR: 0.000010, Loss: 0.0501184, Validation MAE: 4.9831300, Test MAE: 4.2439728, Test MAE norm: 0.0578471
Epoch: 1292, LR: 0.000010, Loss: 0.0501060, Validation MAE: 4.9788485, Test MAE: 4.2429838, Test MAE norm: 0.0578336
Epoch: 1302, LR: 0.000010, Loss: 0.0500926, Validation MAE: 4.9845576, Test MAE: 4.2424431, Test MAE norm: 0.0578262
Epoch: 1309, LR: 0.000010, Loss: 0.0500783, Validation MAE: 4.9813952, Test MAE: 4.2428355, Test MAE norm: 0.0578316
Epoch: 1319, LR: 0.000010, Loss: 0.0500342, Validation MAE: 4.9999437, Test MAE: 4.2479978, Test MAE norm: 0.0579020
Epoch: 1320, LR: 0.000010, Loss: 0.0500631, Validation MAE: 4.9994488, Test MAE: 4.2491870, Test MAE norm: 0.0579182
Epoch: 1322, LR: 0.000010, Loss: 0.0500381, Validation MAE: 4.9958258, Test MAE: 4.2483206, Test MAE norm: 0.0579064
Epoch: 1323, LR: 0.000010, Loss: 0.0500480, Validation MAE: 4.9920225, Test MAE: 4.2449203, Test MAE norm: 0.0578600
Epoch: 1324, LR: 0.000010, Loss: 0.0500304, Validation MAE: 4.9864693, Test MAE: 4.2426486, Test MAE norm: 0.0578290
Epoch: 1326, LR: 0.000010, Loss: 0.0500277, Validation MAE: 4.9856124, Test MAE: 4.2435150, Test MAE norm: 0.0578409
Epoch: 1327, LR: 0.000010, Loss: 0.0500258, Validation MAE: 4.9854207, Test MAE: 4.2425218, Test MAE norm: 0.0578273
Epoch: 1334, LR: 0.000010, Loss: 0.0500227, Validation MAE: 4.9815998, Test MAE: 4.2397137, Test MAE norm: 0.0577890
Epoch: 1344, LR: 0.000010, Loss: 0.0499874, Validation MAE: 4.9961648, Test MAE: 4.2432594, Test MAE norm: 0.0578374
Epoch: 1348, LR: 0.000010, Loss: 0.0500202, Validation MAE: 4.9889832, Test MAE: 4.2411094, Test MAE norm: 0.0578081
Epoch: 1349, LR: 0.000010, Loss: 0.0500210, Validation MAE: 4.9807363, Test MAE: 4.2385559, Test MAE norm: 0.0577733
Epoch: 1357, LR: 0.000010, Loss: 0.0499866, Validation MAE: 4.9788923, Test MAE: 4.2380314, Test MAE norm: 0.0577661
Epoch: 1367, LR: 0.000010, Loss: 0.0499738, Validation MAE: 4.9870882, Test MAE: 4.2384467, Test MAE norm: 0.0577718
Epoch: 1375, LR: 0.000010, Loss: 0.0499796, Validation MAE: 4.9842825, Test MAE: 4.2369719, Test MAE norm: 0.0577517
Epoch: 1385, LR: 0.000010, Loss: 0.0499424, Validation MAE: 4.9963269, Test MAE: 4.2393909, Test MAE norm: 0.0577846
Epoch: 1386, LR: 0.000010, Loss: 0.0499595, Validation MAE: 4.9928727, Test MAE: 4.2375813, Test MAE norm: 0.0577600
Epoch: 1387, LR: 0.000010, Loss: 0.0499523, Validation MAE: 4.9867153, Test MAE: 4.2365460, Test MAE norm: 0.0577459
Epoch: 1388, LR: 0.000010, Loss: 0.0499363, Validation MAE: 4.9817572, Test MAE: 4.2346163, Test MAE norm: 0.0577196
Epoch: 1394, LR: 0.000010, Loss: 0.0499225, Validation MAE: 4.9795976, Test MAE: 4.2338896, Test MAE norm: 0.0577097
Epoch: 1402, LR: 0.000010, Loss: 0.0499067, Validation MAE: 4.9746943, Test MAE: 4.2311149, Test MAE norm: 0.0576718
Epoch: 1412, LR: 0.000010, Loss: 0.0498776, Validation MAE: 4.9915781, Test MAE: 4.2380967, Test MAE norm: 0.0577670
Epoch: 1414, LR: 0.000010, Loss: 0.0499080, Validation MAE: 4.9866929, Test MAE: 4.2352204, Test MAE norm: 0.0577278
Epoch: 1415, LR: 0.000010, Loss: 0.0498866, Validation MAE: 4.9782138, Test MAE: 4.2330766, Test MAE norm: 0.0576986
Epoch: 1416, LR: 0.000010, Loss: 0.0498725, Validation MAE: 4.9773908, Test MAE: 4.2325850, Test MAE norm: 0.0576919
Epoch: 1426, LR: 0.000010, Loss: 0.0498386, Validation MAE: 4.9903083, Test MAE: 4.2350674, Test MAE norm: 0.0577257
Epoch: 1427, LR: 0.000010, Loss: 0.0498411, Validation MAE: 4.9882731, Test MAE: 4.2351193, Test MAE norm: 0.0577264
Epoch: 1428, LR: 0.000010, Loss: 0.0498693, Validation MAE: 4.9840364, Test MAE: 4.2327456, Test MAE norm: 0.0576941
Epoch: 1429, LR: 0.000010, Loss: 0.0498430, Validation MAE: 4.9796405, Test MAE: 4.2300920, Test MAE norm: 0.0576579
Epoch: 1430, LR: 0.000010, Loss: 0.0498500, Validation MAE: 4.9794207, Test MAE: 4.2306452, Test MAE norm: 0.0576654
Epoch: 1436, LR: 0.000010, Loss: 0.0498419, Validation MAE: 4.9787521, Test MAE: 4.2303033, Test MAE norm: 0.0576608
Epoch: 1437, LR: 0.000010, Loss: 0.0498253, Validation MAE: 4.9746089, Test MAE: 4.2292366, Test MAE norm: 0.0576462
Epoch: 1444, LR: 0.000010, Loss: 0.0498479, Validation MAE: 4.9741106, Test MAE: 4.2302814, Test MAE norm: 0.0576605
Epoch: 1445, LR: 0.000010, Loss: 0.0498425, Validation MAE: 4.9691887, Test MAE: 4.2285619, Test MAE norm: 0.0576370
Epoch: 1452, LR: 0.000010, Loss: 0.0498387, Validation MAE: 4.9677005, Test MAE: 4.2281532, Test MAE norm: 0.0576315
Epoch: 1462, LR: 0.000010, Loss: 0.0497958, Validation MAE: 4.9806733, Test MAE: 4.2316489, Test MAE norm: 0.0576791
Epoch: 1467, LR: 0.000010, Loss: 0.0498059, Validation MAE: 4.9773769, Test MAE: 4.2294245, Test MAE norm: 0.0576488
Epoch: 1476, LR: 0.000010, Loss: 0.0497706, Validation MAE: 4.9769502, Test MAE: 4.2288756, Test MAE norm: 0.0576413
Epoch: 1480, LR: 0.000010, Loss: 0.0497448, Validation MAE: 4.9749403, Test MAE: 4.2294173, Test MAE norm: 0.0576487
Epoch: 1481, LR: 0.000010, Loss: 0.0497545, Validation MAE: 4.9725065, Test MAE: 4.2284331, Test MAE norm: 0.0576353
Epoch: 1487, LR: 0.000010, Loss: 0.0497430, Validation MAE: 4.9719777, Test MAE: 4.2255015, Test MAE norm: 0.0575953
Epoch: 1497, LR: 0.000010, Loss: 0.0497530, Validation MAE: 4.9826655, Test MAE: 4.2281365, Test MAE norm: 0.0576312
Epoch: 1498, LR: 0.000010, Loss: 0.0497320, Validation MAE: 4.9736733, Test MAE: 4.2265782, Test MAE norm: 0.0576100
Epoch: 1499, LR: 0.000010, Loss: 0.0497575, Validation MAE: 4.9715147, Test MAE: 4.2249346, Test MAE norm: 0.0575876
Epoch: 1505, LR: 0.000010, Loss: 0.0497253, Validation MAE: 4.9709563, Test MAE: 4.2247391, Test MAE norm: 0.0575849
Epoch: 1511, LR: 0.000010, Loss: 0.0497106, Validation MAE: 4.9702921, Test MAE: 4.2243490, Test MAE norm: 0.0575796
Epoch: 1518, LR: 0.000010, Loss: 0.0496903, Validation MAE: 4.9656034, Test MAE: 4.2207165, Test MAE norm: 0.0575301
Epoch: 1525, LR: 0.000010, Loss: 0.0496915, Validation MAE: 4.9653740, Test MAE: 4.2176228, Test MAE norm: 0.0574879
Epoch: 1530, LR: 0.000010, Loss: 0.0496820, Validation MAE: 4.9503870, Test MAE: 4.2178149, Test MAE norm: 0.0574906
Epoch: 1531, LR: 0.000010, Loss: 0.0496641, Validation MAE: 4.9364810, Test MAE: 4.2126799, Test MAE norm: 0.0574206
Epoch: 1532, LR: 0.000010, Loss: 0.0497045, Validation MAE: 4.9359455, Test MAE: 4.2119522, Test MAE norm: 0.0574106
Epoch: 1542, LR: 0.000010, Loss: 0.0496622, Validation MAE: 4.9663863, Test MAE: 4.2200904, Test MAE norm: 0.0575216
Epoch: 1551, LR: 0.000010, Loss: 0.0496714, Validation MAE: 4.9552426, Test MAE: 4.2140956, Test MAE norm: 0.0574399
Epoch: 1552, LR: 0.000010, Loss: 0.0496766, Validation MAE: 4.9533138, Test MAE: 4.2127471, Test MAE norm: 0.0574215
Epoch: 1562, LR: 0.000010, Loss: 0.0496411, Validation MAE: 4.9739723, Test MAE: 4.2217674, Test MAE norm: 0.0575444
Epoch: 1563, LR: 0.000010, Loss: 0.0496341, Validation MAE: 4.9557219, Test MAE: 4.2168026, Test MAE norm: 0.0574768
Epoch: 1564, LR: 0.000010, Loss: 0.0496393, Validation MAE: 4.9469204, Test MAE: 4.2130198, Test MAE norm: 0.0574252
Epoch: 1574, LR: 0.000010, Loss: 0.0496180, Validation MAE: 4.9766092, Test MAE: 4.2201247, Test MAE norm: 0.0575220
Epoch: 1580, LR: 0.000010, Loss: 0.0496120, Validation MAE: 4.9629846, Test MAE: 4.2166018, Test MAE norm: 0.0574740
Epoch: 1581, LR: 0.000010, Loss: 0.0495857, Validation MAE: 4.9473124, Test MAE: 4.2095728, Test MAE norm: 0.0573782
Epoch: 1587, LR: 0.000010, Loss: 0.0496193, Validation MAE: 4.9356327, Test MAE: 4.2107463, Test MAE norm: 0.0573942
Epoch: 1588, LR: 0.000010, Loss: 0.0496244, Validation MAE: 4.9319987, Test MAE: 4.2087121, Test MAE norm: 0.0573665
Epoch: 1598, LR: 0.000010, Loss: 0.0495499, Validation MAE: 4.9691715, Test MAE: 4.2172031, Test MAE norm: 0.0574822
Epoch: 1601, LR: 0.000010, Loss: 0.0495669, Validation MAE: 4.9599905, Test MAE: 4.2104855, Test MAE norm: 0.0573906
Epoch: 1605, LR: 0.000010, Loss: 0.0495752, Validation MAE: 4.9569616, Test MAE: 4.2121987, Test MAE norm: 0.0574140
Epoch: 1606, LR: 0.000010, Loss: 0.0495617, Validation MAE: 4.9497199, Test MAE: 4.2096500, Test MAE norm: 0.0573793
Epoch: 1616, LR: 0.000010, Loss: 0.0495576, Validation MAE: 4.9623003, Test MAE: 4.2134004, Test MAE norm: 0.0574304
Epoch: 1617, LR: 0.000010, Loss: 0.0495261, Validation MAE: 4.9384627, Test MAE: 4.2054358, Test MAE norm: 0.0573218
Epoch: 1618, LR: 0.000010, Loss: 0.0495383, Validation MAE: 4.9299397, Test MAE: 4.2007332, Test MAE norm: 0.0572577
Epoch: 1624, LR: 0.000010, Loss: 0.0495647, Validation MAE: 4.9293904, Test MAE: 4.2069888, Test MAE norm: 0.0573430
Epoch: 1625, LR: 0.000010, Loss: 0.0495492, Validation MAE: 4.9141316, Test MAE: 4.2005577, Test MAE norm: 0.0572553
Epoch: 1626, LR: 0.000010, Loss: 0.0495519, Validation MAE: 4.9066749, Test MAE: 4.1974506, Test MAE norm: 0.0572130
Epoch: 1636, LR: 0.000010, Loss: 0.0495487, Validation MAE: 4.9353228, Test MAE: 4.1998019, Test MAE norm: 0.0572450
Epoch: 1643, LR: 0.000010, Loss: 0.0495298, Validation MAE: 4.9226522, Test MAE: 4.1967974, Test MAE norm: 0.0572041
Epoch: 1644, LR: 0.000010, Loss: 0.0495442, Validation MAE: 4.9215508, Test MAE: 4.1950727, Test MAE norm: 0.0571806
Epoch: 1652, LR: 0.000010, Loss: 0.0495199, Validation MAE: 4.9126196, Test MAE: 4.1933966, Test MAE norm: 0.0571577
Epoch: 1653, LR: 0.000010, Loss: 0.0495394, Validation MAE: 4.9106164, Test MAE: 4.1927528, Test MAE norm: 0.0571489
Epoch: 1663, LR: 0.000010, Loss: 0.0494638, Validation MAE: 4.9651022, Test MAE: 4.2101903, Test MAE norm: 0.0573866
Epoch: 1664, LR: 0.000010, Loss: 0.0494643, Validation MAE: 4.9525814, Test MAE: 4.2069926, Test MAE norm: 0.0573430
Epoch: 1665, LR: 0.000010, Loss: 0.0494777, Validation MAE: 4.9406209, Test MAE: 4.2006536, Test MAE norm: 0.0572566
Epoch: 1666, LR: 0.000010, Loss: 0.0494791, Validation MAE: 4.9350586, Test MAE: 4.1987729, Test MAE norm: 0.0572310
Epoch: 1676, LR: 0.000010, Loss: 0.0494901, Validation MAE: 4.9736481, Test MAE: 4.2114568, Test MAE norm: 0.0574039
Epoch: 1677, LR: 0.000010, Loss: 0.0494623, Validation MAE: 4.9462748, Test MAE: 4.2030234, Test MAE norm: 0.0572889
Epoch: 1678, LR: 0.000010, Loss: 0.0494336, Validation MAE: 4.9297295, Test MAE: 4.1958427, Test MAE norm: 0.0571911
Epoch: 1679, LR: 0.000010, Loss: 0.0494539, Validation MAE: 4.9214807, Test MAE: 4.1932325, Test MAE norm: 0.0571555
Epoch: 1685, LR: 0.000010, Loss: 0.0494650, Validation MAE: 4.9169641, Test MAE: 4.1940479, Test MAE norm: 0.0571666
Epoch: 1686, LR: 0.000010, Loss: 0.0494607, Validation MAE: 4.8973718, Test MAE: 4.1843376, Test MAE norm: 0.0570342
Epoch: 1687, LR: 0.000010, Loss: 0.0494942, Validation MAE: 4.8850770, Test MAE: 4.1818213, Test MAE norm: 0.0569999
Epoch: 1697, LR: 0.000010, Loss: 0.0494966, Validation MAE: 4.9521880, Test MAE: 4.1991987, Test MAE norm: 0.0572368
Epoch: 1701, LR: 0.000010, Loss: 0.0494195, Validation MAE: 4.9373236, Test MAE: 4.1958175, Test MAE norm: 0.0571907
Epoch: 1702, LR: 0.000010, Loss: 0.0494132, Validation MAE: 4.9230199, Test MAE: 4.1904097, Test MAE norm: 0.0571170
Epoch: 1709, LR: 0.000010, Loss: 0.0494229, Validation MAE: 4.9187622, Test MAE: 4.1927099, Test MAE norm: 0.0571484
Epoch: 1719, LR: 0.000010, Loss: 0.0494161, Validation MAE: 4.9664249, Test MAE: 4.2035227, Test MAE norm: 0.0572957
Epoch: 1722, LR: 0.000010, Loss: 0.0494464, Validation MAE: 4.9661283, Test MAE: 4.2029419, Test MAE norm: 0.0572878
Epoch: 1723, LR: 0.000010, Loss: 0.0494371, Validation MAE: 4.9343724, Test MAE: 4.1925259, Test MAE norm: 0.0571459
Epoch: 1724, LR: 0.000010, Loss: 0.0493780, Validation MAE: 4.9155388, Test MAE: 4.1850219, Test MAE norm: 0.0570436
Epoch: 1725, LR: 0.000010, Loss: 0.0494053, Validation MAE: 4.9147682, Test MAE: 4.1823950, Test MAE norm: 0.0570078
Epoch: 1732, LR: 0.000010, Loss: 0.0493953, Validation MAE: 4.8993473, Test MAE: 4.1822991, Test MAE norm: 0.0570065
Epoch: 1733, LR: 0.000010, Loss: 0.0494198, Validation MAE: 4.8911824, Test MAE: 4.1785059, Test MAE norm: 0.0569548
Epoch: 1743, LR: 0.000010, Loss: 0.0494566, Validation MAE: 4.9449515, Test MAE: 4.1905046, Test MAE norm: 0.0571183
Epoch: 1748, LR: 0.000010, Loss: 0.0494123, Validation MAE: 4.9308729, Test MAE: 4.1939926, Test MAE norm: 0.0571658
Epoch: 1749, LR: 0.000010, Loss: 0.0493447, Validation MAE: 4.9044943, Test MAE: 4.1844983, Test MAE norm: 0.0570364
Epoch: 1750, LR: 0.000010, Loss: 0.0493901, Validation MAE: 4.8861909, Test MAE: 4.1780958, Test MAE norm: 0.0569492
Epoch: 1751, LR: 0.000010, Loss: 0.0493972, Validation MAE: 4.8833508, Test MAE: 4.1768966, Test MAE norm: 0.0569328
Epoch: 1761, LR: 0.000010, Loss: 0.0493565, Validation MAE: 4.9362807, Test MAE: 4.1907301, Test MAE norm: 0.0571214
Epoch: 1766, LR: 0.000010, Loss: 0.0493442, Validation MAE: 4.9219627, Test MAE: 4.1857529, Test MAE norm: 0.0570535
Epoch: 1767, LR: 0.000010, Loss: 0.0493249, Validation MAE: 4.9056015, Test MAE: 4.1786275, Test MAE norm: 0.0569564
Epoch: 1768, LR: 0.000010, Loss: 0.0493757, Validation MAE: 4.9005384, Test MAE: 4.1747417, Test MAE norm: 0.0569034
Epoch: 1776, LR: 0.000010, Loss: 0.0493348, Validation MAE: 4.8779702, Test MAE: 4.1687775, Test MAE norm: 0.0568222
Epoch: 1786, LR: 0.000010, Loss: 0.0493525, Validation MAE: 4.8870215, Test MAE: 4.1742496, Test MAE norm: 0.0568967
Epoch: 1796, LR: 0.000010, Loss: 0.0492923, Validation MAE: 4.9577198, Test MAE: 4.1944680, Test MAE norm: 0.0571723
Epoch: 1797, LR: 0.000010, Loss: 0.0493108, Validation MAE: 4.9504318, Test MAE: 4.1922812, Test MAE norm: 0.0571425
Epoch: 1798, LR: 0.000010, Loss: 0.0492738, Validation MAE: 4.9426026, Test MAE: 4.1879110, Test MAE norm: 0.0570830
Epoch: 1799, LR: 0.000010, Loss: 0.0492849, Validation MAE: 4.9224234, Test MAE: 4.1810141, Test MAE norm: 0.0569889
Epoch: 1800, LR: 0.000010, Loss: 0.0492858, Validation MAE: 4.9142017, Test MAE: 4.1777906, Test MAE norm: 0.0569450
Epoch: 1806, LR: 0.000010, Loss: 0.0492629, Validation MAE: 4.9083428, Test MAE: 4.1797071, Test MAE norm: 0.0569711
Epoch: 1807, LR: 0.000010, Loss: 0.0492606, Validation MAE: 4.9000683, Test MAE: 4.1767721, Test MAE norm: 0.0569311
Epoch: 1817, LR: 0.000010, Loss: 0.0492705, Validation MAE: 4.9466524, Test MAE: 4.1893458, Test MAE norm: 0.0571025
Epoch: 1820, LR: 0.000010, Loss: 0.0492521, Validation MAE: 4.9375820, Test MAE: 4.1864061, Test MAE norm: 0.0570624
Epoch: 1821, LR: 0.000010, Loss: 0.0492410, Validation MAE: 4.9214339, Test MAE: 4.1796660, Test MAE norm: 0.0569706
Epoch: 1822, LR: 0.000010, Loss: 0.0492611, Validation MAE: 4.9111204, Test MAE: 4.1756706, Test MAE norm: 0.0569161
Epoch: 1823, LR: 0.000010, Loss: 0.0492501, Validation MAE: 4.9098077, Test MAE: 4.1745601, Test MAE norm: 0.0569010
Epoch: 1829, LR: 0.000010, Loss: 0.0492429, Validation MAE: 4.9019175, Test MAE: 4.1742868, Test MAE norm: 0.0568972
Epoch: 1830, LR: 0.000010, Loss: 0.0492719, Validation MAE: 4.8899541, Test MAE: 4.1686745, Test MAE norm: 0.0568208
Epoch: 1831, LR: 0.000010, Loss: 0.0492813, Validation MAE: 4.8851299, Test MAE: 4.1670356, Test MAE norm: 0.0567984
Epoch: 1841, LR: 0.000010, Loss: 0.0492337, Validation MAE: 4.9474626, Test MAE: 4.1848445, Test MAE norm: 0.0570412
Epoch: 1842, LR: 0.000010, Loss: 0.0492286, Validation MAE: 4.9365110, Test MAE: 4.1819463, Test MAE norm: 0.0570017
Epoch: 1843, LR: 0.000010, Loss: 0.0492201, Validation MAE: 4.9217730, Test MAE: 4.1766949, Test MAE norm: 0.0569301
Epoch: 1844, LR: 0.000010, Loss: 0.0492185, Validation MAE: 4.9144092, Test MAE: 4.1738181, Test MAE norm: 0.0568909
Epoch: 1854, LR: 0.000010, Loss: 0.0492150, Validation MAE: 4.9276495, Test MAE: 4.1780939, Test MAE norm: 0.0569491
Epoch: 1855, LR: 0.000010, Loss: 0.0492004, Validation MAE: 4.9134860, Test MAE: 4.1724796, Test MAE norm: 0.0568726
Epoch: 1856, LR: 0.000010, Loss: 0.0492135, Validation MAE: 4.9034424, Test MAE: 4.1695576, Test MAE norm: 0.0568328
Epoch: 1862, LR: 0.000010, Loss: 0.0491859, Validation MAE: 4.9024601, Test MAE: 4.1707883, Test MAE norm: 0.0568496
Epoch: 1863, LR: 0.000010, Loss: 0.0491903, Validation MAE: 4.8853993, Test MAE: 4.1663589, Test MAE norm: 0.0567892
Epoch: 1864, LR: 0.000010, Loss: 0.0492066, Validation MAE: 4.8825150, Test MAE: 4.1651077, Test MAE norm: 0.0567721
Epoch: 1874, LR: 0.000010, Loss: 0.0491828, Validation MAE: 4.9510427, Test MAE: 4.1839242, Test MAE norm: 0.0570286
Epoch: 1875, LR: 0.000010, Loss: 0.0492053, Validation MAE: 4.9424953, Test MAE: 4.1810551, Test MAE norm: 0.0569895
Epoch: 1876, LR: 0.000010, Loss: 0.0491755, Validation MAE: 4.9290333, Test MAE: 4.1762552, Test MAE norm: 0.0569241
Epoch: 1877, LR: 0.000010, Loss: 0.0491663, Validation MAE: 4.9170117, Test MAE: 4.1716075, Test MAE norm: 0.0568607
Epoch: 1878, LR: 0.000010, Loss: 0.0491652, Validation MAE: 4.9118147, Test MAE: 4.1702733, Test MAE norm: 0.0568425
Epoch: 1885, LR: 0.000010, Loss: 0.0491456, Validation MAE: 4.8951793, Test MAE: 4.1647525, Test MAE norm: 0.0567673
Epoch: 1886, LR: 0.000010, Loss: 0.0491816, Validation MAE: 4.8777843, Test MAE: 4.1580811, Test MAE norm: 0.0566764
Epoch: 1894, LR: 0.000010, Loss: 0.0491799, Validation MAE: 4.8721061, Test MAE: 4.1576738, Test MAE norm: 0.0566708
Epoch: 1904, LR: 0.000010, Loss: 0.0491079, Validation MAE: 4.9404449, Test MAE: 4.1782489, Test MAE norm: 0.0569513
Epoch: 1907, LR: 0.000010, Loss: 0.0491002, Validation MAE: 4.9290557, Test MAE: 4.1729336, Test MAE norm: 0.0568788
Epoch: 1908, LR: 0.000010, Loss: 0.0491110, Validation MAE: 4.9122539, Test MAE: 4.1648440, Test MAE norm: 0.0567685
Epoch: 1914, LR: 0.000010, Loss: 0.0491377, Validation MAE: 4.9059687, Test MAE: 4.1671643, Test MAE norm: 0.0568002
Epoch: 1915, LR: 0.000010, Loss: 0.0491311, Validation MAE: 4.9035239, Test MAE: 4.1673226, Test MAE norm: 0.0568023
Epoch: 1925, LR: 0.000010, Loss: 0.0491107, Validation MAE: 4.9350562, Test MAE: 4.1768880, Test MAE norm: 0.0569327
Epoch: 1926, LR: 0.000010, Loss: 0.0491099, Validation MAE: 4.9225898, Test MAE: 4.1725249, Test MAE norm: 0.0568732
Epoch: 1927, LR: 0.000010, Loss: 0.0490964, Validation MAE: 4.9100938, Test MAE: 4.1666412, Test MAE norm: 0.0567930
Epoch: 1928, LR: 0.000010, Loss: 0.0491065, Validation MAE: 4.9009309, Test MAE: 4.1631312, Test MAE norm: 0.0567452
Epoch: 1929, LR: 0.000010, Loss: 0.0490862, Validation MAE: 4.9001122, Test MAE: 4.1642518, Test MAE norm: 0.0567605
Epoch: 1939, LR: 0.000010, Loss: 0.0490865, Validation MAE: 4.9236116, Test MAE: 4.1682096, Test MAE norm: 0.0568144
Epoch: 1940, LR: 0.000010, Loss: 0.0490678, Validation MAE: 4.9069510, Test MAE: 4.1626039, Test MAE norm: 0.0567380
Epoch: 1945, LR: 0.000010, Loss: 0.0490624, Validation MAE: 4.8980055, Test MAE: 4.1621642, Test MAE norm: 0.0567320
Epoch: 1946, LR: 0.000010, Loss: 0.0490863, Validation MAE: 4.8919764, Test MAE: 4.1602674, Test MAE norm: 0.0567062
Epoch: 1956, LR: 0.000010, Loss: 0.0490560, Validation MAE: 4.9469824, Test MAE: 4.1746693, Test MAE norm: 0.0569025
Epoch: 1959, LR: 0.000010, Loss: 0.0490994, Validation MAE: 4.9454541, Test MAE: 4.1753240, Test MAE norm: 0.0569114
Epoch: 1960, LR: 0.000010, Loss: 0.0490721, Validation MAE: 4.9129510, Test MAE: 4.1630511, Test MAE norm: 0.0567441
Epoch: 1961, LR: 0.000010, Loss: 0.0490531, Validation MAE: 4.8939414, Test MAE: 4.1550255, Test MAE norm: 0.0566347
Epoch: 1968, LR: 0.000010, Loss: 0.0490566, Validation MAE: 4.8903489, Test MAE: 4.1577172, Test MAE norm: 0.0566714
Epoch: 1978, LR: 0.000010, Loss: 0.0489961, Validation MAE: 4.9340205, Test MAE: 4.1679792, Test MAE norm: 0.0568113
Epoch: 1980, LR: 0.000010, Loss: 0.0490233, Validation MAE: 4.9325771, Test MAE: 4.1681275, Test MAE norm: 0.0568133
Epoch: 1981, LR: 0.000010, Loss: 0.0490285, Validation MAE: 4.9236655, Test MAE: 4.1654663, Test MAE norm: 0.0567770
Epoch: 1982, LR: 0.000010, Loss: 0.0490080, Validation MAE: 4.9091973, Test MAE: 4.1588292, Test MAE norm: 0.0566866
Epoch: 1987, LR: 0.000010, Loss: 0.0490023, Validation MAE: 4.8984361, Test MAE: 4.1590219, Test MAE norm: 0.0566892
Epoch: 1988, LR: 0.000010, Loss: 0.0490063, Validation MAE: 4.8918171, Test MAE: 4.1578374, Test MAE norm: 0.0566730
Epoch: 1998, LR: 0.000010, Loss: 0.0489941, Validation MAE: 4.9438248, Test MAE: 4.1699562, Test MAE norm: 0.0568382
Epoch: 1999, LR: 0.000010, Loss: 0.0490183, Validation MAE: 4.9413915, Test MAE: 4.1689649, Test MAE norm: 0.0568247
Epoch: 2000, LR: 0.000010, Loss: 0.0489950, Validation MAE: 4.9205527, Test MAE: 4.1624203, Test MAE norm: 0.0567355
Epoch: 2000, LR: 0.000010, Loss: 0.0489950, Validation MAE: 4.9205527, Test MAE: 4.1624203, Test MAE norm: 0.0567355