Command line input: python run_count.py --batch_size 256 --target 5 --model PPGN --h 3 --seed 1 --epoch 2000 --dataset easy-1
Mean = 12.027, Std = 49.808
Using PPGN model

Epoch: 001, LR: 0.001000, Loss: 0.8055587, Validation MAE: 51.4615936, Test MAE: 52.5452652, Test MAE norm: 1.0549616
Epoch: 002, LR: 0.001000, Loss: 0.9899966, Validation MAE: 28.4664536, Test MAE: 29.4675789, Test MAE norm: 0.5916263
Epoch: 003, LR: 0.001000, Loss: 0.5395766, Validation MAE: 20.6394005, Test MAE: 23.9730110, Test MAE norm: 0.4813108
Epoch: 004, LR: 0.001000, Loss: 0.4033597, Validation MAE: 18.7171669, Test MAE: 21.6359329, Test MAE norm: 0.4343888
Epoch: 005, LR: 0.001000, Loss: 0.3684177, Validation MAE: 9.0952711, Test MAE: 11.8055258, Test MAE norm: 0.2370218
Epoch: 008, LR: 0.001000, Loss: 0.2837135, Validation MAE: 6.3012691, Test MAE: 8.7476187, Test MAE norm: 0.1756276
Epoch: 010, LR: 0.001000, Loss: 0.2310696, Validation MAE: 6.1793962, Test MAE: 8.4723969, Test MAE norm: 0.1701020
Epoch: 017, LR: 0.001000, Loss: 0.2307396, Validation MAE: 5.3457189, Test MAE: 7.1244287, Test MAE norm: 0.1430385
Epoch: 027, LR: 0.001000, Loss: 0.1842642, Validation MAE: 9.5730038, Test MAE: 11.7942533, Test MAE norm: 0.2367955
Epoch: 028, LR: 0.001000, Loss: 0.2001449, Validation MAE: 8.1883507, Test MAE: 9.5582504, Test MAE norm: 0.1919029
Epoch: 029, LR: 0.000900, Loss: 0.1627844, Validation MAE: 5.1316867, Test MAE: 6.1763620, Test MAE norm: 0.1240040
Epoch: 032, LR: 0.000900, Loss: 0.1354648, Validation MAE: 3.9659793, Test MAE: 5.6435680, Test MAE norm: 0.1133070
Epoch: 041, LR: 0.000900, Loss: 0.1307411, Validation MAE: 3.5858812, Test MAE: 4.9208360, Test MAE norm: 0.0987966
Epoch: 044, LR: 0.000900, Loss: 0.1204090, Validation MAE: 3.5776262, Test MAE: 4.9567208, Test MAE norm: 0.0995170
Epoch: 046, LR: 0.000900, Loss: 0.0956136, Validation MAE: 3.1731737, Test MAE: 4.3338790, Test MAE norm: 0.0870121
Epoch: 056, LR: 0.000900, Loss: 0.1018791, Validation MAE: 3.1029730, Test MAE: 4.2194691, Test MAE norm: 0.0847151
Epoch: 060, LR: 0.000900, Loss: 0.0718416, Validation MAE: 2.9402986, Test MAE: 3.9909704, Test MAE norm: 0.0801275
Epoch: 070, LR: 0.000900, Loss: 0.1084092, Validation MAE: 5.0179772, Test MAE: 6.0006714, Test MAE norm: 0.1204766
Epoch: 071, LR: 0.000900, Loss: 0.1076039, Validation MAE: 3.0245450, Test MAE: 4.1037545, Test MAE norm: 0.0823919
Epoch: 081, LR: 0.000810, Loss: 0.0974196, Validation MAE: 3.7283776, Test MAE: 4.7929811, Test MAE norm: 0.0962296
Epoch: 085, LR: 0.000729, Loss: 0.0867270, Validation MAE: 3.5629950, Test MAE: 4.5072060, Test MAE norm: 0.0904921
Epoch: 087, LR: 0.000729, Loss: 0.0879973, Validation MAE: 3.2086556, Test MAE: 4.1437087, Test MAE norm: 0.0831940
Epoch: 097, LR: 0.000656, Loss: 0.0732978, Validation MAE: 3.5453458, Test MAE: 4.4883499, Test MAE norm: 0.0901135
Epoch: 099, LR: 0.000656, Loss: 0.0897387, Validation MAE: 3.1072292, Test MAE: 3.9561846, Test MAE norm: 0.0794291
Epoch: 105, LR: 0.000590, Loss: 0.0807362, Validation MAE: 2.9704607, Test MAE: 3.8320625, Test MAE norm: 0.0769371
Epoch: 111, LR: 0.000590, Loss: 0.0783898, Validation MAE: 2.8449333, Test MAE: 3.6924729, Test MAE norm: 0.0741345
Epoch: 121, LR: 0.000590, Loss: 0.0720246, Validation MAE: 3.0356829, Test MAE: 3.9605093, Test MAE norm: 0.0795159
Epoch: 123, LR: 0.000531, Loss: 0.0784293, Validation MAE: 2.7835462, Test MAE: 3.6818829, Test MAE norm: 0.0739219
Epoch: 127, LR: 0.000531, Loss: 0.0764358, Validation MAE: 2.7617338, Test MAE: 3.7016220, Test MAE norm: 0.0743182
Epoch: 129, LR: 0.000531, Loss: 0.0756040, Validation MAE: 2.6228411, Test MAE: 3.5209227, Test MAE norm: 0.0706903
Epoch: 133, LR: 0.000531, Loss: 0.0609480, Validation MAE: 2.5862062, Test MAE: 3.5268354, Test MAE norm: 0.0708090
Epoch: 139, LR: 0.000531, Loss: 0.0612350, Validation MAE: 2.5553436, Test MAE: 3.4643259, Test MAE norm: 0.0695539
Epoch: 147, LR: 0.000531, Loss: 0.0631580, Validation MAE: 2.4128435, Test MAE: 3.3804245, Test MAE norm: 0.0678694
Epoch: 152, LR: 0.000531, Loss: 0.0719159, Validation MAE: 2.3550773, Test MAE: 3.3790083, Test MAE norm: 0.0678410
Epoch: 162, LR: 0.000531, Loss: 0.0811805, Validation MAE: 3.0235569, Test MAE: 3.9559131, Test MAE norm: 0.0794236
Epoch: 166, LR: 0.000478, Loss: 0.0700551, Validation MAE: 2.4748590, Test MAE: 3.5521045, Test MAE norm: 0.0713163
Epoch: 168, LR: 0.000478, Loss: 0.0683673, Validation MAE: 2.4223871, Test MAE: 3.4454832, Test MAE norm: 0.0691756
Epoch: 176, LR: 0.000430, Loss: 0.0660616, Validation MAE: 2.2076612, Test MAE: 3.2298112, Test MAE norm: 0.0648455
Epoch: 186, LR: 0.000430, Loss: 0.0589693, Validation MAE: 2.2796085, Test MAE: 3.3680866, Test MAE norm: 0.0676217
Epoch: 191, LR: 0.000387, Loss: 0.0639595, Validation MAE: 2.2502532, Test MAE: 3.2852521, Test MAE norm: 0.0659586
Epoch: 192, LR: 0.000387, Loss: 0.0584677, Validation MAE: 2.2331538, Test MAE: 3.3005393, Test MAE norm: 0.0662656
Epoch: 201, LR: 0.000349, Loss: 0.0582803, Validation MAE: 2.0985096, Test MAE: 3.2247972, Test MAE norm: 0.0647449
Epoch: 211, LR: 0.000349, Loss: 0.0632533, Validation MAE: 2.5305259, Test MAE: 3.6427941, Test MAE norm: 0.0731371
Epoch: 212, LR: 0.000349, Loss: 0.0646794, Validation MAE: 2.1669877, Test MAE: 3.3398798, Test MAE norm: 0.0670554
Epoch: 222, LR: 0.000314, Loss: 0.0609531, Validation MAE: 2.4725010, Test MAE: 3.6102018, Test MAE norm: 0.0724827
Epoch: 223, LR: 0.000314, Loss: 0.0636225, Validation MAE: 2.1377020, Test MAE: 3.3109455, Test MAE norm: 0.0664745
Epoch: 229, LR: 0.000282, Loss: 0.0623153, Validation MAE: 2.0426579, Test MAE: 3.2530222, Test MAE norm: 0.0653116
Epoch: 237, LR: 0.000282, Loss: 0.0588167, Validation MAE: 2.0180101, Test MAE: 3.2357683, Test MAE norm: 0.0649652
Epoch: 242, LR: 0.000282, Loss: 0.0553394, Validation MAE: 2.0165365, Test MAE: 3.2083421, Test MAE norm: 0.0644145
Epoch: 247, LR: 0.000282, Loss: 0.0600713, Validation MAE: 1.9628394, Test MAE: 3.2128568, Test MAE norm: 0.0645052
Epoch: 257, LR: 0.000282, Loss: 0.0528570, Validation MAE: 2.2310605, Test MAE: 3.4788604, Test MAE norm: 0.0698458
Epoch: 258, LR: 0.000282, Loss: 0.0578492, Validation MAE: 2.0928698, Test MAE: 3.3602271, Test MAE norm: 0.0674639
Epoch: 261, LR: 0.000254, Loss: 0.0606611, Validation MAE: 1.9299811, Test MAE: 3.2028999, Test MAE norm: 0.0643052
Epoch: 271, LR: 0.000254, Loss: 0.0571904, Validation MAE: 2.3608077, Test MAE: 3.5358055, Test MAE norm: 0.0709891
Epoch: 272, LR: 0.000254, Loss: 0.0610922, Validation MAE: 2.1560216, Test MAE: 3.4440975, Test MAE norm: 0.0691478
Epoch: 273, LR: 0.000229, Loss: 0.0560626, Validation MAE: 2.1493611, Test MAE: 3.4146922, Test MAE norm: 0.0685574
Epoch: 275, LR: 0.000229, Loss: 0.0569127, Validation MAE: 1.9506875, Test MAE: 3.2059987, Test MAE norm: 0.0643675
Epoch: 285, LR: 0.000206, Loss: 0.0535219, Validation MAE: 2.2544699, Test MAE: 3.5767047, Test MAE norm: 0.0718102
Epoch: 286, LR: 0.000206, Loss: 0.0570625, Validation MAE: 1.9029690, Test MAE: 3.2014177, Test MAE norm: 0.0642755
Epoch: 296, LR: 0.000206, Loss: 0.0536005, Validation MAE: 1.8977380, Test MAE: 3.1303706, Test MAE norm: 0.0628491
Epoch: 302, LR: 0.000206, Loss: 0.0538751, Validation MAE: 1.8920164, Test MAE: 3.1791353, Test MAE norm: 0.0638281
Epoch: 312, LR: 0.000206, Loss: 0.0515369, Validation MAE: 1.9934999, Test MAE: 3.1751232, Test MAE norm: 0.0637476
Epoch: 313, LR: 0.000206, Loss: 0.0535122, Validation MAE: 1.9751673, Test MAE: 3.2766998, Test MAE norm: 0.0657869
Epoch: 314, LR: 0.000185, Loss: 0.0524049, Validation MAE: 1.8884343, Test MAE: 3.1717346, Test MAE norm: 0.0636795
Epoch: 320, LR: 0.000185, Loss: 0.0532152, Validation MAE: 1.8688743, Test MAE: 3.1813061, Test MAE norm: 0.0638717
Epoch: 329, LR: 0.000185, Loss: 0.0528147, Validation MAE: 1.8624750, Test MAE: 3.1741676, Test MAE norm: 0.0637284
Epoch: 339, LR: 0.000185, Loss: 0.0558500, Validation MAE: 1.8762155, Test MAE: 3.1887755, Test MAE norm: 0.0640217
Epoch: 349, LR: 0.000167, Loss: 0.0533974, Validation MAE: 2.0082009, Test MAE: 3.2749550, Test MAE norm: 0.0657519
Epoch: 351, LR: 0.000167, Loss: 0.0545961, Validation MAE: 1.9154078, Test MAE: 3.2081447, Test MAE norm: 0.0644105
Epoch: 361, LR: 0.000150, Loss: 0.0520047, Validation MAE: 2.0843363, Test MAE: 3.2966690, Test MAE norm: 0.0661879
Epoch: 363, LR: 0.000135, Loss: 0.0543543, Validation MAE: 1.9090871, Test MAE: 3.2015221, Test MAE norm: 0.0642776
Epoch: 373, LR: 0.000135, Loss: 0.0517276, Validation MAE: 1.9860988, Test MAE: 3.2900178, Test MAE norm: 0.0660543
Epoch: 375, LR: 0.000122, Loss: 0.0533463, Validation MAE: 1.9063900, Test MAE: 3.1715794, Test MAE norm: 0.0636764
Epoch: 378, LR: 0.000122, Loss: 0.0531094, Validation MAE: 1.8315461, Test MAE: 3.1446967, Test MAE norm: 0.0631367
Epoch: 388, LR: 0.000122, Loss: 0.0528383, Validation MAE: 1.9539183, Test MAE: 3.2862864, Test MAE norm: 0.0659794
Epoch: 390, LR: 0.000109, Loss: 0.0542748, Validation MAE: 1.9022492, Test MAE: 3.1820354, Test MAE norm: 0.0638863
Epoch: 399, LR: 0.000109, Loss: 0.0526191, Validation MAE: 1.8477159, Test MAE: 3.1508512, Test MAE norm: 0.0632603
Epoch: 409, LR: 0.000098, Loss: 0.0502601, Validation MAE: 1.9232919, Test MAE: 3.1851726, Test MAE norm: 0.0639493
Epoch: 411, LR: 0.000098, Loss: 0.0515523, Validation MAE: 1.8290851, Test MAE: 3.1120939, Test MAE norm: 0.0624821
Epoch: 421, LR: 0.000098, Loss: 0.0496248, Validation MAE: 1.9080434, Test MAE: 3.1465690, Test MAE norm: 0.0631743
Epoch: 422, LR: 0.000098, Loss: 0.0507010, Validation MAE: 1.8725153, Test MAE: 3.1696370, Test MAE norm: 0.0636374
Epoch: 423, LR: 0.000089, Loss: 0.0505220, Validation MAE: 1.8520410, Test MAE: 3.0944591, Test MAE norm: 0.0621281
Epoch: 424, LR: 0.000089, Loss: 0.0498046, Validation MAE: 1.8458706, Test MAE: 3.1319864, Test MAE norm: 0.0628815
Epoch: 425, LR: 0.000089, Loss: 0.0500267, Validation MAE: 1.8349341, Test MAE: 3.1177900, Test MAE norm: 0.0625965
Epoch: 427, LR: 0.000089, Loss: 0.0499463, Validation MAE: 1.8335681, Test MAE: 3.1132703, Test MAE norm: 0.0625057
Epoch: 431, LR: 0.000089, Loss: 0.0497728, Validation MAE: 1.8242741, Test MAE: 3.1296265, Test MAE norm: 0.0628341
Epoch: 434, LR: 0.000089, Loss: 0.0498061, Validation MAE: 1.8201159, Test MAE: 3.1395314, Test MAE norm: 0.0630330
Epoch: 444, LR: 0.000089, Loss: 0.0494875, Validation MAE: 1.8279015, Test MAE: 3.1169183, Test MAE norm: 0.0625790
Epoch: 446, LR: 0.000080, Loss: 0.0493894, Validation MAE: 1.8230522, Test MAE: 3.1097505, Test MAE norm: 0.0624351
Epoch: 453, LR: 0.000080, Loss: 0.0494482, Validation MAE: 1.8174882, Test MAE: 3.1132100, Test MAE norm: 0.0625045
Epoch: 456, LR: 0.000080, Loss: 0.0495406, Validation MAE: 1.8100719, Test MAE: 3.1089602, Test MAE norm: 0.0624192
Epoch: 461, LR: 0.000080, Loss: 0.0493988, Validation MAE: 1.8080310, Test MAE: 3.0820775, Test MAE norm: 0.0618795
Epoch: 470, LR: 0.000080, Loss: 0.0497026, Validation MAE: 1.8020366, Test MAE: 3.0909293, Test MAE norm: 0.0620572
Epoch: 479, LR: 0.000080, Loss: 0.0499480, Validation MAE: 1.7972744, Test MAE: 3.0931506, Test MAE norm: 0.0621018
Epoch: 486, LR: 0.000080, Loss: 0.0493911, Validation MAE: 1.7906313, Test MAE: 3.0854056, Test MAE norm: 0.0619463
Epoch: 496, LR: 0.000080, Loss: 0.0489459, Validation MAE: 1.8301948, Test MAE: 3.0556307, Test MAE norm: 0.0613485
Epoch: 497, LR: 0.000080, Loss: 0.0492060, Validation MAE: 1.8161466, Test MAE: 3.0949955, Test MAE norm: 0.0621388
Epoch: 498, LR: 0.000072, Loss: 0.0491192, Validation MAE: 1.8099442, Test MAE: 3.0814688, Test MAE norm: 0.0618673
Epoch: 500, LR: 0.000072, Loss: 0.0492778, Validation MAE: 1.8082436, Test MAE: 3.0924311, Test MAE norm: 0.0620873
Epoch: 502, LR: 0.000072, Loss: 0.0492920, Validation MAE: 1.8052398, Test MAE: 3.0773494, Test MAE norm: 0.0617845
Epoch: 503, LR: 0.000072, Loss: 0.0492038, Validation MAE: 1.7967809, Test MAE: 3.0822861, Test MAE norm: 0.0618837
Epoch: 509, LR: 0.000065, Loss: 0.0490580, Validation MAE: 1.7866871, Test MAE: 3.0864766, Test MAE norm: 0.0619678
Epoch: 519, LR: 0.000065, Loss: 0.0489708, Validation MAE: 1.8049694, Test MAE: 3.0666947, Test MAE norm: 0.0615706
Epoch: 520, LR: 0.000065, Loss: 0.0490065, Validation MAE: 1.7978543, Test MAE: 3.0770111, Test MAE norm: 0.0617778
Epoch: 526, LR: 0.000058, Loss: 0.0489972, Validation MAE: 1.7883600, Test MAE: 3.0758410, Test MAE norm: 0.0617543
Epoch: 535, LR: 0.000052, Loss: 0.0491080, Validation MAE: 1.7874867, Test MAE: 3.0739207, Test MAE norm: 0.0617157
Epoch: 537, LR: 0.000052, Loss: 0.0488314, Validation MAE: 1.7869515, Test MAE: 3.0793941, Test MAE norm: 0.0618256
Epoch: 541, LR: 0.000052, Loss: 0.0492711, Validation MAE: 1.7851404, Test MAE: 3.0784705, Test MAE norm: 0.0618071
Epoch: 544, LR: 0.000052, Loss: 0.0490449, Validation MAE: 1.7834353, Test MAE: 3.0546803, Test MAE norm: 0.0613294
Epoch: 550, LR: 0.000052, Loss: 0.0493211, Validation MAE: 1.7817107, Test MAE: 3.0870998, Test MAE norm: 0.0619803
Epoch: 555, LR: 0.000052, Loss: 0.0489595, Validation MAE: 1.7801428, Test MAE: 3.0593433, Test MAE norm: 0.0614230
Epoch: 564, LR: 0.000052, Loss: 0.0487584, Validation MAE: 1.7779341, Test MAE: 3.0587604, Test MAE norm: 0.0614113
Epoch: 574, LR: 0.000052, Loss: 0.0490651, Validation MAE: 1.7873456, Test MAE: 3.0352490, Test MAE norm: 0.0609393
Epoch: 575, LR: 0.000052, Loss: 0.0489947, Validation MAE: 1.7704813, Test MAE: 3.0902629, Test MAE norm: 0.0620438
Epoch: 585, LR: 0.000052, Loss: 0.0487090, Validation MAE: 1.7878408, Test MAE: 3.0979538, Test MAE norm: 0.0621982
Epoch: 586, LR: 0.000052, Loss: 0.0487870, Validation MAE: 1.7774173, Test MAE: 3.0721121, Test MAE norm: 0.0616794
Epoch: 588, LR: 0.000047, Loss: 0.0487748, Validation MAE: 1.7697382, Test MAE: 3.0647767, Test MAE norm: 0.0615321
Epoch: 598, LR: 0.000047, Loss: 0.0485450, Validation MAE: 1.8088197, Test MAE: 3.0354090, Test MAE norm: 0.0609425
Epoch: 599, LR: 0.000047, Loss: 0.0486811, Validation MAE: 1.7890908, Test MAE: 3.0534096, Test MAE norm: 0.0613039
Epoch: 600, LR: 0.000042, Loss: 0.0484375, Validation MAE: 1.7872626, Test MAE: 3.0722680, Test MAE norm: 0.0616825
Epoch: 601, LR: 0.000042, Loss: 0.0486621, Validation MAE: 1.7844068, Test MAE: 3.0601103, Test MAE norm: 0.0614384
Epoch: 603, LR: 0.000042, Loss: 0.0486081, Validation MAE: 1.7720695, Test MAE: 3.0521991, Test MAE norm: 0.0612796
Epoch: 613, LR: 0.000038, Loss: 0.0485021, Validation MAE: 1.7786857, Test MAE: 3.0821211, Test MAE norm: 0.0618803
Epoch: 614, LR: 0.000038, Loss: 0.0486378, Validation MAE: 1.7674348, Test MAE: 3.0647895, Test MAE norm: 0.0615324
Epoch: 624, LR: 0.000038, Loss: 0.0485462, Validation MAE: 1.7866530, Test MAE: 3.0532711, Test MAE norm: 0.0613011
Epoch: 625, LR: 0.000038, Loss: 0.0485618, Validation MAE: 1.7837354, Test MAE: 3.0370550, Test MAE norm: 0.0609755
Epoch: 626, LR: 0.000034, Loss: 0.0485486, Validation MAE: 1.7771236, Test MAE: 3.0372329, Test MAE norm: 0.0609791
Epoch: 627, LR: 0.000034, Loss: 0.0483842, Validation MAE: 1.7751623, Test MAE: 3.0584285, Test MAE norm: 0.0614047
Epoch: 631, LR: 0.000034, Loss: 0.0484079, Validation MAE: 1.7723411, Test MAE: 3.0631716, Test MAE norm: 0.0614999
Epoch: 641, LR: 0.000031, Loss: 0.0483670, Validation MAE: 1.7862720, Test MAE: 3.0405793, Test MAE norm: 0.0610463
Epoch: 642, LR: 0.000031, Loss: 0.0483506, Validation MAE: 1.7839381, Test MAE: 3.0384650, Test MAE norm: 0.0610039
Epoch: 643, LR: 0.000031, Loss: 0.0483518, Validation MAE: 1.7747742, Test MAE: 3.0575306, Test MAE norm: 0.0613866
Epoch: 644, LR: 0.000031, Loss: 0.0483500, Validation MAE: 1.7738317, Test MAE: 3.0590577, Test MAE norm: 0.0614173
Epoch: 647, LR: 0.000031, Loss: 0.0483414, Validation MAE: 1.7668344, Test MAE: 3.0607128, Test MAE norm: 0.0614505
Epoch: 657, LR: 0.000031, Loss: 0.0483576, Validation MAE: 1.7665267, Test MAE: 3.0556688, Test MAE norm: 0.0613493
Epoch: 667, LR: 0.000031, Loss: 0.0482454, Validation MAE: 1.7804217, Test MAE: 3.0329773, Test MAE norm: 0.0608937
Epoch: 668, LR: 0.000031, Loss: 0.0484042, Validation MAE: 1.7742246, Test MAE: 3.0363724, Test MAE norm: 0.0609618
Epoch: 669, LR: 0.000028, Loss: 0.0483443, Validation MAE: 1.7684765, Test MAE: 3.0541968, Test MAE norm: 0.0613197
Epoch: 675, LR: 0.000028, Loss: 0.0483330, Validation MAE: 1.7682173, Test MAE: 3.0603051, Test MAE norm: 0.0614423
Epoch: 679, LR: 0.000028, Loss: 0.0482741, Validation MAE: 1.7677813, Test MAE: 3.0612559, Test MAE norm: 0.0614614
Epoch: 680, LR: 0.000025, Loss: 0.0483214, Validation MAE: 1.7675176, Test MAE: 3.0548732, Test MAE norm: 0.0613333
Epoch: 688, LR: 0.000025, Loss: 0.0482506, Validation MAE: 1.7673159, Test MAE: 3.0552256, Test MAE norm: 0.0613404
Epoch: 693, LR: 0.000023, Loss: 0.0482248, Validation MAE: 1.7654500, Test MAE: 3.0575669, Test MAE norm: 0.0613874
Epoch: 703, LR: 0.000023, Loss: 0.0481956, Validation MAE: 1.7767558, Test MAE: 3.0470374, Test MAE norm: 0.0611760
Epoch: 704, LR: 0.000023, Loss: 0.0482535, Validation MAE: 1.7740057, Test MAE: 3.0445268, Test MAE norm: 0.0611256
Epoch: 705, LR: 0.000020, Loss: 0.0482263, Validation MAE: 1.7689470, Test MAE: 3.0394070, Test MAE norm: 0.0610228
Epoch: 707, LR: 0.000020, Loss: 0.0482160, Validation MAE: 1.7655500, Test MAE: 3.0412688, Test MAE norm: 0.0610601
Epoch: 708, LR: 0.000020, Loss: 0.0481852, Validation MAE: 1.7642491, Test MAE: 3.0443611, Test MAE norm: 0.0611222
Epoch: 718, LR: 0.000020, Loss: 0.0481641, Validation MAE: 1.7666147, Test MAE: 3.0388074, Test MAE norm: 0.0610107
Epoch: 723, LR: 0.000018, Loss: 0.0481878, Validation MAE: 1.7661568, Test MAE: 3.0450716, Test MAE norm: 0.0611365
Epoch: 724, LR: 0.000018, Loss: 0.0481474, Validation MAE: 1.7657970, Test MAE: 3.0465596, Test MAE norm: 0.0611664
Epoch: 726, LR: 0.000018, Loss: 0.0481742, Validation MAE: 1.7656506, Test MAE: 3.0395205, Test MAE norm: 0.0610250
Epoch: 727, LR: 0.000018, Loss: 0.0481427, Validation MAE: 1.7648565, Test MAE: 3.0424473, Test MAE norm: 0.0610838
Epoch: 728, LR: 0.000018, Loss: 0.0481439, Validation MAE: 1.7616699, Test MAE: 3.0458953, Test MAE norm: 0.0611530
Epoch: 738, LR: 0.000018, Loss: 0.0481236, Validation MAE: 1.7686965, Test MAE: 3.0355456, Test MAE norm: 0.0609452
Epoch: 739, LR: 0.000018, Loss: 0.0481445, Validation MAE: 1.7638823, Test MAE: 3.0412502, Test MAE norm: 0.0610598
Epoch: 740, LR: 0.000016, Loss: 0.0481224, Validation MAE: 1.7626342, Test MAE: 3.0433695, Test MAE norm: 0.0611023
Epoch: 745, LR: 0.000016, Loss: 0.0480896, Validation MAE: 1.7621983, Test MAE: 3.0467448, Test MAE norm: 0.0611701
Epoch: 750, LR: 0.000016, Loss: 0.0481029, Validation MAE: 1.7614989, Test MAE: 3.0451756, Test MAE norm: 0.0611386
Epoch: 760, LR: 0.000015, Loss: 0.0480764, Validation MAE: 1.7633744, Test MAE: 3.0366845, Test MAE norm: 0.0609681
Epoch: 761, LR: 0.000015, Loss: 0.0480856, Validation MAE: 1.7616410, Test MAE: 3.0423665, Test MAE norm: 0.0610822
Epoch: 762, LR: 0.000013, Loss: 0.0480910, Validation MAE: 1.7608781, Test MAE: 3.0408890, Test MAE norm: 0.0610525
Epoch: 767, LR: 0.000013, Loss: 0.0480781, Validation MAE: 1.7600622, Test MAE: 3.0446334, Test MAE norm: 0.0611277
Epoch: 772, LR: 0.000013, Loss: 0.0480923, Validation MAE: 1.7597734, Test MAE: 3.0447438, Test MAE norm: 0.0611299
Epoch: 777, LR: 0.000013, Loss: 0.0480738, Validation MAE: 1.7584910, Test MAE: 3.0431962, Test MAE norm: 0.0610988
Epoch: 784, LR: 0.000013, Loss: 0.0480571, Validation MAE: 1.7584485, Test MAE: 3.0440843, Test MAE norm: 0.0611167
Epoch: 787, LR: 0.000013, Loss: 0.0480919, Validation MAE: 1.7580469, Test MAE: 3.0357296, Test MAE norm: 0.0609489
Epoch: 788, LR: 0.000013, Loss: 0.0480372, Validation MAE: 1.7565963, Test MAE: 3.0420420, Test MAE norm: 0.0610757
Epoch: 798, LR: 0.000013, Loss: 0.0480519, Validation MAE: 1.7572417, Test MAE: 3.0390692, Test MAE norm: 0.0610160
Epoch: 805, LR: 0.000012, Loss: 0.0480503, Validation MAE: 1.7564679, Test MAE: 3.0386114, Test MAE norm: 0.0610068
Epoch: 815, LR: 0.000011, Loss: 0.0480237, Validation MAE: 1.7601022, Test MAE: 3.0351648, Test MAE norm: 0.0609376
Epoch: 816, LR: 0.000011, Loss: 0.0480328, Validation MAE: 1.7581879, Test MAE: 3.0363734, Test MAE norm: 0.0609619
Epoch: 826, LR: 0.000010, Loss: 0.0480083, Validation MAE: 1.7566140, Test MAE: 3.0383804, Test MAE norm: 0.0610022
Epoch: 827, LR: 0.000010, Loss: 0.0480140, Validation MAE: 1.7550608, Test MAE: 3.0375311, Test MAE norm: 0.0609851
Epoch: 837, LR: 0.000010, Loss: 0.0479972, Validation MAE: 1.7568226, Test MAE: 3.0327058, Test MAE norm: 0.0608882
Epoch: 839, LR: 0.000010, Loss: 0.0479935, Validation MAE: 1.7563205, Test MAE: 3.0337462, Test MAE norm: 0.0609091
Epoch: 841, LR: 0.000010, Loss: 0.0479914, Validation MAE: 1.7532707, Test MAE: 3.0403950, Test MAE norm: 0.0610426
Epoch: 851, LR: 0.000010, Loss: 0.0479958, Validation MAE: 1.7606621, Test MAE: 3.0311544, Test MAE norm: 0.0608571
Epoch: 852, LR: 0.000010, Loss: 0.0480012, Validation MAE: 1.7595140, Test MAE: 3.0321980, Test MAE norm: 0.0608780
Epoch: 853, LR: 0.000010, Loss: 0.0480056, Validation MAE: 1.7575327, Test MAE: 3.0348775, Test MAE norm: 0.0609318
Epoch: 854, LR: 0.000010, Loss: 0.0479897, Validation MAE: 1.7531570, Test MAE: 3.0371580, Test MAE norm: 0.0609776
Epoch: 855, LR: 0.000010, Loss: 0.0480247, Validation MAE: 1.7522907, Test MAE: 3.0371685, Test MAE norm: 0.0609778
Epoch: 858, LR: 0.000010, Loss: 0.0480112, Validation MAE: 1.7504405, Test MAE: 3.0368550, Test MAE norm: 0.0609715
Epoch: 868, LR: 0.000010, Loss: 0.0479955, Validation MAE: 1.7526032, Test MAE: 3.0326049, Test MAE norm: 0.0608862
Epoch: 869, LR: 0.000010, Loss: 0.0479671, Validation MAE: 1.7509793, Test MAE: 3.0376613, Test MAE norm: 0.0609877
Epoch: 879, LR: 0.000010, Loss: 0.0479644, Validation MAE: 1.7512587, Test MAE: 3.0330358, Test MAE norm: 0.0608949
Epoch: 889, LR: 0.000010, Loss: 0.0479579, Validation MAE: 1.7602459, Test MAE: 3.0283396, Test MAE norm: 0.0608006
Epoch: 890, LR: 0.000010, Loss: 0.0479669, Validation MAE: 1.7548225, Test MAE: 3.0368690, Test MAE norm: 0.0609718
Epoch: 891, LR: 0.000010, Loss: 0.0479651, Validation MAE: 1.7520291, Test MAE: 3.0387661, Test MAE norm: 0.0610099
Epoch: 901, LR: 0.000010, Loss: 0.0479578, Validation MAE: 1.7545631, Test MAE: 3.0324788, Test MAE norm: 0.0608837
Epoch: 902, LR: 0.000010, Loss: 0.0479615, Validation MAE: 1.7532930, Test MAE: 3.0334544, Test MAE norm: 0.0609033
Epoch: 912, LR: 0.000010, Loss: 0.0479119, Validation MAE: 1.7560034, Test MAE: 3.0310264, Test MAE norm: 0.0608545
Epoch: 913, LR: 0.000010, Loss: 0.0479206, Validation MAE: 1.7551441, Test MAE: 3.0332081, Test MAE norm: 0.0608983
Epoch: 916, LR: 0.000010, Loss: 0.0479451, Validation MAE: 1.7527149, Test MAE: 3.0315297, Test MAE norm: 0.0608646
Epoch: 917, LR: 0.000010, Loss: 0.0479046, Validation MAE: 1.7490699, Test MAE: 3.0352776, Test MAE norm: 0.0609399
Epoch: 927, LR: 0.000010, Loss: 0.0479098, Validation MAE: 1.7494859, Test MAE: 3.0366211, Test MAE norm: 0.0609668
Epoch: 937, LR: 0.000010, Loss: 0.0479143, Validation MAE: 1.7523160, Test MAE: 3.0311420, Test MAE norm: 0.0608568
Epoch: 938, LR: 0.000010, Loss: 0.0479060, Validation MAE: 1.7509760, Test MAE: 3.0300508, Test MAE norm: 0.0608349
Epoch: 939, LR: 0.000010, Loss: 0.0479024, Validation MAE: 1.7500064, Test MAE: 3.0287883, Test MAE norm: 0.0608096
Epoch: 940, LR: 0.000010, Loss: 0.0478905, Validation MAE: 1.7487004, Test MAE: 3.0339088, Test MAE norm: 0.0609124
Epoch: 950, LR: 0.000010, Loss: 0.0478987, Validation MAE: 1.7519470, Test MAE: 3.0305762, Test MAE norm: 0.0608455
Epoch: 956, LR: 0.000010, Loss: 0.0478720, Validation MAE: 1.7480161, Test MAE: 3.0325484, Test MAE norm: 0.0608851
Epoch: 957, LR: 0.000010, Loss: 0.0478870, Validation MAE: 1.7460277, Test MAE: 3.0342987, Test MAE norm: 0.0609202
Epoch: 967, LR: 0.000010, Loss: 0.0478614, Validation MAE: 1.7497506, Test MAE: 3.0305645, Test MAE norm: 0.0608452
Epoch: 977, LR: 0.000010, Loss: 0.0478705, Validation MAE: 1.7483113, Test MAE: 3.0302401, Test MAE norm: 0.0608387
Epoch: 987, LR: 0.000010, Loss: 0.0478554, Validation MAE: 1.7499408, Test MAE: 3.0320473, Test MAE norm: 0.0608750
Epoch: 988, LR: 0.000010, Loss: 0.0478737, Validation MAE: 1.7495733, Test MAE: 3.0311685, Test MAE norm: 0.0608574
Epoch: 991, LR: 0.000010, Loss: 0.0478696, Validation MAE: 1.7472680, Test MAE: 3.0266709, Test MAE norm: 0.0607671
Epoch: 1001, LR: 0.000010, Loss: 0.0478524, Validation MAE: 1.7464747, Test MAE: 3.0292311, Test MAE norm: 0.0608185
Epoch: 1002, LR: 0.000010, Loss: 0.0478598, Validation MAE: 1.7460071, Test MAE: 3.0297899, Test MAE norm: 0.0608297
Epoch: 1010, LR: 0.000010, Loss: 0.0478394, Validation MAE: 1.7442601, Test MAE: 3.0263255, Test MAE norm: 0.0607601
Epoch: 1011, LR: 0.000010, Loss: 0.0478240, Validation MAE: 1.7433625, Test MAE: 3.0294299, Test MAE norm: 0.0608225
Epoch: 1021, LR: 0.000010, Loss: 0.0478273, Validation MAE: 1.7474310, Test MAE: 3.0261698, Test MAE norm: 0.0607570
Epoch: 1023, LR: 0.000010, Loss: 0.0478304, Validation MAE: 1.7464864, Test MAE: 3.0255399, Test MAE norm: 0.0607444
Epoch: 1024, LR: 0.000010, Loss: 0.0478381, Validation MAE: 1.7457709, Test MAE: 3.0280428, Test MAE norm: 0.0607946
Epoch: 1034, LR: 0.000010, Loss: 0.0478056, Validation MAE: 1.7446289, Test MAE: 3.0265374, Test MAE norm: 0.0607644
Epoch: 1044, LR: 0.000010, Loss: 0.0478063, Validation MAE: 1.7422076, Test MAE: 3.0280998, Test MAE norm: 0.0607958
Epoch: 1054, LR: 0.000010, Loss: 0.0478004, Validation MAE: 1.7437440, Test MAE: 3.0268478, Test MAE norm: 0.0607706
Epoch: 1064, LR: 0.000010, Loss: 0.0478300, Validation MAE: 1.7478298, Test MAE: 3.0270696, Test MAE norm: 0.0607751
Epoch: 1065, LR: 0.000010, Loss: 0.0477802, Validation MAE: 1.7443138, Test MAE: 3.0306816, Test MAE norm: 0.0608476
Epoch: 1075, LR: 0.000010, Loss: 0.0477664, Validation MAE: 1.7459186, Test MAE: 3.0328112, Test MAE norm: 0.0608903
Epoch: 1077, LR: 0.000010, Loss: 0.0478347, Validation MAE: 1.7458645, Test MAE: 3.0304153, Test MAE norm: 0.0608422
Epoch: 1081, LR: 0.000010, Loss: 0.0477849, Validation MAE: 1.7435777, Test MAE: 3.0353670, Test MAE norm: 0.0609417
Epoch: 1091, LR: 0.000010, Loss: 0.0477752, Validation MAE: 1.7446429, Test MAE: 3.0241342, Test MAE norm: 0.0607161
Epoch: 1092, LR: 0.000010, Loss: 0.0477751, Validation MAE: 1.7445869, Test MAE: 3.0303421, Test MAE norm: 0.0608408
Epoch: 1093, LR: 0.000010, Loss: 0.0477965, Validation MAE: 1.7422050, Test MAE: 3.0300679, Test MAE norm: 0.0608353
Epoch: 1094, LR: 0.000010, Loss: 0.0477937, Validation MAE: 1.7419089, Test MAE: 3.0232339, Test MAE norm: 0.0606981
Epoch: 1097, LR: 0.000010, Loss: 0.0477673, Validation MAE: 1.7416891, Test MAE: 3.0283492, Test MAE norm: 0.0608008
Epoch: 1107, LR: 0.000010, Loss: 0.0477509, Validation MAE: 1.7454926, Test MAE: 3.0228574, Test MAE norm: 0.0606905
Epoch: 1108, LR: 0.000010, Loss: 0.0477615, Validation MAE: 1.7433295, Test MAE: 3.0248456, Test MAE norm: 0.0607304
Epoch: 1118, LR: 0.000010, Loss: 0.0477542, Validation MAE: 1.7515075, Test MAE: 3.0296254, Test MAE norm: 0.0608264
Epoch: 1119, LR: 0.000010, Loss: 0.0477845, Validation MAE: 1.7482816, Test MAE: 3.0273185, Test MAE norm: 0.0607801
Epoch: 1122, LR: 0.000010, Loss: 0.0477813, Validation MAE: 1.7479626, Test MAE: 3.0235887, Test MAE norm: 0.0607052
Epoch: 1123, LR: 0.000010, Loss: 0.0477567, Validation MAE: 1.7432613, Test MAE: 3.0308349, Test MAE norm: 0.0608507
Epoch: 1124, LR: 0.000010, Loss: 0.0477885, Validation MAE: 1.7408357, Test MAE: 3.0274150, Test MAE norm: 0.0607820
Epoch: 1134, LR: 0.000010, Loss: 0.0477319, Validation MAE: 1.7482734, Test MAE: 3.0205536, Test MAE norm: 0.0606442
Epoch: 1135, LR: 0.000010, Loss: 0.0477457, Validation MAE: 1.7435874, Test MAE: 3.0218625, Test MAE norm: 0.0606705
Epoch: 1136, LR: 0.000010, Loss: 0.0477172, Validation MAE: 1.7403827, Test MAE: 3.0230742, Test MAE norm: 0.0606949
Epoch: 1146, LR: 0.000010, Loss: 0.0476800, Validation MAE: 1.7402791, Test MAE: 3.0221462, Test MAE norm: 0.0606762
Epoch: 1156, LR: 0.000010, Loss: 0.0476856, Validation MAE: 1.7417392, Test MAE: 3.0247707, Test MAE norm: 0.0607289
Epoch: 1166, LR: 0.000010, Loss: 0.0476931, Validation MAE: 1.7418218, Test MAE: 3.0230992, Test MAE norm: 0.0606954
Epoch: 1173, LR: 0.000010, Loss: 0.0476628, Validation MAE: 1.7395198, Test MAE: 3.0186920, Test MAE norm: 0.0606069
Epoch: 1176, LR: 0.000010, Loss: 0.0476770, Validation MAE: 1.7381889, Test MAE: 3.0195286, Test MAE norm: 0.0606237
Epoch: 1186, LR: 0.000010, Loss: 0.0476840, Validation MAE: 1.7368215, Test MAE: 3.0173256, Test MAE norm: 0.0605794
Epoch: 1196, LR: 0.000010, Loss: 0.0476663, Validation MAE: 1.7381037, Test MAE: 3.0219831, Test MAE norm: 0.0606729
Epoch: 1206, LR: 0.000010, Loss: 0.0476432, Validation MAE: 1.7412584, Test MAE: 3.0160067, Test MAE norm: 0.0605530
Epoch: 1207, LR: 0.000010, Loss: 0.0476690, Validation MAE: 1.7403818, Test MAE: 3.0170496, Test MAE norm: 0.0605739
Epoch: 1213, LR: 0.000010, Loss: 0.0476503, Validation MAE: 1.7346753, Test MAE: 3.0240989, Test MAE norm: 0.0607154
Epoch: 1214, LR: 0.000010, Loss: 0.0476470, Validation MAE: 1.7323790, Test MAE: 3.0275173, Test MAE norm: 0.0607841
Epoch: 1224, LR: 0.000010, Loss: 0.0476389, Validation MAE: 1.7384626, Test MAE: 3.0180118, Test MAE norm: 0.0605932
Epoch: 1228, LR: 0.000010, Loss: 0.0476117, Validation MAE: 1.7382042, Test MAE: 3.0213330, Test MAE norm: 0.0606599
Epoch: 1238, LR: 0.000010, Loss: 0.0476709, Validation MAE: 1.7405291, Test MAE: 3.0143790, Test MAE norm: 0.0605203
Epoch: 1239, LR: 0.000010, Loss: 0.0476092, Validation MAE: 1.7368652, Test MAE: 3.0215161, Test MAE norm: 0.0606636
Epoch: 1240, LR: 0.000010, Loss: 0.0476409, Validation MAE: 1.7353145, Test MAE: 3.0215020, Test MAE norm: 0.0606633
Epoch: 1249, LR: 0.000010, Loss: 0.0476146, Validation MAE: 1.7332997, Test MAE: 3.0170255, Test MAE norm: 0.0605734
Epoch: 1259, LR: 0.000010, Loss: 0.0476077, Validation MAE: 1.7362282, Test MAE: 3.0211713, Test MAE norm: 0.0606566
Epoch: 1260, LR: 0.000010, Loss: 0.0476304, Validation MAE: 1.7356088, Test MAE: 3.0204294, Test MAE norm: 0.0606418
Epoch: 1267, LR: 0.000010, Loss: 0.0475961, Validation MAE: 1.7337437, Test MAE: 3.0146885, Test MAE norm: 0.0605265
Epoch: 1268, LR: 0.000010, Loss: 0.0475506, Validation MAE: 1.7331171, Test MAE: 3.0199914, Test MAE norm: 0.0606330
Epoch: 1269, LR: 0.000010, Loss: 0.0475922, Validation MAE: 1.7329158, Test MAE: 3.0210001, Test MAE norm: 0.0606532
Epoch: 1279, LR: 0.000010, Loss: 0.0475614, Validation MAE: 1.7372216, Test MAE: 3.0159845, Test MAE norm: 0.0605525
Epoch: 1280, LR: 0.000010, Loss: 0.0475715, Validation MAE: 1.7366620, Test MAE: 3.0157712, Test MAE norm: 0.0605482
Epoch: 1285, LR: 0.000010, Loss: 0.0476164, Validation MAE: 1.7334416, Test MAE: 3.0179448, Test MAE norm: 0.0605919
Epoch: 1295, LR: 0.000010, Loss: 0.0475669, Validation MAE: 1.7394465, Test MAE: 3.0180573, Test MAE norm: 0.0605941
Epoch: 1296, LR: 0.000010, Loss: 0.0476023, Validation MAE: 1.7348876, Test MAE: 3.0159752, Test MAE norm: 0.0605523
Epoch: 1298, LR: 0.000010, Loss: 0.0475555, Validation MAE: 1.7339263, Test MAE: 3.0151725, Test MAE norm: 0.0605362
Epoch: 1305, LR: 0.000010, Loss: 0.0475434, Validation MAE: 1.7313761, Test MAE: 3.0163326, Test MAE norm: 0.0605595
Epoch: 1315, LR: 0.000010, Loss: 0.0475271, Validation MAE: 1.7345092, Test MAE: 3.0140116, Test MAE norm: 0.0605129
Epoch: 1316, LR: 0.000010, Loss: 0.0475397, Validation MAE: 1.7344579, Test MAE: 3.0143735, Test MAE norm: 0.0605202
Epoch: 1322, LR: 0.000010, Loss: 0.0475147, Validation MAE: 1.7319664, Test MAE: 3.0156882, Test MAE norm: 0.0605466
Epoch: 1324, LR: 0.000010, Loss: 0.0475311, Validation MAE: 1.7289573, Test MAE: 3.0142775, Test MAE norm: 0.0605182
Epoch: 1334, LR: 0.000010, Loss: 0.0475184, Validation MAE: 1.7343781, Test MAE: 3.0106747, Test MAE norm: 0.0604459
Epoch: 1335, LR: 0.000010, Loss: 0.0475454, Validation MAE: 1.7313977, Test MAE: 3.0132978, Test MAE norm: 0.0604986
Epoch: 1343, LR: 0.000010, Loss: 0.0475299, Validation MAE: 1.7290430, Test MAE: 3.0126903, Test MAE norm: 0.0604864
Epoch: 1351, LR: 0.000010, Loss: 0.0475640, Validation MAE: 1.7264889, Test MAE: 3.0170343, Test MAE norm: 0.0605736
Epoch: 1361, LR: 0.000010, Loss: 0.0474778, Validation MAE: 1.7311519, Test MAE: 3.0086472, Test MAE norm: 0.0604052
Epoch: 1366, LR: 0.000010, Loss: 0.0474916, Validation MAE: 1.7300856, Test MAE: 3.0088630, Test MAE norm: 0.0604095
Epoch: 1367, LR: 0.000010, Loss: 0.0474486, Validation MAE: 1.7273823, Test MAE: 3.0096982, Test MAE norm: 0.0604263
Epoch: 1370, LR: 0.000010, Loss: 0.0475074, Validation MAE: 1.7268531, Test MAE: 3.0127101, Test MAE norm: 0.0604868
Epoch: 1380, LR: 0.000010, Loss: 0.0474848, Validation MAE: 1.7321178, Test MAE: 3.0057721, Test MAE norm: 0.0603475
Epoch: 1381, LR: 0.000010, Loss: 0.0474761, Validation MAE: 1.7284485, Test MAE: 3.0102124, Test MAE norm: 0.0604366
Epoch: 1382, LR: 0.000010, Loss: 0.0474556, Validation MAE: 1.7269452, Test MAE: 3.0142465, Test MAE norm: 0.0605176
Epoch: 1383, LR: 0.000010, Loss: 0.0474567, Validation MAE: 1.7260718, Test MAE: 3.0137613, Test MAE norm: 0.0605079
Epoch: 1393, LR: 0.000010, Loss: 0.0474651, Validation MAE: 1.7303166, Test MAE: 3.0093496, Test MAE norm: 0.0604193
Epoch: 1395, LR: 0.000010, Loss: 0.0474766, Validation MAE: 1.7292621, Test MAE: 3.0082455, Test MAE norm: 0.0603971
Epoch: 1396, LR: 0.000010, Loss: 0.0474396, Validation MAE: 1.7290081, Test MAE: 3.0062499, Test MAE norm: 0.0603571
Epoch: 1397, LR: 0.000010, Loss: 0.0474573, Validation MAE: 1.7240462, Test MAE: 3.0129066, Test MAE norm: 0.0604907
Epoch: 1398, LR: 0.000010, Loss: 0.0474559, Validation MAE: 1.7239116, Test MAE: 3.0150580, Test MAE norm: 0.0605339
Epoch: 1408, LR: 0.000010, Loss: 0.0474516, Validation MAE: 1.7324353, Test MAE: 3.0068157, Test MAE norm: 0.0603684
Epoch: 1409, LR: 0.000010, Loss: 0.0474813, Validation MAE: 1.7309182, Test MAE: 3.0044363, Test MAE norm: 0.0603207
Epoch: 1413, LR: 0.000010, Loss: 0.0474304, Validation MAE: 1.7296048, Test MAE: 3.0076253, Test MAE norm: 0.0603847
Epoch: 1414, LR: 0.000010, Loss: 0.0474227, Validation MAE: 1.7288851, Test MAE: 3.0110846, Test MAE norm: 0.0604541
Epoch: 1415, LR: 0.000010, Loss: 0.0474257, Validation MAE: 1.7267990, Test MAE: 3.0086536, Test MAE norm: 0.0604053
Epoch: 1418, LR: 0.000010, Loss: 0.0474495, Validation MAE: 1.7260566, Test MAE: 3.0120862, Test MAE norm: 0.0604742
Epoch: 1421, LR: 0.000010, Loss: 0.0474143, Validation MAE: 1.7246808, Test MAE: 3.0112333, Test MAE norm: 0.0604571
Epoch: 1431, LR: 0.000010, Loss: 0.0474051, Validation MAE: 1.7302933, Test MAE: 3.0120447, Test MAE norm: 0.0604734
Epoch: 1432, LR: 0.000010, Loss: 0.0474756, Validation MAE: 1.7291651, Test MAE: 3.0100129, Test MAE norm: 0.0604326
Epoch: 1433, LR: 0.000010, Loss: 0.0474251, Validation MAE: 1.7287703, Test MAE: 3.0016406, Test MAE norm: 0.0602645
Epoch: 1439, LR: 0.000010, Loss: 0.0474209, Validation MAE: 1.7274785, Test MAE: 3.0043592, Test MAE norm: 0.0603191
Epoch: 1441, LR: 0.000010, Loss: 0.0473988, Validation MAE: 1.7266049, Test MAE: 3.0107424, Test MAE norm: 0.0604473
Epoch: 1444, LR: 0.000010, Loss: 0.0474032, Validation MAE: 1.7231430, Test MAE: 3.0108147, Test MAE norm: 0.0604487
Epoch: 1445, LR: 0.000010, Loss: 0.0473957, Validation MAE: 1.7220955, Test MAE: 3.0136273, Test MAE norm: 0.0605052
Epoch: 1455, LR: 0.000010, Loss: 0.0473999, Validation MAE: 1.7288846, Test MAE: 3.0060275, Test MAE norm: 0.0603526
Epoch: 1457, LR: 0.000010, Loss: 0.0474204, Validation MAE: 1.7261598, Test MAE: 3.0074794, Test MAE norm: 0.0603818
Epoch: 1458, LR: 0.000010, Loss: 0.0473996, Validation MAE: 1.7205861, Test MAE: 3.0081973, Test MAE norm: 0.0603962
Epoch: 1459, LR: 0.000010, Loss: 0.0473705, Validation MAE: 1.7198732, Test MAE: 3.0103700, Test MAE norm: 0.0604398
Epoch: 1460, LR: 0.000010, Loss: 0.0473879, Validation MAE: 1.7192123, Test MAE: 3.0083854, Test MAE norm: 0.0603999
Epoch: 1470, LR: 0.000010, Loss: 0.0473588, Validation MAE: 1.7227666, Test MAE: 3.0017998, Test MAE norm: 0.0602677
Epoch: 1477, LR: 0.000010, Loss: 0.0473587, Validation MAE: 1.7209598, Test MAE: 3.0088413, Test MAE norm: 0.0604091
Epoch: 1481, LR: 0.000010, Loss: 0.0473682, Validation MAE: 1.7205594, Test MAE: 3.0085692, Test MAE norm: 0.0604036
Epoch: 1491, LR: 0.000010, Loss: 0.0473697, Validation MAE: 1.7248455, Test MAE: 3.0069830, Test MAE norm: 0.0603718
Epoch: 1492, LR: 0.000010, Loss: 0.0473842, Validation MAE: 1.7248038, Test MAE: 3.0129769, Test MAE norm: 0.0604921
Epoch: 1493, LR: 0.000010, Loss: 0.0474027, Validation MAE: 1.7212918, Test MAE: 3.0090442, Test MAE norm: 0.0604132
Epoch: 1497, LR: 0.000010, Loss: 0.0474282, Validation MAE: 1.7212689, Test MAE: 3.0064373, Test MAE norm: 0.0603608
Epoch: 1507, LR: 0.000010, Loss: 0.0474802, Validation MAE: 1.7237436, Test MAE: 3.0078244, Test MAE norm: 0.0603887
Epoch: 1509, LR: 0.000010, Loss: 0.0475520, Validation MAE: 1.7200112, Test MAE: 3.0022504, Test MAE norm: 0.0602768
Epoch: 1519, LR: 0.000010, Loss: 0.0475013, Validation MAE: 1.7297715, Test MAE: 3.0085311, Test MAE norm: 0.0604029
Epoch: 1523, LR: 0.000010, Loss: 0.0476062, Validation MAE: 1.7273535, Test MAE: 3.0170512, Test MAE norm: 0.0605739
Epoch: 1529, LR: 0.000010, Loss: 0.0474134, Validation MAE: 1.7235024, Test MAE: 3.0010648, Test MAE norm: 0.0602530
Epoch: 1531, LR: 0.000010, Loss: 0.0474627, Validation MAE: 1.7160375, Test MAE: 3.0072157, Test MAE norm: 0.0603765
Epoch: 1541, LR: 0.000010, Loss: 0.0474051, Validation MAE: 1.7195706, Test MAE: 3.0077560, Test MAE norm: 0.0603873
Epoch: 1551, LR: 0.000010, Loss: 0.0474857, Validation MAE: 1.7277067, Test MAE: 3.0152192, Test MAE norm: 0.0605371
Epoch: 1552, LR: 0.000010, Loss: 0.0475076, Validation MAE: 1.7217658, Test MAE: 3.0023983, Test MAE norm: 0.0602797
Epoch: 1554, LR: 0.000010, Loss: 0.0474009, Validation MAE: 1.7209357, Test MAE: 3.0160344, Test MAE norm: 0.0605535
Epoch: 1564, LR: 0.000010, Loss: 0.0474719, Validation MAE: 1.7271509, Test MAE: 3.0017500, Test MAE norm: 0.0602667
Epoch: 1565, LR: 0.000010, Loss: 0.0473722, Validation MAE: 1.7213439, Test MAE: 3.0064123, Test MAE norm: 0.0603603
Epoch: 1567, LR: 0.000010, Loss: 0.0474607, Validation MAE: 1.7203983, Test MAE: 3.0067012, Test MAE norm: 0.0603661
Epoch: 1577, LR: 0.000010, Loss: 0.0472939, Validation MAE: 1.7274122, Test MAE: 3.0007045, Test MAE norm: 0.0602457
Epoch: 1578, LR: 0.000010, Loss: 0.0473773, Validation MAE: 1.7244006, Test MAE: 3.0055394, Test MAE norm: 0.0603428
Epoch: 1579, LR: 0.000010, Loss: 0.0473510, Validation MAE: 1.7206718, Test MAE: 3.0037632, Test MAE norm: 0.0603071
Epoch: 1589, LR: 0.000010, Loss: 0.0473289, Validation MAE: 1.7199402, Test MAE: 3.0063179, Test MAE norm: 0.0603584
Epoch: 1590, LR: 0.000010, Loss: 0.0473194, Validation MAE: 1.7195550, Test MAE: 3.0091660, Test MAE norm: 0.0604156
Epoch: 1600, LR: 0.000010, Loss: 0.0474220, Validation MAE: 1.7277639, Test MAE: 2.9948897, Test MAE norm: 0.0601290
Epoch: 1601, LR: 0.000010, Loss: 0.0473052, Validation MAE: 1.7268183, Test MAE: 2.9986558, Test MAE norm: 0.0602046
Epoch: 1603, LR: 0.000010, Loss: 0.0473387, Validation MAE: 1.7223678, Test MAE: 3.0060143, Test MAE norm: 0.0603523
Epoch: 1608, LR: 0.000010, Loss: 0.0474400, Validation MAE: 1.7192197, Test MAE: 3.0065136, Test MAE norm: 0.0603624
Epoch: 1615, LR: 0.000010, Loss: 0.0473378, Validation MAE: 1.7183611, Test MAE: 3.0006454, Test MAE norm: 0.0602445
Epoch: 1617, LR: 0.000010, Loss: 0.0474228, Validation MAE: 1.7170768, Test MAE: 3.0047648, Test MAE norm: 0.0603273
Epoch: 1625, LR: 0.000010, Loss: 0.0473424, Validation MAE: 1.7165163, Test MAE: 3.0077603, Test MAE norm: 0.0603874
Epoch: 1635, LR: 0.000010, Loss: 0.0474794, Validation MAE: 1.7155652, Test MAE: 3.0178266, Test MAE norm: 0.0605895
Epoch: 1645, LR: 0.000010, Loss: 0.0473164, Validation MAE: 1.7192127, Test MAE: 2.9994836, Test MAE norm: 0.0602212
Epoch: 1648, LR: 0.000010, Loss: 0.0472789, Validation MAE: 1.7187229, Test MAE: 3.0063181, Test MAE norm: 0.0603584
Epoch: 1653, LR: 0.000010, Loss: 0.0473521, Validation MAE: 1.7160954, Test MAE: 3.0070016, Test MAE norm: 0.0603722
Epoch: 1657, LR: 0.000010, Loss: 0.0473697, Validation MAE: 1.7147334, Test MAE: 3.0001769, Test MAE norm: 0.0602351
Epoch: 1667, LR: 0.000010, Loss: 0.0473864, Validation MAE: 1.7193384, Test MAE: 3.0101297, Test MAE norm: 0.0604350
Epoch: 1668, LR: 0.000010, Loss: 0.0473945, Validation MAE: 1.7162415, Test MAE: 3.0018063, Test MAE norm: 0.0602679
Epoch: 1678, LR: 0.000010, Loss: 0.0472580, Validation MAE: 1.7207844, Test MAE: 3.0059533, Test MAE norm: 0.0603511
Epoch: 1679, LR: 0.000010, Loss: 0.0473253, Validation MAE: 1.7202783, Test MAE: 3.0077629, Test MAE norm: 0.0603874
Epoch: 1680, LR: 0.000010, Loss: 0.0473443, Validation MAE: 1.7172432, Test MAE: 3.0017533, Test MAE norm: 0.0602668
Epoch: 1688, LR: 0.000010, Loss: 0.0472649, Validation MAE: 1.7140859, Test MAE: 3.0034134, Test MAE norm: 0.0603001
Epoch: 1689, LR: 0.000010, Loss: 0.0472727, Validation MAE: 1.7133938, Test MAE: 3.0043221, Test MAE norm: 0.0603184
Epoch: 1697, LR: 0.000010, Loss: 0.0473394, Validation MAE: 1.7129786, Test MAE: 2.9954901, Test MAE norm: 0.0601410
Epoch: 1707, LR: 0.000010, Loss: 0.0472964, Validation MAE: 1.7102718, Test MAE: 3.0041430, Test MAE norm: 0.0603148
Epoch: 1717, LR: 0.000010, Loss: 0.0472833, Validation MAE: 1.7274102, Test MAE: 2.9877443, Test MAE norm: 0.0599855
Epoch: 1718, LR: 0.000010, Loss: 0.0472737, Validation MAE: 1.7204603, Test MAE: 3.0022426, Test MAE norm: 0.0602766
Epoch: 1719, LR: 0.000010, Loss: 0.0472494, Validation MAE: 1.7118009, Test MAE: 3.0056262, Test MAE norm: 0.0603445
Epoch: 1724, LR: 0.000010, Loss: 0.0473840, Validation MAE: 1.7074435, Test MAE: 3.0014751, Test MAE norm: 0.0602612
Epoch: 1732, LR: 0.000010, Loss: 0.0471602, Validation MAE: 1.7069913, Test MAE: 3.0017598, Test MAE norm: 0.0602669
Epoch: 1733, LR: 0.000010, Loss: 0.0472614, Validation MAE: 1.7037706, Test MAE: 2.9972749, Test MAE norm: 0.0601769
Epoch: 1743, LR: 0.000010, Loss: 0.0474213, Validation MAE: 1.7013243, Test MAE: 3.0042586, Test MAE norm: 0.0603171
Epoch: 1753, LR: 0.000010, Loss: 0.0471604, Validation MAE: 1.7111437, Test MAE: 2.9960215, Test MAE norm: 0.0601517
Epoch: 1759, LR: 0.000010, Loss: 0.0472168, Validation MAE: 1.7080338, Test MAE: 2.9984646, Test MAE norm: 0.0602008
Epoch: 1769, LR: 0.000010, Loss: 0.0472453, Validation MAE: 1.7117660, Test MAE: 2.9855790, Test MAE norm: 0.0599421
Epoch: 1770, LR: 0.000010, Loss: 0.0472369, Validation MAE: 1.7098054, Test MAE: 2.9954040, Test MAE norm: 0.0601393
Epoch: 1775, LR: 0.000010, Loss: 0.0471842, Validation MAE: 1.7077091, Test MAE: 3.0072377, Test MAE norm: 0.0603769
Epoch: 1783, LR: 0.000010, Loss: 0.0471401, Validation MAE: 1.7076844, Test MAE: 2.9892979, Test MAE norm: 0.0600167
Epoch: 1785, LR: 0.000010, Loss: 0.0472116, Validation MAE: 1.7057562, Test MAE: 2.9951980, Test MAE norm: 0.0601352
Epoch: 1791, LR: 0.000010, Loss: 0.0471126, Validation MAE: 1.7031945, Test MAE: 2.9948645, Test MAE norm: 0.0601285
Epoch: 1801, LR: 0.000010, Loss: 0.0471912, Validation MAE: 1.7093890, Test MAE: 2.9937062, Test MAE norm: 0.0601052
Epoch: 1804, LR: 0.000010, Loss: 0.0471977, Validation MAE: 1.7086848, Test MAE: 2.9883077, Test MAE norm: 0.0599968
Epoch: 1805, LR: 0.000010, Loss: 0.0470981, Validation MAE: 1.7045362, Test MAE: 2.9985940, Test MAE norm: 0.0602034
Epoch: 1806, LR: 0.000010, Loss: 0.0471785, Validation MAE: 1.7031716, Test MAE: 2.9994187, Test MAE norm: 0.0602199
Epoch: 1809, LR: 0.000010, Loss: 0.0472263, Validation MAE: 1.7019823, Test MAE: 2.9969075, Test MAE norm: 0.0601695
Epoch: 1817, LR: 0.000010, Loss: 0.0471807, Validation MAE: 1.7010324, Test MAE: 2.9984457, Test MAE norm: 0.0602004
Epoch: 1827, LR: 0.000010, Loss: 0.0471979, Validation MAE: 1.7123045, Test MAE: 2.9878666, Test MAE norm: 0.0599880
Epoch: 1831, LR: 0.000010, Loss: 0.0471275, Validation MAE: 1.7088171, Test MAE: 2.9955988, Test MAE norm: 0.0601432
Epoch: 1832, LR: 0.000010, Loss: 0.0470865, Validation MAE: 1.7051028, Test MAE: 3.0002344, Test MAE norm: 0.0602363
Epoch: 1842, LR: 0.000010, Loss: 0.0470976, Validation MAE: 1.7165302, Test MAE: 2.9866230, Test MAE norm: 0.0599630
Epoch: 1843, LR: 0.000010, Loss: 0.0471326, Validation MAE: 1.7143747, Test MAE: 2.9827998, Test MAE norm: 0.0598863
Epoch: 1844, LR: 0.000010, Loss: 0.0470736, Validation MAE: 1.7113664, Test MAE: 2.9955809, Test MAE norm: 0.0601429
Epoch: 1845, LR: 0.000010, Loss: 0.0471332, Validation MAE: 1.7031839, Test MAE: 2.9925375, Test MAE norm: 0.0600818
Epoch: 1849, LR: 0.000010, Loss: 0.0472824, Validation MAE: 1.6986970, Test MAE: 3.0046184, Test MAE norm: 0.0603243
Epoch: 1859, LR: 0.000010, Loss: 0.0472532, Validation MAE: 1.7004011, Test MAE: 3.0061102, Test MAE norm: 0.0603543
Epoch: 1866, LR: 0.000010, Loss: 0.0471299, Validation MAE: 1.6972413, Test MAE: 2.9943500, Test MAE norm: 0.0601181
Epoch: 1876, LR: 0.000010, Loss: 0.0470225, Validation MAE: 1.7032924, Test MAE: 2.9864788, Test MAE norm: 0.0599601
Epoch: 1879, LR: 0.000010, Loss: 0.0470337, Validation MAE: 1.7022432, Test MAE: 2.9849050, Test MAE norm: 0.0599285
Epoch: 1881, LR: 0.000010, Loss: 0.0470449, Validation MAE: 1.7020096, Test MAE: 2.9830236, Test MAE norm: 0.0598907
Epoch: 1884, LR: 0.000010, Loss: 0.0470322, Validation MAE: 1.7017879, Test MAE: 2.9841106, Test MAE norm: 0.0599126
Epoch: 1890, LR: 0.000010, Loss: 0.0471941, Validation MAE: 1.6948050, Test MAE: 2.9992199, Test MAE norm: 0.0602159
Epoch: 1900, LR: 0.000010, Loss: 0.0470711, Validation MAE: 1.7053719, Test MAE: 2.9746580, Test MAE norm: 0.0597228
Epoch: 1902, LR: 0.000010, Loss: 0.0470920, Validation MAE: 1.6995399, Test MAE: 2.9902139, Test MAE norm: 0.0600351
Epoch: 1909, LR: 0.000010, Loss: 0.0469104, Validation MAE: 1.6987604, Test MAE: 2.9817145, Test MAE norm: 0.0598645
Epoch: 1910, LR: 0.000010, Loss: 0.0469459, Validation MAE: 1.6939967, Test MAE: 2.9861176, Test MAE norm: 0.0599529
Epoch: 1920, LR: 0.000010, Loss: 0.0468756, Validation MAE: 1.6981626, Test MAE: 2.9813631, Test MAE norm: 0.0598574
Epoch: 1921, LR: 0.000010, Loss: 0.0469129, Validation MAE: 1.6979724, Test MAE: 2.9831655, Test MAE norm: 0.0598936
Epoch: 1922, LR: 0.000010, Loss: 0.0469284, Validation MAE: 1.6920053, Test MAE: 2.9866445, Test MAE norm: 0.0599634
Epoch: 1929, LR: 0.000010, Loss: 0.0469232, Validation MAE: 1.6910496, Test MAE: 2.9935920, Test MAE norm: 0.0601029
Epoch: 1937, LR: 0.000010, Loss: 0.0470085, Validation MAE: 1.6905848, Test MAE: 2.9877346, Test MAE norm: 0.0599853
Epoch: 1947, LR: 0.000010, Loss: 0.0470297, Validation MAE: 1.7001953, Test MAE: 2.9868395, Test MAE norm: 0.0599674
Epoch: 1948, LR: 0.000010, Loss: 0.0468838, Validation MAE: 1.6959416, Test MAE: 2.9883132, Test MAE norm: 0.0599969
Epoch: 1951, LR: 0.000010, Loss: 0.0469810, Validation MAE: 1.6943095, Test MAE: 2.9863064, Test MAE norm: 0.0599567
Epoch: 1952, LR: 0.000010, Loss: 0.0469092, Validation MAE: 1.6905831, Test MAE: 2.9916067, Test MAE norm: 0.0600631
Epoch: 1962, LR: 0.000010, Loss: 0.0469020, Validation MAE: 1.7075185, Test MAE: 2.9721031, Test MAE norm: 0.0596715
Epoch: 1963, LR: 0.000010, Loss: 0.0470452, Validation MAE: 1.7070560, Test MAE: 2.9736547, Test MAE norm: 0.0597026
Epoch: 1964, LR: 0.000010, Loss: 0.0470585, Validation MAE: 1.6947460, Test MAE: 2.9855433, Test MAE norm: 0.0599413
Epoch: 1965, LR: 0.000010, Loss: 0.0469624, Validation MAE: 1.6917281, Test MAE: 2.9992633, Test MAE norm: 0.0602168
Epoch: 1966, LR: 0.000010, Loss: 0.0470584, Validation MAE: 1.6912726, Test MAE: 2.9906056, Test MAE norm: 0.0600430
Epoch: 1974, LR: 0.000010, Loss: 0.0469807, Validation MAE: 1.6875466, Test MAE: 2.9940434, Test MAE norm: 0.0601120
Epoch: 1984, LR: 0.000010, Loss: 0.0468895, Validation MAE: 1.6853650, Test MAE: 2.9911344, Test MAE norm: 0.0600536
Epoch: 1985, LR: 0.000010, Loss: 0.0469104, Validation MAE: 1.6839579, Test MAE: 2.9944704, Test MAE norm: 0.0601206
Epoch: 1995, LR: 0.000010, Loss: 0.0468904, Validation MAE: 1.6935055, Test MAE: 2.9791081, Test MAE norm: 0.0598121
Epoch: 2000, LR: 0.000010, Loss: 0.0468276, Validation MAE: 1.6929650, Test MAE: 2.9810596, Test MAE norm: 0.0598513
Epoch: 2000, LR: 0.000010, Loss: 0.0468276, Validation MAE: 1.6929650, Test MAE: 2.9810596, Test MAE norm: 0.0598513