Command line input: python run_count.py --batch_size 256 --target 5 --model NGNN --h 3 --seed 1 --epoch 2000 --dataset easy-1
Mean = 12.027, Std = 49.808
Using NGNN model

Epoch: 001, LR: 0.001000, Loss: 0.3245407, Validation MAE: 26.9892864, Test MAE: 29.4939251, Test MAE norm: 0.5921553
Epoch: 002, LR: 0.001000, Loss: 0.4952586, Validation MAE: 16.6116409, Test MAE: 17.5656013, Test MAE norm: 0.3526680
Epoch: 005, LR: 0.001000, Loss: 0.3303731, Validation MAE: 14.3194809, Test MAE: 15.0313931, Test MAE norm: 0.3017882
Epoch: 006, LR: 0.001000, Loss: 0.2385688, Validation MAE: 13.8389730, Test MAE: 15.2765074, Test MAE norm: 0.3067094
Epoch: 008, LR: 0.001000, Loss: 0.2569301, Validation MAE: 13.6113262, Test MAE: 14.2297831, Test MAE norm: 0.2856941
Epoch: 009, LR: 0.001000, Loss: 0.2308881, Validation MAE: 11.8382893, Test MAE: 11.4203787, Test MAE norm: 0.2292892
Epoch: 012, LR: 0.001000, Loss: 0.2287527, Validation MAE: 11.6925812, Test MAE: 11.6240273, Test MAE norm: 0.2333779
Epoch: 015, LR: 0.001000, Loss: 0.2096780, Validation MAE: 11.2733431, Test MAE: 11.7978916, Test MAE norm: 0.2368686
Epoch: 018, LR: 0.001000, Loss: 0.1971759, Validation MAE: 10.3430767, Test MAE: 10.7401104, Test MAE norm: 0.2156313
Epoch: 021, LR: 0.001000, Loss: 0.1938605, Validation MAE: 10.0672112, Test MAE: 10.9809685, Test MAE norm: 0.2204670
Epoch: 024, LR: 0.001000, Loss: 0.1949777, Validation MAE: 9.9810600, Test MAE: 11.1406717, Test MAE norm: 0.2236734
Epoch: 028, LR: 0.001000, Loss: 0.1802163, Validation MAE: 9.2009487, Test MAE: 10.4668522, Test MAE norm: 0.2101450
Epoch: 037, LR: 0.001000, Loss: 0.1661532, Validation MAE: 9.1678228, Test MAE: 9.7607822, Test MAE norm: 0.1959691
Epoch: 039, LR: 0.001000, Loss: 0.1564140, Validation MAE: 9.0748272, Test MAE: 11.0777998, Test MAE norm: 0.2224111
Epoch: 040, LR: 0.001000, Loss: 0.1507557, Validation MAE: 8.8268452, Test MAE: 9.8276844, Test MAE norm: 0.1973123
Epoch: 041, LR: 0.001000, Loss: 0.1457879, Validation MAE: 8.6458263, Test MAE: 9.8048010, Test MAE norm: 0.1968529
Epoch: 042, LR: 0.001000, Loss: 0.1432764, Validation MAE: 8.6451912, Test MAE: 10.6930847, Test MAE norm: 0.2146872
Epoch: 045, LR: 0.001000, Loss: 0.1629852, Validation MAE: 8.4903660, Test MAE: 9.1014605, Test MAE norm: 0.1827318
Epoch: 055, LR: 0.001000, Loss: 0.1679600, Validation MAE: 10.2962179, Test MAE: 11.5427284, Test MAE norm: 0.2317456
Epoch: 056, LR: 0.001000, Loss: 0.1624940, Validation MAE: 10.2614756, Test MAE: 11.4981394, Test MAE norm: 0.2308504
Epoch: 057, LR: 0.000900, Loss: 0.1632564, Validation MAE: 10.1378145, Test MAE: 11.1405392, Test MAE norm: 0.2236708
Epoch: 058, LR: 0.000900, Loss: 0.1614090, Validation MAE: 9.8537817, Test MAE: 10.6778193, Test MAE norm: 0.2143807
Epoch: 060, LR: 0.000900, Loss: 0.1608933, Validation MAE: 9.4808149, Test MAE: 9.9901800, Test MAE norm: 0.2005748
Epoch: 062, LR: 0.000900, Loss: 0.1576104, Validation MAE: 9.2425966, Test MAE: 9.8319073, Test MAE norm: 0.1973971
Epoch: 065, LR: 0.000900, Loss: 0.1573570, Validation MAE: 8.9781971, Test MAE: 9.5472145, Test MAE norm: 0.1916813
Epoch: 068, LR: 0.000810, Loss: 0.1556302, Validation MAE: 8.6815996, Test MAE: 9.3902807, Test MAE norm: 0.1885305
Epoch: 070, LR: 0.000810, Loss: 0.1431930, Validation MAE: 8.3854008, Test MAE: 9.6034870, Test MAE norm: 0.1928111
Epoch: 071, LR: 0.000810, Loss: 0.1390700, Validation MAE: 8.0451689, Test MAE: 9.2156286, Test MAE norm: 0.1850240
Epoch: 073, LR: 0.000810, Loss: 0.1419766, Validation MAE: 8.0044527, Test MAE: 9.5098438, Test MAE norm: 0.1909310
Epoch: 074, LR: 0.000810, Loss: 0.1339912, Validation MAE: 7.4650283, Test MAE: 9.1335859, Test MAE norm: 0.1833768
Epoch: 075, LR: 0.000810, Loss: 0.1245117, Validation MAE: 7.1805420, Test MAE: 9.2720327, Test MAE norm: 0.1861564
Epoch: 085, LR: 0.000810, Loss: 0.1866430, Validation MAE: 10.4837341, Test MAE: 8.5512304, Test MAE norm: 0.1716847
Epoch: 086, LR: 0.000810, Loss: 0.1786166, Validation MAE: 10.3055620, Test MAE: 9.0720749, Test MAE norm: 0.1821418
Epoch: 087, LR: 0.000729, Loss: 0.1724783, Validation MAE: 10.0915785, Test MAE: 9.4440966, Test MAE norm: 0.1896110
Epoch: 094, LR: 0.000729, Loss: 0.1647242, Validation MAE: 9.9529686, Test MAE: 10.4611769, Test MAE norm: 0.2100311
Epoch: 095, LR: 0.000729, Loss: 0.1608266, Validation MAE: 9.7807341, Test MAE: 10.1444168, Test MAE norm: 0.2036714
Epoch: 097, LR: 0.000729, Loss: 0.1610785, Validation MAE: 9.6647949, Test MAE: 9.7828569, Test MAE norm: 0.1964123
Epoch: 098, LR: 0.000656, Loss: 0.1582763, Validation MAE: 9.5494061, Test MAE: 9.6659012, Test MAE norm: 0.1940642
Epoch: 099, LR: 0.000656, Loss: 0.1566395, Validation MAE: 9.4979858, Test MAE: 9.6454201, Test MAE norm: 0.1936530
Epoch: 100, LR: 0.000656, Loss: 0.1558403, Validation MAE: 9.4891224, Test MAE: 9.6871080, Test MAE norm: 0.1944900
Epoch: 103, LR: 0.000656, Loss: 0.1565589, Validation MAE: 9.3698864, Test MAE: 9.8327227, Test MAE norm: 0.1974135
Epoch: 106, LR: 0.000656, Loss: 0.1544646, Validation MAE: 9.1962595, Test MAE: 9.6542349, Test MAE norm: 0.1938300
Epoch: 108, LR: 0.000656, Loss: 0.1552962, Validation MAE: 9.0666475, Test MAE: 9.5557089, Test MAE norm: 0.1918518
Epoch: 109, LR: 0.000590, Loss: 0.1487591, Validation MAE: 9.0049696, Test MAE: 9.6172867, Test MAE norm: 0.1930881
Epoch: 111, LR: 0.000590, Loss: 0.1495672, Validation MAE: 8.7911158, Test MAE: 9.8089161, Test MAE norm: 0.1969355
Epoch: 112, LR: 0.000590, Loss: 0.1437596, Validation MAE: 8.5793037, Test MAE: 9.7710896, Test MAE norm: 0.1961761
Epoch: 113, LR: 0.000590, Loss: 0.1400540, Validation MAE: 8.3861923, Test MAE: 9.6529789, Test MAE norm: 0.1938047
Epoch: 115, LR: 0.000590, Loss: 0.1387954, Validation MAE: 8.1642551, Test MAE: 9.2006950, Test MAE norm: 0.1847242
Epoch: 118, LR: 0.000590, Loss: 0.1350268, Validation MAE: 7.9004178, Test MAE: 9.1132793, Test MAE norm: 0.1829691
Epoch: 119, LR: 0.000590, Loss: 0.1291808, Validation MAE: 7.8521018, Test MAE: 9.6055593, Test MAE norm: 0.1928527
Epoch: 120, LR: 0.000531, Loss: 0.1299868, Validation MAE: 7.6206012, Test MAE: 8.2721157, Test MAE norm: 0.1660809
Epoch: 121, LR: 0.000531, Loss: 0.1233250, Validation MAE: 7.4383888, Test MAE: 8.4893293, Test MAE norm: 0.1704419
Epoch: 131, LR: 0.000478, Loss: 0.1578427, Validation MAE: 8.4906683, Test MAE: 9.1328087, Test MAE norm: 0.1833612
Epoch: 133, LR: 0.000478, Loss: 0.1534350, Validation MAE: 7.9500999, Test MAE: 9.7297335, Test MAE norm: 0.1953458
Epoch: 138, LR: 0.000478, Loss: 0.1346738, Validation MAE: 7.3928456, Test MAE: 8.9607353, Test MAE norm: 0.1799064
Epoch: 142, LR: 0.000430, Loss: 0.1310451, Validation MAE: 6.9924102, Test MAE: 7.3823943, Test MAE norm: 0.1482178
Epoch: 147, LR: 0.000430, Loss: 0.1144249, Validation MAE: 6.1742167, Test MAE: 7.2679567, Test MAE norm: 0.1459202
Epoch: 151, LR: 0.000430, Loss: 0.1103697, Validation MAE: 5.9994793, Test MAE: 7.0214219, Test MAE norm: 0.1409705
Epoch: 161, LR: 0.000430, Loss: 0.1000582, Validation MAE: 6.6464272, Test MAE: 7.8466954, Test MAE norm: 0.1575396
Epoch: 162, LR: 0.000430, Loss: 0.1224818, Validation MAE: 5.6008992, Test MAE: 6.4069481, Test MAE norm: 0.1286335
Epoch: 165, LR: 0.000430, Loss: 0.1046347, Validation MAE: 5.5839677, Test MAE: 6.7654457, Test MAE norm: 0.1358312
Epoch: 166, LR: 0.000430, Loss: 0.1018032, Validation MAE: 5.2097435, Test MAE: 6.1965475, Test MAE norm: 0.1244093
Epoch: 169, LR: 0.000430, Loss: 0.1000350, Validation MAE: 5.1205053, Test MAE: 6.0446143, Test MAE norm: 0.1213589
Epoch: 173, LR: 0.000430, Loss: 0.0919053, Validation MAE: 4.8442993, Test MAE: 5.5975075, Test MAE norm: 0.1123822
Epoch: 178, LR: 0.000430, Loss: 0.0987083, Validation MAE: 4.5602574, Test MAE: 5.1375704, Test MAE norm: 0.1031480
Epoch: 185, LR: 0.000430, Loss: 0.1081864, Validation MAE: 4.5329366, Test MAE: 5.3786135, Test MAE norm: 0.1079875
Epoch: 190, LR: 0.000430, Loss: 0.0864131, Validation MAE: 4.5225253, Test MAE: 5.5680737, Test MAE norm: 0.1117913
Epoch: 194, LR: 0.000430, Loss: 0.0826928, Validation MAE: 4.2752285, Test MAE: 4.8994641, Test MAE norm: 0.0983675
Epoch: 195, LR: 0.000430, Loss: 0.0786261, Validation MAE: 4.2461925, Test MAE: 4.7969656, Test MAE norm: 0.0963096
Epoch: 199, LR: 0.000430, Loss: 0.0859067, Validation MAE: 4.0984874, Test MAE: 4.8417697, Test MAE norm: 0.0972092
Epoch: 206, LR: 0.000430, Loss: 0.0783082, Validation MAE: 4.0713062, Test MAE: 4.6366119, Test MAE norm: 0.0930902
Epoch: 207, LR: 0.000430, Loss: 0.0803522, Validation MAE: 4.0510063, Test MAE: 4.4477177, Test MAE norm: 0.0892977
Epoch: 210, LR: 0.000430, Loss: 0.0709227, Validation MAE: 4.0282955, Test MAE: 4.8389554, Test MAE norm: 0.0971527
Epoch: 211, LR: 0.000430, Loss: 0.0807621, Validation MAE: 3.9958103, Test MAE: 4.5659628, Test MAE norm: 0.0916717
Epoch: 215, LR: 0.000430, Loss: 0.0769596, Validation MAE: 3.9663460, Test MAE: 4.5083179, Test MAE norm: 0.0905144
Epoch: 223, LR: 0.000430, Loss: 0.0679196, Validation MAE: 3.8601964, Test MAE: 4.3326836, Test MAE norm: 0.0869881
Epoch: 227, LR: 0.000430, Loss: 0.0763737, Validation MAE: 3.8077071, Test MAE: 4.2405267, Test MAE norm: 0.0851379
Epoch: 235, LR: 0.000430, Loss: 0.0760502, Validation MAE: 3.7006137, Test MAE: 4.1121941, Test MAE norm: 0.0825613
Epoch: 242, LR: 0.000430, Loss: 0.0758083, Validation MAE: 3.6816819, Test MAE: 4.1261330, Test MAE norm: 0.0828412
Epoch: 252, LR: 0.000430, Loss: 0.0767692, Validation MAE: 4.2579718, Test MAE: 4.5555210, Test MAE norm: 0.0914621
Epoch: 254, LR: 0.000387, Loss: 0.0688873, Validation MAE: 3.8147864, Test MAE: 4.0971565, Test MAE norm: 0.0822594
Epoch: 258, LR: 0.000387, Loss: 0.0663708, Validation MAE: 3.7779257, Test MAE: 4.1156731, Test MAE norm: 0.0826312
Epoch: 262, LR: 0.000387, Loss: 0.0709740, Validation MAE: 3.7308187, Test MAE: 4.1492181, Test MAE norm: 0.0833047
Epoch: 265, LR: 0.000349, Loss: 0.0699880, Validation MAE: 3.7211022, Test MAE: 4.0605173, Test MAE norm: 0.0815238
Epoch: 270, LR: 0.000349, Loss: 0.0782617, Validation MAE: 3.7013888, Test MAE: 4.1020827, Test MAE norm: 0.0823583
Epoch: 280, LR: 0.000314, Loss: 0.0661053, Validation MAE: 3.8082201, Test MAE: 4.1025343, Test MAE norm: 0.0823674
Epoch: 286, LR: 0.000314, Loss: 0.0673647, Validation MAE: 3.6600907, Test MAE: 4.0269165, Test MAE norm: 0.0808492
Epoch: 290, LR: 0.000314, Loss: 0.0654668, Validation MAE: 3.6503520, Test MAE: 3.9954946, Test MAE norm: 0.0802183
Epoch: 295, LR: 0.000314, Loss: 0.0677904, Validation MAE: 3.6488938, Test MAE: 3.9772849, Test MAE norm: 0.0798527
Epoch: 305, LR: 0.000314, Loss: 0.0675503, Validation MAE: 3.9154267, Test MAE: 4.1688089, Test MAE norm: 0.0836980
Epoch: 307, LR: 0.000282, Loss: 0.0635580, Validation MAE: 3.7477195, Test MAE: 4.0301518, Test MAE norm: 0.0809141
Epoch: 309, LR: 0.000282, Loss: 0.0641330, Validation MAE: 3.7026443, Test MAE: 4.0079331, Test MAE norm: 0.0804681
Epoch: 312, LR: 0.000282, Loss: 0.0630403, Validation MAE: 3.6403172, Test MAE: 3.9357555, Test MAE norm: 0.0790189
Epoch: 315, LR: 0.000282, Loss: 0.0624969, Validation MAE: 3.6337650, Test MAE: 3.9363918, Test MAE norm: 0.0790317
Epoch: 321, LR: 0.000282, Loss: 0.0622747, Validation MAE: 3.5722399, Test MAE: 3.8631570, Test MAE norm: 0.0775614
Epoch: 324, LR: 0.000282, Loss: 0.0620039, Validation MAE: 3.4882114, Test MAE: 3.8033566, Test MAE norm: 0.0763607
Epoch: 334, LR: 0.000282, Loss: 0.0608538, Validation MAE: 3.6096117, Test MAE: 3.8996503, Test MAE norm: 0.0782940
Epoch: 336, LR: 0.000254, Loss: 0.0624443, Validation MAE: 3.5493057, Test MAE: 3.8552144, Test MAE norm: 0.0774019
Epoch: 346, LR: 0.000254, Loss: 0.0607080, Validation MAE: 4.0630512, Test MAE: 4.2185011, Test MAE norm: 0.0846957
Epoch: 347, LR: 0.000229, Loss: 0.0631147, Validation MAE: 3.5244091, Test MAE: 3.8098876, Test MAE norm: 0.0764919
Epoch: 351, LR: 0.000229, Loss: 0.0604953, Validation MAE: 3.4715836, Test MAE: 3.7930233, Test MAE norm: 0.0761533
Epoch: 361, LR: 0.000229, Loss: 0.0611022, Validation MAE: 4.0038319, Test MAE: 4.1643147, Test MAE norm: 0.0836078
Epoch: 362, LR: 0.000229, Loss: 0.0623043, Validation MAE: 3.4519157, Test MAE: 3.7563391, Test MAE norm: 0.0754168
Epoch: 372, LR: 0.000229, Loss: 0.0655296, Validation MAE: 3.7822750, Test MAE: 4.0775576, Test MAE norm: 0.0818659
Epoch: 380, LR: 0.000206, Loss: 0.0667573, Validation MAE: 3.6986592, Test MAE: 3.9634812, Test MAE norm: 0.0795756
Epoch: 384, LR: 0.000206, Loss: 0.0618831, Validation MAE: 3.6720846, Test MAE: 3.9706006, Test MAE norm: 0.0797185
Epoch: 387, LR: 0.000185, Loss: 0.0634100, Validation MAE: 3.6690640, Test MAE: 3.9496021, Test MAE norm: 0.0792969
Epoch: 390, LR: 0.000185, Loss: 0.0616575, Validation MAE: 3.6436477, Test MAE: 3.9022779, Test MAE norm: 0.0783468
Epoch: 396, LR: 0.000167, Loss: 0.0598823, Validation MAE: 3.5051901, Test MAE: 3.8025920, Test MAE norm: 0.0763454
Epoch: 406, LR: 0.000167, Loss: 0.0608650, Validation MAE: 3.4361491, Test MAE: 3.7297904, Test MAE norm: 0.0748837
Epoch: 410, LR: 0.000167, Loss: 0.0591840, Validation MAE: 3.3877099, Test MAE: 3.6692364, Test MAE norm: 0.0736680
Epoch: 414, LR: 0.000167, Loss: 0.0595818, Validation MAE: 3.3626180, Test MAE: 3.6318061, Test MAE norm: 0.0729165
Epoch: 418, LR: 0.000167, Loss: 0.0609028, Validation MAE: 3.3608034, Test MAE: 3.6396358, Test MAE norm: 0.0730737
Epoch: 419, LR: 0.000167, Loss: 0.0653348, Validation MAE: 3.3472769, Test MAE: 3.6397197, Test MAE norm: 0.0730754
Epoch: 429, LR: 0.000167, Loss: 0.0595263, Validation MAE: 4.0026946, Test MAE: 4.1188502, Test MAE norm: 0.0826950
Epoch: 430, LR: 0.000167, Loss: 0.0627692, Validation MAE: 3.4805136, Test MAE: 3.7242515, Test MAE norm: 0.0747725
Epoch: 431, LR: 0.000150, Loss: 0.0618509, Validation MAE: 3.4548931, Test MAE: 3.7015140, Test MAE norm: 0.0743160
Epoch: 438, LR: 0.000150, Loss: 0.0602100, Validation MAE: 3.4330597, Test MAE: 3.7017770, Test MAE norm: 0.0743213
Epoch: 442, LR: 0.000135, Loss: 0.0595463, Validation MAE: 3.3864889, Test MAE: 3.6775804, Test MAE norm: 0.0738355
Epoch: 452, LR: 0.000135, Loss: 0.0595936, Validation MAE: 3.8371041, Test MAE: 3.9999652, Test MAE norm: 0.0803081
Epoch: 453, LR: 0.000122, Loss: 0.0606497, Validation MAE: 3.7231228, Test MAE: 3.9220819, Test MAE norm: 0.0787444
Epoch: 454, LR: 0.000122, Loss: 0.0598994, Validation MAE: 3.4281223, Test MAE: 3.7072549, Test MAE norm: 0.0744313
Epoch: 464, LR: 0.000109, Loss: 0.0592362, Validation MAE: 3.7425969, Test MAE: 3.9346774, Test MAE norm: 0.0789973
Epoch: 465, LR: 0.000109, Loss: 0.0598017, Validation MAE: 3.6666477, Test MAE: 3.8938837, Test MAE norm: 0.0781783
Epoch: 466, LR: 0.000109, Loss: 0.0594419, Validation MAE: 3.4888396, Test MAE: 3.7730529, Test MAE norm: 0.0757523
Epoch: 476, LR: 0.000098, Loss: 0.0591761, Validation MAE: 3.7317672, Test MAE: 3.9477909, Test MAE norm: 0.0792606
Epoch: 477, LR: 0.000098, Loss: 0.0593591, Validation MAE: 3.5324066, Test MAE: 3.8069584, Test MAE norm: 0.0764330
Epoch: 481, LR: 0.000098, Loss: 0.0589420, Validation MAE: 3.5106344, Test MAE: 3.7949824, Test MAE norm: 0.0761926
Epoch: 485, LR: 0.000098, Loss: 0.0589143, Validation MAE: 3.5028181, Test MAE: 3.7835414, Test MAE norm: 0.0759629
Epoch: 495, LR: 0.000089, Loss: 0.0585909, Validation MAE: 3.5798092, Test MAE: 3.8449860, Test MAE norm: 0.0771965
Epoch: 496, LR: 0.000089, Loss: 0.0585949, Validation MAE: 3.5266428, Test MAE: 3.8015964, Test MAE norm: 0.0763254
Epoch: 503, LR: 0.000080, Loss: 0.0585900, Validation MAE: 3.4963691, Test MAE: 3.7778022, Test MAE norm: 0.0758477
Epoch: 513, LR: 0.000072, Loss: 0.0586097, Validation MAE: 3.5422459, Test MAE: 3.8071976, Test MAE norm: 0.0764378
Epoch: 514, LR: 0.000072, Loss: 0.0584823, Validation MAE: 3.4978702, Test MAE: 3.7784579, Test MAE norm: 0.0758608
Epoch: 517, LR: 0.000072, Loss: 0.0585601, Validation MAE: 3.4899807, Test MAE: 3.7672515, Test MAE norm: 0.0756358
Epoch: 527, LR: 0.000065, Loss: 0.0583696, Validation MAE: 3.4931536, Test MAE: 3.7700403, Test MAE norm: 0.0756918
Epoch: 537, LR: 0.000058, Loss: 0.0582703, Validation MAE: 3.5097980, Test MAE: 3.7799990, Test MAE norm: 0.0758918
Epoch: 547, LR: 0.000052, Loss: 0.0582227, Validation MAE: 3.5339849, Test MAE: 3.7989454, Test MAE norm: 0.0762722
Epoch: 548, LR: 0.000052, Loss: 0.0582181, Validation MAE: 3.5066981, Test MAE: 3.7779899, Test MAE norm: 0.0758514
Epoch: 557, LR: 0.000047, Loss: 0.0581715, Validation MAE: 3.5046430, Test MAE: 3.7762175, Test MAE norm: 0.0758159
Epoch: 566, LR: 0.000042, Loss: 0.0581273, Validation MAE: 3.4946346, Test MAE: 3.7709243, Test MAE norm: 0.0757096
Epoch: 574, LR: 0.000038, Loss: 0.0581081, Validation MAE: 3.4925363, Test MAE: 3.7686458, Test MAE norm: 0.0756638
Epoch: 579, LR: 0.000038, Loss: 0.0580750, Validation MAE: 3.4808698, Test MAE: 3.7571275, Test MAE norm: 0.0754326
Epoch: 589, LR: 0.000034, Loss: 0.0580078, Validation MAE: 3.5096881, Test MAE: 3.7777638, Test MAE norm: 0.0758469
Epoch: 592, LR: 0.000034, Loss: 0.0580373, Validation MAE: 3.4762545, Test MAE: 3.7534990, Test MAE norm: 0.0753597
Epoch: 602, LR: 0.000031, Loss: 0.0580048, Validation MAE: 3.4903803, Test MAE: 3.7656078, Test MAE norm: 0.0756028
Epoch: 603, LR: 0.000031, Loss: 0.0579977, Validation MAE: 3.4897132, Test MAE: 3.7631898, Test MAE norm: 0.0755543
Epoch: 608, LR: 0.000028, Loss: 0.0579933, Validation MAE: 3.4840837, Test MAE: 3.7614865, Test MAE norm: 0.0755201
Epoch: 617, LR: 0.000028, Loss: 0.0579210, Validation MAE: 3.4709449, Test MAE: 3.7519557, Test MAE norm: 0.0753287
Epoch: 627, LR: 0.000025, Loss: 0.0579771, Validation MAE: 3.5076044, Test MAE: 3.7759497, Test MAE norm: 0.0758105
Epoch: 628, LR: 0.000025, Loss: 0.0579131, Validation MAE: 3.4638968, Test MAE: 3.7450752, Test MAE norm: 0.0751906
Epoch: 638, LR: 0.000023, Loss: 0.0579110, Validation MAE: 3.4946089, Test MAE: 3.7666740, Test MAE norm: 0.0756242
Epoch: 639, LR: 0.000023, Loss: 0.0578957, Validation MAE: 3.4744890, Test MAE: 3.7528117, Test MAE norm: 0.0753459
Epoch: 649, LR: 0.000020, Loss: 0.0578823, Validation MAE: 3.4981124, Test MAE: 3.7691901, Test MAE norm: 0.0756748
Epoch: 650, LR: 0.000020, Loss: 0.0578788, Validation MAE: 3.4906201, Test MAE: 3.7628024, Test MAE norm: 0.0755465
Epoch: 651, LR: 0.000018, Loss: 0.0578690, Validation MAE: 3.4808447, Test MAE: 3.7570972, Test MAE norm: 0.0754320
Epoch: 652, LR: 0.000018, Loss: 0.0578494, Validation MAE: 3.4807844, Test MAE: 3.7574894, Test MAE norm: 0.0754398
Epoch: 658, LR: 0.000018, Loss: 0.0578486, Validation MAE: 3.4768419, Test MAE: 3.7543898, Test MAE norm: 0.0753776
Epoch: 668, LR: 0.000016, Loss: 0.0578335, Validation MAE: 3.4857962, Test MAE: 3.7595394, Test MAE norm: 0.0754810
Epoch: 669, LR: 0.000016, Loss: 0.0578302, Validation MAE: 3.4857380, Test MAE: 3.7607744, Test MAE norm: 0.0755058
Epoch: 673, LR: 0.000015, Loss: 0.0578231, Validation MAE: 3.4804406, Test MAE: 3.7569740, Test MAE norm: 0.0754295
Epoch: 674, LR: 0.000015, Loss: 0.0578204, Validation MAE: 3.4757676, Test MAE: 3.7539740, Test MAE norm: 0.0753693
Epoch: 684, LR: 0.000013, Loss: 0.0578020, Validation MAE: 3.4779081, Test MAE: 3.7550349, Test MAE norm: 0.0753906
Epoch: 685, LR: 0.000013, Loss: 0.0577944, Validation MAE: 3.4750006, Test MAE: 3.7526102, Test MAE norm: 0.0753419
Epoch: 692, LR: 0.000013, Loss: 0.0577756, Validation MAE: 3.4743297, Test MAE: 3.7525735, Test MAE norm: 0.0753412
Epoch: 693, LR: 0.000013, Loss: 0.0577854, Validation MAE: 3.4699564, Test MAE: 3.7483518, Test MAE norm: 0.0752564
Epoch: 700, LR: 0.000012, Loss: 0.0577708, Validation MAE: 3.4689131, Test MAE: 3.7489350, Test MAE norm: 0.0752681
Epoch: 708, LR: 0.000011, Loss: 0.0577630, Validation MAE: 3.4678192, Test MAE: 3.7456458, Test MAE norm: 0.0752021
Epoch: 718, LR: 0.000010, Loss: 0.0577523, Validation MAE: 3.4751580, Test MAE: 3.7542887, Test MAE norm: 0.0753756
Epoch: 723, LR: 0.000010, Loss: 0.0577620, Validation MAE: 3.4747772, Test MAE: 3.7506442, Test MAE norm: 0.0753024
Epoch: 724, LR: 0.000010, Loss: 0.0577361, Validation MAE: 3.4711742, Test MAE: 3.7469554, Test MAE norm: 0.0752284
Epoch: 725, LR: 0.000010, Loss: 0.0577547, Validation MAE: 3.4651165, Test MAE: 3.7427654, Test MAE norm: 0.0751442
Epoch: 734, LR: 0.000010, Loss: 0.0577297, Validation MAE: 3.4632487, Test MAE: 3.7453861, Test MAE norm: 0.0751968
Epoch: 735, LR: 0.000010, Loss: 0.0577324, Validation MAE: 3.4624639, Test MAE: 3.7437243, Test MAE norm: 0.0751635
Epoch: 745, LR: 0.000010, Loss: 0.0577342, Validation MAE: 3.4750659, Test MAE: 3.7519374, Test MAE norm: 0.0753284
Epoch: 746, LR: 0.000010, Loss: 0.0577328, Validation MAE: 3.4746144, Test MAE: 3.7506628, Test MAE norm: 0.0753028
Epoch: 749, LR: 0.000010, Loss: 0.0577131, Validation MAE: 3.4745491, Test MAE: 3.7510083, Test MAE norm: 0.0753097
Epoch: 750, LR: 0.000010, Loss: 0.0577112, Validation MAE: 3.4708047, Test MAE: 3.7495968, Test MAE norm: 0.0752814
Epoch: 751, LR: 0.000010, Loss: 0.0576975, Validation MAE: 3.4672019, Test MAE: 3.7482498, Test MAE norm: 0.0752543
Epoch: 752, LR: 0.000010, Loss: 0.0577095, Validation MAE: 3.4652212, Test MAE: 3.7466338, Test MAE norm: 0.0752219
Epoch: 759, LR: 0.000010, Loss: 0.0577145, Validation MAE: 3.4596972, Test MAE: 3.7419426, Test MAE norm: 0.0751277
Epoch: 769, LR: 0.000010, Loss: 0.0576814, Validation MAE: 3.4606242, Test MAE: 3.7433281, Test MAE norm: 0.0751555
Epoch: 779, LR: 0.000010, Loss: 0.0576709, Validation MAE: 3.4807849, Test MAE: 3.7573400, Test MAE norm: 0.0754368
Epoch: 780, LR: 0.000010, Loss: 0.0576962, Validation MAE: 3.4720957, Test MAE: 3.7497041, Test MAE norm: 0.0752835
Epoch: 781, LR: 0.000010, Loss: 0.0576666, Validation MAE: 3.4713349, Test MAE: 3.7493246, Test MAE norm: 0.0752759
Epoch: 782, LR: 0.000010, Loss: 0.0576906, Validation MAE: 3.4672625, Test MAE: 3.7461531, Test MAE norm: 0.0752122
Epoch: 783, LR: 0.000010, Loss: 0.0576787, Validation MAE: 3.4637241, Test MAE: 3.7440264, Test MAE norm: 0.0751695
Epoch: 784, LR: 0.000010, Loss: 0.0576803, Validation MAE: 3.4634449, Test MAE: 3.7443800, Test MAE norm: 0.0751766
Epoch: 785, LR: 0.000010, Loss: 0.0576703, Validation MAE: 3.4608040, Test MAE: 3.7407348, Test MAE norm: 0.0751035
Epoch: 786, LR: 0.000010, Loss: 0.0576577, Validation MAE: 3.4581759, Test MAE: 3.7390864, Test MAE norm: 0.0750704
Epoch: 790, LR: 0.000010, Loss: 0.0576750, Validation MAE: 3.4564013, Test MAE: 3.7373924, Test MAE norm: 0.0750364
Epoch: 800, LR: 0.000010, Loss: 0.0576514, Validation MAE: 3.4717910, Test MAE: 3.7489452, Test MAE norm: 0.0752683
Epoch: 803, LR: 0.000010, Loss: 0.0576410, Validation MAE: 3.4710500, Test MAE: 3.7473574, Test MAE norm: 0.0752364
Epoch: 804, LR: 0.000010, Loss: 0.0576568, Validation MAE: 3.4656560, Test MAE: 3.7440209, Test MAE norm: 0.0751694
Epoch: 805, LR: 0.000010, Loss: 0.0576564, Validation MAE: 3.4605639, Test MAE: 3.7416229, Test MAE norm: 0.0751213
Epoch: 806, LR: 0.000010, Loss: 0.0576508, Validation MAE: 3.4502726, Test MAE: 3.7338915, Test MAE norm: 0.0749661
Epoch: 816, LR: 0.000010, Loss: 0.0576166, Validation MAE: 3.4651153, Test MAE: 3.7444258, Test MAE norm: 0.0751776
Epoch: 820, LR: 0.000010, Loss: 0.0576180, Validation MAE: 3.4619865, Test MAE: 3.7419233, Test MAE norm: 0.0751273
Epoch: 821, LR: 0.000010, Loss: 0.0576204, Validation MAE: 3.4545977, Test MAE: 3.7344270, Test MAE norm: 0.0749768
Epoch: 822, LR: 0.000010, Loss: 0.0575989, Validation MAE: 3.4451132, Test MAE: 3.7289381, Test MAE norm: 0.0748666
Epoch: 832, LR: 0.000010, Loss: 0.0576144, Validation MAE: 3.4551544, Test MAE: 3.7363284, Test MAE norm: 0.0750150
Epoch: 836, LR: 0.000010, Loss: 0.0576088, Validation MAE: 3.4524684, Test MAE: 3.7359335, Test MAE norm: 0.0750071
Epoch: 837, LR: 0.000010, Loss: 0.0576091, Validation MAE: 3.4505260, Test MAE: 3.7314522, Test MAE norm: 0.0749171
Epoch: 846, LR: 0.000010, Loss: 0.0576009, Validation MAE: 3.4504559, Test MAE: 3.7336936, Test MAE norm: 0.0749621
Epoch: 847, LR: 0.000010, Loss: 0.0575871, Validation MAE: 3.4490190, Test MAE: 3.7318079, Test MAE norm: 0.0749242
Epoch: 854, LR: 0.000010, Loss: 0.0575815, Validation MAE: 3.4454653, Test MAE: 3.7309542, Test MAE norm: 0.0749071
Epoch: 864, LR: 0.000010, Loss: 0.0575721, Validation MAE: 3.4593842, Test MAE: 3.7392726, Test MAE norm: 0.0750741
Epoch: 865, LR: 0.000010, Loss: 0.0575755, Validation MAE: 3.4556122, Test MAE: 3.7394590, Test MAE norm: 0.0750778
Epoch: 866, LR: 0.000010, Loss: 0.0575944, Validation MAE: 3.4530451, Test MAE: 3.7355373, Test MAE norm: 0.0749991
Epoch: 867, LR: 0.000010, Loss: 0.0575772, Validation MAE: 3.4482720, Test MAE: 3.7316625, Test MAE norm: 0.0749213
Epoch: 869, LR: 0.000010, Loss: 0.0575999, Validation MAE: 3.4477477, Test MAE: 3.7324293, Test MAE norm: 0.0749367
Epoch: 879, LR: 0.000010, Loss: 0.0575652, Validation MAE: 3.4471297, Test MAE: 3.7330308, Test MAE norm: 0.0749488
Epoch: 880, LR: 0.000010, Loss: 0.0575587, Validation MAE: 3.4409075, Test MAE: 3.7271886, Test MAE norm: 0.0748315
Epoch: 890, LR: 0.000010, Loss: 0.0575456, Validation MAE: 3.4498618, Test MAE: 3.7317643, Test MAE norm: 0.0749234
Epoch: 891, LR: 0.000010, Loss: 0.0575272, Validation MAE: 3.4441354, Test MAE: 3.7290895, Test MAE norm: 0.0748697
Epoch: 892, LR: 0.000010, Loss: 0.0575413, Validation MAE: 3.4438462, Test MAE: 3.7276845, Test MAE norm: 0.0748414
Epoch: 894, LR: 0.000010, Loss: 0.0575209, Validation MAE: 3.4435732, Test MAE: 3.7278073, Test MAE norm: 0.0748439
Epoch: 895, LR: 0.000010, Loss: 0.0575346, Validation MAE: 3.4414423, Test MAE: 3.7256873, Test MAE norm: 0.0748013
Epoch: 905, LR: 0.000010, Loss: 0.0575296, Validation MAE: 3.4565687, Test MAE: 3.7326019, Test MAE norm: 0.0749402
Epoch: 906, LR: 0.000010, Loss: 0.0575459, Validation MAE: 3.4461780, Test MAE: 3.7289138, Test MAE norm: 0.0748661
Epoch: 907, LR: 0.000010, Loss: 0.0575247, Validation MAE: 3.4370909, Test MAE: 3.7243152, Test MAE norm: 0.0747738
Epoch: 917, LR: 0.000010, Loss: 0.0575164, Validation MAE: 3.4435432, Test MAE: 3.7271667, Test MAE norm: 0.0748311
Epoch: 918, LR: 0.000010, Loss: 0.0575154, Validation MAE: 3.4395216, Test MAE: 3.7221019, Test MAE norm: 0.0747294
Epoch: 923, LR: 0.000010, Loss: 0.0575009, Validation MAE: 3.4344289, Test MAE: 3.7211621, Test MAE norm: 0.0747105
Epoch: 931, LR: 0.000010, Loss: 0.0575073, Validation MAE: 3.4333105, Test MAE: 3.7197223, Test MAE norm: 0.0746816
Epoch: 940, LR: 0.000010, Loss: 0.0574892, Validation MAE: 3.4327736, Test MAE: 3.7183940, Test MAE norm: 0.0746549
Epoch: 950, LR: 0.000010, Loss: 0.0574867, Validation MAE: 3.4351084, Test MAE: 3.7194450, Test MAE norm: 0.0746760
Epoch: 952, LR: 0.000010, Loss: 0.0574673, Validation MAE: 3.4336805, Test MAE: 3.7198327, Test MAE norm: 0.0746838
Epoch: 962, LR: 0.000010, Loss: 0.0574677, Validation MAE: 3.4479043, Test MAE: 3.7305055, Test MAE norm: 0.0748981
Epoch: 963, LR: 0.000010, Loss: 0.0574696, Validation MAE: 3.4440386, Test MAE: 3.7259934, Test MAE norm: 0.0748075
Epoch: 964, LR: 0.000010, Loss: 0.0574468, Validation MAE: 3.4385152, Test MAE: 3.7227046, Test MAE norm: 0.0747415
Epoch: 965, LR: 0.000010, Loss: 0.0574539, Validation MAE: 3.4332373, Test MAE: 3.7193608, Test MAE norm: 0.0746743
Epoch: 970, LR: 0.000010, Loss: 0.0574438, Validation MAE: 3.4324281, Test MAE: 3.7189808, Test MAE norm: 0.0746667
Epoch: 979, LR: 0.000010, Loss: 0.0574348, Validation MAE: 3.4243767, Test MAE: 3.7120051, Test MAE norm: 0.0745267
Epoch: 989, LR: 0.000010, Loss: 0.0574306, Validation MAE: 3.4289865, Test MAE: 3.7149370, Test MAE norm: 0.0745855
Epoch: 990, LR: 0.000010, Loss: 0.0574321, Validation MAE: 3.4208059, Test MAE: 3.7083526, Test MAE norm: 0.0744533
Epoch: 1000, LR: 0.000010, Loss: 0.0574203, Validation MAE: 3.4257979, Test MAE: 3.7133901, Test MAE norm: 0.0745545
Epoch: 1001, LR: 0.000010, Loss: 0.0574150, Validation MAE: 3.4206109, Test MAE: 3.7106261, Test MAE norm: 0.0744990
Epoch: 1011, LR: 0.000010, Loss: 0.0574125, Validation MAE: 3.4413567, Test MAE: 3.7239497, Test MAE norm: 0.0747665
Epoch: 1012, LR: 0.000010, Loss: 0.0574055, Validation MAE: 3.4388032, Test MAE: 3.7214427, Test MAE norm: 0.0747161
Epoch: 1013, LR: 0.000010, Loss: 0.0574004, Validation MAE: 3.4347908, Test MAE: 3.7194598, Test MAE norm: 0.0746763
Epoch: 1014, LR: 0.000010, Loss: 0.0573944, Validation MAE: 3.4277318, Test MAE: 3.7146063, Test MAE norm: 0.0745789
Epoch: 1015, LR: 0.000010, Loss: 0.0573972, Validation MAE: 3.4197114, Test MAE: 3.7082231, Test MAE norm: 0.0744507
Epoch: 1025, LR: 0.000010, Loss: 0.0573750, Validation MAE: 3.4287891, Test MAE: 3.7151797, Test MAE norm: 0.0745904
Epoch: 1029, LR: 0.000010, Loss: 0.0573658, Validation MAE: 3.4287541, Test MAE: 3.7140801, Test MAE norm: 0.0745683
Epoch: 1030, LR: 0.000010, Loss: 0.0573781, Validation MAE: 3.4231606, Test MAE: 3.7115180, Test MAE norm: 0.0745169
Epoch: 1036, LR: 0.000010, Loss: 0.0573535, Validation MAE: 3.4217348, Test MAE: 3.7110078, Test MAE norm: 0.0745066
Epoch: 1037, LR: 0.000010, Loss: 0.0573538, Validation MAE: 3.4197760, Test MAE: 3.7081819, Test MAE norm: 0.0744499
Epoch: 1038, LR: 0.000010, Loss: 0.0573718, Validation MAE: 3.4175596, Test MAE: 3.7080650, Test MAE norm: 0.0744475
Epoch: 1043, LR: 0.000010, Loss: 0.0573555, Validation MAE: 3.4122620, Test MAE: 3.7036622, Test MAE norm: 0.0743591
Epoch: 1053, LR: 0.000010, Loss: 0.0573577, Validation MAE: 3.4465964, Test MAE: 3.7274892, Test MAE norm: 0.0748375
Epoch: 1055, LR: 0.000010, Loss: 0.0573430, Validation MAE: 3.4391906, Test MAE: 3.7232859, Test MAE norm: 0.0747531
Epoch: 1056, LR: 0.000010, Loss: 0.0573349, Validation MAE: 3.4328804, Test MAE: 3.7185962, Test MAE norm: 0.0746590
Epoch: 1057, LR: 0.000010, Loss: 0.0573483, Validation MAE: 3.4219220, Test MAE: 3.7116311, Test MAE norm: 0.0745191
Epoch: 1058, LR: 0.000010, Loss: 0.0573396, Validation MAE: 3.4119461, Test MAE: 3.7040496, Test MAE norm: 0.0743669
Epoch: 1066, LR: 0.000010, Loss: 0.0573313, Validation MAE: 3.4060192, Test MAE: 3.6985455, Test MAE norm: 0.0742564
Epoch: 1076, LR: 0.000010, Loss: 0.0573269, Validation MAE: 3.4258900, Test MAE: 3.7111607, Test MAE norm: 0.0745097
Epoch: 1077, LR: 0.000010, Loss: 0.0573276, Validation MAE: 3.4196253, Test MAE: 3.7058513, Test MAE norm: 0.0744031
Epoch: 1078, LR: 0.000010, Loss: 0.0573344, Validation MAE: 3.4160297, Test MAE: 3.7063582, Test MAE norm: 0.0744133
Epoch: 1088, LR: 0.000010, Loss: 0.0573130, Validation MAE: 3.4255397, Test MAE: 3.7089953, Test MAE norm: 0.0744662
Epoch: 1089, LR: 0.000010, Loss: 0.0573015, Validation MAE: 3.4214721, Test MAE: 3.7068150, Test MAE norm: 0.0744224
Epoch: 1090, LR: 0.000010, Loss: 0.0573060, Validation MAE: 3.4121892, Test MAE: 3.7011147, Test MAE norm: 0.0743080
Epoch: 1100, LR: 0.000010, Loss: 0.0572962, Validation MAE: 3.4234800, Test MAE: 3.7082841, Test MAE norm: 0.0744519
Epoch: 1101, LR: 0.000010, Loss: 0.0572867, Validation MAE: 3.4161403, Test MAE: 3.7039754, Test MAE norm: 0.0743654
Epoch: 1102, LR: 0.000010, Loss: 0.0572819, Validation MAE: 3.4095027, Test MAE: 3.6969573, Test MAE norm: 0.0742245
Epoch: 1112, LR: 0.000010, Loss: 0.0572874, Validation MAE: 3.4249771, Test MAE: 3.7078156, Test MAE norm: 0.0744425
Epoch: 1113, LR: 0.000010, Loss: 0.0572823, Validation MAE: 3.4241560, Test MAE: 3.7084808, Test MAE norm: 0.0744559
Epoch: 1114, LR: 0.000010, Loss: 0.0572772, Validation MAE: 3.4206843, Test MAE: 3.7050872, Test MAE norm: 0.0743878
Epoch: 1115, LR: 0.000010, Loss: 0.0572897, Validation MAE: 3.4184184, Test MAE: 3.7038627, Test MAE norm: 0.0743632
Epoch: 1116, LR: 0.000010, Loss: 0.0572849, Validation MAE: 3.4135990, Test MAE: 3.6995716, Test MAE norm: 0.0742770
Epoch: 1123, LR: 0.000010, Loss: 0.0572817, Validation MAE: 3.4088225, Test MAE: 3.6932697, Test MAE norm: 0.0741505
Epoch: 1130, LR: 0.000010, Loss: 0.0572550, Validation MAE: 3.3964036, Test MAE: 3.6877749, Test MAE norm: 0.0740402
Epoch: 1140, LR: 0.000010, Loss: 0.0572506, Validation MAE: 3.4463568, Test MAE: 3.7232733, Test MAE norm: 0.0747529
Epoch: 1141, LR: 0.000010, Loss: 0.0572684, Validation MAE: 3.4343383, Test MAE: 3.7129786, Test MAE norm: 0.0745462
Epoch: 1142, LR: 0.000010, Loss: 0.0572625, Validation MAE: 3.4193754, Test MAE: 3.7024629, Test MAE norm: 0.0743351
Epoch: 1143, LR: 0.000010, Loss: 0.0572219, Validation MAE: 3.3974881, Test MAE: 3.6885645, Test MAE norm: 0.0740560
Epoch: 1153, LR: 0.000010, Loss: 0.0572252, Validation MAE: 3.4086399, Test MAE: 3.6970694, Test MAE norm: 0.0742268
Epoch: 1156, LR: 0.000010, Loss: 0.0572180, Validation MAE: 3.4060457, Test MAE: 3.6927729, Test MAE norm: 0.0741405
Epoch: 1157, LR: 0.000010, Loss: 0.0572358, Validation MAE: 3.4008968, Test MAE: 3.6896336, Test MAE norm: 0.0740775
Epoch: 1167, LR: 0.000010, Loss: 0.0572208, Validation MAE: 3.3987770, Test MAE: 3.6884410, Test MAE norm: 0.0740535
Epoch: 1168, LR: 0.000010, Loss: 0.0572044, Validation MAE: 3.3973074, Test MAE: 3.6866746, Test MAE norm: 0.0740181
Epoch: 1178, LR: 0.000010, Loss: 0.0571912, Validation MAE: 3.4117165, Test MAE: 3.6975422, Test MAE norm: 0.0742363
Epoch: 1182, LR: 0.000010, Loss: 0.0572078, Validation MAE: 3.4043341, Test MAE: 3.6932559, Test MAE norm: 0.0741502
Epoch: 1183, LR: 0.000010, Loss: 0.0571806, Validation MAE: 3.3915496, Test MAE: 3.6833518, Test MAE norm: 0.0739514
Epoch: 1188, LR: 0.000010, Loss: 0.0571832, Validation MAE: 3.3889818, Test MAE: 3.6802461, Test MAE norm: 0.0738890
Epoch: 1198, LR: 0.000010, Loss: 0.0571851, Validation MAE: 3.4199297, Test MAE: 3.7001383, Test MAE norm: 0.0742884
Epoch: 1201, LR: 0.000010, Loss: 0.0571638, Validation MAE: 3.4112892, Test MAE: 3.6954050, Test MAE norm: 0.0741934
Epoch: 1202, LR: 0.000010, Loss: 0.0571640, Validation MAE: 3.3999121, Test MAE: 3.6862218, Test MAE norm: 0.0740090
Epoch: 1209, LR: 0.000010, Loss: 0.0571613, Validation MAE: 3.3909447, Test MAE: 3.6792233, Test MAE norm: 0.0738685
Epoch: 1219, LR: 0.000010, Loss: 0.0571555, Validation MAE: 3.4058297, Test MAE: 3.6920815, Test MAE norm: 0.0741266
Epoch: 1220, LR: 0.000010, Loss: 0.0571421, Validation MAE: 3.4037733, Test MAE: 3.6880016, Test MAE norm: 0.0740447
Epoch: 1221, LR: 0.000010, Loss: 0.0571388, Validation MAE: 3.3987985, Test MAE: 3.6846800, Test MAE norm: 0.0739780
Epoch: 1227, LR: 0.000010, Loss: 0.0571513, Validation MAE: 3.3982515, Test MAE: 3.6848228, Test MAE norm: 0.0739809
Epoch: 1228, LR: 0.000010, Loss: 0.0571188, Validation MAE: 3.3904440, Test MAE: 3.6766348, Test MAE norm: 0.0738165
Epoch: 1238, LR: 0.000010, Loss: 0.0571198, Validation MAE: 3.4152467, Test MAE: 3.6987548, Test MAE norm: 0.0742606
Epoch: 1239, LR: 0.000010, Loss: 0.0571307, Validation MAE: 3.4087405, Test MAE: 3.6895609, Test MAE norm: 0.0740760
Epoch: 1240, LR: 0.000010, Loss: 0.0571279, Validation MAE: 3.4010022, Test MAE: 3.6844382, Test MAE norm: 0.0739732
Epoch: 1241, LR: 0.000010, Loss: 0.0571074, Validation MAE: 3.3914711, Test MAE: 3.6779234, Test MAE norm: 0.0738424
Epoch: 1251, LR: 0.000010, Loss: 0.0571077, Validation MAE: 3.3984129, Test MAE: 3.6839733, Test MAE norm: 0.0739639
Epoch: 1252, LR: 0.000010, Loss: 0.0571068, Validation MAE: 3.3932567, Test MAE: 3.6799328, Test MAE norm: 0.0738827
Epoch: 1253, LR: 0.000010, Loss: 0.0570955, Validation MAE: 3.3932009, Test MAE: 3.6816292, Test MAE norm: 0.0739168
Epoch: 1258, LR: 0.000010, Loss: 0.0571045, Validation MAE: 3.3893411, Test MAE: 3.6780989, Test MAE norm: 0.0738459
Epoch: 1268, LR: 0.000010, Loss: 0.0570662, Validation MAE: 3.4043345, Test MAE: 3.6889520, Test MAE norm: 0.0740638
Epoch: 1271, LR: 0.000010, Loss: 0.0570832, Validation MAE: 3.4038551, Test MAE: 3.6871536, Test MAE norm: 0.0740277
Epoch: 1272, LR: 0.000010, Loss: 0.0570785, Validation MAE: 3.3899868, Test MAE: 3.6748862, Test MAE norm: 0.0737814
Epoch: 1273, LR: 0.000010, Loss: 0.0571001, Validation MAE: 3.3801193, Test MAE: 3.6671445, Test MAE norm: 0.0736260
Epoch: 1283, LR: 0.000010, Loss: 0.0570625, Validation MAE: 3.4055903, Test MAE: 3.6875677, Test MAE norm: 0.0740360
Epoch: 1285, LR: 0.000010, Loss: 0.0570548, Validation MAE: 3.4008858, Test MAE: 3.6870394, Test MAE norm: 0.0740254
Epoch: 1286, LR: 0.000010, Loss: 0.0570603, Validation MAE: 3.3968046, Test MAE: 3.6842034, Test MAE norm: 0.0739685
Epoch: 1287, LR: 0.000010, Loss: 0.0570417, Validation MAE: 3.3938310, Test MAE: 3.6806705, Test MAE norm: 0.0738975
Epoch: 1288, LR: 0.000010, Loss: 0.0570581, Validation MAE: 3.3847160, Test MAE: 3.6724842, Test MAE norm: 0.0737332
Epoch: 1298, LR: 0.000010, Loss: 0.0570342, Validation MAE: 3.3947773, Test MAE: 3.6806390, Test MAE norm: 0.0738969
Epoch: 1299, LR: 0.000010, Loss: 0.0570450, Validation MAE: 3.3935924, Test MAE: 3.6774483, Test MAE norm: 0.0738328
Epoch: 1302, LR: 0.000010, Loss: 0.0570396, Validation MAE: 3.3907270, Test MAE: 3.6769927, Test MAE norm: 0.0738237
Epoch: 1309, LR: 0.000010, Loss: 0.0570096, Validation MAE: 3.3801048, Test MAE: 3.6654501, Test MAE norm: 0.0735920
Epoch: 1319, LR: 0.000010, Loss: 0.0570017, Validation MAE: 3.3669178, Test MAE: 3.6564097, Test MAE norm: 0.0734105
Epoch: 1329, LR: 0.000010, Loss: 0.0570098, Validation MAE: 3.3843217, Test MAE: 3.6724160, Test MAE norm: 0.0737318
Epoch: 1330, LR: 0.000010, Loss: 0.0569993, Validation MAE: 3.3730245, Test MAE: 3.6631782, Test MAE norm: 0.0735463
Epoch: 1331, LR: 0.000010, Loss: 0.0569983, Validation MAE: 3.3681226, Test MAE: 3.6569426, Test MAE norm: 0.0734212
Epoch: 1341, LR: 0.000010, Loss: 0.0570030, Validation MAE: 3.3832459, Test MAE: 3.6694920, Test MAE norm: 0.0736731
Epoch: 1343, LR: 0.000010, Loss: 0.0569783, Validation MAE: 3.3829386, Test MAE: 3.6705492, Test MAE norm: 0.0736943
Epoch: 1344, LR: 0.000010, Loss: 0.0569786, Validation MAE: 3.3769224, Test MAE: 3.6660659, Test MAE norm: 0.0736043
Epoch: 1346, LR: 0.000010, Loss: 0.0569725, Validation MAE: 3.3745463, Test MAE: 3.6633122, Test MAE norm: 0.0735490
Epoch: 1353, LR: 0.000010, Loss: 0.0569687, Validation MAE: 3.3673537, Test MAE: 3.6600053, Test MAE norm: 0.0734826
Epoch: 1363, LR: 0.000010, Loss: 0.0569747, Validation MAE: 3.3825727, Test MAE: 3.6702707, Test MAE norm: 0.0736887
Epoch: 1364, LR: 0.000010, Loss: 0.0569591, Validation MAE: 3.3716071, Test MAE: 3.6629429, Test MAE norm: 0.0735416
Epoch: 1365, LR: 0.000010, Loss: 0.0569675, Validation MAE: 3.3696859, Test MAE: 3.6590593, Test MAE norm: 0.0734636
Epoch: 1375, LR: 0.000010, Loss: 0.0569523, Validation MAE: 3.3777132, Test MAE: 3.6654911, Test MAE norm: 0.0735928
Epoch: 1376, LR: 0.000010, Loss: 0.0569354, Validation MAE: 3.3655279, Test MAE: 3.6547019, Test MAE norm: 0.0733762
Epoch: 1386, LR: 0.000010, Loss: 0.0569326, Validation MAE: 3.3800333, Test MAE: 3.6698935, Test MAE norm: 0.0736812
Epoch: 1389, LR: 0.000010, Loss: 0.0569164, Validation MAE: 3.3691185, Test MAE: 3.6592193, Test MAE norm: 0.0734669
Epoch: 1399, LR: 0.000010, Loss: 0.0569142, Validation MAE: 3.3787997, Test MAE: 3.6665673, Test MAE norm: 0.0736144
Epoch: 1403, LR: 0.000010, Loss: 0.0568791, Validation MAE: 3.3780367, Test MAE: 3.6681988, Test MAE norm: 0.0736471
Epoch: 1409, LR: 0.000010, Loss: 0.0569152, Validation MAE: 3.3744569, Test MAE: 3.6638618, Test MAE norm: 0.0735601
Epoch: 1410, LR: 0.000010, Loss: 0.0568905, Validation MAE: 3.3569021, Test MAE: 3.6481249, Test MAE norm: 0.0732441
Epoch: 1411, LR: 0.000010, Loss: 0.0569072, Validation MAE: 3.3500905, Test MAE: 3.6426499, Test MAE norm: 0.0731342
Epoch: 1421, LR: 0.000010, Loss: 0.0568641, Validation MAE: 3.3742101, Test MAE: 3.6651046, Test MAE norm: 0.0735850
Epoch: 1428, LR: 0.000010, Loss: 0.0568725, Validation MAE: 3.3728321, Test MAE: 3.6616817, Test MAE norm: 0.0735163
Epoch: 1429, LR: 0.000010, Loss: 0.0568634, Validation MAE: 3.3671196, Test MAE: 3.6593521, Test MAE norm: 0.0734695
Epoch: 1434, LR: 0.000010, Loss: 0.0568588, Validation MAE: 3.3635633, Test MAE: 3.6570680, Test MAE norm: 0.0734237
Epoch: 1435, LR: 0.000010, Loss: 0.0568558, Validation MAE: 3.3619025, Test MAE: 3.6573334, Test MAE norm: 0.0734290
Epoch: 1445, LR: 0.000010, Loss: 0.0568368, Validation MAE: 3.3608119, Test MAE: 3.6524405, Test MAE norm: 0.0733308
Epoch: 1446, LR: 0.000010, Loss: 0.0568259, Validation MAE: 3.3567975, Test MAE: 3.6484456, Test MAE norm: 0.0732506
Epoch: 1451, LR: 0.000010, Loss: 0.0568319, Validation MAE: 3.3404217, Test MAE: 3.6358383, Test MAE norm: 0.0729974
Epoch: 1461, LR: 0.000010, Loss: 0.0568426, Validation MAE: 3.3458178, Test MAE: 3.6402740, Test MAE norm: 0.0730865
Epoch: 1466, LR: 0.000010, Loss: 0.0567915, Validation MAE: 3.3361990, Test MAE: 3.6329520, Test MAE norm: 0.0729395
Epoch: 1476, LR: 0.000010, Loss: 0.0568334, Validation MAE: 3.3347120, Test MAE: 3.6309493, Test MAE norm: 0.0728993
Epoch: 1486, LR: 0.000010, Loss: 0.0568059, Validation MAE: 3.3390882, Test MAE: 3.6346519, Test MAE norm: 0.0729736
Epoch: 1491, LR: 0.000010, Loss: 0.0568167, Validation MAE: 3.3329952, Test MAE: 3.6289501, Test MAE norm: 0.0728591
Epoch: 1492, LR: 0.000010, Loss: 0.0568091, Validation MAE: 3.3191986, Test MAE: 3.6197917, Test MAE norm: 0.0726753
Epoch: 1502, LR: 0.000010, Loss: 0.0567579, Validation MAE: 3.3306484, Test MAE: 3.6278701, Test MAE norm: 0.0728375
Epoch: 1512, LR: 0.000010, Loss: 0.0567450, Validation MAE: 3.3585181, Test MAE: 3.6534936, Test MAE norm: 0.0733519
Epoch: 1513, LR: 0.000010, Loss: 0.0567806, Validation MAE: 3.3569129, Test MAE: 3.6492066, Test MAE norm: 0.0732658
Epoch: 1514, LR: 0.000010, Loss: 0.0567702, Validation MAE: 3.3497968, Test MAE: 3.6445217, Test MAE norm: 0.0731718
Epoch: 1515, LR: 0.000010, Loss: 0.0567831, Validation MAE: 3.3437095, Test MAE: 3.6390643, Test MAE norm: 0.0730622
Epoch: 1525, LR: 0.000010, Loss: 0.0567195, Validation MAE: 3.3513739, Test MAE: 3.6478136, Test MAE norm: 0.0732379
Epoch: 1529, LR: 0.000010, Loss: 0.0567165, Validation MAE: 3.3441494, Test MAE: 3.6436162, Test MAE norm: 0.0731536
Epoch: 1534, LR: 0.000010, Loss: 0.0567256, Validation MAE: 3.3429565, Test MAE: 3.6415558, Test MAE norm: 0.0731122
Epoch: 1535, LR: 0.000010, Loss: 0.0567408, Validation MAE: 3.3277183, Test MAE: 3.6288762, Test MAE norm: 0.0728577
Epoch: 1545, LR: 0.000010, Loss: 0.0567310, Validation MAE: 3.3440640, Test MAE: 3.6422491, Test MAE norm: 0.0731261
Epoch: 1546, LR: 0.000010, Loss: 0.0566986, Validation MAE: 3.3317368, Test MAE: 3.6327739, Test MAE norm: 0.0729359
Epoch: 1556, LR: 0.000010, Loss: 0.0566887, Validation MAE: 3.3608086, Test MAE: 3.6577594, Test MAE norm: 0.0734375
Epoch: 1558, LR: 0.000010, Loss: 0.0566954, Validation MAE: 3.3488519, Test MAE: 3.6486163, Test MAE norm: 0.0732540
Epoch: 1559, LR: 0.000010, Loss: 0.0566792, Validation MAE: 3.3305471, Test MAE: 3.6322851, Test MAE norm: 0.0729261
Epoch: 1560, LR: 0.000010, Loss: 0.0566854, Validation MAE: 3.3270907, Test MAE: 3.6302152, Test MAE norm: 0.0728845
Epoch: 1565, LR: 0.000010, Loss: 0.0566775, Validation MAE: 3.3212686, Test MAE: 3.6228580, Test MAE norm: 0.0727368
Epoch: 1570, LR: 0.000010, Loss: 0.0566589, Validation MAE: 3.3203115, Test MAE: 3.6226397, Test MAE norm: 0.0727324
Epoch: 1574, LR: 0.000010, Loss: 0.0566675, Validation MAE: 3.3148820, Test MAE: 3.6188240, Test MAE norm: 0.0726558
Epoch: 1584, LR: 0.000010, Loss: 0.0566642, Validation MAE: 3.3574343, Test MAE: 3.6524947, Test MAE norm: 0.0733318
Epoch: 1586, LR: 0.000010, Loss: 0.0566517, Validation MAE: 3.3572662, Test MAE: 3.6531177, Test MAE norm: 0.0733444
Epoch: 1587, LR: 0.000010, Loss: 0.0566273, Validation MAE: 3.3481257, Test MAE: 3.6476698, Test MAE norm: 0.0732350
Epoch: 1588, LR: 0.000010, Loss: 0.0566362, Validation MAE: 3.3469303, Test MAE: 3.6474121, Test MAE norm: 0.0732298
Epoch: 1591, LR: 0.000010, Loss: 0.0566627, Validation MAE: 3.3444200, Test MAE: 3.6452355, Test MAE norm: 0.0731861
Epoch: 1593, LR: 0.000010, Loss: 0.0566259, Validation MAE: 3.3424118, Test MAE: 3.6426759, Test MAE norm: 0.0731347
Epoch: 1597, LR: 0.000010, Loss: 0.0566199, Validation MAE: 3.3313839, Test MAE: 3.6350231, Test MAE norm: 0.0729811
Epoch: 1598, LR: 0.000010, Loss: 0.0566037, Validation MAE: 3.3099101, Test MAE: 3.6143916, Test MAE norm: 0.0725668
Epoch: 1603, LR: 0.000010, Loss: 0.0566222, Validation MAE: 3.2970216, Test MAE: 3.6024542, Test MAE norm: 0.0723272
Epoch: 1613, LR: 0.000010, Loss: 0.0566180, Validation MAE: 3.3193474, Test MAE: 3.6219530, Test MAE norm: 0.0727187
Epoch: 1617, LR: 0.000010, Loss: 0.0565940, Validation MAE: 3.3080943, Test MAE: 3.6143863, Test MAE norm: 0.0725667
Epoch: 1622, LR: 0.000010, Loss: 0.0566050, Validation MAE: 3.3032455, Test MAE: 3.6082923, Test MAE norm: 0.0724444
Epoch: 1632, LR: 0.000010, Loss: 0.0565907, Validation MAE: 3.3284316, Test MAE: 3.6289737, Test MAE norm: 0.0728596
Epoch: 1635, LR: 0.000010, Loss: 0.0566053, Validation MAE: 3.2885129, Test MAE: 3.5952594, Test MAE norm: 0.0721827
Epoch: 1645, LR: 0.000010, Loss: 0.0566142, Validation MAE: 3.2954721, Test MAE: 3.6039259, Test MAE norm: 0.0723567
Epoch: 1654, LR: 0.000010, Loss: 0.0565731, Validation MAE: 3.2894709, Test MAE: 3.5954802, Test MAE norm: 0.0721872
Epoch: 1664, LR: 0.000010, Loss: 0.0566253, Validation MAE: 3.2992458, Test MAE: 3.6048844, Test MAE norm: 0.0723760
Epoch: 1669, LR: 0.000010, Loss: 0.0565888, Validation MAE: 3.2878535, Test MAE: 3.5963113, Test MAE norm: 0.0722038
Epoch: 1679, LR: 0.000010, Loss: 0.0565052, Validation MAE: 3.3037884, Test MAE: 3.6130733, Test MAE norm: 0.0725404
Epoch: 1684, LR: 0.000010, Loss: 0.0564858, Validation MAE: 3.2878511, Test MAE: 3.5971942, Test MAE norm: 0.0722216
Epoch: 1694, LR: 0.000010, Loss: 0.0564957, Validation MAE: 3.2982469, Test MAE: 3.6075923, Test MAE norm: 0.0724303
Epoch: 1699, LR: 0.000010, Loss: 0.0564803, Validation MAE: 3.2960408, Test MAE: 3.6041882, Test MAE norm: 0.0723620
Epoch: 1704, LR: 0.000010, Loss: 0.0564935, Validation MAE: 3.2953331, Test MAE: 3.6059520, Test MAE norm: 0.0723974
Epoch: 1708, LR: 0.000010, Loss: 0.0564682, Validation MAE: 3.2693176, Test MAE: 3.5847542, Test MAE norm: 0.0719718
Epoch: 1713, LR: 0.000010, Loss: 0.0565210, Validation MAE: 3.2567096, Test MAE: 3.5723011, Test MAE norm: 0.0717218
Epoch: 1723, LR: 0.000010, Loss: 0.0565526, Validation MAE: 3.2947731, Test MAE: 3.6069236, Test MAE norm: 0.0724169
Epoch: 1732, LR: 0.000010, Loss: 0.0564536, Validation MAE: 3.2779405, Test MAE: 3.5883803, Test MAE norm: 0.0720446
Epoch: 1742, LR: 0.000010, Loss: 0.0564420, Validation MAE: 3.2812150, Test MAE: 3.5943749, Test MAE norm: 0.0721650
Epoch: 1752, LR: 0.000010, Loss: 0.0563942, Validation MAE: 3.3166194, Test MAE: 3.6290970, Test MAE norm: 0.0728621
Epoch: 1753, LR: 0.000010, Loss: 0.0564077, Validation MAE: 3.3104770, Test MAE: 3.6220114, Test MAE norm: 0.0727198
Epoch: 1754, LR: 0.000010, Loss: 0.0563620, Validation MAE: 3.3080337, Test MAE: 3.6208732, Test MAE norm: 0.0726970
Epoch: 1755, LR: 0.000010, Loss: 0.0564036, Validation MAE: 3.3051267, Test MAE: 3.6171343, Test MAE norm: 0.0726219
Epoch: 1758, LR: 0.000010, Loss: 0.0563740, Validation MAE: 3.3037050, Test MAE: 3.6160638, Test MAE norm: 0.0726004
Epoch: 1762, LR: 0.000010, Loss: 0.0563752, Validation MAE: 3.2940564, Test MAE: 3.6093268, Test MAE norm: 0.0724652
Epoch: 1763, LR: 0.000010, Loss: 0.0564150, Validation MAE: 3.2840562, Test MAE: 3.6020253, Test MAE norm: 0.0723186
Epoch: 1771, LR: 0.000010, Loss: 0.0563897, Validation MAE: 3.2771564, Test MAE: 3.5941107, Test MAE norm: 0.0721597
Epoch: 1781, LR: 0.000010, Loss: 0.0563352, Validation MAE: 3.3065805, Test MAE: 3.6211855, Test MAE norm: 0.0727032
Epoch: 1782, LR: 0.000010, Loss: 0.0563399, Validation MAE: 3.3025064, Test MAE: 3.6172161, Test MAE norm: 0.0726236
Epoch: 1783, LR: 0.000010, Loss: 0.0563279, Validation MAE: 3.3002160, Test MAE: 3.6163881, Test MAE norm: 0.0726069
Epoch: 1785, LR: 0.000010, Loss: 0.0563499, Validation MAE: 3.2998197, Test MAE: 3.6136014, Test MAE norm: 0.0725510
Epoch: 1788, LR: 0.000010, Loss: 0.0563160, Validation MAE: 3.2942011, Test MAE: 3.6091573, Test MAE norm: 0.0724618
Epoch: 1795, LR: 0.000010, Loss: 0.0563209, Validation MAE: 3.2661426, Test MAE: 3.5810404, Test MAE norm: 0.0718972
Epoch: 1800, LR: 0.000010, Loss: 0.0563275, Validation MAE: 3.2521894, Test MAE: 3.5685995, Test MAE norm: 0.0716475
Epoch: 1804, LR: 0.000010, Loss: 0.0563395, Validation MAE: 3.2383058, Test MAE: 3.5585217, Test MAE norm: 0.0714451
Epoch: 1814, LR: 0.000010, Loss: 0.0563453, Validation MAE: 3.2941699, Test MAE: 3.6092408, Test MAE norm: 0.0724634
Epoch: 1816, LR: 0.000010, Loss: 0.0563301, Validation MAE: 3.2673810, Test MAE: 3.5870535, Test MAE norm: 0.0720180
Epoch: 1825, LR: 0.000010, Loss: 0.0563063, Validation MAE: 3.2520154, Test MAE: 3.5719264, Test MAE norm: 0.0717143
Epoch: 1835, LR: 0.000010, Loss: 0.0562500, Validation MAE: 3.2941184, Test MAE: 3.6126637, Test MAE norm: 0.0725322
Epoch: 1836, LR: 0.000010, Loss: 0.0562616, Validation MAE: 3.2903454, Test MAE: 3.6118581, Test MAE norm: 0.0725160
Epoch: 1837, LR: 0.000010, Loss: 0.0562401, Validation MAE: 3.2799432, Test MAE: 3.5986624, Test MAE norm: 0.0722510
Epoch: 1838, LR: 0.000010, Loss: 0.0562520, Validation MAE: 3.2732420, Test MAE: 3.5903850, Test MAE norm: 0.0720849
Epoch: 1839, LR: 0.000010, Loss: 0.0562688, Validation MAE: 3.2698731, Test MAE: 3.5889945, Test MAE norm: 0.0720569
Epoch: 1849, LR: 0.000010, Loss: 0.0562373, Validation MAE: 3.2738240, Test MAE: 3.5921209, Test MAE norm: 0.0721197
Epoch: 1859, LR: 0.000010, Loss: 0.0562365, Validation MAE: 3.2876828, Test MAE: 3.6108718, Test MAE norm: 0.0724962
Epoch: 1860, LR: 0.000010, Loss: 0.0562272, Validation MAE: 3.2854786, Test MAE: 3.6091468, Test MAE norm: 0.0724615
Epoch: 1861, LR: 0.000010, Loss: 0.0562318, Validation MAE: 3.2829978, Test MAE: 3.6037621, Test MAE norm: 0.0723534
Epoch: 1862, LR: 0.000010, Loss: 0.0562193, Validation MAE: 3.2686162, Test MAE: 3.5907297, Test MAE norm: 0.0720918
Epoch: 1863, LR: 0.000010, Loss: 0.0562232, Validation MAE: 3.2519634, Test MAE: 3.5756943, Test MAE norm: 0.0717899
Epoch: 1867, LR: 0.000010, Loss: 0.0562245, Validation MAE: 3.2430723, Test MAE: 3.5691638, Test MAE norm: 0.0716588
Epoch: 1870, LR: 0.000010, Loss: 0.0563929, Validation MAE: 3.2421999, Test MAE: 3.5670719, Test MAE norm: 0.0716168
Epoch: 1871, LR: 0.000010, Loss: 0.0562667, Validation MAE: 3.2270432, Test MAE: 3.5552399, Test MAE norm: 0.0713792
Epoch: 1875, LR: 0.000010, Loss: 0.0562641, Validation MAE: 3.2042046, Test MAE: 3.5283487, Test MAE norm: 0.0708393
Epoch: 1885, LR: 0.000010, Loss: 0.0562642, Validation MAE: 3.2901826, Test MAE: 3.6143675, Test MAE norm: 0.0725664
Epoch: 1887, LR: 0.000010, Loss: 0.0562597, Validation MAE: 3.2713757, Test MAE: 3.5991979, Test MAE norm: 0.0722618
Epoch: 1888, LR: 0.000010, Loss: 0.0561941, Validation MAE: 3.2502592, Test MAE: 3.5760117, Test MAE norm: 0.0717963
Epoch: 1892, LR: 0.000010, Loss: 0.0561843, Validation MAE: 3.2347856, Test MAE: 3.5590532, Test MAE norm: 0.0714558
Epoch: 1902, LR: 0.000010, Loss: 0.0561661, Validation MAE: 3.2623036, Test MAE: 3.5886605, Test MAE norm: 0.0720502
Epoch: 1905, LR: 0.000010, Loss: 0.0562097, Validation MAE: 3.2412486, Test MAE: 3.5663002, Test MAE norm: 0.0716013
Epoch: 1906, LR: 0.000010, Loss: 0.0561820, Validation MAE: 3.2340991, Test MAE: 3.5589757, Test MAE norm: 0.0714542
Epoch: 1916, LR: 0.000010, Loss: 0.0561156, Validation MAE: 3.3005099, Test MAE: 3.6192157, Test MAE norm: 0.0726637
Epoch: 1917, LR: 0.000010, Loss: 0.0561722, Validation MAE: 3.2688127, Test MAE: 3.5927827, Test MAE norm: 0.0721330
Epoch: 1918, LR: 0.000010, Loss: 0.0561145, Validation MAE: 3.2334156, Test MAE: 3.5630102, Test MAE norm: 0.0715353
Epoch: 1928, LR: 0.000010, Loss: 0.0560905, Validation MAE: 3.2526038, Test MAE: 3.5784762, Test MAE norm: 0.0718458
Epoch: 1937, LR: 0.000010, Loss: 0.0561025, Validation MAE: 3.2446475, Test MAE: 3.5753202, Test MAE norm: 0.0717824
Epoch: 1942, LR: 0.000010, Loss: 0.0560842, Validation MAE: 3.2305470, Test MAE: 3.5608582, Test MAE norm: 0.0714920
Epoch: 1952, LR: 0.000010, Loss: 0.0560433, Validation MAE: 3.2528481, Test MAE: 3.5786145, Test MAE norm: 0.0718485
Epoch: 1953, LR: 0.000010, Loss: 0.0560552, Validation MAE: 3.2524347, Test MAE: 3.5801606, Test MAE norm: 0.0718796
Epoch: 1954, LR: 0.000010, Loss: 0.0560675, Validation MAE: 3.2509220, Test MAE: 3.5783708, Test MAE norm: 0.0718436
Epoch: 1958, LR: 0.000010, Loss: 0.0560841, Validation MAE: 3.2451451, Test MAE: 3.5756021, Test MAE norm: 0.0717881
Epoch: 1959, LR: 0.000010, Loss: 0.0560504, Validation MAE: 3.2438273, Test MAE: 3.5758622, Test MAE norm: 0.0717933
Epoch: 1962, LR: 0.000010, Loss: 0.0560892, Validation MAE: 3.2363806, Test MAE: 3.5647039, Test MAE norm: 0.0715693
Epoch: 1963, LR: 0.000010, Loss: 0.0560432, Validation MAE: 3.2175159, Test MAE: 3.5446184, Test MAE norm: 0.0711660
Epoch: 1973, LR: 0.000010, Loss: 0.0560298, Validation MAE: 3.2866476, Test MAE: 3.6091602, Test MAE norm: 0.0724618
Epoch: 1974, LR: 0.000010, Loss: 0.0560702, Validation MAE: 3.2113409, Test MAE: 3.5436130, Test MAE norm: 0.0711458
Epoch: 1975, LR: 0.000010, Loss: 0.0560670, Validation MAE: 3.2042263, Test MAE: 3.5363069, Test MAE norm: 0.0709991
Epoch: 1985, LR: 0.000010, Loss: 0.0560050, Validation MAE: 3.2732368, Test MAE: 3.6020787, Test MAE norm: 0.0723196
Epoch: 1986, LR: 0.000010, Loss: 0.0560346, Validation MAE: 3.2197611, Test MAE: 3.5542049, Test MAE norm: 0.0713585
Epoch: 1996, LR: 0.000010, Loss: 0.0560092, Validation MAE: 3.2609186, Test MAE: 3.5936666, Test MAE norm: 0.0721507
Epoch: 1998, LR: 0.000010, Loss: 0.0560071, Validation MAE: 3.2172639, Test MAE: 3.5520136, Test MAE norm: 0.0713145
Epoch: 1998, LR: 0.000010, Loss: 0.0560071, Validation MAE: 3.2172639, Test MAE: 3.5520136, Test MAE norm: 0.0713145