Command line input: python run_count.py --batch_size 256 --target 6 --model PPGN --h 3 --seed 1 --epoch 2000 --dataset easy-1
Mean = 15.135, Std = 53.028
Using PPGN model

Epoch: 001, LR: 0.001000, Loss: 0.8219830, Validation MAE: 52.6343117, Test MAE: 52.6050644, Test MAE norm: 0.9920196
Epoch: 002, LR: 0.001000, Loss: 0.9421713, Validation MAE: 20.6077652, Test MAE: 19.0429573, Test MAE norm: 0.3591097
Epoch: 005, LR: 0.001000, Loss: 0.5161399, Validation MAE: 13.9920816, Test MAE: 14.0360909, Test MAE norm: 0.2646908
Epoch: 006, LR: 0.001000, Loss: 0.2585213, Validation MAE: 9.0571270, Test MAE: 9.1495066, Test MAE norm: 0.1725402
Epoch: 007, LR: 0.001000, Loss: 0.1646172, Validation MAE: 7.5232077, Test MAE: 7.6364613, Test MAE norm: 0.1440074
Epoch: 010, LR: 0.001000, Loss: 0.2258132, Validation MAE: 5.1749573, Test MAE: 5.2191882, Test MAE norm: 0.0984228
Epoch: 017, LR: 0.001000, Loss: 0.0821711, Validation MAE: 4.8377395, Test MAE: 5.2043648, Test MAE norm: 0.0981432
Epoch: 020, LR: 0.001000, Loss: 0.0884972, Validation MAE: 4.4519968, Test MAE: 4.1707439, Test MAE norm: 0.0786514
Epoch: 024, LR: 0.001000, Loss: 0.1081946, Validation MAE: 4.3664656, Test MAE: 4.5953836, Test MAE norm: 0.0866592
Epoch: 034, LR: 0.001000, Loss: 0.0762159, Validation MAE: 4.6093421, Test MAE: 4.8247356, Test MAE norm: 0.0909842
Epoch: 035, LR: 0.001000, Loss: 0.0858155, Validation MAE: 3.6895895, Test MAE: 3.7953455, Test MAE norm: 0.0715721
Epoch: 045, LR: 0.001000, Loss: 0.1088141, Validation MAE: 4.5553117, Test MAE: 4.8429585, Test MAE norm: 0.0913279
Epoch: 054, LR: 0.000900, Loss: 0.0934364, Validation MAE: 3.7055457, Test MAE: 4.1129217, Test MAE norm: 0.0775610
Epoch: 061, LR: 0.000810, Loss: 0.0721808, Validation MAE: 3.5835998, Test MAE: 4.0670218, Test MAE norm: 0.0766954
Epoch: 063, LR: 0.000810, Loss: 0.0678794, Validation MAE: 3.5680916, Test MAE: 3.9992948, Test MAE norm: 0.0754182
Epoch: 067, LR: 0.000810, Loss: 0.0784705, Validation MAE: 3.3805957, Test MAE: 3.6283576, Test MAE norm: 0.0684231
Epoch: 068, LR: 0.000810, Loss: 0.0613347, Validation MAE: 3.2372615, Test MAE: 3.4683683, Test MAE norm: 0.0654060
Epoch: 076, LR: 0.000810, Loss: 0.0655426, Validation MAE: 3.1599355, Test MAE: 3.6053958, Test MAE norm: 0.0679901
Epoch: 086, LR: 0.000810, Loss: 0.0695068, Validation MAE: 4.5078864, Test MAE: 4.8644938, Test MAE norm: 0.0917340
Epoch: 087, LR: 0.000810, Loss: 0.0811322, Validation MAE: 4.2326183, Test MAE: 4.3149648, Test MAE norm: 0.0813711
Epoch: 088, LR: 0.000729, Loss: 0.0702470, Validation MAE: 3.8583438, Test MAE: 3.6667967, Test MAE norm: 0.0691480
Epoch: 089, LR: 0.000729, Loss: 0.0636853, Validation MAE: 3.5313892, Test MAE: 3.6059253, Test MAE norm: 0.0680001
Epoch: 090, LR: 0.000729, Loss: 0.0587551, Validation MAE: 3.1226711, Test MAE: 3.5777063, Test MAE norm: 0.0674679
Epoch: 091, LR: 0.000729, Loss: 0.0599511, Validation MAE: 3.0931203, Test MAE: 3.5140741, Test MAE norm: 0.0662680
Epoch: 095, LR: 0.000729, Loss: 0.0699791, Validation MAE: 2.9785371, Test MAE: 3.0164869, Test MAE norm: 0.0568845
Epoch: 097, LR: 0.000729, Loss: 0.0657043, Validation MAE: 2.9317367, Test MAE: 3.0990219, Test MAE norm: 0.0584410
Epoch: 107, LR: 0.000729, Loss: 0.0541516, Validation MAE: 6.1242833, Test MAE: 5.7046332, Test MAE norm: 0.1075772
Epoch: 108, LR: 0.000729, Loss: 0.1033898, Validation MAE: 5.4618659, Test MAE: 5.2062798, Test MAE norm: 0.0981794
Epoch: 109, LR: 0.000656, Loss: 0.0920010, Validation MAE: 2.9986112, Test MAE: 3.3324268, Test MAE norm: 0.0628425
Epoch: 115, LR: 0.000656, Loss: 0.0771268, Validation MAE: 2.9423006, Test MAE: 3.3032179, Test MAE norm: 0.0622917
Epoch: 125, LR: 0.000590, Loss: 0.0526254, Validation MAE: 3.4670780, Test MAE: 3.5764656, Test MAE norm: 0.0674445
Epoch: 126, LR: 0.000590, Loss: 0.0570811, Validation MAE: 2.9846749, Test MAE: 2.9433455, Test MAE norm: 0.0555052
Epoch: 133, LR: 0.000531, Loss: 0.0783302, Validation MAE: 2.6313417, Test MAE: 2.9165978, Test MAE norm: 0.0550008
Epoch: 139, LR: 0.000531, Loss: 0.0587901, Validation MAE: 2.5615978, Test MAE: 2.9413836, Test MAE norm: 0.0554682
Epoch: 149, LR: 0.000531, Loss: 0.0516231, Validation MAE: 4.2345905, Test MAE: 4.3000684, Test MAE norm: 0.0810901
Epoch: 150, LR: 0.000531, Loss: 0.0748409, Validation MAE: 3.4537005, Test MAE: 3.8284864, Test MAE norm: 0.0721971
Epoch: 155, LR: 0.000478, Loss: 0.0703419, Validation MAE: 2.8182611, Test MAE: 3.1011498, Test MAE norm: 0.0584811
Epoch: 165, LR: 0.000430, Loss: 0.0584510, Validation MAE: 3.2063382, Test MAE: 3.5500021, Test MAE norm: 0.0669455
Epoch: 169, LR: 0.000430, Loss: 0.0529153, Validation MAE: 3.1883342, Test MAE: 3.4300587, Test MAE norm: 0.0646836
Epoch: 170, LR: 0.000430, Loss: 0.0547358, Validation MAE: 2.7833877, Test MAE: 2.9829986, Test MAE norm: 0.0562530
Epoch: 175, LR: 0.000387, Loss: 0.0463875, Validation MAE: 2.6524577, Test MAE: 2.9326005, Test MAE norm: 0.0553026
Epoch: 185, LR: 0.000349, Loss: 0.0465958, Validation MAE: 2.7910807, Test MAE: 2.9904022, Test MAE norm: 0.0563926
Epoch: 195, LR: 0.000314, Loss: 0.0466013, Validation MAE: 2.8074226, Test MAE: 2.9164064, Test MAE norm: 0.0549972
Epoch: 198, LR: 0.000314, Loss: 0.0493622, Validation MAE: 2.7493904, Test MAE: 2.9009259, Test MAE norm: 0.0547053
Epoch: 203, LR: 0.000314, Loss: 0.0454154, Validation MAE: 2.7475824, Test MAE: 2.9191551, Test MAE norm: 0.0550491
Epoch: 207, LR: 0.000282, Loss: 0.0452563, Validation MAE: 2.7445967, Test MAE: 2.9355092, Test MAE norm: 0.0553575
Epoch: 211, LR: 0.000282, Loss: 0.0449479, Validation MAE: 2.7380354, Test MAE: 2.8940127, Test MAE norm: 0.0545749
Epoch: 215, LR: 0.000282, Loss: 0.0454609, Validation MAE: 2.6745648, Test MAE: 2.9533279, Test MAE norm: 0.0556935
Epoch: 223, LR: 0.000254, Loss: 0.0432919, Validation MAE: 2.6527081, Test MAE: 2.8097236, Test MAE norm: 0.0529854
Epoch: 227, LR: 0.000254, Loss: 0.0437160, Validation MAE: 2.5757797, Test MAE: 2.8312743, Test MAE norm: 0.0533918
Epoch: 234, LR: 0.000229, Loss: 0.0456805, Validation MAE: 2.5545790, Test MAE: 2.8008647, Test MAE norm: 0.0528184
Epoch: 239, LR: 0.000229, Loss: 0.0430963, Validation MAE: 2.5424085, Test MAE: 2.8197770, Test MAE norm: 0.0531750
Epoch: 249, LR: 0.000229, Loss: 0.0448033, Validation MAE: 2.6430042, Test MAE: 2.9839153, Test MAE norm: 0.0562703
Epoch: 250, LR: 0.000229, Loss: 0.0449535, Validation MAE: 2.5713305, Test MAE: 2.8191564, Test MAE norm: 0.0531633
Epoch: 251, LR: 0.000206, Loss: 0.0421503, Validation MAE: 2.5427723, Test MAE: 2.7986243, Test MAE norm: 0.0527761
Epoch: 258, LR: 0.000206, Loss: 0.0439474, Validation MAE: 2.5417168, Test MAE: 2.7933319, Test MAE norm: 0.0526763
Epoch: 259, LR: 0.000206, Loss: 0.0416075, Validation MAE: 2.5085790, Test MAE: 2.7648058, Test MAE norm: 0.0521384
Epoch: 263, LR: 0.000206, Loss: 0.0423554, Validation MAE: 2.4581795, Test MAE: 2.8312466, Test MAE norm: 0.0533913
Epoch: 267, LR: 0.000206, Loss: 0.0429739, Validation MAE: 2.4429970, Test MAE: 2.8066213, Test MAE norm: 0.0529269
Epoch: 274, LR: 0.000206, Loss: 0.0450019, Validation MAE: 2.4215932, Test MAE: 2.8065617, Test MAE norm: 0.0529258
Epoch: 279, LR: 0.000206, Loss: 0.0414522, Validation MAE: 2.4174891, Test MAE: 2.8014240, Test MAE norm: 0.0528289
Epoch: 283, LR: 0.000206, Loss: 0.0414547, Validation MAE: 2.3856115, Test MAE: 2.8023314, Test MAE norm: 0.0528460
Epoch: 293, LR: 0.000206, Loss: 0.0425752, Validation MAE: 2.5589981, Test MAE: 2.9340866, Test MAE norm: 0.0553306
Epoch: 294, LR: 0.000206, Loss: 0.0435404, Validation MAE: 2.4564872, Test MAE: 2.7956560, Test MAE norm: 0.0527201
Epoch: 298, LR: 0.000185, Loss: 0.0423466, Validation MAE: 2.4026875, Test MAE: 2.7054479, Test MAE norm: 0.0510190
Epoch: 308, LR: 0.000167, Loss: 0.0404569, Validation MAE: 2.5000918, Test MAE: 2.8370140, Test MAE norm: 0.0535000
Epoch: 309, LR: 0.000167, Loss: 0.0421931, Validation MAE: 2.4866581, Test MAE: 2.8318639, Test MAE norm: 0.0534029
Epoch: 310, LR: 0.000167, Loss: 0.0422313, Validation MAE: 2.4251013, Test MAE: 2.7030561, Test MAE norm: 0.0509739
Epoch: 315, LR: 0.000167, Loss: 0.0400356, Validation MAE: 2.3913455, Test MAE: 2.7026563, Test MAE norm: 0.0509663
Epoch: 319, LR: 0.000150, Loss: 0.0400349, Validation MAE: 2.3904524, Test MAE: 2.6913617, Test MAE norm: 0.0507534
Epoch: 329, LR: 0.000135, Loss: 0.0401953, Validation MAE: 2.3836269, Test MAE: 2.7462852, Test MAE norm: 0.0517891
Epoch: 333, LR: 0.000135, Loss: 0.0401229, Validation MAE: 2.3753955, Test MAE: 2.7044282, Test MAE norm: 0.0509998
Epoch: 343, LR: 0.000135, Loss: 0.0391911, Validation MAE: 2.3798246, Test MAE: 2.6558099, Test MAE norm: 0.0500829
Epoch: 347, LR: 0.000122, Loss: 0.0388697, Validation MAE: 2.3559670, Test MAE: 2.6607051, Test MAE norm: 0.0501752
Epoch: 349, LR: 0.000122, Loss: 0.0391558, Validation MAE: 2.3280063, Test MAE: 2.6790676, Test MAE norm: 0.0505215
Epoch: 353, LR: 0.000122, Loss: 0.0395008, Validation MAE: 2.3180826, Test MAE: 2.6778929, Test MAE norm: 0.0504994
Epoch: 363, LR: 0.000122, Loss: 0.0398674, Validation MAE: 2.4504106, Test MAE: 2.6967781, Test MAE norm: 0.0508555
Epoch: 364, LR: 0.000122, Loss: 0.0398893, Validation MAE: 2.3300972, Test MAE: 2.6378267, Test MAE norm: 0.0497438
Epoch: 365, LR: 0.000109, Loss: 0.0383247, Validation MAE: 2.3286986, Test MAE: 2.6637225, Test MAE norm: 0.0502321
Epoch: 367, LR: 0.000109, Loss: 0.0384875, Validation MAE: 2.3231144, Test MAE: 2.6338506, Test MAE norm: 0.0496688
Epoch: 371, LR: 0.000109, Loss: 0.0384243, Validation MAE: 2.3031747, Test MAE: 2.6663432, Test MAE norm: 0.0502816
Epoch: 381, LR: 0.000109, Loss: 0.0389878, Validation MAE: 2.3422248, Test MAE: 2.7085533, Test MAE norm: 0.0510776
Epoch: 384, LR: 0.000098, Loss: 0.0382313, Validation MAE: 2.3273642, Test MAE: 2.6461849, Test MAE norm: 0.0499014
Epoch: 385, LR: 0.000098, Loss: 0.0381850, Validation MAE: 2.3118601, Test MAE: 2.6487646, Test MAE norm: 0.0499501
Epoch: 389, LR: 0.000098, Loss: 0.0380558, Validation MAE: 2.2909071, Test MAE: 2.6595066, Test MAE norm: 0.0501526
Epoch: 391, LR: 0.000098, Loss: 0.0380329, Validation MAE: 2.2772915, Test MAE: 2.6468046, Test MAE norm: 0.0499131
Epoch: 401, LR: 0.000098, Loss: 0.0382725, Validation MAE: 2.2901042, Test MAE: 2.6373804, Test MAE norm: 0.0497354
Epoch: 405, LR: 0.000089, Loss: 0.0384565, Validation MAE: 2.2727180, Test MAE: 2.6451533, Test MAE norm: 0.0498820
Epoch: 412, LR: 0.000089, Loss: 0.0374198, Validation MAE: 2.2683179, Test MAE: 2.6539791, Test MAE norm: 0.0500484
Epoch: 413, LR: 0.000089, Loss: 0.0376595, Validation MAE: 2.2587695, Test MAE: 2.6322923, Test MAE norm: 0.0496394
Epoch: 415, LR: 0.000089, Loss: 0.0377953, Validation MAE: 2.2510176, Test MAE: 2.6215198, Test MAE norm: 0.0494363
Epoch: 425, LR: 0.000089, Loss: 0.0374730, Validation MAE: 2.2722764, Test MAE: 2.6485281, Test MAE norm: 0.0499456
Epoch: 428, LR: 0.000080, Loss: 0.0375393, Validation MAE: 2.2545724, Test MAE: 2.6101854, Test MAE norm: 0.0492225
Epoch: 431, LR: 0.000080, Loss: 0.0371133, Validation MAE: 2.2540438, Test MAE: 2.5994160, Test MAE norm: 0.0490195
Epoch: 436, LR: 0.000080, Loss: 0.0371171, Validation MAE: 2.2449954, Test MAE: 2.6379023, Test MAE norm: 0.0497452
Epoch: 437, LR: 0.000080, Loss: 0.0372025, Validation MAE: 2.2405457, Test MAE: 2.6074960, Test MAE norm: 0.0491718
Epoch: 439, LR: 0.000080, Loss: 0.0373279, Validation MAE: 2.2362747, Test MAE: 2.5910082, Test MAE norm: 0.0488609
Epoch: 445, LR: 0.000080, Loss: 0.0373911, Validation MAE: 2.2283664, Test MAE: 2.6091490, Test MAE norm: 0.0492030
Epoch: 455, LR: 0.000080, Loss: 0.0370883, Validation MAE: 2.2724679, Test MAE: 2.6063991, Test MAE norm: 0.0491511
Epoch: 456, LR: 0.000080, Loss: 0.0371413, Validation MAE: 2.2318921, Test MAE: 2.6070185, Test MAE norm: 0.0491628
Epoch: 457, LR: 0.000072, Loss: 0.0366989, Validation MAE: 2.2308412, Test MAE: 2.6118214, Test MAE norm: 0.0492534
Epoch: 459, LR: 0.000072, Loss: 0.0366668, Validation MAE: 2.2260265, Test MAE: 2.5734704, Test MAE norm: 0.0485302
Epoch: 469, LR: 0.000072, Loss: 0.0367387, Validation MAE: 2.2321689, Test MAE: 2.6019380, Test MAE norm: 0.0490670
Epoch: 472, LR: 0.000065, Loss: 0.0364474, Validation MAE: 2.2297516, Test MAE: 2.5952036, Test MAE norm: 0.0489400
Epoch: 473, LR: 0.000065, Loss: 0.0364901, Validation MAE: 2.2276070, Test MAE: 2.5802207, Test MAE norm: 0.0486575
Epoch: 474, LR: 0.000065, Loss: 0.0363555, Validation MAE: 2.2248518, Test MAE: 2.5632210, Test MAE norm: 0.0483369
Epoch: 475, LR: 0.000065, Loss: 0.0361692, Validation MAE: 2.2139523, Test MAE: 2.5628042, Test MAE norm: 0.0483290
Epoch: 477, LR: 0.000065, Loss: 0.0364830, Validation MAE: 2.2057312, Test MAE: 2.5797038, Test MAE norm: 0.0486477
Epoch: 479, LR: 0.000065, Loss: 0.0364885, Validation MAE: 2.2050233, Test MAE: 2.5813236, Test MAE norm: 0.0486783
Epoch: 486, LR: 0.000065, Loss: 0.0366141, Validation MAE: 2.2035105, Test MAE: 2.5863836, Test MAE norm: 0.0487737
Epoch: 489, LR: 0.000065, Loss: 0.0361109, Validation MAE: 2.1970627, Test MAE: 2.5869317, Test MAE norm: 0.0487840
Epoch: 499, LR: 0.000065, Loss: 0.0363503, Validation MAE: 2.2013919, Test MAE: 2.5546379, Test MAE norm: 0.0481750
Epoch: 509, LR: 0.000058, Loss: 0.0356691, Validation MAE: 2.2473030, Test MAE: 2.5148044, Test MAE norm: 0.0474239
Epoch: 510, LR: 0.000058, Loss: 0.0359037, Validation MAE: 2.2454290, Test MAE: 2.5177703, Test MAE norm: 0.0474798
Epoch: 511, LR: 0.000058, Loss: 0.0359118, Validation MAE: 2.1973264, Test MAE: 2.5232449, Test MAE norm: 0.0475830
Epoch: 513, LR: 0.000052, Loss: 0.0357813, Validation MAE: 2.1892560, Test MAE: 2.5640349, Test MAE norm: 0.0483522
Epoch: 518, LR: 0.000052, Loss: 0.0355436, Validation MAE: 2.1837556, Test MAE: 2.5349422, Test MAE norm: 0.0478036
Epoch: 519, LR: 0.000052, Loss: 0.0354608, Validation MAE: 2.1834714, Test MAE: 2.5325530, Test MAE norm: 0.0477586
Epoch: 524, LR: 0.000052, Loss: 0.0352704, Validation MAE: 2.1765664, Test MAE: 2.5489340, Test MAE norm: 0.0480675
Epoch: 525, LR: 0.000052, Loss: 0.0352762, Validation MAE: 2.1746097, Test MAE: 2.5513382, Test MAE norm: 0.0481128
Epoch: 528, LR: 0.000052, Loss: 0.0351994, Validation MAE: 2.1612794, Test MAE: 2.5125575, Test MAE norm: 0.0473815
Epoch: 529, LR: 0.000052, Loss: 0.0350028, Validation MAE: 2.1580272, Test MAE: 2.5155745, Test MAE norm: 0.0474384
Epoch: 530, LR: 0.000052, Loss: 0.0350314, Validation MAE: 2.1507242, Test MAE: 2.5108485, Test MAE norm: 0.0473493
Epoch: 534, LR: 0.000052, Loss: 0.0353787, Validation MAE: 2.1370072, Test MAE: 2.5388515, Test MAE norm: 0.0478773
Epoch: 544, LR: 0.000052, Loss: 0.0349233, Validation MAE: 2.1560628, Test MAE: 2.5425477, Test MAE norm: 0.0479470
Epoch: 545, LR: 0.000052, Loss: 0.0350531, Validation MAE: 2.1535215, Test MAE: 2.5330484, Test MAE norm: 0.0477679
Epoch: 546, LR: 0.000047, Loss: 0.0350141, Validation MAE: 2.1349776, Test MAE: 2.5151567, Test MAE norm: 0.0474305
Epoch: 556, LR: 0.000047, Loss: 0.0351513, Validation MAE: 2.1518385, Test MAE: 2.4994078, Test MAE norm: 0.0471335
Epoch: 559, LR: 0.000042, Loss: 0.0351479, Validation MAE: 2.1373737, Test MAE: 2.5000803, Test MAE norm: 0.0471462
Epoch: 562, LR: 0.000042, Loss: 0.0350155, Validation MAE: 2.1288235, Test MAE: 2.5114934, Test MAE norm: 0.0473614
Epoch: 564, LR: 0.000042, Loss: 0.0350661, Validation MAE: 2.1229787, Test MAE: 2.5212228, Test MAE norm: 0.0475449
Epoch: 573, LR: 0.000042, Loss: 0.0346702, Validation MAE: 2.1204963, Test MAE: 2.4996712, Test MAE norm: 0.0471385
Epoch: 574, LR: 0.000042, Loss: 0.0344739, Validation MAE: 2.1203389, Test MAE: 2.5026221, Test MAE norm: 0.0471941
Epoch: 576, LR: 0.000042, Loss: 0.0347549, Validation MAE: 2.1163516, Test MAE: 2.5108662, Test MAE norm: 0.0473496
Epoch: 577, LR: 0.000042, Loss: 0.0345800, Validation MAE: 2.1072237, Test MAE: 2.5044892, Test MAE norm: 0.0472293
Epoch: 578, LR: 0.000042, Loss: 0.0344583, Validation MAE: 2.1045623, Test MAE: 2.5098166, Test MAE norm: 0.0473298
Epoch: 588, LR: 0.000042, Loss: 0.0344196, Validation MAE: 2.1223927, Test MAE: 2.5025434, Test MAE norm: 0.0471926
Epoch: 589, LR: 0.000042, Loss: 0.0345055, Validation MAE: 2.1208248, Test MAE: 2.5033228, Test MAE norm: 0.0472073
Epoch: 590, LR: 0.000038, Loss: 0.0345892, Validation MAE: 2.1157126, Test MAE: 2.5089428, Test MAE norm: 0.0473133
Epoch: 591, LR: 0.000038, Loss: 0.0344941, Validation MAE: 2.1029258, Test MAE: 2.4966331, Test MAE norm: 0.0470812
Epoch: 593, LR: 0.000038, Loss: 0.0342833, Validation MAE: 2.1022835, Test MAE: 2.5019178, Test MAE norm: 0.0471808
Epoch: 599, LR: 0.000038, Loss: 0.0344009, Validation MAE: 2.1020281, Test MAE: 2.4960270, Test MAE norm: 0.0470698
Epoch: 600, LR: 0.000038, Loss: 0.0343008, Validation MAE: 2.0934265, Test MAE: 2.5023437, Test MAE norm: 0.0471889
Epoch: 610, LR: 0.000038, Loss: 0.0343319, Validation MAE: 2.1035402, Test MAE: 2.4875643, Test MAE norm: 0.0469102
Epoch: 620, LR: 0.000034, Loss: 0.0341760, Validation MAE: 2.1040428, Test MAE: 2.5035903, Test MAE norm: 0.0472124
Epoch: 622, LR: 0.000034, Loss: 0.0341801, Validation MAE: 2.0994968, Test MAE: 2.4903655, Test MAE norm: 0.0469630
Epoch: 625, LR: 0.000031, Loss: 0.0340665, Validation MAE: 2.0958996, Test MAE: 2.4932797, Test MAE norm: 0.0470180
Epoch: 626, LR: 0.000031, Loss: 0.0339752, Validation MAE: 2.0917695, Test MAE: 2.5001118, Test MAE norm: 0.0471468
Epoch: 627, LR: 0.000031, Loss: 0.0340445, Validation MAE: 2.0852499, Test MAE: 2.5005569, Test MAE norm: 0.0471552
Epoch: 630, LR: 0.000031, Loss: 0.0340286, Validation MAE: 2.0781403, Test MAE: 2.4959040, Test MAE norm: 0.0470674
Epoch: 640, LR: 0.000031, Loss: 0.0338926, Validation MAE: 2.0904608, Test MAE: 2.5019128, Test MAE norm: 0.0471808
Epoch: 643, LR: 0.000028, Loss: 0.0339329, Validation MAE: 2.0863020, Test MAE: 2.4900947, Test MAE norm: 0.0469579
Epoch: 645, LR: 0.000028, Loss: 0.0341491, Validation MAE: 2.0848272, Test MAE: 2.4904568, Test MAE norm: 0.0469647
Epoch: 648, LR: 0.000028, Loss: 0.0339732, Validation MAE: 2.0832577, Test MAE: 2.4925532, Test MAE norm: 0.0470042
Epoch: 654, LR: 0.000025, Loss: 0.0338700, Validation MAE: 2.0818775, Test MAE: 2.4978642, Test MAE norm: 0.0471044
Epoch: 659, LR: 0.000025, Loss: 0.0338356, Validation MAE: 2.0759110, Test MAE: 2.4897575, Test MAE norm: 0.0469515
Epoch: 663, LR: 0.000025, Loss: 0.0337357, Validation MAE: 2.0711000, Test MAE: 2.4973705, Test MAE norm: 0.0470951
Epoch: 668, LR: 0.000025, Loss: 0.0337078, Validation MAE: 2.0674248, Test MAE: 2.4907756, Test MAE norm: 0.0469707
Epoch: 669, LR: 0.000025, Loss: 0.0336406, Validation MAE: 2.0636630, Test MAE: 2.4904332, Test MAE norm: 0.0469643
Epoch: 679, LR: 0.000025, Loss: 0.0335966, Validation MAE: 2.0673652, Test MAE: 2.4882030, Test MAE norm: 0.0469222
Epoch: 681, LR: 0.000023, Loss: 0.0336262, Validation MAE: 2.0649412, Test MAE: 2.4821637, Test MAE norm: 0.0468083
Epoch: 687, LR: 0.000023, Loss: 0.0336424, Validation MAE: 2.0633454, Test MAE: 2.4955642, Test MAE norm: 0.0470610
Epoch: 692, LR: 0.000023, Loss: 0.0336557, Validation MAE: 2.0626395, Test MAE: 2.4872067, Test MAE norm: 0.0469034
Epoch: 702, LR: 0.000023, Loss: 0.0334882, Validation MAE: 2.0626795, Test MAE: 2.4862115, Test MAE norm: 0.0468847
Epoch: 704, LR: 0.000020, Loss: 0.0334995, Validation MAE: 2.0597756, Test MAE: 2.4791830, Test MAE norm: 0.0467521
Epoch: 706, LR: 0.000020, Loss: 0.0335094, Validation MAE: 2.0554588, Test MAE: 2.4813242, Test MAE norm: 0.0467925
Epoch: 714, LR: 0.000020, Loss: 0.0333637, Validation MAE: 2.0550303, Test MAE: 2.4857755, Test MAE norm: 0.0468764
Epoch: 717, LR: 0.000020, Loss: 0.0333633, Validation MAE: 2.0498292, Test MAE: 2.4814138, Test MAE norm: 0.0467942
Epoch: 727, LR: 0.000020, Loss: 0.0333035, Validation MAE: 2.0634332, Test MAE: 2.4733727, Test MAE norm: 0.0466425
Epoch: 728, LR: 0.000020, Loss: 0.0334023, Validation MAE: 2.0588529, Test MAE: 2.4727247, Test MAE norm: 0.0466303
Epoch: 729, LR: 0.000018, Loss: 0.0333397, Validation MAE: 2.0491445, Test MAE: 2.4785941, Test MAE norm: 0.0467410
Epoch: 730, LR: 0.000018, Loss: 0.0332949, Validation MAE: 2.0476053, Test MAE: 2.4771121, Test MAE norm: 0.0467131
Epoch: 740, LR: 0.000018, Loss: 0.0332385, Validation MAE: 2.0499024, Test MAE: 2.4772298, Test MAE norm: 0.0467153
Epoch: 741, LR: 0.000018, Loss: 0.0332518, Validation MAE: 2.0462925, Test MAE: 2.4750328, Test MAE norm: 0.0466739
Epoch: 745, LR: 0.000018, Loss: 0.0332048, Validation MAE: 2.0460403, Test MAE: 2.4732518, Test MAE norm: 0.0466403
Epoch: 750, LR: 0.000018, Loss: 0.0332443, Validation MAE: 2.0423446, Test MAE: 2.4694855, Test MAE norm: 0.0465692
Epoch: 760, LR: 0.000018, Loss: 0.0331938, Validation MAE: 2.0457039, Test MAE: 2.4701269, Test MAE norm: 0.0465813
Epoch: 761, LR: 0.000018, Loss: 0.0331498, Validation MAE: 2.0419333, Test MAE: 2.4695432, Test MAE norm: 0.0465703
Epoch: 763, LR: 0.000018, Loss: 0.0331686, Validation MAE: 2.0418489, Test MAE: 2.4673891, Test MAE norm: 0.0465297
Epoch: 766, LR: 0.000018, Loss: 0.0331614, Validation MAE: 2.0363743, Test MAE: 2.4732571, Test MAE norm: 0.0466404
Epoch: 776, LR: 0.000018, Loss: 0.0331470, Validation MAE: 2.0485959, Test MAE: 2.4662325, Test MAE norm: 0.0465079
Epoch: 777, LR: 0.000018, Loss: 0.0330889, Validation MAE: 2.0444510, Test MAE: 2.4787395, Test MAE norm: 0.0467438
Epoch: 778, LR: 0.000016, Loss: 0.0331866, Validation MAE: 2.0427568, Test MAE: 2.4765673, Test MAE norm: 0.0467028
Epoch: 788, LR: 0.000016, Loss: 0.0330600, Validation MAE: 2.0434358, Test MAE: 2.4667003, Test MAE norm: 0.0465167
Epoch: 789, LR: 0.000015, Loss: 0.0329801, Validation MAE: 2.0392873, Test MAE: 2.4727433, Test MAE norm: 0.0466307
Epoch: 790, LR: 0.000015, Loss: 0.0330024, Validation MAE: 2.0386026, Test MAE: 2.4691577, Test MAE norm: 0.0465631
Epoch: 791, LR: 0.000015, Loss: 0.0329855, Validation MAE: 2.0384369, Test MAE: 2.4679058, Test MAE norm: 0.0465395
Epoch: 792, LR: 0.000015, Loss: 0.0329708, Validation MAE: 2.0365376, Test MAE: 2.4668849, Test MAE norm: 0.0465202
Epoch: 793, LR: 0.000015, Loss: 0.0329739, Validation MAE: 2.0327022, Test MAE: 2.4675701, Test MAE norm: 0.0465331
Epoch: 794, LR: 0.000015, Loss: 0.0329712, Validation MAE: 2.0311298, Test MAE: 2.4660943, Test MAE norm: 0.0465053
Epoch: 797, LR: 0.000015, Loss: 0.0329424, Validation MAE: 2.0287068, Test MAE: 2.4676530, Test MAE norm: 0.0465347
Epoch: 807, LR: 0.000015, Loss: 0.0329563, Validation MAE: 2.0307317, Test MAE: 2.4726567, Test MAE norm: 0.0466290
Epoch: 811, LR: 0.000013, Loss: 0.0328841, Validation MAE: 2.0259104, Test MAE: 2.4662387, Test MAE norm: 0.0465080
Epoch: 821, LR: 0.000013, Loss: 0.0328142, Validation MAE: 2.0274355, Test MAE: 2.4659688, Test MAE norm: 0.0465029
Epoch: 823, LR: 0.000012, Loss: 0.0328386, Validation MAE: 2.0267093, Test MAE: 2.4591432, Test MAE norm: 0.0463742
Epoch: 824, LR: 0.000012, Loss: 0.0328200, Validation MAE: 2.0257812, Test MAE: 2.4608824, Test MAE norm: 0.0464070
Epoch: 825, LR: 0.000012, Loss: 0.0328775, Validation MAE: 2.0221179, Test MAE: 2.4594383, Test MAE norm: 0.0463798
Epoch: 835, LR: 0.000012, Loss: 0.0327907, Validation MAE: 2.0277514, Test MAE: 2.4583464, Test MAE norm: 0.0463592
Epoch: 836, LR: 0.000012, Loss: 0.0327873, Validation MAE: 2.0255661, Test MAE: 2.4582927, Test MAE norm: 0.0463582
Epoch: 837, LR: 0.000011, Loss: 0.0327740, Validation MAE: 2.0248318, Test MAE: 2.4581385, Test MAE norm: 0.0463553
Epoch: 840, LR: 0.000011, Loss: 0.0327576, Validation MAE: 2.0246878, Test MAE: 2.4627101, Test MAE norm: 0.0464415
Epoch: 846, LR: 0.000011, Loss: 0.0327513, Validation MAE: 2.0220678, Test MAE: 2.4656889, Test MAE norm: 0.0464976
Epoch: 847, LR: 0.000011, Loss: 0.0328297, Validation MAE: 2.0192072, Test MAE: 2.4622500, Test MAE norm: 0.0464328
Epoch: 857, LR: 0.000011, Loss: 0.0327353, Validation MAE: 2.0296030, Test MAE: 2.4546311, Test MAE norm: 0.0462891
Epoch: 858, LR: 0.000011, Loss: 0.0327184, Validation MAE: 2.0275881, Test MAE: 2.4546597, Test MAE norm: 0.0462897
Epoch: 859, LR: 0.000010, Loss: 0.0327368, Validation MAE: 2.0251110, Test MAE: 2.4581792, Test MAE norm: 0.0463560
Epoch: 861, LR: 0.000010, Loss: 0.0327571, Validation MAE: 2.0207047, Test MAE: 2.4561379, Test MAE norm: 0.0463175
Epoch: 862, LR: 0.000010, Loss: 0.0326670, Validation MAE: 2.0199125, Test MAE: 2.4574251, Test MAE norm: 0.0463418
Epoch: 864, LR: 0.000010, Loss: 0.0327157, Validation MAE: 2.0190098, Test MAE: 2.4540751, Test MAE norm: 0.0462786
Epoch: 867, LR: 0.000010, Loss: 0.0326670, Validation MAE: 2.0186372, Test MAE: 2.4585075, Test MAE norm: 0.0463622
Epoch: 868, LR: 0.000010, Loss: 0.0327169, Validation MAE: 2.0179362, Test MAE: 2.4579039, Test MAE norm: 0.0463508
Epoch: 877, LR: 0.000010, Loss: 0.0326421, Validation MAE: 2.0169177, Test MAE: 2.4539680, Test MAE norm: 0.0462766
Epoch: 878, LR: 0.000010, Loss: 0.0325941, Validation MAE: 2.0168071, Test MAE: 2.4537113, Test MAE norm: 0.0462718
Epoch: 881, LR: 0.000010, Loss: 0.0326326, Validation MAE: 2.0141156, Test MAE: 2.4545908, Test MAE norm: 0.0462884
Epoch: 882, LR: 0.000010, Loss: 0.0326309, Validation MAE: 2.0135629, Test MAE: 2.4534776, Test MAE norm: 0.0462674
Epoch: 890, LR: 0.000010, Loss: 0.0326235, Validation MAE: 2.0128059, Test MAE: 2.4509363, Test MAE norm: 0.0462194
Epoch: 894, LR: 0.000010, Loss: 0.0326174, Validation MAE: 2.0112355, Test MAE: 2.4538705, Test MAE norm: 0.0462748
Epoch: 904, LR: 0.000010, Loss: 0.0325979, Validation MAE: 2.0198724, Test MAE: 2.4487503, Test MAE norm: 0.0461782
Epoch: 905, LR: 0.000010, Loss: 0.0326048, Validation MAE: 2.0133452, Test MAE: 2.4488382, Test MAE norm: 0.0461799
Epoch: 911, LR: 0.000010, Loss: 0.0325821, Validation MAE: 2.0126345, Test MAE: 2.4534752, Test MAE norm: 0.0462673
Epoch: 917, LR: 0.000010, Loss: 0.0325484, Validation MAE: 2.0122399, Test MAE: 2.4573102, Test MAE norm: 0.0463396
Epoch: 923, LR: 0.000010, Loss: 0.0325178, Validation MAE: 2.0086644, Test MAE: 2.4496493, Test MAE norm: 0.0461952
Epoch: 933, LR: 0.000010, Loss: 0.0324948, Validation MAE: 2.0065329, Test MAE: 2.4546158, Test MAE norm: 0.0462888
Epoch: 938, LR: 0.000010, Loss: 0.0325170, Validation MAE: 2.0041647, Test MAE: 2.4488318, Test MAE norm: 0.0461798
Epoch: 948, LR: 0.000010, Loss: 0.0325032, Validation MAE: 2.0095971, Test MAE: 2.4524670, Test MAE norm: 0.0462483
Epoch: 950, LR: 0.000010, Loss: 0.0327223, Validation MAE: 2.0089252, Test MAE: 2.4521365, Test MAE norm: 0.0462421
Epoch: 955, LR: 0.000010, Loss: 0.0325345, Validation MAE: 2.0087028, Test MAE: 2.4529798, Test MAE norm: 0.0462580
Epoch: 965, LR: 0.000010, Loss: 0.0324177, Validation MAE: 2.0169463, Test MAE: 2.4451447, Test MAE norm: 0.0461102
Epoch: 966, LR: 0.000010, Loss: 0.0324550, Validation MAE: 2.0163395, Test MAE: 2.4431949, Test MAE norm: 0.0460735
Epoch: 967, LR: 0.000010, Loss: 0.0324747, Validation MAE: 2.0073819, Test MAE: 2.4470866, Test MAE norm: 0.0461468
Epoch: 968, LR: 0.000010, Loss: 0.0324222, Validation MAE: 2.0068924, Test MAE: 2.4504344, Test MAE norm: 0.0462100
Epoch: 969, LR: 0.000010, Loss: 0.0324405, Validation MAE: 2.0005004, Test MAE: 2.4501266, Test MAE norm: 0.0462042
Epoch: 979, LR: 0.000010, Loss: 0.0324621, Validation MAE: 2.0050621, Test MAE: 2.4473584, Test MAE norm: 0.0461520
Epoch: 982, LR: 0.000010, Loss: 0.0323842, Validation MAE: 2.0045204, Test MAE: 2.4402726, Test MAE norm: 0.0460183
Epoch: 983, LR: 0.000010, Loss: 0.0324886, Validation MAE: 2.0029237, Test MAE: 2.4385846, Test MAE norm: 0.0459865
Epoch: 987, LR: 0.000010, Loss: 0.0323913, Validation MAE: 2.0005467, Test MAE: 2.4512334, Test MAE norm: 0.0462250
Epoch: 997, LR: 0.000010, Loss: 0.0323801, Validation MAE: 2.0040786, Test MAE: 2.4504280, Test MAE norm: 0.0462099
Epoch: 998, LR: 0.000010, Loss: 0.0324045, Validation MAE: 2.0034564, Test MAE: 2.4492145, Test MAE norm: 0.0461870
Epoch: 1001, LR: 0.000010, Loss: 0.0323395, Validation MAE: 2.0012965, Test MAE: 2.4374788, Test MAE norm: 0.0459657
Epoch: 1002, LR: 0.000010, Loss: 0.0323400, Validation MAE: 2.0001886, Test MAE: 2.4373534, Test MAE norm: 0.0459633
Epoch: 1010, LR: 0.000010, Loss: 0.0322862, Validation MAE: 2.0001161, Test MAE: 2.4422398, Test MAE norm: 0.0460554
Epoch: 1014, LR: 0.000010, Loss: 0.0323312, Validation MAE: 1.9992055, Test MAE: 2.4408669, Test MAE norm: 0.0460296
Epoch: 1015, LR: 0.000010, Loss: 0.0323253, Validation MAE: 1.9978580, Test MAE: 2.4434278, Test MAE norm: 0.0460779
Epoch: 1025, LR: 0.000010, Loss: 0.0324539, Validation MAE: 2.0081637, Test MAE: 2.4378421, Test MAE norm: 0.0459725
Epoch: 1027, LR: 0.000010, Loss: 0.0323440, Validation MAE: 2.0033197, Test MAE: 2.4442067, Test MAE norm: 0.0460925
Epoch: 1032, LR: 0.000010, Loss: 0.0324050, Validation MAE: 2.0023990, Test MAE: 2.4428525, Test MAE norm: 0.0460670
Epoch: 1034, LR: 0.000010, Loss: 0.0324151, Validation MAE: 1.9959949, Test MAE: 2.4413698, Test MAE norm: 0.0460390
Epoch: 1038, LR: 0.000010, Loss: 0.0323004, Validation MAE: 1.9949049, Test MAE: 2.4439533, Test MAE norm: 0.0460878
Epoch: 1048, LR: 0.000010, Loss: 0.0322883, Validation MAE: 2.0052183, Test MAE: 2.4511998, Test MAE norm: 0.0462244
Epoch: 1052, LR: 0.000010, Loss: 0.0323689, Validation MAE: 1.9999627, Test MAE: 2.4428320, Test MAE norm: 0.0460666
Epoch: 1054, LR: 0.000010, Loss: 0.0323994, Validation MAE: 1.9965417, Test MAE: 2.4390883, Test MAE norm: 0.0459960
Epoch: 1057, LR: 0.000010, Loss: 0.0322931, Validation MAE: 1.9948853, Test MAE: 2.4451244, Test MAE norm: 0.0461098
Epoch: 1067, LR: 0.000010, Loss: 0.0322473, Validation MAE: 2.0034561, Test MAE: 2.4410577, Test MAE norm: 0.0460332
Epoch: 1068, LR: 0.000010, Loss: 0.0323017, Validation MAE: 2.0006506, Test MAE: 2.4340236, Test MAE norm: 0.0459005
Epoch: 1070, LR: 0.000010, Loss: 0.0322946, Validation MAE: 1.9950206, Test MAE: 2.4404256, Test MAE norm: 0.0460212
Epoch: 1080, LR: 0.000010, Loss: 0.0323774, Validation MAE: 2.0107610, Test MAE: 2.4344363, Test MAE norm: 0.0459083
Epoch: 1081, LR: 0.000010, Loss: 0.0322905, Validation MAE: 2.0044599, Test MAE: 2.4413340, Test MAE norm: 0.0460384
Epoch: 1083, LR: 0.000010, Loss: 0.0324056, Validation MAE: 2.0039930, Test MAE: 2.4418540, Test MAE norm: 0.0460482
Epoch: 1087, LR: 0.000010, Loss: 0.0322655, Validation MAE: 1.9966193, Test MAE: 2.4376333, Test MAE norm: 0.0459686
Epoch: 1089, LR: 0.000010, Loss: 0.0323166, Validation MAE: 1.9947393, Test MAE: 2.4376876, Test MAE norm: 0.0459696
Epoch: 1093, LR: 0.000010, Loss: 0.0322680, Validation MAE: 1.9930979, Test MAE: 2.4367714, Test MAE norm: 0.0459523
Epoch: 1103, LR: 0.000010, Loss: 0.0322056, Validation MAE: 2.0073755, Test MAE: 2.4345543, Test MAE norm: 0.0459105
Epoch: 1104, LR: 0.000010, Loss: 0.0322103, Validation MAE: 1.9973789, Test MAE: 2.4360640, Test MAE norm: 0.0459390
Epoch: 1108, LR: 0.000010, Loss: 0.0321204, Validation MAE: 1.9923569, Test MAE: 2.4356461, Test MAE norm: 0.0459311
Epoch: 1110, LR: 0.000010, Loss: 0.0322299, Validation MAE: 1.9887203, Test MAE: 2.4321768, Test MAE norm: 0.0458657
Epoch: 1120, LR: 0.000010, Loss: 0.0321911, Validation MAE: 1.9976114, Test MAE: 2.4417083, Test MAE norm: 0.0460454
Epoch: 1129, LR: 0.000010, Loss: 0.0321412, Validation MAE: 1.9942672, Test MAE: 2.4427347, Test MAE norm: 0.0460648
Epoch: 1130, LR: 0.000010, Loss: 0.0321417, Validation MAE: 1.9920454, Test MAE: 2.4429097, Test MAE norm: 0.0460681
Epoch: 1133, LR: 0.000010, Loss: 0.0321337, Validation MAE: 1.9902222, Test MAE: 2.4283836, Test MAE norm: 0.0457941
Epoch: 1143, LR: 0.000010, Loss: 0.0323513, Validation MAE: 2.0045972, Test MAE: 2.4395504, Test MAE norm: 0.0460047
Epoch: 1144, LR: 0.000010, Loss: 0.0321623, Validation MAE: 1.9980584, Test MAE: 2.4468126, Test MAE norm: 0.0461417
Epoch: 1145, LR: 0.000010, Loss: 0.0324097, Validation MAE: 1.9959044, Test MAE: 2.4403818, Test MAE norm: 0.0460204
Epoch: 1155, LR: 0.000010, Loss: 0.0323601, Validation MAE: 2.0126810, Test MAE: 2.4383440, Test MAE norm: 0.0459820
Epoch: 1156, LR: 0.000010, Loss: 0.0323016, Validation MAE: 1.9988866, Test MAE: 2.4449050, Test MAE norm: 0.0461057
Epoch: 1157, LR: 0.000010, Loss: 0.0321442, Validation MAE: 1.9977764, Test MAE: 2.4499562, Test MAE norm: 0.0462010
Epoch: 1158, LR: 0.000010, Loss: 0.0324573, Validation MAE: 1.9912217, Test MAE: 2.4419200, Test MAE norm: 0.0460494
Epoch: 1168, LR: 0.000010, Loss: 0.0324158, Validation MAE: 2.0371542, Test MAE: 2.4300914, Test MAE norm: 0.0458264
Epoch: 1169, LR: 0.000010, Loss: 0.0324947, Validation MAE: 2.0211532, Test MAE: 2.4320717, Test MAE norm: 0.0458637
Epoch: 1170, LR: 0.000010, Loss: 0.0322827, Validation MAE: 2.0037098, Test MAE: 2.4427438, Test MAE norm: 0.0460650
Epoch: 1172, LR: 0.000010, Loss: 0.0323620, Validation MAE: 2.0003839, Test MAE: 2.4484181, Test MAE norm: 0.0461720
Epoch: 1177, LR: 0.000010, Loss: 0.0321240, Validation MAE: 1.9910871, Test MAE: 2.4294794, Test MAE norm: 0.0458148
Epoch: 1183, LR: 0.000010, Loss: 0.0321720, Validation MAE: 1.9905158, Test MAE: 2.4253454, Test MAE norm: 0.0457369
Epoch: 1193, LR: 0.000010, Loss: 0.0321228, Validation MAE: 2.0080531, Test MAE: 2.4241462, Test MAE norm: 0.0457142
Epoch: 1194, LR: 0.000010, Loss: 0.0321750, Validation MAE: 1.9948418, Test MAE: 2.4227710, Test MAE norm: 0.0456883
Epoch: 1195, LR: 0.000010, Loss: 0.0321126, Validation MAE: 1.9911544, Test MAE: 2.4229670, Test MAE norm: 0.0456920
Epoch: 1196, LR: 0.000010, Loss: 0.0321328, Validation MAE: 1.9875337, Test MAE: 2.4245079, Test MAE norm: 0.0457211
Epoch: 1205, LR: 0.000010, Loss: 0.0320746, Validation MAE: 1.9872595, Test MAE: 2.4282682, Test MAE norm: 0.0457920
Epoch: 1215, LR: 0.000010, Loss: 0.0320478, Validation MAE: 1.9894201, Test MAE: 2.4227738, Test MAE norm: 0.0456884
Epoch: 1220, LR: 0.000010, Loss: 0.0320262, Validation MAE: 1.9890450, Test MAE: 2.4331026, Test MAE norm: 0.0458831
Epoch: 1224, LR: 0.000010, Loss: 0.0321050, Validation MAE: 1.9871024, Test MAE: 2.4213271, Test MAE norm: 0.0456611
Epoch: 1225, LR: 0.000010, Loss: 0.0320173, Validation MAE: 1.9867506, Test MAE: 2.4252543, Test MAE norm: 0.0457351
Epoch: 1235, LR: 0.000010, Loss: 0.0319676, Validation MAE: 1.9973928, Test MAE: 2.4199808, Test MAE norm: 0.0456357
Epoch: 1236, LR: 0.000010, Loss: 0.0320338, Validation MAE: 1.9945940, Test MAE: 2.4218130, Test MAE norm: 0.0456702
Epoch: 1237, LR: 0.000010, Loss: 0.0320068, Validation MAE: 1.9871330, Test MAE: 2.4250057, Test MAE norm: 0.0457304
Epoch: 1242, LR: 0.000010, Loss: 0.0319828, Validation MAE: 1.9833612, Test MAE: 2.4229975, Test MAE norm: 0.0456926
Epoch: 1252, LR: 0.000010, Loss: 0.0319936, Validation MAE: 1.9931351, Test MAE: 2.4164014, Test MAE norm: 0.0455682
Epoch: 1254, LR: 0.000010, Loss: 0.0320848, Validation MAE: 1.9929860, Test MAE: 2.4181252, Test MAE norm: 0.0456007
Epoch: 1262, LR: 0.000010, Loss: 0.0320036, Validation MAE: 1.9851077, Test MAE: 2.4289265, Test MAE norm: 0.0458044
Epoch: 1266, LR: 0.000010, Loss: 0.0320615, Validation MAE: 1.9840695, Test MAE: 2.4152417, Test MAE norm: 0.0455463
Epoch: 1276, LR: 0.000010, Loss: 0.0319396, Validation MAE: 1.9869295, Test MAE: 2.4322662, Test MAE norm: 0.0458674
Epoch: 1280, LR: 0.000010, Loss: 0.0319728, Validation MAE: 1.9821681, Test MAE: 2.4178636, Test MAE norm: 0.0455958
Epoch: 1290, LR: 0.000010, Loss: 0.0319518, Validation MAE: 1.9879819, Test MAE: 2.4184482, Test MAE norm: 0.0456068
Epoch: 1292, LR: 0.000010, Loss: 0.0321068, Validation MAE: 1.9854081, Test MAE: 2.4159117, Test MAE norm: 0.0455590
Epoch: 1302, LR: 0.000010, Loss: 0.0321479, Validation MAE: 1.9855496, Test MAE: 2.4199166, Test MAE norm: 0.0456345
Epoch: 1312, LR: 0.000010, Loss: 0.0319758, Validation MAE: 1.9901891, Test MAE: 2.4239278, Test MAE norm: 0.0457101
Epoch: 1318, LR: 0.000010, Loss: 0.0321067, Validation MAE: 1.9901100, Test MAE: 2.4207163, Test MAE norm: 0.0456496
Epoch: 1323, LR: 0.000010, Loss: 0.0320265, Validation MAE: 1.9898540, Test MAE: 2.4217556, Test MAE norm: 0.0456692
Epoch: 1328, LR: 0.000010, Loss: 0.0319098, Validation MAE: 1.9836389, Test MAE: 2.4168806, Test MAE norm: 0.0455772
Epoch: 1332, LR: 0.000010, Loss: 0.0318904, Validation MAE: 1.9812250, Test MAE: 2.4200935, Test MAE norm: 0.0456378
Epoch: 1333, LR: 0.000010, Loss: 0.0319032, Validation MAE: 1.9784006, Test MAE: 2.4198158, Test MAE norm: 0.0456326
Epoch: 1343, LR: 0.000010, Loss: 0.0318459, Validation MAE: 1.9903985, Test MAE: 2.4309285, Test MAE norm: 0.0458421
Epoch: 1349, LR: 0.000010, Loss: 0.0319257, Validation MAE: 1.9901774, Test MAE: 2.4123182, Test MAE norm: 0.0454912
Epoch: 1350, LR: 0.000010, Loss: 0.0319791, Validation MAE: 1.9836978, Test MAE: 2.4125681, Test MAE norm: 0.0454959
Epoch: 1354, LR: 0.000010, Loss: 0.0318603, Validation MAE: 1.9809644, Test MAE: 2.4215679, Test MAE norm: 0.0456656
Epoch: 1364, LR: 0.000010, Loss: 0.0319411, Validation MAE: 1.9856546, Test MAE: 2.4208202, Test MAE norm: 0.0456515
Epoch: 1367, LR: 0.000010, Loss: 0.0320699, Validation MAE: 1.9847164, Test MAE: 2.4111354, Test MAE norm: 0.0454689
Epoch: 1368, LR: 0.000010, Loss: 0.0318196, Validation MAE: 1.9796929, Test MAE: 2.4121311, Test MAE norm: 0.0454877
Epoch: 1378, LR: 0.000010, Loss: 0.0318660, Validation MAE: 1.9845552, Test MAE: 2.4091756, Test MAE norm: 0.0454319
Epoch: 1380, LR: 0.000010, Loss: 0.0319316, Validation MAE: 1.9813536, Test MAE: 2.4125051, Test MAE norm: 0.0454947
Epoch: 1389, LR: 0.000010, Loss: 0.0319304, Validation MAE: 1.9767370, Test MAE: 2.4133770, Test MAE norm: 0.0455112
Epoch: 1399, LR: 0.000010, Loss: 0.0320871, Validation MAE: 1.9894507, Test MAE: 2.4091814, Test MAE norm: 0.0454320
Epoch: 1400, LR: 0.000010, Loss: 0.0318951, Validation MAE: 1.9885234, Test MAE: 2.4161248, Test MAE norm: 0.0455630
Epoch: 1407, LR: 0.000010, Loss: 0.0320182, Validation MAE: 1.9875706, Test MAE: 2.4160607, Test MAE norm: 0.0455618
Epoch: 1411, LR: 0.000010, Loss: 0.0319241, Validation MAE: 1.9726949, Test MAE: 2.4132211, Test MAE norm: 0.0455082
Epoch: 1421, LR: 0.000010, Loss: 0.0319119, Validation MAE: 1.9863665, Test MAE: 2.4097421, Test MAE norm: 0.0454426
Epoch: 1423, LR: 0.000010, Loss: 0.0318712, Validation MAE: 1.9863093, Test MAE: 2.4052646, Test MAE norm: 0.0453582
Epoch: 1424, LR: 0.000010, Loss: 0.0318659, Validation MAE: 1.9827936, Test MAE: 2.4085391, Test MAE norm: 0.0454199
Epoch: 1425, LR: 0.000010, Loss: 0.0318954, Validation MAE: 1.9768988, Test MAE: 2.4070807, Test MAE norm: 0.0453924
Epoch: 1429, LR: 0.000010, Loss: 0.0318174, Validation MAE: 1.9725739, Test MAE: 2.4159191, Test MAE norm: 0.0455591
Epoch: 1439, LR: 0.000010, Loss: 0.0318106, Validation MAE: 1.9801773, Test MAE: 2.4079542, Test MAE norm: 0.0454089
Epoch: 1447, LR: 0.000010, Loss: 0.0317955, Validation MAE: 1.9763421, Test MAE: 2.4128869, Test MAE norm: 0.0455019
Epoch: 1451, LR: 0.000010, Loss: 0.0318479, Validation MAE: 1.9752578, Test MAE: 2.4013264, Test MAE norm: 0.0452839
Epoch: 1454, LR: 0.000010, Loss: 0.0318186, Validation MAE: 1.9748396, Test MAE: 2.4097691, Test MAE norm: 0.0454431
Epoch: 1464, LR: 0.000010, Loss: 0.0319002, Validation MAE: 1.9789875, Test MAE: 2.4123223, Test MAE norm: 0.0454913
Epoch: 1468, LR: 0.000010, Loss: 0.0319670, Validation MAE: 1.9720501, Test MAE: 2.4013956, Test MAE norm: 0.0452852
Epoch: 1478, LR: 0.000010, Loss: 0.0318579, Validation MAE: 1.9770398, Test MAE: 2.4077823, Test MAE norm: 0.0454057
Epoch: 1482, LR: 0.000010, Loss: 0.0317525, Validation MAE: 1.9748191, Test MAE: 2.4038339, Test MAE norm: 0.0453312
Epoch: 1486, LR: 0.000010, Loss: 0.0317262, Validation MAE: 1.9737104, Test MAE: 2.4093156, Test MAE norm: 0.0454346
Epoch: 1490, LR: 0.000010, Loss: 0.0318462, Validation MAE: 1.9724797, Test MAE: 2.4025517, Test MAE norm: 0.0453070
Epoch: 1500, LR: 0.000010, Loss: 0.0316674, Validation MAE: 1.9778506, Test MAE: 2.4080434, Test MAE norm: 0.0454106
Epoch: 1501, LR: 0.000010, Loss: 0.0318383, Validation MAE: 1.9761634, Test MAE: 2.4039979, Test MAE norm: 0.0453343
Epoch: 1504, LR: 0.000010, Loss: 0.0317362, Validation MAE: 1.9747800, Test MAE: 2.4035671, Test MAE norm: 0.0453262
Epoch: 1505, LR: 0.000010, Loss: 0.0317152, Validation MAE: 1.9717995, Test MAE: 2.4033303, Test MAE norm: 0.0453217
Epoch: 1510, LR: 0.000010, Loss: 0.0319551, Validation MAE: 1.9706405, Test MAE: 2.4041214, Test MAE norm: 0.0453366
Epoch: 1520, LR: 0.000010, Loss: 0.0319338, Validation MAE: 1.9807431, Test MAE: 2.4082785, Test MAE norm: 0.0454150
Epoch: 1521, LR: 0.000010, Loss: 0.0317521, Validation MAE: 1.9752327, Test MAE: 2.4127786, Test MAE norm: 0.0454999
Epoch: 1522, LR: 0.000010, Loss: 0.0319221, Validation MAE: 1.9710187, Test MAE: 2.4062340, Test MAE norm: 0.0453765
Epoch: 1532, LR: 0.000010, Loss: 0.0316723, Validation MAE: 1.9792527, Test MAE: 2.4083464, Test MAE norm: 0.0454163
Epoch: 1533, LR: 0.000010, Loss: 0.0318213, Validation MAE: 1.9759079, Test MAE: 2.4026866, Test MAE norm: 0.0453096
Epoch: 1536, LR: 0.000010, Loss: 0.0317122, Validation MAE: 1.9678785, Test MAE: 2.3964491, Test MAE norm: 0.0451919
Epoch: 1546, LR: 0.000010, Loss: 0.0316583, Validation MAE: 1.9679744, Test MAE: 2.3957219, Test MAE norm: 0.0451782
Epoch: 1547, LR: 0.000010, Loss: 0.0316614, Validation MAE: 1.9673597, Test MAE: 2.3954258, Test MAE norm: 0.0451726
Epoch: 1557, LR: 0.000010, Loss: 0.0316201, Validation MAE: 1.9791135, Test MAE: 2.3974919, Test MAE norm: 0.0452116
Epoch: 1558, LR: 0.000010, Loss: 0.0316945, Validation MAE: 1.9701186, Test MAE: 2.3993895, Test MAE norm: 0.0452474
Epoch: 1564, LR: 0.000010, Loss: 0.0317273, Validation MAE: 1.9691651, Test MAE: 2.3980355, Test MAE norm: 0.0452218
Epoch: 1567, LR: 0.000010, Loss: 0.0316585, Validation MAE: 1.9679070, Test MAE: 2.3970821, Test MAE norm: 0.0452039
Epoch: 1577, LR: 0.000010, Loss: 0.0316036, Validation MAE: 1.9713298, Test MAE: 2.3971388, Test MAE norm: 0.0452049
Epoch: 1578, LR: 0.000010, Loss: 0.0317493, Validation MAE: 1.9705639, Test MAE: 2.3961177, Test MAE norm: 0.0451857
Epoch: 1586, LR: 0.000010, Loss: 0.0316266, Validation MAE: 1.9676223, Test MAE: 2.3932743, Test MAE norm: 0.0451321
Epoch: 1591, LR: 0.000010, Loss: 0.0317016, Validation MAE: 1.9676155, Test MAE: 2.4030149, Test MAE norm: 0.0453157
Epoch: 1601, LR: 0.000010, Loss: 0.0316749, Validation MAE: 1.9804782, Test MAE: 2.4062328, Test MAE norm: 0.0453764
Epoch: 1611, LR: 0.000010, Loss: 0.0320456, Validation MAE: 1.9832495, Test MAE: 2.4170763, Test MAE norm: 0.0455809
Epoch: 1614, LR: 0.000010, Loss: 0.0320552, Validation MAE: 1.9748279, Test MAE: 2.3922012, Test MAE norm: 0.0451118
Epoch: 1616, LR: 0.000010, Loss: 0.0319487, Validation MAE: 1.9725618, Test MAE: 2.3921525, Test MAE norm: 0.0451109
Epoch: 1618, LR: 0.000010, Loss: 0.0319877, Validation MAE: 1.9674555, Test MAE: 2.3962784, Test MAE norm: 0.0451887
Epoch: 1628, LR: 0.000010, Loss: 0.0316330, Validation MAE: 1.9812442, Test MAE: 2.4139345, Test MAE norm: 0.0455217
Epoch: 1629, LR: 0.000010, Loss: 0.0318552, Validation MAE: 1.9791299, Test MAE: 2.3948450, Test MAE norm: 0.0451617
Epoch: 1631, LR: 0.000010, Loss: 0.0318266, Validation MAE: 1.9698153, Test MAE: 2.3970020, Test MAE norm: 0.0452024
Epoch: 1641, LR: 0.000010, Loss: 0.0318564, Validation MAE: 1.9775770, Test MAE: 2.3933771, Test MAE norm: 0.0451340
Epoch: 1646, LR: 0.000010, Loss: 0.0317907, Validation MAE: 1.9697751, Test MAE: 2.4022286, Test MAE norm: 0.0453009
Epoch: 1648, LR: 0.000010, Loss: 0.0317031, Validation MAE: 1.9652158, Test MAE: 2.3903196, Test MAE norm: 0.0450763
Epoch: 1653, LR: 0.000010, Loss: 0.0315834, Validation MAE: 1.9638577, Test MAE: 2.3891098, Test MAE norm: 0.0450535
Epoch: 1663, LR: 0.000010, Loss: 0.0316062, Validation MAE: 1.9688699, Test MAE: 2.3900447, Test MAE norm: 0.0450712
Epoch: 1664, LR: 0.000010, Loss: 0.0315559, Validation MAE: 1.9685035, Test MAE: 2.3972259, Test MAE norm: 0.0452066
Epoch: 1665, LR: 0.000010, Loss: 0.0316402, Validation MAE: 1.9644403, Test MAE: 2.3897476, Test MAE norm: 0.0450656
Epoch: 1669, LR: 0.000010, Loss: 0.0318208, Validation MAE: 1.9610821, Test MAE: 2.3848805, Test MAE norm: 0.0449738
Epoch: 1679, LR: 0.000010, Loss: 0.0318713, Validation MAE: 1.9743811, Test MAE: 2.3879921, Test MAE norm: 0.0450325
Epoch: 1681, LR: 0.000010, Loss: 0.0317048, Validation MAE: 1.9697109, Test MAE: 2.3931699, Test MAE norm: 0.0451301
Epoch: 1682, LR: 0.000010, Loss: 0.0317467, Validation MAE: 1.9675003, Test MAE: 2.3909783, Test MAE norm: 0.0450888
Epoch: 1686, LR: 0.000010, Loss: 0.0315915, Validation MAE: 1.9647704, Test MAE: 2.3886006, Test MAE norm: 0.0450439
Epoch: 1696, LR: 0.000010, Loss: 0.0319476, Validation MAE: 1.9866081, Test MAE: 2.3891351, Test MAE norm: 0.0450540
Epoch: 1697, LR: 0.000010, Loss: 0.0317201, Validation MAE: 1.9716626, Test MAE: 2.3956864, Test MAE norm: 0.0451775
Epoch: 1698, LR: 0.000010, Loss: 0.0315174, Validation MAE: 1.9665617, Test MAE: 2.4008758, Test MAE norm: 0.0452754
Epoch: 1699, LR: 0.000010, Loss: 0.0318975, Validation MAE: 1.9625885, Test MAE: 2.3959229, Test MAE norm: 0.0451820
Epoch: 1709, LR: 0.000010, Loss: 0.0315237, Validation MAE: 1.9644184, Test MAE: 2.3966079, Test MAE norm: 0.0451949
Epoch: 1710, LR: 0.000010, Loss: 0.0315023, Validation MAE: 1.9643416, Test MAE: 2.3841677, Test MAE norm: 0.0449603
Epoch: 1711, LR: 0.000010, Loss: 0.0314675, Validation MAE: 1.9640285, Test MAE: 2.3828435, Test MAE norm: 0.0449354
Epoch: 1712, LR: 0.000010, Loss: 0.0314889, Validation MAE: 1.9606252, Test MAE: 2.3831689, Test MAE norm: 0.0449415
Epoch: 1722, LR: 0.000010, Loss: 0.0314680, Validation MAE: 1.9666048, Test MAE: 2.3840425, Test MAE norm: 0.0449580
Epoch: 1723, LR: 0.000010, Loss: 0.0315148, Validation MAE: 1.9633173, Test MAE: 2.3827662, Test MAE norm: 0.0449339
Epoch: 1724, LR: 0.000010, Loss: 0.0314776, Validation MAE: 1.9618931, Test MAE: 2.3819399, Test MAE norm: 0.0449183
Epoch: 1729, LR: 0.000010, Loss: 0.0314516, Validation MAE: 1.9607044, Test MAE: 2.3888369, Test MAE norm: 0.0450484
Epoch: 1733, LR: 0.000010, Loss: 0.0314929, Validation MAE: 1.9590757, Test MAE: 2.3812890, Test MAE norm: 0.0449060
Epoch: 1743, LR: 0.000010, Loss: 0.0315155, Validation MAE: 1.9564297, Test MAE: 2.3845630, Test MAE norm: 0.0449678
Epoch: 1753, LR: 0.000010, Loss: 0.0314500, Validation MAE: 1.9590652, Test MAE: 2.3817899, Test MAE norm: 0.0449155
Epoch: 1756, LR: 0.000010, Loss: 0.0314488, Validation MAE: 1.9563299, Test MAE: 2.3827863, Test MAE norm: 0.0449343
Epoch: 1766, LR: 0.000010, Loss: 0.0314663, Validation MAE: 1.9618020, Test MAE: 2.3874435, Test MAE norm: 0.0450221
Epoch: 1769, LR: 0.000010, Loss: 0.0315278, Validation MAE: 1.9586378, Test MAE: 2.3783965, Test MAE norm: 0.0448515
Epoch: 1779, LR: 0.000010, Loss: 0.0315902, Validation MAE: 1.9583672, Test MAE: 2.3781998, Test MAE norm: 0.0448478
Epoch: 1789, LR: 0.000010, Loss: 0.0315503, Validation MAE: 1.9624048, Test MAE: 2.3776009, Test MAE norm: 0.0448365
Epoch: 1790, LR: 0.000010, Loss: 0.0314155, Validation MAE: 1.9566212, Test MAE: 2.3821681, Test MAE norm: 0.0449226
Epoch: 1800, LR: 0.000010, Loss: 0.0315075, Validation MAE: 1.9588088, Test MAE: 2.3847396, Test MAE norm: 0.0449711
Epoch: 1803, LR: 0.000010, Loss: 0.0314540, Validation MAE: 1.9585115, Test MAE: 2.3755574, Test MAE norm: 0.0447980
Epoch: 1804, LR: 0.000010, Loss: 0.0313984, Validation MAE: 1.9582819, Test MAE: 2.3785412, Test MAE norm: 0.0448542
Epoch: 1805, LR: 0.000010, Loss: 0.0314614, Validation MAE: 1.9576178, Test MAE: 2.3751800, Test MAE norm: 0.0447908
Epoch: 1815, LR: 0.000010, Loss: 0.0313589, Validation MAE: 1.9668516, Test MAE: 2.3778436, Test MAE norm: 0.0448411
Epoch: 1816, LR: 0.000010, Loss: 0.0314502, Validation MAE: 1.9616852, Test MAE: 2.3760555, Test MAE norm: 0.0448074
Epoch: 1817, LR: 0.000010, Loss: 0.0313872, Validation MAE: 1.9574468, Test MAE: 2.3780167, Test MAE norm: 0.0448443
Epoch: 1826, LR: 0.000010, Loss: 0.0314402, Validation MAE: 1.9561528, Test MAE: 2.3748481, Test MAE norm: 0.0447846
Epoch: 1832, LR: 0.000010, Loss: 0.0314018, Validation MAE: 1.9559611, Test MAE: 2.3813860, Test MAE norm: 0.0449079
Epoch: 1835, LR: 0.000010, Loss: 0.0313795, Validation MAE: 1.9547545, Test MAE: 2.3742139, Test MAE norm: 0.0447726
Epoch: 1843, LR: 0.000010, Loss: 0.0313376, Validation MAE: 1.9543197, Test MAE: 2.3730650, Test MAE norm: 0.0447510
Epoch: 1844, LR: 0.000010, Loss: 0.0313475, Validation MAE: 1.9519273, Test MAE: 2.3742511, Test MAE norm: 0.0447733
Epoch: 1848, LR: 0.000010, Loss: 0.0313784, Validation MAE: 1.9513469, Test MAE: 2.3778582, Test MAE norm: 0.0448413
Epoch: 1858, LR: 0.000010, Loss: 0.0313541, Validation MAE: 1.9612558, Test MAE: 2.3769231, Test MAE norm: 0.0448237
Epoch: 1860, LR: 0.000010, Loss: 0.0313729, Validation MAE: 1.9525785, Test MAE: 2.3727660, Test MAE norm: 0.0447453
Epoch: 1865, LR: 0.000010, Loss: 0.0313501, Validation MAE: 1.9500293, Test MAE: 2.3814425, Test MAE norm: 0.0449089
Epoch: 1875, LR: 0.000010, Loss: 0.0315117, Validation MAE: 1.9538274, Test MAE: 2.3733554, Test MAE norm: 0.0447564
Epoch: 1878, LR: 0.000010, Loss: 0.0314543, Validation MAE: 1.9526550, Test MAE: 2.3721974, Test MAE norm: 0.0447346
Epoch: 1884, LR: 0.000010, Loss: 0.0313395, Validation MAE: 1.9519815, Test MAE: 2.3795729, Test MAE norm: 0.0448737
Epoch: 1887, LR: 0.000010, Loss: 0.0314135, Validation MAE: 1.9513274, Test MAE: 2.3715494, Test MAE norm: 0.0447224
Epoch: 1897, LR: 0.000010, Loss: 0.0313629, Validation MAE: 1.9570274, Test MAE: 2.3753293, Test MAE norm: 0.0447937
Epoch: 1898, LR: 0.000010, Loss: 0.0313676, Validation MAE: 1.9539229, Test MAE: 2.3713078, Test MAE norm: 0.0447178
Epoch: 1899, LR: 0.000010, Loss: 0.0313221, Validation MAE: 1.9463211, Test MAE: 2.3704157, Test MAE norm: 0.0447010
Epoch: 1909, LR: 0.000010, Loss: 0.0313015, Validation MAE: 1.9618409, Test MAE: 2.3763146, Test MAE norm: 0.0448122
Epoch: 1910, LR: 0.000010, Loss: 0.0313304, Validation MAE: 1.9528235, Test MAE: 2.3811278, Test MAE norm: 0.0449030
Epoch: 1913, LR: 0.000010, Loss: 0.0314120, Validation MAE: 1.9503990, Test MAE: 2.3708372, Test MAE norm: 0.0447089
Epoch: 1915, LR: 0.000010, Loss: 0.0314442, Validation MAE: 1.9494725, Test MAE: 2.3690324, Test MAE norm: 0.0446749
Epoch: 1922, LR: 0.000010, Loss: 0.0313040, Validation MAE: 1.9489542, Test MAE: 2.3700902, Test MAE norm: 0.0446949
Epoch: 1932, LR: 0.000010, Loss: 0.0313628, Validation MAE: 1.9529655, Test MAE: 2.3706503, Test MAE norm: 0.0447054
Epoch: 1942, LR: 0.000010, Loss: 0.0314945, Validation MAE: 1.9580737, Test MAE: 2.3802252, Test MAE norm: 0.0448860
Epoch: 1943, LR: 0.000010, Loss: 0.0314523, Validation MAE: 1.9504310, Test MAE: 2.3722742, Test MAE norm: 0.0447360
Epoch: 1953, LR: 0.000010, Loss: 0.0318551, Validation MAE: 1.9669775, Test MAE: 2.3822408, Test MAE norm: 0.0449240
Epoch: 1956, LR: 0.000010, Loss: 0.0318500, Validation MAE: 1.9645749, Test MAE: 2.3753438, Test MAE norm: 0.0447939
Epoch: 1958, LR: 0.000010, Loss: 0.0316271, Validation MAE: 1.9568248, Test MAE: 2.3794270, Test MAE norm: 0.0448709
Epoch: 1963, LR: 0.000010, Loss: 0.0316330, Validation MAE: 1.9528484, Test MAE: 2.3820357, Test MAE norm: 0.0449201
Epoch: 1973, LR: 0.000010, Loss: 0.0316824, Validation MAE: 1.9766730, Test MAE: 2.3880975, Test MAE norm: 0.0450344
Epoch: 1974, LR: 0.000010, Loss: 0.0316338, Validation MAE: 1.9595146, Test MAE: 2.3705320, Test MAE norm: 0.0447032
Epoch: 1975, LR: 0.000010, Loss: 0.0313325, Validation MAE: 1.9556700, Test MAE: 2.3745465, Test MAE norm: 0.0447789
Epoch: 1977, LR: 0.000010, Loss: 0.0316561, Validation MAE: 1.9463813, Test MAE: 2.3684564, Test MAE norm: 0.0446640
Epoch: 1987, LR: 0.000010, Loss: 0.0313577, Validation MAE: 1.9547055, Test MAE: 2.3777933, Test MAE norm: 0.0448401
Epoch: 1988, LR: 0.000010, Loss: 0.0313418, Validation MAE: 1.9502689, Test MAE: 2.3710165, Test MAE norm: 0.0447123
Epoch: 1990, LR: 0.000010, Loss: 0.0314022, Validation MAE: 1.9465724, Test MAE: 2.3705666, Test MAE norm: 0.0447038
Epoch: 2000, LR: 0.000010, Loss: 0.0313097, Validation MAE: 1.9525126, Test MAE: 2.3669689, Test MAE norm: 0.0446360
Epoch: 2000, LR: 0.000010, Loss: 0.0313097, Validation MAE: 1.9525126, Test MAE: 2.3669689, Test MAE norm: 0.0446360