Command line input: python run_count.py --batch_size 256 --target 6 --model I2GNN --h 3 --seed 1 --epoch 2000 --dataset easy-1
Mean = 15.135, Std = 53.028
Using I2GNN model

Epoch: 001, LR: 0.001000, Loss: 0.5691247, Validation MAE: 28.2134857, Test MAE: 26.7530079, Test MAE norm: 0.5045048
Epoch: 002, LR: 0.001000, Loss: 0.4729404, Validation MAE: 22.7491283, Test MAE: 21.9945908, Test MAE norm: 0.4147712
Epoch: 003, LR: 0.001000, Loss: 0.4025548, Validation MAE: 17.8709049, Test MAE: 16.8641644, Test MAE norm: 0.3180223
Epoch: 005, LR: 0.001000, Loss: 0.4265348, Validation MAE: 12.1849823, Test MAE: 11.5837746, Test MAE norm: 0.2184453
Epoch: 006, LR: 0.001000, Loss: 0.2224751, Validation MAE: 11.2383690, Test MAE: 10.4150257, Test MAE norm: 0.1964052
Epoch: 011, LR: 0.001000, Loss: 0.3085630, Validation MAE: 10.7955713, Test MAE: 9.7331495, Test MAE norm: 0.1835465
Epoch: 015, LR: 0.001000, Loss: 0.1762789, Validation MAE: 10.6692400, Test MAE: 9.7467375, Test MAE norm: 0.1838027
Epoch: 016, LR: 0.001000, Loss: 0.1811501, Validation MAE: 9.7565813, Test MAE: 8.6055212, Test MAE norm: 0.1622818
Epoch: 017, LR: 0.001000, Loss: 0.1702570, Validation MAE: 8.8603306, Test MAE: 7.7963123, Test MAE norm: 0.1470219
Epoch: 020, LR: 0.001000, Loss: 0.1546817, Validation MAE: 8.1197453, Test MAE: 6.8931050, Test MAE norm: 0.1299893
Epoch: 023, LR: 0.001000, Loss: 0.1411824, Validation MAE: 7.5123229, Test MAE: 6.5924845, Test MAE norm: 0.1243202
Epoch: 024, LR: 0.001000, Loss: 0.1289202, Validation MAE: 7.3891621, Test MAE: 6.4125195, Test MAE norm: 0.1209265
Epoch: 025, LR: 0.001000, Loss: 0.1296061, Validation MAE: 7.2476387, Test MAE: 6.8671689, Test MAE norm: 0.1295002
Epoch: 026, LR: 0.001000, Loss: 0.1232469, Validation MAE: 6.5185394, Test MAE: 5.9897695, Test MAE norm: 0.1129543
Epoch: 027, LR: 0.001000, Loss: 0.1119202, Validation MAE: 6.1285181, Test MAE: 5.8254642, Test MAE norm: 0.1098559
Epoch: 028, LR: 0.001000, Loss: 0.1070931, Validation MAE: 6.0366597, Test MAE: 4.9390354, Test MAE norm: 0.0931397
Epoch: 038, LR: 0.001000, Loss: 0.1156822, Validation MAE: 6.9882131, Test MAE: 7.5815625, Test MAE norm: 0.1429721
Epoch: 039, LR: 0.001000, Loss: 0.1217637, Validation MAE: 5.5042024, Test MAE: 5.1924319, Test MAE norm: 0.0979182
Epoch: 043, LR: 0.001000, Loss: 0.0971646, Validation MAE: 4.8927784, Test MAE: 4.6919022, Test MAE norm: 0.0884793
Epoch: 046, LR: 0.001000, Loss: 0.0958632, Validation MAE: 4.6798558, Test MAE: 4.4080181, Test MAE norm: 0.0831258
Epoch: 049, LR: 0.001000, Loss: 0.1006721, Validation MAE: 4.2004786, Test MAE: 4.7296424, Test MAE norm: 0.0891910
Epoch: 053, LR: 0.001000, Loss: 0.0983150, Validation MAE: 3.8742464, Test MAE: 4.0850525, Test MAE norm: 0.0770354
Epoch: 063, LR: 0.001000, Loss: 0.0735543, Validation MAE: 4.5987639, Test MAE: 4.5858598, Test MAE norm: 0.0864796
Epoch: 064, LR: 0.001000, Loss: 0.0744207, Validation MAE: 3.8274686, Test MAE: 4.4046259, Test MAE norm: 0.0830619
Epoch: 067, LR: 0.001000, Loss: 0.0722622, Validation MAE: 3.6863158, Test MAE: 4.1242275, Test MAE norm: 0.0777742
Epoch: 073, LR: 0.001000, Loss: 0.0607530, Validation MAE: 3.6846642, Test MAE: 4.1429076, Test MAE norm: 0.0781264
Epoch: 075, LR: 0.001000, Loss: 0.0724485, Validation MAE: 3.6320605, Test MAE: 3.9832964, Test MAE norm: 0.0751165
Epoch: 085, LR: 0.001000, Loss: 0.0728809, Validation MAE: 3.8732290, Test MAE: 4.0048957, Test MAE norm: 0.0755238
Epoch: 087, LR: 0.000900, Loss: 0.0758728, Validation MAE: 3.6138713, Test MAE: 3.8013377, Test MAE norm: 0.0716851
Epoch: 094, LR: 0.000900, Loss: 0.0727034, Validation MAE: 3.6056721, Test MAE: 3.7633367, Test MAE norm: 0.0709685
Epoch: 096, LR: 0.000900, Loss: 0.0714937, Validation MAE: 3.5233266, Test MAE: 3.7391117, Test MAE norm: 0.0705117
Epoch: 100, LR: 0.000900, Loss: 0.0599181, Validation MAE: 3.4881849, Test MAE: 3.9507318, Test MAE norm: 0.0745024
Epoch: 101, LR: 0.000900, Loss: 0.0644034, Validation MAE: 3.3763258, Test MAE: 3.6515260, Test MAE norm: 0.0688600
Epoch: 107, LR: 0.000900, Loss: 0.0716955, Validation MAE: 3.2788923, Test MAE: 3.7060394, Test MAE norm: 0.0698880
Epoch: 117, LR: 0.000900, Loss: 0.0611419, Validation MAE: 3.8574262, Test MAE: 3.9316053, Test MAE norm: 0.0741417
Epoch: 118, LR: 0.000900, Loss: 0.0627292, Validation MAE: 3.6781294, Test MAE: 3.6558521, Test MAE norm: 0.0689416
Epoch: 122, LR: 0.000810, Loss: 0.0601205, Validation MAE: 3.4055805, Test MAE: 3.6358941, Test MAE norm: 0.0685652
Epoch: 123, LR: 0.000810, Loss: 0.0629607, Validation MAE: 3.2183692, Test MAE: 3.4102714, Test MAE norm: 0.0643105
Epoch: 133, LR: 0.000810, Loss: 0.0628751, Validation MAE: 3.5180724, Test MAE: 3.6546676, Test MAE norm: 0.0689193
Epoch: 137, LR: 0.000729, Loss: 0.0599141, Validation MAE: 3.3459134, Test MAE: 3.6455169, Test MAE norm: 0.0687467
Epoch: 138, LR: 0.000729, Loss: 0.0610126, Validation MAE: 3.2823977, Test MAE: 3.5726025, Test MAE norm: 0.0673717
Epoch: 142, LR: 0.000729, Loss: 0.0616014, Validation MAE: 3.2228472, Test MAE: 3.5067515, Test MAE norm: 0.0661299
Epoch: 152, LR: 0.000656, Loss: 0.0617681, Validation MAE: 3.5525713, Test MAE: 3.6666327, Test MAE norm: 0.0691449
Epoch: 153, LR: 0.000656, Loss: 0.0574896, Validation MAE: 3.2350276, Test MAE: 3.5938525, Test MAE norm: 0.0677724
Epoch: 157, LR: 0.000590, Loss: 0.0521923, Validation MAE: 3.1578104, Test MAE: 3.4323926, Test MAE norm: 0.0647276
Epoch: 167, LR: 0.000590, Loss: 0.0572626, Validation MAE: 3.1770079, Test MAE: 3.4313304, Test MAE norm: 0.0647076
Epoch: 177, LR: 0.000531, Loss: 0.0602726, Validation MAE: 3.5185189, Test MAE: 3.5423112, Test MAE norm: 0.0668005
Epoch: 178, LR: 0.000531, Loss: 0.0552979, Validation MAE: 3.1349041, Test MAE: 3.4934878, Test MAE norm: 0.0658797
Epoch: 183, LR: 0.000531, Loss: 0.0655155, Validation MAE: 3.0948639, Test MAE: 3.3944736, Test MAE norm: 0.0640125
Epoch: 193, LR: 0.000531, Loss: 0.0542170, Validation MAE: 3.2342486, Test MAE: 3.4376535, Test MAE norm: 0.0648268
Epoch: 194, LR: 0.000531, Loss: 0.0543861, Validation MAE: 3.0949044, Test MAE: 3.3139527, Test MAE norm: 0.0624941
Epoch: 197, LR: 0.000478, Loss: 0.0516736, Validation MAE: 3.0316367, Test MAE: 3.2715433, Test MAE norm: 0.0616943
Epoch: 207, LR: 0.000478, Loss: 0.0512864, Validation MAE: 3.0518713, Test MAE: 3.3191304, Test MAE norm: 0.0625917
Epoch: 211, LR: 0.000430, Loss: 0.0490306, Validation MAE: 2.9868195, Test MAE: 3.2290330, Test MAE norm: 0.0608927
Epoch: 221, LR: 0.000430, Loss: 0.0488366, Validation MAE: 3.2277677, Test MAE: 3.3023272, Test MAE norm: 0.0622749
Epoch: 222, LR: 0.000430, Loss: 0.0495960, Validation MAE: 3.0356021, Test MAE: 3.2263024, Test MAE norm: 0.0608412
Epoch: 224, LR: 0.000387, Loss: 0.0502168, Validation MAE: 3.0069103, Test MAE: 3.2052550, Test MAE norm: 0.0604443
Epoch: 227, LR: 0.000387, Loss: 0.0504372, Validation MAE: 2.9411454, Test MAE: 3.1966517, Test MAE norm: 0.0602820
Epoch: 228, LR: 0.000387, Loss: 0.0495906, Validation MAE: 2.9398932, Test MAE: 3.1990557, Test MAE norm: 0.0603274
Epoch: 231, LR: 0.000387, Loss: 0.0491465, Validation MAE: 2.9306381, Test MAE: 3.2430475, Test MAE norm: 0.0611570
Epoch: 235, LR: 0.000387, Loss: 0.0515573, Validation MAE: 2.9063554, Test MAE: 3.1699536, Test MAE norm: 0.0597786
Epoch: 243, LR: 0.000387, Loss: 0.0505850, Validation MAE: 2.8918750, Test MAE: 3.1506629, Test MAE norm: 0.0594148
Epoch: 253, LR: 0.000387, Loss: 0.0533117, Validation MAE: 3.2076075, Test MAE: 3.1744635, Test MAE norm: 0.0598636
Epoch: 254, LR: 0.000387, Loss: 0.0484544, Validation MAE: 2.9931529, Test MAE: 3.1490164, Test MAE norm: 0.0593837
Epoch: 255, LR: 0.000349, Loss: 0.0473581, Validation MAE: 2.9704673, Test MAE: 3.1430686, Test MAE norm: 0.0592716
Epoch: 257, LR: 0.000349, Loss: 0.0479551, Validation MAE: 2.9188786, Test MAE: 3.1743035, Test MAE norm: 0.0598606
Epoch: 258, LR: 0.000349, Loss: 0.0479398, Validation MAE: 2.9105723, Test MAE: 3.1501772, Test MAE norm: 0.0594056
Epoch: 268, LR: 0.000314, Loss: 0.0469581, Validation MAE: 3.0014589, Test MAE: 3.1476848, Test MAE norm: 0.0593586
Epoch: 269, LR: 0.000314, Loss: 0.0468802, Validation MAE: 2.8874843, Test MAE: 3.1678669, Test MAE norm: 0.0597392
Epoch: 276, LR: 0.000314, Loss: 0.0473396, Validation MAE: 2.8670433, Test MAE: 3.2170439, Test MAE norm: 0.0606666
Epoch: 278, LR: 0.000314, Loss: 0.0477135, Validation MAE: 2.8455687, Test MAE: 3.1439011, Test MAE norm: 0.0592873
Epoch: 284, LR: 0.000314, Loss: 0.0465679, Validation MAE: 2.8263342, Test MAE: 3.1220088, Test MAE norm: 0.0588744
Epoch: 286, LR: 0.000314, Loss: 0.0485118, Validation MAE: 2.8032339, Test MAE: 3.1179612, Test MAE norm: 0.0587981
Epoch: 289, LR: 0.000314, Loss: 0.0494786, Validation MAE: 2.7826219, Test MAE: 3.0916400, Test MAE norm: 0.0583018
Epoch: 299, LR: 0.000314, Loss: 0.0466950, Validation MAE: 3.0220280, Test MAE: 3.1766601, Test MAE norm: 0.0599050
Epoch: 300, LR: 0.000314, Loss: 0.0470150, Validation MAE: 2.8577368, Test MAE: 3.1208327, Test MAE norm: 0.0588523
Epoch: 303, LR: 0.000282, Loss: 0.0463742, Validation MAE: 2.8425438, Test MAE: 3.1146553, Test MAE norm: 0.0587358
Epoch: 306, LR: 0.000282, Loss: 0.0472562, Validation MAE: 2.7758482, Test MAE: 3.1171730, Test MAE norm: 0.0587832
Epoch: 307, LR: 0.000282, Loss: 0.0471343, Validation MAE: 2.7675226, Test MAE: 3.0976918, Test MAE norm: 0.0584159
Epoch: 310, LR: 0.000282, Loss: 0.0466062, Validation MAE: 2.7668817, Test MAE: 3.0799589, Test MAE norm: 0.0580815
Epoch: 320, LR: 0.000282, Loss: 0.0476045, Validation MAE: 2.7972169, Test MAE: 3.1014340, Test MAE norm: 0.0584864
Epoch: 321, LR: 0.000282, Loss: 0.0461478, Validation MAE: 2.7431140, Test MAE: 3.0622134, Test MAE norm: 0.0577468
Epoch: 331, LR: 0.000282, Loss: 0.0457025, Validation MAE: 2.7462003, Test MAE: 3.0743716, Test MAE norm: 0.0579761
Epoch: 337, LR: 0.000254, Loss: 0.0464672, Validation MAE: 2.7433386, Test MAE: 3.1237216, Test MAE norm: 0.0589067
Epoch: 347, LR: 0.000229, Loss: 0.0468410, Validation MAE: 3.0175335, Test MAE: 3.2528636, Test MAE norm: 0.0613421
Epoch: 348, LR: 0.000229, Loss: 0.0552176, Validation MAE: 2.8167784, Test MAE: 3.1776040, Test MAE norm: 0.0599229
Epoch: 352, LR: 0.000229, Loss: 0.0504977, Validation MAE: 2.7868559, Test MAE: 3.1849575, Test MAE norm: 0.0600615
Epoch: 355, LR: 0.000206, Loss: 0.0506023, Validation MAE: 2.7822592, Test MAE: 3.0735753, Test MAE norm: 0.0579611
Epoch: 360, LR: 0.000206, Loss: 0.0469507, Validation MAE: 2.7700539, Test MAE: 3.1043940, Test MAE norm: 0.0585423
Epoch: 369, LR: 0.000185, Loss: 0.0470636, Validation MAE: 2.7474558, Test MAE: 3.0637374, Test MAE norm: 0.0577756
Epoch: 379, LR: 0.000167, Loss: 0.0477936, Validation MAE: 3.0914817, Test MAE: 3.3512783, Test MAE norm: 0.0631980
Epoch: 380, LR: 0.000167, Loss: 0.0493055, Validation MAE: 3.0162544, Test MAE: 3.2626486, Test MAE norm: 0.0615266
Epoch: 381, LR: 0.000167, Loss: 0.0476808, Validation MAE: 2.9345498, Test MAE: 3.1327260, Test MAE norm: 0.0590765
Epoch: 382, LR: 0.000167, Loss: 0.0457988, Validation MAE: 2.8919709, Test MAE: 3.1740034, Test MAE norm: 0.0598550
Epoch: 383, LR: 0.000167, Loss: 0.0469671, Validation MAE: 2.7689731, Test MAE: 3.0889299, Test MAE norm: 0.0582506
Epoch: 388, LR: 0.000150, Loss: 0.0461262, Validation MAE: 2.7200434, Test MAE: 3.0827367, Test MAE norm: 0.0581339
Epoch: 393, LR: 0.000150, Loss: 0.0454738, Validation MAE: 2.7122636, Test MAE: 3.0850565, Test MAE norm: 0.0581776
Epoch: 403, LR: 0.000150, Loss: 0.0450876, Validation MAE: 2.7217340, Test MAE: 3.1149733, Test MAE norm: 0.0587418
Epoch: 412, LR: 0.000135, Loss: 0.0448466, Validation MAE: 2.7192118, Test MAE: 3.0817890, Test MAE norm: 0.0581160
Epoch: 413, LR: 0.000135, Loss: 0.0448906, Validation MAE: 2.6972063, Test MAE: 3.0855973, Test MAE norm: 0.0581878
Epoch: 423, LR: 0.000135, Loss: 0.0444117, Validation MAE: 2.7556984, Test MAE: 3.0964935, Test MAE norm: 0.0583933
Epoch: 424, LR: 0.000135, Loss: 0.0444713, Validation MAE: 2.7119980, Test MAE: 3.0940363, Test MAE norm: 0.0583469
Epoch: 425, LR: 0.000122, Loss: 0.0443608, Validation MAE: 2.7064116, Test MAE: 3.0973198, Test MAE norm: 0.0584089
Epoch: 429, LR: 0.000122, Loss: 0.0444491, Validation MAE: 2.6958356, Test MAE: 3.0559299, Test MAE norm: 0.0576283
Epoch: 433, LR: 0.000122, Loss: 0.0442780, Validation MAE: 2.6720624, Test MAE: 3.0814607, Test MAE norm: 0.0581098
Epoch: 443, LR: 0.000122, Loss: 0.0465094, Validation MAE: 2.7012837, Test MAE: 3.0840960, Test MAE norm: 0.0581595
Epoch: 444, LR: 0.000122, Loss: 0.0442962, Validation MAE: 2.6683457, Test MAE: 3.0962057, Test MAE norm: 0.0583879
Epoch: 448, LR: 0.000122, Loss: 0.0441596, Validation MAE: 2.6482155, Test MAE: 3.0769067, Test MAE norm: 0.0580239
Epoch: 458, LR: 0.000122, Loss: 0.0445518, Validation MAE: 2.9167025, Test MAE: 3.1191373, Test MAE norm: 0.0588203
Epoch: 459, LR: 0.000122, Loss: 0.0455398, Validation MAE: 2.7677033, Test MAE: 3.1142092, Test MAE norm: 0.0587274
Epoch: 460, LR: 0.000109, Loss: 0.0445859, Validation MAE: 2.6767023, Test MAE: 3.0974731, Test MAE norm: 0.0584118
Epoch: 461, LR: 0.000109, Loss: 0.0452515, Validation MAE: 2.6514475, Test MAE: 3.0641248, Test MAE norm: 0.0577829
Epoch: 471, LR: 0.000098, Loss: 0.0444292, Validation MAE: 2.7751882, Test MAE: 3.0954580, Test MAE norm: 0.0583738
Epoch: 472, LR: 0.000098, Loss: 0.0443003, Validation MAE: 2.6335485, Test MAE: 3.0600710, Test MAE norm: 0.0577064
Epoch: 482, LR: 0.000098, Loss: 0.0437815, Validation MAE: 2.6680295, Test MAE: 3.0810084, Test MAE norm: 0.0581013
Epoch: 484, LR: 0.000089, Loss: 0.0437169, Validation MAE: 2.6586986, Test MAE: 3.0773168, Test MAE norm: 0.0580316
Epoch: 491, LR: 0.000089, Loss: 0.0436744, Validation MAE: 2.6581376, Test MAE: 3.0630813, Test MAE norm: 0.0577632
Epoch: 493, LR: 0.000089, Loss: 0.0436014, Validation MAE: 2.6255774, Test MAE: 3.0619869, Test MAE norm: 0.0577426
Epoch: 496, LR: 0.000089, Loss: 0.0435504, Validation MAE: 2.6108325, Test MAE: 3.0439825, Test MAE norm: 0.0574030
Epoch: 506, LR: 0.000089, Loss: 0.0434809, Validation MAE: 2.6438742, Test MAE: 3.0439277, Test MAE norm: 0.0574020
Epoch: 507, LR: 0.000089, Loss: 0.0434489, Validation MAE: 2.6338570, Test MAE: 3.0419626, Test MAE norm: 0.0573649
Epoch: 510, LR: 0.000080, Loss: 0.0433998, Validation MAE: 2.5920069, Test MAE: 3.0470126, Test MAE norm: 0.0574602
Epoch: 520, LR: 0.000080, Loss: 0.0436485, Validation MAE: 2.6052763, Test MAE: 3.0572596, Test MAE norm: 0.0576534
Epoch: 521, LR: 0.000080, Loss: 0.0432259, Validation MAE: 2.5974748, Test MAE: 3.0567186, Test MAE norm: 0.0576432
Epoch: 524, LR: 0.000072, Loss: 0.0433084, Validation MAE: 2.5917854, Test MAE: 3.0445006, Test MAE norm: 0.0574128
Epoch: 528, LR: 0.000072, Loss: 0.0432572, Validation MAE: 2.5911179, Test MAE: 3.0438397, Test MAE norm: 0.0574003
Epoch: 538, LR: 0.000072, Loss: 0.0431039, Validation MAE: 2.7034860, Test MAE: 3.0886936, Test MAE norm: 0.0582462
Epoch: 539, LR: 0.000072, Loss: 0.0434935, Validation MAE: 2.6494727, Test MAE: 3.0624650, Test MAE norm: 0.0577516
Epoch: 540, LR: 0.000065, Loss: 0.0430818, Validation MAE: 2.6134799, Test MAE: 3.0570567, Test MAE norm: 0.0576496
Epoch: 543, LR: 0.000065, Loss: 0.0432594, Validation MAE: 2.5955102, Test MAE: 3.0462534, Test MAE norm: 0.0574459
Epoch: 547, LR: 0.000065, Loss: 0.0430677, Validation MAE: 2.5729008, Test MAE: 3.0435889, Test MAE norm: 0.0573956
Epoch: 550, LR: 0.000065, Loss: 0.0429678, Validation MAE: 2.5704880, Test MAE: 3.0326002, Test MAE norm: 0.0571884
Epoch: 555, LR: 0.000065, Loss: 0.0432311, Validation MAE: 2.5664527, Test MAE: 3.0348070, Test MAE norm: 0.0572300
Epoch: 565, LR: 0.000065, Loss: 0.0428399, Validation MAE: 2.5950441, Test MAE: 3.0587108, Test MAE norm: 0.0576808
Epoch: 566, LR: 0.000065, Loss: 0.0428572, Validation MAE: 2.5924037, Test MAE: 3.0478141, Test MAE norm: 0.0574753
Epoch: 568, LR: 0.000058, Loss: 0.0428735, Validation MAE: 2.5891099, Test MAE: 3.0356264, Test MAE norm: 0.0572455
Epoch: 571, LR: 0.000058, Loss: 0.0427279, Validation MAE: 2.5813069, Test MAE: 3.0375013, Test MAE norm: 0.0572808
Epoch: 574, LR: 0.000058, Loss: 0.0426952, Validation MAE: 2.5465703, Test MAE: 3.0401812, Test MAE norm: 0.0573313
Epoch: 584, LR: 0.000058, Loss: 0.0427002, Validation MAE: 2.5734205, Test MAE: 3.0556817, Test MAE norm: 0.0576237
Epoch: 587, LR: 0.000052, Loss: 0.0426547, Validation MAE: 2.5669794, Test MAE: 3.0475528, Test MAE norm: 0.0574704
Epoch: 588, LR: 0.000052, Loss: 0.0425786, Validation MAE: 2.5598876, Test MAE: 3.0314367, Test MAE norm: 0.0571664
Epoch: 595, LR: 0.000052, Loss: 0.0425678, Validation MAE: 2.5399790, Test MAE: 3.0315409, Test MAE norm: 0.0571684
Epoch: 605, LR: 0.000052, Loss: 0.0425059, Validation MAE: 2.6144590, Test MAE: 3.0517354, Test MAE norm: 0.0575492
Epoch: 606, LR: 0.000052, Loss: 0.0423942, Validation MAE: 2.5572972, Test MAE: 3.0428035, Test MAE norm: 0.0573808
Epoch: 609, LR: 0.000047, Loss: 0.0424377, Validation MAE: 2.5414772, Test MAE: 3.0277667, Test MAE norm: 0.0570972
Epoch: 619, LR: 0.000042, Loss: 0.0424019, Validation MAE: 2.5294719, Test MAE: 3.0397990, Test MAE norm: 0.0573241
Epoch: 629, LR: 0.000042, Loss: 0.0422115, Validation MAE: 2.5889423, Test MAE: 3.0467818, Test MAE norm: 0.0574558
Epoch: 630, LR: 0.000042, Loss: 0.0421759, Validation MAE: 2.5386167, Test MAE: 3.0354669, Test MAE norm: 0.0572424
Epoch: 633, LR: 0.000038, Loss: 0.0421323, Validation MAE: 2.5306115, Test MAE: 3.0288389, Test MAE norm: 0.0571175
Epoch: 643, LR: 0.000034, Loss: 0.0419912, Validation MAE: 2.5488772, Test MAE: 3.0312297, Test MAE norm: 0.0571625
Epoch: 646, LR: 0.000034, Loss: 0.0419797, Validation MAE: 2.5358839, Test MAE: 3.0170565, Test MAE norm: 0.0568953
Epoch: 650, LR: 0.000034, Loss: 0.0420717, Validation MAE: 2.5282753, Test MAE: 3.0165017, Test MAE norm: 0.0568848
Epoch: 651, LR: 0.000034, Loss: 0.0422283, Validation MAE: 2.5240543, Test MAE: 3.0144815, Test MAE norm: 0.0568467
Epoch: 658, LR: 0.000034, Loss: 0.0419052, Validation MAE: 2.5171549, Test MAE: 3.0172720, Test MAE norm: 0.0568993
Epoch: 668, LR: 0.000034, Loss: 0.0418443, Validation MAE: 2.6540217, Test MAE: 3.0564091, Test MAE norm: 0.0576374
Epoch: 669, LR: 0.000034, Loss: 0.0423240, Validation MAE: 2.6096573, Test MAE: 3.0465231, Test MAE norm: 0.0574509
Epoch: 670, LR: 0.000031, Loss: 0.0420185, Validation MAE: 2.5206847, Test MAE: 3.0224068, Test MAE norm: 0.0569962
Epoch: 671, LR: 0.000031, Loss: 0.0420850, Validation MAE: 2.5037854, Test MAE: 3.0166485, Test MAE norm: 0.0568876
Epoch: 681, LR: 0.000031, Loss: 0.0420507, Validation MAE: 2.5582204, Test MAE: 3.0261204, Test MAE norm: 0.0570662
Epoch: 683, LR: 0.000028, Loss: 0.0419570, Validation MAE: 2.5306387, Test MAE: 3.0194643, Test MAE norm: 0.0569407
Epoch: 684, LR: 0.000028, Loss: 0.0417008, Validation MAE: 2.5225065, Test MAE: 3.0159588, Test MAE norm: 0.0568746
Epoch: 688, LR: 0.000028, Loss: 0.0417530, Validation MAE: 2.5071096, Test MAE: 3.0104268, Test MAE norm: 0.0567702
Epoch: 692, LR: 0.000028, Loss: 0.0417157, Validation MAE: 2.5062749, Test MAE: 3.0054042, Test MAE norm: 0.0566755
Epoch: 697, LR: 0.000025, Loss: 0.0416917, Validation MAE: 2.5058441, Test MAE: 3.0085993, Test MAE norm: 0.0567358
Epoch: 707, LR: 0.000023, Loss: 0.0416533, Validation MAE: 2.5281458, Test MAE: 3.0136375, Test MAE norm: 0.0568308
Epoch: 710, LR: 0.000023, Loss: 0.0415206, Validation MAE: 2.5030320, Test MAE: 3.0098174, Test MAE norm: 0.0567588
Epoch: 711, LR: 0.000023, Loss: 0.0416748, Validation MAE: 2.5001128, Test MAE: 3.0080626, Test MAE norm: 0.0567257
Epoch: 721, LR: 0.000023, Loss: 0.0416030, Validation MAE: 2.5512247, Test MAE: 3.0205238, Test MAE norm: 0.0569607
Epoch: 723, LR: 0.000020, Loss: 0.0415113, Validation MAE: 2.5181599, Test MAE: 3.0097144, Test MAE norm: 0.0567568
Epoch: 724, LR: 0.000020, Loss: 0.0415177, Validation MAE: 2.5064764, Test MAE: 3.0050519, Test MAE norm: 0.0566689
Epoch: 728, LR: 0.000020, Loss: 0.0414610, Validation MAE: 2.5012434, Test MAE: 3.0045557, Test MAE norm: 0.0566595
Epoch: 733, LR: 0.000020, Loss: 0.0414263, Validation MAE: 2.4961650, Test MAE: 2.9982753, Test MAE norm: 0.0565411
Epoch: 743, LR: 0.000020, Loss: 0.0413930, Validation MAE: 2.5343530, Test MAE: 3.0174019, Test MAE norm: 0.0569018
Epoch: 744, LR: 0.000020, Loss: 0.0413989, Validation MAE: 2.5263021, Test MAE: 3.0117009, Test MAE norm: 0.0567943
Epoch: 745, LR: 0.000018, Loss: 0.0413517, Validation MAE: 2.5006769, Test MAE: 3.0021601, Test MAE norm: 0.0566144
Epoch: 754, LR: 0.000018, Loss: 0.0413146, Validation MAE: 2.4906118, Test MAE: 3.0007548, Test MAE norm: 0.0565879
Epoch: 758, LR: 0.000018, Loss: 0.0414062, Validation MAE: 2.4862959, Test MAE: 3.0093265, Test MAE norm: 0.0567495
Epoch: 759, LR: 0.000018, Loss: 0.0413434, Validation MAE: 2.4774697, Test MAE: 3.0013030, Test MAE norm: 0.0565982
Epoch: 769, LR: 0.000018, Loss: 0.0412127, Validation MAE: 2.5516927, Test MAE: 3.0160570, Test MAE norm: 0.0568764
Epoch: 770, LR: 0.000018, Loss: 0.0413800, Validation MAE: 2.5112715, Test MAE: 3.0070267, Test MAE norm: 0.0567061
Epoch: 771, LR: 0.000016, Loss: 0.0411988, Validation MAE: 2.4938338, Test MAE: 2.9979575, Test MAE norm: 0.0565351
Epoch: 775, LR: 0.000016, Loss: 0.0412095, Validation MAE: 2.4906738, Test MAE: 2.9995110, Test MAE norm: 0.0565644
Epoch: 776, LR: 0.000016, Loss: 0.0412080, Validation MAE: 2.4884627, Test MAE: 2.9967179, Test MAE norm: 0.0565117
Epoch: 783, LR: 0.000015, Loss: 0.0411285, Validation MAE: 2.4835465, Test MAE: 2.9888439, Test MAE norm: 0.0563632
Epoch: 788, LR: 0.000015, Loss: 0.0411483, Validation MAE: 2.4813943, Test MAE: 2.9958391, Test MAE norm: 0.0564952
Epoch: 798, LR: 0.000013, Loss: 0.0411037, Validation MAE: 2.4901669, Test MAE: 2.9960215, Test MAE norm: 0.0564986
Epoch: 799, LR: 0.000013, Loss: 0.0410564, Validation MAE: 2.4755080, Test MAE: 2.9878783, Test MAE norm: 0.0563450
Epoch: 803, LR: 0.000013, Loss: 0.0411316, Validation MAE: 2.4746821, Test MAE: 2.9879887, Test MAE norm: 0.0563471
Epoch: 813, LR: 0.000013, Loss: 0.0410279, Validation MAE: 2.5177765, Test MAE: 3.0038040, Test MAE norm: 0.0566454
Epoch: 815, LR: 0.000012, Loss: 0.0411656, Validation MAE: 2.4848492, Test MAE: 2.9950693, Test MAE norm: 0.0564806
Epoch: 816, LR: 0.000012, Loss: 0.0409881, Validation MAE: 2.4712257, Test MAE: 2.9846404, Test MAE norm: 0.0562840
Epoch: 826, LR: 0.000012, Loss: 0.0410345, Validation MAE: 2.4857373, Test MAE: 2.9909835, Test MAE norm: 0.0564036
Epoch: 827, LR: 0.000012, Loss: 0.0410807, Validation MAE: 2.4793324, Test MAE: 2.9872417, Test MAE norm: 0.0563330
Epoch: 832, LR: 0.000011, Loss: 0.0409833, Validation MAE: 2.4762263, Test MAE: 2.9911799, Test MAE norm: 0.0564073
Epoch: 836, LR: 0.000011, Loss: 0.0410517, Validation MAE: 2.4746988, Test MAE: 2.9956026, Test MAE norm: 0.0564907
Epoch: 837, LR: 0.000011, Loss: 0.0409269, Validation MAE: 2.4637063, Test MAE: 2.9877894, Test MAE norm: 0.0563434
Epoch: 847, LR: 0.000011, Loss: 0.0409216, Validation MAE: 2.4807761, Test MAE: 2.9886856, Test MAE norm: 0.0563603
Epoch: 852, LR: 0.000010, Loss: 0.0409446, Validation MAE: 2.4771500, Test MAE: 2.9911063, Test MAE norm: 0.0564059
Epoch: 853, LR: 0.000010, Loss: 0.0409114, Validation MAE: 2.4718170, Test MAE: 2.9874444, Test MAE norm: 0.0563368
Epoch: 858, LR: 0.000010, Loss: 0.0408669, Validation MAE: 2.4714832, Test MAE: 2.9876361, Test MAE norm: 0.0563405
Epoch: 865, LR: 0.000010, Loss: 0.0408759, Validation MAE: 2.4710472, Test MAE: 2.9856303, Test MAE norm: 0.0563026
Epoch: 869, LR: 0.000010, Loss: 0.0409489, Validation MAE: 2.4708657, Test MAE: 2.9926467, Test MAE norm: 0.0564349
Epoch: 870, LR: 0.000010, Loss: 0.0408581, Validation MAE: 2.4567964, Test MAE: 2.9819717, Test MAE norm: 0.0562336
Epoch: 880, LR: 0.000010, Loss: 0.0409148, Validation MAE: 2.4839203, Test MAE: 2.9911456, Test MAE norm: 0.0564066
Epoch: 881, LR: 0.000010, Loss: 0.0408509, Validation MAE: 2.4787381, Test MAE: 2.9877036, Test MAE norm: 0.0563417
Epoch: 885, LR: 0.000010, Loss: 0.0408834, Validation MAE: 2.4684010, Test MAE: 2.9880033, Test MAE norm: 0.0563474
Epoch: 886, LR: 0.000010, Loss: 0.0408338, Validation MAE: 2.4672227, Test MAE: 2.9887984, Test MAE norm: 0.0563624
Epoch: 890, LR: 0.000010, Loss: 0.0408085, Validation MAE: 2.4611573, Test MAE: 2.9873888, Test MAE norm: 0.0563358
Epoch: 894, LR: 0.000010, Loss: 0.0408117, Validation MAE: 2.4608169, Test MAE: 2.9833009, Test MAE norm: 0.0562587
Epoch: 904, LR: 0.000010, Loss: 0.0408125, Validation MAE: 2.5033724, Test MAE: 2.9978569, Test MAE norm: 0.0565332
Epoch: 905, LR: 0.000010, Loss: 0.0408734, Validation MAE: 2.4772294, Test MAE: 2.9889135, Test MAE norm: 0.0563646
Epoch: 906, LR: 0.000010, Loss: 0.0407390, Validation MAE: 2.4739065, Test MAE: 2.9897604, Test MAE norm: 0.0563805
Epoch: 910, LR: 0.000010, Loss: 0.0408058, Validation MAE: 2.4649329, Test MAE: 2.9862239, Test MAE norm: 0.0563138
Epoch: 920, LR: 0.000010, Loss: 0.0407091, Validation MAE: 2.4865687, Test MAE: 2.9908500, Test MAE norm: 0.0564011
Epoch: 921, LR: 0.000010, Loss: 0.0407939, Validation MAE: 2.4687164, Test MAE: 2.9847398, Test MAE norm: 0.0562858
Epoch: 922, LR: 0.000010, Loss: 0.0407009, Validation MAE: 2.4609244, Test MAE: 2.9832199, Test MAE norm: 0.0562572
Epoch: 925, LR: 0.000010, Loss: 0.0407098, Validation MAE: 2.4588749, Test MAE: 2.9805958, Test MAE norm: 0.0562077
Epoch: 934, LR: 0.000010, Loss: 0.0407215, Validation MAE: 2.4499099, Test MAE: 2.9797127, Test MAE norm: 0.0561910
Epoch: 944, LR: 0.000010, Loss: 0.0406815, Validation MAE: 2.4572134, Test MAE: 2.9775817, Test MAE norm: 0.0561509
Epoch: 953, LR: 0.000010, Loss: 0.0405682, Validation MAE: 2.4535499, Test MAE: 2.9746015, Test MAE norm: 0.0560947
Epoch: 958, LR: 0.000010, Loss: 0.0406629, Validation MAE: 2.4517784, Test MAE: 2.9800177, Test MAE norm: 0.0561968
Epoch: 962, LR: 0.000010, Loss: 0.0405896, Validation MAE: 2.4513483, Test MAE: 2.9804544, Test MAE norm: 0.0562050
Epoch: 967, LR: 0.000010, Loss: 0.0405491, Validation MAE: 2.4504130, Test MAE: 2.9777734, Test MAE norm: 0.0561545
Epoch: 971, LR: 0.000010, Loss: 0.0405253, Validation MAE: 2.4476686, Test MAE: 2.9756227, Test MAE norm: 0.0561139
Epoch: 981, LR: 0.000010, Loss: 0.0405284, Validation MAE: 2.4617980, Test MAE: 2.9793696, Test MAE norm: 0.0561846
Epoch: 982, LR: 0.000010, Loss: 0.0404901, Validation MAE: 2.4540300, Test MAE: 2.9778788, Test MAE norm: 0.0561565
Epoch: 985, LR: 0.000010, Loss: 0.0405105, Validation MAE: 2.4501874, Test MAE: 2.9746337, Test MAE norm: 0.0560953
Epoch: 989, LR: 0.000010, Loss: 0.0405847, Validation MAE: 2.4496870, Test MAE: 2.9729922, Test MAE norm: 0.0560643
Epoch: 990, LR: 0.000010, Loss: 0.0405434, Validation MAE: 2.4456952, Test MAE: 2.9705930, Test MAE norm: 0.0560191
Epoch: 1000, LR: 0.000010, Loss: 0.0404895, Validation MAE: 2.4538975, Test MAE: 2.9797397, Test MAE norm: 0.0561915
Epoch: 1003, LR: 0.000010, Loss: 0.0403998, Validation MAE: 2.4465735, Test MAE: 2.9718239, Test MAE norm: 0.0560423
Epoch: 1013, LR: 0.000010, Loss: 0.0403852, Validation MAE: 2.4741805, Test MAE: 2.9794812, Test MAE norm: 0.0561867
Epoch: 1014, LR: 0.000010, Loss: 0.0404365, Validation MAE: 2.4587336, Test MAE: 2.9775345, Test MAE norm: 0.0561500
Epoch: 1015, LR: 0.000010, Loss: 0.0403789, Validation MAE: 2.4487205, Test MAE: 2.9725888, Test MAE norm: 0.0560567
Epoch: 1018, LR: 0.000010, Loss: 0.0404096, Validation MAE: 2.4446211, Test MAE: 2.9726548, Test MAE norm: 0.0560579
Epoch: 1027, LR: 0.000010, Loss: 0.0403714, Validation MAE: 2.4437349, Test MAE: 2.9698336, Test MAE norm: 0.0560047
Epoch: 1037, LR: 0.000010, Loss: 0.0403663, Validation MAE: 2.4820085, Test MAE: 2.9823110, Test MAE norm: 0.0562400
Epoch: 1038, LR: 0.000010, Loss: 0.0404079, Validation MAE: 2.4718587, Test MAE: 2.9787171, Test MAE norm: 0.0561723
Epoch: 1039, LR: 0.000010, Loss: 0.0403354, Validation MAE: 2.4540505, Test MAE: 2.9756000, Test MAE norm: 0.0561135
Epoch: 1040, LR: 0.000010, Loss: 0.0403028, Validation MAE: 2.4441607, Test MAE: 2.9726360, Test MAE norm: 0.0560576
Epoch: 1043, LR: 0.000010, Loss: 0.0403263, Validation MAE: 2.4405169, Test MAE: 2.9698160, Test MAE norm: 0.0560044
Epoch: 1053, LR: 0.000010, Loss: 0.0403800, Validation MAE: 2.4780910, Test MAE: 2.9799719, Test MAE norm: 0.0561959
Epoch: 1054, LR: 0.000010, Loss: 0.0403608, Validation MAE: 2.4388096, Test MAE: 2.9701364, Test MAE norm: 0.0560105
Epoch: 1055, LR: 0.000010, Loss: 0.0403623, Validation MAE: 2.4363978, Test MAE: 2.9691570, Test MAE norm: 0.0559920
Epoch: 1065, LR: 0.000010, Loss: 0.0402410, Validation MAE: 2.4854290, Test MAE: 2.9806156, Test MAE norm: 0.0562081
Epoch: 1066, LR: 0.000010, Loss: 0.0403600, Validation MAE: 2.4522552, Test MAE: 2.9707165, Test MAE norm: 0.0560214
Epoch: 1067, LR: 0.000010, Loss: 0.0402234, Validation MAE: 2.4451344, Test MAE: 2.9658237, Test MAE norm: 0.0559291
Epoch: 1068, LR: 0.000010, Loss: 0.0404310, Validation MAE: 2.4367247, Test MAE: 2.9656675, Test MAE norm: 0.0559262
Epoch: 1071, LR: 0.000010, Loss: 0.0403342, Validation MAE: 2.4348304, Test MAE: 2.9674549, Test MAE norm: 0.0559599
Epoch: 1081, LR: 0.000010, Loss: 0.0402517, Validation MAE: 2.4721458, Test MAE: 2.9765146, Test MAE norm: 0.0561307
Epoch: 1082, LR: 0.000010, Loss: 0.0402368, Validation MAE: 2.4632199, Test MAE: 2.9722455, Test MAE norm: 0.0560502
Epoch: 1083, LR: 0.000010, Loss: 0.0402204, Validation MAE: 2.4335752, Test MAE: 2.9669833, Test MAE norm: 0.0559510
Epoch: 1084, LR: 0.000010, Loss: 0.0403004, Validation MAE: 2.4335485, Test MAE: 2.9670587, Test MAE norm: 0.0559524
Epoch: 1092, LR: 0.000010, Loss: 0.0401529, Validation MAE: 2.4311228, Test MAE: 2.9661541, Test MAE norm: 0.0559354
Epoch: 1102, LR: 0.000010, Loss: 0.0401699, Validation MAE: 2.4521534, Test MAE: 2.9665194, Test MAE norm: 0.0559422
Epoch: 1104, LR: 0.000010, Loss: 0.0401148, Validation MAE: 2.4430680, Test MAE: 2.9620814, Test MAE norm: 0.0558586
Epoch: 1114, LR: 0.000010, Loss: 0.0403639, Validation MAE: 2.4472673, Test MAE: 2.9597359, Test MAE norm: 0.0558143
Epoch: 1117, LR: 0.000010, Loss: 0.0401836, Validation MAE: 2.4442844, Test MAE: 2.9673781, Test MAE norm: 0.0559584
Epoch: 1118, LR: 0.000010, Loss: 0.0400588, Validation MAE: 2.4382560, Test MAE: 2.9638391, Test MAE norm: 0.0558917
Epoch: 1122, LR: 0.000010, Loss: 0.0400975, Validation MAE: 2.4356761, Test MAE: 2.9619389, Test MAE norm: 0.0558559
Epoch: 1132, LR: 0.000010, Loss: 0.0403017, Validation MAE: 2.4647613, Test MAE: 2.9691050, Test MAE norm: 0.0559910
Epoch: 1134, LR: 0.000010, Loss: 0.0401390, Validation MAE: 2.4450614, Test MAE: 2.9601779, Test MAE norm: 0.0558227
Epoch: 1135, LR: 0.000010, Loss: 0.0400563, Validation MAE: 2.4433448, Test MAE: 2.9601099, Test MAE norm: 0.0558214
Epoch: 1142, LR: 0.000010, Loss: 0.0400652, Validation MAE: 2.4341929, Test MAE: 2.9605708, Test MAE norm: 0.0558301
Epoch: 1143, LR: 0.000010, Loss: 0.0401110, Validation MAE: 2.4341536, Test MAE: 2.9604619, Test MAE norm: 0.0558280
Epoch: 1147, LR: 0.000010, Loss: 0.0401376, Validation MAE: 2.4340742, Test MAE: 2.9580681, Test MAE norm: 0.0557829
Epoch: 1150, LR: 0.000010, Loss: 0.0399694, Validation MAE: 2.4331195, Test MAE: 2.9598849, Test MAE norm: 0.0558171
Epoch: 1151, LR: 0.000010, Loss: 0.0400327, Validation MAE: 2.4306436, Test MAE: 2.9600666, Test MAE norm: 0.0558206
Epoch: 1158, LR: 0.000010, Loss: 0.0400811, Validation MAE: 2.4252763, Test MAE: 2.9629619, Test MAE norm: 0.0558752
Epoch: 1168, LR: 0.000010, Loss: 0.0400422, Validation MAE: 2.4507549, Test MAE: 2.9500585, Test MAE norm: 0.0556318
Epoch: 1169, LR: 0.000010, Loss: 0.0401597, Validation MAE: 2.4356415, Test MAE: 2.9597895, Test MAE norm: 0.0558153
Epoch: 1178, LR: 0.000010, Loss: 0.0399105, Validation MAE: 2.4312766, Test MAE: 2.9566336, Test MAE norm: 0.0557558
Epoch: 1179, LR: 0.000010, Loss: 0.0399988, Validation MAE: 2.4260275, Test MAE: 2.9560657, Test MAE norm: 0.0557451
Epoch: 1189, LR: 0.000010, Loss: 0.0400409, Validation MAE: 2.4303212, Test MAE: 2.9593720, Test MAE norm: 0.0558075
Epoch: 1199, LR: 0.000010, Loss: 0.0398816, Validation MAE: 2.4447918, Test MAE: 2.9586196, Test MAE norm: 0.0557933
Epoch: 1200, LR: 0.000010, Loss: 0.0397669, Validation MAE: 2.4374816, Test MAE: 2.9492795, Test MAE norm: 0.0556171
Epoch: 1201, LR: 0.000010, Loss: 0.0399148, Validation MAE: 2.4365239, Test MAE: 2.9504981, Test MAE norm: 0.0556401
Epoch: 1204, LR: 0.000010, Loss: 0.0398091, Validation MAE: 2.4321074, Test MAE: 2.9501214, Test MAE norm: 0.0556330
Epoch: 1205, LR: 0.000010, Loss: 0.0398592, Validation MAE: 2.4267304, Test MAE: 2.9521520, Test MAE norm: 0.0556713
Epoch: 1208, LR: 0.000010, Loss: 0.0398214, Validation MAE: 2.4233758, Test MAE: 2.9510715, Test MAE norm: 0.0556509
Epoch: 1209, LR: 0.000010, Loss: 0.0398317, Validation MAE: 2.4215348, Test MAE: 2.9519405, Test MAE norm: 0.0556673
Epoch: 1212, LR: 0.000010, Loss: 0.0398891, Validation MAE: 2.4195542, Test MAE: 2.9539547, Test MAE norm: 0.0557053
Epoch: 1222, LR: 0.000010, Loss: 0.0397083, Validation MAE: 2.4375417, Test MAE: 2.9559481, Test MAE norm: 0.0557429
Epoch: 1226, LR: 0.000010, Loss: 0.0397887, Validation MAE: 2.4347749, Test MAE: 2.9538140, Test MAE norm: 0.0557026
Epoch: 1229, LR: 0.000010, Loss: 0.0397002, Validation MAE: 2.4321535, Test MAE: 2.9509821, Test MAE norm: 0.0556492
Epoch: 1230, LR: 0.000010, Loss: 0.0398229, Validation MAE: 2.4310415, Test MAE: 2.9496415, Test MAE norm: 0.0556240
Epoch: 1233, LR: 0.000010, Loss: 0.0397288, Validation MAE: 2.4258077, Test MAE: 2.9507539, Test MAE norm: 0.0556449
Epoch: 1243, LR: 0.000010, Loss: 0.0396255, Validation MAE: 2.4513719, Test MAE: 2.9571972, Test MAE norm: 0.0557664
Epoch: 1244, LR: 0.000010, Loss: 0.0396615, Validation MAE: 2.4252236, Test MAE: 2.9540088, Test MAE norm: 0.0557063
Epoch: 1246, LR: 0.000010, Loss: 0.0397074, Validation MAE: 2.4241893, Test MAE: 2.9543271, Test MAE norm: 0.0557123
Epoch: 1256, LR: 0.000010, Loss: 0.0395430, Validation MAE: 2.4316998, Test MAE: 2.9450262, Test MAE norm: 0.0555369
Epoch: 1258, LR: 0.000010, Loss: 0.0396352, Validation MAE: 2.4258761, Test MAE: 2.9485877, Test MAE norm: 0.0556041
Epoch: 1268, LR: 0.000010, Loss: 0.0395347, Validation MAE: 2.4317341, Test MAE: 2.9470861, Test MAE norm: 0.0555758
Epoch: 1269, LR: 0.000010, Loss: 0.0395468, Validation MAE: 2.4302342, Test MAE: 2.9444320, Test MAE norm: 0.0555257
Epoch: 1277, LR: 0.000010, Loss: 0.0398927, Validation MAE: 2.4266334, Test MAE: 2.9449372, Test MAE norm: 0.0555352
Epoch: 1280, LR: 0.000010, Loss: 0.0398169, Validation MAE: 2.4180284, Test MAE: 2.9534335, Test MAE norm: 0.0556955
Epoch: 1282, LR: 0.000010, Loss: 0.0398062, Validation MAE: 2.4147618, Test MAE: 2.9473262, Test MAE norm: 0.0555803
Epoch: 1292, LR: 0.000010, Loss: 0.0395858, Validation MAE: 2.4320931, Test MAE: 2.9466469, Test MAE norm: 0.0555675
Epoch: 1293, LR: 0.000010, Loss: 0.0394556, Validation MAE: 2.4308493, Test MAE: 2.9387984, Test MAE norm: 0.0554195
Epoch: 1294, LR: 0.000010, Loss: 0.0395518, Validation MAE: 2.4250050, Test MAE: 2.9475484, Test MAE norm: 0.0555845
Epoch: 1297, LR: 0.000010, Loss: 0.0395130, Validation MAE: 2.4168048, Test MAE: 2.9465132, Test MAE norm: 0.0555650
Epoch: 1307, LR: 0.000010, Loss: 0.0394130, Validation MAE: 2.4514248, Test MAE: 2.9306731, Test MAE norm: 0.0552663
Epoch: 1308, LR: 0.000010, Loss: 0.0397048, Validation MAE: 2.4398723, Test MAE: 2.9353650, Test MAE norm: 0.0553547
Epoch: 1311, LR: 0.000010, Loss: 0.0395499, Validation MAE: 2.4367864, Test MAE: 2.9388473, Test MAE norm: 0.0554204
Epoch: 1313, LR: 0.000010, Loss: 0.0395820, Validation MAE: 2.4260869, Test MAE: 2.9443552, Test MAE norm: 0.0555243
Epoch: 1316, LR: 0.000010, Loss: 0.0396713, Validation MAE: 2.4183302, Test MAE: 2.9452875, Test MAE norm: 0.0555419
Epoch: 1321, LR: 0.000010, Loss: 0.0396319, Validation MAE: 2.4167631, Test MAE: 2.9457350, Test MAE norm: 0.0555503
Epoch: 1331, LR: 0.000010, Loss: 0.0397457, Validation MAE: 2.4426994, Test MAE: 2.9289250, Test MAE norm: 0.0552333
Epoch: 1334, LR: 0.000010, Loss: 0.0396875, Validation MAE: 2.4230187, Test MAE: 2.9480960, Test MAE norm: 0.0555948
Epoch: 1344, LR: 0.000010, Loss: 0.0394542, Validation MAE: 2.4216039, Test MAE: 2.9399686, Test MAE norm: 0.0554416
Epoch: 1348, LR: 0.000010, Loss: 0.0393455, Validation MAE: 2.4209664, Test MAE: 2.9320281, Test MAE norm: 0.0552918
Epoch: 1349, LR: 0.000010, Loss: 0.0392676, Validation MAE: 2.4154778, Test MAE: 2.9343214, Test MAE norm: 0.0553351
Epoch: 1359, LR: 0.000010, Loss: 0.0391826, Validation MAE: 2.4259510, Test MAE: 2.9401133, Test MAE norm: 0.0554443
Epoch: 1360, LR: 0.000010, Loss: 0.0391902, Validation MAE: 2.4238956, Test MAE: 2.9379544, Test MAE norm: 0.0554036
Epoch: 1370, LR: 0.000010, Loss: 0.0392944, Validation MAE: 2.4256718, Test MAE: 2.9341691, Test MAE norm: 0.0553322
Epoch: 1371, LR: 0.000010, Loss: 0.0391398, Validation MAE: 2.4238603, Test MAE: 2.9257879, Test MAE norm: 0.0551741
Epoch: 1374, LR: 0.000010, Loss: 0.0393726, Validation MAE: 2.4221954, Test MAE: 2.9322171, Test MAE norm: 0.0552954
Epoch: 1384, LR: 0.000010, Loss: 0.0390881, Validation MAE: 2.4244442, Test MAE: 2.9280117, Test MAE norm: 0.0552161
Epoch: 1394, LR: 0.000010, Loss: 0.0392753, Validation MAE: 2.4478934, Test MAE: 2.9446297, Test MAE norm: 0.0555294
Epoch: 1396, LR: 0.000010, Loss: 0.0393984, Validation MAE: 2.4195516, Test MAE: 2.9398098, Test MAE norm: 0.0554386
Epoch: 1401, LR: 0.000010, Loss: 0.0396098, Validation MAE: 2.4120491, Test MAE: 2.9387274, Test MAE norm: 0.0554181
Epoch: 1411, LR: 0.000010, Loss: 0.0393924, Validation MAE: 2.4178309, Test MAE: 2.9335980, Test MAE norm: 0.0553214
Epoch: 1413, LR: 0.000010, Loss: 0.0393292, Validation MAE: 2.4102852, Test MAE: 2.9256194, Test MAE norm: 0.0551710
Epoch: 1416, LR: 0.000010, Loss: 0.0394589, Validation MAE: 2.4076114, Test MAE: 2.9332187, Test MAE norm: 0.0553143
Epoch: 1426, LR: 0.000010, Loss: 0.0393400, Validation MAE: 2.4144297, Test MAE: 2.9359231, Test MAE norm: 0.0553653
Epoch: 1436, LR: 0.000010, Loss: 0.0388779, Validation MAE: 2.4247923, Test MAE: 2.9258678, Test MAE norm: 0.0551756
Epoch: 1437, LR: 0.000010, Loss: 0.0388560, Validation MAE: 2.4231942, Test MAE: 2.9258640, Test MAE norm: 0.0551756
Epoch: 1440, LR: 0.000010, Loss: 0.0388501, Validation MAE: 2.4197350, Test MAE: 2.9247074, Test MAE norm: 0.0551538
Epoch: 1441, LR: 0.000010, Loss: 0.0388772, Validation MAE: 2.4189792, Test MAE: 2.9294608, Test MAE norm: 0.0552434
Epoch: 1443, LR: 0.000010, Loss: 0.0388859, Validation MAE: 2.4172206, Test MAE: 2.9274373, Test MAE norm: 0.0552052
Epoch: 1453, LR: 0.000010, Loss: 0.0388755, Validation MAE: 2.4259160, Test MAE: 2.9238417, Test MAE norm: 0.0551374
Epoch: 1454, LR: 0.000010, Loss: 0.0388010, Validation MAE: 2.4241381, Test MAE: 2.9240127, Test MAE norm: 0.0551407
Epoch: 1456, LR: 0.000010, Loss: 0.0389160, Validation MAE: 2.4214933, Test MAE: 2.9248333, Test MAE norm: 0.0551561
Epoch: 1458, LR: 0.000010, Loss: 0.0390273, Validation MAE: 2.4210649, Test MAE: 2.9247983, Test MAE norm: 0.0551555
Epoch: 1465, LR: 0.000010, Loss: 0.0387111, Validation MAE: 2.4195764, Test MAE: 2.9234717, Test MAE norm: 0.0551305
Epoch: 1475, LR: 0.000010, Loss: 0.0386848, Validation MAE: 2.4373250, Test MAE: 2.9329548, Test MAE norm: 0.0553093
Epoch: 1476, LR: 0.000010, Loss: 0.0389200, Validation MAE: 2.4233441, Test MAE: 2.9247537, Test MAE norm: 0.0551546
Epoch: 1478, LR: 0.000010, Loss: 0.0389130, Validation MAE: 2.4197326, Test MAE: 2.9202182, Test MAE norm: 0.0550691
Epoch: 1488, LR: 0.000010, Loss: 0.0388188, Validation MAE: 2.4176078, Test MAE: 2.9234643, Test MAE norm: 0.0551303
Epoch: 1493, LR: 0.000010, Loss: 0.0386837, Validation MAE: 2.4152012, Test MAE: 2.9153202, Test MAE norm: 0.0549767
Epoch: 1503, LR: 0.000010, Loss: 0.0385665, Validation MAE: 2.4166052, Test MAE: 2.9278884, Test MAE norm: 0.0552137
Epoch: 1504, LR: 0.000010, Loss: 0.0386045, Validation MAE: 2.4141958, Test MAE: 2.9205165, Test MAE norm: 0.0550747
Epoch: 1514, LR: 0.000010, Loss: 0.0385597, Validation MAE: 2.4205277, Test MAE: 2.9200323, Test MAE norm: 0.0550656
Epoch: 1515, LR: 0.000010, Loss: 0.0385633, Validation MAE: 2.4147580, Test MAE: 2.9142265, Test MAE norm: 0.0549561
Epoch: 1518, LR: 0.000010, Loss: 0.0385863, Validation MAE: 2.4135623, Test MAE: 2.9155912, Test MAE norm: 0.0549818
Epoch: 1528, LR: 0.000010, Loss: 0.0387165, Validation MAE: 2.4189286, Test MAE: 2.9173424, Test MAE norm: 0.0550149
Epoch: 1529, LR: 0.000010, Loss: 0.0385270, Validation MAE: 2.4122717, Test MAE: 2.9067926, Test MAE norm: 0.0548159
Epoch: 1539, LR: 0.000010, Loss: 0.0384551, Validation MAE: 2.4694307, Test MAE: 2.9363585, Test MAE norm: 0.0553735
Epoch: 1540, LR: 0.000010, Loss: 0.0392338, Validation MAE: 2.4368091, Test MAE: 2.9296782, Test MAE norm: 0.0552475
Epoch: 1541, LR: 0.000010, Loss: 0.0388181, Validation MAE: 2.4332361, Test MAE: 2.9040303, Test MAE norm: 0.0547638
Epoch: 1542, LR: 0.000010, Loss: 0.0389618, Validation MAE: 2.4312105, Test MAE: 2.9003823, Test MAE norm: 0.0546950
Epoch: 1543, LR: 0.000010, Loss: 0.0391372, Validation MAE: 2.4081550, Test MAE: 2.9191124, Test MAE norm: 0.0550482
Epoch: 1546, LR: 0.000010, Loss: 0.0388014, Validation MAE: 2.4051893, Test MAE: 2.9124522, Test MAE norm: 0.0549227
Epoch: 1547, LR: 0.000010, Loss: 0.0388582, Validation MAE: 2.3993483, Test MAE: 2.9096618, Test MAE norm: 0.0548700
Epoch: 1551, LR: 0.000010, Loss: 0.0384839, Validation MAE: 2.3975003, Test MAE: 2.9144251, Test MAE norm: 0.0549599
Epoch: 1561, LR: 0.000010, Loss: 0.0383717, Validation MAE: 2.4090679, Test MAE: 2.9178803, Test MAE norm: 0.0550250
Epoch: 1571, LR: 0.000010, Loss: 0.0383755, Validation MAE: 2.4316475, Test MAE: 2.8979149, Test MAE norm: 0.0546485
Epoch: 1572, LR: 0.000010, Loss: 0.0389021, Validation MAE: 2.4225647, Test MAE: 2.9011440, Test MAE norm: 0.0547094
Epoch: 1573, LR: 0.000010, Loss: 0.0388407, Validation MAE: 2.4083126, Test MAE: 2.9179955, Test MAE norm: 0.0550272
Epoch: 1575, LR: 0.000010, Loss: 0.0388748, Validation MAE: 2.4039724, Test MAE: 2.9195185, Test MAE norm: 0.0550559
Epoch: 1576, LR: 0.000010, Loss: 0.0383297, Validation MAE: 2.3994899, Test MAE: 2.9041600, Test MAE norm: 0.0547663
Epoch: 1586, LR: 0.000010, Loss: 0.0382578, Validation MAE: 2.4331923, Test MAE: 2.9269559, Test MAE norm: 0.0551962
Epoch: 1587, LR: 0.000010, Loss: 0.0386980, Validation MAE: 2.4146140, Test MAE: 2.9098711, Test MAE norm: 0.0548740
Epoch: 1589, LR: 0.000010, Loss: 0.0384050, Validation MAE: 2.4126592, Test MAE: 2.9178276, Test MAE norm: 0.0550240
Epoch: 1590, LR: 0.000010, Loss: 0.0383059, Validation MAE: 2.4056115, Test MAE: 2.9115584, Test MAE norm: 0.0549058
Epoch: 1591, LR: 0.000010, Loss: 0.0382385, Validation MAE: 2.4030478, Test MAE: 2.9098165, Test MAE norm: 0.0548729
Epoch: 1601, LR: 0.000010, Loss: 0.0381709, Validation MAE: 2.4130292, Test MAE: 2.9111779, Test MAE norm: 0.0548986
Epoch: 1602, LR: 0.000010, Loss: 0.0381798, Validation MAE: 2.4092872, Test MAE: 2.9060647, Test MAE norm: 0.0548022
Epoch: 1612, LR: 0.000010, Loss: 0.0382433, Validation MAE: 2.4192567, Test MAE: 2.9265480, Test MAE norm: 0.0551885
Epoch: 1613, LR: 0.000010, Loss: 0.0387307, Validation MAE: 2.3954384, Test MAE: 2.9091306, Test MAE norm: 0.0548600
Epoch: 1614, LR: 0.000010, Loss: 0.0382693, Validation MAE: 2.3877764, Test MAE: 2.8980584, Test MAE norm: 0.0546512
Epoch: 1624, LR: 0.000010, Loss: 0.0381725, Validation MAE: 2.4095075, Test MAE: 2.9059017, Test MAE norm: 0.0547991
Epoch: 1630, LR: 0.000010, Loss: 0.0384471, Validation MAE: 2.4094334, Test MAE: 2.9196050, Test MAE norm: 0.0550575
Epoch: 1631, LR: 0.000010, Loss: 0.0381990, Validation MAE: 2.4081230, Test MAE: 2.9216795, Test MAE norm: 0.0550967
Epoch: 1634, LR: 0.000010, Loss: 0.0383998, Validation MAE: 2.4038346, Test MAE: 2.9170783, Test MAE norm: 0.0550099
Epoch: 1635, LR: 0.000010, Loss: 0.0382321, Validation MAE: 2.4035063, Test MAE: 2.9176450, Test MAE norm: 0.0550206
Epoch: 1636, LR: 0.000010, Loss: 0.0382213, Validation MAE: 2.3970292, Test MAE: 2.8967979, Test MAE norm: 0.0546274
Epoch: 1637, LR: 0.000010, Loss: 0.0382888, Validation MAE: 2.3938630, Test MAE: 2.8963392, Test MAE norm: 0.0546188
Epoch: 1640, LR: 0.000010, Loss: 0.0381354, Validation MAE: 2.3874774, Test MAE: 2.8908179, Test MAE norm: 0.0545147
Epoch: 1645, LR: 0.000010, Loss: 0.0381564, Validation MAE: 2.3873284, Test MAE: 2.8948224, Test MAE norm: 0.0545902
Epoch: 1655, LR: 0.000010, Loss: 0.0380079, Validation MAE: 2.4145148, Test MAE: 2.9132886, Test MAE norm: 0.0549384
Epoch: 1658, LR: 0.000010, Loss: 0.0380190, Validation MAE: 2.4141877, Test MAE: 2.9178391, Test MAE norm: 0.0550242
Epoch: 1659, LR: 0.000010, Loss: 0.0383303, Validation MAE: 2.4045563, Test MAE: 2.9032953, Test MAE norm: 0.0547500
Epoch: 1663, LR: 0.000010, Loss: 0.0380241, Validation MAE: 2.3988771, Test MAE: 2.8973856, Test MAE norm: 0.0546385
Epoch: 1673, LR: 0.000010, Loss: 0.0379051, Validation MAE: 2.3951569, Test MAE: 2.8976531, Test MAE norm: 0.0546436
Epoch: 1683, LR: 0.000010, Loss: 0.0380858, Validation MAE: 2.4123876, Test MAE: 2.8901582, Test MAE norm: 0.0545022
Epoch: 1685, LR: 0.000010, Loss: 0.0381217, Validation MAE: 2.4039910, Test MAE: 2.8976049, Test MAE norm: 0.0546427
Epoch: 1687, LR: 0.000010, Loss: 0.0380872, Validation MAE: 2.4008706, Test MAE: 2.8989754, Test MAE norm: 0.0546685
Epoch: 1689, LR: 0.000010, Loss: 0.0381872, Validation MAE: 2.3960409, Test MAE: 2.8943651, Test MAE norm: 0.0545816
Epoch: 1699, LR: 0.000010, Loss: 0.0381401, Validation MAE: 2.4050715, Test MAE: 2.8940663, Test MAE norm: 0.0545759
Epoch: 1700, LR: 0.000010, Loss: 0.0378026, Validation MAE: 2.3938422, Test MAE: 2.8986661, Test MAE norm: 0.0546627
Epoch: 1703, LR: 0.000010, Loss: 0.0377432, Validation MAE: 2.3933172, Test MAE: 2.8992171, Test MAE norm: 0.0546731
Epoch: 1712, LR: 0.000010, Loss: 0.0380933, Validation MAE: 2.3930786, Test MAE: 2.9049177, Test MAE norm: 0.0547806
Epoch: 1714, LR: 0.000010, Loss: 0.0381282, Validation MAE: 2.3814754, Test MAE: 2.8938780, Test MAE norm: 0.0545724
Epoch: 1724, LR: 0.000010, Loss: 0.0377306, Validation MAE: 2.3918977, Test MAE: 2.8885949, Test MAE norm: 0.0544728
Epoch: 1734, LR: 0.000010, Loss: 0.0377816, Validation MAE: 2.3908906, Test MAE: 2.9087987, Test MAE norm: 0.0548538
Epoch: 1735, LR: 0.000010, Loss: 0.0380039, Validation MAE: 2.3854744, Test MAE: 2.8920419, Test MAE norm: 0.0545378
Epoch: 1736, LR: 0.000010, Loss: 0.0378011, Validation MAE: 2.3844843, Test MAE: 2.8929565, Test MAE norm: 0.0545550
Epoch: 1746, LR: 0.000010, Loss: 0.0376665, Validation MAE: 2.3894308, Test MAE: 2.8928125, Test MAE norm: 0.0545523
Epoch: 1748, LR: 0.000010, Loss: 0.0376568, Validation MAE: 2.3874891, Test MAE: 2.8924367, Test MAE norm: 0.0545452
Epoch: 1749, LR: 0.000010, Loss: 0.0376557, Validation MAE: 2.3873205, Test MAE: 2.8910592, Test MAE norm: 0.0545192
Epoch: 1757, LR: 0.000010, Loss: 0.0378867, Validation MAE: 2.3865569, Test MAE: 2.8889213, Test MAE norm: 0.0544789
Epoch: 1759, LR: 0.000010, Loss: 0.0381621, Validation MAE: 2.3842020, Test MAE: 2.9021716, Test MAE norm: 0.0547288
Epoch: 1761, LR: 0.000010, Loss: 0.0381518, Validation MAE: 2.3767421, Test MAE: 2.8935685, Test MAE norm: 0.0545665
Epoch: 1764, LR: 0.000010, Loss: 0.0381221, Validation MAE: 2.3703032, Test MAE: 2.8931267, Test MAE norm: 0.0545582
Epoch: 1765, LR: 0.000010, Loss: 0.0376610, Validation MAE: 2.3644452, Test MAE: 2.8847694, Test MAE norm: 0.0544006
Epoch: 1775, LR: 0.000010, Loss: 0.0377113, Validation MAE: 2.3931267, Test MAE: 2.8924546, Test MAE norm: 0.0545455
Epoch: 1782, LR: 0.000010, Loss: 0.0375074, Validation MAE: 2.3886297, Test MAE: 2.9018438, Test MAE norm: 0.0547226
Epoch: 1783, LR: 0.000010, Loss: 0.0375870, Validation MAE: 2.3834422, Test MAE: 2.8888433, Test MAE norm: 0.0544774
Epoch: 1784, LR: 0.000010, Loss: 0.0375157, Validation MAE: 2.3717616, Test MAE: 2.8922832, Test MAE norm: 0.0545423
Epoch: 1787, LR: 0.000010, Loss: 0.0374841, Validation MAE: 2.3713236, Test MAE: 2.8863134, Test MAE norm: 0.0544297
Epoch: 1797, LR: 0.000010, Loss: 0.0374404, Validation MAE: 2.3797572, Test MAE: 2.8892076, Test MAE norm: 0.0544843
Epoch: 1799, LR: 0.000010, Loss: 0.0374803, Validation MAE: 2.3734486, Test MAE: 2.8861413, Test MAE norm: 0.0544265
Epoch: 1809, LR: 0.000010, Loss: 0.0373962, Validation MAE: 2.3917782, Test MAE: 2.8813057, Test MAE norm: 0.0543353
Epoch: 1810, LR: 0.000010, Loss: 0.0373531, Validation MAE: 2.3901002, Test MAE: 2.8956223, Test MAE norm: 0.0546053
Epoch: 1811, LR: 0.000010, Loss: 0.0376565, Validation MAE: 2.3850110, Test MAE: 2.8817430, Test MAE norm: 0.0543435
Epoch: 1812, LR: 0.000010, Loss: 0.0373581, Validation MAE: 2.3832533, Test MAE: 2.8799345, Test MAE norm: 0.0543094
Epoch: 1813, LR: 0.000010, Loss: 0.0374110, Validation MAE: 2.3735001, Test MAE: 2.8962967, Test MAE norm: 0.0546180
Epoch: 1814, LR: 0.000010, Loss: 0.0374489, Validation MAE: 2.3670282, Test MAE: 2.8867536, Test MAE norm: 0.0544380
Epoch: 1815, LR: 0.000010, Loss: 0.0373506, Validation MAE: 2.3615558, Test MAE: 2.8827806, Test MAE norm: 0.0543631
Epoch: 1818, LR: 0.000010, Loss: 0.0376107, Validation MAE: 2.3602746, Test MAE: 2.8798547, Test MAE norm: 0.0543079
Epoch: 1828, LR: 0.000010, Loss: 0.0372463, Validation MAE: 2.3765402, Test MAE: 2.8846700, Test MAE norm: 0.0543987
Epoch: 1830, LR: 0.000010, Loss: 0.0372101, Validation MAE: 2.3764894, Test MAE: 2.8909206, Test MAE norm: 0.0545166
Epoch: 1832, LR: 0.000010, Loss: 0.0374700, Validation MAE: 2.3757720, Test MAE: 2.8848650, Test MAE norm: 0.0544024
Epoch: 1833, LR: 0.000010, Loss: 0.0373178, Validation MAE: 2.3689041, Test MAE: 2.9059639, Test MAE norm: 0.0548003
Epoch: 1834, LR: 0.000010, Loss: 0.0375857, Validation MAE: 2.3672802, Test MAE: 2.8967466, Test MAE norm: 0.0546265
Epoch: 1837, LR: 0.000010, Loss: 0.0378788, Validation MAE: 2.3657660, Test MAE: 2.8967969, Test MAE norm: 0.0546274
Epoch: 1839, LR: 0.000010, Loss: 0.0375718, Validation MAE: 2.3548653, Test MAE: 2.8779337, Test MAE norm: 0.0542717
Epoch: 1849, LR: 0.000010, Loss: 0.0371844, Validation MAE: 2.3627884, Test MAE: 2.8750148, Test MAE norm: 0.0542167
Epoch: 1854, LR: 0.000010, Loss: 0.0373092, Validation MAE: 2.3599164, Test MAE: 2.8878093, Test MAE norm: 0.0544579
Epoch: 1856, LR: 0.000010, Loss: 0.0370771, Validation MAE: 2.3573270, Test MAE: 2.8781607, Test MAE norm: 0.0542760
Epoch: 1862, LR: 0.000010, Loss: 0.0373528, Validation MAE: 2.3541622, Test MAE: 2.8792801, Test MAE norm: 0.0542971
Epoch: 1863, LR: 0.000010, Loss: 0.0370476, Validation MAE: 2.3500988, Test MAE: 2.8720477, Test MAE norm: 0.0541607
Epoch: 1873, LR: 0.000010, Loss: 0.0371293, Validation MAE: 2.3538122, Test MAE: 2.8712385, Test MAE norm: 0.0541454
Epoch: 1874, LR: 0.000010, Loss: 0.0370060, Validation MAE: 2.3489521, Test MAE: 2.8739827, Test MAE norm: 0.0541972
Epoch: 1884, LR: 0.000010, Loss: 0.0369434, Validation MAE: 2.3493676, Test MAE: 2.8751390, Test MAE norm: 0.0542190
Epoch: 1885, LR: 0.000010, Loss: 0.0368782, Validation MAE: 2.3476441, Test MAE: 2.8758795, Test MAE norm: 0.0542330
Epoch: 1895, LR: 0.000010, Loss: 0.0372181, Validation MAE: 2.3521430, Test MAE: 2.8822246, Test MAE norm: 0.0543526
Epoch: 1896, LR: 0.000010, Loss: 0.0368947, Validation MAE: 2.3483818, Test MAE: 2.8841472, Test MAE norm: 0.0543889
Epoch: 1897, LR: 0.000010, Loss: 0.0371778, Validation MAE: 2.3389132, Test MAE: 2.8714840, Test MAE norm: 0.0541501
Epoch: 1907, LR: 0.000010, Loss: 0.0375972, Validation MAE: 2.3659923, Test MAE: 2.8997993, Test MAE norm: 0.0546840
Epoch: 1908, LR: 0.000010, Loss: 0.0375449, Validation MAE: 2.3483243, Test MAE: 2.8874304, Test MAE norm: 0.0544508
Epoch: 1910, LR: 0.000010, Loss: 0.0373365, Validation MAE: 2.3373201, Test MAE: 2.8696840, Test MAE norm: 0.0541161
Epoch: 1911, LR: 0.000010, Loss: 0.0368119, Validation MAE: 2.3361788, Test MAE: 2.8748336, Test MAE norm: 0.0542132
Epoch: 1921, LR: 0.000010, Loss: 0.0370055, Validation MAE: 2.3737762, Test MAE: 2.8629637, Test MAE norm: 0.0539894
Epoch: 1922, LR: 0.000010, Loss: 0.0369230, Validation MAE: 2.3568640, Test MAE: 2.8854084, Test MAE norm: 0.0544127
Epoch: 1923, LR: 0.000010, Loss: 0.0370023, Validation MAE: 2.3506770, Test MAE: 2.8763747, Test MAE norm: 0.0542423
Epoch: 1924, LR: 0.000010, Loss: 0.0366789, Validation MAE: 2.3432741, Test MAE: 2.8758171, Test MAE norm: 0.0542318
Epoch: 1925, LR: 0.000010, Loss: 0.0367111, Validation MAE: 2.3422112, Test MAE: 2.8746350, Test MAE norm: 0.0542095
Epoch: 1931, LR: 0.000010, Loss: 0.0372848, Validation MAE: 2.3376510, Test MAE: 2.8774917, Test MAE norm: 0.0542634
Epoch: 1936, LR: 0.000010, Loss: 0.0372349, Validation MAE: 2.3264294, Test MAE: 2.8657393, Test MAE norm: 0.0540417
Epoch: 1946, LR: 0.000010, Loss: 0.0367629, Validation MAE: 2.3424273, Test MAE: 2.8674326, Test MAE norm: 0.0540737
Epoch: 1947, LR: 0.000010, Loss: 0.0367746, Validation MAE: 2.3404026, Test MAE: 2.8784878, Test MAE norm: 0.0542822
Epoch: 1948, LR: 0.000010, Loss: 0.0369288, Validation MAE: 2.3400030, Test MAE: 2.8736403, Test MAE norm: 0.0541907
Epoch: 1952, LR: 0.000010, Loss: 0.0368243, Validation MAE: 2.3385978, Test MAE: 2.8706360, Test MAE norm: 0.0541341
Epoch: 1954, LR: 0.000010, Loss: 0.0367807, Validation MAE: 2.3368223, Test MAE: 2.8706787, Test MAE norm: 0.0541349
Epoch: 1964, LR: 0.000010, Loss: 0.0367166, Validation MAE: 2.3530781, Test MAE: 2.8727312, Test MAE norm: 0.0541736
Epoch: 1965, LR: 0.000010, Loss: 0.0366096, Validation MAE: 2.3445821, Test MAE: 2.8900254, Test MAE norm: 0.0544997
Epoch: 1966, LR: 0.000010, Loss: 0.0370307, Validation MAE: 2.3396926, Test MAE: 2.8707848, Test MAE norm: 0.0541369
Epoch: 1967, LR: 0.000010, Loss: 0.0365374, Validation MAE: 2.3321531, Test MAE: 2.8722169, Test MAE norm: 0.0541639
Epoch: 1969, LR: 0.000010, Loss: 0.0367645, Validation MAE: 2.3258846, Test MAE: 2.8713756, Test MAE norm: 0.0541480
Epoch: 1970, LR: 0.000010, Loss: 0.0365208, Validation MAE: 2.3256924, Test MAE: 2.8743351, Test MAE norm: 0.0542038
Epoch: 1971, LR: 0.000010, Loss: 0.0365421, Validation MAE: 2.3244395, Test MAE: 2.8723922, Test MAE norm: 0.0541672
Epoch: 1972, LR: 0.000010, Loss: 0.0365584, Validation MAE: 2.3205159, Test MAE: 2.8683538, Test MAE norm: 0.0540911
Epoch: 1982, LR: 0.000010, Loss: 0.0364269, Validation MAE: 2.3331962, Test MAE: 2.8724566, Test MAE norm: 0.0541684
Epoch: 1983, LR: 0.000010, Loss: 0.0366310, Validation MAE: 2.3290980, Test MAE: 2.8750591, Test MAE norm: 0.0542175
Epoch: 1984, LR: 0.000010, Loss: 0.0364775, Validation MAE: 2.3264732, Test MAE: 2.8729548, Test MAE norm: 0.0541778
Epoch: 1986, LR: 0.000010, Loss: 0.0365733, Validation MAE: 2.3253810, Test MAE: 2.8684006, Test MAE norm: 0.0540919
Epoch: 1996, LR: 0.000010, Loss: 0.0364090, Validation MAE: 2.3460214, Test MAE: 2.8850491, Test MAE norm: 0.0544059
Epoch: 1997, LR: 0.000010, Loss: 0.0368544, Validation MAE: 2.3277731, Test MAE: 2.8570735, Test MAE norm: 0.0538783
Epoch: 1997, LR: 0.000010, Loss: 0.0368544, Validation MAE: 2.3277731, Test MAE: 2.8570735, Test MAE norm: 0.0538783