Command line input: python run_count.py --batch_size 256 --target 1 --model PPGN --h 3 --seed 1 --epoch 2000 --dataset easy-1
Mean = 8.080, Std = 23.150
Using PPGN model

Epoch: 001, LR: 0.001000, Loss: 0.9008592, Validation MAE: 13.7177048, Test MAE: 11.1641407, Test MAE norm: 0.4822585
Epoch: 003, LR: 0.001000, Loss: 0.7407939, Validation MAE: 12.3733988, Test MAE: 13.1547298, Test MAE norm: 0.5682462
Epoch: 004, LR: 0.001000, Loss: 0.5325498, Validation MAE: 4.8740735, Test MAE: 3.2428117, Test MAE norm: 0.1400801
Epoch: 008, LR: 0.001000, Loss: 0.3347694, Validation MAE: 4.7086744, Test MAE: 4.7936378, Test MAE norm: 0.2070712
Epoch: 010, LR: 0.001000, Loss: 0.2928891, Validation MAE: 2.7736027, Test MAE: 3.0626972, Test MAE norm: 0.1322996
Epoch: 015, LR: 0.001000, Loss: 0.1901580, Validation MAE: 2.3058419, Test MAE: 2.3328183, Test MAE norm: 0.1007710
Epoch: 020, LR: 0.001000, Loss: 0.1420898, Validation MAE: 2.0952520, Test MAE: 1.9807167, Test MAE norm: 0.0855612
Epoch: 025, LR: 0.001000, Loss: 0.1353820, Validation MAE: 1.8175874, Test MAE: 2.0023363, Test MAE norm: 0.0864951
Epoch: 028, LR: 0.001000, Loss: 0.1288133, Validation MAE: 1.6112201, Test MAE: 1.9134486, Test MAE norm: 0.0826554
Epoch: 033, LR: 0.001000, Loss: 0.0965834, Validation MAE: 1.5692478, Test MAE: 1.7332171, Test MAE norm: 0.0748700
Epoch: 034, LR: 0.001000, Loss: 0.0685201, Validation MAE: 1.5375205, Test MAE: 1.7961590, Test MAE norm: 0.0775889
Epoch: 037, LR: 0.001000, Loss: 0.0746442, Validation MAE: 1.4578248, Test MAE: 1.6881808, Test MAE norm: 0.0729245
Epoch: 041, LR: 0.001000, Loss: 0.0685053, Validation MAE: 1.4278448, Test MAE: 1.6492132, Test MAE norm: 0.0712412
Epoch: 051, LR: 0.001000, Loss: 0.0668101, Validation MAE: 2.7448032, Test MAE: 2.8520148, Test MAE norm: 0.1231988
Epoch: 053, LR: 0.000900, Loss: 0.1165099, Validation MAE: 1.5328729, Test MAE: 1.7077732, Test MAE norm: 0.0737709
Epoch: 063, LR: 0.000900, Loss: 0.0780816, Validation MAE: 3.8185506, Test MAE: 3.4424949, Test MAE norm: 0.1487058
Epoch: 065, LR: 0.000810, Loss: 0.1622423, Validation MAE: 2.6847265, Test MAE: 2.5436239, Test MAE norm: 0.1098772
Epoch: 066, LR: 0.000810, Loss: 0.1065002, Validation MAE: 2.0504844, Test MAE: 2.1687272, Test MAE norm: 0.0936827
Epoch: 071, LR: 0.000810, Loss: 0.1134810, Validation MAE: 2.0453582, Test MAE: 1.9111559, Test MAE norm: 0.0825564
Epoch: 075, LR: 0.000729, Loss: 0.1004738, Validation MAE: 1.3417614, Test MAE: 1.4178780, Test MAE norm: 0.0612482
Epoch: 085, LR: 0.000729, Loss: 0.0686870, Validation MAE: 2.1818795, Test MAE: 2.2506523, Test MAE norm: 0.0972217
Epoch: 087, LR: 0.000656, Loss: 0.1121107, Validation MAE: 2.1017637, Test MAE: 2.1811194, Test MAE norm: 0.0942180
Epoch: 088, LR: 0.000656, Loss: 0.0874444, Validation MAE: 1.5459319, Test MAE: 1.5550357, Test MAE norm: 0.0671730
Epoch: 091, LR: 0.000656, Loss: 0.0831554, Validation MAE: 1.4005600, Test MAE: 1.4238691, Test MAE norm: 0.0615070
Epoch: 099, LR: 0.000590, Loss: 0.0720755, Validation MAE: 1.3998944, Test MAE: 1.4128374, Test MAE norm: 0.0610305
Epoch: 102, LR: 0.000590, Loss: 0.0765918, Validation MAE: 1.3336129, Test MAE: 1.4174232, Test MAE norm: 0.0612286
Epoch: 105, LR: 0.000590, Loss: 0.0738100, Validation MAE: 1.3301374, Test MAE: 1.3259655, Test MAE norm: 0.0572779
Epoch: 109, LR: 0.000590, Loss: 0.0839222, Validation MAE: 1.3026359, Test MAE: 1.3577014, Test MAE norm: 0.0586488
Epoch: 119, LR: 0.000590, Loss: 0.1070573, Validation MAE: 2.7968812, Test MAE: 2.7965424, Test MAE norm: 0.1208025
Epoch: 120, LR: 0.000590, Loss: 0.1197191, Validation MAE: 2.2857130, Test MAE: 2.3765416, Test MAE norm: 0.1026597
Epoch: 121, LR: 0.000531, Loss: 0.0957353, Validation MAE: 1.8006806, Test MAE: 1.7514695, Test MAE norm: 0.0756584
Epoch: 125, LR: 0.000531, Loss: 0.0960499, Validation MAE: 1.5556290, Test MAE: 1.4885191, Test MAE norm: 0.0642997
Epoch: 129, LR: 0.000531, Loss: 0.0825968, Validation MAE: 1.2656542, Test MAE: 1.3868862, Test MAE norm: 0.0599095
Epoch: 139, LR: 0.000531, Loss: 0.0603690, Validation MAE: 1.4722070, Test MAE: 1.5209205, Test MAE norm: 0.0656994
Epoch: 141, LR: 0.000478, Loss: 0.0672662, Validation MAE: 1.4262012, Test MAE: 1.4613030, Test MAE norm: 0.0631241
Epoch: 144, LR: 0.000478, Loss: 0.0622494, Validation MAE: 1.2613373, Test MAE: 1.2950110, Test MAE norm: 0.0559407
Epoch: 146, LR: 0.000478, Loss: 0.0563879, Validation MAE: 1.2279608, Test MAE: 1.3251340, Test MAE norm: 0.0572419
Epoch: 153, LR: 0.000478, Loss: 0.0567339, Validation MAE: 1.2185674, Test MAE: 1.2552714, Test MAE norm: 0.0542241
Epoch: 158, LR: 0.000478, Loss: 0.0520356, Validation MAE: 1.2153728, Test MAE: 1.2633326, Test MAE norm: 0.0545723
Epoch: 160, LR: 0.000478, Loss: 0.0546916, Validation MAE: 1.1771431, Test MAE: 1.2536145, Test MAE norm: 0.0541525
Epoch: 170, LR: 0.000478, Loss: 0.0555783, Validation MAE: 1.4144427, Test MAE: 1.4587334, Test MAE norm: 0.0630131
Epoch: 171, LR: 0.000478, Loss: 0.0553239, Validation MAE: 1.2629837, Test MAE: 1.2978160, Test MAE norm: 0.0560619
Epoch: 172, LR: 0.000430, Loss: 0.0483396, Validation MAE: 1.1912005, Test MAE: 1.2769768, Test MAE norm: 0.0551617
Epoch: 177, LR: 0.000430, Loss: 0.0566933, Validation MAE: 1.1908278, Test MAE: 1.2420849, Test MAE norm: 0.0536545
Epoch: 178, LR: 0.000430, Loss: 0.0489306, Validation MAE: 1.1394205, Test MAE: 1.2100235, Test MAE norm: 0.0522695
Epoch: 183, LR: 0.000430, Loss: 0.0610014, Validation MAE: 1.1116102, Test MAE: 1.1983638, Test MAE norm: 0.0517658
Epoch: 193, LR: 0.000430, Loss: 0.0625689, Validation MAE: 1.1750598, Test MAE: 1.2406476, Test MAE norm: 0.0535924
Epoch: 203, LR: 0.000387, Loss: 0.0617303, Validation MAE: 1.6902330, Test MAE: 1.8075818, Test MAE norm: 0.0780823
Epoch: 204, LR: 0.000387, Loss: 0.0701682, Validation MAE: 1.4845542, Test MAE: 1.5961050, Test MAE norm: 0.0689471
Epoch: 205, LR: 0.000387, Loss: 0.0605954, Validation MAE: 1.1866586, Test MAE: 1.2088473, Test MAE norm: 0.0522187
Epoch: 212, LR: 0.000349, Loss: 0.0525270, Validation MAE: 1.1409512, Test MAE: 1.2051147, Test MAE norm: 0.0520575
Epoch: 222, LR: 0.000314, Loss: 0.0533429, Validation MAE: 1.3364364, Test MAE: 1.4113301, Test MAE norm: 0.0609654
Epoch: 223, LR: 0.000314, Loss: 0.0529676, Validation MAE: 1.1356437, Test MAE: 1.2491848, Test MAE norm: 0.0539612
Epoch: 228, LR: 0.000282, Loss: 0.0458822, Validation MAE: 1.1226720, Test MAE: 1.2171680, Test MAE norm: 0.0525781
Epoch: 229, LR: 0.000282, Loss: 0.0449807, Validation MAE: 1.0693191, Test MAE: 1.1739520, Test MAE norm: 0.0507113
Epoch: 239, LR: 0.000282, Loss: 0.0491413, Validation MAE: 1.0882205, Test MAE: 1.1960765, Test MAE norm: 0.0516670
Epoch: 244, LR: 0.000254, Loss: 0.0433212, Validation MAE: 1.0733032, Test MAE: 1.1869240, Test MAE norm: 0.0512717
Epoch: 254, LR: 0.000229, Loss: 0.0457805, Validation MAE: 1.0913439, Test MAE: 1.1866465, Test MAE norm: 0.0512597
Epoch: 256, LR: 0.000229, Loss: 0.0469976, Validation MAE: 1.0793712, Test MAE: 1.1788081, Test MAE norm: 0.0509211
Epoch: 261, LR: 0.000229, Loss: 0.0485253, Validation MAE: 1.0483702, Test MAE: 1.1656106, Test MAE norm: 0.0503510
Epoch: 271, LR: 0.000229, Loss: 0.0515669, Validation MAE: 1.1678737, Test MAE: 1.2268678, Test MAE norm: 0.0529971
Epoch: 273, LR: 0.000206, Loss: 0.0478059, Validation MAE: 1.1608112, Test MAE: 1.2542434, Test MAE norm: 0.0541797
Epoch: 274, LR: 0.000206, Loss: 0.0469047, Validation MAE: 1.1497067, Test MAE: 1.2656687, Test MAE norm: 0.0546732
Epoch: 278, LR: 0.000206, Loss: 0.0470567, Validation MAE: 1.1418446, Test MAE: 1.2607416, Test MAE norm: 0.0544604
Epoch: 279, LR: 0.000206, Loss: 0.0457031, Validation MAE: 1.1284995, Test MAE: 1.2147893, Test MAE norm: 0.0524754
Epoch: 280, LR: 0.000206, Loss: 0.0450392, Validation MAE: 1.1043395, Test MAE: 1.2137907, Test MAE norm: 0.0524322
Epoch: 281, LR: 0.000206, Loss: 0.0441126, Validation MAE: 1.0985521, Test MAE: 1.1591316, Test MAE norm: 0.0500711
Epoch: 287, LR: 0.000185, Loss: 0.0449157, Validation MAE: 1.0759860, Test MAE: 1.1661083, Test MAE norm: 0.0503725
Epoch: 289, LR: 0.000185, Loss: 0.0453557, Validation MAE: 1.0723144, Test MAE: 1.1743213, Test MAE norm: 0.0507273
Epoch: 292, LR: 0.000185, Loss: 0.0475253, Validation MAE: 1.0452977, Test MAE: 1.1523038, Test MAE norm: 0.0497762
Epoch: 302, LR: 0.000185, Loss: 0.0421466, Validation MAE: 1.1470163, Test MAE: 1.2710434, Test MAE norm: 0.0549054
Epoch: 304, LR: 0.000167, Loss: 0.0478203, Validation MAE: 1.0549873, Test MAE: 1.1737034, Test MAE norm: 0.0507006
Epoch: 308, LR: 0.000167, Loss: 0.0462296, Validation MAE: 1.0499308, Test MAE: 1.1675584, Test MAE norm: 0.0504351
Epoch: 318, LR: 0.000150, Loss: 0.0434073, Validation MAE: 1.1828661, Test MAE: 1.2830144, Test MAE norm: 0.0554225
Epoch: 319, LR: 0.000150, Loss: 0.0467547, Validation MAE: 1.1066335, Test MAE: 1.2230939, Test MAE norm: 0.0528341
Epoch: 320, LR: 0.000150, Loss: 0.0438153, Validation MAE: 1.0549660, Test MAE: 1.1813529, Test MAE norm: 0.0510310
Epoch: 322, LR: 0.000150, Loss: 0.0432708, Validation MAE: 1.0183882, Test MAE: 1.1326292, Test MAE norm: 0.0489263
Epoch: 332, LR: 0.000150, Loss: 0.0426261, Validation MAE: 1.0616342, Test MAE: 1.1703302, Test MAE norm: 0.0505549
Epoch: 334, LR: 0.000135, Loss: 0.0433503, Validation MAE: 1.0494688, Test MAE: 1.1782635, Test MAE norm: 0.0508976
Epoch: 341, LR: 0.000135, Loss: 0.0432546, Validation MAE: 1.0331968, Test MAE: 1.1591257, Test MAE norm: 0.0500709
Epoch: 345, LR: 0.000122, Loss: 0.0414317, Validation MAE: 1.0297625, Test MAE: 1.1523017, Test MAE norm: 0.0497761
Epoch: 350, LR: 0.000122, Loss: 0.0414174, Validation MAE: 1.0273366, Test MAE: 1.1538891, Test MAE norm: 0.0498447
Epoch: 354, LR: 0.000122, Loss: 0.0410407, Validation MAE: 1.0170970, Test MAE: 1.1404455, Test MAE norm: 0.0492639
Epoch: 362, LR: 0.000122, Loss: 0.0409507, Validation MAE: 1.0095054, Test MAE: 1.1327825, Test MAE norm: 0.0489329
Epoch: 372, LR: 0.000122, Loss: 0.0421478, Validation MAE: 1.0246388, Test MAE: 1.1465878, Test MAE norm: 0.0495293
Epoch: 375, LR: 0.000109, Loss: 0.0428457, Validation MAE: 1.0206039, Test MAE: 1.1441829, Test MAE norm: 0.0494254
Epoch: 377, LR: 0.000109, Loss: 0.0419482, Validation MAE: 1.0101724, Test MAE: 1.1319479, Test MAE norm: 0.0488969
Epoch: 385, LR: 0.000098, Loss: 0.0408816, Validation MAE: 1.0041112, Test MAE: 1.1251031, Test MAE norm: 0.0486012
Epoch: 390, LR: 0.000098, Loss: 0.0402207, Validation MAE: 1.0016496, Test MAE: 1.1252074, Test MAE norm: 0.0486057
Epoch: 391, LR: 0.000098, Loss: 0.0396146, Validation MAE: 0.9988477, Test MAE: 1.1250311, Test MAE norm: 0.0485981
Epoch: 394, LR: 0.000098, Loss: 0.0395725, Validation MAE: 0.9956133, Test MAE: 1.1145104, Test MAE norm: 0.0481436
Epoch: 397, LR: 0.000098, Loss: 0.0396260, Validation MAE: 0.9946282, Test MAE: 1.1148884, Test MAE norm: 0.0481599
Epoch: 398, LR: 0.000098, Loss: 0.0394101, Validation MAE: 0.9943205, Test MAE: 1.1181173, Test MAE norm: 0.0482994
Epoch: 399, LR: 0.000098, Loss: 0.0393334, Validation MAE: 0.9933314, Test MAE: 1.1168216, Test MAE norm: 0.0482435
Epoch: 400, LR: 0.000098, Loss: 0.0393008, Validation MAE: 0.9922705, Test MAE: 1.1145517, Test MAE norm: 0.0481454
Epoch: 410, LR: 0.000098, Loss: 0.0395824, Validation MAE: 0.9965343, Test MAE: 1.1195195, Test MAE norm: 0.0483600
Epoch: 411, LR: 0.000098, Loss: 0.0395081, Validation MAE: 0.9947122, Test MAE: 1.1185055, Test MAE norm: 0.0483162
Epoch: 412, LR: 0.000089, Loss: 0.0393491, Validation MAE: 0.9909375, Test MAE: 1.1103815, Test MAE norm: 0.0479653
Epoch: 414, LR: 0.000089, Loss: 0.0392415, Validation MAE: 0.9899382, Test MAE: 1.1083345, Test MAE norm: 0.0478768
Epoch: 415, LR: 0.000089, Loss: 0.0392141, Validation MAE: 0.9880196, Test MAE: 1.1095665, Test MAE norm: 0.0479301
Epoch: 425, LR: 0.000089, Loss: 0.0393448, Validation MAE: 0.9997452, Test MAE: 1.1200724, Test MAE norm: 0.0483839
Epoch: 426, LR: 0.000089, Loss: 0.0394925, Validation MAE: 0.9963582, Test MAE: 1.1167469, Test MAE norm: 0.0482402
Epoch: 427, LR: 0.000080, Loss: 0.0393105, Validation MAE: 0.9921937, Test MAE: 1.1057125, Test MAE norm: 0.0477636
Epoch: 428, LR: 0.000080, Loss: 0.0391915, Validation MAE: 0.9895937, Test MAE: 1.1071404, Test MAE norm: 0.0478253
Epoch: 429, LR: 0.000080, Loss: 0.0391424, Validation MAE: 0.9868165, Test MAE: 1.1063451, Test MAE norm: 0.0477909
Epoch: 439, LR: 0.000080, Loss: 0.0392298, Validation MAE: 0.9913313, Test MAE: 1.1060386, Test MAE norm: 0.0477777
Epoch: 442, LR: 0.000072, Loss: 0.0392031, Validation MAE: 0.9910636, Test MAE: 1.1090610, Test MAE norm: 0.0479082
Epoch: 443, LR: 0.000072, Loss: 0.0390848, Validation MAE: 0.9888950, Test MAE: 1.1036990, Test MAE norm: 0.0476766
Epoch: 447, LR: 0.000072, Loss: 0.0390748, Validation MAE: 0.9881637, Test MAE: 1.1044626, Test MAE norm: 0.0477096
Epoch: 457, LR: 0.000065, Loss: 0.0391840, Validation MAE: 0.9910674, Test MAE: 1.1063185, Test MAE norm: 0.0477897
Epoch: 458, LR: 0.000065, Loss: 0.0391223, Validation MAE: 0.9898736, Test MAE: 1.1052104, Test MAE norm: 0.0477419
Epoch: 459, LR: 0.000065, Loss: 0.0390613, Validation MAE: 0.9876142, Test MAE: 1.1029772, Test MAE norm: 0.0476454
Epoch: 460, LR: 0.000065, Loss: 0.0389683, Validation MAE: 0.9867753, Test MAE: 1.1021745, Test MAE norm: 0.0476107
Epoch: 464, LR: 0.000058, Loss: 0.0390997, Validation MAE: 0.9836671, Test MAE: 1.1001356, Test MAE norm: 0.0475227
Epoch: 474, LR: 0.000058, Loss: 0.0390574, Validation MAE: 0.9908753, Test MAE: 1.1053185, Test MAE norm: 0.0477466
Epoch: 475, LR: 0.000058, Loss: 0.0389561, Validation MAE: 0.9869359, Test MAE: 1.1003006, Test MAE norm: 0.0475298
Epoch: 476, LR: 0.000052, Loss: 0.0388370, Validation MAE: 0.9854451, Test MAE: 1.0988455, Test MAE norm: 0.0474669
Epoch: 478, LR: 0.000052, Loss: 0.0388002, Validation MAE: 0.9848889, Test MAE: 1.0997955, Test MAE norm: 0.0475080
Epoch: 482, LR: 0.000052, Loss: 0.0390189, Validation MAE: 0.9831107, Test MAE: 1.0985316, Test MAE norm: 0.0474534
Epoch: 492, LR: 0.000052, Loss: 0.0386782, Validation MAE: 0.9803480, Test MAE: 1.0947262, Test MAE norm: 0.0472890
Epoch: 502, LR: 0.000052, Loss: 0.0390222, Validation MAE: 0.9823563, Test MAE: 1.0975113, Test MAE norm: 0.0474093
Epoch: 506, LR: 0.000047, Loss: 0.0387596, Validation MAE: 0.9808915, Test MAE: 1.0946962, Test MAE norm: 0.0472877
Epoch: 516, LR: 0.000042, Loss: 0.0388473, Validation MAE: 0.9796688, Test MAE: 1.0925522, Test MAE norm: 0.0471951
Epoch: 526, LR: 0.000042, Loss: 0.0387136, Validation MAE: 0.9827005, Test MAE: 1.0949706, Test MAE norm: 0.0472996
Epoch: 528, LR: 0.000038, Loss: 0.0389295, Validation MAE: 0.9811841, Test MAE: 1.0921019, Test MAE norm: 0.0471756
Epoch: 529, LR: 0.000038, Loss: 0.0386491, Validation MAE: 0.9799872, Test MAE: 1.0909936, Test MAE norm: 0.0471278
Epoch: 530, LR: 0.000038, Loss: 0.0385805, Validation MAE: 0.9794459, Test MAE: 1.0905828, Test MAE norm: 0.0471100
Epoch: 536, LR: 0.000038, Loss: 0.0385951, Validation MAE: 0.9787905, Test MAE: 1.0898795, Test MAE norm: 0.0470796
Epoch: 540, LR: 0.000038, Loss: 0.0389328, Validation MAE: 0.9785051, Test MAE: 1.0892966, Test MAE norm: 0.0470545
Epoch: 543, LR: 0.000038, Loss: 0.0390558, Validation MAE: 0.9782661, Test MAE: 1.0883495, Test MAE norm: 0.0470135
Epoch: 546, LR: 0.000038, Loss: 0.0389239, Validation MAE: 0.9782169, Test MAE: 1.0895966, Test MAE norm: 0.0470674
Epoch: 556, LR: 0.000034, Loss: 0.0386131, Validation MAE: 0.9885012, Test MAE: 1.0998195, Test MAE norm: 0.0475090
Epoch: 557, LR: 0.000034, Loss: 0.0390134, Validation MAE: 0.9815437, Test MAE: 1.0928837, Test MAE norm: 0.0472094
Epoch: 558, LR: 0.000034, Loss: 0.0387612, Validation MAE: 0.9758843, Test MAE: 1.0870690, Test MAE norm: 0.0469582
Epoch: 561, LR: 0.000034, Loss: 0.0389689, Validation MAE: 0.9750445, Test MAE: 1.0869961, Test MAE norm: 0.0469551
Epoch: 571, LR: 0.000034, Loss: 0.0388080, Validation MAE: 1.0071981, Test MAE: 1.1103270, Test MAE norm: 0.0479629
Epoch: 572, LR: 0.000034, Loss: 0.0397717, Validation MAE: 0.9977170, Test MAE: 1.1071697, Test MAE norm: 0.0478265
Epoch: 573, LR: 0.000031, Loss: 0.0392810, Validation MAE: 0.9956602, Test MAE: 1.1055582, Test MAE norm: 0.0477569
Epoch: 575, LR: 0.000031, Loss: 0.0392096, Validation MAE: 0.9852860, Test MAE: 1.0952181, Test MAE norm: 0.0473102
Epoch: 576, LR: 0.000031, Loss: 0.0387939, Validation MAE: 0.9787212, Test MAE: 1.0889293, Test MAE norm: 0.0470386
Epoch: 586, LR: 0.000028, Loss: 0.0390499, Validation MAE: 0.9880713, Test MAE: 1.0962583, Test MAE norm: 0.0473552
Epoch: 587, LR: 0.000028, Loss: 0.0390059, Validation MAE: 0.9874741, Test MAE: 1.0947893, Test MAE norm: 0.0472917
Epoch: 588, LR: 0.000028, Loss: 0.0389741, Validation MAE: 0.9834267, Test MAE: 1.0917325, Test MAE norm: 0.0471597
Epoch: 591, LR: 0.000028, Loss: 0.0392475, Validation MAE: 0.9810759, Test MAE: 1.0903429, Test MAE norm: 0.0470996
Epoch: 600, LR: 0.000025, Loss: 0.0387803, Validation MAE: 0.9786934, Test MAE: 1.0887060, Test MAE norm: 0.0470289
Epoch: 610, LR: 0.000023, Loss: 0.0387958, Validation MAE: 0.9795669, Test MAE: 1.0895029, Test MAE norm: 0.0470634
Epoch: 620, LR: 0.000020, Loss: 0.0387597, Validation MAE: 0.9851222, Test MAE: 1.0921184, Test MAE norm: 0.0471763
Epoch: 623, LR: 0.000020, Loss: 0.0387804, Validation MAE: 0.9839799, Test MAE: 1.0912317, Test MAE norm: 0.0471380
Epoch: 624, LR: 0.000020, Loss: 0.0386830, Validation MAE: 0.9815503, Test MAE: 1.0894693, Test MAE norm: 0.0470619
Epoch: 628, LR: 0.000018, Loss: 0.0387250, Validation MAE: 0.9814035, Test MAE: 1.0889152, Test MAE norm: 0.0470380
Epoch: 632, LR: 0.000018, Loss: 0.0386391, Validation MAE: 0.9805148, Test MAE: 1.0877068, Test MAE norm: 0.0469858
Epoch: 639, LR: 0.000016, Loss: 0.0388262, Validation MAE: 0.9790362, Test MAE: 1.0874128, Test MAE norm: 0.0469731
Epoch: 640, LR: 0.000016, Loss: 0.0385362, Validation MAE: 0.9788963, Test MAE: 1.0880194, Test MAE norm: 0.0469993
Epoch: 642, LR: 0.000016, Loss: 0.0386211, Validation MAE: 0.9784869, Test MAE: 1.0878031, Test MAE norm: 0.0469899
Epoch: 647, LR: 0.000016, Loss: 0.0388189, Validation MAE: 0.9773342, Test MAE: 1.0845909, Test MAE norm: 0.0468512
Epoch: 657, LR: 0.000015, Loss: 0.0385270, Validation MAE: 0.9863523, Test MAE: 1.0943052, Test MAE norm: 0.0472708
Epoch: 658, LR: 0.000015, Loss: 0.0387615, Validation MAE: 0.9846777, Test MAE: 1.0926354, Test MAE norm: 0.0471987
Epoch: 659, LR: 0.000015, Loss: 0.0387014, Validation MAE: 0.9812181, Test MAE: 1.0880340, Test MAE norm: 0.0469999
Epoch: 660, LR: 0.000015, Loss: 0.0385977, Validation MAE: 0.9802038, Test MAE: 1.0872638, Test MAE norm: 0.0469666
Epoch: 661, LR: 0.000013, Loss: 0.0385797, Validation MAE: 0.9784694, Test MAE: 1.0857182, Test MAE norm: 0.0468999
Epoch: 663, LR: 0.000013, Loss: 0.0385839, Validation MAE: 0.9765067, Test MAE: 1.0831388, Test MAE norm: 0.0467885
Epoch: 673, LR: 0.000012, Loss: 0.0383859, Validation MAE: 0.9783037, Test MAE: 1.0849023, Test MAE norm: 0.0468646
Epoch: 674, LR: 0.000012, Loss: 0.0384298, Validation MAE: 0.9778779, Test MAE: 1.0842563, Test MAE norm: 0.0468367
Epoch: 677, LR: 0.000012, Loss: 0.0384120, Validation MAE: 0.9773118, Test MAE: 1.0843053, Test MAE norm: 0.0468388
Epoch: 678, LR: 0.000012, Loss: 0.0384068, Validation MAE: 0.9769185, Test MAE: 1.0836601, Test MAE norm: 0.0468110
Epoch: 679, LR: 0.000012, Loss: 0.0384224, Validation MAE: 0.9756644, Test MAE: 1.0822812, Test MAE norm: 0.0467514
Epoch: 681, LR: 0.000012, Loss: 0.0384244, Validation MAE: 0.9749276, Test MAE: 1.0813462, Test MAE norm: 0.0467110
Epoch: 691, LR: 0.000012, Loss: 0.0383843, Validation MAE: 0.9758333, Test MAE: 1.0824130, Test MAE norm: 0.0467571
Epoch: 692, LR: 0.000012, Loss: 0.0383870, Validation MAE: 0.9755377, Test MAE: 1.0812726, Test MAE norm: 0.0467078
Epoch: 693, LR: 0.000011, Loss: 0.0383980, Validation MAE: 0.9749129, Test MAE: 1.0809044, Test MAE norm: 0.0466919
Epoch: 703, LR: 0.000011, Loss: 0.0383816, Validation MAE: 0.9757596, Test MAE: 1.0811113, Test MAE norm: 0.0467009
Epoch: 704, LR: 0.000010, Loss: 0.0383758, Validation MAE: 0.9756830, Test MAE: 1.0810708, Test MAE norm: 0.0466991
Epoch: 714, LR: 0.000010, Loss: 0.0383677, Validation MAE: 0.9762774, Test MAE: 1.0815327, Test MAE norm: 0.0467191
Epoch: 715, LR: 0.000010, Loss: 0.0383734, Validation MAE: 0.9761121, Test MAE: 1.0812662, Test MAE norm: 0.0467076
Epoch: 720, LR: 0.000010, Loss: 0.0383608, Validation MAE: 0.9761035, Test MAE: 1.0820043, Test MAE norm: 0.0467394
Epoch: 721, LR: 0.000010, Loss: 0.0383528, Validation MAE: 0.9754806, Test MAE: 1.0812954, Test MAE norm: 0.0467088
Epoch: 725, LR: 0.000010, Loss: 0.0383446, Validation MAE: 0.9754222, Test MAE: 1.0808413, Test MAE norm: 0.0466892
Epoch: 726, LR: 0.000010, Loss: 0.0383260, Validation MAE: 0.9752434, Test MAE: 1.0810838, Test MAE norm: 0.0466997
Epoch: 731, LR: 0.000010, Loss: 0.0383535, Validation MAE: 0.9751050, Test MAE: 1.0810611, Test MAE norm: 0.0466987
Epoch: 732, LR: 0.000010, Loss: 0.0383312, Validation MAE: 0.9747877, Test MAE: 1.0805460, Test MAE norm: 0.0466765
Epoch: 742, LR: 0.000010, Loss: 0.0383299, Validation MAE: 0.9761317, Test MAE: 1.0811157, Test MAE norm: 0.0467011
Epoch: 743, LR: 0.000010, Loss: 0.0383336, Validation MAE: 0.9759554, Test MAE: 1.0807499, Test MAE norm: 0.0466853
Epoch: 744, LR: 0.000010, Loss: 0.0383310, Validation MAE: 0.9754402, Test MAE: 1.0802321, Test MAE norm: 0.0466629
Epoch: 750, LR: 0.000010, Loss: 0.0383543, Validation MAE: 0.9752421, Test MAE: 1.0810411, Test MAE norm: 0.0466978
Epoch: 751, LR: 0.000010, Loss: 0.0383301, Validation MAE: 0.9750655, Test MAE: 1.0806768, Test MAE norm: 0.0466821
Epoch: 752, LR: 0.000010, Loss: 0.0383352, Validation MAE: 0.9744430, Test MAE: 1.0802372, Test MAE norm: 0.0466631
Epoch: 753, LR: 0.000010, Loss: 0.0383301, Validation MAE: 0.9743121, Test MAE: 1.0797092, Test MAE norm: 0.0466403
Epoch: 754, LR: 0.000010, Loss: 0.0383256, Validation MAE: 0.9741693, Test MAE: 1.0801089, Test MAE norm: 0.0466576
Epoch: 764, LR: 0.000010, Loss: 0.0383120, Validation MAE: 0.9768488, Test MAE: 1.0815309, Test MAE norm: 0.0467190
Epoch: 765, LR: 0.000010, Loss: 0.0383247, Validation MAE: 0.9762942, Test MAE: 1.0817639, Test MAE norm: 0.0467291
Epoch: 766, LR: 0.000010, Loss: 0.0383134, Validation MAE: 0.9758825, Test MAE: 1.0809710, Test MAE norm: 0.0466948
Epoch: 767, LR: 0.000010, Loss: 0.0383071, Validation MAE: 0.9753958, Test MAE: 1.0804385, Test MAE norm: 0.0466718
Epoch: 769, LR: 0.000010, Loss: 0.0383162, Validation MAE: 0.9751978, Test MAE: 1.0807585, Test MAE norm: 0.0466856
Epoch: 772, LR: 0.000010, Loss: 0.0383784, Validation MAE: 0.9742973, Test MAE: 1.0801740, Test MAE norm: 0.0466604
Epoch: 773, LR: 0.000010, Loss: 0.0382951, Validation MAE: 0.9742053, Test MAE: 1.0792994, Test MAE norm: 0.0466226
Epoch: 774, LR: 0.000010, Loss: 0.0383205, Validation MAE: 0.9737158, Test MAE: 1.0784918, Test MAE norm: 0.0465877
Epoch: 779, LR: 0.000010, Loss: 0.0383325, Validation MAE: 0.9736791, Test MAE: 1.0787591, Test MAE norm: 0.0465993
Epoch: 780, LR: 0.000010, Loss: 0.0383224, Validation MAE: 0.9735732, Test MAE: 1.0788280, Test MAE norm: 0.0466022
Epoch: 783, LR: 0.000010, Loss: 0.0383114, Validation MAE: 0.9731101, Test MAE: 1.0786662, Test MAE norm: 0.0465953
Epoch: 793, LR: 0.000010, Loss: 0.0383373, Validation MAE: 0.9739962, Test MAE: 1.0788343, Test MAE norm: 0.0466025
Epoch: 794, LR: 0.000010, Loss: 0.0383007, Validation MAE: 0.9739598, Test MAE: 1.0785009, Test MAE norm: 0.0465881
Epoch: 804, LR: 0.000010, Loss: 0.0383233, Validation MAE: 0.9757209, Test MAE: 1.0807647, Test MAE norm: 0.0466859
Epoch: 805, LR: 0.000010, Loss: 0.0383171, Validation MAE: 0.9738730, Test MAE: 1.0786545, Test MAE norm: 0.0465947
Epoch: 806, LR: 0.000010, Loss: 0.0383029, Validation MAE: 0.9737810, Test MAE: 1.0784005, Test MAE norm: 0.0465838
Epoch: 811, LR: 0.000010, Loss: 0.0383109, Validation MAE: 0.9735695, Test MAE: 1.0778854, Test MAE norm: 0.0465615
Epoch: 812, LR: 0.000010, Loss: 0.0383050, Validation MAE: 0.9735055, Test MAE: 1.0778590, Test MAE norm: 0.0465604
Epoch: 813, LR: 0.000010, Loss: 0.0382940, Validation MAE: 0.9734764, Test MAE: 1.0781341, Test MAE norm: 0.0465723
Epoch: 823, LR: 0.000010, Loss: 0.0383186, Validation MAE: 0.9738680, Test MAE: 1.0792001, Test MAE norm: 0.0466183
Epoch: 824, LR: 0.000010, Loss: 0.0383128, Validation MAE: 0.9734169, Test MAE: 1.0789199, Test MAE norm: 0.0466062
Epoch: 825, LR: 0.000010, Loss: 0.0383026, Validation MAE: 0.9733387, Test MAE: 1.0787085, Test MAE norm: 0.0465971
Epoch: 835, LR: 0.000010, Loss: 0.0383012, Validation MAE: 0.9750571, Test MAE: 1.0798632, Test MAE norm: 0.0466470
Epoch: 839, LR: 0.000010, Loss: 0.0382978, Validation MAE: 0.9744287, Test MAE: 1.0788287, Test MAE norm: 0.0466023
Epoch: 841, LR: 0.000010, Loss: 0.0383441, Validation MAE: 0.9740370, Test MAE: 1.0770148, Test MAE norm: 0.0465239
Epoch: 842, LR: 0.000010, Loss: 0.0383133, Validation MAE: 0.9736045, Test MAE: 1.0784070, Test MAE norm: 0.0465841
Epoch: 845, LR: 0.000010, Loss: 0.0382973, Validation MAE: 0.9736015, Test MAE: 1.0788581, Test MAE norm: 0.0466035
Epoch: 847, LR: 0.000010, Loss: 0.0382943, Validation MAE: 0.9734707, Test MAE: 1.0783666, Test MAE norm: 0.0465823
Epoch: 848, LR: 0.000010, Loss: 0.0383019, Validation MAE: 0.9731114, Test MAE: 1.0774767, Test MAE norm: 0.0465439
Epoch: 851, LR: 0.000010, Loss: 0.0383068, Validation MAE: 0.9730716, Test MAE: 1.0766344, Test MAE norm: 0.0465075
Epoch: 861, LR: 0.000010, Loss: 0.0382947, Validation MAE: 0.9757770, Test MAE: 1.0793439, Test MAE norm: 0.0466245
Epoch: 862, LR: 0.000010, Loss: 0.0382898, Validation MAE: 0.9748042, Test MAE: 1.0786520, Test MAE norm: 0.0465946
Epoch: 863, LR: 0.000010, Loss: 0.0382749, Validation MAE: 0.9741937, Test MAE: 1.0779117, Test MAE norm: 0.0465627
Epoch: 865, LR: 0.000010, Loss: 0.0383413, Validation MAE: 0.9738315, Test MAE: 1.0775615, Test MAE norm: 0.0465475
Epoch: 870, LR: 0.000010, Loss: 0.0382728, Validation MAE: 0.9736915, Test MAE: 1.0780802, Test MAE norm: 0.0465699
Epoch: 871, LR: 0.000010, Loss: 0.0382645, Validation MAE: 0.9736081, Test MAE: 1.0772030, Test MAE norm: 0.0465320
Epoch: 875, LR: 0.000010, Loss: 0.0382629, Validation MAE: 0.9735759, Test MAE: 1.0767187, Test MAE norm: 0.0465111
Epoch: 876, LR: 0.000010, Loss: 0.0382730, Validation MAE: 0.9733440, Test MAE: 1.0764931, Test MAE norm: 0.0465014
Epoch: 877, LR: 0.000010, Loss: 0.0382567, Validation MAE: 0.9730780, Test MAE: 1.0767964, Test MAE norm: 0.0465145
Epoch: 887, LR: 0.000010, Loss: 0.0382585, Validation MAE: 0.9747325, Test MAE: 1.0779324, Test MAE norm: 0.0465636
Epoch: 888, LR: 0.000010, Loss: 0.0382575, Validation MAE: 0.9743841, Test MAE: 1.0774763, Test MAE norm: 0.0465439
Epoch: 889, LR: 0.000010, Loss: 0.0382685, Validation MAE: 0.9740232, Test MAE: 1.0761286, Test MAE norm: 0.0464856
Epoch: 891, LR: 0.000010, Loss: 0.0384239, Validation MAE: 0.9737646, Test MAE: 1.0765055, Test MAE norm: 0.0465019
Epoch: 897, LR: 0.000010, Loss: 0.0382455, Validation MAE: 0.9737423, Test MAE: 1.0764018, Test MAE norm: 0.0464974
Epoch: 899, LR: 0.000010, Loss: 0.0382484, Validation MAE: 0.9730932, Test MAE: 1.0758419, Test MAE norm: 0.0464732
Epoch: 901, LR: 0.000010, Loss: 0.0382570, Validation MAE: 0.9730571, Test MAE: 1.0756624, Test MAE norm: 0.0464655
Epoch: 911, LR: 0.000010, Loss: 0.0382390, Validation MAE: 0.9737062, Test MAE: 1.0762168, Test MAE norm: 0.0464894
Epoch: 912, LR: 0.000010, Loss: 0.0382422, Validation MAE: 0.9735813, Test MAE: 1.0763400, Test MAE norm: 0.0464948
Epoch: 922, LR: 0.000010, Loss: 0.0382208, Validation MAE: 0.9737702, Test MAE: 1.0763116, Test MAE norm: 0.0464935
Epoch: 930, LR: 0.000010, Loss: 0.0382401, Validation MAE: 0.9729651, Test MAE: 1.0760871, Test MAE norm: 0.0464838
Epoch: 931, LR: 0.000010, Loss: 0.0382468, Validation MAE: 0.9729031, Test MAE: 1.0755782, Test MAE norm: 0.0464619
Epoch: 932, LR: 0.000010, Loss: 0.0382400, Validation MAE: 0.9723836, Test MAE: 1.0748990, Test MAE norm: 0.0464325
Epoch: 933, LR: 0.000010, Loss: 0.0382395, Validation MAE: 0.9722498, Test MAE: 1.0743122, Test MAE norm: 0.0464072
Epoch: 934, LR: 0.000010, Loss: 0.0382293, Validation MAE: 0.9720837, Test MAE: 1.0742514, Test MAE norm: 0.0464045
Epoch: 944, LR: 0.000010, Loss: 0.0382199, Validation MAE: 0.9742817, Test MAE: 1.0761373, Test MAE norm: 0.0464860
Epoch: 945, LR: 0.000010, Loss: 0.0382237, Validation MAE: 0.9740325, Test MAE: 1.0762782, Test MAE norm: 0.0464921
Epoch: 947, LR: 0.000010, Loss: 0.0382219, Validation MAE: 0.9734219, Test MAE: 1.0754086, Test MAE norm: 0.0464545
Epoch: 954, LR: 0.000010, Loss: 0.0382320, Validation MAE: 0.9731413, Test MAE: 1.0757850, Test MAE norm: 0.0464708
Epoch: 956, LR: 0.000010, Loss: 0.0382353, Validation MAE: 0.9729232, Test MAE: 1.0746671, Test MAE norm: 0.0464225
Epoch: 957, LR: 0.000010, Loss: 0.0382221, Validation MAE: 0.9727715, Test MAE: 1.0746081, Test MAE norm: 0.0464200
Epoch: 958, LR: 0.000010, Loss: 0.0382278, Validation MAE: 0.9719438, Test MAE: 1.0749182, Test MAE norm: 0.0464333
Epoch: 968, LR: 0.000010, Loss: 0.0382181, Validation MAE: 0.9751003, Test MAE: 1.0757335, Test MAE norm: 0.0464686
Epoch: 970, LR: 0.000010, Loss: 0.0382370, Validation MAE: 0.9750559, Test MAE: 1.0766726, Test MAE norm: 0.0465091
Epoch: 971, LR: 0.000010, Loss: 0.0382776, Validation MAE: 0.9745163, Test MAE: 1.0763983, Test MAE norm: 0.0464973
Epoch: 972, LR: 0.000010, Loss: 0.0382686, Validation MAE: 0.9735767, Test MAE: 1.0744588, Test MAE norm: 0.0464135
Epoch: 973, LR: 0.000010, Loss: 0.0382311, Validation MAE: 0.9733131, Test MAE: 1.0740936, Test MAE norm: 0.0463977
Epoch: 974, LR: 0.000010, Loss: 0.0382359, Validation MAE: 0.9729657, Test MAE: 1.0740871, Test MAE norm: 0.0463975
Epoch: 983, LR: 0.000010, Loss: 0.0382249, Validation MAE: 0.9729131, Test MAE: 1.0744963, Test MAE norm: 0.0464151
Epoch: 990, LR: 0.000010, Loss: 0.0382418, Validation MAE: 0.9728190, Test MAE: 1.0745285, Test MAE norm: 0.0464165
Epoch: 998, LR: 0.000010, Loss: 0.0382218, Validation MAE: 0.9725301, Test MAE: 1.0735929, Test MAE norm: 0.0463761
Epoch: 1007, LR: 0.000010, Loss: 0.0382347, Validation MAE: 0.9719263, Test MAE: 1.0732586, Test MAE norm: 0.0463617
Epoch: 1017, LR: 0.000010, Loss: 0.0382782, Validation MAE: 0.9735211, Test MAE: 1.0751290, Test MAE norm: 0.0464425
Epoch: 1018, LR: 0.000010, Loss: 0.0382191, Validation MAE: 0.9733187, Test MAE: 1.0747720, Test MAE norm: 0.0464270
Epoch: 1022, LR: 0.000010, Loss: 0.0382621, Validation MAE: 0.9732924, Test MAE: 1.0731367, Test MAE norm: 0.0463564
Epoch: 1023, LR: 0.000010, Loss: 0.0382132, Validation MAE: 0.9732786, Test MAE: 1.0747001, Test MAE norm: 0.0464239
Epoch: 1025, LR: 0.000010, Loss: 0.0382219, Validation MAE: 0.9729416, Test MAE: 1.0747350, Test MAE norm: 0.0464254
Epoch: 1027, LR: 0.000010, Loss: 0.0382282, Validation MAE: 0.9726722, Test MAE: 1.0744044, Test MAE norm: 0.0464112
Epoch: 1028, LR: 0.000010, Loss: 0.0382438, Validation MAE: 0.9719337, Test MAE: 1.0740559, Test MAE norm: 0.0463961
Epoch: 1029, LR: 0.000010, Loss: 0.0382510, Validation MAE: 0.9716045, Test MAE: 1.0729458, Test MAE norm: 0.0463481
Epoch: 1039, LR: 0.000010, Loss: 0.0382213, Validation MAE: 0.9745457, Test MAE: 1.0719919, Test MAE norm: 0.0463069
Epoch: 1040, LR: 0.000010, Loss: 0.0382748, Validation MAE: 0.9718477, Test MAE: 1.0736178, Test MAE norm: 0.0463772
Epoch: 1050, LR: 0.000010, Loss: 0.0382201, Validation MAE: 0.9728525, Test MAE: 1.0736892, Test MAE norm: 0.0463803
Epoch: 1051, LR: 0.000010, Loss: 0.0382236, Validation MAE: 0.9725553, Test MAE: 1.0737635, Test MAE norm: 0.0463835
Epoch: 1052, LR: 0.000010, Loss: 0.0382207, Validation MAE: 0.9725490, Test MAE: 1.0738803, Test MAE norm: 0.0463885
Epoch: 1062, LR: 0.000010, Loss: 0.0381896, Validation MAE: 0.9736554, Test MAE: 1.0736449, Test MAE norm: 0.0463783
Epoch: 1063, LR: 0.000010, Loss: 0.0381971, Validation MAE: 0.9729909, Test MAE: 1.0733204, Test MAE norm: 0.0463643
Epoch: 1068, LR: 0.000010, Loss: 0.0382066, Validation MAE: 0.9726664, Test MAE: 1.0739484, Test MAE norm: 0.0463915
Epoch: 1071, LR: 0.000010, Loss: 0.0382226, Validation MAE: 0.9725093, Test MAE: 1.0731091, Test MAE norm: 0.0463552
Epoch: 1072, LR: 0.000010, Loss: 0.0382303, Validation MAE: 0.9721550, Test MAE: 1.0725640, Test MAE norm: 0.0463317
Epoch: 1073, LR: 0.000010, Loss: 0.0382078, Validation MAE: 0.9721133, Test MAE: 1.0723556, Test MAE norm: 0.0463227
Epoch: 1083, LR: 0.000010, Loss: 0.0382239, Validation MAE: 0.9742201, Test MAE: 1.0741944, Test MAE norm: 0.0464021
Epoch: 1086, LR: 0.000010, Loss: 0.0382256, Validation MAE: 0.9739252, Test MAE: 1.0746783, Test MAE norm: 0.0464230
Epoch: 1087, LR: 0.000010, Loss: 0.0382152, Validation MAE: 0.9731210, Test MAE: 1.0736015, Test MAE norm: 0.0463765
Epoch: 1090, LR: 0.000010, Loss: 0.0382645, Validation MAE: 0.9730979, Test MAE: 1.0726553, Test MAE norm: 0.0463356
Epoch: 1095, LR: 0.000010, Loss: 0.0382108, Validation MAE: 0.9726925, Test MAE: 1.0730094, Test MAE norm: 0.0463509
Epoch: 1099, LR: 0.000010, Loss: 0.0382077, Validation MAE: 0.9722984, Test MAE: 1.0722702, Test MAE norm: 0.0463190
Epoch: 1109, LR: 0.000010, Loss: 0.0382218, Validation MAE: 0.9734386, Test MAE: 1.0735180, Test MAE norm: 0.0463729
Epoch: 1110, LR: 0.000010, Loss: 0.0382072, Validation MAE: 0.9725863, Test MAE: 1.0733824, Test MAE norm: 0.0463670
Epoch: 1111, LR: 0.000010, Loss: 0.0381890, Validation MAE: 0.9722712, Test MAE: 1.0729201, Test MAE norm: 0.0463470
Epoch: 1114, LR: 0.000010, Loss: 0.0381919, Validation MAE: 0.9718641, Test MAE: 1.0717231, Test MAE norm: 0.0462953
Epoch: 1124, LR: 0.000010, Loss: 0.0381797, Validation MAE: 0.9725814, Test MAE: 1.0715368, Test MAE norm: 0.0462873
Epoch: 1134, LR: 0.000010, Loss: 0.0381857, Validation MAE: 0.9732113, Test MAE: 1.0725034, Test MAE norm: 0.0463290
Epoch: 1138, LR: 0.000010, Loss: 0.0382078, Validation MAE: 0.9726860, Test MAE: 1.0721384, Test MAE norm: 0.0463133
Epoch: 1139, LR: 0.000010, Loss: 0.0382117, Validation MAE: 0.9726759, Test MAE: 1.0726399, Test MAE norm: 0.0463349
Epoch: 1141, LR: 0.000010, Loss: 0.0381762, Validation MAE: 0.9726652, Test MAE: 1.0722196, Test MAE norm: 0.0463168
Epoch: 1144, LR: 0.000010, Loss: 0.0382191, Validation MAE: 0.9726055, Test MAE: 1.0723846, Test MAE norm: 0.0463239
Epoch: 1145, LR: 0.000010, Loss: 0.0382097, Validation MAE: 0.9723858, Test MAE: 1.0718772, Test MAE norm: 0.0463020
Epoch: 1146, LR: 0.000010, Loss: 0.0382009, Validation MAE: 0.9722333, Test MAE: 1.0720434, Test MAE norm: 0.0463092
Epoch: 1156, LR: 0.000010, Loss: 0.0381866, Validation MAE: 0.9721639, Test MAE: 1.0708687, Test MAE norm: 0.0462584
Epoch: 1157, LR: 0.000010, Loss: 0.0381681, Validation MAE: 0.9721404, Test MAE: 1.0722193, Test MAE norm: 0.0463168
Epoch: 1160, LR: 0.000010, Loss: 0.0382080, Validation MAE: 0.9715952, Test MAE: 1.0719329, Test MAE norm: 0.0463044
Epoch: 1161, LR: 0.000010, Loss: 0.0381607, Validation MAE: 0.9714636, Test MAE: 1.0719602, Test MAE norm: 0.0463056
Epoch: 1171, LR: 0.000010, Loss: 0.0381825, Validation MAE: 0.9741778, Test MAE: 1.0734310, Test MAE norm: 0.0463691
Epoch: 1172, LR: 0.000010, Loss: 0.0382504, Validation MAE: 0.9725456, Test MAE: 1.0716856, Test MAE norm: 0.0462937
Epoch: 1176, LR: 0.000010, Loss: 0.0382292, Validation MAE: 0.9720771, Test MAE: 1.0703886, Test MAE norm: 0.0462377
Epoch: 1177, LR: 0.000010, Loss: 0.0381479, Validation MAE: 0.9715520, Test MAE: 1.0712774, Test MAE norm: 0.0462761
Epoch: 1181, LR: 0.000010, Loss: 0.0382340, Validation MAE: 0.9712225, Test MAE: 1.0706768, Test MAE norm: 0.0462501
Epoch: 1182, LR: 0.000010, Loss: 0.0381546, Validation MAE: 0.9711977, Test MAE: 1.0699997, Test MAE norm: 0.0462209
Epoch: 1192, LR: 0.000010, Loss: 0.0382062, Validation MAE: 0.9736234, Test MAE: 1.0729741, Test MAE norm: 0.0463494
Epoch: 1193, LR: 0.000010, Loss: 0.0382005, Validation MAE: 0.9725552, Test MAE: 1.0722222, Test MAE norm: 0.0463169
Epoch: 1194, LR: 0.000010, Loss: 0.0381709, Validation MAE: 0.9719892, Test MAE: 1.0709410, Test MAE norm: 0.0462615
Epoch: 1195, LR: 0.000010, Loss: 0.0381582, Validation MAE: 0.9718556, Test MAE: 1.0709487, Test MAE norm: 0.0462619
Epoch: 1198, LR: 0.000010, Loss: 0.0381861, Validation MAE: 0.9712951, Test MAE: 1.0712938, Test MAE norm: 0.0462768
Epoch: 1203, LR: 0.000010, Loss: 0.0382397, Validation MAE: 0.9704547, Test MAE: 1.0697407, Test MAE norm: 0.0462097
Epoch: 1213, LR: 0.000010, Loss: 0.0381848, Validation MAE: 0.9723530, Test MAE: 1.0711838, Test MAE norm: 0.0462720
Epoch: 1216, LR: 0.000010, Loss: 0.0382247, Validation MAE: 0.9721457, Test MAE: 1.0714083, Test MAE norm: 0.0462817
Epoch: 1224, LR: 0.000010, Loss: 0.0381850, Validation MAE: 0.9720318, Test MAE: 1.0704409, Test MAE norm: 0.0462399
Epoch: 1234, LR: 0.000010, Loss: 0.0381329, Validation MAE: 0.9716083, Test MAE: 1.0699991, Test MAE norm: 0.0462209
Epoch: 1238, LR: 0.000010, Loss: 0.0381424, Validation MAE: 0.9715605, Test MAE: 1.0703082, Test MAE norm: 0.0462342
Epoch: 1248, LR: 0.000010, Loss: 0.0381602, Validation MAE: 0.9748408, Test MAE: 1.0718018, Test MAE norm: 0.0462987
Epoch: 1249, LR: 0.000010, Loss: 0.0381752, Validation MAE: 0.9725657, Test MAE: 1.0710771, Test MAE norm: 0.0462674
Epoch: 1250, LR: 0.000010, Loss: 0.0381394, Validation MAE: 0.9717319, Test MAE: 1.0699525, Test MAE norm: 0.0462188
Epoch: 1251, LR: 0.000010, Loss: 0.0381123, Validation MAE: 0.9716375, Test MAE: 1.0691208, Test MAE norm: 0.0461829
Epoch: 1252, LR: 0.000010, Loss: 0.0381061, Validation MAE: 0.9711946, Test MAE: 1.0690973, Test MAE norm: 0.0461819
Epoch: 1262, LR: 0.000010, Loss: 0.0381240, Validation MAE: 0.9712532, Test MAE: 1.0692883, Test MAE norm: 0.0461902
Epoch: 1267, LR: 0.000010, Loss: 0.0381186, Validation MAE: 0.9705757, Test MAE: 1.0681747, Test MAE norm: 0.0461420
Epoch: 1268, LR: 0.000010, Loss: 0.0380937, Validation MAE: 0.9702188, Test MAE: 1.0679513, Test MAE norm: 0.0461324
Epoch: 1278, LR: 0.000010, Loss: 0.0381232, Validation MAE: 0.9730937, Test MAE: 1.0708206, Test MAE norm: 0.0462563
Epoch: 1279, LR: 0.000010, Loss: 0.0381678, Validation MAE: 0.9728564, Test MAE: 1.0709596, Test MAE norm: 0.0462623
Epoch: 1280, LR: 0.000010, Loss: 0.0381707, Validation MAE: 0.9721769, Test MAE: 1.0697368, Test MAE norm: 0.0462095
Epoch: 1289, LR: 0.000010, Loss: 0.0381916, Validation MAE: 0.9720635, Test MAE: 1.0702218, Test MAE norm: 0.0462305
Epoch: 1290, LR: 0.000010, Loss: 0.0381542, Validation MAE: 0.9716466, Test MAE: 1.0696998, Test MAE norm: 0.0462079
Epoch: 1291, LR: 0.000010, Loss: 0.0381341, Validation MAE: 0.9716025, Test MAE: 1.0691669, Test MAE norm: 0.0461849
Epoch: 1292, LR: 0.000010, Loss: 0.0381259, Validation MAE: 0.9712836, Test MAE: 1.0692437, Test MAE norm: 0.0461882
Epoch: 1302, LR: 0.000010, Loss: 0.0381627, Validation MAE: 0.9714233, Test MAE: 1.0699492, Test MAE norm: 0.0462187
Epoch: 1308, LR: 0.000010, Loss: 0.0381904, Validation MAE: 0.9710743, Test MAE: 1.0689372, Test MAE norm: 0.0461750
Epoch: 1309, LR: 0.000010, Loss: 0.0381006, Validation MAE: 0.9709594, Test MAE: 1.0686512, Test MAE norm: 0.0461626
Epoch: 1311, LR: 0.000010, Loss: 0.0380733, Validation MAE: 0.9705731, Test MAE: 1.0682096, Test MAE norm: 0.0461436
Epoch: 1313, LR: 0.000010, Loss: 0.0381193, Validation MAE: 0.9701694, Test MAE: 1.0681137, Test MAE norm: 0.0461394
Epoch: 1319, LR: 0.000010, Loss: 0.0381253, Validation MAE: 0.9701151, Test MAE: 1.0676585, Test MAE norm: 0.0461198
Epoch: 1320, LR: 0.000010, Loss: 0.0380798, Validation MAE: 0.9698812, Test MAE: 1.0674785, Test MAE norm: 0.0461120
Epoch: 1330, LR: 0.000010, Loss: 0.0380941, Validation MAE: 0.9707755, Test MAE: 1.0685127, Test MAE norm: 0.0461566
Epoch: 1334, LR: 0.000010, Loss: 0.0380754, Validation MAE: 0.9703603, Test MAE: 1.0675596, Test MAE norm: 0.0461155
Epoch: 1341, LR: 0.000010, Loss: 0.0381224, Validation MAE: 0.9703236, Test MAE: 1.0675808, Test MAE norm: 0.0461164
Epoch: 1343, LR: 0.000010, Loss: 0.0380678, Validation MAE: 0.9698579, Test MAE: 1.0677850, Test MAE norm: 0.0461252
Epoch: 1353, LR: 0.000010, Loss: 0.0380726, Validation MAE: 0.9701090, Test MAE: 1.0676990, Test MAE norm: 0.0461215
Epoch: 1362, LR: 0.000010, Loss: 0.0380738, Validation MAE: 0.9700208, Test MAE: 1.0670270, Test MAE norm: 0.0460925
Epoch: 1372, LR: 0.000010, Loss: 0.0382838, Validation MAE: 0.9713472, Test MAE: 1.0667297, Test MAE norm: 0.0460796
Epoch: 1382, LR: 0.000010, Loss: 0.0382244, Validation MAE: 0.9742135, Test MAE: 1.0707932, Test MAE norm: 0.0462552
Epoch: 1387, LR: 0.000010, Loss: 0.0383248, Validation MAE: 0.9731579, Test MAE: 1.0697933, Test MAE norm: 0.0462120
Epoch: 1388, LR: 0.000010, Loss: 0.0381763, Validation MAE: 0.9710799, Test MAE: 1.0682836, Test MAE norm: 0.0461468
Epoch: 1398, LR: 0.000010, Loss: 0.0382810, Validation MAE: 0.9759220, Test MAE: 1.0718623, Test MAE norm: 0.0463013
Epoch: 1399, LR: 0.000010, Loss: 0.0382743, Validation MAE: 0.9750559, Test MAE: 1.0704746, Test MAE norm: 0.0462414
Epoch: 1400, LR: 0.000010, Loss: 0.0382520, Validation MAE: 0.9728545, Test MAE: 1.0695150, Test MAE norm: 0.0461999
Epoch: 1408, LR: 0.000010, Loss: 0.0382153, Validation MAE: 0.9722485, Test MAE: 1.0703745, Test MAE norm: 0.0462371
Epoch: 1416, LR: 0.000010, Loss: 0.0381847, Validation MAE: 0.9713953, Test MAE: 1.0686370, Test MAE norm: 0.0461620
Epoch: 1426, LR: 0.000010, Loss: 0.0383917, Validation MAE: 0.9780883, Test MAE: 1.0752928, Test MAE norm: 0.0464495
Epoch: 1427, LR: 0.000010, Loss: 0.0383627, Validation MAE: 0.9728906, Test MAE: 1.0689839, Test MAE norm: 0.0461770
Epoch: 1436, LR: 0.000010, Loss: 0.0382104, Validation MAE: 0.9722294, Test MAE: 1.0690670, Test MAE norm: 0.0461806
Epoch: 1439, LR: 0.000010, Loss: 0.0383215, Validation MAE: 0.9720648, Test MAE: 1.0693109, Test MAE norm: 0.0461911
Epoch: 1440, LR: 0.000010, Loss: 0.0381606, Validation MAE: 0.9719781, Test MAE: 1.0690563, Test MAE norm: 0.0461801
Epoch: 1450, LR: 0.000010, Loss: 0.0383139, Validation MAE: 0.9772833, Test MAE: 1.0722044, Test MAE norm: 0.0463161
Epoch: 1451, LR: 0.000010, Loss: 0.0383426, Validation MAE: 0.9721380, Test MAE: 1.0688617, Test MAE norm: 0.0461717
Epoch: 1452, LR: 0.000010, Loss: 0.0381240, Validation MAE: 0.9709089, Test MAE: 1.0684851, Test MAE norm: 0.0461555
Epoch: 1462, LR: 0.000010, Loss: 0.0383998, Validation MAE: 0.9772893, Test MAE: 1.0733178, Test MAE norm: 0.0463642
Epoch: 1463, LR: 0.000010, Loss: 0.0383960, Validation MAE: 0.9718267, Test MAE: 1.0663509, Test MAE norm: 0.0460633
Epoch: 1469, LR: 0.000010, Loss: 0.0383652, Validation MAE: 0.9704581, Test MAE: 1.0667161, Test MAE norm: 0.0460790
Epoch: 1472, LR: 0.000010, Loss: 0.0382004, Validation MAE: 0.9697224, Test MAE: 1.0659369, Test MAE norm: 0.0460454
Epoch: 1482, LR: 0.000010, Loss: 0.0383854, Validation MAE: 0.9782225, Test MAE: 1.0754403, Test MAE norm: 0.0464559
Epoch: 1483, LR: 0.000010, Loss: 0.0384022, Validation MAE: 0.9712787, Test MAE: 1.0665337, Test MAE norm: 0.0460712
Epoch: 1493, LR: 0.000010, Loss: 0.0381591, Validation MAE: 0.9775385, Test MAE: 1.0749217, Test MAE norm: 0.0464335
Epoch: 1495, LR: 0.000010, Loss: 0.0384287, Validation MAE: 0.9690208, Test MAE: 1.0665225, Test MAE norm: 0.0460707
Epoch: 1505, LR: 0.000010, Loss: 0.0380208, Validation MAE: 0.9783293, Test MAE: 1.0723248, Test MAE norm: 0.0463213
Epoch: 1506, LR: 0.000010, Loss: 0.0383600, Validation MAE: 0.9721846, Test MAE: 1.0691884, Test MAE norm: 0.0461858
Epoch: 1509, LR: 0.000010, Loss: 0.0384853, Validation MAE: 0.9690367, Test MAE: 1.0657374, Test MAE norm: 0.0460368
Epoch: 1519, LR: 0.000010, Loss: 0.0393239, Validation MAE: 0.9952589, Test MAE: 1.0925200, Test MAE norm: 0.0471937
Epoch: 1520, LR: 0.000010, Loss: 0.0391142, Validation MAE: 0.9780214, Test MAE: 1.0763454, Test MAE norm: 0.0464950
Epoch: 1528, LR: 0.000010, Loss: 0.0385442, Validation MAE: 0.9710407, Test MAE: 1.0680397, Test MAE norm: 0.0461362
Epoch: 1530, LR: 0.000010, Loss: 0.0383695, Validation MAE: 0.9700774, Test MAE: 1.0670444, Test MAE norm: 0.0460932
Epoch: 1535, LR: 0.000010, Loss: 0.0383927, Validation MAE: 0.9689797, Test MAE: 1.0640265, Test MAE norm: 0.0459629
Epoch: 1545, LR: 0.000010, Loss: 0.0379853, Validation MAE: 0.9706033, Test MAE: 1.0669823, Test MAE norm: 0.0460905
Epoch: 1547, LR: 0.000010, Loss: 0.0380975, Validation MAE: 0.9684879, Test MAE: 1.0645975, Test MAE norm: 0.0459875
Epoch: 1557, LR: 0.000010, Loss: 0.0379910, Validation MAE: 0.9760800, Test MAE: 1.0696133, Test MAE norm: 0.0462042
Epoch: 1558, LR: 0.000010, Loss: 0.0382410, Validation MAE: 0.9694617, Test MAE: 1.0649347, Test MAE norm: 0.0460021
Epoch: 1568, LR: 0.000010, Loss: 0.0381769, Validation MAE: 0.9729432, Test MAE: 1.0688075, Test MAE norm: 0.0461694
Epoch: 1569, LR: 0.000010, Loss: 0.0381757, Validation MAE: 0.9729159, Test MAE: 1.0686332, Test MAE norm: 0.0461619
Epoch: 1570, LR: 0.000010, Loss: 0.0381648, Validation MAE: 0.9719550, Test MAE: 1.0670516, Test MAE norm: 0.0460935
Epoch: 1573, LR: 0.000010, Loss: 0.0382771, Validation MAE: 0.9709446, Test MAE: 1.0662309, Test MAE norm: 0.0460581
Epoch: 1574, LR: 0.000010, Loss: 0.0380567, Validation MAE: 0.9708949, Test MAE: 1.0660020, Test MAE norm: 0.0460482
Epoch: 1584, LR: 0.000010, Loss: 0.0382992, Validation MAE: 0.9766532, Test MAE: 1.0711668, Test MAE norm: 0.0462713
Epoch: 1585, LR: 0.000010, Loss: 0.0382981, Validation MAE: 0.9707794, Test MAE: 1.0646225, Test MAE norm: 0.0459886
Epoch: 1594, LR: 0.000010, Loss: 0.0381798, Validation MAE: 0.9688609, Test MAE: 1.0651729, Test MAE norm: 0.0460124
Epoch: 1604, LR: 0.000010, Loss: 0.0382095, Validation MAE: 0.9732363, Test MAE: 1.0691381, Test MAE norm: 0.0461837
Epoch: 1605, LR: 0.000010, Loss: 0.0381927, Validation MAE: 0.9714698, Test MAE: 1.0671268, Test MAE norm: 0.0460968
Epoch: 1610, LR: 0.000010, Loss: 0.0380981, Validation MAE: 0.9706566, Test MAE: 1.0662918, Test MAE norm: 0.0460607
Epoch: 1620, LR: 0.000010, Loss: 0.0382775, Validation MAE: 0.9747068, Test MAE: 1.0694882, Test MAE norm: 0.0461988
Epoch: 1621, LR: 0.000010, Loss: 0.0382502, Validation MAE: 0.9699015, Test MAE: 1.0655670, Test MAE norm: 0.0460294
Epoch: 1622, LR: 0.000010, Loss: 0.0380598, Validation MAE: 0.9697731, Test MAE: 1.0652993, Test MAE norm: 0.0460178
Epoch: 1632, LR: 0.000010, Loss: 0.0382911, Validation MAE: 0.9773543, Test MAE: 1.0718539, Test MAE norm: 0.0463010
Epoch: 1633, LR: 0.000010, Loss: 0.0382998, Validation MAE: 0.9696601, Test MAE: 1.0636128, Test MAE norm: 0.0459450
Epoch: 1636, LR: 0.000010, Loss: 0.0380293, Validation MAE: 0.9685728, Test MAE: 1.0636917, Test MAE norm: 0.0459484
Epoch: 1643, LR: 0.000010, Loss: 0.0380001, Validation MAE: 0.9685426, Test MAE: 1.0628289, Test MAE norm: 0.0459111
Epoch: 1651, LR: 0.000010, Loss: 0.0379545, Validation MAE: 0.9679925, Test MAE: 1.0625137, Test MAE norm: 0.0458975
Epoch: 1661, LR: 0.000010, Loss: 0.0379912, Validation MAE: 0.9684584, Test MAE: 1.0634030, Test MAE norm: 0.0459359
Epoch: 1662, LR: 0.000010, Loss: 0.0379490, Validation MAE: 0.9684464, Test MAE: 1.0628247, Test MAE norm: 0.0459109
Epoch: 1672, LR: 0.000010, Loss: 0.0379550, Validation MAE: 0.9692504, Test MAE: 1.0640686, Test MAE norm: 0.0459647
Epoch: 1676, LR: 0.000010, Loss: 0.0379762, Validation MAE: 0.9691012, Test MAE: 1.0630268, Test MAE norm: 0.0459197
Epoch: 1679, LR: 0.000010, Loss: 0.0379889, Validation MAE: 0.9679160, Test MAE: 1.0630915, Test MAE norm: 0.0459225
Epoch: 1689, LR: 0.000010, Loss: 0.0379452, Validation MAE: 0.9687714, Test MAE: 1.0625619, Test MAE norm: 0.0458996
Epoch: 1692, LR: 0.000010, Loss: 0.0379955, Validation MAE: 0.9685178, Test MAE: 1.0631193, Test MAE norm: 0.0459237
Epoch: 1693, LR: 0.000010, Loss: 0.0379525, Validation MAE: 0.9681299, Test MAE: 1.0624115, Test MAE norm: 0.0458931
Epoch: 1694, LR: 0.000010, Loss: 0.0379286, Validation MAE: 0.9675785, Test MAE: 1.0621989, Test MAE norm: 0.0458839
Epoch: 1704, LR: 0.000010, Loss: 0.0379609, Validation MAE: 0.9688311, Test MAE: 1.0632466, Test MAE norm: 0.0459292
Epoch: 1705, LR: 0.000010, Loss: 0.0379484, Validation MAE: 0.9686295, Test MAE: 1.0640267, Test MAE norm: 0.0459629
Epoch: 1706, LR: 0.000010, Loss: 0.0379661, Validation MAE: 0.9683790, Test MAE: 1.0632223, Test MAE norm: 0.0459281
Epoch: 1709, LR: 0.000010, Loss: 0.0379796, Validation MAE: 0.9675615, Test MAE: 1.0621307, Test MAE norm: 0.0458810
Epoch: 1718, LR: 0.000010, Loss: 0.0379591, Validation MAE: 0.9669338, Test MAE: 1.0622449, Test MAE norm: 0.0458859
Epoch: 1728, LR: 0.000010, Loss: 0.0379599, Validation MAE: 0.9690912, Test MAE: 1.0635208, Test MAE norm: 0.0459410
Epoch: 1730, LR: 0.000010, Loss: 0.0379762, Validation MAE: 0.9688431, Test MAE: 1.0637958, Test MAE norm: 0.0459529
Epoch: 1733, LR: 0.000010, Loss: 0.0379818, Validation MAE: 0.9683503, Test MAE: 1.0629444, Test MAE norm: 0.0459161
Epoch: 1736, LR: 0.000010, Loss: 0.0380288, Validation MAE: 0.9682443, Test MAE: 1.0635149, Test MAE norm: 0.0459408
Epoch: 1740, LR: 0.000010, Loss: 0.0380163, Validation MAE: 0.9679641, Test MAE: 1.0629869, Test MAE norm: 0.0459180
Epoch: 1744, LR: 0.000010, Loss: 0.0380046, Validation MAE: 0.9676964, Test MAE: 1.0626996, Test MAE norm: 0.0459055
Epoch: 1745, LR: 0.000010, Loss: 0.0379540, Validation MAE: 0.9671315, Test MAE: 1.0623363, Test MAE norm: 0.0458898
Epoch: 1755, LR: 0.000010, Loss: 0.0379670, Validation MAE: 0.9690648, Test MAE: 1.0639471, Test MAE norm: 0.0459594
Epoch: 1758, LR: 0.000010, Loss: 0.0379475, Validation MAE: 0.9689140, Test MAE: 1.0630684, Test MAE norm: 0.0459215
Epoch: 1759, LR: 0.000010, Loss: 0.0379391, Validation MAE: 0.9681582, Test MAE: 1.0628269, Test MAE norm: 0.0459110
Epoch: 1760, LR: 0.000010, Loss: 0.0379470, Validation MAE: 0.9680591, Test MAE: 1.0631495, Test MAE norm: 0.0459250
Epoch: 1770, LR: 0.000010, Loss: 0.0379724, Validation MAE: 0.9690558, Test MAE: 1.0633413, Test MAE norm: 0.0459333
Epoch: 1771, LR: 0.000010, Loss: 0.0379359, Validation MAE: 0.9686750, Test MAE: 1.0630505, Test MAE norm: 0.0459207
Epoch: 1774, LR: 0.000010, Loss: 0.0379487, Validation MAE: 0.9683970, Test MAE: 1.0631703, Test MAE norm: 0.0459259
Epoch: 1781, LR: 0.000010, Loss: 0.0380121, Validation MAE: 0.9680154, Test MAE: 1.0620323, Test MAE norm: 0.0458767
Epoch: 1791, LR: 0.000010, Loss: 0.0379901, Validation MAE: 0.9685701, Test MAE: 1.0629370, Test MAE norm: 0.0459158
Epoch: 1794, LR: 0.000010, Loss: 0.0380315, Validation MAE: 0.9673133, Test MAE: 1.0620931, Test MAE norm: 0.0458793
Epoch: 1795, LR: 0.000010, Loss: 0.0379161, Validation MAE: 0.9671535, Test MAE: 1.0620912, Test MAE norm: 0.0458793
Epoch: 1798, LR: 0.000010, Loss: 0.0379874, Validation MAE: 0.9663081, Test MAE: 1.0617619, Test MAE norm: 0.0458650
Epoch: 1808, LR: 0.000010, Loss: 0.0379108, Validation MAE: 0.9699383, Test MAE: 1.0610682, Test MAE norm: 0.0458351
Epoch: 1809, LR: 0.000010, Loss: 0.0379514, Validation MAE: 0.9682689, Test MAE: 1.0626453, Test MAE norm: 0.0459032
Epoch: 1811, LR: 0.000010, Loss: 0.0379883, Validation MAE: 0.9675133, Test MAE: 1.0624304, Test MAE norm: 0.0458939
Epoch: 1815, LR: 0.000010, Loss: 0.0380226, Validation MAE: 0.9671136, Test MAE: 1.0614842, Test MAE norm: 0.0458530
Epoch: 1816, LR: 0.000010, Loss: 0.0378983, Validation MAE: 0.9663537, Test MAE: 1.0615677, Test MAE norm: 0.0458566
Epoch: 1826, LR: 0.000010, Loss: 0.0378926, Validation MAE: 0.9679712, Test MAE: 1.0630496, Test MAE norm: 0.0459207
Epoch: 1836, LR: 0.000010, Loss: 0.0379421, Validation MAE: 0.9705199, Test MAE: 1.0640582, Test MAE norm: 0.0459642
Epoch: 1837, LR: 0.000010, Loss: 0.0379969, Validation MAE: 0.9679946, Test MAE: 1.0618050, Test MAE norm: 0.0458669
Epoch: 1838, LR: 0.000010, Loss: 0.0378854, Validation MAE: 0.9668372, Test MAE: 1.0610874, Test MAE norm: 0.0458359
Epoch: 1839, LR: 0.000010, Loss: 0.0378913, Validation MAE: 0.9667581, Test MAE: 1.0609900, Test MAE norm: 0.0458317
Epoch: 1849, LR: 0.000010, Loss: 0.0381588, Validation MAE: 0.9758164, Test MAE: 1.0687886, Test MAE norm: 0.0461686
Epoch: 1850, LR: 0.000010, Loss: 0.0382024, Validation MAE: 0.9682663, Test MAE: 1.0626857, Test MAE norm: 0.0459049
Epoch: 1856, LR: 0.000010, Loss: 0.0382913, Validation MAE: 0.9669904, Test MAE: 1.0611619, Test MAE norm: 0.0458391
Epoch: 1866, LR: 0.000010, Loss: 0.0379616, Validation MAE: 0.9769924, Test MAE: 1.0691122, Test MAE norm: 0.0461825
Epoch: 1867, LR: 0.000010, Loss: 0.0382796, Validation MAE: 0.9692193, Test MAE: 1.0629020, Test MAE norm: 0.0459143
Epoch: 1874, LR: 0.000010, Loss: 0.0384294, Validation MAE: 0.9686589, Test MAE: 1.0624400, Test MAE norm: 0.0458943
Epoch: 1876, LR: 0.000010, Loss: 0.0381580, Validation MAE: 0.9668739, Test MAE: 1.0615493, Test MAE norm: 0.0458558
Epoch: 1886, LR: 0.000010, Loss: 0.0379426, Validation MAE: 0.9702844, Test MAE: 1.0638034, Test MAE norm: 0.0459532
Epoch: 1891, LR: 0.000010, Loss: 0.0383059, Validation MAE: 0.9669324, Test MAE: 1.0618030, Test MAE norm: 0.0458668
Epoch: 1901, LR: 0.000010, Loss: 0.0380879, Validation MAE: 0.9691944, Test MAE: 1.0629061, Test MAE norm: 0.0459145
Epoch: 1904, LR: 0.000010, Loss: 0.0382379, Validation MAE: 0.9663174, Test MAE: 1.0601484, Test MAE norm: 0.0457953
Epoch: 1914, LR: 0.000010, Loss: 0.0380380, Validation MAE: 0.9677709, Test MAE: 1.0611670, Test MAE norm: 0.0458393
Epoch: 1915, LR: 0.000010, Loss: 0.0378954, Validation MAE: 0.9674737, Test MAE: 1.0599043, Test MAE norm: 0.0457848
Epoch: 1917, LR: 0.000010, Loss: 0.0379638, Validation MAE: 0.9673268, Test MAE: 1.0609883, Test MAE norm: 0.0458316
Epoch: 1918, LR: 0.000010, Loss: 0.0378870, Validation MAE: 0.9662306, Test MAE: 1.0602493, Test MAE norm: 0.0457997
Epoch: 1928, LR: 0.000010, Loss: 0.0378520, Validation MAE: 0.9680665, Test MAE: 1.0601258, Test MAE norm: 0.0457944
Epoch: 1929, LR: 0.000010, Loss: 0.0378398, Validation MAE: 0.9664122, Test MAE: 1.0604502, Test MAE norm: 0.0458084
Epoch: 1934, LR: 0.000010, Loss: 0.0378508, Validation MAE: 0.9664102, Test MAE: 1.0603001, Test MAE norm: 0.0458019
Epoch: 1944, LR: 0.000010, Loss: 0.0379839, Validation MAE: 0.9680228, Test MAE: 1.0601981, Test MAE norm: 0.0457975
Epoch: 1945, LR: 0.000010, Loss: 0.0378695, Validation MAE: 0.9659654, Test MAE: 1.0603738, Test MAE norm: 0.0458051
Epoch: 1955, LR: 0.000010, Loss: 0.0378364, Validation MAE: 0.9664636, Test MAE: 1.0602912, Test MAE norm: 0.0458015
Epoch: 1956, LR: 0.000010, Loss: 0.0378252, Validation MAE: 0.9662715, Test MAE: 1.0616872, Test MAE norm: 0.0458618
Epoch: 1960, LR: 0.000010, Loss: 0.0378481, Validation MAE: 0.9660089, Test MAE: 1.0597866, Test MAE norm: 0.0457797
Epoch: 1961, LR: 0.000010, Loss: 0.0378286, Validation MAE: 0.9658821, Test MAE: 1.0610404, Test MAE norm: 0.0458339
Epoch: 1971, LR: 0.000010, Loss: 0.0378832, Validation MAE: 0.9686195, Test MAE: 1.0632423, Test MAE norm: 0.0459290
Epoch: 1972, LR: 0.000010, Loss: 0.0379390, Validation MAE: 0.9663603, Test MAE: 1.0604396, Test MAE norm: 0.0458079
Epoch: 1977, LR: 0.000010, Loss: 0.0379013, Validation MAE: 0.9662164, Test MAE: 1.0594348, Test MAE norm: 0.0457645
Epoch: 1978, LR: 0.000010, Loss: 0.0378386, Validation MAE: 0.9655129, Test MAE: 1.0605624, Test MAE norm: 0.0458132
Epoch: 1988, LR: 0.000010, Loss: 0.0378282, Validation MAE: 0.9671851, Test MAE: 1.0607536, Test MAE norm: 0.0458215
Epoch: 1991, LR: 0.000010, Loss: 0.0378497, Validation MAE: 0.9668460, Test MAE: 1.0599092, Test MAE norm: 0.0457850
Epoch: 1996, LR: 0.000010, Loss: 0.0378388, Validation MAE: 0.9659944, Test MAE: 1.0603409, Test MAE norm: 0.0458037
Epoch: 1996, LR: 0.000010, Loss: 0.0378388, Validation MAE: 0.9659944, Test MAE: 1.0603409, Test MAE norm: 0.0458037