Command line input: python run_count.py --batch_size 256 --target 0 --model NGNN --h 3 --seed 1 --epoch 2000 --dataset easy-1
Mean = 7.924, Std = 12.519
Using NGNN model

Epoch: 001, LR: 0.001000, Loss: 0.4566194, Validation MAE: 4.1113505, Test MAE: 4.6110168, Test MAE norm: 0.3683097
Epoch: 002, LR: 0.001000, Loss: 0.3508246, Validation MAE: 3.5458944, Test MAE: 3.5295522, Test MAE norm: 0.2819266
Epoch: 005, LR: 0.001000, Loss: 0.3158510, Validation MAE: 3.4418061, Test MAE: 3.6200387, Test MAE norm: 0.2891543
Epoch: 007, LR: 0.001000, Loss: 0.3066052, Validation MAE: 3.2991209, Test MAE: 3.3543103, Test MAE norm: 0.2679290
Epoch: 010, LR: 0.001000, Loss: 0.3090574, Validation MAE: 3.2449644, Test MAE: 3.3992033, Test MAE norm: 0.2715148
Epoch: 011, LR: 0.001000, Loss: 0.2838454, Validation MAE: 3.2195234, Test MAE: 3.2994750, Test MAE norm: 0.2635489
Epoch: 013, LR: 0.001000, Loss: 0.2838396, Validation MAE: 3.1698325, Test MAE: 3.5783107, Test MAE norm: 0.2858212
Epoch: 015, LR: 0.001000, Loss: 0.2813631, Validation MAE: 3.0391705, Test MAE: 3.4364545, Test MAE norm: 0.2744903
Epoch: 016, LR: 0.001000, Loss: 0.2667125, Validation MAE: 3.0139859, Test MAE: 3.6711519, Test MAE norm: 0.2932370
Epoch: 018, LR: 0.001000, Loss: 0.2797330, Validation MAE: 2.9471395, Test MAE: 3.1628640, Test MAE norm: 0.2526370
Epoch: 020, LR: 0.001000, Loss: 0.2651024, Validation MAE: 2.8412552, Test MAE: 3.5524373, Test MAE norm: 0.2837546
Epoch: 026, LR: 0.001000, Loss: 0.2606605, Validation MAE: 2.8329291, Test MAE: 3.5118551, Test MAE norm: 0.2805130
Epoch: 028, LR: 0.001000, Loss: 0.2652912, Validation MAE: 2.7043769, Test MAE: 3.4471979, Test MAE norm: 0.2753485
Epoch: 029, LR: 0.001000, Loss: 0.2472583, Validation MAE: 2.5920041, Test MAE: 3.2903502, Test MAE norm: 0.2628201
Epoch: 031, LR: 0.001000, Loss: 0.2466046, Validation MAE: 2.4801469, Test MAE: 3.1987033, Test MAE norm: 0.2554997
Epoch: 032, LR: 0.001000, Loss: 0.2320332, Validation MAE: 2.4031537, Test MAE: 3.2097661, Test MAE norm: 0.2563834
Epoch: 035, LR: 0.001000, Loss: 0.3136358, Validation MAE: 2.3520191, Test MAE: 2.9669220, Test MAE norm: 0.2369859
Epoch: 040, LR: 0.001000, Loss: 0.2322644, Validation MAE: 2.2709835, Test MAE: 2.9167268, Test MAE norm: 0.2329765
Epoch: 050, LR: 0.001000, Loss: 0.2208955, Validation MAE: 2.3998334, Test MAE: 2.8232927, Test MAE norm: 0.2255134
Epoch: 051, LR: 0.001000, Loss: 0.2253970, Validation MAE: 2.1533186, Test MAE: 2.8475578, Test MAE norm: 0.2274516
Epoch: 054, LR: 0.001000, Loss: 0.2361273, Validation MAE: 2.0956876, Test MAE: 2.7881761, Test MAE norm: 0.2227084
Epoch: 064, LR: 0.001000, Loss: 0.2299592, Validation MAE: 2.6750851, Test MAE: 2.9115076, Test MAE norm: 0.2325597
Epoch: 065, LR: 0.001000, Loss: 0.2475387, Validation MAE: 2.4848728, Test MAE: 2.9131093, Test MAE norm: 0.2326876
Epoch: 066, LR: 0.000900, Loss: 0.2314573, Validation MAE: 2.3657780, Test MAE: 3.0493395, Test MAE norm: 0.2435691
Epoch: 068, LR: 0.000900, Loss: 0.2428943, Validation MAE: 2.3647449, Test MAE: 3.0430095, Test MAE norm: 0.2430635
Epoch: 071, LR: 0.000900, Loss: 0.2316287, Validation MAE: 2.2991078, Test MAE: 2.8022199, Test MAE norm: 0.2238302
Epoch: 073, LR: 0.000900, Loss: 0.2255980, Validation MAE: 2.1547892, Test MAE: 2.7761931, Test MAE norm: 0.2217513
Epoch: 077, LR: 0.000810, Loss: 0.2259063, Validation MAE: 2.1121712, Test MAE: 2.6568828, Test MAE norm: 0.2122212
Epoch: 079, LR: 0.000810, Loss: 0.2113371, Validation MAE: 2.0445938, Test MAE: 2.6540968, Test MAE norm: 0.2119987
Epoch: 089, LR: 0.000810, Loss: 0.2040984, Validation MAE: 2.2529984, Test MAE: 2.6916323, Test MAE norm: 0.2149969
Epoch: 090, LR: 0.000810, Loss: 0.2104362, Validation MAE: 2.2069378, Test MAE: 2.6791267, Test MAE norm: 0.2139980
Epoch: 091, LR: 0.000729, Loss: 0.2070898, Validation MAE: 2.1073689, Test MAE: 2.6880145, Test MAE norm: 0.2147079
Epoch: 095, LR: 0.000729, Loss: 0.2082043, Validation MAE: 2.0808270, Test MAE: 2.6296897, Test MAE norm: 0.2100492
Epoch: 096, LR: 0.000729, Loss: 0.1999935, Validation MAE: 2.0783143, Test MAE: 2.6431284, Test MAE norm: 0.2111226
Epoch: 099, LR: 0.000729, Loss: 0.2020264, Validation MAE: 2.0485971, Test MAE: 2.6574988, Test MAE norm: 0.2122704
Epoch: 100, LR: 0.000729, Loss: 0.2077775, Validation MAE: 2.0312738, Test MAE: 2.5875902, Test MAE norm: 0.2066864
Epoch: 110, LR: 0.000729, Loss: 0.1974204, Validation MAE: 2.0426171, Test MAE: 2.5690975, Test MAE norm: 0.2052093
Epoch: 112, LR: 0.000656, Loss: 0.2001810, Validation MAE: 2.0076394, Test MAE: 2.5550375, Test MAE norm: 0.2040862
Epoch: 122, LR: 0.000656, Loss: 0.1971341, Validation MAE: 2.2134588, Test MAE: 2.6545525, Test MAE norm: 0.2120351
Epoch: 123, LR: 0.000656, Loss: 0.2038873, Validation MAE: 2.1082153, Test MAE: 2.6015024, Test MAE norm: 0.2077977
Epoch: 125, LR: 0.000590, Loss: 0.2135450, Validation MAE: 2.0533111, Test MAE: 2.5760214, Test MAE norm: 0.2057623
Epoch: 135, LR: 0.000531, Loss: 0.2018405, Validation MAE: 2.2455702, Test MAE: 2.6857026, Test MAE norm: 0.2145232
Epoch: 136, LR: 0.000531, Loss: 0.2069978, Validation MAE: 2.0964563, Test MAE: 2.6168361, Test MAE norm: 0.2090225
Epoch: 138, LR: 0.000531, Loss: 0.2106363, Validation MAE: 2.0500584, Test MAE: 2.6093235, Test MAE norm: 0.2084224
Epoch: 148, LR: 0.000478, Loss: 0.2008417, Validation MAE: 2.0567164, Test MAE: 2.6157980, Test MAE norm: 0.2089395
Epoch: 152, LR: 0.000478, Loss: 0.1942914, Validation MAE: 2.0414758, Test MAE: 2.5735347, Test MAE norm: 0.2055637
Epoch: 155, LR: 0.000478, Loss: 0.1968665, Validation MAE: 2.0244391, Test MAE: 2.5544546, Test MAE norm: 0.2040397
Epoch: 156, LR: 0.000478, Loss: 0.1935893, Validation MAE: 1.9951583, Test MAE: 2.5460923, Test MAE norm: 0.2033717
Epoch: 166, LR: 0.000478, Loss: 0.1924744, Validation MAE: 2.0517166, Test MAE: 2.5766766, Test MAE norm: 0.2058147
Epoch: 168, LR: 0.000430, Loss: 0.1915710, Validation MAE: 2.0113597, Test MAE: 2.5471928, Test MAE norm: 0.2034596
Epoch: 173, LR: 0.000430, Loss: 0.1910621, Validation MAE: 1.9972308, Test MAE: 2.5229938, Test MAE norm: 0.2015267
Epoch: 177, LR: 0.000430, Loss: 0.1894116, Validation MAE: 1.9953630, Test MAE: 2.5258358, Test MAE norm: 0.2017537
Epoch: 179, LR: 0.000387, Loss: 0.1948618, Validation MAE: 1.9811950, Test MAE: 2.5190072, Test MAE norm: 0.2012083
Epoch: 189, LR: 0.000387, Loss: 0.1883040, Validation MAE: 1.9813646, Test MAE: 2.5212724, Test MAE norm: 0.2013892
Epoch: 194, LR: 0.000349, Loss: 0.1901846, Validation MAE: 1.9662164, Test MAE: 2.4912219, Test MAE norm: 0.1989889
Epoch: 198, LR: 0.000349, Loss: 0.1902384, Validation MAE: 1.9603375, Test MAE: 2.4877131, Test MAE norm: 0.1987086
Epoch: 208, LR: 0.000349, Loss: 0.1901341, Validation MAE: 1.9551641, Test MAE: 2.4927890, Test MAE norm: 0.1991141
Epoch: 214, LR: 0.000349, Loss: 0.1873705, Validation MAE: 1.9505258, Test MAE: 2.4783709, Test MAE norm: 0.1979624
Epoch: 216, LR: 0.000349, Loss: 0.1911596, Validation MAE: 1.9467533, Test MAE: 2.4790161, Test MAE norm: 0.1980139
Epoch: 222, LR: 0.000349, Loss: 0.1880540, Validation MAE: 1.9426743, Test MAE: 2.4809649, Test MAE norm: 0.1981696
Epoch: 232, LR: 0.000349, Loss: 0.1933357, Validation MAE: 1.9899585, Test MAE: 2.4928639, Test MAE norm: 0.1991201
Epoch: 234, LR: 0.000314, Loss: 0.1912640, Validation MAE: 1.9713302, Test MAE: 2.4538872, Test MAE norm: 0.1960067
Epoch: 238, LR: 0.000314, Loss: 0.1877762, Validation MAE: 1.9397709, Test MAE: 2.4546857, Test MAE norm: 0.1960705
Epoch: 248, LR: 0.000314, Loss: 0.1842142, Validation MAE: 1.9608288, Test MAE: 2.4608710, Test MAE norm: 0.1965646
Epoch: 250, LR: 0.000282, Loss: 0.1871379, Validation MAE: 1.9344980, Test MAE: 2.4465156, Test MAE norm: 0.1954179
Epoch: 260, LR: 0.000282, Loss: 0.1836568, Validation MAE: 1.9977800, Test MAE: 2.4796848, Test MAE norm: 0.1980674
Epoch: 261, LR: 0.000282, Loss: 0.1836950, Validation MAE: 1.9628993, Test MAE: 2.4293048, Test MAE norm: 0.1940432
Epoch: 264, LR: 0.000254, Loss: 0.1836198, Validation MAE: 1.9545797, Test MAE: 2.4210827, Test MAE norm: 0.1933865
Epoch: 267, LR: 0.000254, Loss: 0.1835352, Validation MAE: 1.9378914, Test MAE: 2.4335244, Test MAE norm: 0.1943803
Epoch: 274, LR: 0.000229, Loss: 0.1916443, Validation MAE: 1.9310377, Test MAE: 2.4311728, Test MAE norm: 0.1941924
Epoch: 281, LR: 0.000229, Loss: 0.1894880, Validation MAE: 1.9289649, Test MAE: 2.4438162, Test MAE norm: 0.1952023
Epoch: 291, LR: 0.000229, Loss: 0.1839559, Validation MAE: 2.0875256, Test MAE: 2.5216556, Test MAE norm: 0.2014198
Epoch: 292, LR: 0.000229, Loss: 0.1885136, Validation MAE: 2.0277383, Test MAE: 2.4866228, Test MAE norm: 0.1986215
Epoch: 293, LR: 0.000206, Loss: 0.1846368, Validation MAE: 1.9556209, Test MAE: 2.4198549, Test MAE norm: 0.1932884
Epoch: 294, LR: 0.000206, Loss: 0.1882260, Validation MAE: 1.9407787, Test MAE: 2.4328063, Test MAE norm: 0.1943229
Epoch: 297, LR: 0.000206, Loss: 0.1873115, Validation MAE: 1.9362828, Test MAE: 2.4235189, Test MAE norm: 0.1935810
Epoch: 305, LR: 0.000185, Loss: 0.1828737, Validation MAE: 1.9269495, Test MAE: 2.4256339, Test MAE norm: 0.1937500
Epoch: 313, LR: 0.000185, Loss: 0.1819504, Validation MAE: 1.9179453, Test MAE: 2.4130163, Test MAE norm: 0.1927421
Epoch: 323, LR: 0.000185, Loss: 0.1825252, Validation MAE: 1.9210726, Test MAE: 2.4340162, Test MAE norm: 0.1944195
Epoch: 324, LR: 0.000185, Loss: 0.1816715, Validation MAE: 1.9146500, Test MAE: 2.4307823, Test MAE norm: 0.1941612
Epoch: 334, LR: 0.000185, Loss: 0.1812415, Validation MAE: 1.9517946, Test MAE: 2.4451375, Test MAE norm: 0.1953079
Epoch: 335, LR: 0.000185, Loss: 0.1808269, Validation MAE: 1.9370581, Test MAE: 2.4403186, Test MAE norm: 0.1949229
Epoch: 337, LR: 0.000167, Loss: 0.1806083, Validation MAE: 1.9166299, Test MAE: 2.4380822, Test MAE norm: 0.1947443
Epoch: 347, LR: 0.000150, Loss: 0.1806568, Validation MAE: 2.0574367, Test MAE: 2.5170300, Test MAE norm: 0.2010503
Epoch: 348, LR: 0.000150, Loss: 0.1877816, Validation MAE: 1.9846442, Test MAE: 2.4794638, Test MAE norm: 0.1980497
Epoch: 349, LR: 0.000150, Loss: 0.1826018, Validation MAE: 1.9538434, Test MAE: 2.4527996, Test MAE norm: 0.1959199
Epoch: 350, LR: 0.000150, Loss: 0.1890536, Validation MAE: 1.9149959, Test MAE: 2.4308493, Test MAE norm: 0.1941666
Epoch: 360, LR: 0.000135, Loss: 0.1809838, Validation MAE: 1.9925743, Test MAE: 2.4705937, Test MAE norm: 0.1973412
Epoch: 361, LR: 0.000135, Loss: 0.1821993, Validation MAE: 1.9563322, Test MAE: 2.4479694, Test MAE norm: 0.1955341
Epoch: 362, LR: 0.000135, Loss: 0.1808577, Validation MAE: 1.9229505, Test MAE: 2.4221642, Test MAE norm: 0.1934728
Epoch: 366, LR: 0.000135, Loss: 0.1806940, Validation MAE: 1.9182031, Test MAE: 2.4281316, Test MAE norm: 0.1939495
Epoch: 376, LR: 0.000122, Loss: 0.1801005, Validation MAE: 1.9206254, Test MAE: 2.4355443, Test MAE norm: 0.1945416
Epoch: 381, LR: 0.000109, Loss: 0.1802921, Validation MAE: 1.9173131, Test MAE: 2.4195695, Test MAE norm: 0.1932656
Epoch: 385, LR: 0.000109, Loss: 0.1798820, Validation MAE: 1.9171032, Test MAE: 2.4163113, Test MAE norm: 0.1930053
Epoch: 389, LR: 0.000109, Loss: 0.1794226, Validation MAE: 1.9115663, Test MAE: 2.4194713, Test MAE norm: 0.1932577
Epoch: 399, LR: 0.000109, Loss: 0.1798119, Validation MAE: 1.9258701, Test MAE: 2.4012539, Test MAE norm: 0.1918026
Epoch: 402, LR: 0.000098, Loss: 0.1814195, Validation MAE: 1.9243979, Test MAE: 2.4093943, Test MAE norm: 0.1924528
Epoch: 406, LR: 0.000098, Loss: 0.1794278, Validation MAE: 1.9042203, Test MAE: 2.4082813, Test MAE norm: 0.1923639
Epoch: 410, LR: 0.000098, Loss: 0.1790983, Validation MAE: 1.9024354, Test MAE: 2.4132178, Test MAE norm: 0.1927582
Epoch: 420, LR: 0.000098, Loss: 0.1809202, Validation MAE: 1.8978341, Test MAE: 2.4293599, Test MAE norm: 0.1940476
Epoch: 430, LR: 0.000098, Loss: 0.1823599, Validation MAE: 1.9429488, Test MAE: 2.4502554, Test MAE norm: 0.1957166
Epoch: 432, LR: 0.000089, Loss: 0.1826306, Validation MAE: 1.8955843, Test MAE: 2.4249117, Test MAE norm: 0.1936923
Epoch: 442, LR: 0.000089, Loss: 0.1797790, Validation MAE: 1.9328011, Test MAE: 2.4381847, Test MAE norm: 0.1947525
Epoch: 444, LR: 0.000080, Loss: 0.1795029, Validation MAE: 1.9149513, Test MAE: 2.4259286, Test MAE norm: 0.1937735
Epoch: 445, LR: 0.000080, Loss: 0.1796215, Validation MAE: 1.9035969, Test MAE: 2.4085035, Test MAE norm: 0.1923817
Epoch: 448, LR: 0.000080, Loss: 0.1812622, Validation MAE: 1.9019531, Test MAE: 2.4246030, Test MAE norm: 0.1936676
Epoch: 449, LR: 0.000080, Loss: 0.1788788, Validation MAE: 1.8926132, Test MAE: 2.4045944, Test MAE norm: 0.1920694
Epoch: 459, LR: 0.000080, Loss: 0.1786134, Validation MAE: 1.9194461, Test MAE: 2.4339111, Test MAE norm: 0.1944111
Epoch: 460, LR: 0.000080, Loss: 0.1798013, Validation MAE: 1.9016935, Test MAE: 2.4262884, Test MAE norm: 0.1938023
Epoch: 461, LR: 0.000072, Loss: 0.1794058, Validation MAE: 1.8787705, Test MAE: 2.4134810, Test MAE norm: 0.1927793
Epoch: 471, LR: 0.000072, Loss: 0.1793391, Validation MAE: 1.9056445, Test MAE: 2.4300063, Test MAE norm: 0.1940992
Epoch: 477, LR: 0.000065, Loss: 0.1790160, Validation MAE: 1.8771499, Test MAE: 2.4122343, Test MAE norm: 0.1926797
Epoch: 478, LR: 0.000065, Loss: 0.1781573, Validation MAE: 1.8762748, Test MAE: 2.4036036, Test MAE norm: 0.1919903
Epoch: 488, LR: 0.000065, Loss: 0.1791067, Validation MAE: 1.9284290, Test MAE: 2.4351470, Test MAE norm: 0.1945099
Epoch: 489, LR: 0.000065, Loss: 0.1794498, Validation MAE: 1.8742324, Test MAE: 2.4080353, Test MAE norm: 0.1923443
Epoch: 493, LR: 0.000065, Loss: 0.1814711, Validation MAE: 1.8694561, Test MAE: 2.4049287, Test MAE norm: 0.1920961
Epoch: 503, LR: 0.000065, Loss: 0.1792998, Validation MAE: 1.8906064, Test MAE: 2.4140332, Test MAE norm: 0.1928234
Epoch: 505, LR: 0.000058, Loss: 0.1782804, Validation MAE: 1.8885207, Test MAE: 2.4183869, Test MAE norm: 0.1931711
Epoch: 506, LR: 0.000058, Loss: 0.1780480, Validation MAE: 1.8750788, Test MAE: 2.4096792, Test MAE norm: 0.1924756
Epoch: 508, LR: 0.000058, Loss: 0.1782515, Validation MAE: 1.8726465, Test MAE: 2.4105501, Test MAE norm: 0.1925452
Epoch: 518, LR: 0.000052, Loss: 0.1777412, Validation MAE: 1.8842726, Test MAE: 2.4147978, Test MAE norm: 0.1928844
Epoch: 520, LR: 0.000052, Loss: 0.1777353, Validation MAE: 1.8834064, Test MAE: 2.4145980, Test MAE norm: 0.1928685
Epoch: 524, LR: 0.000052, Loss: 0.1778327, Validation MAE: 1.8751462, Test MAE: 2.4032004, Test MAE norm: 0.1919581
Epoch: 534, LR: 0.000047, Loss: 0.1787190, Validation MAE: 1.8988743, Test MAE: 2.4219713, Test MAE norm: 0.1934574
Epoch: 536, LR: 0.000047, Loss: 0.1779967, Validation MAE: 1.8787513, Test MAE: 2.4018583, Test MAE norm: 0.1918509
Epoch: 539, LR: 0.000042, Loss: 0.1777018, Validation MAE: 1.8746849, Test MAE: 2.4052360, Test MAE norm: 0.1921207
Epoch: 541, LR: 0.000042, Loss: 0.1775386, Validation MAE: 1.8743038, Test MAE: 2.4075439, Test MAE norm: 0.1923050
Epoch: 543, LR: 0.000042, Loss: 0.1773223, Validation MAE: 1.8716890, Test MAE: 2.3995290, Test MAE norm: 0.1916648
Epoch: 553, LR: 0.000038, Loss: 0.1780678, Validation MAE: 1.9008245, Test MAE: 2.4208665, Test MAE norm: 0.1933692
Epoch: 554, LR: 0.000038, Loss: 0.1779152, Validation MAE: 1.8676816, Test MAE: 2.3974833, Test MAE norm: 0.1915014
Epoch: 555, LR: 0.000038, Loss: 0.1774867, Validation MAE: 1.8646252, Test MAE: 2.4020431, Test MAE norm: 0.1918657
Epoch: 557, LR: 0.000038, Loss: 0.1773603, Validation MAE: 1.8644089, Test MAE: 2.4014506, Test MAE norm: 0.1918183
Epoch: 567, LR: 0.000038, Loss: 0.1769313, Validation MAE: 1.8725508, Test MAE: 2.4052417, Test MAE norm: 0.1921211
Epoch: 568, LR: 0.000038, Loss: 0.1770506, Validation MAE: 1.8700756, Test MAE: 2.4047441, Test MAE norm: 0.1920814
Epoch: 570, LR: 0.000034, Loss: 0.1771474, Validation MAE: 1.8661696, Test MAE: 2.4040139, Test MAE norm: 0.1920231
Epoch: 574, LR: 0.000034, Loss: 0.1775496, Validation MAE: 1.8659712, Test MAE: 2.4002054, Test MAE norm: 0.1917189
Epoch: 582, LR: 0.000031, Loss: 0.1771489, Validation MAE: 1.8641025, Test MAE: 2.3916407, Test MAE norm: 0.1910347
Epoch: 591, LR: 0.000031, Loss: 0.1767399, Validation MAE: 1.8609606, Test MAE: 2.3997922, Test MAE norm: 0.1916859
Epoch: 592, LR: 0.000031, Loss: 0.1766372, Validation MAE: 1.8581866, Test MAE: 2.3983889, Test MAE norm: 0.1915738
Epoch: 602, LR: 0.000031, Loss: 0.1767414, Validation MAE: 1.8750554, Test MAE: 2.4032052, Test MAE norm: 0.1919585
Epoch: 604, LR: 0.000028, Loss: 0.1769093, Validation MAE: 1.8687235, Test MAE: 2.4045393, Test MAE norm: 0.1920650
Epoch: 605, LR: 0.000028, Loss: 0.1767088, Validation MAE: 1.8606688, Test MAE: 2.3881173, Test MAE norm: 0.1907533
Epoch: 615, LR: 0.000025, Loss: 0.1777190, Validation MAE: 1.8634944, Test MAE: 2.3976786, Test MAE norm: 0.1915170
Epoch: 620, LR: 0.000025, Loss: 0.1790938, Validation MAE: 1.8565049, Test MAE: 2.3865469, Test MAE norm: 0.1906279
Epoch: 630, LR: 0.000025, Loss: 0.1771397, Validation MAE: 1.8584694, Test MAE: 2.3899157, Test MAE norm: 0.1908970
Epoch: 640, LR: 0.000023, Loss: 0.1776091, Validation MAE: 1.8617975, Test MAE: 2.3918626, Test MAE norm: 0.1910525
Epoch: 644, LR: 0.000020, Loss: 0.1769161, Validation MAE: 1.8617932, Test MAE: 2.3955116, Test MAE norm: 0.1913439
Epoch: 649, LR: 0.000020, Loss: 0.1764265, Validation MAE: 1.8610672, Test MAE: 2.3885188, Test MAE norm: 0.1907854
Epoch: 650, LR: 0.000020, Loss: 0.1775336, Validation MAE: 1.8598108, Test MAE: 2.3927975, Test MAE norm: 0.1911272
Epoch: 655, LR: 0.000018, Loss: 0.1765890, Validation MAE: 1.8593036, Test MAE: 2.3954332, Test MAE norm: 0.1913377
Epoch: 659, LR: 0.000018, Loss: 0.1764648, Validation MAE: 1.8576293, Test MAE: 2.3897963, Test MAE norm: 0.1908874
Epoch: 660, LR: 0.000018, Loss: 0.1771266, Validation MAE: 1.8567318, Test MAE: 2.3924916, Test MAE norm: 0.1911027
Epoch: 670, LR: 0.000016, Loss: 0.1763903, Validation MAE: 1.8602010, Test MAE: 2.3977292, Test MAE norm: 0.1915211
Epoch: 671, LR: 0.000016, Loss: 0.1764211, Validation MAE: 1.8586606, Test MAE: 2.3973401, Test MAE norm: 0.1914900
Epoch: 675, LR: 0.000016, Loss: 0.1763452, Validation MAE: 1.8535839, Test MAE: 2.3958023, Test MAE norm: 0.1913671
Epoch: 676, LR: 0.000016, Loss: 0.1762851, Validation MAE: 1.8526746, Test MAE: 2.3953822, Test MAE norm: 0.1913336
Epoch: 677, LR: 0.000016, Loss: 0.1762688, Validation MAE: 1.8509089, Test MAE: 2.3942103, Test MAE norm: 0.1912400
Epoch: 678, LR: 0.000016, Loss: 0.1762876, Validation MAE: 1.8482360, Test MAE: 2.3927503, Test MAE norm: 0.1911234
Epoch: 688, LR: 0.000016, Loss: 0.1762933, Validation MAE: 1.8577976, Test MAE: 2.3977757, Test MAE norm: 0.1915248
Epoch: 689, LR: 0.000016, Loss: 0.1762406, Validation MAE: 1.8555194, Test MAE: 2.3935218, Test MAE norm: 0.1911850
Epoch: 699, LR: 0.000015, Loss: 0.1763329, Validation MAE: 1.8628452, Test MAE: 2.4010978, Test MAE norm: 0.1917901
Epoch: 700, LR: 0.000015, Loss: 0.1762885, Validation MAE: 1.8551826, Test MAE: 2.3942013, Test MAE norm: 0.1912393
Epoch: 701, LR: 0.000013, Loss: 0.1762975, Validation MAE: 1.8541999, Test MAE: 2.3930635, Test MAE norm: 0.1911484
Epoch: 709, LR: 0.000013, Loss: 0.1764263, Validation MAE: 1.8529186, Test MAE: 2.3948574, Test MAE norm: 0.1912917
Epoch: 710, LR: 0.000013, Loss: 0.1761248, Validation MAE: 1.8522086, Test MAE: 2.3922503, Test MAE norm: 0.1910834
Epoch: 720, LR: 0.000012, Loss: 0.1761615, Validation MAE: 1.8579242, Test MAE: 2.3988996, Test MAE norm: 0.1916146
Epoch: 722, LR: 0.000012, Loss: 0.1762110, Validation MAE: 1.8557951, Test MAE: 2.3976495, Test MAE norm: 0.1915147
Epoch: 723, LR: 0.000011, Loss: 0.1760710, Validation MAE: 1.8548670, Test MAE: 2.3941686, Test MAE norm: 0.1912367
Epoch: 732, LR: 0.000011, Loss: 0.1760833, Validation MAE: 1.8541622, Test MAE: 2.3945177, Test MAE norm: 0.1912645
Epoch: 736, LR: 0.000010, Loss: 0.1760575, Validation MAE: 1.8505118, Test MAE: 2.3912847, Test MAE norm: 0.1910063
Epoch: 746, LR: 0.000010, Loss: 0.1760645, Validation MAE: 1.8556130, Test MAE: 2.3957214, Test MAE norm: 0.1913607
Epoch: 747, LR: 0.000010, Loss: 0.1760274, Validation MAE: 1.8548855, Test MAE: 2.3970621, Test MAE norm: 0.1914678
Epoch: 750, LR: 0.000010, Loss: 0.1760296, Validation MAE: 1.8504567, Test MAE: 2.3910837, Test MAE norm: 0.1909903
Epoch: 760, LR: 0.000010, Loss: 0.1759320, Validation MAE: 1.8530425, Test MAE: 2.3922446, Test MAE norm: 0.1910830
Epoch: 770, LR: 0.000010, Loss: 0.1759983, Validation MAE: 1.8552524, Test MAE: 2.3969285, Test MAE norm: 0.1914571
Epoch: 773, LR: 0.000010, Loss: 0.1759237, Validation MAE: 1.8523717, Test MAE: 2.3919303, Test MAE norm: 0.1910579
Epoch: 779, LR: 0.000010, Loss: 0.1759246, Validation MAE: 1.8518903, Test MAE: 2.3887367, Test MAE norm: 0.1908028
Epoch: 780, LR: 0.000010, Loss: 0.1766405, Validation MAE: 1.8504888, Test MAE: 2.3895969, Test MAE norm: 0.1908715
Epoch: 790, LR: 0.000010, Loss: 0.1762044, Validation MAE: 1.8538215, Test MAE: 2.3945537, Test MAE norm: 0.1912674
Epoch: 799, LR: 0.000010, Loss: 0.1758386, Validation MAE: 1.8488208, Test MAE: 2.3893027, Test MAE norm: 0.1908480
Epoch: 800, LR: 0.000010, Loss: 0.1762563, Validation MAE: 1.8480352, Test MAE: 2.3914757, Test MAE norm: 0.1910216
Epoch: 805, LR: 0.000010, Loss: 0.1759684, Validation MAE: 1.8465446, Test MAE: 2.3842614, Test MAE norm: 0.1904453
Epoch: 815, LR: 0.000010, Loss: 0.1758431, Validation MAE: 1.8533324, Test MAE: 2.3958571, Test MAE norm: 0.1913715
Epoch: 816, LR: 0.000010, Loss: 0.1758166, Validation MAE: 1.8530220, Test MAE: 2.3961620, Test MAE norm: 0.1913959
Epoch: 817, LR: 0.000010, Loss: 0.1758040, Validation MAE: 1.8498670, Test MAE: 2.3944268, Test MAE norm: 0.1912573
Epoch: 818, LR: 0.000010, Loss: 0.1757949, Validation MAE: 1.8467176, Test MAE: 2.3916011, Test MAE norm: 0.1910316
Epoch: 828, LR: 0.000010, Loss: 0.1758404, Validation MAE: 1.8512264, Test MAE: 2.3945057, Test MAE norm: 0.1912636
Epoch: 830, LR: 0.000010, Loss: 0.1757633, Validation MAE: 1.8475634, Test MAE: 2.3910222, Test MAE norm: 0.1909853
Epoch: 840, LR: 0.000010, Loss: 0.1758515, Validation MAE: 1.8620139, Test MAE: 2.3996871, Test MAE norm: 0.1916775
Epoch: 842, LR: 0.000010, Loss: 0.1760219, Validation MAE: 1.8511132, Test MAE: 2.3934281, Test MAE norm: 0.1911775
Epoch: 843, LR: 0.000010, Loss: 0.1757479, Validation MAE: 1.8496249, Test MAE: 2.3909030, Test MAE norm: 0.1909758
Epoch: 847, LR: 0.000010, Loss: 0.1756826, Validation MAE: 1.8489007, Test MAE: 2.3899703, Test MAE norm: 0.1909013
Epoch: 857, LR: 0.000010, Loss: 0.1763254, Validation MAE: 1.8776946, Test MAE: 2.4070117, Test MAE norm: 0.1922625
Epoch: 858, LR: 0.000010, Loss: 0.1765804, Validation MAE: 1.8672966, Test MAE: 2.4016800, Test MAE norm: 0.1918366
Epoch: 859, LR: 0.000010, Loss: 0.1762208, Validation MAE: 1.8451040, Test MAE: 2.3901496, Test MAE norm: 0.1909156
Epoch: 861, LR: 0.000010, Loss: 0.1764034, Validation MAE: 1.8420172, Test MAE: 2.3885865, Test MAE norm: 0.1907908
Epoch: 866, LR: 0.000010, Loss: 0.1761110, Validation MAE: 1.8409026, Test MAE: 2.3825047, Test MAE norm: 0.1903050
Epoch: 876, LR: 0.000010, Loss: 0.1762128, Validation MAE: 1.8724604, Test MAE: 2.4052284, Test MAE norm: 0.1921201
Epoch: 877, LR: 0.000010, Loss: 0.1761451, Validation MAE: 1.8595356, Test MAE: 2.3981423, Test MAE norm: 0.1915541
Epoch: 878, LR: 0.000010, Loss: 0.1757355, Validation MAE: 1.8586081, Test MAE: 2.3972216, Test MAE norm: 0.1914805
Epoch: 881, LR: 0.000010, Loss: 0.1758843, Validation MAE: 1.8465314, Test MAE: 2.3912840, Test MAE norm: 0.1910063
Epoch: 883, LR: 0.000010, Loss: 0.1756970, Validation MAE: 1.8448911, Test MAE: 2.3912361, Test MAE norm: 0.1910024
Epoch: 884, LR: 0.000010, Loss: 0.1756579, Validation MAE: 1.8429821, Test MAE: 2.3875723, Test MAE norm: 0.1907098
Epoch: 894, LR: 0.000010, Loss: 0.1758051, Validation MAE: 1.8499879, Test MAE: 2.3951790, Test MAE norm: 0.1913174
Epoch: 896, LR: 0.000010, Loss: 0.1757875, Validation MAE: 1.8469484, Test MAE: 2.3930643, Test MAE norm: 0.1911485
Epoch: 897, LR: 0.000010, Loss: 0.1756094, Validation MAE: 1.8447425, Test MAE: 2.3907554, Test MAE norm: 0.1909640
Epoch: 901, LR: 0.000010, Loss: 0.1756408, Validation MAE: 1.8446422, Test MAE: 2.3848894, Test MAE norm: 0.1904955
Epoch: 902, LR: 0.000010, Loss: 0.1763892, Validation MAE: 1.8436748, Test MAE: 2.3861110, Test MAE norm: 0.1905931
Epoch: 912, LR: 0.000010, Loss: 0.1760102, Validation MAE: 1.8598692, Test MAE: 2.3986211, Test MAE norm: 0.1915923
Epoch: 913, LR: 0.000010, Loss: 0.1759900, Validation MAE: 1.8480679, Test MAE: 2.3930788, Test MAE norm: 0.1911496
Epoch: 914, LR: 0.000010, Loss: 0.1756281, Validation MAE: 1.8444909, Test MAE: 2.3842940, Test MAE norm: 0.1904479
Epoch: 915, LR: 0.000010, Loss: 0.1764158, Validation MAE: 1.8432838, Test MAE: 2.3852115, Test MAE norm: 0.1905212
Epoch: 925, LR: 0.000010, Loss: 0.1755729, Validation MAE: 1.8709565, Test MAE: 2.4024570, Test MAE norm: 0.1918987
Epoch: 927, LR: 0.000010, Loss: 0.1766644, Validation MAE: 1.8689350, Test MAE: 2.4014430, Test MAE norm: 0.1918177
Epoch: 928, LR: 0.000010, Loss: 0.1762990, Validation MAE: 1.8476439, Test MAE: 2.3921962, Test MAE norm: 0.1910791
Epoch: 931, LR: 0.000010, Loss: 0.1770411, Validation MAE: 1.8457341, Test MAE: 2.3897579, Test MAE norm: 0.1908844
Epoch: 936, LR: 0.000010, Loss: 0.1760434, Validation MAE: 1.8433287, Test MAE: 2.3794761, Test MAE norm: 0.1900631
Epoch: 938, LR: 0.000010, Loss: 0.1773696, Validation MAE: 1.8385243, Test MAE: 2.3819652, Test MAE norm: 0.1902619
Epoch: 948, LR: 0.000010, Loss: 0.1766937, Validation MAE: 1.9013795, Test MAE: 2.4163404, Test MAE norm: 0.1930077
Epoch: 949, LR: 0.000010, Loss: 0.1777582, Validation MAE: 1.8943793, Test MAE: 2.4132793, Test MAE norm: 0.1927631
Epoch: 950, LR: 0.000010, Loss: 0.1774176, Validation MAE: 1.8659136, Test MAE: 2.4001648, Test MAE norm: 0.1917156
Epoch: 951, LR: 0.000010, Loss: 0.1762285, Validation MAE: 1.8388510, Test MAE: 2.3833380, Test MAE norm: 0.1903716
Epoch: 953, LR: 0.000010, Loss: 0.1767177, Validation MAE: 1.8368467, Test MAE: 2.3824694, Test MAE norm: 0.1903022
Epoch: 958, LR: 0.000010, Loss: 0.1761953, Validation MAE: 1.8338321, Test MAE: 2.3826618, Test MAE norm: 0.1903176
Epoch: 968, LR: 0.000010, Loss: 0.1756198, Validation MAE: 1.8760034, Test MAE: 2.4059844, Test MAE norm: 0.1921805
Epoch: 970, LR: 0.000010, Loss: 0.1767240, Validation MAE: 1.8724673, Test MAE: 2.4039702, Test MAE norm: 0.1920196
Epoch: 971, LR: 0.000010, Loss: 0.1762666, Validation MAE: 1.8487842, Test MAE: 2.3931663, Test MAE norm: 0.1911566
Epoch: 972, LR: 0.000010, Loss: 0.1755162, Validation MAE: 1.8435992, Test MAE: 2.3808203, Test MAE norm: 0.1901705
Epoch: 974, LR: 0.000010, Loss: 0.1765930, Validation MAE: 1.8392010, Test MAE: 2.3872316, Test MAE norm: 0.1906826
Epoch: 978, LR: 0.000010, Loss: 0.1758010, Validation MAE: 1.8383436, Test MAE: 2.3834181, Test MAE norm: 0.1903780
Epoch: 979, LR: 0.000010, Loss: 0.1758681, Validation MAE: 1.8380550, Test MAE: 2.3842027, Test MAE norm: 0.1904406
Epoch: 983, LR: 0.000010, Loss: 0.1756928, Validation MAE: 1.8376888, Test MAE: 2.3841279, Test MAE norm: 0.1904346
Epoch: 993, LR: 0.000010, Loss: 0.1754776, Validation MAE: 1.8546588, Test MAE: 2.3956554, Test MAE norm: 0.1913554
Epoch: 994, LR: 0.000010, Loss: 0.1756948, Validation MAE: 1.8529730, Test MAE: 2.3954790, Test MAE norm: 0.1913413
Epoch: 995, LR: 0.000010, Loss: 0.1755953, Validation MAE: 1.8470274, Test MAE: 2.3901389, Test MAE norm: 0.1909148
Epoch: 999, LR: 0.000010, Loss: 0.1754767, Validation MAE: 1.8450825, Test MAE: 2.3896067, Test MAE norm: 0.1908723
Epoch: 1002, LR: 0.000010, Loss: 0.1756041, Validation MAE: 1.8442802, Test MAE: 2.3912070, Test MAE norm: 0.1910001
Epoch: 1003, LR: 0.000010, Loss: 0.1753811, Validation MAE: 1.8407018, Test MAE: 2.3835187, Test MAE norm: 0.1903860
Epoch: 1004, LR: 0.000010, Loss: 0.1761101, Validation MAE: 1.8405013, Test MAE: 2.3853259, Test MAE norm: 0.1905303
Epoch: 1008, LR: 0.000010, Loss: 0.1759053, Validation MAE: 1.8396194, Test MAE: 2.3877428, Test MAE norm: 0.1907234
Epoch: 1009, LR: 0.000010, Loss: 0.1754146, Validation MAE: 1.8383068, Test MAE: 2.3843253, Test MAE norm: 0.1904504
Epoch: 1019, LR: 0.000010, Loss: 0.1754167, Validation MAE: 1.8452725, Test MAE: 2.3861434, Test MAE norm: 0.1905956
Epoch: 1020, LR: 0.000010, Loss: 0.1760795, Validation MAE: 1.8435569, Test MAE: 2.3878725, Test MAE norm: 0.1907338
Epoch: 1024, LR: 0.000010, Loss: 0.1759003, Validation MAE: 1.8411939, Test MAE: 2.3900318, Test MAE norm: 0.1909062
Epoch: 1025, LR: 0.000010, Loss: 0.1753410, Validation MAE: 1.8403367, Test MAE: 2.3822286, Test MAE norm: 0.1902829
Epoch: 1026, LR: 0.000010, Loss: 0.1761928, Validation MAE: 1.8393264, Test MAE: 2.3830779, Test MAE norm: 0.1903508
Epoch: 1030, LR: 0.000010, Loss: 0.1757392, Validation MAE: 1.8382254, Test MAE: 2.3869915, Test MAE norm: 0.1906634
Epoch: 1040, LR: 0.000010, Loss: 0.1759231, Validation MAE: 1.8720497, Test MAE: 2.4034836, Test MAE norm: 0.1919807
Epoch: 1041, LR: 0.000010, Loss: 0.1763070, Validation MAE: 1.8642372, Test MAE: 2.3995972, Test MAE norm: 0.1916703
Epoch: 1042, LR: 0.000010, Loss: 0.1760020, Validation MAE: 1.8455224, Test MAE: 2.3912218, Test MAE norm: 0.1910013
Epoch: 1043, LR: 0.000010, Loss: 0.1753464, Validation MAE: 1.8410412, Test MAE: 2.3804202, Test MAE norm: 0.1901385
Epoch: 1044, LR: 0.000010, Loss: 0.1762973, Validation MAE: 1.8405192, Test MAE: 2.3800597, Test MAE norm: 0.1901097
Epoch: 1045, LR: 0.000010, Loss: 0.1762855, Validation MAE: 1.8404509, Test MAE: 2.3884871, Test MAE norm: 0.1907828
Epoch: 1049, LR: 0.000010, Loss: 0.1757418, Validation MAE: 1.8393848, Test MAE: 2.3862402, Test MAE norm: 0.1906034
Epoch: 1054, LR: 0.000010, Loss: 0.1754524, Validation MAE: 1.8382614, Test MAE: 2.3828490, Test MAE norm: 0.1903325
Epoch: 1055, LR: 0.000010, Loss: 0.1757847, Validation MAE: 1.8377337, Test MAE: 2.3839071, Test MAE norm: 0.1904170
Epoch: 1060, LR: 0.000010, Loss: 0.1754287, Validation MAE: 1.8370861, Test MAE: 2.3857434, Test MAE norm: 0.1905637
Epoch: 1070, LR: 0.000010, Loss: 0.1752694, Validation MAE: 1.8463646, Test MAE: 2.3907006, Test MAE norm: 0.1909596
Epoch: 1071, LR: 0.000010, Loss: 0.1754627, Validation MAE: 1.8409991, Test MAE: 2.3881822, Test MAE norm: 0.1907585
Epoch: 1072, LR: 0.000010, Loss: 0.1753541, Validation MAE: 1.8392926, Test MAE: 2.3839304, Test MAE norm: 0.1904189
Epoch: 1080, LR: 0.000010, Loss: 0.1766775, Validation MAE: 1.8390570, Test MAE: 2.3853273, Test MAE norm: 0.1905305
Epoch: 1085, LR: 0.000010, Loss: 0.1758262, Validation MAE: 1.8345909, Test MAE: 2.3788600, Test MAE norm: 0.1900139
Epoch: 1087, LR: 0.000010, Loss: 0.1765434, Validation MAE: 1.8308095, Test MAE: 2.3806226, Test MAE norm: 0.1901547
Epoch: 1097, LR: 0.000010, Loss: 0.1758560, Validation MAE: 1.8651831, Test MAE: 2.4004648, Test MAE norm: 0.1917396
Epoch: 1098, LR: 0.000010, Loss: 0.1759687, Validation MAE: 1.8577157, Test MAE: 2.3975825, Test MAE norm: 0.1915094
Epoch: 1099, LR: 0.000010, Loss: 0.1755200, Validation MAE: 1.8525150, Test MAE: 2.3897777, Test MAE norm: 0.1908859
Epoch: 1100, LR: 0.000010, Loss: 0.1759174, Validation MAE: 1.8515900, Test MAE: 2.3870604, Test MAE norm: 0.1906689
Epoch: 1105, LR: 0.000010, Loss: 0.1755246, Validation MAE: 1.8469712, Test MAE: 2.3876631, Test MAE norm: 0.1907170
Epoch: 1106, LR: 0.000010, Loss: 0.1758682, Validation MAE: 1.8442905, Test MAE: 2.3857338, Test MAE norm: 0.1905629
Epoch: 1109, LR: 0.000010, Loss: 0.1753292, Validation MAE: 1.8388350, Test MAE: 2.3870599, Test MAE norm: 0.1906689
Epoch: 1112, LR: 0.000010, Loss: 0.1752834, Validation MAE: 1.8340161, Test MAE: 2.3821256, Test MAE norm: 0.1902747
Epoch: 1122, LR: 0.000010, Loss: 0.1752441, Validation MAE: 1.8426743, Test MAE: 2.3906217, Test MAE norm: 0.1909533
Epoch: 1123, LR: 0.000010, Loss: 0.1751888, Validation MAE: 1.8388482, Test MAE: 2.3836479, Test MAE norm: 0.1903963
Epoch: 1131, LR: 0.000010, Loss: 0.1765509, Validation MAE: 1.8384731, Test MAE: 2.3848255, Test MAE norm: 0.1904904
Epoch: 1136, LR: 0.000010, Loss: 0.1756260, Validation MAE: 1.8366710, Test MAE: 2.3755848, Test MAE norm: 0.1897523
Epoch: 1138, LR: 0.000010, Loss: 0.1769276, Validation MAE: 1.8281971, Test MAE: 2.3784730, Test MAE norm: 0.1899830
Epoch: 1148, LR: 0.000010, Loss: 0.1757645, Validation MAE: 1.8688494, Test MAE: 2.4016109, Test MAE norm: 0.1918311
Epoch: 1149, LR: 0.000010, Loss: 0.1759958, Validation MAE: 1.8586149, Test MAE: 2.3979774, Test MAE norm: 0.1915409
Epoch: 1150, LR: 0.000010, Loss: 0.1755439, Validation MAE: 1.8492068, Test MAE: 2.3898020, Test MAE norm: 0.1908879
Epoch: 1156, LR: 0.000010, Loss: 0.1752879, Validation MAE: 1.8428895, Test MAE: 2.3851597, Test MAE norm: 0.1905171
Epoch: 1157, LR: 0.000010, Loss: 0.1757755, Validation MAE: 1.8409514, Test MAE: 2.3834422, Test MAE norm: 0.1903799
Epoch: 1158, LR: 0.000010, Loss: 0.1758332, Validation MAE: 1.8407488, Test MAE: 2.3893888, Test MAE norm: 0.1908549
Epoch: 1161, LR: 0.000010, Loss: 0.1753905, Validation MAE: 1.8325350, Test MAE: 2.3836384, Test MAE norm: 0.1903955
Epoch: 1164, LR: 0.000010, Loss: 0.1751804, Validation MAE: 1.8317965, Test MAE: 2.3836608, Test MAE norm: 0.1903973
Epoch: 1174, LR: 0.000010, Loss: 0.1751290, Validation MAE: 1.8379024, Test MAE: 2.3832266, Test MAE norm: 0.1903627
Epoch: 1179, LR: 0.000010, Loss: 0.1756743, Validation MAE: 1.8360324, Test MAE: 2.3859215, Test MAE norm: 0.1905779
Epoch: 1182, LR: 0.000010, Loss: 0.1764749, Validation MAE: 1.8342557, Test MAE: 2.3834975, Test MAE norm: 0.1903843
Epoch: 1187, LR: 0.000010, Loss: 0.1757157, Validation MAE: 1.8307302, Test MAE: 2.3759632, Test MAE norm: 0.1897825
Epoch: 1189, LR: 0.000010, Loss: 0.1766109, Validation MAE: 1.8248252, Test MAE: 2.3776133, Test MAE norm: 0.1899143
Epoch: 1199, LR: 0.000010, Loss: 0.1760397, Validation MAE: 1.8748307, Test MAE: 2.4035816, Test MAE norm: 0.1919885
Epoch: 1200, LR: 0.000010, Loss: 0.1763509, Validation MAE: 1.8650557, Test MAE: 2.3997929, Test MAE norm: 0.1916859
Epoch: 1201, LR: 0.000010, Loss: 0.1758583, Validation MAE: 1.8444113, Test MAE: 2.3892789, Test MAE norm: 0.1908461
Epoch: 1202, LR: 0.000010, Loss: 0.1753058, Validation MAE: 1.8437585, Test MAE: 2.3850167, Test MAE norm: 0.1905056
Epoch: 1207, LR: 0.000010, Loss: 0.1751866, Validation MAE: 1.8372741, Test MAE: 2.3824825, Test MAE norm: 0.1903032
Epoch: 1208, LR: 0.000010, Loss: 0.1756485, Validation MAE: 1.8354446, Test MAE: 2.3818526, Test MAE norm: 0.1902529
Epoch: 1211, LR: 0.000010, Loss: 0.1752750, Validation MAE: 1.8338823, Test MAE: 2.3850470, Test MAE norm: 0.1905081
Epoch: 1212, LR: 0.000010, Loss: 0.1750327, Validation MAE: 1.8317202, Test MAE: 2.3794198, Test MAE norm: 0.1900586
Epoch: 1222, LR: 0.000010, Loss: 0.1760352, Validation MAE: 1.8824227, Test MAE: 2.4074516, Test MAE norm: 0.1922977
Epoch: 1223, LR: 0.000010, Loss: 0.1768630, Validation MAE: 1.8762108, Test MAE: 2.4042733, Test MAE norm: 0.1920438
Epoch: 1224, LR: 0.000010, Loss: 0.1765863, Validation MAE: 1.8528703, Test MAE: 2.3933110, Test MAE norm: 0.1911682
Epoch: 1225, LR: 0.000010, Loss: 0.1756649, Validation MAE: 1.8275110, Test MAE: 2.3776345, Test MAE norm: 0.1899160
Epoch: 1227, LR: 0.000010, Loss: 0.1761150, Validation MAE: 1.8252155, Test MAE: 2.3787885, Test MAE norm: 0.1900082
Epoch: 1237, LR: 0.000010, Loss: 0.1757583, Validation MAE: 1.8626226, Test MAE: 2.3976367, Test MAE norm: 0.1915137
Epoch: 1238, LR: 0.000010, Loss: 0.1758725, Validation MAE: 1.8538142, Test MAE: 2.3950036, Test MAE norm: 0.1913034
Epoch: 1239, LR: 0.000010, Loss: 0.1754404, Validation MAE: 1.8429763, Test MAE: 2.3869033, Test MAE norm: 0.1906563
Epoch: 1245, LR: 0.000010, Loss: 0.1752730, Validation MAE: 1.8376337, Test MAE: 2.3835356, Test MAE norm: 0.1903873
Epoch: 1246, LR: 0.000010, Loss: 0.1754567, Validation MAE: 1.8355830, Test MAE: 2.3810568, Test MAE norm: 0.1901893
Epoch: 1249, LR: 0.000010, Loss: 0.1753056, Validation MAE: 1.8330303, Test MAE: 2.3845868, Test MAE norm: 0.1904713
Epoch: 1250, LR: 0.000010, Loss: 0.1749580, Validation MAE: 1.8312199, Test MAE: 2.3794045, Test MAE norm: 0.1900574
Epoch: 1251, LR: 0.000010, Loss: 0.1755748, Validation MAE: 1.8302035, Test MAE: 2.3806760, Test MAE norm: 0.1901589
Epoch: 1261, LR: 0.000010, Loss: 0.1770433, Validation MAE: 1.8741100, Test MAE: 2.4038172, Test MAE norm: 0.1920073
Epoch: 1262, LR: 0.000010, Loss: 0.1765027, Validation MAE: 1.8468821, Test MAE: 2.3911865, Test MAE norm: 0.1909985
Epoch: 1263, LR: 0.000010, Loss: 0.1755164, Validation MAE: 1.8316216, Test MAE: 2.3752873, Test MAE norm: 0.1897285
Epoch: 1265, LR: 0.000010, Loss: 0.1765649, Validation MAE: 1.8225267, Test MAE: 2.3781912, Test MAE norm: 0.1899604
Epoch: 1275, LR: 0.000010, Loss: 0.1760699, Validation MAE: 1.8606267, Test MAE: 2.3966718, Test MAE norm: 0.1914366
Epoch: 1276, LR: 0.000010, Loss: 0.1760274, Validation MAE: 1.8441609, Test MAE: 2.3893096, Test MAE norm: 0.1908485
Epoch: 1277, LR: 0.000010, Loss: 0.1753806, Validation MAE: 1.8266156, Test MAE: 2.3779707, Test MAE norm: 0.1899428
Epoch: 1287, LR: 0.000010, Loss: 0.1754375, Validation MAE: 1.8364271, Test MAE: 2.3859775, Test MAE norm: 0.1905824
Epoch: 1288, LR: 0.000010, Loss: 0.1750138, Validation MAE: 1.8356673, Test MAE: 2.3840020, Test MAE norm: 0.1904246
Epoch: 1291, LR: 0.000010, Loss: 0.1751191, Validation MAE: 1.8293084, Test MAE: 2.3818595, Test MAE norm: 0.1902535
Epoch: 1292, LR: 0.000010, Loss: 0.1749640, Validation MAE: 1.8287733, Test MAE: 2.3805552, Test MAE norm: 0.1901493
Epoch: 1296, LR: 0.000010, Loss: 0.1750188, Validation MAE: 1.8281856, Test MAE: 2.3786871, Test MAE norm: 0.1900001
Epoch: 1297, LR: 0.000010, Loss: 0.1752717, Validation MAE: 1.8279324, Test MAE: 2.3803897, Test MAE norm: 0.1901361
Epoch: 1307, LR: 0.000010, Loss: 0.1768447, Validation MAE: 1.8729336, Test MAE: 2.4031050, Test MAE norm: 0.1919505
Epoch: 1308, LR: 0.000010, Loss: 0.1764051, Validation MAE: 1.8428309, Test MAE: 2.3892593, Test MAE norm: 0.1908445
Epoch: 1309, LR: 0.000010, Loss: 0.1752898, Validation MAE: 1.8316913, Test MAE: 2.3744683, Test MAE norm: 0.1896631
Epoch: 1311, LR: 0.000010, Loss: 0.1766202, Validation MAE: 1.8249545, Test MAE: 2.3768971, Test MAE norm: 0.1898571
Epoch: 1316, LR: 0.000010, Loss: 0.1758090, Validation MAE: 1.8242526, Test MAE: 2.3777118, Test MAE norm: 0.1899222
Epoch: 1326, LR: 0.000010, Loss: 0.1765547, Validation MAE: 1.8273821, Test MAE: 2.3731201, Test MAE norm: 0.1895554
Epoch: 1334, LR: 0.000010, Loss: 0.1758281, Validation MAE: 1.8272055, Test MAE: 2.3807054, Test MAE norm: 0.1901613
Epoch: 1344, LR: 0.000010, Loss: 0.1753144, Validation MAE: 1.8456235, Test MAE: 2.3899662, Test MAE norm: 0.1909010
Epoch: 1345, LR: 0.000010, Loss: 0.1754090, Validation MAE: 1.8338634, Test MAE: 2.3842077, Test MAE norm: 0.1904410
Epoch: 1346, LR: 0.000010, Loss: 0.1750406, Validation MAE: 1.8262300, Test MAE: 2.3747909, Test MAE norm: 0.1896888
Epoch: 1347, LR: 0.000010, Loss: 0.1754024, Validation MAE: 1.8244685, Test MAE: 2.3744669, Test MAE norm: 0.1896630
Epoch: 1351, LR: 0.000010, Loss: 0.1753030, Validation MAE: 1.8223788, Test MAE: 2.3774867, Test MAE norm: 0.1899042
Epoch: 1361, LR: 0.000010, Loss: 0.1751807, Validation MAE: 1.8589073, Test MAE: 2.3974798, Test MAE norm: 0.1915012
Epoch: 1364, LR: 0.000010, Loss: 0.1757334, Validation MAE: 1.8363597, Test MAE: 2.3868344, Test MAE norm: 0.1906508
Epoch: 1365, LR: 0.000010, Loss: 0.1748608, Validation MAE: 1.8361758, Test MAE: 2.3733039, Test MAE norm: 0.1895701
Epoch: 1367, LR: 0.000010, Loss: 0.1767631, Validation MAE: 1.8289087, Test MAE: 2.3775601, Test MAE norm: 0.1899101
Epoch: 1372, LR: 0.000010, Loss: 0.1754175, Validation MAE: 1.8250942, Test MAE: 2.3766451, Test MAE norm: 0.1898369
Epoch: 1374, LR: 0.000010, Loss: 0.1757929, Validation MAE: 1.8215781, Test MAE: 2.3774722, Test MAE norm: 0.1899030
Epoch: 1384, LR: 0.000010, Loss: 0.1754716, Validation MAE: 1.8569351, Test MAE: 2.3958688, Test MAE norm: 0.1913725
Epoch: 1385, LR: 0.000010, Loss: 0.1756059, Validation MAE: 1.8480389, Test MAE: 2.3921664, Test MAE norm: 0.1910767
Epoch: 1386, LR: 0.000010, Loss: 0.1751780, Validation MAE: 1.8370187, Test MAE: 2.3838959, Test MAE norm: 0.1904161
Epoch: 1392, LR: 0.000010, Loss: 0.1751387, Validation MAE: 1.8311559, Test MAE: 2.3811371, Test MAE norm: 0.1901958
Epoch: 1393, LR: 0.000010, Loss: 0.1752086, Validation MAE: 1.8289887, Test MAE: 2.3783276, Test MAE norm: 0.1899713
Epoch: 1396, LR: 0.000010, Loss: 0.1748649, Validation MAE: 1.8270789, Test MAE: 2.3810222, Test MAE norm: 0.1901866
Epoch: 1399, LR: 0.000010, Loss: 0.1750183, Validation MAE: 1.8214827, Test MAE: 2.3779249, Test MAE norm: 0.1899392
Epoch: 1409, LR: 0.000010, Loss: 0.1750693, Validation MAE: 1.8378377, Test MAE: 2.3884456, Test MAE norm: 0.1907795
Epoch: 1410, LR: 0.000010, Loss: 0.1748631, Validation MAE: 1.8326092, Test MAE: 2.3806200, Test MAE norm: 0.1901545
Epoch: 1411, LR: 0.000010, Loss: 0.1753228, Validation MAE: 1.8325779, Test MAE: 2.3818693, Test MAE norm: 0.1902542
Epoch: 1420, LR: 0.000010, Loss: 0.1747496, Validation MAE: 1.8302220, Test MAE: 2.3785059, Test MAE norm: 0.1899856
Epoch: 1425, LR: 0.000010, Loss: 0.1747523, Validation MAE: 1.8276948, Test MAE: 2.3781466, Test MAE norm: 0.1899569
Epoch: 1431, LR: 0.000010, Loss: 0.1750282, Validation MAE: 1.8271073, Test MAE: 2.3797543, Test MAE norm: 0.1900853
Epoch: 1435, LR: 0.000010, Loss: 0.1750136, Validation MAE: 1.8234494, Test MAE: 2.3776443, Test MAE norm: 0.1899168
Epoch: 1436, LR: 0.000010, Loss: 0.1749475, Validation MAE: 1.8228779, Test MAE: 2.3777926, Test MAE norm: 0.1899286
Epoch: 1440, LR: 0.000010, Loss: 0.1749114, Validation MAE: 1.8214962, Test MAE: 2.3748510, Test MAE norm: 0.1896936
Epoch: 1441, LR: 0.000010, Loss: 0.1750469, Validation MAE: 1.8201309, Test MAE: 2.3754854, Test MAE norm: 0.1897443
Epoch: 1451, LR: 0.000010, Loss: 0.1751041, Validation MAE: 1.8244923, Test MAE: 2.3789022, Test MAE norm: 0.1900172
Epoch: 1457, LR: 0.000010, Loss: 0.1749354, Validation MAE: 1.8243071, Test MAE: 2.3782322, Test MAE norm: 0.1899637
Epoch: 1461, LR: 0.000010, Loss: 0.1747877, Validation MAE: 1.8239468, Test MAE: 2.3750920, Test MAE norm: 0.1897129
Epoch: 1462, LR: 0.000010, Loss: 0.1752199, Validation MAE: 1.8226324, Test MAE: 2.3760507, Test MAE norm: 0.1897895
Epoch: 1472, LR: 0.000010, Loss: 0.1747452, Validation MAE: 1.8262943, Test MAE: 2.3804715, Test MAE norm: 0.1901426
Epoch: 1480, LR: 0.000010, Loss: 0.1747219, Validation MAE: 1.8252082, Test MAE: 2.3783646, Test MAE norm: 0.1899743
Epoch: 1481, LR: 0.000010, Loss: 0.1750605, Validation MAE: 1.8238025, Test MAE: 2.3795972, Test MAE norm: 0.1900728
Epoch: 1485, LR: 0.000010, Loss: 0.1751353, Validation MAE: 1.8229692, Test MAE: 2.3794458, Test MAE norm: 0.1900607
Epoch: 1495, LR: 0.000010, Loss: 0.1748728, Validation MAE: 1.8266900, Test MAE: 2.3809073, Test MAE norm: 0.1901774
Epoch: 1497, LR: 0.000010, Loss: 0.1745952, Validation MAE: 1.8212881, Test MAE: 2.3774004, Test MAE norm: 0.1898973
Epoch: 1500, LR: 0.000010, Loss: 0.1747186, Validation MAE: 1.8206855, Test MAE: 2.3771429, Test MAE norm: 0.1898767
Epoch: 1501, LR: 0.000010, Loss: 0.1746242, Validation MAE: 1.8198974, Test MAE: 2.3761544, Test MAE norm: 0.1897978
Epoch: 1511, LR: 0.000010, Loss: 0.1746237, Validation MAE: 1.8268411, Test MAE: 2.3821406, Test MAE norm: 0.1902759
Epoch: 1514, LR: 0.000010, Loss: 0.1749022, Validation MAE: 1.8266612, Test MAE: 2.3824596, Test MAE norm: 0.1903014
Epoch: 1515, LR: 0.000010, Loss: 0.1745366, Validation MAE: 1.8254253, Test MAE: 2.3751929, Test MAE norm: 0.1897210
Epoch: 1516, LR: 0.000010, Loss: 0.1753417, Validation MAE: 1.8229504, Test MAE: 2.3760507, Test MAE norm: 0.1897895
Epoch: 1525, LR: 0.000010, Loss: 0.1749543, Validation MAE: 1.8221588, Test MAE: 2.3778701, Test MAE norm: 0.1899348
Epoch: 1526, LR: 0.000010, Loss: 0.1748381, Validation MAE: 1.8209767, Test MAE: 2.3764086, Test MAE norm: 0.1898181
Epoch: 1530, LR: 0.000010, Loss: 0.1748554, Validation MAE: 1.8204595, Test MAE: 2.3745279, Test MAE norm: 0.1896679
Epoch: 1531, LR: 0.000010, Loss: 0.1749007, Validation MAE: 1.8198662, Test MAE: 2.3759472, Test MAE norm: 0.1897812
Epoch: 1541, LR: 0.000010, Loss: 0.1749070, Validation MAE: 1.8311642, Test MAE: 2.3824072, Test MAE norm: 0.1902972
Epoch: 1542, LR: 0.000010, Loss: 0.1747281, Validation MAE: 1.8305973, Test MAE: 2.3812015, Test MAE norm: 0.1902009
Epoch: 1544, LR: 0.000010, Loss: 0.1745106, Validation MAE: 1.8273194, Test MAE: 2.3821881, Test MAE norm: 0.1902797
Epoch: 1545, LR: 0.000010, Loss: 0.1744696, Validation MAE: 1.8245877, Test MAE: 2.3790643, Test MAE norm: 0.1900302
Epoch: 1548, LR: 0.000010, Loss: 0.1747774, Validation MAE: 1.8201690, Test MAE: 2.3781049, Test MAE norm: 0.1899536
Epoch: 1549, LR: 0.000010, Loss: 0.1745007, Validation MAE: 1.8189913, Test MAE: 2.3746164, Test MAE norm: 0.1896749
Epoch: 1559, LR: 0.000010, Loss: 0.1744909, Validation MAE: 1.8293849, Test MAE: 2.3729928, Test MAE norm: 0.1895452
Epoch: 1561, LR: 0.000010, Loss: 0.1757779, Validation MAE: 1.8274686, Test MAE: 2.3816674, Test MAE norm: 0.1902381
Epoch: 1565, LR: 0.000010, Loss: 0.1754245, Validation MAE: 1.8210685, Test MAE: 2.3781955, Test MAE norm: 0.1899608
Epoch: 1567, LR: 0.000010, Loss: 0.1753645, Validation MAE: 1.8172412, Test MAE: 2.3731761, Test MAE norm: 0.1895599
Epoch: 1572, LR: 0.000010, Loss: 0.1749385, Validation MAE: 1.8160051, Test MAE: 2.3704345, Test MAE norm: 0.1893409
Epoch: 1582, LR: 0.000010, Loss: 0.1756139, Validation MAE: 1.8662235, Test MAE: 2.3996768, Test MAE norm: 0.1916766
Epoch: 1583, LR: 0.000010, Loss: 0.1759818, Validation MAE: 1.8428578, Test MAE: 2.3898740, Test MAE norm: 0.1908936
Epoch: 1584, LR: 0.000010, Loss: 0.1750074, Validation MAE: 1.8218724, Test MAE: 2.3755517, Test MAE norm: 0.1897496
Epoch: 1586, LR: 0.000010, Loss: 0.1753642, Validation MAE: 1.8158958, Test MAE: 2.3754427, Test MAE norm: 0.1897409
Epoch: 1596, LR: 0.000010, Loss: 0.1751153, Validation MAE: 1.8242431, Test MAE: 2.3797655, Test MAE norm: 0.1900862
Epoch: 1597, LR: 0.000010, Loss: 0.1746747, Validation MAE: 1.8229289, Test MAE: 2.3716438, Test MAE norm: 0.1894375
Epoch: 1598, LR: 0.000010, Loss: 0.1752153, Validation MAE: 1.8212519, Test MAE: 2.3729687, Test MAE norm: 0.1895433
Epoch: 1608, LR: 0.000010, Loss: 0.1743499, Validation MAE: 1.8235763, Test MAE: 2.3799689, Test MAE norm: 0.1901024
Epoch: 1611, LR: 0.000010, Loss: 0.1744793, Validation MAE: 1.8175961, Test MAE: 2.3725021, Test MAE norm: 0.1895060
Epoch: 1612, LR: 0.000010, Loss: 0.1747482, Validation MAE: 1.8151479, Test MAE: 2.3735604, Test MAE norm: 0.1895906
Epoch: 1618, LR: 0.000010, Loss: 0.1750835, Validation MAE: 1.8148272, Test MAE: 2.3721662, Test MAE norm: 0.1894792
Epoch: 1628, LR: 0.000010, Loss: 0.1763739, Validation MAE: 1.8519014, Test MAE: 2.3928688, Test MAE norm: 0.1911328
Epoch: 1629, LR: 0.000010, Loss: 0.1754611, Validation MAE: 1.8208472, Test MAE: 2.3783507, Test MAE norm: 0.1899732
Epoch: 1632, LR: 0.000010, Loss: 0.1766123, Validation MAE: 1.8177639, Test MAE: 2.3760614, Test MAE norm: 0.1897903
Epoch: 1639, LR: 0.000010, Loss: 0.1773274, Validation MAE: 1.8171481, Test MAE: 2.3733716, Test MAE norm: 0.1895755
Epoch: 1646, LR: 0.000010, Loss: 0.1763040, Validation MAE: 1.8142946, Test MAE: 2.3707974, Test MAE norm: 0.1893699
Epoch: 1651, LR: 0.000010, Loss: 0.1754115, Validation MAE: 1.8131232, Test MAE: 2.3698504, Test MAE norm: 0.1892942
Epoch: 1661, LR: 0.000010, Loss: 0.1746484, Validation MAE: 1.8453779, Test MAE: 2.3917367, Test MAE norm: 0.1910424
Epoch: 1663, LR: 0.000010, Loss: 0.1750875, Validation MAE: 1.8348843, Test MAE: 2.3870146, Test MAE norm: 0.1906652
Epoch: 1664, LR: 0.000010, Loss: 0.1746221, Validation MAE: 1.8232124, Test MAE: 2.3769374, Test MAE norm: 0.1898603
Epoch: 1665, LR: 0.000010, Loss: 0.1748860, Validation MAE: 1.8214430, Test MAE: 2.3742721, Test MAE norm: 0.1896474
Epoch: 1666, LR: 0.000010, Loss: 0.1750052, Validation MAE: 1.8213505, Test MAE: 2.3800216, Test MAE norm: 0.1901067
Epoch: 1668, LR: 0.000010, Loss: 0.1745569, Validation MAE: 1.8205276, Test MAE: 2.3788898, Test MAE norm: 0.1900163
Epoch: 1669, LR: 0.000010, Loss: 0.1743069, Validation MAE: 1.8190918, Test MAE: 2.3732924, Test MAE norm: 0.1895692
Epoch: 1670, LR: 0.000010, Loss: 0.1748299, Validation MAE: 1.8190032, Test MAE: 2.3761551, Test MAE norm: 0.1897978
Epoch: 1677, LR: 0.000010, Loss: 0.1754762, Validation MAE: 1.8177388, Test MAE: 2.3767397, Test MAE norm: 0.1898445
Epoch: 1684, LR: 0.000010, Loss: 0.1759450, Validation MAE: 1.8121936, Test MAE: 2.3730843, Test MAE norm: 0.1895525
Epoch: 1694, LR: 0.000010, Loss: 0.1759784, Validation MAE: 1.8527139, Test MAE: 2.3927202, Test MAE norm: 0.1911210
Epoch: 1695, LR: 0.000010, Loss: 0.1754748, Validation MAE: 1.8267490, Test MAE: 2.3817391, Test MAE norm: 0.1902439
Epoch: 1696, LR: 0.000010, Loss: 0.1745963, Validation MAE: 1.8266636, Test MAE: 2.3686004, Test MAE norm: 0.1891944
Epoch: 1698, LR: 0.000010, Loss: 0.1759325, Validation MAE: 1.8152030, Test MAE: 2.3735497, Test MAE norm: 0.1895897
Epoch: 1705, LR: 0.000010, Loss: 0.1758463, Validation MAE: 1.8119746, Test MAE: 2.3702686, Test MAE norm: 0.1893276
Epoch: 1715, LR: 0.000010, Loss: 0.1747174, Validation MAE: 1.8227110, Test MAE: 2.3762035, Test MAE norm: 0.1898017
Epoch: 1719, LR: 0.000010, Loss: 0.1745223, Validation MAE: 1.8217905, Test MAE: 2.3796165, Test MAE norm: 0.1900743
Epoch: 1723, LR: 0.000010, Loss: 0.1744543, Validation MAE: 1.8162624, Test MAE: 2.3697662, Test MAE norm: 0.1892875
Epoch: 1724, LR: 0.000010, Loss: 0.1747871, Validation MAE: 1.8157700, Test MAE: 2.3695037, Test MAE norm: 0.1892665
Epoch: 1730, LR: 0.000010, Loss: 0.1748568, Validation MAE: 1.8144990, Test MAE: 2.3703682, Test MAE norm: 0.1893356
Epoch: 1740, LR: 0.000010, Loss: 0.1755941, Validation MAE: 1.8398548, Test MAE: 2.3875794, Test MAE norm: 0.1907104
Epoch: 1741, LR: 0.000010, Loss: 0.1749331, Validation MAE: 1.8147936, Test MAE: 2.3737826, Test MAE norm: 0.1896083
Epoch: 1743, LR: 0.000010, Loss: 0.1747574, Validation MAE: 1.8138657, Test MAE: 2.3744428, Test MAE norm: 0.1896610
Epoch: 1746, LR: 0.000010, Loss: 0.1745005, Validation MAE: 1.8135140, Test MAE: 2.3741333, Test MAE norm: 0.1896363
Epoch: 1756, LR: 0.000010, Loss: 0.1745551, Validation MAE: 1.8518335, Test MAE: 2.3943770, Test MAE norm: 0.1912533
Epoch: 1758, LR: 0.000010, Loss: 0.1761105, Validation MAE: 1.8500872, Test MAE: 2.3932114, Test MAE norm: 0.1911602
Epoch: 1759, LR: 0.000010, Loss: 0.1752287, Validation MAE: 1.8209877, Test MAE: 2.3794158, Test MAE norm: 0.1900583
Epoch: 1760, LR: 0.000010, Loss: 0.1741940, Validation MAE: 1.8192601, Test MAE: 2.3720100, Test MAE norm: 0.1894667
Epoch: 1761, LR: 0.000010, Loss: 0.1748999, Validation MAE: 1.8121662, Test MAE: 2.3725040, Test MAE norm: 0.1895062
Epoch: 1771, LR: 0.000010, Loss: 0.1757687, Validation MAE: 1.8527839, Test MAE: 2.3918746, Test MAE norm: 0.1910534
Epoch: 1772, LR: 0.000010, Loss: 0.1756388, Validation MAE: 1.8316338, Test MAE: 2.3826129, Test MAE norm: 0.1903137
Epoch: 1773, LR: 0.000010, Loss: 0.1746942, Validation MAE: 1.8195287, Test MAE: 2.3721359, Test MAE norm: 0.1894768
Epoch: 1775, LR: 0.000010, Loss: 0.1752437, Validation MAE: 1.8163368, Test MAE: 2.3737183, Test MAE norm: 0.1896032
Epoch: 1782, LR: 0.000010, Loss: 0.1757067, Validation MAE: 1.8147833, Test MAE: 2.3751376, Test MAE norm: 0.1897165
Epoch: 1789, LR: 0.000010, Loss: 0.1760426, Validation MAE: 1.8108348, Test MAE: 2.3701799, Test MAE norm: 0.1893205
Epoch: 1799, LR: 0.000010, Loss: 0.1760531, Validation MAE: 1.8487842, Test MAE: 2.3913627, Test MAE norm: 0.1910125
Epoch: 1800, LR: 0.000010, Loss: 0.1754819, Validation MAE: 1.8214512, Test MAE: 2.3780584, Test MAE norm: 0.1899499
Epoch: 1803, LR: 0.000010, Loss: 0.1757134, Validation MAE: 1.8110104, Test MAE: 2.3710208, Test MAE norm: 0.1893877
Epoch: 1810, LR: 0.000010, Loss: 0.1754985, Validation MAE: 1.8093282, Test MAE: 2.3682818, Test MAE norm: 0.1891689
Epoch: 1820, LR: 0.000010, Loss: 0.1742060, Validation MAE: 1.8323349, Test MAE: 2.3846540, Test MAE norm: 0.1904767
Epoch: 1822, LR: 0.000010, Loss: 0.1745468, Validation MAE: 1.8221073, Test MAE: 2.3795509, Test MAE norm: 0.1900691
Epoch: 1823, LR: 0.000010, Loss: 0.1741564, Validation MAE: 1.8207544, Test MAE: 2.3710947, Test MAE norm: 0.1893936
Epoch: 1824, LR: 0.000010, Loss: 0.1750186, Validation MAE: 1.8182051, Test MAE: 2.3698089, Test MAE norm: 0.1892909
Epoch: 1825, LR: 0.000010, Loss: 0.1749524, Validation MAE: 1.8149567, Test MAE: 2.3758812, Test MAE norm: 0.1897759
Epoch: 1835, LR: 0.000010, Loss: 0.1746737, Validation MAE: 1.8196808, Test MAE: 2.3788757, Test MAE norm: 0.1900151
Epoch: 1838, LR: 0.000010, Loss: 0.1751698, Validation MAE: 1.8177378, Test MAE: 2.3765850, Test MAE norm: 0.1898322
Epoch: 1842, LR: 0.000010, Loss: 0.1750853, Validation MAE: 1.8157027, Test MAE: 2.3763552, Test MAE norm: 0.1898138
Epoch: 1845, LR: 0.000010, Loss: 0.1758453, Validation MAE: 1.8122729, Test MAE: 2.3733077, Test MAE norm: 0.1895704
Epoch: 1852, LR: 0.000010, Loss: 0.1759592, Validation MAE: 1.8095289, Test MAE: 2.3682494, Test MAE norm: 0.1891663
Epoch: 1857, LR: 0.000010, Loss: 0.1750351, Validation MAE: 1.8086790, Test MAE: 2.3674369, Test MAE norm: 0.1891014
Epoch: 1864, LR: 0.000010, Loss: 0.1748200, Validation MAE: 1.8086735, Test MAE: 2.3696833, Test MAE norm: 0.1892809
Epoch: 1874, LR: 0.000010, Loss: 0.1743958, Validation MAE: 1.8385787, Test MAE: 2.3878410, Test MAE norm: 0.1907312
Epoch: 1876, LR: 0.000010, Loss: 0.1751954, Validation MAE: 1.8356946, Test MAE: 2.3862584, Test MAE norm: 0.1906048
Epoch: 1877, LR: 0.000010, Loss: 0.1746719, Validation MAE: 1.8146039, Test MAE: 2.3758922, Test MAE norm: 0.1897768
Epoch: 1878, LR: 0.000010, Loss: 0.1740853, Validation MAE: 1.8114229, Test MAE: 2.3724730, Test MAE norm: 0.1895037
Epoch: 1881, LR: 0.000010, Loss: 0.1743107, Validation MAE: 1.8102129, Test MAE: 2.3728757, Test MAE norm: 0.1895359
Epoch: 1882, LR: 0.000010, Loss: 0.1741618, Validation MAE: 1.8096912, Test MAE: 2.3695383, Test MAE norm: 0.1892693
Epoch: 1883, LR: 0.000010, Loss: 0.1743496, Validation MAE: 1.8093947, Test MAE: 2.3717372, Test MAE norm: 0.1894449
Epoch: 1893, LR: 0.000010, Loss: 0.1742897, Validation MAE: 1.8285320, Test MAE: 2.3837655, Test MAE norm: 0.1904057
Epoch: 1894, LR: 0.000010, Loss: 0.1743889, Validation MAE: 1.8180994, Test MAE: 2.3781657, Test MAE norm: 0.1899584
Epoch: 1895, LR: 0.000010, Loss: 0.1740007, Validation MAE: 1.8155632, Test MAE: 2.3759944, Test MAE norm: 0.1897850
Epoch: 1898, LR: 0.000010, Loss: 0.1741274, Validation MAE: 1.8109405, Test MAE: 2.3713646, Test MAE norm: 0.1894152
Epoch: 1899, LR: 0.000010, Loss: 0.1742530, Validation MAE: 1.8103012, Test MAE: 2.3729575, Test MAE norm: 0.1895424
Epoch: 1902, LR: 0.000010, Loss: 0.1742542, Validation MAE: 1.8084848, Test MAE: 2.3706644, Test MAE norm: 0.1893592
Epoch: 1912, LR: 0.000010, Loss: 0.1742463, Validation MAE: 1.8178225, Test MAE: 2.3780780, Test MAE norm: 0.1899514
Epoch: 1914, LR: 0.000010, Loss: 0.1741927, Validation MAE: 1.8160396, Test MAE: 2.3766520, Test MAE norm: 0.1898375
Epoch: 1915, LR: 0.000010, Loss: 0.1739837, Validation MAE: 1.8141482, Test MAE: 2.3698497, Test MAE norm: 0.1892942
Epoch: 1916, LR: 0.000010, Loss: 0.1745674, Validation MAE: 1.8120141, Test MAE: 2.3709745, Test MAE norm: 0.1893840
Epoch: 1920, LR: 0.000010, Loss: 0.1745032, Validation MAE: 1.8096520, Test MAE: 2.3718138, Test MAE norm: 0.1894511
Epoch: 1922, LR: 0.000010, Loss: 0.1745406, Validation MAE: 1.8096126, Test MAE: 2.3716273, Test MAE norm: 0.1894362
Epoch: 1932, LR: 0.000010, Loss: 0.1743683, Validation MAE: 1.8158532, Test MAE: 2.3732371, Test MAE norm: 0.1895647
Epoch: 1935, LR: 0.000010, Loss: 0.1740582, Validation MAE: 1.8141654, Test MAE: 2.3743029, Test MAE norm: 0.1896499
Epoch: 1938, LR: 0.000010, Loss: 0.1740739, Validation MAE: 1.8114282, Test MAE: 2.3738666, Test MAE norm: 0.1896150
Epoch: 1941, LR: 0.000010, Loss: 0.1740157, Validation MAE: 1.8092948, Test MAE: 2.3727219, Test MAE norm: 0.1895236
Epoch: 1942, LR: 0.000010, Loss: 0.1739440, Validation MAE: 1.8089056, Test MAE: 2.3721573, Test MAE norm: 0.1894785
Epoch: 1952, LR: 0.000010, Loss: 0.1745408, Validation MAE: 1.8241228, Test MAE: 2.3802466, Test MAE norm: 0.1901246
Epoch: 1955, LR: 0.000010, Loss: 0.1741421, Validation MAE: 1.8155799, Test MAE: 2.3725712, Test MAE norm: 0.1895116
Epoch: 1956, LR: 0.000010, Loss: 0.1742991, Validation MAE: 1.8145796, Test MAE: 2.3718495, Test MAE norm: 0.1894539
Epoch: 1959, LR: 0.000010, Loss: 0.1740102, Validation MAE: 1.8112110, Test MAE: 2.3716903, Test MAE norm: 0.1894412
Epoch: 1960, LR: 0.000010, Loss: 0.1740554, Validation MAE: 1.8104864, Test MAE: 2.3728912, Test MAE norm: 0.1895371
Epoch: 1964, LR: 0.000010, Loss: 0.1742083, Validation MAE: 1.8099389, Test MAE: 2.3725028, Test MAE norm: 0.1895061
Epoch: 1966, LR: 0.000010, Loss: 0.1739399, Validation MAE: 1.8094436, Test MAE: 2.3707578, Test MAE norm: 0.1893667
Epoch: 1976, LR: 0.000010, Loss: 0.1746838, Validation MAE: 1.8154598, Test MAE: 2.3750045, Test MAE norm: 0.1897059
Epoch: 1979, LR: 0.000010, Loss: 0.1740585, Validation MAE: 1.8108289, Test MAE: 2.3686430, Test MAE norm: 0.1891978
Epoch: 1980, LR: 0.000010, Loss: 0.1742978, Validation MAE: 1.8097060, Test MAE: 2.3697708, Test MAE norm: 0.1892879
Epoch: 1984, LR: 0.000010, Loss: 0.1743023, Validation MAE: 1.8088273, Test MAE: 2.3708990, Test MAE norm: 0.1893780
Epoch: 1994, LR: 0.000010, Loss: 0.1738326, Validation MAE: 1.8188689, Test MAE: 2.3767564, Test MAE norm: 0.1898458
Epoch: 1995, LR: 0.000010, Loss: 0.1740496, Validation MAE: 1.8132970, Test MAE: 2.3742850, Test MAE norm: 0.1896484
Epoch: 1996, LR: 0.000010, Loss: 0.1738313, Validation MAE: 1.8105544, Test MAE: 2.3720906, Test MAE norm: 0.1894732
Epoch: 1999, LR: 0.000010, Loss: 0.1738804, Validation MAE: 1.8097193, Test MAE: 2.3697748, Test MAE norm: 0.1892882
Epoch: 1999, LR: 0.000010, Loss: 0.1738804, Validation MAE: 1.8097193, Test MAE: 2.3697748, Test MAE norm: 0.1892882