Command line input: python run_count.py --batch_size 256 --target 1 --model GNNAK --h 3 --seed 1 --epoch 2000 --dataset easy-1
Mean = 8.080, Std = 23.150
Using GNNAK model

Epoch: 001, LR: 0.001000, Loss: 0.7168189, Validation MAE: 14.2279520, Test MAE: 11.6176081, Test MAE norm: 0.5018470
Epoch: 002, LR: 0.001000, Loss: 0.5548870, Validation MAE: 11.4460487, Test MAE: 8.5899229, Test MAE norm: 0.3710597
Epoch: 003, LR: 0.001000, Loss: 0.4460565, Validation MAE: 9.7863731, Test MAE: 8.1935158, Test MAE norm: 0.3539361
Epoch: 004, LR: 0.001000, Loss: 0.3938593, Validation MAE: 7.7120743, Test MAE: 6.9839907, Test MAE norm: 0.3016881
Epoch: 005, LR: 0.001000, Loss: 0.3311189, Validation MAE: 6.2760372, Test MAE: 6.6955137, Test MAE norm: 0.2892268
Epoch: 006, LR: 0.001000, Loss: 0.2971936, Validation MAE: 5.7159519, Test MAE: 6.5709424, Test MAE norm: 0.2838457
Epoch: 007, LR: 0.001000, Loss: 0.2776248, Validation MAE: 5.5798564, Test MAE: 5.7449331, Test MAE norm: 0.2481644
Epoch: 008, LR: 0.001000, Loss: 0.2361972, Validation MAE: 4.1240354, Test MAE: 3.9807489, Test MAE norm: 0.1719568
Epoch: 011, LR: 0.001000, Loss: 0.1764758, Validation MAE: 3.9780188, Test MAE: 3.7646554, Test MAE norm: 0.1626222
Epoch: 013, LR: 0.001000, Loss: 0.1666587, Validation MAE: 3.0485675, Test MAE: 3.2864792, Test MAE norm: 0.1419664
Epoch: 015, LR: 0.001000, Loss: 0.1676694, Validation MAE: 3.0370135, Test MAE: 3.6239219, Test MAE norm: 0.1565429
Epoch: 018, LR: 0.001000, Loss: 0.1300766, Validation MAE: 2.6716177, Test MAE: 3.3284492, Test MAE norm: 0.1437794
Epoch: 023, LR: 0.001000, Loss: 0.1148025, Validation MAE: 2.2872038, Test MAE: 2.1862538, Test MAE norm: 0.0944398
Epoch: 028, LR: 0.001000, Loss: 0.1120386, Validation MAE: 2.2250268, Test MAE: 2.4067154, Test MAE norm: 0.1039631
Epoch: 031, LR: 0.001000, Loss: 0.1051689, Validation MAE: 2.0451829, Test MAE: 2.0616553, Test MAE norm: 0.0890575
Epoch: 039, LR: 0.001000, Loss: 0.0789794, Validation MAE: 1.9887272, Test MAE: 1.9320750, Test MAE norm: 0.0834600
Epoch: 049, LR: 0.001000, Loss: 0.0772302, Validation MAE: 1.9945655, Test MAE: 1.9093996, Test MAE norm: 0.0824805
Epoch: 058, LR: 0.000900, Loss: 0.0758262, Validation MAE: 1.9938806, Test MAE: 1.7471673, Test MAE norm: 0.0754726
Epoch: 061, LR: 0.000900, Loss: 0.0767349, Validation MAE: 1.8913245, Test MAE: 2.0290256, Test MAE norm: 0.0876480
Epoch: 068, LR: 0.000900, Loss: 0.0728950, Validation MAE: 1.8429455, Test MAE: 1.6408955, Test MAE norm: 0.0708819
Epoch: 071, LR: 0.000900, Loss: 0.0695437, Validation MAE: 1.8223771, Test MAE: 1.7593969, Test MAE norm: 0.0760008
Epoch: 081, LR: 0.000900, Loss: 0.0841735, Validation MAE: 1.8209625, Test MAE: 1.7071844, Test MAE norm: 0.0737454
Epoch: 090, LR: 0.000900, Loss: 0.0785009, Validation MAE: 1.7783018, Test MAE: 1.7747331, Test MAE norm: 0.0766633
Epoch: 100, LR: 0.000900, Loss: 0.0849985, Validation MAE: 2.2567096, Test MAE: 1.9450319, Test MAE norm: 0.0840197
Epoch: 101, LR: 0.000900, Loss: 0.0801175, Validation MAE: 2.1962070, Test MAE: 2.0617819, Test MAE norm: 0.0890630
Epoch: 102, LR: 0.000810, Loss: 0.0839340, Validation MAE: 2.0196807, Test MAE: 1.9205283, Test MAE norm: 0.0829613
Epoch: 103, LR: 0.000810, Loss: 0.0748883, Validation MAE: 1.9870454, Test MAE: 1.8541255, Test MAE norm: 0.0800928
Epoch: 105, LR: 0.000810, Loss: 0.0814836, Validation MAE: 1.9771726, Test MAE: 1.7660481, Test MAE norm: 0.0762882
Epoch: 106, LR: 0.000810, Loss: 0.0726820, Validation MAE: 1.9208263, Test MAE: 1.7733039, Test MAE norm: 0.0766016
Epoch: 108, LR: 0.000810, Loss: 0.0756598, Validation MAE: 1.8801355, Test MAE: 1.6117897, Test MAE norm: 0.0696246
Epoch: 111, LR: 0.000810, Loss: 0.0748181, Validation MAE: 1.7906984, Test MAE: 1.6900383, Test MAE norm: 0.0730048
Epoch: 118, LR: 0.000729, Loss: 0.0699451, Validation MAE: 1.6858824, Test MAE: 1.6913329, Test MAE norm: 0.0730607
Epoch: 120, LR: 0.000729, Loss: 0.0663943, Validation MAE: 1.6567117, Test MAE: 1.7370358, Test MAE norm: 0.0750349
Epoch: 123, LR: 0.000729, Loss: 0.0657512, Validation MAE: 1.5599793, Test MAE: 1.6745868, Test MAE norm: 0.0723373
Epoch: 126, LR: 0.000729, Loss: 0.0656480, Validation MAE: 1.5239842, Test MAE: 1.5069137, Test MAE norm: 0.0650943
Epoch: 132, LR: 0.000729, Loss: 0.0738331, Validation MAE: 1.5190061, Test MAE: 1.4937714, Test MAE norm: 0.0645266
Epoch: 142, LR: 0.000729, Loss: 0.0634881, Validation MAE: 1.9290985, Test MAE: 1.7368414, Test MAE norm: 0.0750265
Epoch: 144, LR: 0.000656, Loss: 0.0711527, Validation MAE: 1.7527888, Test MAE: 1.5744231, Test MAE norm: 0.0680105
Epoch: 145, LR: 0.000656, Loss: 0.0644662, Validation MAE: 1.6427032, Test MAE: 1.6341853, Test MAE norm: 0.0705921
Epoch: 147, LR: 0.000656, Loss: 0.0638279, Validation MAE: 1.5067203, Test MAE: 1.6172758, Test MAE norm: 0.0698616
Epoch: 152, LR: 0.000656, Loss: 0.0579747, Validation MAE: 1.4064407, Test MAE: 1.3248929, Test MAE norm: 0.0572315
Epoch: 155, LR: 0.000656, Loss: 0.0606444, Validation MAE: 1.3780986, Test MAE: 1.3817077, Test MAE norm: 0.0596858
Epoch: 165, LR: 0.000656, Loss: 0.0599464, Validation MAE: 1.9405375, Test MAE: 1.6058102, Test MAE norm: 0.0693663
Epoch: 166, LR: 0.000656, Loss: 0.0691879, Validation MAE: 1.7132279, Test MAE: 1.4919164, Test MAE norm: 0.0644465
Epoch: 167, LR: 0.000590, Loss: 0.0624595, Validation MAE: 1.6353011, Test MAE: 1.5806457, Test MAE norm: 0.0682793
Epoch: 171, LR: 0.000590, Loss: 0.0639681, Validation MAE: 1.5581039, Test MAE: 1.4785100, Test MAE norm: 0.0638673
Epoch: 174, LR: 0.000590, Loss: 0.0611977, Validation MAE: 1.5214394, Test MAE: 1.3323058, Test MAE norm: 0.0575517
Epoch: 175, LR: 0.000590, Loss: 0.0551552, Validation MAE: 1.5071208, Test MAE: 1.4156337, Test MAE norm: 0.0611513
Epoch: 177, LR: 0.000590, Loss: 0.0553694, Validation MAE: 1.4731494, Test MAE: 1.3676436, Test MAE norm: 0.0590782
Epoch: 178, LR: 0.000531, Loss: 0.0544324, Validation MAE: 1.4493378, Test MAE: 1.4100075, Test MAE norm: 0.0609082
Epoch: 179, LR: 0.000531, Loss: 0.0545524, Validation MAE: 1.4352334, Test MAE: 1.4161626, Test MAE norm: 0.0611741
Epoch: 180, LR: 0.000531, Loss: 0.0525820, Validation MAE: 1.3697848, Test MAE: 1.4239888, Test MAE norm: 0.0615122
Epoch: 189, LR: 0.000531, Loss: 0.0575542, Validation MAE: 1.3510695, Test MAE: 1.4487193, Test MAE norm: 0.0625805
Epoch: 196, LR: 0.000531, Loss: 0.0538428, Validation MAE: 1.2965082, Test MAE: 1.7848576, Test MAE norm: 0.0771007
Epoch: 206, LR: 0.000531, Loss: 0.0536578, Validation MAE: 1.3290942, Test MAE: 1.2513939, Test MAE norm: 0.0540566
Epoch: 209, LR: 0.000478, Loss: 0.0487337, Validation MAE: 1.2835975, Test MAE: 1.2164143, Test MAE norm: 0.0525456
Epoch: 215, LR: 0.000478, Loss: 0.0525024, Validation MAE: 1.2036427, Test MAE: 1.2528833, Test MAE norm: 0.0541209
Epoch: 225, LR: 0.000478, Loss: 0.0507642, Validation MAE: 1.4376676, Test MAE: 1.5010792, Test MAE norm: 0.0648423
Epoch: 226, LR: 0.000478, Loss: 0.0582151, Validation MAE: 1.3270661, Test MAE: 1.3272064, Test MAE norm: 0.0573315
Epoch: 229, LR: 0.000430, Loss: 0.0521022, Validation MAE: 1.2617292, Test MAE: 1.3683146, Test MAE norm: 0.0591072
Epoch: 239, LR: 0.000387, Loss: 0.0527628, Validation MAE: 1.2260052, Test MAE: 1.4905026, Test MAE norm: 0.0643854
Epoch: 249, LR: 0.000349, Loss: 0.0469228, Validation MAE: 1.4828385, Test MAE: 1.4384500, Test MAE norm: 0.0621369
Epoch: 250, LR: 0.000349, Loss: 0.0518752, Validation MAE: 1.4502609, Test MAE: 1.4225338, Test MAE norm: 0.0614493
Epoch: 251, LR: 0.000349, Loss: 0.0512702, Validation MAE: 1.2620530, Test MAE: 1.3798777, Test MAE norm: 0.0596067
Epoch: 261, LR: 0.000314, Loss: 0.0456361, Validation MAE: 1.3177423, Test MAE: 1.4755036, Test MAE norm: 0.0637375
Epoch: 263, LR: 0.000314, Loss: 0.0521030, Validation MAE: 1.3045814, Test MAE: 1.4015595, Test MAE norm: 0.0605433
Epoch: 266, LR: 0.000314, Loss: 0.0488395, Validation MAE: 1.2346792, Test MAE: 1.4186993, Test MAE norm: 0.0612837
Epoch: 272, LR: 0.000282, Loss: 0.0475977, Validation MAE: 1.2317259, Test MAE: 1.5658290, Test MAE norm: 0.0676393
Epoch: 282, LR: 0.000254, Loss: 0.0445728, Validation MAE: 1.2667837, Test MAE: 1.5303451, Test MAE norm: 0.0661065
Epoch: 284, LR: 0.000254, Loss: 0.0467084, Validation MAE: 1.2645547, Test MAE: 1.4293313, Test MAE norm: 0.0617430
Epoch: 290, LR: 0.000254, Loss: 0.0463000, Validation MAE: 1.2549260, Test MAE: 1.4645644, Test MAE norm: 0.0632649
Epoch: 296, LR: 0.000229, Loss: 0.0452671, Validation MAE: 1.2307435, Test MAE: 1.5008553, Test MAE norm: 0.0648326
Epoch: 306, LR: 0.000206, Loss: 0.0440673, Validation MAE: 1.2836546, Test MAE: 1.4500388, Test MAE norm: 0.0626375
Epoch: 307, LR: 0.000206, Loss: 0.0441878, Validation MAE: 1.2644732, Test MAE: 1.4452248, Test MAE norm: 0.0624295
Epoch: 308, LR: 0.000206, Loss: 0.0445373, Validation MAE: 1.2343575, Test MAE: 1.4403471, Test MAE norm: 0.0622188
Epoch: 311, LR: 0.000206, Loss: 0.0445112, Validation MAE: 1.2221189, Test MAE: 1.4541247, Test MAE norm: 0.0628140
Epoch: 314, LR: 0.000206, Loss: 0.0447973, Validation MAE: 1.1937724, Test MAE: 1.4402494, Test MAE norm: 0.0622146
Epoch: 317, LR: 0.000206, Loss: 0.0441644, Validation MAE: 1.1835208, Test MAE: 1.4415196, Test MAE norm: 0.0622695
Epoch: 326, LR: 0.000206, Loss: 0.0449003, Validation MAE: 1.1786280, Test MAE: 1.4209706, Test MAE norm: 0.0613818
Epoch: 332, LR: 0.000206, Loss: 0.0463638, Validation MAE: 1.1600834, Test MAE: 1.4463888, Test MAE norm: 0.0624798
Epoch: 342, LR: 0.000206, Loss: 0.0428313, Validation MAE: 1.2268113, Test MAE: 1.3888499, Test MAE norm: 0.0599943
Epoch: 343, LR: 0.000206, Loss: 0.0428501, Validation MAE: 1.2225367, Test MAE: 1.4114338, Test MAE norm: 0.0609698
Epoch: 344, LR: 0.000185, Loss: 0.0434613, Validation MAE: 1.1863952, Test MAE: 1.3928604, Test MAE norm: 0.0601675
Epoch: 348, LR: 0.000185, Loss: 0.0422440, Validation MAE: 1.1572162, Test MAE: 1.3126386, Test MAE norm: 0.0567022
Epoch: 353, LR: 0.000185, Loss: 0.0429238, Validation MAE: 1.1509552, Test MAE: 1.3960184, Test MAE norm: 0.0603039
Epoch: 355, LR: 0.000185, Loss: 0.0427162, Validation MAE: 1.1487989, Test MAE: 1.3781698, Test MAE norm: 0.0595329
Epoch: 365, LR: 0.000185, Loss: 0.0457645, Validation MAE: 1.3656791, Test MAE: 1.3296083, Test MAE norm: 0.0574352
Epoch: 366, LR: 0.000185, Loss: 0.0482197, Validation MAE: 1.2028335, Test MAE: 1.3072180, Test MAE norm: 0.0564680
Epoch: 367, LR: 0.000167, Loss: 0.0434005, Validation MAE: 1.1880897, Test MAE: 1.3501983, Test MAE norm: 0.0583246
Epoch: 377, LR: 0.000167, Loss: 0.0438651, Validation MAE: 1.1634389, Test MAE: 1.3091816, Test MAE norm: 0.0565528
Epoch: 378, LR: 0.000150, Loss: 0.0434985, Validation MAE: 1.1585755, Test MAE: 1.3515116, Test MAE norm: 0.0583814
Epoch: 379, LR: 0.000150, Loss: 0.0447834, Validation MAE: 1.1446843, Test MAE: 1.3444177, Test MAE norm: 0.0580749
Epoch: 389, LR: 0.000150, Loss: 0.0411391, Validation MAE: 1.1996802, Test MAE: 1.3804933, Test MAE norm: 0.0596333
Epoch: 390, LR: 0.000150, Loss: 0.0413291, Validation MAE: 1.1755656, Test MAE: 1.3691512, Test MAE norm: 0.0591434
Epoch: 391, LR: 0.000135, Loss: 0.0412011, Validation MAE: 1.1536075, Test MAE: 1.3742934, Test MAE norm: 0.0593655
Epoch: 401, LR: 0.000135, Loss: 0.0405335, Validation MAE: 1.1825494, Test MAE: 1.3730891, Test MAE norm: 0.0593135
Epoch: 402, LR: 0.000122, Loss: 0.0402937, Validation MAE: 1.1776732, Test MAE: 1.3831574, Test MAE norm: 0.0597484
Epoch: 403, LR: 0.000122, Loss: 0.0403563, Validation MAE: 1.1469245, Test MAE: 1.3810750, Test MAE norm: 0.0596584
Epoch: 406, LR: 0.000122, Loss: 0.0403567, Validation MAE: 1.1327225, Test MAE: 1.3798668, Test MAE norm: 0.0596062
Epoch: 412, LR: 0.000122, Loss: 0.0399096, Validation MAE: 1.1286691, Test MAE: 1.3601810, Test MAE norm: 0.0587559
Epoch: 414, LR: 0.000122, Loss: 0.0397919, Validation MAE: 1.1219249, Test MAE: 1.3750838, Test MAE norm: 0.0593996
Epoch: 416, LR: 0.000122, Loss: 0.0402494, Validation MAE: 1.1163124, Test MAE: 1.3521171, Test MAE norm: 0.0584075
Epoch: 417, LR: 0.000122, Loss: 0.0396929, Validation MAE: 1.1162832, Test MAE: 1.3477365, Test MAE norm: 0.0582183
Epoch: 423, LR: 0.000122, Loss: 0.0396377, Validation MAE: 1.1034898, Test MAE: 1.3570459, Test MAE norm: 0.0586204
Epoch: 433, LR: 0.000122, Loss: 0.0394645, Validation MAE: 1.1209695, Test MAE: 1.3358676, Test MAE norm: 0.0577056
Epoch: 435, LR: 0.000109, Loss: 0.0400372, Validation MAE: 1.0890235, Test MAE: 1.3124677, Test MAE norm: 0.0566948
Epoch: 445, LR: 0.000109, Loss: 0.0444179, Validation MAE: 1.1976558, Test MAE: 1.2783018, Test MAE norm: 0.0552189
Epoch: 446, LR: 0.000109, Loss: 0.0421076, Validation MAE: 1.1616368, Test MAE: 1.3393217, Test MAE norm: 0.0578548
Epoch: 447, LR: 0.000098, Loss: 0.0440963, Validation MAE: 1.1441736, Test MAE: 1.3645544, Test MAE norm: 0.0589448
Epoch: 451, LR: 0.000098, Loss: 0.0401589, Validation MAE: 1.1191844, Test MAE: 1.4168402, Test MAE norm: 0.0612034
Epoch: 456, LR: 0.000098, Loss: 0.0397557, Validation MAE: 1.1116406, Test MAE: 1.3028191, Test MAE norm: 0.0562780
Epoch: 457, LR: 0.000098, Loss: 0.0409812, Validation MAE: 1.1006101, Test MAE: 1.3223050, Test MAE norm: 0.0571197
Epoch: 467, LR: 0.000089, Loss: 0.0397745, Validation MAE: 1.1039038, Test MAE: 1.2828690, Test MAE norm: 0.0554162
Epoch: 470, LR: 0.000080, Loss: 0.0395182, Validation MAE: 1.0908478, Test MAE: 1.2515252, Test MAE norm: 0.0540623
Epoch: 480, LR: 0.000072, Loss: 0.0396093, Validation MAE: 1.1042553, Test MAE: 1.3395160, Test MAE norm: 0.0578632
Epoch: 483, LR: 0.000072, Loss: 0.0390940, Validation MAE: 1.0852795, Test MAE: 1.2523488, Test MAE norm: 0.0540978
Epoch: 491, LR: 0.000072, Loss: 0.0387484, Validation MAE: 1.0716891, Test MAE: 1.3249642, Test MAE norm: 0.0572346
Epoch: 501, LR: 0.000072, Loss: 0.0382722, Validation MAE: 1.1341416, Test MAE: 1.2833190, Test MAE norm: 0.0554357
Epoch: 502, LR: 0.000072, Loss: 0.0393324, Validation MAE: 1.1034689, Test MAE: 1.2808857, Test MAE norm: 0.0553305
Epoch: 503, LR: 0.000065, Loss: 0.0385294, Validation MAE: 1.0519724, Test MAE: 1.3065323, Test MAE norm: 0.0564384
Epoch: 513, LR: 0.000065, Loss: 0.0382509, Validation MAE: 1.1128010, Test MAE: 1.2748090, Test MAE norm: 0.0550681
Epoch: 514, LR: 0.000065, Loss: 0.0383913, Validation MAE: 1.0904090, Test MAE: 1.2752135, Test MAE norm: 0.0550855
Epoch: 515, LR: 0.000058, Loss: 0.0381570, Validation MAE: 1.0898095, Test MAE: 1.2774267, Test MAE norm: 0.0551811
Epoch: 518, LR: 0.000058, Loss: 0.0380388, Validation MAE: 1.0705225, Test MAE: 1.2803823, Test MAE norm: 0.0553088
Epoch: 522, LR: 0.000058, Loss: 0.0379975, Validation MAE: 1.0677401, Test MAE: 1.2702384, Test MAE norm: 0.0548706
Epoch: 532, LR: 0.000052, Loss: 0.0378874, Validation MAE: 1.0777740, Test MAE: 1.2597862, Test MAE norm: 0.0544191
Epoch: 534, LR: 0.000052, Loss: 0.0377540, Validation MAE: 1.0772370, Test MAE: 1.2494103, Test MAE norm: 0.0539709
Epoch: 535, LR: 0.000052, Loss: 0.0376948, Validation MAE: 1.0702317, Test MAE: 1.2537187, Test MAE norm: 0.0541570
Epoch: 538, LR: 0.000047, Loss: 0.0377025, Validation MAE: 1.0591221, Test MAE: 1.2769676, Test MAE norm: 0.0551613
Epoch: 548, LR: 0.000042, Loss: 0.0377399, Validation MAE: 1.0672894, Test MAE: 1.2544862, Test MAE norm: 0.0541902
Epoch: 551, LR: 0.000042, Loss: 0.0376439, Validation MAE: 1.0563794, Test MAE: 1.2580805, Test MAE norm: 0.0543454
Epoch: 560, LR: 0.000038, Loss: 0.0375471, Validation MAE: 1.0561259, Test MAE: 1.2521740, Test MAE norm: 0.0540903
Epoch: 564, LR: 0.000038, Loss: 0.0374366, Validation MAE: 1.0544268, Test MAE: 1.2562257, Test MAE norm: 0.0542653
Epoch: 567, LR: 0.000038, Loss: 0.0375369, Validation MAE: 1.0523076, Test MAE: 1.2501756, Test MAE norm: 0.0540040
Epoch: 571, LR: 0.000034, Loss: 0.0374036, Validation MAE: 1.0448146, Test MAE: 1.2550927, Test MAE norm: 0.0542164
Epoch: 581, LR: 0.000034, Loss: 0.0374523, Validation MAE: 1.0490870, Test MAE: 1.2505711, Test MAE norm: 0.0540210
Epoch: 591, LR: 0.000031, Loss: 0.0372421, Validation MAE: 1.0524228, Test MAE: 1.2490957, Test MAE norm: 0.0539573
Epoch: 593, LR: 0.000031, Loss: 0.0372126, Validation MAE: 1.0490680, Test MAE: 1.2422312, Test MAE norm: 0.0536608
Epoch: 600, LR: 0.000028, Loss: 0.0372136, Validation MAE: 1.0485921, Test MAE: 1.2413951, Test MAE norm: 0.0536247
Epoch: 603, LR: 0.000028, Loss: 0.0372133, Validation MAE: 1.0445193, Test MAE: 1.2504343, Test MAE norm: 0.0540151
Epoch: 610, LR: 0.000028, Loss: 0.0371744, Validation MAE: 1.0375144, Test MAE: 1.2482831, Test MAE norm: 0.0539222
Epoch: 620, LR: 0.000028, Loss: 0.0372507, Validation MAE: 1.0412585, Test MAE: 1.2408609, Test MAE norm: 0.0536016
Epoch: 630, LR: 0.000025, Loss: 0.0372325, Validation MAE: 1.0545075, Test MAE: 1.2344646, Test MAE norm: 0.0533253
Epoch: 631, LR: 0.000025, Loss: 0.0372424, Validation MAE: 1.0373570, Test MAE: 1.2426376, Test MAE norm: 0.0536783
Epoch: 641, LR: 0.000025, Loss: 0.0370993, Validation MAE: 1.0481355, Test MAE: 1.2326905, Test MAE norm: 0.0532487
Epoch: 642, LR: 0.000025, Loss: 0.0371074, Validation MAE: 1.0397347, Test MAE: 1.2406470, Test MAE norm: 0.0535924
Epoch: 652, LR: 0.000023, Loss: 0.0369974, Validation MAE: 1.0450877, Test MAE: 1.2363211, Test MAE norm: 0.0534055
Epoch: 658, LR: 0.000020, Loss: 0.0370771, Validation MAE: 1.0445551, Test MAE: 1.2378484, Test MAE norm: 0.0534715
Epoch: 659, LR: 0.000020, Loss: 0.0369953, Validation MAE: 1.0421115, Test MAE: 1.2393874, Test MAE norm: 0.0535379
Epoch: 663, LR: 0.000020, Loss: 0.0370228, Validation MAE: 1.0414671, Test MAE: 1.2374527, Test MAE norm: 0.0534544
Epoch: 667, LR: 0.000018, Loss: 0.0371125, Validation MAE: 1.0414636, Test MAE: 1.2418983, Test MAE norm: 0.0536464
Epoch: 671, LR: 0.000018, Loss: 0.0370403, Validation MAE: 1.0366732, Test MAE: 1.2310990, Test MAE norm: 0.0531799
Epoch: 672, LR: 0.000018, Loss: 0.0370837, Validation MAE: 1.0365595, Test MAE: 1.2283169, Test MAE norm: 0.0530597
Epoch: 682, LR: 0.000018, Loss: 0.0369628, Validation MAE: 1.0580955, Test MAE: 1.2287625, Test MAE norm: 0.0530790
Epoch: 683, LR: 0.000018, Loss: 0.0371169, Validation MAE: 1.0417939, Test MAE: 1.2352287, Test MAE norm: 0.0533583
Epoch: 684, LR: 0.000016, Loss: 0.0369411, Validation MAE: 1.0375473, Test MAE: 1.2392918, Test MAE norm: 0.0535338
Epoch: 694, LR: 0.000016, Loss: 0.0370426, Validation MAE: 1.0425971, Test MAE: 1.2367774, Test MAE norm: 0.0534252
Epoch: 697, LR: 0.000015, Loss: 0.0369467, Validation MAE: 1.0368564, Test MAE: 1.2284144, Test MAE norm: 0.0530639
Epoch: 698, LR: 0.000015, Loss: 0.0368496, Validation MAE: 1.0366575, Test MAE: 1.2290950, Test MAE norm: 0.0530933
Epoch: 707, LR: 0.000013, Loss: 0.0369231, Validation MAE: 1.0347661, Test MAE: 1.2312993, Test MAE norm: 0.0531886
Epoch: 717, LR: 0.000013, Loss: 0.0369143, Validation MAE: 1.0375609, Test MAE: 1.2277097, Test MAE norm: 0.0530335
Epoch: 718, LR: 0.000013, Loss: 0.0368376, Validation MAE: 1.0368772, Test MAE: 1.2299697, Test MAE norm: 0.0531311
Epoch: 723, LR: 0.000012, Loss: 0.0368223, Validation MAE: 1.0331925, Test MAE: 1.2345330, Test MAE norm: 0.0533282
Epoch: 733, LR: 0.000012, Loss: 0.0367988, Validation MAE: 1.0325823, Test MAE: 1.2322094, Test MAE norm: 0.0532279
Epoch: 738, LR: 0.000012, Loss: 0.0367805, Validation MAE: 1.0324192, Test MAE: 1.2303213, Test MAE norm: 0.0531463
Epoch: 748, LR: 0.000012, Loss: 0.0369184, Validation MAE: 1.0388039, Test MAE: 1.2232928, Test MAE norm: 0.0528427
Epoch: 751, LR: 0.000011, Loss: 0.0368737, Validation MAE: 1.0341918, Test MAE: 1.2296247, Test MAE norm: 0.0531162
Epoch: 758, LR: 0.000011, Loss: 0.0369589, Validation MAE: 1.0337530, Test MAE: 1.2231725, Test MAE norm: 0.0528375
Epoch: 762, LR: 0.000010, Loss: 0.0367692, Validation MAE: 1.0317572, Test MAE: 1.2310247, Test MAE norm: 0.0531767
Epoch: 772, LR: 0.000010, Loss: 0.0367300, Validation MAE: 1.0361145, Test MAE: 1.2253522, Test MAE norm: 0.0529317
Epoch: 774, LR: 0.000010, Loss: 0.0367828, Validation MAE: 1.0352124, Test MAE: 1.2268062, Test MAE norm: 0.0529945
Epoch: 778, LR: 0.000010, Loss: 0.0367356, Validation MAE: 1.0297672, Test MAE: 1.2278761, Test MAE norm: 0.0530407
Epoch: 788, LR: 0.000010, Loss: 0.0368472, Validation MAE: 1.0358469, Test MAE: 1.2245066, Test MAE norm: 0.0528951
Epoch: 791, LR: 0.000010, Loss: 0.0367199, Validation MAE: 1.0334008, Test MAE: 1.2251546, Test MAE norm: 0.0529231
Epoch: 792, LR: 0.000010, Loss: 0.0366813, Validation MAE: 1.0326444, Test MAE: 1.2267624, Test MAE norm: 0.0529926
Epoch: 802, LR: 0.000010, Loss: 0.0366961, Validation MAE: 1.0336788, Test MAE: 1.2229614, Test MAE norm: 0.0528284
Epoch: 806, LR: 0.000010, Loss: 0.0366415, Validation MAE: 1.0322955, Test MAE: 1.2240762, Test MAE norm: 0.0528765
Epoch: 814, LR: 0.000010, Loss: 0.0366864, Validation MAE: 1.0319364, Test MAE: 1.2209610, Test MAE norm: 0.0527420
Epoch: 818, LR: 0.000010, Loss: 0.0366426, Validation MAE: 1.0313331, Test MAE: 1.2226518, Test MAE norm: 0.0528150
Epoch: 828, LR: 0.000010, Loss: 0.0366646, Validation MAE: 1.0333564, Test MAE: 1.2272712, Test MAE norm: 0.0530146
Epoch: 830, LR: 0.000010, Loss: 0.0366201, Validation MAE: 1.0329471, Test MAE: 1.2230823, Test MAE norm: 0.0528336
Epoch: 831, LR: 0.000010, Loss: 0.0365945, Validation MAE: 1.0314516, Test MAE: 1.2203379, Test MAE norm: 0.0527151
Epoch: 838, LR: 0.000010, Loss: 0.0366123, Validation MAE: 1.0297501, Test MAE: 1.2260731, Test MAE norm: 0.0529628
Epoch: 848, LR: 0.000010, Loss: 0.0365634, Validation MAE: 1.0315278, Test MAE: 1.2178649, Test MAE norm: 0.0526082
Epoch: 851, LR: 0.000010, Loss: 0.0366138, Validation MAE: 1.0286837, Test MAE: 1.2217031, Test MAE norm: 0.0527740
Epoch: 861, LR: 0.000010, Loss: 0.0365956, Validation MAE: 1.0333147, Test MAE: 1.2228192, Test MAE norm: 0.0528222
Epoch: 862, LR: 0.000010, Loss: 0.0365753, Validation MAE: 1.0295284, Test MAE: 1.2220863, Test MAE norm: 0.0527906
Epoch: 864, LR: 0.000010, Loss: 0.0365649, Validation MAE: 1.0293911, Test MAE: 1.2174969, Test MAE norm: 0.0525923
Epoch: 874, LR: 0.000010, Loss: 0.0366411, Validation MAE: 1.0341430, Test MAE: 1.2199835, Test MAE norm: 0.0526997
Epoch: 875, LR: 0.000010, Loss: 0.0365910, Validation MAE: 1.0293888, Test MAE: 1.2233719, Test MAE norm: 0.0528461
Epoch: 878, LR: 0.000010, Loss: 0.0365906, Validation MAE: 1.0292325, Test MAE: 1.2210751, Test MAE norm: 0.0527469
Epoch: 879, LR: 0.000010, Loss: 0.0365825, Validation MAE: 1.0265630, Test MAE: 1.2231100, Test MAE norm: 0.0528348
Epoch: 889, LR: 0.000010, Loss: 0.0365866, Validation MAE: 1.0331277, Test MAE: 1.2248517, Test MAE norm: 0.0529100
Epoch: 890, LR: 0.000010, Loss: 0.0365911, Validation MAE: 1.0324365, Test MAE: 1.2231891, Test MAE norm: 0.0528382
Epoch: 891, LR: 0.000010, Loss: 0.0365674, Validation MAE: 1.0291477, Test MAE: 1.2197047, Test MAE norm: 0.0526877
Epoch: 897, LR: 0.000010, Loss: 0.0366675, Validation MAE: 1.0288311, Test MAE: 1.2216784, Test MAE norm: 0.0527730
Epoch: 904, LR: 0.000010, Loss: 0.0365401, Validation MAE: 1.0280626, Test MAE: 1.2183126, Test MAE norm: 0.0526276
Epoch: 905, LR: 0.000010, Loss: 0.0365200, Validation MAE: 1.0264804, Test MAE: 1.2194752, Test MAE norm: 0.0526778
Epoch: 915, LR: 0.000010, Loss: 0.0364857, Validation MAE: 1.0313017, Test MAE: 1.2159241, Test MAE norm: 0.0525244
Epoch: 916, LR: 0.000010, Loss: 0.0364753, Validation MAE: 1.0293435, Test MAE: 1.2192537, Test MAE norm: 0.0526682
Epoch: 919, LR: 0.000010, Loss: 0.0365204, Validation MAE: 1.0284467, Test MAE: 1.2208126, Test MAE norm: 0.0527356
Epoch: 926, LR: 0.000010, Loss: 0.0364619, Validation MAE: 1.0266968, Test MAE: 1.2207282, Test MAE norm: 0.0527319
Epoch: 930, LR: 0.000010, Loss: 0.0364546, Validation MAE: 1.0257825, Test MAE: 1.2179879, Test MAE norm: 0.0526135
Epoch: 934, LR: 0.000010, Loss: 0.0365780, Validation MAE: 1.0251508, Test MAE: 1.2248702, Test MAE norm: 0.0529108
Epoch: 936, LR: 0.000010, Loss: 0.0366228, Validation MAE: 1.0245230, Test MAE: 1.2235811, Test MAE norm: 0.0528552
Epoch: 943, LR: 0.000010, Loss: 0.0364408, Validation MAE: 1.0242869, Test MAE: 1.2221392, Test MAE norm: 0.0527929
Epoch: 946, LR: 0.000010, Loss: 0.0364518, Validation MAE: 1.0241930, Test MAE: 1.2235720, Test MAE norm: 0.0528548
Epoch: 956, LR: 0.000010, Loss: 0.0364685, Validation MAE: 1.0252249, Test MAE: 1.2157588, Test MAE norm: 0.0525173
Epoch: 959, LR: 0.000010, Loss: 0.0364443, Validation MAE: 1.0231560, Test MAE: 1.2201917, Test MAE norm: 0.0527087
Epoch: 969, LR: 0.000010, Loss: 0.0364308, Validation MAE: 1.0374019, Test MAE: 1.2165340, Test MAE norm: 0.0525507
Epoch: 970, LR: 0.000010, Loss: 0.0365980, Validation MAE: 1.0290895, Test MAE: 1.2180614, Test MAE norm: 0.0526167
Epoch: 971, LR: 0.000010, Loss: 0.0365171, Validation MAE: 1.0210220, Test MAE: 1.2235577, Test MAE norm: 0.0528541
Epoch: 981, LR: 0.000010, Loss: 0.0364547, Validation MAE: 1.0233207, Test MAE: 1.2154663, Test MAE norm: 0.0525046
Epoch: 991, LR: 0.000010, Loss: 0.0363802, Validation MAE: 1.0243182, Test MAE: 1.2172990, Test MAE norm: 0.0525838
Epoch: 992, LR: 0.000010, Loss: 0.0363582, Validation MAE: 1.0243031, Test MAE: 1.2151264, Test MAE norm: 0.0524899
Epoch: 993, LR: 0.000010, Loss: 0.0363555, Validation MAE: 1.0227423, Test MAE: 1.2149411, Test MAE norm: 0.0524819
Epoch: 994, LR: 0.000010, Loss: 0.0363216, Validation MAE: 1.0213124, Test MAE: 1.2125541, Test MAE norm: 0.0523788
Epoch: 1004, LR: 0.000010, Loss: 0.0363810, Validation MAE: 1.0260389, Test MAE: 1.2117258, Test MAE norm: 0.0523430
Epoch: 1005, LR: 0.000010, Loss: 0.0364260, Validation MAE: 1.0215631, Test MAE: 1.2176363, Test MAE norm: 0.0525984
Epoch: 1014, LR: 0.000010, Loss: 0.0365012, Validation MAE: 1.0210713, Test MAE: 1.2130470, Test MAE norm: 0.0524001
Epoch: 1015, LR: 0.000010, Loss: 0.0363706, Validation MAE: 1.0210338, Test MAE: 1.2195474, Test MAE norm: 0.0526809
Epoch: 1024, LR: 0.000010, Loss: 0.0363830, Validation MAE: 1.0170518, Test MAE: 1.2203161, Test MAE norm: 0.0527141
Epoch: 1034, LR: 0.000010, Loss: 0.0362890, Validation MAE: 1.0201895, Test MAE: 1.2161424, Test MAE norm: 0.0525338
Epoch: 1035, LR: 0.000010, Loss: 0.0362886, Validation MAE: 1.0195282, Test MAE: 1.2149152, Test MAE norm: 0.0524808
Epoch: 1036, LR: 0.000010, Loss: 0.0362827, Validation MAE: 1.0189203, Test MAE: 1.2117679, Test MAE norm: 0.0523449
Epoch: 1038, LR: 0.000010, Loss: 0.0363209, Validation MAE: 1.0187336, Test MAE: 1.2108784, Test MAE norm: 0.0523064
Epoch: 1048, LR: 0.000010, Loss: 0.0363864, Validation MAE: 1.0239514, Test MAE: 1.2158799, Test MAE norm: 0.0525225
Epoch: 1049, LR: 0.000010, Loss: 0.0363183, Validation MAE: 1.0199238, Test MAE: 1.2187648, Test MAE norm: 0.0526471
Epoch: 1050, LR: 0.000010, Loss: 0.0363514, Validation MAE: 1.0165890, Test MAE: 1.2153897, Test MAE norm: 0.0525013
Epoch: 1060, LR: 0.000010, Loss: 0.0363343, Validation MAE: 1.0220568, Test MAE: 1.2070769, Test MAE norm: 0.0521422
Epoch: 1062, LR: 0.000010, Loss: 0.0362855, Validation MAE: 1.0173826, Test MAE: 1.2130198, Test MAE norm: 0.0523989
Epoch: 1072, LR: 0.000010, Loss: 0.0362790, Validation MAE: 1.0193217, Test MAE: 1.2095876, Test MAE norm: 0.0522507
Epoch: 1074, LR: 0.000010, Loss: 0.0362452, Validation MAE: 1.0184002, Test MAE: 1.2113243, Test MAE norm: 0.0523257
Epoch: 1080, LR: 0.000010, Loss: 0.0363320, Validation MAE: 1.0178343, Test MAE: 1.2140310, Test MAE norm: 0.0524426
Epoch: 1090, LR: 0.000010, Loss: 0.0362207, Validation MAE: 1.0182992, Test MAE: 1.2133466, Test MAE norm: 0.0524131
Epoch: 1100, LR: 0.000010, Loss: 0.0363164, Validation MAE: 1.0193504, Test MAE: 1.2125357, Test MAE norm: 0.0523780
Epoch: 1109, LR: 0.000010, Loss: 0.0362828, Validation MAE: 1.0176111, Test MAE: 1.2120974, Test MAE norm: 0.0523591
Epoch: 1111, LR: 0.000010, Loss: 0.0362260, Validation MAE: 1.0175161, Test MAE: 1.2097949, Test MAE norm: 0.0522596
Epoch: 1114, LR: 0.000010, Loss: 0.0362095, Validation MAE: 1.0169338, Test MAE: 1.2126896, Test MAE norm: 0.0523847
Epoch: 1115, LR: 0.000010, Loss: 0.0362106, Validation MAE: 1.0165194, Test MAE: 1.2137982, Test MAE norm: 0.0524326
Epoch: 1118, LR: 0.000010, Loss: 0.0361947, Validation MAE: 1.0161225, Test MAE: 1.2118628, Test MAE norm: 0.0523490
Epoch: 1124, LR: 0.000010, Loss: 0.0361627, Validation MAE: 1.0151775, Test MAE: 1.2112457, Test MAE norm: 0.0523223
Epoch: 1128, LR: 0.000010, Loss: 0.0361536, Validation MAE: 1.0135832, Test MAE: 1.2125840, Test MAE norm: 0.0523801
Epoch: 1138, LR: 0.000010, Loss: 0.0361411, Validation MAE: 1.0164905, Test MAE: 1.2067276, Test MAE norm: 0.0521271
Epoch: 1139, LR: 0.000010, Loss: 0.0361224, Validation MAE: 1.0141169, Test MAE: 1.2105312, Test MAE norm: 0.0522914
Epoch: 1149, LR: 0.000010, Loss: 0.0361358, Validation MAE: 1.0160321, Test MAE: 1.2045758, Test MAE norm: 0.0520342
Epoch: 1152, LR: 0.000010, Loss: 0.0360836, Validation MAE: 1.0160267, Test MAE: 1.2070702, Test MAE norm: 0.0521419
Epoch: 1153, LR: 0.000010, Loss: 0.0360799, Validation MAE: 1.0149043, Test MAE: 1.2103990, Test MAE norm: 0.0522857
Epoch: 1163, LR: 0.000010, Loss: 0.0360927, Validation MAE: 1.0132003, Test MAE: 1.2078173, Test MAE norm: 0.0521742
Epoch: 1173, LR: 0.000010, Loss: 0.0360926, Validation MAE: 1.0183131, Test MAE: 1.2037432, Test MAE norm: 0.0519982
Epoch: 1174, LR: 0.000010, Loss: 0.0360970, Validation MAE: 1.0130781, Test MAE: 1.2116163, Test MAE norm: 0.0523383
Epoch: 1184, LR: 0.000010, Loss: 0.0362134, Validation MAE: 1.0159364, Test MAE: 1.2137114, Test MAE norm: 0.0524288
Epoch: 1187, LR: 0.000010, Loss: 0.0361484, Validation MAE: 1.0154593, Test MAE: 1.2077956, Test MAE norm: 0.0521733
Epoch: 1188, LR: 0.000010, Loss: 0.0361498, Validation MAE: 1.0151886, Test MAE: 1.2080957, Test MAE norm: 0.0521862
Epoch: 1191, LR: 0.000010, Loss: 0.0361692, Validation MAE: 1.0140754, Test MAE: 1.2145793, Test MAE norm: 0.0524663
Epoch: 1197, LR: 0.000010, Loss: 0.0362177, Validation MAE: 1.0124120, Test MAE: 1.2107030, Test MAE norm: 0.0522989
Epoch: 1201, LR: 0.000010, Loss: 0.0362015, Validation MAE: 1.0082576, Test MAE: 1.2165631, Test MAE norm: 0.0525520
Epoch: 1211, LR: 0.000010, Loss: 0.0361450, Validation MAE: 1.0078408, Test MAE: 1.2143350, Test MAE norm: 0.0524557
Epoch: 1221, LR: 0.000010, Loss: 0.0360542, Validation MAE: 1.0160292, Test MAE: 1.2034384, Test MAE norm: 0.0519850
Epoch: 1223, LR: 0.000010, Loss: 0.0362272, Validation MAE: 1.0101596, Test MAE: 1.2146024, Test MAE norm: 0.0524673
Epoch: 1224, LR: 0.000010, Loss: 0.0360995, Validation MAE: 1.0058519, Test MAE: 1.2181959, Test MAE norm: 0.0526225
Epoch: 1234, LR: 0.000010, Loss: 0.0360420, Validation MAE: 1.0098410, Test MAE: 1.2039945, Test MAE norm: 0.0520091
Epoch: 1235, LR: 0.000010, Loss: 0.0361058, Validation MAE: 1.0079472, Test MAE: 1.2047135, Test MAE norm: 0.0520401
Epoch: 1236, LR: 0.000010, Loss: 0.0360635, Validation MAE: 1.0074439, Test MAE: 1.2049907, Test MAE norm: 0.0520521
Epoch: 1246, LR: 0.000010, Loss: 0.0361063, Validation MAE: 1.0150365, Test MAE: 1.2050235, Test MAE norm: 0.0520535
Epoch: 1247, LR: 0.000010, Loss: 0.0361302, Validation MAE: 1.0072352, Test MAE: 1.2124966, Test MAE norm: 0.0523763
Epoch: 1248, LR: 0.000010, Loss: 0.0360011, Validation MAE: 1.0070518, Test MAE: 1.2176211, Test MAE norm: 0.0525977
Epoch: 1258, LR: 0.000010, Loss: 0.0360213, Validation MAE: 1.0159303, Test MAE: 1.2041469, Test MAE norm: 0.0520157
Epoch: 1260, LR: 0.000010, Loss: 0.0361462, Validation MAE: 1.0099149, Test MAE: 1.2156515, Test MAE norm: 0.0525126
Epoch: 1261, LR: 0.000010, Loss: 0.0360245, Validation MAE: 1.0084497, Test MAE: 1.2184576, Test MAE norm: 0.0526338
Epoch: 1271, LR: 0.000010, Loss: 0.0359873, Validation MAE: 1.0142709, Test MAE: 1.2106349, Test MAE norm: 0.0522959
Epoch: 1273, LR: 0.000010, Loss: 0.0360998, Validation MAE: 1.0107667, Test MAE: 1.2076788, Test MAE norm: 0.0521682
Epoch: 1274, LR: 0.000010, Loss: 0.0359796, Validation MAE: 1.0093272, Test MAE: 1.2052110, Test MAE norm: 0.0520616
Epoch: 1275, LR: 0.000010, Loss: 0.0359683, Validation MAE: 1.0081921, Test MAE: 1.1990913, Test MAE norm: 0.0517973
Epoch: 1277, LR: 0.000010, Loss: 0.0360480, Validation MAE: 1.0075781, Test MAE: 1.2007802, Test MAE norm: 0.0518702
Epoch: 1278, LR: 0.000010, Loss: 0.0359431, Validation MAE: 1.0067112, Test MAE: 1.2053930, Test MAE norm: 0.0520695
Epoch: 1283, LR: 0.000010, Loss: 0.0358971, Validation MAE: 1.0054536, Test MAE: 1.2065202, Test MAE norm: 0.0521182
Epoch: 1285, LR: 0.000010, Loss: 0.0360480, Validation MAE: 1.0051848, Test MAE: 1.2057172, Test MAE norm: 0.0520835
Epoch: 1286, LR: 0.000010, Loss: 0.0359913, Validation MAE: 1.0049236, Test MAE: 1.2126368, Test MAE norm: 0.0523824
Epoch: 1295, LR: 0.000010, Loss: 0.0359160, Validation MAE: 1.0041240, Test MAE: 1.2077605, Test MAE norm: 0.0521717
Epoch: 1305, LR: 0.000010, Loss: 0.0359142, Validation MAE: 1.0087808, Test MAE: 1.2049575, Test MAE norm: 0.0520507
Epoch: 1306, LR: 0.000010, Loss: 0.0359279, Validation MAE: 1.0056982, Test MAE: 1.2027389, Test MAE norm: 0.0519548
Epoch: 1308, LR: 0.000010, Loss: 0.0358966, Validation MAE: 1.0044093, Test MAE: 1.1986427, Test MAE norm: 0.0517779
Epoch: 1317, LR: 0.000010, Loss: 0.0359092, Validation MAE: 1.0031172, Test MAE: 1.2003990, Test MAE norm: 0.0518538
Epoch: 1327, LR: 0.000010, Loss: 0.0359767, Validation MAE: 1.0055761, Test MAE: 1.2010199, Test MAE norm: 0.0518806
Epoch: 1330, LR: 0.000010, Loss: 0.0360630, Validation MAE: 1.0050826, Test MAE: 1.2073064, Test MAE norm: 0.0521521
Epoch: 1340, LR: 0.000010, Loss: 0.0358231, Validation MAE: 1.0044887, Test MAE: 1.2120408, Test MAE norm: 0.0523566
Epoch: 1341, LR: 0.000010, Loss: 0.0359158, Validation MAE: 1.0043684, Test MAE: 1.2103992, Test MAE norm: 0.0522857
Epoch: 1343, LR: 0.000010, Loss: 0.0358666, Validation MAE: 1.0036310, Test MAE: 1.2010905, Test MAE norm: 0.0518836
Epoch: 1353, LR: 0.000010, Loss: 0.0359449, Validation MAE: 1.0067683, Test MAE: 1.1988622, Test MAE norm: 0.0517874
Epoch: 1356, LR: 0.000010, Loss: 0.0358471, Validation MAE: 1.0066707, Test MAE: 1.2059220, Test MAE norm: 0.0520923
Epoch: 1360, LR: 0.000010, Loss: 0.0358241, Validation MAE: 1.0039514, Test MAE: 1.2027379, Test MAE norm: 0.0519548
Epoch: 1361, LR: 0.000010, Loss: 0.0357862, Validation MAE: 1.0033514, Test MAE: 1.2011902, Test MAE norm: 0.0518879
Epoch: 1362, LR: 0.000010, Loss: 0.0358230, Validation MAE: 1.0031257, Test MAE: 1.1999080, Test MAE norm: 0.0518325
Epoch: 1363, LR: 0.000010, Loss: 0.0358126, Validation MAE: 1.0026147, Test MAE: 1.1985713, Test MAE norm: 0.0517748
Epoch: 1364, LR: 0.000010, Loss: 0.0357547, Validation MAE: 1.0022972, Test MAE: 1.2003852, Test MAE norm: 0.0518532
Epoch: 1374, LR: 0.000010, Loss: 0.0357721, Validation MAE: 1.0050216, Test MAE: 1.1986057, Test MAE norm: 0.0517763
Epoch: 1376, LR: 0.000010, Loss: 0.0358146, Validation MAE: 1.0012074, Test MAE: 1.2022052, Test MAE norm: 0.0519318
Epoch: 1377, LR: 0.000010, Loss: 0.0357951, Validation MAE: 1.0008835, Test MAE: 1.2056831, Test MAE norm: 0.0520820
Epoch: 1387, LR: 0.000010, Loss: 0.0357551, Validation MAE: 1.0119176, Test MAE: 1.1981776, Test MAE norm: 0.0517578
Epoch: 1388, LR: 0.000010, Loss: 0.0358629, Validation MAE: 1.0061954, Test MAE: 1.2037407, Test MAE norm: 0.0519981
Epoch: 1389, LR: 0.000010, Loss: 0.0358081, Validation MAE: 0.9999298, Test MAE: 1.2072266, Test MAE norm: 0.0521487
Epoch: 1393, LR: 0.000010, Loss: 0.0358575, Validation MAE: 0.9996943, Test MAE: 1.2046497, Test MAE norm: 0.0520374
Epoch: 1403, LR: 0.000010, Loss: 0.0357192, Validation MAE: 1.0027115, Test MAE: 1.1999673, Test MAE norm: 0.0518351
Epoch: 1404, LR: 0.000010, Loss: 0.0356929, Validation MAE: 1.0022395, Test MAE: 1.1998457, Test MAE norm: 0.0518299
Epoch: 1405, LR: 0.000010, Loss: 0.0357167, Validation MAE: 1.0007737, Test MAE: 1.1995635, Test MAE norm: 0.0518177
Epoch: 1410, LR: 0.000010, Loss: 0.0357121, Validation MAE: 0.9992557, Test MAE: 1.2021445, Test MAE norm: 0.0519292
Epoch: 1415, LR: 0.000010, Loss: 0.0356942, Validation MAE: 0.9992241, Test MAE: 1.1986363, Test MAE norm: 0.0517776
Epoch: 1419, LR: 0.000010, Loss: 0.0357373, Validation MAE: 0.9977349, Test MAE: 1.2036988, Test MAE norm: 0.0519963
Epoch: 1429, LR: 0.000010, Loss: 0.0357445, Validation MAE: 0.9993393, Test MAE: 1.1998582, Test MAE norm: 0.0518304
Epoch: 1435, LR: 0.000010, Loss: 0.0356442, Validation MAE: 0.9985371, Test MAE: 1.1998380, Test MAE norm: 0.0518295
Epoch: 1441, LR: 0.000010, Loss: 0.0357384, Validation MAE: 0.9979410, Test MAE: 1.2026787, Test MAE norm: 0.0519522
Epoch: 1442, LR: 0.000010, Loss: 0.0355924, Validation MAE: 0.9957191, Test MAE: 1.2034702, Test MAE norm: 0.0519864
Epoch: 1445, LR: 0.000010, Loss: 0.0356094, Validation MAE: 0.9956892, Test MAE: 1.1973181, Test MAE norm: 0.0517207
Epoch: 1455, LR: 0.000010, Loss: 0.0357692, Validation MAE: 1.0111560, Test MAE: 1.1992851, Test MAE norm: 0.0518056
Epoch: 1456, LR: 0.000010, Loss: 0.0358187, Validation MAE: 1.0006995, Test MAE: 1.2047911, Test MAE norm: 0.0520435
Epoch: 1464, LR: 0.000010, Loss: 0.0356435, Validation MAE: 0.9960911, Test MAE: 1.2048210, Test MAE norm: 0.0520448
Epoch: 1471, LR: 0.000010, Loss: 0.0355948, Validation MAE: 0.9958450, Test MAE: 1.1980563, Test MAE norm: 0.0517526
Epoch: 1473, LR: 0.000010, Loss: 0.0355795, Validation MAE: 0.9948906, Test MAE: 1.2029043, Test MAE norm: 0.0519620
Epoch: 1482, LR: 0.000010, Loss: 0.0355501, Validation MAE: 0.9927828, Test MAE: 1.2025847, Test MAE norm: 0.0519482
Epoch: 1492, LR: 0.000010, Loss: 0.0357031, Validation MAE: 1.0092247, Test MAE: 1.1939559, Test MAE norm: 0.0515754
Epoch: 1494, LR: 0.000010, Loss: 0.0358254, Validation MAE: 0.9946990, Test MAE: 1.2010016, Test MAE norm: 0.0518798
Epoch: 1504, LR: 0.000010, Loss: 0.0357504, Validation MAE: 1.0044380, Test MAE: 1.2001619, Test MAE norm: 0.0518435
Epoch: 1506, LR: 0.000010, Loss: 0.0356469, Validation MAE: 1.0012118, Test MAE: 1.2031689, Test MAE norm: 0.0519734
Epoch: 1507, LR: 0.000010, Loss: 0.0356257, Validation MAE: 0.9988645, Test MAE: 1.2037449, Test MAE norm: 0.0519983
Epoch: 1510, LR: 0.000010, Loss: 0.0356520, Validation MAE: 0.9968421, Test MAE: 1.1939443, Test MAE norm: 0.0515749
Epoch: 1511, LR: 0.000010, Loss: 0.0356345, Validation MAE: 0.9950390, Test MAE: 1.1996623, Test MAE norm: 0.0518219
Epoch: 1521, LR: 0.000010, Loss: 0.0355229, Validation MAE: 1.0063157, Test MAE: 1.1940796, Test MAE norm: 0.0515808
Epoch: 1522, LR: 0.000010, Loss: 0.0356554, Validation MAE: 0.9968246, Test MAE: 1.1976179, Test MAE norm: 0.0517336
Epoch: 1523, LR: 0.000010, Loss: 0.0355052, Validation MAE: 0.9951807, Test MAE: 1.2047230, Test MAE norm: 0.0520405
Epoch: 1532, LR: 0.000010, Loss: 0.0355377, Validation MAE: 0.9933131, Test MAE: 1.1956991, Test MAE norm: 0.0516507
Epoch: 1542, LR: 0.000010, Loss: 0.0354418, Validation MAE: 0.9934372, Test MAE: 1.1998365, Test MAE norm: 0.0518295
Epoch: 1552, LR: 0.000010, Loss: 0.0354626, Validation MAE: 0.9999833, Test MAE: 1.1972599, Test MAE norm: 0.0517182
Epoch: 1553, LR: 0.000010, Loss: 0.0354101, Validation MAE: 0.9971579, Test MAE: 1.2016162, Test MAE norm: 0.0519063
Epoch: 1554, LR: 0.000010, Loss: 0.0354188, Validation MAE: 0.9937950, Test MAE: 1.2003454, Test MAE norm: 0.0518514
Epoch: 1555, LR: 0.000010, Loss: 0.0354142, Validation MAE: 0.9930435, Test MAE: 1.1995776, Test MAE norm: 0.0518183
Epoch: 1565, LR: 0.000010, Loss: 0.0357399, Validation MAE: 1.0010827, Test MAE: 1.1964972, Test MAE norm: 0.0516852
Epoch: 1568, LR: 0.000010, Loss: 0.0355033, Validation MAE: 1.0007764, Test MAE: 1.2059492, Test MAE norm: 0.0520935
Epoch: 1569, LR: 0.000010, Loss: 0.0355592, Validation MAE: 0.9998946, Test MAE: 1.2012099, Test MAE norm: 0.0518888
Epoch: 1571, LR: 0.000010, Loss: 0.0355927, Validation MAE: 0.9943981, Test MAE: 1.1977887, Test MAE norm: 0.0517410
Epoch: 1572, LR: 0.000010, Loss: 0.0354625, Validation MAE: 0.9918758, Test MAE: 1.2029228, Test MAE norm: 0.0519628
Epoch: 1582, LR: 0.000010, Loss: 0.0355296, Validation MAE: 1.0082930, Test MAE: 1.1985223, Test MAE norm: 0.0517727
Epoch: 1583, LR: 0.000010, Loss: 0.0356887, Validation MAE: 0.9926407, Test MAE: 1.2024740, Test MAE norm: 0.0519434
Epoch: 1592, LR: 0.000010, Loss: 0.0356112, Validation MAE: 0.9887615, Test MAE: 1.2066559, Test MAE norm: 0.0521240
Epoch: 1601, LR: 0.000010, Loss: 0.0353721, Validation MAE: 0.9886964, Test MAE: 1.2067072, Test MAE norm: 0.0521263
Epoch: 1611, LR: 0.000010, Loss: 0.0353488, Validation MAE: 0.9996899, Test MAE: 1.1977752, Test MAE norm: 0.0517404
Epoch: 1612, LR: 0.000010, Loss: 0.0353700, Validation MAE: 0.9930583, Test MAE: 1.2004614, Test MAE norm: 0.0518565
Epoch: 1614, LR: 0.000010, Loss: 0.0353324, Validation MAE: 0.9918693, Test MAE: 1.1951853, Test MAE norm: 0.0516285
Epoch: 1617, LR: 0.000010, Loss: 0.0353507, Validation MAE: 0.9873942, Test MAE: 1.2006894, Test MAE norm: 0.0518663
Epoch: 1627, LR: 0.000010, Loss: 0.0353444, Validation MAE: 0.9924608, Test MAE: 1.1944789, Test MAE norm: 0.0515980
Epoch: 1629, LR: 0.000010, Loss: 0.0353589, Validation MAE: 0.9910721, Test MAE: 1.2035469, Test MAE norm: 0.0519897
Epoch: 1639, LR: 0.000010, Loss: 0.0353352, Validation MAE: 0.9928948, Test MAE: 1.1917406, Test MAE norm: 0.0514797
Epoch: 1640, LR: 0.000010, Loss: 0.0353178, Validation MAE: 0.9904277, Test MAE: 1.1928749, Test MAE norm: 0.0515287
Epoch: 1643, LR: 0.000010, Loss: 0.0352821, Validation MAE: 0.9903358, Test MAE: 1.2028685, Test MAE norm: 0.0519604
Epoch: 1648, LR: 0.000010, Loss: 0.0353454, Validation MAE: 0.9898506, Test MAE: 1.2026707, Test MAE norm: 0.0519519
Epoch: 1657, LR: 0.000010, Loss: 0.0352527, Validation MAE: 0.9897580, Test MAE: 1.1983302, Test MAE norm: 0.0517644
Epoch: 1658, LR: 0.000010, Loss: 0.0352361, Validation MAE: 0.9894468, Test MAE: 1.2001998, Test MAE norm: 0.0518452
Epoch: 1666, LR: 0.000010, Loss: 0.0351905, Validation MAE: 0.9873448, Test MAE: 1.1914053, Test MAE norm: 0.0514653
Epoch: 1667, LR: 0.000010, Loss: 0.0352344, Validation MAE: 0.9867833, Test MAE: 1.1915994, Test MAE norm: 0.0514736
Epoch: 1675, LR: 0.000010, Loss: 0.0352416, Validation MAE: 0.9862431, Test MAE: 1.1948043, Test MAE norm: 0.0516121
Epoch: 1685, LR: 0.000010, Loss: 0.0355098, Validation MAE: 0.9902883, Test MAE: 1.2015326, Test MAE norm: 0.0519027
Epoch: 1686, LR: 0.000010, Loss: 0.0353278, Validation MAE: 0.9893807, Test MAE: 1.1989901, Test MAE norm: 0.0517929
Epoch: 1692, LR: 0.000010, Loss: 0.0353296, Validation MAE: 0.9863471, Test MAE: 1.1922966, Test MAE norm: 0.0515038
Epoch: 1693, LR: 0.000010, Loss: 0.0351511, Validation MAE: 0.9849432, Test MAE: 1.2002511, Test MAE norm: 0.0518474
Epoch: 1703, LR: 0.000010, Loss: 0.0353252, Validation MAE: 0.9974456, Test MAE: 1.1924320, Test MAE norm: 0.0515096
Epoch: 1704, LR: 0.000010, Loss: 0.0353507, Validation MAE: 0.9871914, Test MAE: 1.1949235, Test MAE norm: 0.0516172
Epoch: 1714, LR: 0.000010, Loss: 0.0352692, Validation MAE: 0.9878780, Test MAE: 1.1992595, Test MAE norm: 0.0518045
Epoch: 1717, LR: 0.000010, Loss: 0.0351982, Validation MAE: 0.9850373, Test MAE: 1.1992053, Test MAE norm: 0.0518022
Epoch: 1727, LR: 0.000010, Loss: 0.0350862, Validation MAE: 0.9901518, Test MAE: 1.1983521, Test MAE norm: 0.0517653
Epoch: 1728, LR: 0.000010, Loss: 0.0352402, Validation MAE: 0.9898695, Test MAE: 1.2000417, Test MAE norm: 0.0518383
Epoch: 1730, LR: 0.000010, Loss: 0.0352231, Validation MAE: 0.9870135, Test MAE: 1.1958355, Test MAE norm: 0.0516566
Epoch: 1731, LR: 0.000010, Loss: 0.0351082, Validation MAE: 0.9866796, Test MAE: 1.1982144, Test MAE norm: 0.0517594
Epoch: 1737, LR: 0.000010, Loss: 0.0352426, Validation MAE: 0.9839764, Test MAE: 1.1929455, Test MAE norm: 0.0515318
Epoch: 1747, LR: 0.000010, Loss: 0.0351333, Validation MAE: 0.9875833, Test MAE: 1.1985941, Test MAE norm: 0.0517758
Epoch: 1748, LR: 0.000010, Loss: 0.0351279, Validation MAE: 0.9848211, Test MAE: 1.1973976, Test MAE norm: 0.0517241
Epoch: 1758, LR: 0.000010, Loss: 0.0350039, Validation MAE: 0.9858392, Test MAE: 1.1934158, Test MAE norm: 0.0515521
Epoch: 1763, LR: 0.000010, Loss: 0.0351454, Validation MAE: 0.9838467, Test MAE: 1.1958904, Test MAE norm: 0.0516590
Epoch: 1773, LR: 0.000010, Loss: 0.0351748, Validation MAE: 0.9955776, Test MAE: 1.1943120, Test MAE norm: 0.0515908
Epoch: 1775, LR: 0.000010, Loss: 0.0351861, Validation MAE: 0.9864662, Test MAE: 1.1999950, Test MAE norm: 0.0518363
Epoch: 1782, LR: 0.000010, Loss: 0.0351710, Validation MAE: 0.9851266, Test MAE: 1.1968855, Test MAE norm: 0.0517020
Epoch: 1783, LR: 0.000010, Loss: 0.0350208, Validation MAE: 0.9845868, Test MAE: 1.2010107, Test MAE norm: 0.0518802
Epoch: 1793, LR: 0.000010, Loss: 0.0351021, Validation MAE: 1.0006546, Test MAE: 1.1911813, Test MAE norm: 0.0514556
Epoch: 1794, LR: 0.000010, Loss: 0.0352435, Validation MAE: 0.9924266, Test MAE: 1.1956496, Test MAE norm: 0.0516486
Epoch: 1795, LR: 0.000010, Loss: 0.0350451, Validation MAE: 0.9886739, Test MAE: 1.2009046, Test MAE norm: 0.0518756
Epoch: 1796, LR: 0.000010, Loss: 0.0351820, Validation MAE: 0.9879649, Test MAE: 1.1933858, Test MAE norm: 0.0515508
Epoch: 1798, LR: 0.000010, Loss: 0.0351147, Validation MAE: 0.9862423, Test MAE: 1.1936036, Test MAE norm: 0.0515602
Epoch: 1799, LR: 0.000010, Loss: 0.0349863, Validation MAE: 0.9822205, Test MAE: 1.1959741, Test MAE norm: 0.0516626
Epoch: 1809, LR: 0.000010, Loss: 0.0351258, Validation MAE: 0.9878414, Test MAE: 1.1933664, Test MAE norm: 0.0515500
Epoch: 1813, LR: 0.000010, Loss: 0.0353146, Validation MAE: 0.9841793, Test MAE: 1.2008617, Test MAE norm: 0.0518737
Epoch: 1823, LR: 0.000010, Loss: 0.0357824, Validation MAE: 0.9946272, Test MAE: 1.1921617, Test MAE norm: 0.0514979
Epoch: 1825, LR: 0.000010, Loss: 0.0357341, Validation MAE: 0.9894960, Test MAE: 1.1922138, Test MAE norm: 0.0515002
Epoch: 1826, LR: 0.000010, Loss: 0.0350815, Validation MAE: 0.9837674, Test MAE: 1.2063342, Test MAE norm: 0.0521101
Epoch: 1827, LR: 0.000010, Loss: 0.0357152, Validation MAE: 0.9812523, Test MAE: 1.1987628, Test MAE norm: 0.0517831
Epoch: 1837, LR: 0.000010, Loss: 0.0356214, Validation MAE: 0.9811033, Test MAE: 1.1890142, Test MAE norm: 0.0513620
Epoch: 1847, LR: 0.000010, Loss: 0.0350495, Validation MAE: 0.9878011, Test MAE: 1.1851751, Test MAE norm: 0.0511961
Epoch: 1848, LR: 0.000010, Loss: 0.0349595, Validation MAE: 0.9854153, Test MAE: 1.1906694, Test MAE norm: 0.0514335
Epoch: 1850, LR: 0.000010, Loss: 0.0349109, Validation MAE: 0.9851481, Test MAE: 1.1891524, Test MAE norm: 0.0513679
Epoch: 1851, LR: 0.000010, Loss: 0.0349876, Validation MAE: 0.9803478, Test MAE: 1.1937672, Test MAE norm: 0.0515673
Epoch: 1861, LR: 0.000010, Loss: 0.0349944, Validation MAE: 0.9900160, Test MAE: 1.1863528, Test MAE norm: 0.0512470
Epoch: 1862, LR: 0.000010, Loss: 0.0350999, Validation MAE: 0.9867470, Test MAE: 1.1877455, Test MAE norm: 0.0513072
Epoch: 1863, LR: 0.000010, Loss: 0.0349320, Validation MAE: 0.9847717, Test MAE: 1.1972885, Test MAE norm: 0.0517194
Epoch: 1867, LR: 0.000010, Loss: 0.0349080, Validation MAE: 0.9829472, Test MAE: 1.1900278, Test MAE norm: 0.0514058
Epoch: 1868, LR: 0.000010, Loss: 0.0349949, Validation MAE: 0.9821152, Test MAE: 1.1846348, Test MAE norm: 0.0511728
Epoch: 1869, LR: 0.000010, Loss: 0.0349605, Validation MAE: 0.9809417, Test MAE: 1.1880101, Test MAE norm: 0.0513186
Epoch: 1879, LR: 0.000010, Loss: 0.0350683, Validation MAE: 0.9899790, Test MAE: 1.1861441, Test MAE norm: 0.0512380
Epoch: 1880, LR: 0.000010, Loss: 0.0350482, Validation MAE: 0.9876326, Test MAE: 1.1865271, Test MAE norm: 0.0512545
Epoch: 1881, LR: 0.000010, Loss: 0.0349973, Validation MAE: 0.9859931, Test MAE: 1.1964703, Test MAE norm: 0.0516840
Epoch: 1885, LR: 0.000010, Loss: 0.0349489, Validation MAE: 0.9834074, Test MAE: 1.1931939, Test MAE norm: 0.0515425
Epoch: 1886, LR: 0.000010, Loss: 0.0348580, Validation MAE: 0.9812385, Test MAE: 1.1881410, Test MAE norm: 0.0513242
Epoch: 1887, LR: 0.000010, Loss: 0.0348097, Validation MAE: 0.9792579, Test MAE: 1.1894490, Test MAE norm: 0.0513807
Epoch: 1897, LR: 0.000010, Loss: 0.0350550, Validation MAE: 0.9839837, Test MAE: 1.1869415, Test MAE norm: 0.0512724
Epoch: 1898, LR: 0.000010, Loss: 0.0350394, Validation MAE: 0.9818197, Test MAE: 1.1934180, Test MAE norm: 0.0515522
Epoch: 1905, LR: 0.000010, Loss: 0.0350052, Validation MAE: 0.9816549, Test MAE: 1.1913310, Test MAE norm: 0.0514620
Epoch: 1915, LR: 0.000010, Loss: 0.0354707, Validation MAE: 0.9904750, Test MAE: 1.1829914, Test MAE norm: 0.0511018
Epoch: 1917, LR: 0.000010, Loss: 0.0352151, Validation MAE: 0.9814981, Test MAE: 1.1927351, Test MAE norm: 0.0515227
Epoch: 1925, LR: 0.000010, Loss: 0.0349494, Validation MAE: 0.9811652, Test MAE: 1.1852350, Test MAE norm: 0.0511987
Epoch: 1926, LR: 0.000010, Loss: 0.0348023, Validation MAE: 0.9783461, Test MAE: 1.1941684, Test MAE norm: 0.0515846
Epoch: 1936, LR: 0.000010, Loss: 0.0348229, Validation MAE: 0.9828891, Test MAE: 1.1918894, Test MAE norm: 0.0514862
Epoch: 1942, LR: 0.000010, Loss: 0.0347813, Validation MAE: 0.9805792, Test MAE: 1.1835774, Test MAE norm: 0.0511271
Epoch: 1943, LR: 0.000010, Loss: 0.0347213, Validation MAE: 0.9764474, Test MAE: 1.1874156, Test MAE norm: 0.0512929
Epoch: 1953, LR: 0.000010, Loss: 0.0347503, Validation MAE: 0.9786119, Test MAE: 1.1907529, Test MAE norm: 0.0514371
Epoch: 1959, LR: 0.000010, Loss: 0.0347517, Validation MAE: 0.9780245, Test MAE: 1.1822088, Test MAE norm: 0.0510680
Epoch: 1960, LR: 0.000010, Loss: 0.0347829, Validation MAE: 0.9777650, Test MAE: 1.1814009, Test MAE norm: 0.0510331
Epoch: 1970, LR: 0.000010, Loss: 0.0348193, Validation MAE: 0.9928902, Test MAE: 1.1837279, Test MAE norm: 0.0511336
Epoch: 1971, LR: 0.000010, Loss: 0.0350281, Validation MAE: 0.9862747, Test MAE: 1.1877891, Test MAE norm: 0.0513090
Epoch: 1975, LR: 0.000010, Loss: 0.0351711, Validation MAE: 0.9804778, Test MAE: 1.1892760, Test MAE norm: 0.0513733
Epoch: 1985, LR: 0.000010, Loss: 0.0351769, Validation MAE: 0.9832758, Test MAE: 1.1868228, Test MAE norm: 0.0512673
Epoch: 1987, LR: 0.000010, Loss: 0.0350357, Validation MAE: 0.9824457, Test MAE: 1.1841412, Test MAE norm: 0.0511515
Epoch: 1992, LR: 0.000010, Loss: 0.0348108, Validation MAE: 0.9810560, Test MAE: 1.1896126, Test MAE norm: 0.0513878
Epoch: 1993, LR: 0.000010, Loss: 0.0348380, Validation MAE: 0.9806598, Test MAE: 1.1863198, Test MAE norm: 0.0512456
Epoch: 1998, LR: 0.000010, Loss: 0.0347002, Validation MAE: 0.9787568, Test MAE: 1.1757202, Test MAE norm: 0.0507877
Epoch: 1999, LR: 0.000010, Loss: 0.0348108, Validation MAE: 0.9719718, Test MAE: 1.1773120, Test MAE norm: 0.0508565
Epoch: 1999, LR: 0.000010, Loss: 0.0348108, Validation MAE: 0.9719718, Test MAE: 1.1773120, Test MAE norm: 0.0508565