Command line input: python run_count.py --batch_size 256 --target 4 --model PPGN --h 3 --seed 1 --epoch 2000 --dataset easy-1
Mean = 0.280, Std = 1.409
Using PPGN model

Epoch: 001, LR: 0.001000, Loss: 0.7816455, Validation MAE: 1.4570032, Test MAE: 1.4933206, Test MAE norm: 1.0601254
Epoch: 002, LR: 0.001000, Loss: 0.9882427, Validation MAE: 0.8288621, Test MAE: 0.8719634, Test MAE norm: 0.6190168
Epoch: 003, LR: 0.001000, Loss: 0.5295965, Validation MAE: 0.8193223, Test MAE: 0.8988989, Test MAE norm: 0.6381386
Epoch: 004, LR: 0.001000, Loss: 0.5288898, Validation MAE: 0.7257558, Test MAE: 0.7809845, Test MAE norm: 0.5544298
Epoch: 005, LR: 0.001000, Loss: 0.4648624, Validation MAE: 0.4352799, Test MAE: 0.4456498, Test MAE norm: 0.3163719
Epoch: 007, LR: 0.001000, Loss: 0.3091864, Validation MAE: 0.4292570, Test MAE: 0.4833421, Test MAE norm: 0.3431301
Epoch: 010, LR: 0.001000, Loss: 0.3534311, Validation MAE: 0.4122452, Test MAE: 0.4128030, Test MAE norm: 0.2930536
Epoch: 014, LR: 0.001000, Loss: 0.3305408, Validation MAE: 0.3804250, Test MAE: 0.4296875, Test MAE norm: 0.3050401
Epoch: 016, LR: 0.001000, Loss: 0.2527827, Validation MAE: 0.3489350, Test MAE: 0.3999866, Test MAE norm: 0.2839551
Epoch: 022, LR: 0.001000, Loss: 0.2333363, Validation MAE: 0.3454333, Test MAE: 0.3986583, Test MAE norm: 0.2830121
Epoch: 025, LR: 0.001000, Loss: 0.1946523, Validation MAE: 0.3372280, Test MAE: 0.3892550, Test MAE norm: 0.2763366
Epoch: 027, LR: 0.001000, Loss: 0.1934569, Validation MAE: 0.3130810, Test MAE: 0.3449257, Test MAE norm: 0.2448667
Epoch: 037, LR: 0.001000, Loss: 0.1854108, Validation MAE: 0.4489470, Test MAE: 0.4925441, Test MAE norm: 0.3496627
Epoch: 040, LR: 0.000900, Loss: 0.2920978, Validation MAE: 0.3770045, Test MAE: 0.4165503, Test MAE norm: 0.2957138
Epoch: 044, LR: 0.000900, Loss: 0.2538271, Validation MAE: 0.3670779, Test MAE: 0.4218831, Test MAE norm: 0.2994996
Epoch: 048, LR: 0.000900, Loss: 0.2336711, Validation MAE: 0.3280883, Test MAE: 0.3444953, Test MAE norm: 0.2445612
Epoch: 052, LR: 0.000810, Loss: 0.2083970, Validation MAE: 0.3207684, Test MAE: 0.3742310, Test MAE norm: 0.2656709
Epoch: 058, LR: 0.000810, Loss: 0.2019167, Validation MAE: 0.3009247, Test MAE: 0.3430380, Test MAE norm: 0.2435266
Epoch: 068, LR: 0.000810, Loss: 0.1736343, Validation MAE: 0.3018843, Test MAE: 0.3509223, Test MAE norm: 0.2491237
Epoch: 073, LR: 0.000729, Loss: 0.1685196, Validation MAE: 0.2996331, Test MAE: 0.3408736, Test MAE norm: 0.2419901
Epoch: 074, LR: 0.000729, Loss: 0.1625169, Validation MAE: 0.2931930, Test MAE: 0.3337176, Test MAE norm: 0.2369099
Epoch: 076, LR: 0.000729, Loss: 0.1642753, Validation MAE: 0.2930492, Test MAE: 0.3426983, Test MAE norm: 0.2432854
Epoch: 079, LR: 0.000729, Loss: 0.1661941, Validation MAE: 0.2904103, Test MAE: 0.3402107, Test MAE norm: 0.2415195
Epoch: 089, LR: 0.000729, Loss: 0.1558498, Validation MAE: 0.3098410, Test MAE: 0.3605825, Test MAE norm: 0.2559816
Epoch: 090, LR: 0.000729, Loss: 0.1694538, Validation MAE: 0.2918290, Test MAE: 0.3419915, Test MAE norm: 0.2427837
Epoch: 099, LR: 0.000656, Loss: 0.1666695, Validation MAE: 0.2896212, Test MAE: 0.3396876, Test MAE norm: 0.2411481
Epoch: 100, LR: 0.000656, Loss: 0.1548003, Validation MAE: 0.2882722, Test MAE: 0.3297796, Test MAE norm: 0.2341143
Epoch: 102, LR: 0.000656, Loss: 0.1634517, Validation MAE: 0.2861618, Test MAE: 0.3305766, Test MAE norm: 0.2346801
Epoch: 103, LR: 0.000656, Loss: 0.1526090, Validation MAE: 0.2834702, Test MAE: 0.3384660, Test MAE norm: 0.2402809
Epoch: 105, LR: 0.000656, Loss: 0.1603981, Validation MAE: 0.2827815, Test MAE: 0.3404931, Test MAE norm: 0.2417200
Epoch: 115, LR: 0.000656, Loss: 0.1592249, Validation MAE: 0.3051972, Test MAE: 0.3605385, Test MAE norm: 0.2559504
Epoch: 117, LR: 0.000590, Loss: 0.1691689, Validation MAE: 0.2800288, Test MAE: 0.3333846, Test MAE norm: 0.2366735
Epoch: 127, LR: 0.000590, Loss: 0.1730030, Validation MAE: 0.2773478, Test MAE: 0.3411269, Test MAE norm: 0.2421699
Epoch: 137, LR: 0.000590, Loss: 0.1530938, Validation MAE: 0.2964110, Test MAE: 0.3453452, Test MAE norm: 0.2451645
Epoch: 139, LR: 0.000531, Loss: 0.1735438, Validation MAE: 0.2776539, Test MAE: 0.3244152, Test MAE norm: 0.2303060
Epoch: 143, LR: 0.000531, Loss: 0.1730052, Validation MAE: 0.2744160, Test MAE: 0.3352765, Test MAE norm: 0.2380166
Epoch: 146, LR: 0.000531, Loss: 0.1597320, Validation MAE: 0.2590447, Test MAE: 0.3147537, Test MAE norm: 0.2234472
Epoch: 151, LR: 0.000531, Loss: 0.1596460, Validation MAE: 0.2546425, Test MAE: 0.3110900, Test MAE norm: 0.2208463
Epoch: 161, LR: 0.000531, Loss: 0.1476235, Validation MAE: 0.2578126, Test MAE: 0.2983914, Test MAE norm: 0.2118315
Epoch: 162, LR: 0.000531, Loss: 0.1496394, Validation MAE: 0.2525070, Test MAE: 0.3009573, Test MAE norm: 0.2136530
Epoch: 165, LR: 0.000531, Loss: 0.1455567, Validation MAE: 0.2455476, Test MAE: 0.2996371, Test MAE norm: 0.2127158
Epoch: 168, LR: 0.000531, Loss: 0.1553860, Validation MAE: 0.2352625, Test MAE: 0.2924359, Test MAE norm: 0.2076036
Epoch: 172, LR: 0.000531, Loss: 0.1567526, Validation MAE: 0.2325149, Test MAE: 0.2927742, Test MAE norm: 0.2078438
Epoch: 180, LR: 0.000531, Loss: 0.1602279, Validation MAE: 0.2229231, Test MAE: 0.2818737, Test MAE norm: 0.2001053
Epoch: 190, LR: 0.000531, Loss: 0.1578299, Validation MAE: 0.2647724, Test MAE: 0.3020693, Test MAE norm: 0.2144425
Epoch: 191, LR: 0.000531, Loss: 0.1618322, Validation MAE: 0.2402598, Test MAE: 0.3039501, Test MAE norm: 0.2157777
Epoch: 192, LR: 0.000478, Loss: 0.1471912, Validation MAE: 0.2345746, Test MAE: 0.3016904, Test MAE norm: 0.2141735
Epoch: 194, LR: 0.000478, Loss: 0.1481054, Validation MAE: 0.2344928, Test MAE: 0.2973010, Test MAE norm: 0.2110574
Epoch: 200, LR: 0.000478, Loss: 0.1473516, Validation MAE: 0.2290403, Test MAE: 0.3078152, Test MAE norm: 0.2185216
Epoch: 204, LR: 0.000430, Loss: 0.1383949, Validation MAE: 0.2244671, Test MAE: 0.2956448, Test MAE norm: 0.2098816
Epoch: 206, LR: 0.000430, Loss: 0.1478859, Validation MAE: 0.2236781, Test MAE: 0.2778984, Test MAE norm: 0.1972833
Epoch: 209, LR: 0.000430, Loss: 0.1358009, Validation MAE: 0.2213806, Test MAE: 0.2872427, Test MAE norm: 0.2039168
Epoch: 218, LR: 0.000430, Loss: 0.1418467, Validation MAE: 0.2165976, Test MAE: 0.2745358, Test MAE norm: 0.1948961
Epoch: 228, LR: 0.000430, Loss: 0.1387410, Validation MAE: 0.2284332, Test MAE: 0.3036012, Test MAE norm: 0.2155300
Epoch: 229, LR: 0.000430, Loss: 0.1397840, Validation MAE: 0.2190785, Test MAE: 0.2925289, Test MAE norm: 0.2076696
Epoch: 230, LR: 0.000387, Loss: 0.1388462, Validation MAE: 0.2181310, Test MAE: 0.2670447, Test MAE norm: 0.1895781
Epoch: 234, LR: 0.000387, Loss: 0.1321154, Validation MAE: 0.2173791, Test MAE: 0.2893628, Test MAE norm: 0.2054220
Epoch: 235, LR: 0.000387, Loss: 0.1330734, Validation MAE: 0.2130043, Test MAE: 0.2774560, Test MAE norm: 0.1969692
Epoch: 240, LR: 0.000387, Loss: 0.1415887, Validation MAE: 0.2088669, Test MAE: 0.2783830, Test MAE norm: 0.1976273
Epoch: 243, LR: 0.000387, Loss: 0.1374175, Validation MAE: 0.2083936, Test MAE: 0.2742229, Test MAE norm: 0.1946739
Epoch: 253, LR: 0.000387, Loss: 0.1282049, Validation MAE: 0.2245117, Test MAE: 0.2903221, Test MAE norm: 0.2061030
Epoch: 254, LR: 0.000387, Loss: 0.1343221, Validation MAE: 0.2143641, Test MAE: 0.2790776, Test MAE norm: 0.1981204
Epoch: 257, LR: 0.000349, Loss: 0.1340661, Validation MAE: 0.2109325, Test MAE: 0.2562222, Test MAE norm: 0.1818951
Epoch: 261, LR: 0.000349, Loss: 0.1289918, Validation MAE: 0.2086103, Test MAE: 0.2554384, Test MAE norm: 0.1813386
Epoch: 265, LR: 0.000349, Loss: 0.1286405, Validation MAE: 0.2077805, Test MAE: 0.2598577, Test MAE norm: 0.1844759
Epoch: 266, LR: 0.000349, Loss: 0.1261438, Validation MAE: 0.2071011, Test MAE: 0.2522819, Test MAE norm: 0.1790978
Epoch: 276, LR: 0.000349, Loss: 0.1298538, Validation MAE: 0.2079191, Test MAE: 0.2693796, Test MAE norm: 0.1912357
Epoch: 286, LR: 0.000314, Loss: 0.1337663, Validation MAE: 0.2271208, Test MAE: 0.2857763, Test MAE norm: 0.2028759
Epoch: 287, LR: 0.000314, Loss: 0.1379969, Validation MAE: 0.2157416, Test MAE: 0.2778244, Test MAE norm: 0.1972307
Epoch: 296, LR: 0.000282, Loss: 0.1318901, Validation MAE: 0.2116464, Test MAE: 0.2618869, Test MAE norm: 0.1859165
Epoch: 302, LR: 0.000254, Loss: 0.1307662, Validation MAE: 0.2071770, Test MAE: 0.2630031, Test MAE norm: 0.1867089
Epoch: 312, LR: 0.000229, Loss: 0.1285275, Validation MAE: 0.2139886, Test MAE: 0.2723569, Test MAE norm: 0.1933493
Epoch: 314, LR: 0.000229, Loss: 0.1325926, Validation MAE: 0.2078181, Test MAE: 0.2653818, Test MAE norm: 0.1883976
Epoch: 320, LR: 0.000229, Loss: 0.1296746, Validation MAE: 0.2020872, Test MAE: 0.2606541, Test MAE norm: 0.1850413
Epoch: 330, LR: 0.000229, Loss: 0.1272122, Validation MAE: 0.2057400, Test MAE: 0.2687027, Test MAE norm: 0.1907551
Epoch: 332, LR: 0.000206, Loss: 0.1274740, Validation MAE: 0.2031769, Test MAE: 0.2621469, Test MAE norm: 0.1861011
Epoch: 338, LR: 0.000206, Loss: 0.1251999, Validation MAE: 0.2013003, Test MAE: 0.2635576, Test MAE norm: 0.1871025
Epoch: 348, LR: 0.000206, Loss: 0.1357590, Validation MAE: 0.2218900, Test MAE: 0.2815507, Test MAE norm: 0.1998761
Epoch: 349, LR: 0.000206, Loss: 0.1336173, Validation MAE: 0.2066811, Test MAE: 0.2656301, Test MAE norm: 0.1885738
Epoch: 359, LR: 0.000185, Loss: 0.1270128, Validation MAE: 0.2176494, Test MAE: 0.2701569, Test MAE norm: 0.1917874
Epoch: 360, LR: 0.000185, Loss: 0.1302431, Validation MAE: 0.2167475, Test MAE: 0.2715096, Test MAE norm: 0.1927477
Epoch: 361, LR: 0.000167, Loss: 0.1287512, Validation MAE: 0.2065421, Test MAE: 0.2641611, Test MAE norm: 0.1875309
Epoch: 371, LR: 0.000167, Loss: 0.1302119, Validation MAE: 0.2232354, Test MAE: 0.2799847, Test MAE norm: 0.1987643
Epoch: 372, LR: 0.000150, Loss: 0.1330626, Validation MAE: 0.2175128, Test MAE: 0.2774691, Test MAE norm: 0.1969785
Epoch: 373, LR: 0.000150, Loss: 0.1296111, Validation MAE: 0.2075044, Test MAE: 0.2696186, Test MAE norm: 0.1914053
Epoch: 377, LR: 0.000150, Loss: 0.1282343, Validation MAE: 0.2033941, Test MAE: 0.2646481, Test MAE norm: 0.1878767
Epoch: 385, LR: 0.000135, Loss: 0.1263696, Validation MAE: 0.2014907, Test MAE: 0.2635551, Test MAE norm: 0.1871008
Epoch: 393, LR: 0.000135, Loss: 0.1248669, Validation MAE: 0.1982254, Test MAE: 0.2549399, Test MAE norm: 0.1809847
Epoch: 403, LR: 0.000135, Loss: 0.1218567, Validation MAE: 0.2124004, Test MAE: 0.2702254, Test MAE norm: 0.1918361
Epoch: 404, LR: 0.000135, Loss: 0.1255264, Validation MAE: 0.2100086, Test MAE: 0.2702320, Test MAE norm: 0.1918408
Epoch: 405, LR: 0.000122, Loss: 0.1244231, Validation MAE: 0.2030049, Test MAE: 0.2651018, Test MAE norm: 0.1881988
Epoch: 409, LR: 0.000122, Loss: 0.1241372, Validation MAE: 0.2019945, Test MAE: 0.2623067, Test MAE norm: 0.1862145
Epoch: 413, LR: 0.000122, Loss: 0.1222456, Validation MAE: 0.1982817, Test MAE: 0.2595918, Test MAE norm: 0.1842872
Epoch: 421, LR: 0.000109, Loss: 0.1199831, Validation MAE: 0.1966644, Test MAE: 0.2557958, Test MAE norm: 0.1815924
Epoch: 431, LR: 0.000109, Loss: 0.1184168, Validation MAE: 0.1983609, Test MAE: 0.2564796, Test MAE norm: 0.1820778
Epoch: 439, LR: 0.000098, Loss: 0.1178299, Validation MAE: 0.1960654, Test MAE: 0.2534051, Test MAE norm: 0.1798951
Epoch: 449, LR: 0.000098, Loss: 0.1172167, Validation MAE: 0.1954290, Test MAE: 0.2537089, Test MAE norm: 0.1801108
Epoch: 459, LR: 0.000098, Loss: 0.1171855, Validation MAE: 0.1978494, Test MAE: 0.2570889, Test MAE norm: 0.1825104
Epoch: 461, LR: 0.000089, Loss: 0.1176479, Validation MAE: 0.1956268, Test MAE: 0.2521670, Test MAE norm: 0.1790162
Epoch: 471, LR: 0.000089, Loss: 0.1173575, Validation MAE: 0.1970548, Test MAE: 0.2549376, Test MAE norm: 0.1809831
Epoch: 475, LR: 0.000080, Loss: 0.1169299, Validation MAE: 0.1969792, Test MAE: 0.2538140, Test MAE norm: 0.1801855
Epoch: 479, LR: 0.000080, Loss: 0.1166416, Validation MAE: 0.1960692, Test MAE: 0.2539250, Test MAE norm: 0.1802642
Epoch: 484, LR: 0.000072, Loss: 0.1165394, Validation MAE: 0.1943970, Test MAE: 0.2520458, Test MAE norm: 0.1789302
Epoch: 494, LR: 0.000072, Loss: 0.1161507, Validation MAE: 0.1958047, Test MAE: 0.2530558, Test MAE norm: 0.1796472
Epoch: 495, LR: 0.000072, Loss: 0.1165816, Validation MAE: 0.1952985, Test MAE: 0.2519262, Test MAE norm: 0.1788453
Epoch: 505, LR: 0.000065, Loss: 0.1162050, Validation MAE: 0.1956058, Test MAE: 0.2530398, Test MAE norm: 0.1796359
Epoch: 509, LR: 0.000058, Loss: 0.1159939, Validation MAE: 0.1946796, Test MAE: 0.2522283, Test MAE norm: 0.1790597
Epoch: 510, LR: 0.000058, Loss: 0.1158980, Validation MAE: 0.1946783, Test MAE: 0.2519565, Test MAE norm: 0.1788668
Epoch: 515, LR: 0.000058, Loss: 0.1155028, Validation MAE: 0.1942804, Test MAE: 0.2522280, Test MAE norm: 0.1790595
Epoch: 525, LR: 0.000058, Loss: 0.1155374, Validation MAE: 0.1952790, Test MAE: 0.2525926, Test MAE norm: 0.1793184
Epoch: 531, LR: 0.000052, Loss: 0.1150893, Validation MAE: 0.1945932, Test MAE: 0.2524174, Test MAE norm: 0.1791940
Epoch: 536, LR: 0.000052, Loss: 0.1150673, Validation MAE: 0.1945769, Test MAE: 0.2522786, Test MAE norm: 0.1790954
Epoch: 546, LR: 0.000047, Loss: 0.1149874, Validation MAE: 0.1964304, Test MAE: 0.2552830, Test MAE norm: 0.1812283
Epoch: 547, LR: 0.000047, Loss: 0.1148736, Validation MAE: 0.1956493, Test MAE: 0.2543173, Test MAE norm: 0.1805428
Epoch: 548, LR: 0.000047, Loss: 0.1147228, Validation MAE: 0.1945775, Test MAE: 0.2519395, Test MAE norm: 0.1788547
Epoch: 549, LR: 0.000042, Loss: 0.1149958, Validation MAE: 0.1944083, Test MAE: 0.2515780, Test MAE norm: 0.1785981
Epoch: 553, LR: 0.000042, Loss: 0.1145480, Validation MAE: 0.1939752, Test MAE: 0.2508928, Test MAE norm: 0.1781117
Epoch: 554, LR: 0.000042, Loss: 0.1146489, Validation MAE: 0.1935813, Test MAE: 0.2504064, Test MAE norm: 0.1777663
Epoch: 560, LR: 0.000042, Loss: 0.1147271, Validation MAE: 0.1933232, Test MAE: 0.2503406, Test MAE norm: 0.1777197
Epoch: 570, LR: 0.000042, Loss: 0.1142989, Validation MAE: 0.1957373, Test MAE: 0.2537717, Test MAE norm: 0.1801554
Epoch: 571, LR: 0.000042, Loss: 0.1144837, Validation MAE: 0.1945075, Test MAE: 0.2522766, Test MAE norm: 0.1790940
Epoch: 572, LR: 0.000038, Loss: 0.1142746, Validation MAE: 0.1941295, Test MAE: 0.2509874, Test MAE norm: 0.1781788
Epoch: 577, LR: 0.000038, Loss: 0.1141809, Validation MAE: 0.1939817, Test MAE: 0.2505319, Test MAE norm: 0.1778555
Epoch: 587, LR: 0.000034, Loss: 0.1140373, Validation MAE: 0.1958299, Test MAE: 0.2537258, Test MAE norm: 0.1801228
Epoch: 589, LR: 0.000034, Loss: 0.1141068, Validation MAE: 0.1944106, Test MAE: 0.2515222, Test MAE norm: 0.1785585
Epoch: 590, LR: 0.000034, Loss: 0.1138822, Validation MAE: 0.1939813, Test MAE: 0.2510175, Test MAE norm: 0.1782002
Epoch: 600, LR: 0.000031, Loss: 0.1137189, Validation MAE: 0.1956098, Test MAE: 0.2525460, Test MAE norm: 0.1792853
Epoch: 601, LR: 0.000031, Loss: 0.1138692, Validation MAE: 0.1950510, Test MAE: 0.2515113, Test MAE norm: 0.1785508
Epoch: 602, LR: 0.000031, Loss: 0.1137083, Validation MAE: 0.1948840, Test MAE: 0.2503718, Test MAE norm: 0.1777418
Epoch: 603, LR: 0.000031, Loss: 0.1139544, Validation MAE: 0.1945582, Test MAE: 0.2498230, Test MAE norm: 0.1773522
Epoch: 604, LR: 0.000031, Loss: 0.1139086, Validation MAE: 0.1945208, Test MAE: 0.2501983, Test MAE norm: 0.1776186
Epoch: 608, LR: 0.000028, Loss: 0.1137168, Validation MAE: 0.1940541, Test MAE: 0.2501759, Test MAE norm: 0.1776027
Epoch: 618, LR: 0.000025, Loss: 0.1134204, Validation MAE: 0.1949792, Test MAE: 0.2506226, Test MAE norm: 0.1779198
Epoch: 619, LR: 0.000025, Loss: 0.1136512, Validation MAE: 0.1949392, Test MAE: 0.2507190, Test MAE norm: 0.1779883
Epoch: 621, LR: 0.000025, Loss: 0.1135684, Validation MAE: 0.1945858, Test MAE: 0.2501535, Test MAE norm: 0.1775868
Epoch: 626, LR: 0.000025, Loss: 0.1133625, Validation MAE: 0.1945454, Test MAE: 0.2510261, Test MAE norm: 0.1782063
Epoch: 628, LR: 0.000023, Loss: 0.1133595, Validation MAE: 0.1944028, Test MAE: 0.2508332, Test MAE norm: 0.1780693
Epoch: 632, LR: 0.000023, Loss: 0.1133457, Validation MAE: 0.1939754, Test MAE: 0.2502164, Test MAE norm: 0.1776315
Epoch: 638, LR: 0.000020, Loss: 0.1131449, Validation MAE: 0.1939196, Test MAE: 0.2510034, Test MAE norm: 0.1781901
Epoch: 639, LR: 0.000020, Loss: 0.1131531, Validation MAE: 0.1939144, Test MAE: 0.2508139, Test MAE norm: 0.1780557
Epoch: 649, LR: 0.000018, Loss: 0.1130903, Validation MAE: 0.1942016, Test MAE: 0.2498056, Test MAE norm: 0.1773399
Epoch: 650, LR: 0.000018, Loss: 0.1130212, Validation MAE: 0.1940376, Test MAE: 0.2495283, Test MAE norm: 0.1771430
Epoch: 659, LR: 0.000018, Loss: 0.1129416, Validation MAE: 0.1937369, Test MAE: 0.2496038, Test MAE norm: 0.1771966
Epoch: 669, LR: 0.000016, Loss: 0.1128994, Validation MAE: 0.1944248, Test MAE: 0.2511251, Test MAE norm: 0.1782766
Epoch: 670, LR: 0.000016, Loss: 0.1128840, Validation MAE: 0.1937708, Test MAE: 0.2496993, Test MAE norm: 0.1772644
Epoch: 671, LR: 0.000015, Loss: 0.1128500, Validation MAE: 0.1935513, Test MAE: 0.2491479, Test MAE norm: 0.1768729
Epoch: 681, LR: 0.000015, Loss: 0.1127374, Validation MAE: 0.1940089, Test MAE: 0.2501280, Test MAE norm: 0.1775687
Epoch: 682, LR: 0.000013, Loss: 0.1127421, Validation MAE: 0.1938871, Test MAE: 0.2499678, Test MAE norm: 0.1774550
Epoch: 687, LR: 0.000013, Loss: 0.1126609, Validation MAE: 0.1937467, Test MAE: 0.2502190, Test MAE norm: 0.1776333
Epoch: 688, LR: 0.000013, Loss: 0.1126907, Validation MAE: 0.1936841, Test MAE: 0.2504169, Test MAE norm: 0.1777738
Epoch: 689, LR: 0.000013, Loss: 0.1126473, Validation MAE: 0.1933996, Test MAE: 0.2502904, Test MAE norm: 0.1776840
Epoch: 699, LR: 0.000012, Loss: 0.1125928, Validation MAE: 0.1939535, Test MAE: 0.2501726, Test MAE norm: 0.1776004
Epoch: 702, LR: 0.000012, Loss: 0.1125715, Validation MAE: 0.1933596, Test MAE: 0.2496992, Test MAE norm: 0.1772643
Epoch: 708, LR: 0.000011, Loss: 0.1125636, Validation MAE: 0.1933304, Test MAE: 0.2492719, Test MAE norm: 0.1769610
Epoch: 718, LR: 0.000010, Loss: 0.1125876, Validation MAE: 0.1939932, Test MAE: 0.2506363, Test MAE norm: 0.1779296
Epoch: 719, LR: 0.000010, Loss: 0.1125238, Validation MAE: 0.1934925, Test MAE: 0.2495378, Test MAE norm: 0.1771497
Epoch: 720, LR: 0.000010, Loss: 0.1125134, Validation MAE: 0.1932383, Test MAE: 0.2490601, Test MAE norm: 0.1768106
Epoch: 730, LR: 0.000010, Loss: 0.1124720, Validation MAE: 0.1935713, Test MAE: 0.2494402, Test MAE norm: 0.1770804
Epoch: 731, LR: 0.000010, Loss: 0.1124870, Validation MAE: 0.1935234, Test MAE: 0.2495726, Test MAE norm: 0.1771744
Epoch: 734, LR: 0.000010, Loss: 0.1124251, Validation MAE: 0.1934892, Test MAE: 0.2495727, Test MAE norm: 0.1771745
Epoch: 735, LR: 0.000010, Loss: 0.1124155, Validation MAE: 0.1931891, Test MAE: 0.2491605, Test MAE norm: 0.1768819
Epoch: 745, LR: 0.000010, Loss: 0.1123764, Validation MAE: 0.1934871, Test MAE: 0.2501075, Test MAE norm: 0.1775542
Epoch: 747, LR: 0.000010, Loss: 0.1123942, Validation MAE: 0.1934454, Test MAE: 0.2502970, Test MAE norm: 0.1776887
Epoch: 748, LR: 0.000010, Loss: 0.1123605, Validation MAE: 0.1932474, Test MAE: 0.2495384, Test MAE norm: 0.1771502
Epoch: 750, LR: 0.000010, Loss: 0.1124036, Validation MAE: 0.1931613, Test MAE: 0.2494553, Test MAE norm: 0.1770912
Epoch: 754, LR: 0.000010, Loss: 0.1123074, Validation MAE: 0.1929601, Test MAE: 0.2492617, Test MAE norm: 0.1769537
Epoch: 764, LR: 0.000010, Loss: 0.1123211, Validation MAE: 0.1934919, Test MAE: 0.2503581, Test MAE norm: 0.1777321
Epoch: 765, LR: 0.000010, Loss: 0.1122978, Validation MAE: 0.1929379, Test MAE: 0.2493117, Test MAE norm: 0.1769892
Epoch: 771, LR: 0.000010, Loss: 0.1122710, Validation MAE: 0.1928678, Test MAE: 0.2490081, Test MAE norm: 0.1767737
Epoch: 781, LR: 0.000010, Loss: 0.1121818, Validation MAE: 0.1930680, Test MAE: 0.2496566, Test MAE norm: 0.1772341
Epoch: 791, LR: 0.000010, Loss: 0.1121287, Validation MAE: 0.1932354, Test MAE: 0.2493521, Test MAE norm: 0.1770179
Epoch: 792, LR: 0.000010, Loss: 0.1121485, Validation MAE: 0.1932101, Test MAE: 0.2494371, Test MAE norm: 0.1770782
Epoch: 793, LR: 0.000010, Loss: 0.1121176, Validation MAE: 0.1930260, Test MAE: 0.2496600, Test MAE norm: 0.1772365
Epoch: 798, LR: 0.000010, Loss: 0.1120837, Validation MAE: 0.1929539, Test MAE: 0.2495286, Test MAE norm: 0.1771432
Epoch: 799, LR: 0.000010, Loss: 0.1121030, Validation MAE: 0.1926785, Test MAE: 0.2491773, Test MAE norm: 0.1768938
Epoch: 805, LR: 0.000010, Loss: 0.1121046, Validation MAE: 0.1926136, Test MAE: 0.2488340, Test MAE norm: 0.1766501
Epoch: 811, LR: 0.000010, Loss: 0.1120673, Validation MAE: 0.1923669, Test MAE: 0.2486195, Test MAE norm: 0.1764978
Epoch: 812, LR: 0.000010, Loss: 0.1121207, Validation MAE: 0.1923317, Test MAE: 0.2482317, Test MAE norm: 0.1762225
Epoch: 818, LR: 0.000010, Loss: 0.1119825, Validation MAE: 0.1920621, Test MAE: 0.2481709, Test MAE norm: 0.1761793
Epoch: 819, LR: 0.000010, Loss: 0.1121368, Validation MAE: 0.1919415, Test MAE: 0.2479267, Test MAE norm: 0.1760060
Epoch: 829, LR: 0.000010, Loss: 0.1119494, Validation MAE: 0.1926545, Test MAE: 0.2496228, Test MAE norm: 0.1772100
Epoch: 839, LR: 0.000010, Loss: 0.1118760, Validation MAE: 0.1930668, Test MAE: 0.2499609, Test MAE norm: 0.1774501
Epoch: 840, LR: 0.000010, Loss: 0.1118927, Validation MAE: 0.1929568, Test MAE: 0.2499596, Test MAE norm: 0.1774492
Epoch: 841, LR: 0.000010, Loss: 0.1118923, Validation MAE: 0.1928720, Test MAE: 0.2494174, Test MAE norm: 0.1770643
Epoch: 845, LR: 0.000010, Loss: 0.1118352, Validation MAE: 0.1927275, Test MAE: 0.2495397, Test MAE norm: 0.1771511
Epoch: 849, LR: 0.000010, Loss: 0.1118624, Validation MAE: 0.1924444, Test MAE: 0.2492328, Test MAE norm: 0.1769332
Epoch: 859, LR: 0.000010, Loss: 0.1118213, Validation MAE: 0.1926806, Test MAE: 0.2498413, Test MAE norm: 0.1773652
Epoch: 860, LR: 0.000010, Loss: 0.1118452, Validation MAE: 0.1925856, Test MAE: 0.2498745, Test MAE norm: 0.1773888
Epoch: 865, LR: 0.000010, Loss: 0.1117973, Validation MAE: 0.1921954, Test MAE: 0.2490221, Test MAE norm: 0.1767836
Epoch: 870, LR: 0.000010, Loss: 0.1117498, Validation MAE: 0.1921251, Test MAE: 0.2493047, Test MAE norm: 0.1769843
Epoch: 880, LR: 0.000010, Loss: 0.1117835, Validation MAE: 0.1927732, Test MAE: 0.2501560, Test MAE norm: 0.1775886
Epoch: 881, LR: 0.000010, Loss: 0.1116938, Validation MAE: 0.1926222, Test MAE: 0.2498282, Test MAE norm: 0.1773559
Epoch: 882, LR: 0.000010, Loss: 0.1117205, Validation MAE: 0.1925771, Test MAE: 0.2500486, Test MAE norm: 0.1775124
Epoch: 890, LR: 0.000010, Loss: 0.1116633, Validation MAE: 0.1924920, Test MAE: 0.2499727, Test MAE norm: 0.1774585
Epoch: 891, LR: 0.000010, Loss: 0.1116869, Validation MAE: 0.1924337, Test MAE: 0.2500449, Test MAE norm: 0.1775097
Epoch: 896, LR: 0.000010, Loss: 0.1116259, Validation MAE: 0.1923547, Test MAE: 0.2494314, Test MAE norm: 0.1770742
Epoch: 906, LR: 0.000010, Loss: 0.1115896, Validation MAE: 0.1928592, Test MAE: 0.2503234, Test MAE norm: 0.1777074
Epoch: 907, LR: 0.000010, Loss: 0.1115607, Validation MAE: 0.1925475, Test MAE: 0.2500069, Test MAE norm: 0.1774828
Epoch: 912, LR: 0.000010, Loss: 0.1115387, Validation MAE: 0.1922790, Test MAE: 0.2497694, Test MAE norm: 0.1773142
Epoch: 913, LR: 0.000010, Loss: 0.1116104, Validation MAE: 0.1922037, Test MAE: 0.2498606, Test MAE norm: 0.1773789
Epoch: 923, LR: 0.000010, Loss: 0.1115215, Validation MAE: 0.1928702, Test MAE: 0.2504447, Test MAE norm: 0.1777936
Epoch: 924, LR: 0.000010, Loss: 0.1115113, Validation MAE: 0.1928119, Test MAE: 0.2505742, Test MAE norm: 0.1778855
Epoch: 925, LR: 0.000010, Loss: 0.1115182, Validation MAE: 0.1925070, Test MAE: 0.2500328, Test MAE norm: 0.1775012
Epoch: 930, LR: 0.000010, Loss: 0.1115849, Validation MAE: 0.1923447, Test MAE: 0.2500342, Test MAE norm: 0.1775021
Epoch: 940, LR: 0.000010, Loss: 0.1114209, Validation MAE: 0.1922784, Test MAE: 0.2498428, Test MAE norm: 0.1773663
Epoch: 944, LR: 0.000010, Loss: 0.1114827, Validation MAE: 0.1920959, Test MAE: 0.2495944, Test MAE norm: 0.1771899
Epoch: 945, LR: 0.000010, Loss: 0.1114666, Validation MAE: 0.1917396, Test MAE: 0.2489615, Test MAE norm: 0.1767406
Epoch: 955, LR: 0.000010, Loss: 0.1113683, Validation MAE: 0.1922175, Test MAE: 0.2496129, Test MAE norm: 0.1772030
Epoch: 956, LR: 0.000010, Loss: 0.1113918, Validation MAE: 0.1921840, Test MAE: 0.2494561, Test MAE norm: 0.1770917
Epoch: 960, LR: 0.000010, Loss: 0.1113735, Validation MAE: 0.1921452, Test MAE: 0.2498745, Test MAE norm: 0.1773888
Epoch: 961, LR: 0.000010, Loss: 0.1113665, Validation MAE: 0.1921314, Test MAE: 0.2499097, Test MAE norm: 0.1774138
Epoch: 964, LR: 0.000010, Loss: 0.1113568, Validation MAE: 0.1921018, Test MAE: 0.2505559, Test MAE norm: 0.1778725
Epoch: 967, LR: 0.000010, Loss: 0.1113280, Validation MAE: 0.1920146, Test MAE: 0.2495947, Test MAE norm: 0.1771901
Epoch: 977, LR: 0.000010, Loss: 0.1112872, Validation MAE: 0.1920260, Test MAE: 0.2494546, Test MAE norm: 0.1770907
Epoch: 978, LR: 0.000010, Loss: 0.1113662, Validation MAE: 0.1918937, Test MAE: 0.2488171, Test MAE norm: 0.1766381
Epoch: 985, LR: 0.000010, Loss: 0.1113143, Validation MAE: 0.1916634, Test MAE: 0.2492884, Test MAE norm: 0.1769727
Epoch: 989, LR: 0.000010, Loss: 0.1113013, Validation MAE: 0.1915683, Test MAE: 0.2499137, Test MAE norm: 0.1774166
Epoch: 999, LR: 0.000010, Loss: 0.1111898, Validation MAE: 0.1921564, Test MAE: 0.2500821, Test MAE norm: 0.1775362
Epoch: 1005, LR: 0.000010, Loss: 0.1111597, Validation MAE: 0.1920552, Test MAE: 0.2503003, Test MAE norm: 0.1776911
Epoch: 1006, LR: 0.000010, Loss: 0.1112093, Validation MAE: 0.1916266, Test MAE: 0.2494158, Test MAE norm: 0.1770631
Epoch: 1016, LR: 0.000010, Loss: 0.1111716, Validation MAE: 0.1916721, Test MAE: 0.2491398, Test MAE norm: 0.1768672
Epoch: 1026, LR: 0.000010, Loss: 0.1111717, Validation MAE: 0.1920382, Test MAE: 0.2500314, Test MAE norm: 0.1775002
Epoch: 1029, LR: 0.000010, Loss: 0.1111225, Validation MAE: 0.1919540, Test MAE: 0.2502943, Test MAE norm: 0.1776868
Epoch: 1035, LR: 0.000010, Loss: 0.1110644, Validation MAE: 0.1919417, Test MAE: 0.2503676, Test MAE norm: 0.1777388
Epoch: 1036, LR: 0.000010, Loss: 0.1110848, Validation MAE: 0.1915546, Test MAE: 0.2499359, Test MAE norm: 0.1774323
Epoch: 1046, LR: 0.000010, Loss: 0.1110261, Validation MAE: 0.1915549, Test MAE: 0.2495080, Test MAE norm: 0.1771286
Epoch: 1054, LR: 0.000010, Loss: 0.1110202, Validation MAE: 0.1914752, Test MAE: 0.2494532, Test MAE norm: 0.1770897
Epoch: 1064, LR: 0.000010, Loss: 0.1110018, Validation MAE: 0.1921289, Test MAE: 0.2502064, Test MAE norm: 0.1776244
Epoch: 1065, LR: 0.000010, Loss: 0.1109475, Validation MAE: 0.1915985, Test MAE: 0.2497911, Test MAE norm: 0.1773296
Epoch: 1075, LR: 0.000010, Loss: 0.1108837, Validation MAE: 0.1923161, Test MAE: 0.2506836, Test MAE norm: 0.1779631
Epoch: 1076, LR: 0.000010, Loss: 0.1109104, Validation MAE: 0.1919594, Test MAE: 0.2500357, Test MAE norm: 0.1775032
Epoch: 1086, LR: 0.000010, Loss: 0.1108581, Validation MAE: 0.1919935, Test MAE: 0.2500893, Test MAE norm: 0.1775412
Epoch: 1090, LR: 0.000010, Loss: 0.1108700, Validation MAE: 0.1918834, Test MAE: 0.2502228, Test MAE norm: 0.1776360
Epoch: 1094, LR: 0.000010, Loss: 0.1108092, Validation MAE: 0.1916946, Test MAE: 0.2498306, Test MAE norm: 0.1773576
Epoch: 1104, LR: 0.000010, Loss: 0.1108534, Validation MAE: 0.1920505, Test MAE: 0.2505503, Test MAE norm: 0.1778685
Epoch: 1105, LR: 0.000010, Loss: 0.1107868, Validation MAE: 0.1918848, Test MAE: 0.2504671, Test MAE norm: 0.1778094
Epoch: 1113, LR: 0.000010, Loss: 0.1107436, Validation MAE: 0.1917015, Test MAE: 0.2500291, Test MAE norm: 0.1774985
Epoch: 1123, LR: 0.000010, Loss: 0.1107208, Validation MAE: 0.1923767, Test MAE: 0.2515554, Test MAE norm: 0.1785821
Epoch: 1124, LR: 0.000010, Loss: 0.1107710, Validation MAE: 0.1920937, Test MAE: 0.2510013, Test MAE norm: 0.1781887
Epoch: 1125, LR: 0.000010, Loss: 0.1107440, Validation MAE: 0.1918562, Test MAE: 0.2502999, Test MAE norm: 0.1776908
Epoch: 1126, LR: 0.000010, Loss: 0.1106985, Validation MAE: 0.1918099, Test MAE: 0.2501422, Test MAE norm: 0.1775788
Epoch: 1130, LR: 0.000010, Loss: 0.1106763, Validation MAE: 0.1915953, Test MAE: 0.2499030, Test MAE norm: 0.1774090
Epoch: 1135, LR: 0.000010, Loss: 0.1107374, Validation MAE: 0.1914985, Test MAE: 0.2498115, Test MAE norm: 0.1773440
Epoch: 1145, LR: 0.000010, Loss: 0.1106273, Validation MAE: 0.1917702, Test MAE: 0.2503438, Test MAE norm: 0.1777219
Epoch: 1146, LR: 0.000010, Loss: 0.1106206, Validation MAE: 0.1917263, Test MAE: 0.2503463, Test MAE norm: 0.1777237
Epoch: 1150, LR: 0.000010, Loss: 0.1106510, Validation MAE: 0.1912431, Test MAE: 0.2496225, Test MAE norm: 0.1772099
Epoch: 1160, LR: 0.000010, Loss: 0.1106504, Validation MAE: 0.1922794, Test MAE: 0.2508168, Test MAE norm: 0.1780577
Epoch: 1161, LR: 0.000010, Loss: 0.1106527, Validation MAE: 0.1920882, Test MAE: 0.2507958, Test MAE norm: 0.1780428
Epoch: 1162, LR: 0.000010, Loss: 0.1105655, Validation MAE: 0.1916786, Test MAE: 0.2505099, Test MAE norm: 0.1778398
Epoch: 1164, LR: 0.000010, Loss: 0.1106434, Validation MAE: 0.1916445, Test MAE: 0.2502735, Test MAE norm: 0.1776720
Epoch: 1174, LR: 0.000010, Loss: 0.1106206, Validation MAE: 0.1921610, Test MAE: 0.2509370, Test MAE norm: 0.1781430
Epoch: 1175, LR: 0.000010, Loss: 0.1105598, Validation MAE: 0.1919722, Test MAE: 0.2502346, Test MAE norm: 0.1776444
Epoch: 1177, LR: 0.000010, Loss: 0.1106239, Validation MAE: 0.1919484, Test MAE: 0.2502839, Test MAE norm: 0.1776794
Epoch: 1178, LR: 0.000010, Loss: 0.1105624, Validation MAE: 0.1918559, Test MAE: 0.2507770, Test MAE norm: 0.1780295
Epoch: 1180, LR: 0.000010, Loss: 0.1106040, Validation MAE: 0.1916303, Test MAE: 0.2503047, Test MAE norm: 0.1776942
Epoch: 1184, LR: 0.000010, Loss: 0.1105218, Validation MAE: 0.1913663, Test MAE: 0.2501329, Test MAE norm: 0.1775722
Epoch: 1194, LR: 0.000010, Loss: 0.1104811, Validation MAE: 0.1918531, Test MAE: 0.2508203, Test MAE norm: 0.1780602
Epoch: 1195, LR: 0.000010, Loss: 0.1105424, Validation MAE: 0.1915805, Test MAE: 0.2503791, Test MAE norm: 0.1777470
Epoch: 1200, LR: 0.000010, Loss: 0.1104781, Validation MAE: 0.1908698, Test MAE: 0.2495466, Test MAE norm: 0.1771560
Epoch: 1210, LR: 0.000010, Loss: 0.1104001, Validation MAE: 0.1914038, Test MAE: 0.2500384, Test MAE norm: 0.1775051
Epoch: 1214, LR: 0.000010, Loss: 0.1104087, Validation MAE: 0.1912871, Test MAE: 0.2502234, Test MAE norm: 0.1776364
Epoch: 1215, LR: 0.000010, Loss: 0.1104027, Validation MAE: 0.1912677, Test MAE: 0.2501486, Test MAE norm: 0.1775834
Epoch: 1225, LR: 0.000010, Loss: 0.1103215, Validation MAE: 0.1915105, Test MAE: 0.2505451, Test MAE norm: 0.1778648
Epoch: 1228, LR: 0.000010, Loss: 0.1103315, Validation MAE: 0.1913413, Test MAE: 0.2504178, Test MAE norm: 0.1777744
Epoch: 1238, LR: 0.000010, Loss: 0.1102824, Validation MAE: 0.1916575, Test MAE: 0.2505099, Test MAE norm: 0.1778398
Epoch: 1242, LR: 0.000010, Loss: 0.1102823, Validation MAE: 0.1915538, Test MAE: 0.2508402, Test MAE norm: 0.1780744
Epoch: 1243, LR: 0.000010, Loss: 0.1102319, Validation MAE: 0.1912774, Test MAE: 0.2501818, Test MAE norm: 0.1776069
Epoch: 1247, LR: 0.000010, Loss: 0.1102378, Validation MAE: 0.1911021, Test MAE: 0.2499875, Test MAE norm: 0.1774690
Epoch: 1257, LR: 0.000010, Loss: 0.1102490, Validation MAE: 0.1915076, Test MAE: 0.2507995, Test MAE norm: 0.1780454
Epoch: 1258, LR: 0.000010, Loss: 0.1102079, Validation MAE: 0.1914924, Test MAE: 0.2509187, Test MAE norm: 0.1781300
Epoch: 1259, LR: 0.000010, Loss: 0.1102298, Validation MAE: 0.1914394, Test MAE: 0.2506239, Test MAE norm: 0.1779207
Epoch: 1265, LR: 0.000010, Loss: 0.1102055, Validation MAE: 0.1913362, Test MAE: 0.2506090, Test MAE norm: 0.1779102
Epoch: 1268, LR: 0.000010, Loss: 0.1101908, Validation MAE: 0.1911572, Test MAE: 0.2507394, Test MAE norm: 0.1780028
Epoch: 1272, LR: 0.000010, Loss: 0.1101493, Validation MAE: 0.1907983, Test MAE: 0.2499638, Test MAE norm: 0.1774522
Epoch: 1282, LR: 0.000010, Loss: 0.1101714, Validation MAE: 0.1911143, Test MAE: 0.2505596, Test MAE norm: 0.1778751
Epoch: 1286, LR: 0.000010, Loss: 0.1101139, Validation MAE: 0.1907382, Test MAE: 0.2502533, Test MAE norm: 0.1776576
Epoch: 1296, LR: 0.000010, Loss: 0.1100797, Validation MAE: 0.1914889, Test MAE: 0.2513193, Test MAE norm: 0.1784145
Epoch: 1297, LR: 0.000010, Loss: 0.1101353, Validation MAE: 0.1913092, Test MAE: 0.2509041, Test MAE norm: 0.1781197
Epoch: 1298, LR: 0.000010, Loss: 0.1100400, Validation MAE: 0.1910065, Test MAE: 0.2502170, Test MAE norm: 0.1776319
Epoch: 1299, LR: 0.000010, Loss: 0.1100997, Validation MAE: 0.1909846, Test MAE: 0.2501318, Test MAE norm: 0.1775714
Epoch: 1308, LR: 0.000010, Loss: 0.1101273, Validation MAE: 0.1908214, Test MAE: 0.2502128, Test MAE norm: 0.1776289
Epoch: 1317, LR: 0.000010, Loss: 0.1100745, Validation MAE: 0.1905696, Test MAE: 0.2503075, Test MAE norm: 0.1776962
Epoch: 1327, LR: 0.000010, Loss: 0.1099982, Validation MAE: 0.1913793, Test MAE: 0.2515985, Test MAE norm: 0.1786126
Epoch: 1329, LR: 0.000010, Loss: 0.1099778, Validation MAE: 0.1910731, Test MAE: 0.2512505, Test MAE norm: 0.1783656
Epoch: 1330, LR: 0.000010, Loss: 0.1099509, Validation MAE: 0.1909912, Test MAE: 0.2508801, Test MAE norm: 0.1781027
Epoch: 1340, LR: 0.000010, Loss: 0.1099215, Validation MAE: 0.1910405, Test MAE: 0.2508875, Test MAE norm: 0.1781079
Epoch: 1342, LR: 0.000010, Loss: 0.1099353, Validation MAE: 0.1910200, Test MAE: 0.2505181, Test MAE norm: 0.1778457
Epoch: 1347, LR: 0.000010, Loss: 0.1099179, Validation MAE: 0.1909523, Test MAE: 0.2506263, Test MAE norm: 0.1779225
Epoch: 1348, LR: 0.000010, Loss: 0.1099310, Validation MAE: 0.1908356, Test MAE: 0.2505509, Test MAE norm: 0.1778689
Epoch: 1352, LR: 0.000010, Loss: 0.1099616, Validation MAE: 0.1907701, Test MAE: 0.2506931, Test MAE norm: 0.1779699
Epoch: 1356, LR: 0.000010, Loss: 0.1098825, Validation MAE: 0.1905317, Test MAE: 0.2500513, Test MAE norm: 0.1775142
Epoch: 1366, LR: 0.000010, Loss: 0.1099143, Validation MAE: 0.1909286, Test MAE: 0.2507327, Test MAE norm: 0.1779980
Epoch: 1367, LR: 0.000010, Loss: 0.1098381, Validation MAE: 0.1908751, Test MAE: 0.2507889, Test MAE norm: 0.1780379
Epoch: 1372, LR: 0.000010, Loss: 0.1098451, Validation MAE: 0.1908420, Test MAE: 0.2513126, Test MAE norm: 0.1784097
Epoch: 1373, LR: 0.000010, Loss: 0.1098196, Validation MAE: 0.1906143, Test MAE: 0.2508440, Test MAE norm: 0.1780770
Epoch: 1383, LR: 0.000010, Loss: 0.1097569, Validation MAE: 0.1911008, Test MAE: 0.2509034, Test MAE norm: 0.1781192
Epoch: 1386, LR: 0.000010, Loss: 0.1098005, Validation MAE: 0.1909379, Test MAE: 0.2503278, Test MAE norm: 0.1777106
Epoch: 1390, LR: 0.000010, Loss: 0.1097821, Validation MAE: 0.1907236, Test MAE: 0.2504216, Test MAE norm: 0.1777772
Epoch: 1391, LR: 0.000010, Loss: 0.1097464, Validation MAE: 0.1904809, Test MAE: 0.2500744, Test MAE norm: 0.1775306
Epoch: 1396, LR: 0.000010, Loss: 0.1097073, Validation MAE: 0.1904026, Test MAE: 0.2501453, Test MAE norm: 0.1775810
Epoch: 1397, LR: 0.000010, Loss: 0.1097525, Validation MAE: 0.1901466, Test MAE: 0.2499069, Test MAE norm: 0.1774117
Epoch: 1402, LR: 0.000010, Loss: 0.1096697, Validation MAE: 0.1900712, Test MAE: 0.2498758, Test MAE norm: 0.1773897
Epoch: 1412, LR: 0.000010, Loss: 0.1097230, Validation MAE: 0.1908707, Test MAE: 0.2512532, Test MAE norm: 0.1783675
Epoch: 1417, LR: 0.000010, Loss: 0.1096598, Validation MAE: 0.1907792, Test MAE: 0.2505231, Test MAE norm: 0.1778492
Epoch: 1426, LR: 0.000010, Loss: 0.1095632, Validation MAE: 0.1905169, Test MAE: 0.2504937, Test MAE norm: 0.1778284
Epoch: 1436, LR: 0.000010, Loss: 0.1095259, Validation MAE: 0.1913163, Test MAE: 0.2513951, Test MAE norm: 0.1784683
Epoch: 1438, LR: 0.000010, Loss: 0.1095210, Validation MAE: 0.1913021, Test MAE: 0.2515091, Test MAE norm: 0.1785492
Epoch: 1439, LR: 0.000010, Loss: 0.1095196, Validation MAE: 0.1911037, Test MAE: 0.2510521, Test MAE norm: 0.1782248
Epoch: 1442, LR: 0.000010, Loss: 0.1095281, Validation MAE: 0.1907191, Test MAE: 0.2510782, Test MAE norm: 0.1782433
Epoch: 1445, LR: 0.000010, Loss: 0.1095246, Validation MAE: 0.1903791, Test MAE: 0.2505349, Test MAE norm: 0.1778576
Epoch: 1446, LR: 0.000010, Loss: 0.1096718, Validation MAE: 0.1903471, Test MAE: 0.2504829, Test MAE norm: 0.1778207
Epoch: 1450, LR: 0.000010, Loss: 0.1095415, Validation MAE: 0.1898170, Test MAE: 0.2500038, Test MAE norm: 0.1774805
Epoch: 1460, LR: 0.000010, Loss: 0.1095317, Validation MAE: 0.1908686, Test MAE: 0.2512170, Test MAE norm: 0.1783419
Epoch: 1461, LR: 0.000010, Loss: 0.1094943, Validation MAE: 0.1900144, Test MAE: 0.2501791, Test MAE norm: 0.1776050
Epoch: 1462, LR: 0.000010, Loss: 0.1096496, Validation MAE: 0.1896403, Test MAE: 0.2498139, Test MAE norm: 0.1773457
Epoch: 1472, LR: 0.000010, Loss: 0.1094524, Validation MAE: 0.1902951, Test MAE: 0.2504095, Test MAE norm: 0.1777686
Epoch: 1482, LR: 0.000010, Loss: 0.1093693, Validation MAE: 0.1905445, Test MAE: 0.2506564, Test MAE norm: 0.1779438
Epoch: 1486, LR: 0.000010, Loss: 0.1093996, Validation MAE: 0.1904880, Test MAE: 0.2506327, Test MAE norm: 0.1779270
Epoch: 1487, LR: 0.000010, Loss: 0.1094513, Validation MAE: 0.1896166, Test MAE: 0.2498247, Test MAE norm: 0.1773534
Epoch: 1493, LR: 0.000010, Loss: 0.1094964, Validation MAE: 0.1895144, Test MAE: 0.2498891, Test MAE norm: 0.1773991
Epoch: 1503, LR: 0.000010, Loss: 0.1093138, Validation MAE: 0.1910651, Test MAE: 0.2516958, Test MAE norm: 0.1786817
Epoch: 1504, LR: 0.000010, Loss: 0.1093245, Validation MAE: 0.1907456, Test MAE: 0.2510311, Test MAE norm: 0.1782098
Epoch: 1510, LR: 0.000010, Loss: 0.1092643, Validation MAE: 0.1904600, Test MAE: 0.2506122, Test MAE norm: 0.1779125
Epoch: 1511, LR: 0.000010, Loss: 0.1093220, Validation MAE: 0.1901756, Test MAE: 0.2506929, Test MAE norm: 0.1779698
Epoch: 1514, LR: 0.000010, Loss: 0.1092912, Validation MAE: 0.1899298, Test MAE: 0.2506547, Test MAE norm: 0.1779426
Epoch: 1515, LR: 0.000010, Loss: 0.1093680, Validation MAE: 0.1897249, Test MAE: 0.2502946, Test MAE norm: 0.1776870
Epoch: 1525, LR: 0.000010, Loss: 0.1093078, Validation MAE: 0.1905493, Test MAE: 0.2511093, Test MAE norm: 0.1782654
Epoch: 1526, LR: 0.000010, Loss: 0.1092935, Validation MAE: 0.1900358, Test MAE: 0.2503833, Test MAE norm: 0.1777500
Epoch: 1536, LR: 0.000010, Loss: 0.1092151, Validation MAE: 0.1908455, Test MAE: 0.2516702, Test MAE norm: 0.1786636
Epoch: 1537, LR: 0.000010, Loss: 0.1092469, Validation MAE: 0.1905145, Test MAE: 0.2511026, Test MAE norm: 0.1782606
Epoch: 1538, LR: 0.000010, Loss: 0.1091912, Validation MAE: 0.1904170, Test MAE: 0.2508262, Test MAE norm: 0.1780644
Epoch: 1540, LR: 0.000010, Loss: 0.1092716, Validation MAE: 0.1903195, Test MAE: 0.2506402, Test MAE norm: 0.1779324
Epoch: 1544, LR: 0.000010, Loss: 0.1091934, Validation MAE: 0.1901993, Test MAE: 0.2504862, Test MAE norm: 0.1778230
Epoch: 1545, LR: 0.000010, Loss: 0.1092276, Validation MAE: 0.1901586, Test MAE: 0.2506193, Test MAE norm: 0.1779175
Epoch: 1549, LR: 0.000010, Loss: 0.1092151, Validation MAE: 0.1894254, Test MAE: 0.2500684, Test MAE norm: 0.1775264
Epoch: 1559, LR: 0.000010, Loss: 0.1091782, Validation MAE: 0.1910229, Test MAE: 0.2514759, Test MAE norm: 0.1785256
Epoch: 1560, LR: 0.000010, Loss: 0.1091047, Validation MAE: 0.1899523, Test MAE: 0.2502631, Test MAE norm: 0.1776647
Epoch: 1565, LR: 0.000010, Loss: 0.1091313, Validation MAE: 0.1898453, Test MAE: 0.2502588, Test MAE norm: 0.1776616
Epoch: 1575, LR: 0.000010, Loss: 0.1090599, Validation MAE: 0.1906648, Test MAE: 0.2509840, Test MAE norm: 0.1781764
Epoch: 1578, LR: 0.000010, Loss: 0.1089962, Validation MAE: 0.1905724, Test MAE: 0.2510110, Test MAE norm: 0.1781956
Epoch: 1581, LR: 0.000010, Loss: 0.1089973, Validation MAE: 0.1900176, Test MAE: 0.2506692, Test MAE norm: 0.1779529
Epoch: 1584, LR: 0.000010, Loss: 0.1090514, Validation MAE: 0.1898674, Test MAE: 0.2504374, Test MAE norm: 0.1777884
Epoch: 1594, LR: 0.000010, Loss: 0.1089650, Validation MAE: 0.1910035, Test MAE: 0.2517618, Test MAE norm: 0.1787286
Epoch: 1595, LR: 0.000010, Loss: 0.1090761, Validation MAE: 0.1908778, Test MAE: 0.2515387, Test MAE norm: 0.1785702
Epoch: 1596, LR: 0.000010, Loss: 0.1090042, Validation MAE: 0.1907680, Test MAE: 0.2513591, Test MAE norm: 0.1784427
Epoch: 1597, LR: 0.000010, Loss: 0.1089612, Validation MAE: 0.1894928, Test MAE: 0.2500271, Test MAE norm: 0.1774971
Epoch: 1607, LR: 0.000010, Loss: 0.1090220, Validation MAE: 0.1911196, Test MAE: 0.2514283, Test MAE norm: 0.1784918
Epoch: 1608, LR: 0.000010, Loss: 0.1089643, Validation MAE: 0.1905726, Test MAE: 0.2508685, Test MAE norm: 0.1780944
Epoch: 1609, LR: 0.000010, Loss: 0.1089878, Validation MAE: 0.1899501, Test MAE: 0.2503377, Test MAE norm: 0.1777176
Epoch: 1610, LR: 0.000010, Loss: 0.1090210, Validation MAE: 0.1897891, Test MAE: 0.2503660, Test MAE norm: 0.1777377
Epoch: 1620, LR: 0.000010, Loss: 0.1089045, Validation MAE: 0.1906303, Test MAE: 0.2509640, Test MAE norm: 0.1781622
Epoch: 1622, LR: 0.000010, Loss: 0.1089005, Validation MAE: 0.1906254, Test MAE: 0.2511490, Test MAE norm: 0.1782935
Epoch: 1623, LR: 0.000010, Loss: 0.1088082, Validation MAE: 0.1903840, Test MAE: 0.2509535, Test MAE norm: 0.1781548
Epoch: 1626, LR: 0.000010, Loss: 0.1088602, Validation MAE: 0.1903235, Test MAE: 0.2509053, Test MAE norm: 0.1781205
Epoch: 1630, LR: 0.000010, Loss: 0.1089784, Validation MAE: 0.1899394, Test MAE: 0.2505715, Test MAE norm: 0.1778835
Epoch: 1634, LR: 0.000010, Loss: 0.1088387, Validation MAE: 0.1894826, Test MAE: 0.2502639, Test MAE norm: 0.1776652
Epoch: 1639, LR: 0.000010, Loss: 0.1090007, Validation MAE: 0.1890655, Test MAE: 0.2495675, Test MAE norm: 0.1771708
Epoch: 1649, LR: 0.000010, Loss: 0.1088591, Validation MAE: 0.1892520, Test MAE: 0.2500010, Test MAE norm: 0.1774786
Epoch: 1655, LR: 0.000010, Loss: 0.1088127, Validation MAE: 0.1890624, Test MAE: 0.2499713, Test MAE norm: 0.1774575
Epoch: 1665, LR: 0.000010, Loss: 0.1087850, Validation MAE: 0.1904935, Test MAE: 0.2511085, Test MAE norm: 0.1782648
Epoch: 1666, LR: 0.000010, Loss: 0.1086950, Validation MAE: 0.1904707, Test MAE: 0.2512075, Test MAE norm: 0.1783351
Epoch: 1667, LR: 0.000010, Loss: 0.1087021, Validation MAE: 0.1900905, Test MAE: 0.2507280, Test MAE norm: 0.1779946
Epoch: 1668, LR: 0.000010, Loss: 0.1087196, Validation MAE: 0.1898123, Test MAE: 0.2507884, Test MAE norm: 0.1780375
Epoch: 1674, LR: 0.000010, Loss: 0.1086859, Validation MAE: 0.1895036, Test MAE: 0.2500976, Test MAE norm: 0.1775472
Epoch: 1678, LR: 0.000010, Loss: 0.1088300, Validation MAE: 0.1893436, Test MAE: 0.2503390, Test MAE norm: 0.1777185
Epoch: 1679, LR: 0.000010, Loss: 0.1087216, Validation MAE: 0.1889293, Test MAE: 0.2499942, Test MAE norm: 0.1774738
Epoch: 1689, LR: 0.000010, Loss: 0.1087001, Validation MAE: 0.1892140, Test MAE: 0.2499918, Test MAE norm: 0.1774721
Epoch: 1699, LR: 0.000010, Loss: 0.1086906, Validation MAE: 0.1909755, Test MAE: 0.2518687, Test MAE norm: 0.1788045
Epoch: 1700, LR: 0.000010, Loss: 0.1086731, Validation MAE: 0.1903334, Test MAE: 0.2513225, Test MAE norm: 0.1784167
Epoch: 1701, LR: 0.000010, Loss: 0.1085351, Validation MAE: 0.1890965, Test MAE: 0.2497937, Test MAE norm: 0.1773314
Epoch: 1702, LR: 0.000010, Loss: 0.1086691, Validation MAE: 0.1888213, Test MAE: 0.2495605, Test MAE norm: 0.1771659
Epoch: 1707, LR: 0.000010, Loss: 0.1086813, Validation MAE: 0.1880075, Test MAE: 0.2482809, Test MAE norm: 0.1762574
Epoch: 1717, LR: 0.000010, Loss: 0.1086851, Validation MAE: 0.1895749, Test MAE: 0.2503200, Test MAE norm: 0.1777050
Epoch: 1718, LR: 0.000010, Loss: 0.1087406, Validation MAE: 0.1886943, Test MAE: 0.2491685, Test MAE norm: 0.1768876
Epoch: 1719, LR: 0.000010, Loss: 0.1088166, Validation MAE: 0.1884716, Test MAE: 0.2488190, Test MAE norm: 0.1766395
Epoch: 1725, LR: 0.000010, Loss: 0.1086747, Validation MAE: 0.1883924, Test MAE: 0.2491492, Test MAE norm: 0.1768738
Epoch: 1735, LR: 0.000010, Loss: 0.1084978, Validation MAE: 0.1904994, Test MAE: 0.2513379, Test MAE norm: 0.1784277
Epoch: 1736, LR: 0.000010, Loss: 0.1085426, Validation MAE: 0.1904588, Test MAE: 0.2513632, Test MAE norm: 0.1784456
Epoch: 1737, LR: 0.000010, Loss: 0.1085237, Validation MAE: 0.1884076, Test MAE: 0.2493581, Test MAE norm: 0.1770222
Epoch: 1738, LR: 0.000010, Loss: 0.1086080, Validation MAE: 0.1883503, Test MAE: 0.2493020, Test MAE norm: 0.1769823
Epoch: 1741, LR: 0.000010, Loss: 0.1084746, Validation MAE: 0.1882979, Test MAE: 0.2492453, Test MAE norm: 0.1769421
Epoch: 1751, LR: 0.000010, Loss: 0.1084394, Validation MAE: 0.1893063, Test MAE: 0.2499678, Test MAE norm: 0.1774550
Epoch: 1754, LR: 0.000010, Loss: 0.1084629, Validation MAE: 0.1891092, Test MAE: 0.2497261, Test MAE norm: 0.1772834
Epoch: 1755, LR: 0.000010, Loss: 0.1084726, Validation MAE: 0.1884778, Test MAE: 0.2492006, Test MAE norm: 0.1769103
Epoch: 1765, LR: 0.000010, Loss: 0.1084359, Validation MAE: 0.1891708, Test MAE: 0.2500195, Test MAE norm: 0.1774917
Epoch: 1767, LR: 0.000010, Loss: 0.1083612, Validation MAE: 0.1890853, Test MAE: 0.2499952, Test MAE norm: 0.1774745
Epoch: 1776, LR: 0.000010, Loss: 0.1082671, Validation MAE: 0.1887660, Test MAE: 0.2496303, Test MAE norm: 0.1772154
Epoch: 1785, LR: 0.000010, Loss: 0.1082423, Validation MAE: 0.1882380, Test MAE: 0.2491726, Test MAE norm: 0.1768905
Epoch: 1789, LR: 0.000010, Loss: 0.1082183, Validation MAE: 0.1881525, Test MAE: 0.2488827, Test MAE norm: 0.1766847
Epoch: 1799, LR: 0.000010, Loss: 0.1082707, Validation MAE: 0.1884093, Test MAE: 0.2490877, Test MAE norm: 0.1768302
Epoch: 1809, LR: 0.000010, Loss: 0.1083410, Validation MAE: 0.1901235, Test MAE: 0.2508686, Test MAE norm: 0.1780945
Epoch: 1810, LR: 0.000010, Loss: 0.1082276, Validation MAE: 0.1882243, Test MAE: 0.2489457, Test MAE norm: 0.1767294
Epoch: 1811, LR: 0.000010, Loss: 0.1084646, Validation MAE: 0.1878252, Test MAE: 0.2485854, Test MAE norm: 0.1764736
Epoch: 1816, LR: 0.000010, Loss: 0.1083088, Validation MAE: 0.1875606, Test MAE: 0.2481698, Test MAE norm: 0.1761786
Epoch: 1826, LR: 0.000010, Loss: 0.1080981, Validation MAE: 0.1879664, Test MAE: 0.2485525, Test MAE norm: 0.1764502
Epoch: 1836, LR: 0.000010, Loss: 0.1082267, Validation MAE: 0.1896163, Test MAE: 0.2503484, Test MAE norm: 0.1777252
Epoch: 1838, LR: 0.000010, Loss: 0.1081322, Validation MAE: 0.1884952, Test MAE: 0.2488898, Test MAE norm: 0.1766897
Epoch: 1848, LR: 0.000010, Loss: 0.1081128, Validation MAE: 0.1893442, Test MAE: 0.2503288, Test MAE norm: 0.1777113
Epoch: 1849, LR: 0.000010, Loss: 0.1080737, Validation MAE: 0.1892948, Test MAE: 0.2501640, Test MAE norm: 0.1775943
Epoch: 1852, LR: 0.000010, Loss: 0.1082659, Validation MAE: 0.1888402, Test MAE: 0.2494177, Test MAE norm: 0.1770645
Epoch: 1858, LR: 0.000010, Loss: 0.1080511, Validation MAE: 0.1884511, Test MAE: 0.2494235, Test MAE norm: 0.1770686
Epoch: 1862, LR: 0.000010, Loss: 0.1080181, Validation MAE: 0.1879243, Test MAE: 0.2490521, Test MAE norm: 0.1768050
Epoch: 1872, LR: 0.000010, Loss: 0.1079920, Validation MAE: 0.1899263, Test MAE: 0.2509380, Test MAE norm: 0.1781438
Epoch: 1873, LR: 0.000010, Loss: 0.1080733, Validation MAE: 0.1891939, Test MAE: 0.2501138, Test MAE norm: 0.1775587
Epoch: 1874, LR: 0.000010, Loss: 0.1079779, Validation MAE: 0.1884332, Test MAE: 0.2492926, Test MAE norm: 0.1769757
Epoch: 1884, LR: 0.000010, Loss: 0.1080560, Validation MAE: 0.1886006, Test MAE: 0.2494701, Test MAE norm: 0.1771017
Epoch: 1885, LR: 0.000010, Loss: 0.1080432, Validation MAE: 0.1885882, Test MAE: 0.2495177, Test MAE norm: 0.1771355
Epoch: 1890, LR: 0.000010, Loss: 0.1079564, Validation MAE: 0.1881071, Test MAE: 0.2492408, Test MAE norm: 0.1769389
Epoch: 1894, LR: 0.000010, Loss: 0.1081431, Validation MAE: 0.1873027, Test MAE: 0.2484470, Test MAE norm: 0.1763754
Epoch: 1895, LR: 0.000010, Loss: 0.1081424, Validation MAE: 0.1866010, Test MAE: 0.2475873, Test MAE norm: 0.1757651
Epoch: 1905, LR: 0.000010, Loss: 0.1079105, Validation MAE: 0.1875629, Test MAE: 0.2485896, Test MAE norm: 0.1764766
Epoch: 1910, LR: 0.000010, Loss: 0.1079980, Validation MAE: 0.1870685, Test MAE: 0.2477840, Test MAE norm: 0.1759047
Epoch: 1920, LR: 0.000010, Loss: 0.1078548, Validation MAE: 0.1888230, Test MAE: 0.2499720, Test MAE norm: 0.1774580
Epoch: 1922, LR: 0.000010, Loss: 0.1078743, Validation MAE: 0.1885491, Test MAE: 0.2496993, Test MAE norm: 0.1772644
Epoch: 1927, LR: 0.000010, Loss: 0.1078066, Validation MAE: 0.1883304, Test MAE: 0.2494427, Test MAE norm: 0.1770823
Epoch: 1931, LR: 0.000010, Loss: 0.1077714, Validation MAE: 0.1874850, Test MAE: 0.2488203, Test MAE norm: 0.1766404
Epoch: 1941, LR: 0.000010, Loss: 0.1078707, Validation MAE: 0.1884200, Test MAE: 0.2495556, Test MAE norm: 0.1771624
Epoch: 1943, LR: 0.000010, Loss: 0.1080492, Validation MAE: 0.1883694, Test MAE: 0.2496013, Test MAE norm: 0.1771948
Epoch: 1944, LR: 0.000010, Loss: 0.1076945, Validation MAE: 0.1877386, Test MAE: 0.2489311, Test MAE norm: 0.1767190
Epoch: 1953, LR: 0.000010, Loss: 0.1077479, Validation MAE: 0.1877267, Test MAE: 0.2486536, Test MAE norm: 0.1765220
Epoch: 1954, LR: 0.000010, Loss: 0.1078486, Validation MAE: 0.1874575, Test MAE: 0.2486770, Test MAE norm: 0.1765386
Epoch: 1960, LR: 0.000010, Loss: 0.1078005, Validation MAE: 0.1874065, Test MAE: 0.2486096, Test MAE norm: 0.1764908
Epoch: 1970, LR: 0.000010, Loss: 0.1076629, Validation MAE: 0.1888773, Test MAE: 0.2499095, Test MAE norm: 0.1774136
Epoch: 1971, LR: 0.000010, Loss: 0.1077148, Validation MAE: 0.1882986, Test MAE: 0.2492951, Test MAE norm: 0.1769775
Epoch: 1972, LR: 0.000010, Loss: 0.1077277, Validation MAE: 0.1873213, Test MAE: 0.2484281, Test MAE norm: 0.1763619
Epoch: 1982, LR: 0.000010, Loss: 0.1078155, Validation MAE: 0.1884863, Test MAE: 0.2499061, Test MAE norm: 0.1774112
Epoch: 1983, LR: 0.000010, Loss: 0.1077439, Validation MAE: 0.1878398, Test MAE: 0.2491362, Test MAE norm: 0.1768647
Epoch: 1987, LR: 0.000010, Loss: 0.1076866, Validation MAE: 0.1878363, Test MAE: 0.2490820, Test MAE norm: 0.1768261
Epoch: 1988, LR: 0.000010, Loss: 0.1077481, Validation MAE: 0.1873904, Test MAE: 0.2488342, Test MAE norm: 0.1766503
Epoch: 1998, LR: 0.000010, Loss: 0.1075250, Validation MAE: 0.1887227, Test MAE: 0.2502157, Test MAE norm: 0.1776310
Epoch: 1999, LR: 0.000010, Loss: 0.1076377, Validation MAE: 0.1876348, Test MAE: 0.2494030, Test MAE norm: 0.1770540
Epoch: 1999, LR: 0.000010, Loss: 0.1076377, Validation MAE: 0.1876348, Test MAE: 0.2494030, Test MAE norm: 0.1770540