Command line input: python run_count.py --batch_size 256 --target 3 --model I2GNN --h 3 --seed 1 --epoch 2000 --dataset easy-1
Mean = 8.475, Std = 45.380
Using I2GNN model

Epoch: 001, LR: 0.001000, Loss: 0.3642182, Validation MAE: 12.6770678, Test MAE: 18.4432030, Test MAE norm: 0.4064136
Epoch: 002, LR: 0.001000, Loss: 0.4035052, Validation MAE: 8.0649328, Test MAE: 14.7249012, Test MAE norm: 0.3244773
Epoch: 003, LR: 0.001000, Loss: 0.3228172, Validation MAE: 5.3667464, Test MAE: 12.4599524, Test MAE norm: 0.2745670
Epoch: 004, LR: 0.001000, Loss: 0.2731499, Validation MAE: 4.8953085, Test MAE: 11.8618975, Test MAE norm: 0.2613883
Epoch: 005, LR: 0.001000, Loss: 0.2639669, Validation MAE: 4.6829782, Test MAE: 11.3295031, Test MAE norm: 0.2496564
Epoch: 006, LR: 0.001000, Loss: 0.2606757, Validation MAE: 4.4374428, Test MAE: 10.9898796, Test MAE norm: 0.2421725
Epoch: 007, LR: 0.001000, Loss: 0.2551852, Validation MAE: 4.0304017, Test MAE: 10.6945086, Test MAE norm: 0.2356637
Epoch: 008, LR: 0.001000, Loss: 0.2458564, Validation MAE: 3.7475553, Test MAE: 10.5738144, Test MAE norm: 0.2330041
Epoch: 009, LR: 0.001000, Loss: 0.2384715, Validation MAE: 3.5078084, Test MAE: 10.3849497, Test MAE norm: 0.2288423
Epoch: 010, LR: 0.001000, Loss: 0.2336018, Validation MAE: 3.2487478, Test MAE: 10.0268774, Test MAE norm: 0.2209518
Epoch: 011, LR: 0.001000, Loss: 0.2288969, Validation MAE: 2.9687319, Test MAE: 9.7832861, Test MAE norm: 0.2155841
Epoch: 013, LR: 0.001000, Loss: 0.2257898, Validation MAE: 2.6972256, Test MAE: 9.4095535, Test MAE norm: 0.2073485
Epoch: 015, LR: 0.001000, Loss: 0.2178078, Validation MAE: 2.3023903, Test MAE: 9.0783024, Test MAE norm: 0.2000491
Epoch: 017, LR: 0.001000, Loss: 0.2184721, Validation MAE: 2.1109896, Test MAE: 8.9702444, Test MAE norm: 0.1976679
Epoch: 024, LR: 0.001000, Loss: 0.2098122, Validation MAE: 2.0869944, Test MAE: 8.9369879, Test MAE norm: 0.1969351
Epoch: 032, LR: 0.001000, Loss: 0.2067206, Validation MAE: 2.0773456, Test MAE: 8.9075012, Test MAE norm: 0.1962853
Epoch: 036, LR: 0.001000, Loss: 0.2020689, Validation MAE: 2.0343106, Test MAE: 8.8700209, Test MAE norm: 0.1954594
Epoch: 038, LR: 0.001000, Loss: 0.2041220, Validation MAE: 1.9368064, Test MAE: 8.7819157, Test MAE norm: 0.1935179
Epoch: 048, LR: 0.001000, Loss: 0.1997648, Validation MAE: 1.9217783, Test MAE: 8.7257624, Test MAE norm: 0.1922805
Epoch: 049, LR: 0.001000, Loss: 0.1971893, Validation MAE: 1.9102888, Test MAE: 8.7143917, Test MAE norm: 0.1920300
Epoch: 051, LR: 0.001000, Loss: 0.1975010, Validation MAE: 1.8795774, Test MAE: 8.6993656, Test MAE norm: 0.1916988
Epoch: 054, LR: 0.001000, Loss: 0.1963199, Validation MAE: 1.8454856, Test MAE: 8.6680117, Test MAE norm: 0.1910079
Epoch: 062, LR: 0.001000, Loss: 0.1934169, Validation MAE: 1.8169327, Test MAE: 8.6042366, Test MAE norm: 0.1896026
Epoch: 064, LR: 0.001000, Loss: 0.1933843, Validation MAE: 1.8121831, Test MAE: 8.5570574, Test MAE norm: 0.1885629
Epoch: 065, LR: 0.001000, Loss: 0.1911074, Validation MAE: 1.8051937, Test MAE: 8.5589266, Test MAE norm: 0.1886041
Epoch: 068, LR: 0.001000, Loss: 0.1906342, Validation MAE: 1.7967683, Test MAE: 8.5010147, Test MAE norm: 0.1873280
Epoch: 078, LR: 0.001000, Loss: 0.1815267, Validation MAE: 1.8429134, Test MAE: 8.2376785, Test MAE norm: 0.1815251
Epoch: 080, LR: 0.000900, Loss: 0.1778663, Validation MAE: 1.8039705, Test MAE: 8.1935740, Test MAE norm: 0.1805532
Epoch: 081, LR: 0.000900, Loss: 0.1740362, Validation MAE: 1.6791464, Test MAE: 8.0296850, Test MAE norm: 0.1769418
Epoch: 091, LR: 0.000900, Loss: 0.1371263, Validation MAE: 2.5559397, Test MAE: 8.9659739, Test MAE norm: 0.1975738
Epoch: 092, LR: 0.000900, Loss: 0.1633074, Validation MAE: 2.2920194, Test MAE: 7.7934461, Test MAE norm: 0.1717360
Epoch: 093, LR: 0.000810, Loss: 0.1466001, Validation MAE: 1.6428992, Test MAE: 5.1631141, Test MAE norm: 0.1137742
Epoch: 103, LR: 0.000810, Loss: 0.1264141, Validation MAE: 1.7276356, Test MAE: 6.2374392, Test MAE norm: 0.1374479
Epoch: 104, LR: 0.000810, Loss: 0.1254943, Validation MAE: 1.5657060, Test MAE: 5.3250113, Test MAE norm: 0.1173417
Epoch: 112, LR: 0.000810, Loss: 0.1189826, Validation MAE: 1.5129917, Test MAE: 5.6815834, Test MAE norm: 0.1251991
Epoch: 113, LR: 0.000810, Loss: 0.1150598, Validation MAE: 1.4778259, Test MAE: 6.2017636, Test MAE norm: 0.1366618
Epoch: 117, LR: 0.000810, Loss: 0.1142388, Validation MAE: 1.4771746, Test MAE: 5.8977337, Test MAE norm: 0.1299622
Epoch: 127, LR: 0.000810, Loss: 0.1067102, Validation MAE: 1.4986579, Test MAE: 5.4815373, Test MAE norm: 0.1207909
Epoch: 128, LR: 0.000810, Loss: 0.1068543, Validation MAE: 1.4792200, Test MAE: 5.5060568, Test MAE norm: 0.1213312
Epoch: 130, LR: 0.000729, Loss: 0.1049377, Validation MAE: 1.4662118, Test MAE: 5.6550269, Test MAE norm: 0.1246139
Epoch: 134, LR: 0.000729, Loss: 0.1039966, Validation MAE: 1.4613692, Test MAE: 5.0399919, Test MAE norm: 0.1110610
Epoch: 141, LR: 0.000729, Loss: 0.1119514, Validation MAE: 1.4137127, Test MAE: 5.8007298, Test MAE norm: 0.1278246
Epoch: 151, LR: 0.000729, Loss: 0.1135554, Validation MAE: 1.6186432, Test MAE: 4.4992523, Test MAE norm: 0.0991453
Epoch: 152, LR: 0.000729, Loss: 0.1100594, Validation MAE: 1.4994256, Test MAE: 5.1109715, Test MAE norm: 0.1126252
Epoch: 157, LR: 0.000656, Loss: 0.1031805, Validation MAE: 1.4800979, Test MAE: 5.2864571, Test MAE norm: 0.1164921
Epoch: 158, LR: 0.000656, Loss: 0.1016850, Validation MAE: 1.4619104, Test MAE: 4.6461420, Test MAE norm: 0.1023822
Epoch: 166, LR: 0.000590, Loss: 0.1046418, Validation MAE: 1.4530005, Test MAE: 5.1842971, Test MAE norm: 0.1142410
Epoch: 168, LR: 0.000590, Loss: 0.1029765, Validation MAE: 1.4492131, Test MAE: 5.0265450, Test MAE norm: 0.1107647
Epoch: 171, LR: 0.000590, Loss: 0.0997377, Validation MAE: 1.4435235, Test MAE: 5.2391186, Test MAE norm: 0.1154490
Epoch: 173, LR: 0.000590, Loss: 0.1001052, Validation MAE: 1.4415101, Test MAE: 5.5841069, Test MAE norm: 0.1230511
Epoch: 174, LR: 0.000590, Loss: 0.0994384, Validation MAE: 1.4372195, Test MAE: 5.0954914, Test MAE norm: 0.1122840
Epoch: 175, LR: 0.000531, Loss: 0.0996418, Validation MAE: 1.4246229, Test MAE: 5.2319875, Test MAE norm: 0.1152918
Epoch: 177, LR: 0.000531, Loss: 0.0978588, Validation MAE: 1.4179487, Test MAE: 5.0323553, Test MAE norm: 0.1108928
Epoch: 184, LR: 0.000531, Loss: 0.0974121, Validation MAE: 1.4105009, Test MAE: 5.0489721, Test MAE norm: 0.1112589
Epoch: 194, LR: 0.000531, Loss: 0.0980670, Validation MAE: 1.4209393, Test MAE: 5.1348553, Test MAE norm: 0.1131515
Epoch: 195, LR: 0.000531, Loss: 0.0960909, Validation MAE: 1.4051536, Test MAE: 4.6214657, Test MAE norm: 0.1018384
Epoch: 199, LR: 0.000531, Loss: 0.0963111, Validation MAE: 1.3850884, Test MAE: 4.9700351, Test MAE norm: 0.1095195
Epoch: 209, LR: 0.000531, Loss: 0.1007485, Validation MAE: 1.4361291, Test MAE: 6.3306866, Test MAE norm: 0.1395027
Epoch: 213, LR: 0.000478, Loss: 0.0996316, Validation MAE: 1.3910007, Test MAE: 5.2330055, Test MAE norm: 0.1153143
Epoch: 223, LR: 0.000430, Loss: 0.0976869, Validation MAE: 1.3813640, Test MAE: 5.0732207, Test MAE norm: 0.1117933
Epoch: 233, LR: 0.000430, Loss: 0.0944357, Validation MAE: 1.4095706, Test MAE: 4.8771224, Test MAE norm: 0.1074721
Epoch: 234, LR: 0.000430, Loss: 0.0945870, Validation MAE: 1.3994573, Test MAE: 5.1874948, Test MAE norm: 0.1143114
Epoch: 236, LR: 0.000387, Loss: 0.0954818, Validation MAE: 1.3910131, Test MAE: 4.6395006, Test MAE norm: 0.1022358
Epoch: 241, LR: 0.000387, Loss: 0.0948732, Validation MAE: 1.3889747, Test MAE: 4.9467249, Test MAE norm: 0.1090058
Epoch: 243, LR: 0.000387, Loss: 0.0952595, Validation MAE: 1.3875818, Test MAE: 4.9355326, Test MAE norm: 0.1087592
Epoch: 244, LR: 0.000387, Loss: 0.0945550, Validation MAE: 1.3735365, Test MAE: 4.5467267, Test MAE norm: 0.1001915
Epoch: 247, LR: 0.000387, Loss: 0.0941045, Validation MAE: 1.3728174, Test MAE: 5.2254033, Test MAE norm: 0.1151468
Epoch: 250, LR: 0.000387, Loss: 0.0935165, Validation MAE: 1.3698276, Test MAE: 4.9562979, Test MAE norm: 0.1092168
Epoch: 251, LR: 0.000387, Loss: 0.0932576, Validation MAE: 1.3656458, Test MAE: 4.7519279, Test MAE norm: 0.1047133
Epoch: 252, LR: 0.000387, Loss: 0.0928831, Validation MAE: 1.3656425, Test MAE: 4.5576816, Test MAE norm: 0.1004329
Epoch: 253, LR: 0.000387, Loss: 0.0933255, Validation MAE: 1.3615681, Test MAE: 4.6622615, Test MAE norm: 0.1027374
Epoch: 257, LR: 0.000387, Loss: 0.0949078, Validation MAE: 1.3596852, Test MAE: 4.8500009, Test MAE norm: 0.1068744
Epoch: 259, LR: 0.000387, Loss: 0.0952421, Validation MAE: 1.3567636, Test MAE: 4.8859906, Test MAE norm: 0.1076675
Epoch: 261, LR: 0.000387, Loss: 0.0946786, Validation MAE: 1.3518823, Test MAE: 4.5070682, Test MAE norm: 0.0993176
Epoch: 267, LR: 0.000387, Loss: 0.0926298, Validation MAE: 1.3312250, Test MAE: 4.4197249, Test MAE norm: 0.0973929
Epoch: 270, LR: 0.000387, Loss: 0.0937343, Validation MAE: 1.3268137, Test MAE: 4.6401110, Test MAE norm: 0.1022493
Epoch: 272, LR: 0.000387, Loss: 0.0938566, Validation MAE: 1.3205053, Test MAE: 4.9076519, Test MAE norm: 0.1081448
Epoch: 282, LR: 0.000387, Loss: 0.0929034, Validation MAE: 1.3382503, Test MAE: 4.5266175, Test MAE norm: 0.0997484
Epoch: 283, LR: 0.000387, Loss: 0.0923423, Validation MAE: 1.3153089, Test MAE: 4.5331912, Test MAE norm: 0.0998932
Epoch: 286, LR: 0.000387, Loss: 0.0923929, Validation MAE: 1.3048341, Test MAE: 4.4504681, Test MAE norm: 0.0980703
Epoch: 296, LR: 0.000387, Loss: 0.0926811, Validation MAE: 1.3690846, Test MAE: 5.0351610, Test MAE norm: 0.1109546
Epoch: 297, LR: 0.000387, Loss: 0.0928603, Validation MAE: 1.3029627, Test MAE: 4.4502668, Test MAE norm: 0.0980659
Epoch: 298, LR: 0.000387, Loss: 0.0938268, Validation MAE: 1.3013790, Test MAE: 4.4496326, Test MAE norm: 0.0980519
Epoch: 308, LR: 0.000387, Loss: 0.0943895, Validation MAE: 1.3135866, Test MAE: 4.5806966, Test MAE norm: 0.1009400
Epoch: 310, LR: 0.000349, Loss: 0.0944875, Validation MAE: 1.3056887, Test MAE: 4.4360447, Test MAE norm: 0.0977525
Epoch: 315, LR: 0.000349, Loss: 0.0934974, Validation MAE: 1.3014946, Test MAE: 4.5832634, Test MAE norm: 0.1009966
Epoch: 321, LR: 0.000314, Loss: 0.0910006, Validation MAE: 1.2924442, Test MAE: 4.6352143, Test MAE norm: 0.1021414
Epoch: 322, LR: 0.000314, Loss: 0.0910443, Validation MAE: 1.2863436, Test MAE: 4.6419883, Test MAE norm: 0.1022907
Epoch: 323, LR: 0.000314, Loss: 0.0907974, Validation MAE: 1.2815559, Test MAE: 4.6039085, Test MAE norm: 0.1014515
Epoch: 324, LR: 0.000314, Loss: 0.0908041, Validation MAE: 1.2675152, Test MAE: 4.7016058, Test MAE norm: 0.1036044
Epoch: 327, LR: 0.000314, Loss: 0.0909163, Validation MAE: 1.2668811, Test MAE: 4.7835064, Test MAE norm: 0.1054091
Epoch: 329, LR: 0.000314, Loss: 0.0906961, Validation MAE: 1.2498215, Test MAE: 4.3248353, Test MAE norm: 0.0953019
Epoch: 334, LR: 0.000314, Loss: 0.0903006, Validation MAE: 1.2460033, Test MAE: 4.5798926, Test MAE norm: 0.1009223
Epoch: 335, LR: 0.000314, Loss: 0.0900287, Validation MAE: 1.2424389, Test MAE: 4.4429278, Test MAE norm: 0.0979042
Epoch: 336, LR: 0.000314, Loss: 0.0914399, Validation MAE: 1.2418027, Test MAE: 4.6460991, Test MAE norm: 0.1023812
Epoch: 337, LR: 0.000314, Loss: 0.0908338, Validation MAE: 1.2164946, Test MAE: 4.4755220, Test MAE norm: 0.0986224
Epoch: 347, LR: 0.000314, Loss: 0.0924351, Validation MAE: 1.2870499, Test MAE: 4.9684029, Test MAE norm: 0.1094835
Epoch: 349, LR: 0.000282, Loss: 0.0945949, Validation MAE: 1.2331089, Test MAE: 4.4759712, Test MAE norm: 0.0986323
Epoch: 359, LR: 0.000282, Loss: 0.0919729, Validation MAE: 1.2828970, Test MAE: 4.3602095, Test MAE norm: 0.0960814
Epoch: 360, LR: 0.000254, Loss: 0.0909783, Validation MAE: 1.2739695, Test MAE: 4.5296526, Test MAE norm: 0.0998152
Epoch: 363, LR: 0.000254, Loss: 0.0912877, Validation MAE: 1.2680950, Test MAE: 4.8074946, Test MAE norm: 0.1059377
Epoch: 364, LR: 0.000254, Loss: 0.0914065, Validation MAE: 1.2453517, Test MAE: 4.5346107, Test MAE norm: 0.0999245
Epoch: 372, LR: 0.000229, Loss: 0.0897477, Validation MAE: 1.2261059, Test MAE: 4.3944426, Test MAE norm: 0.0968357
Epoch: 373, LR: 0.000229, Loss: 0.0897177, Validation MAE: 1.2204612, Test MAE: 4.4633107, Test MAE norm: 0.0983533
Epoch: 374, LR: 0.000229, Loss: 0.0901777, Validation MAE: 1.2143601, Test MAE: 4.4378762, Test MAE norm: 0.0977928
Epoch: 375, LR: 0.000229, Loss: 0.0901007, Validation MAE: 1.2096510, Test MAE: 4.3756223, Test MAE norm: 0.0964210
Epoch: 379, LR: 0.000229, Loss: 0.0895680, Validation MAE: 1.2044752, Test MAE: 4.2890940, Test MAE norm: 0.0945143
Epoch: 386, LR: 0.000229, Loss: 0.0896848, Validation MAE: 1.2012327, Test MAE: 4.3445964, Test MAE norm: 0.0957373
Epoch: 396, LR: 0.000229, Loss: 0.0903026, Validation MAE: 1.2218297, Test MAE: 4.4459934, Test MAE norm: 0.0979717
Epoch: 398, LR: 0.000206, Loss: 0.0902622, Validation MAE: 1.2096434, Test MAE: 4.2511358, Test MAE norm: 0.0936778
Epoch: 399, LR: 0.000206, Loss: 0.0900628, Validation MAE: 1.1982082, Test MAE: 4.2444825, Test MAE norm: 0.0935312
Epoch: 405, LR: 0.000206, Loss: 0.0898046, Validation MAE: 1.1933050, Test MAE: 4.2162857, Test MAE norm: 0.0929099
Epoch: 415, LR: 0.000206, Loss: 0.0900043, Validation MAE: 1.2140011, Test MAE: 4.3992033, Test MAE norm: 0.0969407
Epoch: 416, LR: 0.000206, Loss: 0.0890453, Validation MAE: 1.2053505, Test MAE: 4.4011040, Test MAE norm: 0.0969825
Epoch: 417, LR: 0.000185, Loss: 0.0893254, Validation MAE: 1.1997228, Test MAE: 4.3190231, Test MAE norm: 0.0951738
Epoch: 421, LR: 0.000185, Loss: 0.0890055, Validation MAE: 1.1937817, Test MAE: 4.3496671, Test MAE norm: 0.0958491
Epoch: 422, LR: 0.000185, Loss: 0.0890244, Validation MAE: 1.1936659, Test MAE: 4.3622198, Test MAE norm: 0.0961257
Epoch: 427, LR: 0.000185, Loss: 0.0889480, Validation MAE: 1.1912656, Test MAE: 4.2792368, Test MAE norm: 0.0942971
Epoch: 437, LR: 0.000185, Loss: 0.0886413, Validation MAE: 1.2027271, Test MAE: 4.5075555, Test MAE norm: 0.0993283
Epoch: 439, LR: 0.000167, Loss: 0.0892224, Validation MAE: 1.1998802, Test MAE: 4.3979759, Test MAE norm: 0.0969136
Epoch: 440, LR: 0.000167, Loss: 0.0889008, Validation MAE: 1.1975844, Test MAE: 4.5183926, Test MAE norm: 0.0995671
Epoch: 441, LR: 0.000167, Loss: 0.0890906, Validation MAE: 1.1894207, Test MAE: 4.3638597, Test MAE norm: 0.0961618
Epoch: 442, LR: 0.000167, Loss: 0.0887818, Validation MAE: 1.1863197, Test MAE: 4.3490081, Test MAE norm: 0.0958346
Epoch: 446, LR: 0.000167, Loss: 0.0887626, Validation MAE: 1.1837748, Test MAE: 4.3632436, Test MAE norm: 0.0961483
Epoch: 449, LR: 0.000167, Loss: 0.0893055, Validation MAE: 1.1776766, Test MAE: 4.3081388, Test MAE norm: 0.0949340
Epoch: 459, LR: 0.000167, Loss: 0.0888855, Validation MAE: 1.1855375, Test MAE: 4.2650943, Test MAE norm: 0.0939854
Epoch: 464, LR: 0.000150, Loss: 0.0886540, Validation MAE: 1.1784219, Test MAE: 4.4314475, Test MAE norm: 0.0976512
Epoch: 471, LR: 0.000150, Loss: 0.0890457, Validation MAE: 1.1741900, Test MAE: 4.3190250, Test MAE norm: 0.0951739
Epoch: 481, LR: 0.000150, Loss: 0.0887002, Validation MAE: 1.2589227, Test MAE: 4.6295381, Test MAE norm: 0.1020163
Epoch: 482, LR: 0.000150, Loss: 0.0892579, Validation MAE: 1.2401013, Test MAE: 4.5595202, Test MAE norm: 0.1004734
Epoch: 483, LR: 0.000135, Loss: 0.0889453, Validation MAE: 1.1899382, Test MAE: 4.3389125, Test MAE norm: 0.0956121
Epoch: 484, LR: 0.000135, Loss: 0.0883112, Validation MAE: 1.1723311, Test MAE: 4.2072692, Test MAE norm: 0.0927112
Epoch: 490, LR: 0.000135, Loss: 0.0886126, Validation MAE: 1.1721520, Test MAE: 4.2741985, Test MAE norm: 0.0941861
Epoch: 500, LR: 0.000135, Loss: 0.0889745, Validation MAE: 1.1938678, Test MAE: 4.4980245, Test MAE norm: 0.0991183
Epoch: 501, LR: 0.000135, Loss: 0.0884785, Validation MAE: 1.1776437, Test MAE: 4.2297974, Test MAE norm: 0.0932076
Epoch: 502, LR: 0.000122, Loss: 0.0894136, Validation MAE: 1.1734207, Test MAE: 4.2862458, Test MAE norm: 0.0944515
Epoch: 511, LR: 0.000122, Loss: 0.0886201, Validation MAE: 1.1718619, Test MAE: 4.2546058, Test MAE norm: 0.0937543
Epoch: 512, LR: 0.000122, Loss: 0.0882535, Validation MAE: 1.1701864, Test MAE: 4.2055492, Test MAE norm: 0.0926733
Epoch: 522, LR: 0.000122, Loss: 0.0882957, Validation MAE: 1.1932541, Test MAE: 4.4433560, Test MAE norm: 0.0979136
Epoch: 523, LR: 0.000122, Loss: 0.0884283, Validation MAE: 1.1751159, Test MAE: 4.2699289, Test MAE norm: 0.0940920
Epoch: 524, LR: 0.000109, Loss: 0.0880950, Validation MAE: 1.1697923, Test MAE: 4.1732187, Test MAE norm: 0.0919609
Epoch: 530, LR: 0.000109, Loss: 0.0887121, Validation MAE: 1.1626928, Test MAE: 4.3077059, Test MAE norm: 0.0949244
Epoch: 540, LR: 0.000109, Loss: 0.0882013, Validation MAE: 1.1862530, Test MAE: 4.1953039, Test MAE norm: 0.0924475
Epoch: 544, LR: 0.000098, Loss: 0.0887211, Validation MAE: 1.1607225, Test MAE: 4.2616024, Test MAE norm: 0.0939085
Epoch: 554, LR: 0.000098, Loss: 0.0881375, Validation MAE: 1.1664501, Test MAE: 4.1751804, Test MAE norm: 0.0920041
Epoch: 559, LR: 0.000089, Loss: 0.0881652, Validation MAE: 1.1655176, Test MAE: 4.2328129, Test MAE norm: 0.0932741
Epoch: 562, LR: 0.000089, Loss: 0.0885264, Validation MAE: 1.1600695, Test MAE: 4.2965689, Test MAE norm: 0.0946790
Epoch: 567, LR: 0.000089, Loss: 0.0877288, Validation MAE: 1.1572509, Test MAE: 4.2390318, Test MAE norm: 0.0934111
Epoch: 576, LR: 0.000089, Loss: 0.0882300, Validation MAE: 1.1572173, Test MAE: 4.2218890, Test MAE norm: 0.0930334
Epoch: 577, LR: 0.000089, Loss: 0.0880296, Validation MAE: 1.1556195, Test MAE: 4.2369976, Test MAE norm: 0.0933663
Epoch: 584, LR: 0.000089, Loss: 0.0883154, Validation MAE: 1.1524174, Test MAE: 4.2692828, Test MAE norm: 0.0940777
Epoch: 590, LR: 0.000089, Loss: 0.0880844, Validation MAE: 1.1515698, Test MAE: 4.2288399, Test MAE norm: 0.0931865
Epoch: 596, LR: 0.000089, Loss: 0.0877968, Validation MAE: 1.1512188, Test MAE: 4.3031421, Test MAE norm: 0.0948239
Epoch: 602, LR: 0.000089, Loss: 0.0876155, Validation MAE: 1.1504847, Test MAE: 4.2344432, Test MAE norm: 0.0933100
Epoch: 612, LR: 0.000089, Loss: 0.0876025, Validation MAE: 1.1763346, Test MAE: 4.3699355, Test MAE norm: 0.0962957
Epoch: 613, LR: 0.000089, Loss: 0.0877594, Validation MAE: 1.1572964, Test MAE: 4.3239789, Test MAE norm: 0.0952830
Epoch: 614, LR: 0.000080, Loss: 0.0874185, Validation MAE: 1.1527928, Test MAE: 4.3712344, Test MAE norm: 0.0963243
Epoch: 615, LR: 0.000080, Loss: 0.0878059, Validation MAE: 1.1508250, Test MAE: 4.3125906, Test MAE norm: 0.0950321
Epoch: 625, LR: 0.000072, Loss: 0.0876415, Validation MAE: 1.1784824, Test MAE: 4.3978910, Test MAE norm: 0.0969117
Epoch: 626, LR: 0.000072, Loss: 0.0875782, Validation MAE: 1.1712401, Test MAE: 4.3983593, Test MAE norm: 0.0969221
Epoch: 627, LR: 0.000072, Loss: 0.0874834, Validation MAE: 1.1512910, Test MAE: 4.2872772, Test MAE norm: 0.0944743
Epoch: 628, LR: 0.000072, Loss: 0.0874141, Validation MAE: 1.1475753, Test MAE: 4.2739606, Test MAE norm: 0.0941808
Epoch: 638, LR: 0.000072, Loss: 0.0873798, Validation MAE: 1.1612678, Test MAE: 4.3734093, Test MAE norm: 0.0963723
Epoch: 639, LR: 0.000072, Loss: 0.0874836, Validation MAE: 1.1497834, Test MAE: 4.2993631, Test MAE norm: 0.0947406
Epoch: 640, LR: 0.000065, Loss: 0.0873687, Validation MAE: 1.1489367, Test MAE: 4.2731462, Test MAE norm: 0.0941629
Epoch: 650, LR: 0.000065, Loss: 0.0875500, Validation MAE: 1.1680349, Test MAE: 4.4062142, Test MAE norm: 0.0970951
Epoch: 651, LR: 0.000058, Loss: 0.0873121, Validation MAE: 1.1505661, Test MAE: 4.2773929, Test MAE norm: 0.0942564
Epoch: 652, LR: 0.000058, Loss: 0.0874191, Validation MAE: 1.1468343, Test MAE: 4.2571507, Test MAE norm: 0.0938104
Epoch: 662, LR: 0.000058, Loss: 0.0873104, Validation MAE: 1.1655461, Test MAE: 4.3876390, Test MAE norm: 0.0966858
Epoch: 663, LR: 0.000058, Loss: 0.0872139, Validation MAE: 1.1572678, Test MAE: 4.3019490, Test MAE norm: 0.0947976
Epoch: 667, LR: 0.000052, Loss: 0.0872219, Validation MAE: 1.1502948, Test MAE: 4.2676568, Test MAE norm: 0.0940419
Epoch: 677, LR: 0.000047, Loss: 0.0872729, Validation MAE: 1.1590091, Test MAE: 4.3609042, Test MAE norm: 0.0960967
Epoch: 679, LR: 0.000047, Loss: 0.0871027, Validation MAE: 1.1573114, Test MAE: 4.3325577, Test MAE norm: 0.0954721
Epoch: 680, LR: 0.000047, Loss: 0.0871382, Validation MAE: 1.1570958, Test MAE: 4.2987165, Test MAE norm: 0.0947263
Epoch: 684, LR: 0.000047, Loss: 0.0870494, Validation MAE: 1.1553127, Test MAE: 4.2991467, Test MAE norm: 0.0947358
Epoch: 685, LR: 0.000047, Loss: 0.0873881, Validation MAE: 1.1534910, Test MAE: 4.3221631, Test MAE norm: 0.0952430
Epoch: 688, LR: 0.000042, Loss: 0.0871396, Validation MAE: 1.1521368, Test MAE: 4.3057866, Test MAE norm: 0.0948821
Epoch: 697, LR: 0.000038, Loss: 0.0870008, Validation MAE: 1.1512356, Test MAE: 4.3137517, Test MAE norm: 0.0950577
Epoch: 707, LR: 0.000038, Loss: 0.0872356, Validation MAE: 1.1543635, Test MAE: 4.3051982, Test MAE norm: 0.0948692
Epoch: 712, LR: 0.000034, Loss: 0.0871311, Validation MAE: 1.1528593, Test MAE: 4.2799869, Test MAE norm: 0.0943136
Epoch: 717, LR: 0.000034, Loss: 0.0869785, Validation MAE: 1.1513735, Test MAE: 4.2746449, Test MAE norm: 0.0941959
Epoch: 727, LR: 0.000031, Loss: 0.0871262, Validation MAE: 1.1543204, Test MAE: 4.3262906, Test MAE norm: 0.0953340
Epoch: 737, LR: 0.000028, Loss: 0.0869798, Validation MAE: 1.1601151, Test MAE: 4.3850183, Test MAE norm: 0.0966281
Epoch: 738, LR: 0.000028, Loss: 0.0869226, Validation MAE: 1.1552746, Test MAE: 4.3718982, Test MAE norm: 0.0963390
Epoch: 739, LR: 0.000028, Loss: 0.0869356, Validation MAE: 1.1502111, Test MAE: 4.3176112, Test MAE norm: 0.0951427
Epoch: 740, LR: 0.000028, Loss: 0.0869136, Validation MAE: 1.1494287, Test MAE: 4.3052192, Test MAE norm: 0.0948696
Epoch: 750, LR: 0.000025, Loss: 0.0868730, Validation MAE: 1.1588540, Test MAE: 4.3651052, Test MAE norm: 0.0961893
Epoch: 753, LR: 0.000023, Loss: 0.0868644, Validation MAE: 1.1547115, Test MAE: 4.3381987, Test MAE norm: 0.0955964
Epoch: 754, LR: 0.000023, Loss: 0.0868602, Validation MAE: 1.1521000, Test MAE: 4.3223462, Test MAE norm: 0.0952470
Epoch: 764, LR: 0.000020, Loss: 0.0869016, Validation MAE: 1.1551015, Test MAE: 4.3195662, Test MAE norm: 0.0951858
Epoch: 769, LR: 0.000020, Loss: 0.0868231, Validation MAE: 1.1529368, Test MAE: 4.3145924, Test MAE norm: 0.0950762
Epoch: 770, LR: 0.000020, Loss: 0.0869697, Validation MAE: 1.1527842, Test MAE: 4.3229375, Test MAE norm: 0.0952601
Epoch: 780, LR: 0.000018, Loss: 0.0868457, Validation MAE: 1.1570803, Test MAE: 4.3474798, Test MAE norm: 0.0958009
Epoch: 784, LR: 0.000018, Loss: 0.0868357, Validation MAE: 1.1530859, Test MAE: 4.3336201, Test MAE norm: 0.0954955
Epoch: 785, LR: 0.000016, Loss: 0.0868957, Validation MAE: 1.1529361, Test MAE: 4.3267088, Test MAE norm: 0.0953432
Epoch: 794, LR: 0.000016, Loss: 0.0867762, Validation MAE: 1.1519672, Test MAE: 4.3386836, Test MAE norm: 0.0956070
Epoch: 804, LR: 0.000015, Loss: 0.0867525, Validation MAE: 1.1554452, Test MAE: 4.3592052, Test MAE norm: 0.0960593
Epoch: 805, LR: 0.000015, Loss: 0.0867444, Validation MAE: 1.1529300, Test MAE: 4.3475347, Test MAE norm: 0.0958021
Epoch: 815, LR: 0.000013, Loss: 0.0867306, Validation MAE: 1.1570255, Test MAE: 4.3580956, Test MAE norm: 0.0960348
Epoch: 819, LR: 0.000012, Loss: 0.0867327, Validation MAE: 1.1566119, Test MAE: 4.3530164, Test MAE norm: 0.0959229
Epoch: 822, LR: 0.000012, Loss: 0.0867621, Validation MAE: 1.1554800, Test MAE: 4.3406949, Test MAE norm: 0.0956514
Epoch: 823, LR: 0.000012, Loss: 0.0867788, Validation MAE: 1.1550132, Test MAE: 4.3394742, Test MAE norm: 0.0956245
Epoch: 832, LR: 0.000011, Loss: 0.0867114, Validation MAE: 1.1546860, Test MAE: 4.3527150, Test MAE norm: 0.0959162
Epoch: 833, LR: 0.000011, Loss: 0.0867150, Validation MAE: 1.1542572, Test MAE: 4.3536835, Test MAE norm: 0.0959376
Epoch: 843, LR: 0.000010, Loss: 0.0867087, Validation MAE: 1.1563228, Test MAE: 4.3530512, Test MAE norm: 0.0959236
Epoch: 844, LR: 0.000010, Loss: 0.0867495, Validation MAE: 1.1557916, Test MAE: 4.3556986, Test MAE norm: 0.0959820
Epoch: 847, LR: 0.000010, Loss: 0.0867176, Validation MAE: 1.1553718, Test MAE: 4.3518033, Test MAE norm: 0.0958962
Epoch: 851, LR: 0.000010, Loss: 0.0867186, Validation MAE: 1.1552631, Test MAE: 4.3508735, Test MAE norm: 0.0958757
Epoch: 852, LR: 0.000010, Loss: 0.0867643, Validation MAE: 1.1547703, Test MAE: 4.3455296, Test MAE norm: 0.0957579
Epoch: 862, LR: 0.000010, Loss: 0.0867134, Validation MAE: 1.1548460, Test MAE: 4.3449473, Test MAE norm: 0.0957451
Epoch: 863, LR: 0.000010, Loss: 0.0867336, Validation MAE: 1.1548395, Test MAE: 4.3531518, Test MAE norm: 0.0959259
Epoch: 866, LR: 0.000010, Loss: 0.0867474, Validation MAE: 1.1538452, Test MAE: 4.3472795, Test MAE norm: 0.0957965
Epoch: 867, LR: 0.000010, Loss: 0.0867104, Validation MAE: 1.1534377, Test MAE: 4.3407326, Test MAE norm: 0.0956522
Epoch: 877, LR: 0.000010, Loss: 0.0867174, Validation MAE: 1.1548691, Test MAE: 4.3497057, Test MAE norm: 0.0958499
Epoch: 883, LR: 0.000010, Loss: 0.0866959, Validation MAE: 1.1543684, Test MAE: 4.3552437, Test MAE norm: 0.0959720
Epoch: 884, LR: 0.000010, Loss: 0.0866736, Validation MAE: 1.1533573, Test MAE: 4.3457208, Test MAE norm: 0.0957621
Epoch: 885, LR: 0.000010, Loss: 0.0866900, Validation MAE: 1.1530093, Test MAE: 4.3460126, Test MAE norm: 0.0957685
Epoch: 895, LR: 0.000010, Loss: 0.0867377, Validation MAE: 1.1584116, Test MAE: 4.3610373, Test MAE norm: 0.0960996
Epoch: 899, LR: 0.000010, Loss: 0.0867141, Validation MAE: 1.1564026, Test MAE: 4.3638988, Test MAE norm: 0.0961627
Epoch: 900, LR: 0.000010, Loss: 0.0866806, Validation MAE: 1.1538684, Test MAE: 4.3453426, Test MAE norm: 0.0957538
Epoch: 901, LR: 0.000010, Loss: 0.0866892, Validation MAE: 1.1528318, Test MAE: 4.3465724, Test MAE norm: 0.0957809
Epoch: 911, LR: 0.000010, Loss: 0.0866921, Validation MAE: 1.1570188, Test MAE: 4.3586330, Test MAE norm: 0.0960466
Epoch: 915, LR: 0.000010, Loss: 0.0867257, Validation MAE: 1.1559056, Test MAE: 4.3625064, Test MAE norm: 0.0961320
Epoch: 916, LR: 0.000010, Loss: 0.0866621, Validation MAE: 1.1538943, Test MAE: 4.3434634, Test MAE norm: 0.0957124
Epoch: 917, LR: 0.000010, Loss: 0.0866973, Validation MAE: 1.1531336, Test MAE: 4.3426185, Test MAE norm: 0.0956938
Epoch: 927, LR: 0.000010, Loss: 0.0866486, Validation MAE: 1.1559652, Test MAE: 4.3698506, Test MAE norm: 0.0962938
Epoch: 931, LR: 0.000010, Loss: 0.0866697, Validation MAE: 1.1555768, Test MAE: 4.3581028, Test MAE norm: 0.0960350
Epoch: 932, LR: 0.000010, Loss: 0.0866744, Validation MAE: 1.1547459, Test MAE: 4.3500452, Test MAE norm: 0.0958574
Epoch: 941, LR: 0.000010, Loss: 0.0866677, Validation MAE: 1.1545277, Test MAE: 4.3536029, Test MAE norm: 0.0959358
Epoch: 944, LR: 0.000010, Loss: 0.0867098, Validation MAE: 1.1543820, Test MAE: 4.3576918, Test MAE norm: 0.0960259
Epoch: 945, LR: 0.000010, Loss: 0.0866698, Validation MAE: 1.1533960, Test MAE: 4.3434892, Test MAE norm: 0.0957129
Epoch: 955, LR: 0.000010, Loss: 0.0866504, Validation MAE: 1.1555001, Test MAE: 4.3522797, Test MAE norm: 0.0959066
Epoch: 958, LR: 0.000010, Loss: 0.0866954, Validation MAE: 1.1548584, Test MAE: 4.3591805, Test MAE norm: 0.0960587
Epoch: 959, LR: 0.000010, Loss: 0.0866373, Validation MAE: 1.1531197, Test MAE: 4.3395615, Test MAE norm: 0.0956264
Epoch: 960, LR: 0.000010, Loss: 0.0866941, Validation MAE: 1.1528932, Test MAE: 4.3403640, Test MAE norm: 0.0956441
Epoch: 970, LR: 0.000010, Loss: 0.0866531, Validation MAE: 1.1553452, Test MAE: 4.3594584, Test MAE norm: 0.0960648
Epoch: 971, LR: 0.000010, Loss: 0.0866695, Validation MAE: 1.1551756, Test MAE: 4.3622689, Test MAE norm: 0.0961268
Epoch: 972, LR: 0.000010, Loss: 0.0866731, Validation MAE: 1.1550235, Test MAE: 4.3533120, Test MAE norm: 0.0959294
Epoch: 976, LR: 0.000010, Loss: 0.0866723, Validation MAE: 1.1537949, Test MAE: 4.3467355, Test MAE norm: 0.0957845
Epoch: 977, LR: 0.000010, Loss: 0.0866403, Validation MAE: 1.1526732, Test MAE: 4.3410463, Test MAE norm: 0.0956591
Epoch: 987, LR: 0.000010, Loss: 0.0866460, Validation MAE: 1.1576344, Test MAE: 4.3619833, Test MAE norm: 0.0961205
Epoch: 992, LR: 0.000010, Loss: 0.0866202, Validation MAE: 1.1556069, Test MAE: 4.3604126, Test MAE norm: 0.0960859
Epoch: 993, LR: 0.000010, Loss: 0.0866570, Validation MAE: 1.1531601, Test MAE: 4.3467231, Test MAE norm: 0.0957842
Epoch: 994, LR: 0.000010, Loss: 0.0866408, Validation MAE: 1.1520909, Test MAE: 4.3383756, Test MAE norm: 0.0956003
Epoch: 1004, LR: 0.000010, Loss: 0.0865980, Validation MAE: 1.1546923, Test MAE: 4.3631215, Test MAE norm: 0.0961456
Epoch: 1005, LR: 0.000010, Loss: 0.0866133, Validation MAE: 1.1540003, Test MAE: 4.3556767, Test MAE norm: 0.0959815
Epoch: 1012, LR: 0.000010, Loss: 0.0866082, Validation MAE: 1.1536996, Test MAE: 4.3463917, Test MAE norm: 0.0957769
Epoch: 1022, LR: 0.000010, Loss: 0.0866337, Validation MAE: 1.1566820, Test MAE: 4.3527594, Test MAE norm: 0.0959172
Epoch: 1024, LR: 0.000010, Loss: 0.0866266, Validation MAE: 1.1556896, Test MAE: 4.3589582, Test MAE norm: 0.0960538
Epoch: 1025, LR: 0.000010, Loss: 0.0866113, Validation MAE: 1.1539875, Test MAE: 4.3385930, Test MAE norm: 0.0956051
Epoch: 1026, LR: 0.000010, Loss: 0.0866366, Validation MAE: 1.1526471, Test MAE: 4.3356452, Test MAE norm: 0.0955401
Epoch: 1034, LR: 0.000010, Loss: 0.0866201, Validation MAE: 1.1522124, Test MAE: 4.3302546, Test MAE norm: 0.0954213
Epoch: 1044, LR: 0.000010, Loss: 0.0866253, Validation MAE: 1.1547823, Test MAE: 4.3413553, Test MAE norm: 0.0956659
Epoch: 1048, LR: 0.000010, Loss: 0.0866047, Validation MAE: 1.1547821, Test MAE: 4.3455100, Test MAE norm: 0.0957575
Epoch: 1049, LR: 0.000010, Loss: 0.0866440, Validation MAE: 1.1529354, Test MAE: 4.3414540, Test MAE norm: 0.0956681
Epoch: 1052, LR: 0.000010, Loss: 0.0866926, Validation MAE: 1.1527930, Test MAE: 4.3543997, Test MAE norm: 0.0959534
Epoch: 1053, LR: 0.000010, Loss: 0.0866485, Validation MAE: 1.1521857, Test MAE: 4.3400640, Test MAE norm: 0.0956375
Epoch: 1063, LR: 0.000010, Loss: 0.0865896, Validation MAE: 1.1547767, Test MAE: 4.3496799, Test MAE norm: 0.0958494
Epoch: 1066, LR: 0.000010, Loss: 0.0865926, Validation MAE: 1.1541916, Test MAE: 4.3493862, Test MAE norm: 0.0958429
Epoch: 1067, LR: 0.000010, Loss: 0.0865784, Validation MAE: 1.1528447, Test MAE: 4.3415818, Test MAE norm: 0.0956709
Epoch: 1077, LR: 0.000010, Loss: 0.0865618, Validation MAE: 1.1544722, Test MAE: 4.3492503, Test MAE norm: 0.0958399
Epoch: 1080, LR: 0.000010, Loss: 0.0865613, Validation MAE: 1.1542759, Test MAE: 4.3511105, Test MAE norm: 0.0958809
Epoch: 1082, LR: 0.000010, Loss: 0.0865814, Validation MAE: 1.1538647, Test MAE: 4.3450871, Test MAE norm: 0.0957481
Epoch: 1089, LR: 0.000010, Loss: 0.0866157, Validation MAE: 1.1536094, Test MAE: 4.3549700, Test MAE norm: 0.0959659
Epoch: 1090, LR: 0.000010, Loss: 0.0865759, Validation MAE: 1.1526383, Test MAE: 4.3451562, Test MAE norm: 0.0957497
Epoch: 1100, LR: 0.000010, Loss: 0.0865884, Validation MAE: 1.1535703, Test MAE: 4.3455486, Test MAE norm: 0.0957583
Epoch: 1101, LR: 0.000010, Loss: 0.0865770, Validation MAE: 1.1529491, Test MAE: 4.3517113, Test MAE norm: 0.0958941
Epoch: 1111, LR: 0.000010, Loss: 0.0865917, Validation MAE: 1.1533411, Test MAE: 4.3462734, Test MAE norm: 0.0957743
Epoch: 1117, LR: 0.000010, Loss: 0.0865553, Validation MAE: 1.1519986, Test MAE: 4.3389416, Test MAE norm: 0.0956127
Epoch: 1127, LR: 0.000010, Loss: 0.0865794, Validation MAE: 1.1531904, Test MAE: 4.3478217, Test MAE norm: 0.0958084
Epoch: 1128, LR: 0.000010, Loss: 0.0865394, Validation MAE: 1.1531316, Test MAE: 4.3397255, Test MAE norm: 0.0956300
Epoch: 1138, LR: 0.000010, Loss: 0.0865318, Validation MAE: 1.1517509, Test MAE: 4.3390255, Test MAE norm: 0.0956146
Epoch: 1148, LR: 0.000010, Loss: 0.0865726, Validation MAE: 1.1546975, Test MAE: 4.3488593, Test MAE norm: 0.0958313
Epoch: 1152, LR: 0.000010, Loss: 0.0865351, Validation MAE: 1.1537174, Test MAE: 4.3570819, Test MAE norm: 0.0960125
Epoch: 1153, LR: 0.000010, Loss: 0.0865485, Validation MAE: 1.1514282, Test MAE: 4.3395786, Test MAE norm: 0.0956268
Epoch: 1163, LR: 0.000010, Loss: 0.0865540, Validation MAE: 1.1526171, Test MAE: 4.3317385, Test MAE norm: 0.0954540
Epoch: 1173, LR: 0.000010, Loss: 0.0864996, Validation MAE: 1.1541499, Test MAE: 4.3561363, Test MAE norm: 0.0959916
Epoch: 1175, LR: 0.000010, Loss: 0.0865420, Validation MAE: 1.1533725, Test MAE: 4.3585963, Test MAE norm: 0.0960458
Epoch: 1176, LR: 0.000010, Loss: 0.0865207, Validation MAE: 1.1520761, Test MAE: 4.3442354, Test MAE norm: 0.0957294
Epoch: 1186, LR: 0.000010, Loss: 0.0865000, Validation MAE: 1.1558305, Test MAE: 4.3722134, Test MAE norm: 0.0963459
Epoch: 1187, LR: 0.000010, Loss: 0.0865939, Validation MAE: 1.1550179, Test MAE: 4.3681302, Test MAE norm: 0.0962559
Epoch: 1188, LR: 0.000010, Loss: 0.0865695, Validation MAE: 1.1527245, Test MAE: 4.3441148, Test MAE norm: 0.0957267
Epoch: 1198, LR: 0.000010, Loss: 0.0865918, Validation MAE: 1.1531680, Test MAE: 4.3458009, Test MAE norm: 0.0957639
Epoch: 1199, LR: 0.000010, Loss: 0.0865117, Validation MAE: 1.1516027, Test MAE: 4.3333006, Test MAE norm: 0.0954884
Epoch: 1209, LR: 0.000010, Loss: 0.0864924, Validation MAE: 1.1539485, Test MAE: 4.3602104, Test MAE norm: 0.0960814
Epoch: 1210, LR: 0.000010, Loss: 0.0865182, Validation MAE: 1.1536087, Test MAE: 4.3529711, Test MAE norm: 0.0959219
Epoch: 1215, LR: 0.000010, Loss: 0.0865347, Validation MAE: 1.1521622, Test MAE: 4.3390608, Test MAE norm: 0.0956154
Epoch: 1216, LR: 0.000010, Loss: 0.0865394, Validation MAE: 1.1513517, Test MAE: 4.3331571, Test MAE norm: 0.0954853
Epoch: 1224, LR: 0.000010, Loss: 0.0865110, Validation MAE: 1.1513469, Test MAE: 4.3439093, Test MAE norm: 0.0957222
Epoch: 1225, LR: 0.000010, Loss: 0.0864869, Validation MAE: 1.1497525, Test MAE: 4.3288193, Test MAE norm: 0.0953897
Epoch: 1235, LR: 0.000010, Loss: 0.0865540, Validation MAE: 1.1572701, Test MAE: 4.3641734, Test MAE norm: 0.0961687
Epoch: 1237, LR: 0.000010, Loss: 0.0865691, Validation MAE: 1.1557320, Test MAE: 4.3726654, Test MAE norm: 0.0963559
Epoch: 1238, LR: 0.000010, Loss: 0.0865327, Validation MAE: 1.1526399, Test MAE: 4.3423858, Test MAE norm: 0.0956886
Epoch: 1239, LR: 0.000010, Loss: 0.0865210, Validation MAE: 1.1516781, Test MAE: 4.3333802, Test MAE norm: 0.0954902
Epoch: 1249, LR: 0.000010, Loss: 0.0864716, Validation MAE: 1.1539078, Test MAE: 4.3571758, Test MAE norm: 0.0960145
Epoch: 1250, LR: 0.000010, Loss: 0.0864831, Validation MAE: 1.1531435, Test MAE: 4.3539619, Test MAE norm: 0.0959437
Epoch: 1251, LR: 0.000010, Loss: 0.0864701, Validation MAE: 1.1529729, Test MAE: 4.3509641, Test MAE norm: 0.0958777
Epoch: 1255, LR: 0.000010, Loss: 0.0864563, Validation MAE: 1.1525059, Test MAE: 4.3425369, Test MAE norm: 0.0956920
Epoch: 1265, LR: 0.000010, Loss: 0.0864518, Validation MAE: 1.1555455, Test MAE: 4.3639979, Test MAE norm: 0.0961649
Epoch: 1266, LR: 0.000010, Loss: 0.0864912, Validation MAE: 1.1554127, Test MAE: 4.3604207, Test MAE norm: 0.0960860
Epoch: 1267, LR: 0.000010, Loss: 0.0864697, Validation MAE: 1.1534823, Test MAE: 4.3492341, Test MAE norm: 0.0958395
Epoch: 1268, LR: 0.000010, Loss: 0.0865033, Validation MAE: 1.1530349, Test MAE: 4.3506279, Test MAE norm: 0.0958702
Epoch: 1271, LR: 0.000010, Loss: 0.0865423, Validation MAE: 1.1517214, Test MAE: 4.3415804, Test MAE norm: 0.0956709
Epoch: 1281, LR: 0.000010, Loss: 0.0864923, Validation MAE: 1.1518965, Test MAE: 4.3440433, Test MAE norm: 0.0957251
Epoch: 1291, LR: 0.000010, Loss: 0.0864837, Validation MAE: 1.1547015, Test MAE: 4.3564463, Test MAE norm: 0.0959985
Epoch: 1294, LR: 0.000010, Loss: 0.0865280, Validation MAE: 1.1524888, Test MAE: 4.3550024, Test MAE norm: 0.0959666
Epoch: 1295, LR: 0.000010, Loss: 0.0864547, Validation MAE: 1.1510032, Test MAE: 4.3379979, Test MAE norm: 0.0955919
Epoch: 1305, LR: 0.000010, Loss: 0.0865353, Validation MAE: 1.1549878, Test MAE: 4.3664021, Test MAE norm: 0.0962178
Epoch: 1307, LR: 0.000010, Loss: 0.0864931, Validation MAE: 1.1518054, Test MAE: 4.3595319, Test MAE norm: 0.0960665
Epoch: 1308, LR: 0.000010, Loss: 0.0864443, Validation MAE: 1.1495219, Test MAE: 4.3332496, Test MAE norm: 0.0954873
Epoch: 1309, LR: 0.000010, Loss: 0.0865060, Validation MAE: 1.1494925, Test MAE: 4.3326025, Test MAE norm: 0.0954730
Epoch: 1319, LR: 0.000010, Loss: 0.0865019, Validation MAE: 1.1512191, Test MAE: 4.3389335, Test MAE norm: 0.0956126
Epoch: 1329, LR: 0.000010, Loss: 0.0864529, Validation MAE: 1.1541604, Test MAE: 4.3631425, Test MAE norm: 0.0961460
Epoch: 1330, LR: 0.000010, Loss: 0.0864222, Validation MAE: 1.1537731, Test MAE: 4.3653374, Test MAE norm: 0.0961944
Epoch: 1331, LR: 0.000010, Loss: 0.0864301, Validation MAE: 1.1515352, Test MAE: 4.3512321, Test MAE norm: 0.0958836
Epoch: 1341, LR: 0.000010, Loss: 0.0863950, Validation MAE: 1.1537783, Test MAE: 4.3650212, Test MAE norm: 0.0961874
Epoch: 1342, LR: 0.000010, Loss: 0.0864076, Validation MAE: 1.1514369, Test MAE: 4.3531666, Test MAE norm: 0.0959262
Epoch: 1352, LR: 0.000010, Loss: 0.0863993, Validation MAE: 1.1534770, Test MAE: 4.3579750, Test MAE norm: 0.0960322
Epoch: 1354, LR: 0.000010, Loss: 0.0864034, Validation MAE: 1.1526340, Test MAE: 4.3553886, Test MAE norm: 0.0959752
Epoch: 1364, LR: 0.000010, Loss: 0.0863937, Validation MAE: 1.1550809, Test MAE: 4.3623834, Test MAE norm: 0.0961293
Epoch: 1365, LR: 0.000010, Loss: 0.0864353, Validation MAE: 1.1544789, Test MAE: 4.3723364, Test MAE norm: 0.0963486
Epoch: 1366, LR: 0.000010, Loss: 0.0864169, Validation MAE: 1.1527475, Test MAE: 4.3647137, Test MAE norm: 0.0961806
Epoch: 1367, LR: 0.000010, Loss: 0.0864042, Validation MAE: 1.1502753, Test MAE: 4.3419714, Test MAE norm: 0.0956795
Epoch: 1377, LR: 0.000010, Loss: 0.0864184, Validation MAE: 1.1568973, Test MAE: 4.3680687, Test MAE norm: 0.0962546
Epoch: 1378, LR: 0.000010, Loss: 0.0863934, Validation MAE: 1.1564322, Test MAE: 4.3646989, Test MAE norm: 0.0961803
Epoch: 1379, LR: 0.000010, Loss: 0.0863973, Validation MAE: 1.1549873, Test MAE: 4.3599281, Test MAE norm: 0.0960752
Epoch: 1380, LR: 0.000010, Loss: 0.0863897, Validation MAE: 1.1547983, Test MAE: 4.3669376, Test MAE norm: 0.0962297
Epoch: 1381, LR: 0.000010, Loss: 0.0863899, Validation MAE: 1.1533180, Test MAE: 4.3595457, Test MAE norm: 0.0960668
Epoch: 1383, LR: 0.000010, Loss: 0.0863821, Validation MAE: 1.1530163, Test MAE: 4.3661342, Test MAE norm: 0.0962119
Epoch: 1384, LR: 0.000010, Loss: 0.0863764, Validation MAE: 1.1521974, Test MAE: 4.3629742, Test MAE norm: 0.0961423
Epoch: 1389, LR: 0.000010, Loss: 0.0863988, Validation MAE: 1.1514474, Test MAE: 4.3395228, Test MAE norm: 0.0956255
Epoch: 1390, LR: 0.000010, Loss: 0.0865045, Validation MAE: 1.1511006, Test MAE: 4.3328147, Test MAE norm: 0.0954777
Epoch: 1399, LR: 0.000010, Loss: 0.0864346, Validation MAE: 1.1502426, Test MAE: 4.3472524, Test MAE norm: 0.0957959
Epoch: 1400, LR: 0.000010, Loss: 0.0864081, Validation MAE: 1.1501949, Test MAE: 4.3396049, Test MAE norm: 0.0956273
Epoch: 1409, LR: 0.000010, Loss: 0.0865297, Validation MAE: 1.1490550, Test MAE: 4.3506389, Test MAE norm: 0.0958705
Epoch: 1419, LR: 0.000010, Loss: 0.0864582, Validation MAE: 1.1508851, Test MAE: 4.3583007, Test MAE norm: 0.0960393
Epoch: 1427, LR: 0.000010, Loss: 0.0863651, Validation MAE: 1.1493528, Test MAE: 4.3389192, Test MAE norm: 0.0956122
Epoch: 1437, LR: 0.000010, Loss: 0.0863788, Validation MAE: 1.1537760, Test MAE: 4.3618326, Test MAE norm: 0.0961172
Epoch: 1439, LR: 0.000010, Loss: 0.0863834, Validation MAE: 1.1531552, Test MAE: 4.3718505, Test MAE norm: 0.0963379
Epoch: 1440, LR: 0.000010, Loss: 0.0863388, Validation MAE: 1.1505957, Test MAE: 4.3510833, Test MAE norm: 0.0958803
Epoch: 1450, LR: 0.000010, Loss: 0.0864430, Validation MAE: 1.1534721, Test MAE: 4.3626938, Test MAE norm: 0.0961361
Epoch: 1451, LR: 0.000010, Loss: 0.0863663, Validation MAE: 1.1501226, Test MAE: 4.3463678, Test MAE norm: 0.0957764
Epoch: 1461, LR: 0.000010, Loss: 0.0863537, Validation MAE: 1.1516132, Test MAE: 4.3646927, Test MAE norm: 0.0961802
Epoch: 1462, LR: 0.000010, Loss: 0.0863741, Validation MAE: 1.1511143, Test MAE: 4.3607450, Test MAE norm: 0.0960932
Epoch: 1472, LR: 0.000010, Loss: 0.0863535, Validation MAE: 1.1525080, Test MAE: 4.3682990, Test MAE norm: 0.0962597
Epoch: 1473, LR: 0.000010, Loss: 0.0863327, Validation MAE: 1.1501400, Test MAE: 4.3554997, Test MAE norm: 0.0959776
Epoch: 1474, LR: 0.000010, Loss: 0.0863630, Validation MAE: 1.1498032, Test MAE: 4.3589525, Test MAE norm: 0.0960537
Epoch: 1484, LR: 0.000010, Loss: 0.0863309, Validation MAE: 1.1532457, Test MAE: 4.3743234, Test MAE norm: 0.0963924
Epoch: 1485, LR: 0.000010, Loss: 0.0863327, Validation MAE: 1.1517395, Test MAE: 4.3612075, Test MAE norm: 0.0961034
Epoch: 1486, LR: 0.000010, Loss: 0.0863229, Validation MAE: 1.1512160, Test MAE: 4.3603964, Test MAE norm: 0.0960855
Epoch: 1491, LR: 0.000010, Loss: 0.0863201, Validation MAE: 1.1508725, Test MAE: 4.3634796, Test MAE norm: 0.0961535
Epoch: 1501, LR: 0.000010, Loss: 0.0863262, Validation MAE: 1.1525418, Test MAE: 4.3758831, Test MAE norm: 0.0964268
Epoch: 1502, LR: 0.000010, Loss: 0.0862955, Validation MAE: 1.1515663, Test MAE: 4.3685737, Test MAE norm: 0.0962657
Epoch: 1505, LR: 0.000010, Loss: 0.0862974, Validation MAE: 1.1515255, Test MAE: 4.3690567, Test MAE norm: 0.0962763
Epoch: 1506, LR: 0.000010, Loss: 0.0863044, Validation MAE: 1.1513507, Test MAE: 4.3665037, Test MAE norm: 0.0962201
Epoch: 1516, LR: 0.000010, Loss: 0.0863617, Validation MAE: 1.1517023, Test MAE: 4.3670645, Test MAE norm: 0.0962324
Epoch: 1517, LR: 0.000010, Loss: 0.0863355, Validation MAE: 1.1506205, Test MAE: 4.3576779, Test MAE norm: 0.0960256
Epoch: 1521, LR: 0.000010, Loss: 0.0863097, Validation MAE: 1.1493560, Test MAE: 4.3524113, Test MAE norm: 0.0959096
Epoch: 1531, LR: 0.000010, Loss: 0.0862864, Validation MAE: 1.1497298, Test MAE: 4.3586020, Test MAE norm: 0.0960460
Epoch: 1534, LR: 0.000010, Loss: 0.0863436, Validation MAE: 1.1490363, Test MAE: 4.3590117, Test MAE norm: 0.0960550
Epoch: 1544, LR: 0.000010, Loss: 0.0863165, Validation MAE: 1.1497998, Test MAE: 4.3566713, Test MAE norm: 0.0960034
Epoch: 1554, LR: 0.000010, Loss: 0.0863357, Validation MAE: 1.1533109, Test MAE: 4.3698573, Test MAE norm: 0.0962940
Epoch: 1556, LR: 0.000010, Loss: 0.0863318, Validation MAE: 1.1523569, Test MAE: 4.3829608, Test MAE norm: 0.0965827
Epoch: 1557, LR: 0.000010, Loss: 0.0863315, Validation MAE: 1.1488628, Test MAE: 4.3567920, Test MAE norm: 0.0960061
Epoch: 1567, LR: 0.000010, Loss: 0.0863007, Validation MAE: 1.1538138, Test MAE: 4.3785729, Test MAE norm: 0.0964860
Epoch: 1568, LR: 0.000010, Loss: 0.0862962, Validation MAE: 1.1529315, Test MAE: 4.3770165, Test MAE norm: 0.0964518
Epoch: 1569, LR: 0.000010, Loss: 0.0862727, Validation MAE: 1.1518973, Test MAE: 4.3752809, Test MAE norm: 0.0964135
Epoch: 1570, LR: 0.000010, Loss: 0.0862840, Validation MAE: 1.1516995, Test MAE: 4.3697166, Test MAE norm: 0.0962909
Epoch: 1573, LR: 0.000010, Loss: 0.0862771, Validation MAE: 1.1516153, Test MAE: 4.3653717, Test MAE norm: 0.0961951
Epoch: 1579, LR: 0.000010, Loss: 0.0863429, Validation MAE: 1.1494035, Test MAE: 4.3658628, Test MAE norm: 0.0962060
Epoch: 1580, LR: 0.000010, Loss: 0.0863414, Validation MAE: 1.1485848, Test MAE: 4.3552036, Test MAE norm: 0.0959711
Epoch: 1590, LR: 0.000010, Loss: 0.0862764, Validation MAE: 1.1535709, Test MAE: 4.3811712, Test MAE norm: 0.0965433
Epoch: 1591, LR: 0.000010, Loss: 0.0862757, Validation MAE: 1.1504105, Test MAE: 4.3644929, Test MAE norm: 0.0961758
Epoch: 1601, LR: 0.000010, Loss: 0.0863148, Validation MAE: 1.1572174, Test MAE: 4.4027839, Test MAE norm: 0.0970196
Epoch: 1603, LR: 0.000010, Loss: 0.0864452, Validation MAE: 1.1545330, Test MAE: 4.3938832, Test MAE norm: 0.0968234
Epoch: 1604, LR: 0.000010, Loss: 0.0863207, Validation MAE: 1.1504847, Test MAE: 4.3571482, Test MAE norm: 0.0960139
Epoch: 1609, LR: 0.000010, Loss: 0.0863721, Validation MAE: 1.1502385, Test MAE: 4.3622265, Test MAE norm: 0.0961258
Epoch: 1610, LR: 0.000010, Loss: 0.0863005, Validation MAE: 1.1494302, Test MAE: 4.3528361, Test MAE norm: 0.0959189
Epoch: 1615, LR: 0.000010, Loss: 0.0862648, Validation MAE: 1.1492379, Test MAE: 4.3662372, Test MAE norm: 0.0962142
Epoch: 1616, LR: 0.000010, Loss: 0.0862867, Validation MAE: 1.1491132, Test MAE: 4.3725629, Test MAE norm: 0.0963536
Epoch: 1626, LR: 0.000010, Loss: 0.0862533, Validation MAE: 1.1522117, Test MAE: 4.3620749, Test MAE norm: 0.0961225
Epoch: 1628, LR: 0.000010, Loss: 0.0862354, Validation MAE: 1.1519346, Test MAE: 4.3742266, Test MAE norm: 0.0963903
Epoch: 1629, LR: 0.000010, Loss: 0.0862475, Validation MAE: 1.1507356, Test MAE: 4.3692951, Test MAE norm: 0.0962816
Epoch: 1633, LR: 0.000010, Loss: 0.0862477, Validation MAE: 1.1499021, Test MAE: 4.3550835, Test MAE norm: 0.0959684
Epoch: 1638, LR: 0.000010, Loss: 0.0862978, Validation MAE: 1.1493133, Test MAE: 4.3434410, Test MAE norm: 0.0957119
Epoch: 1644, LR: 0.000010, Loss: 0.0863167, Validation MAE: 1.1492857, Test MAE: 4.3578897, Test MAE norm: 0.0960303
Epoch: 1645, LR: 0.000010, Loss: 0.0863436, Validation MAE: 1.1492428, Test MAE: 4.3657827, Test MAE norm: 0.0962042
Epoch: 1652, LR: 0.000010, Loss: 0.0862370, Validation MAE: 1.1490873, Test MAE: 4.3588257, Test MAE norm: 0.0960509
Epoch: 1662, LR: 0.000010, Loss: 0.0862540, Validation MAE: 1.1522173, Test MAE: 4.3846846, Test MAE norm: 0.0966207
Epoch: 1663, LR: 0.000010, Loss: 0.0862374, Validation MAE: 1.1483134, Test MAE: 4.3595619, Test MAE norm: 0.0960671
Epoch: 1664, LR: 0.000010, Loss: 0.0862929, Validation MAE: 1.1480529, Test MAE: 4.3655739, Test MAE norm: 0.0961996
Epoch: 1674, LR: 0.000010, Loss: 0.0862360, Validation MAE: 1.1514606, Test MAE: 4.3857608, Test MAE norm: 0.0966444
Epoch: 1675, LR: 0.000010, Loss: 0.0862786, Validation MAE: 1.1505830, Test MAE: 4.3738484, Test MAE norm: 0.0963819
Epoch: 1679, LR: 0.000010, Loss: 0.0862308, Validation MAE: 1.1503299, Test MAE: 4.3699074, Test MAE norm: 0.0962951
Epoch: 1680, LR: 0.000010, Loss: 0.0862253, Validation MAE: 1.1502416, Test MAE: 4.3679242, Test MAE norm: 0.0962514
Epoch: 1688, LR: 0.000010, Loss: 0.0862322, Validation MAE: 1.1491019, Test MAE: 4.3598619, Test MAE norm: 0.0960737
Epoch: 1693, LR: 0.000010, Loss: 0.0862944, Validation MAE: 1.1489484, Test MAE: 4.3651218, Test MAE norm: 0.0961896
Epoch: 1694, LR: 0.000010, Loss: 0.0862203, Validation MAE: 1.1482469, Test MAE: 4.3712206, Test MAE norm: 0.0963240
Epoch: 1704, LR: 0.000010, Loss: 0.0862817, Validation MAE: 1.1555303, Test MAE: 4.3944149, Test MAE norm: 0.0968351
Epoch: 1705, LR: 0.000010, Loss: 0.0862850, Validation MAE: 1.1510646, Test MAE: 4.3761592, Test MAE norm: 0.0964329
Epoch: 1706, LR: 0.000010, Loss: 0.0862015, Validation MAE: 1.1480063, Test MAE: 4.3483529, Test MAE norm: 0.0958201
Epoch: 1707, LR: 0.000010, Loss: 0.0863010, Validation MAE: 1.1479098, Test MAE: 4.3527937, Test MAE norm: 0.0959180
Epoch: 1717, LR: 0.000010, Loss: 0.0862568, Validation MAE: 1.1517272, Test MAE: 4.3898687, Test MAE norm: 0.0967350
Epoch: 1718, LR: 0.000010, Loss: 0.0863182, Validation MAE: 1.1507137, Test MAE: 4.3783922, Test MAE norm: 0.0964821
Epoch: 1719, LR: 0.000010, Loss: 0.0862598, Validation MAE: 1.1496289, Test MAE: 4.3569088, Test MAE norm: 0.0960087
Epoch: 1725, LR: 0.000010, Loss: 0.0862755, Validation MAE: 1.1488614, Test MAE: 4.3453622, Test MAE norm: 0.0957542
Epoch: 1735, LR: 0.000010, Loss: 0.0863263, Validation MAE: 1.1475911, Test MAE: 4.3490381, Test MAE norm: 0.0958352
Epoch: 1745, LR: 0.000010, Loss: 0.0862441, Validation MAE: 1.1482997, Test MAE: 4.3546767, Test MAE norm: 0.0959595
Epoch: 1750, LR: 0.000010, Loss: 0.0861846, Validation MAE: 1.1476798, Test MAE: 4.3503156, Test MAE norm: 0.0958634
Epoch: 1760, LR: 0.000010, Loss: 0.0861930, Validation MAE: 1.1544268, Test MAE: 4.3985023, Test MAE norm: 0.0969252
Epoch: 1762, LR: 0.000010, Loss: 0.0862860, Validation MAE: 1.1512021, Test MAE: 4.3717823, Test MAE norm: 0.0963364
Epoch: 1763, LR: 0.000010, Loss: 0.0862451, Validation MAE: 1.1506518, Test MAE: 4.3640752, Test MAE norm: 0.0961666
Epoch: 1766, LR: 0.000010, Loss: 0.0862396, Validation MAE: 1.1487902, Test MAE: 4.3650913, Test MAE norm: 0.0961890
Epoch: 1771, LR: 0.000010, Loss: 0.0861930, Validation MAE: 1.1483846, Test MAE: 4.3546085, Test MAE norm: 0.0959580
Epoch: 1778, LR: 0.000010, Loss: 0.0862346, Validation MAE: 1.1478267, Test MAE: 4.3625889, Test MAE norm: 0.0961338
Epoch: 1785, LR: 0.000010, Loss: 0.0862194, Validation MAE: 1.1471777, Test MAE: 4.3556161, Test MAE norm: 0.0959802
Epoch: 1795, LR: 0.000010, Loss: 0.0862490, Validation MAE: 1.1535553, Test MAE: 4.3777399, Test MAE norm: 0.0964677
Epoch: 1798, LR: 0.000010, Loss: 0.0862470, Validation MAE: 1.1533632, Test MAE: 4.3768969, Test MAE norm: 0.0964491
Epoch: 1799, LR: 0.000010, Loss: 0.0862191, Validation MAE: 1.1497384, Test MAE: 4.3571920, Test MAE norm: 0.0960149
Epoch: 1800, LR: 0.000010, Loss: 0.0862163, Validation MAE: 1.1488990, Test MAE: 4.3620787, Test MAE norm: 0.0961226
Epoch: 1808, LR: 0.000010, Loss: 0.0861561, Validation MAE: 1.1487961, Test MAE: 4.3665791, Test MAE norm: 0.0962218
Epoch: 1818, LR: 0.000010, Loss: 0.0862418, Validation MAE: 1.1485237, Test MAE: 4.3702612, Test MAE norm: 0.0963029
Epoch: 1819, LR: 0.000010, Loss: 0.0862492, Validation MAE: 1.1480200, Test MAE: 4.3676438, Test MAE norm: 0.0962452
Epoch: 1824, LR: 0.000010, Loss: 0.0861660, Validation MAE: 1.1475911, Test MAE: 4.3567586, Test MAE norm: 0.0960053
Epoch: 1834, LR: 0.000010, Loss: 0.0861904, Validation MAE: 1.1513103, Test MAE: 4.3792343, Test MAE norm: 0.0965006
Epoch: 1836, LR: 0.000010, Loss: 0.0861678, Validation MAE: 1.1502756, Test MAE: 4.3666744, Test MAE norm: 0.0962239
Epoch: 1837, LR: 0.000010, Loss: 0.0861452, Validation MAE: 1.1500349, Test MAE: 4.3666244, Test MAE norm: 0.0962228
Epoch: 1840, LR: 0.000010, Loss: 0.0861427, Validation MAE: 1.1488107, Test MAE: 4.3519526, Test MAE norm: 0.0958994
Epoch: 1850, LR: 0.000010, Loss: 0.0861807, Validation MAE: 1.1488763, Test MAE: 4.3596544, Test MAE norm: 0.0960692
Epoch: 1854, LR: 0.000010, Loss: 0.0861471, Validation MAE: 1.1482984, Test MAE: 4.3653388, Test MAE norm: 0.0961944
Epoch: 1864, LR: 0.000010, Loss: 0.0861621, Validation MAE: 1.1501411, Test MAE: 4.3675456, Test MAE norm: 0.0962430
Epoch: 1868, LR: 0.000010, Loss: 0.0861370, Validation MAE: 1.1493998, Test MAE: 4.3563175, Test MAE norm: 0.0959956
Epoch: 1875, LR: 0.000010, Loss: 0.0862121, Validation MAE: 1.1482137, Test MAE: 4.3674006, Test MAE norm: 0.0962399
Epoch: 1876, LR: 0.000010, Loss: 0.0862268, Validation MAE: 1.1480210, Test MAE: 4.3578205, Test MAE norm: 0.0960287
Epoch: 1884, LR: 0.000010, Loss: 0.0861573, Validation MAE: 1.1479731, Test MAE: 4.3619618, Test MAE norm: 0.0961200
Epoch: 1894, LR: 0.000010, Loss: 0.0861464, Validation MAE: 1.1520637, Test MAE: 4.3762040, Test MAE norm: 0.0964338
Epoch: 1895, LR: 0.000010, Loss: 0.0861492, Validation MAE: 1.1487968, Test MAE: 4.3626370, Test MAE norm: 0.0961349
Epoch: 1896, LR: 0.000010, Loss: 0.0861422, Validation MAE: 1.1485226, Test MAE: 4.3600440, Test MAE norm: 0.0960777
Epoch: 1901, LR: 0.000010, Loss: 0.0861589, Validation MAE: 1.1476942, Test MAE: 4.3570790, Test MAE norm: 0.0960124
Epoch: 1902, LR: 0.000010, Loss: 0.0861519, Validation MAE: 1.1473118, Test MAE: 4.3556662, Test MAE norm: 0.0959813
Epoch: 1912, LR: 0.000010, Loss: 0.0861512, Validation MAE: 1.1479524, Test MAE: 4.3663025, Test MAE norm: 0.0962157
Epoch: 1918, LR: 0.000010, Loss: 0.0861356, Validation MAE: 1.1479080, Test MAE: 4.3590717, Test MAE norm: 0.0960563
Epoch: 1919, LR: 0.000010, Loss: 0.0861480, Validation MAE: 1.1474426, Test MAE: 4.3557615, Test MAE norm: 0.0959834
Epoch: 1925, LR: 0.000010, Loss: 0.0861393, Validation MAE: 1.1470951, Test MAE: 4.3533950, Test MAE norm: 0.0959312
Epoch: 1935, LR: 0.000010, Loss: 0.0862747, Validation MAE: 1.1494436, Test MAE: 4.3604798, Test MAE norm: 0.0960873
Epoch: 1939, LR: 0.000010, Loss: 0.0861408, Validation MAE: 1.1483473, Test MAE: 4.3502016, Test MAE norm: 0.0958609
Epoch: 1940, LR: 0.000010, Loss: 0.0862336, Validation MAE: 1.1461040, Test MAE: 4.3468289, Test MAE norm: 0.0957865
Epoch: 1949, LR: 0.000010, Loss: 0.0861247, Validation MAE: 1.1460768, Test MAE: 4.3548679, Test MAE norm: 0.0959637
Epoch: 1959, LR: 0.000010, Loss: 0.0861592, Validation MAE: 1.1524681, Test MAE: 4.3843207, Test MAE norm: 0.0966127
Epoch: 1960, LR: 0.000010, Loss: 0.0861634, Validation MAE: 1.1508008, Test MAE: 4.3804212, Test MAE norm: 0.0965268
Epoch: 1961, LR: 0.000010, Loss: 0.0861732, Validation MAE: 1.1468109, Test MAE: 4.3496995, Test MAE norm: 0.0958498
Epoch: 1962, LR: 0.000010, Loss: 0.0861359, Validation MAE: 1.1464456, Test MAE: 4.3462844, Test MAE norm: 0.0957745
Epoch: 1969, LR: 0.000010, Loss: 0.0861901, Validation MAE: 1.1453214, Test MAE: 4.3595657, Test MAE norm: 0.0960672
Epoch: 1970, LR: 0.000010, Loss: 0.0861931, Validation MAE: 1.1448750, Test MAE: 4.3510108, Test MAE norm: 0.0958787
Epoch: 1980, LR: 0.000010, Loss: 0.0861172, Validation MAE: 1.1503688, Test MAE: 4.3671179, Test MAE norm: 0.0962336
Epoch: 1981, LR: 0.000010, Loss: 0.0860996, Validation MAE: 1.1502346, Test MAE: 4.3745427, Test MAE norm: 0.0963972
Epoch: 1982, LR: 0.000010, Loss: 0.0861150, Validation MAE: 1.1477611, Test MAE: 4.3622341, Test MAE norm: 0.0961260
Epoch: 1983, LR: 0.000010, Loss: 0.0860997, Validation MAE: 1.1474655, Test MAE: 4.3554220, Test MAE norm: 0.0959759
Epoch: 1989, LR: 0.000010, Loss: 0.0860737, Validation MAE: 1.1462821, Test MAE: 4.3543882, Test MAE norm: 0.0959531
Epoch: 1999, LR: 0.000010, Loss: 0.0860936, Validation MAE: 1.1504710, Test MAE: 4.3769360, Test MAE norm: 0.0964500
Epoch: 2000, LR: 0.000010, Loss: 0.0860920, Validation MAE: 1.1489559, Test MAE: 4.3659945, Test MAE norm: 0.0962089
Epoch: 2000, LR: 0.000010, Loss: 0.0860920, Validation MAE: 1.1489559, Test MAE: 4.3659945, Test MAE norm: 0.0962089