Command line input: python run_count.py --batch_size 256 --target 2 --model PPGN --h 3 --seed 1 --epoch 2000 --dataset easy-1
Mean = 9.685, Std = 14.079
Using PPGN model

Epoch: 001, LR: 0.001000, Loss: 0.9156042, Validation MAE: 13.0595961, Test MAE: 12.8406858, Test MAE norm: 0.9120578
Epoch: 002, LR: 0.001000, Loss: 0.9142100, Validation MAE: 6.9256992, Test MAE: 6.6865215, Test MAE norm: 0.4749352
Epoch: 005, LR: 0.001000, Loss: 0.5429149, Validation MAE: 6.2271848, Test MAE: 5.7607393, Test MAE norm: 0.4091781
Epoch: 008, LR: 0.001000, Loss: 0.4413475, Validation MAE: 5.5542383, Test MAE: 5.5582757, Test MAE norm: 0.3947974
Epoch: 011, LR: 0.001000, Loss: 0.3911628, Validation MAE: 5.3165774, Test MAE: 5.6950507, Test MAE norm: 0.4045123
Epoch: 015, LR: 0.001000, Loss: 0.3766442, Validation MAE: 5.1133671, Test MAE: 5.4729829, Test MAE norm: 0.3887391
Epoch: 018, LR: 0.001000, Loss: 0.3800105, Validation MAE: 5.1016965, Test MAE: 5.3381329, Test MAE norm: 0.3791609
Epoch: 019, LR: 0.001000, Loss: 0.3534559, Validation MAE: 4.9788146, Test MAE: 5.3214469, Test MAE norm: 0.3779757
Epoch: 022, LR: 0.001000, Loss: 0.3539550, Validation MAE: 4.9523139, Test MAE: 5.2818928, Test MAE norm: 0.3751662
Epoch: 025, LR: 0.001000, Loss: 0.3462521, Validation MAE: 4.8039088, Test MAE: 5.1850171, Test MAE norm: 0.3682853
Epoch: 032, LR: 0.001000, Loss: 0.3444704, Validation MAE: 4.7292247, Test MAE: 5.0579343, Test MAE norm: 0.3592587
Epoch: 035, LR: 0.001000, Loss: 0.3387625, Validation MAE: 4.6527953, Test MAE: 5.0715065, Test MAE norm: 0.3602228
Epoch: 038, LR: 0.001000, Loss: 0.3278856, Validation MAE: 4.5562520, Test MAE: 4.9567533, Test MAE norm: 0.3520720
Epoch: 039, LR: 0.001000, Loss: 0.3288846, Validation MAE: 4.5299201, Test MAE: 4.9559655, Test MAE norm: 0.3520160
Epoch: 040, LR: 0.001000, Loss: 0.3306748, Validation MAE: 4.4892402, Test MAE: 4.8703718, Test MAE norm: 0.3459364
Epoch: 045, LR: 0.001000, Loss: 0.3185599, Validation MAE: 4.4783340, Test MAE: 4.9081049, Test MAE norm: 0.3486165
Epoch: 046, LR: 0.001000, Loss: 0.3253566, Validation MAE: 4.4711542, Test MAE: 4.9503927, Test MAE norm: 0.3516202
Epoch: 053, LR: 0.001000, Loss: 0.3170021, Validation MAE: 4.4608879, Test MAE: 4.9374757, Test MAE norm: 0.3507027
Epoch: 055, LR: 0.001000, Loss: 0.3356566, Validation MAE: 4.3639688, Test MAE: 4.7968264, Test MAE norm: 0.3407125
Epoch: 062, LR: 0.001000, Loss: 0.3152436, Validation MAE: 4.3591118, Test MAE: 4.7443905, Test MAE norm: 0.3369881
Epoch: 064, LR: 0.001000, Loss: 0.3203159, Validation MAE: 4.2975197, Test MAE: 4.8189726, Test MAE norm: 0.3422856
Epoch: 070, LR: 0.001000, Loss: 0.3226539, Validation MAE: 4.2569208, Test MAE: 4.7381902, Test MAE norm: 0.3365477
Epoch: 078, LR: 0.001000, Loss: 0.3093614, Validation MAE: 4.2400084, Test MAE: 4.6518569, Test MAE norm: 0.3304156
Epoch: 083, LR: 0.001000, Loss: 0.3055508, Validation MAE: 4.2105646, Test MAE: 4.6172719, Test MAE norm: 0.3279590
Epoch: 085, LR: 0.001000, Loss: 0.3103606, Validation MAE: 4.2014470, Test MAE: 4.6130991, Test MAE norm: 0.3276626
Epoch: 090, LR: 0.001000, Loss: 0.3024401, Validation MAE: 4.1800919, Test MAE: 4.5986829, Test MAE norm: 0.3266387
Epoch: 098, LR: 0.001000, Loss: 0.3180579, Validation MAE: 4.1777163, Test MAE: 4.5947065, Test MAE norm: 0.3263562
Epoch: 108, LR: 0.001000, Loss: 0.3138480, Validation MAE: 4.7238045, Test MAE: 4.8347778, Test MAE norm: 0.3434082
Epoch: 109, LR: 0.001000, Loss: 0.3163581, Validation MAE: 4.2704377, Test MAE: 4.6001420, Test MAE norm: 0.3267423
Epoch: 111, LR: 0.000900, Loss: 0.3135145, Validation MAE: 4.2401209, Test MAE: 4.5363092, Test MAE norm: 0.3222083
Epoch: 114, LR: 0.000900, Loss: 0.2985112, Validation MAE: 4.2193027, Test MAE: 4.5577369, Test MAE norm: 0.3237303
Epoch: 115, LR: 0.000900, Loss: 0.3047606, Validation MAE: 4.2182975, Test MAE: 4.5209293, Test MAE norm: 0.3211159
Epoch: 117, LR: 0.000900, Loss: 0.3000431, Validation MAE: 4.2157493, Test MAE: 4.5348334, Test MAE norm: 0.3221035
Epoch: 120, LR: 0.000900, Loss: 0.2978601, Validation MAE: 4.2094173, Test MAE: 4.5164032, Test MAE norm: 0.3207945
Epoch: 121, LR: 0.000810, Loss: 0.2961313, Validation MAE: 4.1458378, Test MAE: 4.5165825, Test MAE norm: 0.3208072
Epoch: 122, LR: 0.000810, Loss: 0.2961808, Validation MAE: 4.1313729, Test MAE: 4.5094094, Test MAE norm: 0.3202977
Epoch: 125, LR: 0.000810, Loss: 0.2965200, Validation MAE: 4.1209021, Test MAE: 4.4980793, Test MAE norm: 0.3194929
Epoch: 126, LR: 0.000810, Loss: 0.2950888, Validation MAE: 4.0984411, Test MAE: 4.4952908, Test MAE norm: 0.3192949
Epoch: 129, LR: 0.000810, Loss: 0.2945629, Validation MAE: 4.0920172, Test MAE: 4.4714551, Test MAE norm: 0.3176019
Epoch: 133, LR: 0.000810, Loss: 0.2913980, Validation MAE: 4.0480337, Test MAE: 4.4740543, Test MAE norm: 0.3177865
Epoch: 141, LR: 0.000810, Loss: 0.2899519, Validation MAE: 4.0331812, Test MAE: 4.4528322, Test MAE norm: 0.3162791
Epoch: 144, LR: 0.000810, Loss: 0.2894877, Validation MAE: 4.0030184, Test MAE: 4.4296350, Test MAE norm: 0.3146314
Epoch: 152, LR: 0.000810, Loss: 0.2868297, Validation MAE: 3.9738841, Test MAE: 4.4268451, Test MAE norm: 0.3144332
Epoch: 161, LR: 0.000810, Loss: 0.2816727, Validation MAE: 3.9588757, Test MAE: 4.4274940, Test MAE norm: 0.3144794
Epoch: 171, LR: 0.000810, Loss: 0.2867263, Validation MAE: 4.0157323, Test MAE: 4.5112038, Test MAE norm: 0.3204252
Epoch: 176, LR: 0.000729, Loss: 0.2833216, Validation MAE: 3.9975882, Test MAE: 4.4335361, Test MAE norm: 0.3149085
Epoch: 177, LR: 0.000729, Loss: 0.2839023, Validation MAE: 3.9335933, Test MAE: 4.4122267, Test MAE norm: 0.3133949
Epoch: 187, LR: 0.000729, Loss: 0.2793643, Validation MAE: 3.9575660, Test MAE: 4.4367399, Test MAE norm: 0.3151361
Epoch: 189, LR: 0.000656, Loss: 0.2782503, Validation MAE: 3.9436166, Test MAE: 4.4324908, Test MAE norm: 0.3148343
Epoch: 191, LR: 0.000656, Loss: 0.2778789, Validation MAE: 3.9176602, Test MAE: 4.4041500, Test MAE norm: 0.3128212
Epoch: 196, LR: 0.000656, Loss: 0.2761161, Validation MAE: 3.9108701, Test MAE: 4.4144373, Test MAE norm: 0.3135519
Epoch: 199, LR: 0.000656, Loss: 0.2772025, Validation MAE: 3.9104867, Test MAE: 4.3969450, Test MAE norm: 0.3123095
Epoch: 206, LR: 0.000656, Loss: 0.2827314, Validation MAE: 3.8965793, Test MAE: 4.4019570, Test MAE norm: 0.3126655
Epoch: 216, LR: 0.000656, Loss: 0.2760304, Validation MAE: 3.9099975, Test MAE: 4.3918252, Test MAE norm: 0.3119458
Epoch: 220, LR: 0.000590, Loss: 0.2740914, Validation MAE: 3.9067347, Test MAE: 4.3890619, Test MAE norm: 0.3117496
Epoch: 223, LR: 0.000590, Loss: 0.2739216, Validation MAE: 3.8776333, Test MAE: 4.3892269, Test MAE norm: 0.3117613
Epoch: 224, LR: 0.000590, Loss: 0.2732100, Validation MAE: 3.8739793, Test MAE: 4.3820162, Test MAE norm: 0.3112491
Epoch: 228, LR: 0.000590, Loss: 0.2749874, Validation MAE: 3.8739777, Test MAE: 4.3715110, Test MAE norm: 0.3105029
Epoch: 238, LR: 0.000531, Loss: 0.2749545, Validation MAE: 3.9223464, Test MAE: 4.3995142, Test MAE norm: 0.3124920
Epoch: 239, LR: 0.000531, Loss: 0.2742582, Validation MAE: 3.9207289, Test MAE: 4.3943667, Test MAE norm: 0.3121264
Epoch: 243, LR: 0.000531, Loss: 0.2773575, Validation MAE: 3.8939602, Test MAE: 4.3726883, Test MAE norm: 0.3105866
Epoch: 247, LR: 0.000478, Loss: 0.2720905, Validation MAE: 3.8666680, Test MAE: 4.3574209, Test MAE norm: 0.3095022
Epoch: 252, LR: 0.000478, Loss: 0.2731093, Validation MAE: 3.8624470, Test MAE: 4.3755894, Test MAE norm: 0.3107926
Epoch: 255, LR: 0.000478, Loss: 0.2733123, Validation MAE: 3.8426726, Test MAE: 4.3469262, Test MAE norm: 0.3087567
Epoch: 263, LR: 0.000478, Loss: 0.2710401, Validation MAE: 3.8347347, Test MAE: 4.3479242, Test MAE norm: 0.3088276
Epoch: 273, LR: 0.000478, Loss: 0.2731586, Validation MAE: 3.8408344, Test MAE: 4.3610535, Test MAE norm: 0.3097602
Epoch: 280, LR: 0.000430, Loss: 0.2699753, Validation MAE: 3.8296626, Test MAE: 4.3416691, Test MAE norm: 0.3083833
Epoch: 286, LR: 0.000430, Loss: 0.2684675, Validation MAE: 3.8185353, Test MAE: 4.3495817, Test MAE norm: 0.3089453
Epoch: 290, LR: 0.000430, Loss: 0.2687809, Validation MAE: 3.8166502, Test MAE: 4.3432364, Test MAE norm: 0.3084946
Epoch: 300, LR: 0.000430, Loss: 0.2728016, Validation MAE: 3.8734963, Test MAE: 4.4227014, Test MAE norm: 0.3141389
Epoch: 302, LR: 0.000387, Loss: 0.2714775, Validation MAE: 3.8624642, Test MAE: 4.3684707, Test MAE norm: 0.3102870
Epoch: 303, LR: 0.000387, Loss: 0.2720494, Validation MAE: 3.8132691, Test MAE: 4.3350658, Test MAE norm: 0.3079143
Epoch: 309, LR: 0.000387, Loss: 0.2686414, Validation MAE: 3.7989950, Test MAE: 4.3297205, Test MAE norm: 0.3075346
Epoch: 315, LR: 0.000387, Loss: 0.2683528, Validation MAE: 3.7961369, Test MAE: 4.3316250, Test MAE norm: 0.3076699
Epoch: 320, LR: 0.000387, Loss: 0.2677364, Validation MAE: 3.7915039, Test MAE: 4.3207474, Test MAE norm: 0.3068973
Epoch: 324, LR: 0.000387, Loss: 0.2657704, Validation MAE: 3.7901523, Test MAE: 4.3106375, Test MAE norm: 0.3061792
Epoch: 330, LR: 0.000387, Loss: 0.2659807, Validation MAE: 3.7901080, Test MAE: 4.3310695, Test MAE norm: 0.3076304
Epoch: 331, LR: 0.000387, Loss: 0.2656546, Validation MAE: 3.7790964, Test MAE: 4.3176751, Test MAE norm: 0.3066790
Epoch: 341, LR: 0.000387, Loss: 0.2695137, Validation MAE: 3.8105049, Test MAE: 4.3570380, Test MAE norm: 0.3094749
Epoch: 345, LR: 0.000349, Loss: 0.2696976, Validation MAE: 3.8032551, Test MAE: 4.3216028, Test MAE norm: 0.3069580
Epoch: 349, LR: 0.000349, Loss: 0.2688468, Validation MAE: 3.7960811, Test MAE: 4.3180962, Test MAE norm: 0.3067090
Epoch: 353, LR: 0.000349, Loss: 0.2662158, Validation MAE: 3.7658751, Test MAE: 4.2964745, Test MAE norm: 0.3051732
Epoch: 361, LR: 0.000349, Loss: 0.2667564, Validation MAE: 3.7631629, Test MAE: 4.3118544, Test MAE norm: 0.3062656
Epoch: 369, LR: 0.000349, Loss: 0.2650635, Validation MAE: 3.7586188, Test MAE: 4.3020177, Test MAE norm: 0.3055669
Epoch: 379, LR: 0.000349, Loss: 0.2655973, Validation MAE: 3.8318944, Test MAE: 4.3537254, Test MAE norm: 0.3092397
Epoch: 380, LR: 0.000349, Loss: 0.2679784, Validation MAE: 3.7809312, Test MAE: 4.3117723, Test MAE norm: 0.3062598
Epoch: 382, LR: 0.000314, Loss: 0.2659814, Validation MAE: 3.7626150, Test MAE: 4.3076591, Test MAE norm: 0.3059676
Epoch: 386, LR: 0.000314, Loss: 0.2640485, Validation MAE: 3.7622490, Test MAE: 4.2965055, Test MAE norm: 0.3051754
Epoch: 392, LR: 0.000282, Loss: 0.2657470, Validation MAE: 3.7377512, Test MAE: 4.2979746, Test MAE norm: 0.3052797
Epoch: 402, LR: 0.000282, Loss: 0.2620115, Validation MAE: 3.7693353, Test MAE: 4.3080039, Test MAE norm: 0.3059921
Epoch: 404, LR: 0.000254, Loss: 0.2631733, Validation MAE: 3.7489102, Test MAE: 4.3281589, Test MAE norm: 0.3074237
Epoch: 405, LR: 0.000254, Loss: 0.2618353, Validation MAE: 3.7406292, Test MAE: 4.3113003, Test MAE norm: 0.3062263
Epoch: 406, LR: 0.000254, Loss: 0.2620061, Validation MAE: 3.7397900, Test MAE: 4.3098159, Test MAE norm: 0.3061208
Epoch: 408, LR: 0.000254, Loss: 0.2635344, Validation MAE: 3.7370112, Test MAE: 4.3067813, Test MAE norm: 0.3059053
Epoch: 418, LR: 0.000254, Loss: 0.2623873, Validation MAE: 3.7667892, Test MAE: 4.3315768, Test MAE norm: 0.3076665
Epoch: 419, LR: 0.000254, Loss: 0.2629124, Validation MAE: 3.7597475, Test MAE: 4.3052092, Test MAE norm: 0.3057936
Epoch: 420, LR: 0.000229, Loss: 0.2631749, Validation MAE: 3.7410946, Test MAE: 4.3178048, Test MAE norm: 0.3066882
Epoch: 422, LR: 0.000229, Loss: 0.2634883, Validation MAE: 3.7284715, Test MAE: 4.2968011, Test MAE norm: 0.3051964
Epoch: 432, LR: 0.000229, Loss: 0.2624668, Validation MAE: 3.7477365, Test MAE: 4.3126698, Test MAE norm: 0.3063235
Epoch: 433, LR: 0.000229, Loss: 0.2625600, Validation MAE: 3.7400627, Test MAE: 4.3117995, Test MAE norm: 0.3062617
Epoch: 437, LR: 0.000206, Loss: 0.2614645, Validation MAE: 3.7351675, Test MAE: 4.3002801, Test MAE norm: 0.3054435
Epoch: 440, LR: 0.000206, Loss: 0.2615744, Validation MAE: 3.7346976, Test MAE: 4.3077068, Test MAE norm: 0.3059710
Epoch: 442, LR: 0.000206, Loss: 0.2621617, Validation MAE: 3.7316782, Test MAE: 4.3078713, Test MAE norm: 0.3059827
Epoch: 444, LR: 0.000206, Loss: 0.2614448, Validation MAE: 3.7186544, Test MAE: 4.2973261, Test MAE norm: 0.3052337
Epoch: 454, LR: 0.000206, Loss: 0.2619945, Validation MAE: 3.7681437, Test MAE: 4.3567500, Test MAE norm: 0.3094545
Epoch: 455, LR: 0.000206, Loss: 0.2630541, Validation MAE: 3.7587900, Test MAE: 4.3355107, Test MAE norm: 0.3079459
Epoch: 456, LR: 0.000185, Loss: 0.2625754, Validation MAE: 3.7363639, Test MAE: 4.2975473, Test MAE norm: 0.3052494
Epoch: 462, LR: 0.000185, Loss: 0.2616990, Validation MAE: 3.7183394, Test MAE: 4.3020401, Test MAE norm: 0.3055685
Epoch: 464, LR: 0.000185, Loss: 0.2609218, Validation MAE: 3.7153969, Test MAE: 4.2894669, Test MAE norm: 0.3046755
Epoch: 474, LR: 0.000185, Loss: 0.2609313, Validation MAE: 3.7358515, Test MAE: 4.3197069, Test MAE norm: 0.3068234
Epoch: 475, LR: 0.000185, Loss: 0.2611913, Validation MAE: 3.7245975, Test MAE: 4.3200693, Test MAE norm: 0.3068491
Epoch: 476, LR: 0.000167, Loss: 0.2607251, Validation MAE: 3.7215848, Test MAE: 4.2890387, Test MAE norm: 0.3046450
Epoch: 480, LR: 0.000167, Loss: 0.2609310, Validation MAE: 3.7166052, Test MAE: 4.2850475, Test MAE norm: 0.3043616
Epoch: 484, LR: 0.000167, Loss: 0.2620744, Validation MAE: 3.7146902, Test MAE: 4.2931991, Test MAE norm: 0.3049406
Epoch: 491, LR: 0.000167, Loss: 0.2607624, Validation MAE: 3.7137711, Test MAE: 4.3028708, Test MAE norm: 0.3056275
Epoch: 501, LR: 0.000167, Loss: 0.2606459, Validation MAE: 3.7340631, Test MAE: 4.2999358, Test MAE norm: 0.3054191
Epoch: 503, LR: 0.000150, Loss: 0.2618557, Validation MAE: 3.7212865, Test MAE: 4.2997952, Test MAE norm: 0.3054090
Epoch: 505, LR: 0.000150, Loss: 0.2604665, Validation MAE: 3.7081902, Test MAE: 4.2914219, Test MAE norm: 0.3048143
Epoch: 515, LR: 0.000150, Loss: 0.2595198, Validation MAE: 3.7016368, Test MAE: 4.2859879, Test MAE norm: 0.3044283
Epoch: 523, LR: 0.000150, Loss: 0.2597611, Validation MAE: 3.6996822, Test MAE: 4.2761369, Test MAE norm: 0.3037286
Epoch: 532, LR: 0.000150, Loss: 0.2596300, Validation MAE: 3.6942823, Test MAE: 4.2822075, Test MAE norm: 0.3041598
Epoch: 536, LR: 0.000150, Loss: 0.2599409, Validation MAE: 3.6936643, Test MAE: 4.2870436, Test MAE norm: 0.3045033
Epoch: 546, LR: 0.000150, Loss: 0.2593992, Validation MAE: 3.6873391, Test MAE: 4.2757297, Test MAE norm: 0.3036997
Epoch: 556, LR: 0.000150, Loss: 0.2591921, Validation MAE: 3.7136431, Test MAE: 4.2869062, Test MAE norm: 0.3044936
Epoch: 557, LR: 0.000150, Loss: 0.2592625, Validation MAE: 3.7007937, Test MAE: 4.2806106, Test MAE norm: 0.3040464
Epoch: 558, LR: 0.000135, Loss: 0.2586623, Validation MAE: 3.6869745, Test MAE: 4.2764764, Test MAE norm: 0.3037528
Epoch: 560, LR: 0.000135, Loss: 0.2589090, Validation MAE: 3.6862464, Test MAE: 4.2890730, Test MAE norm: 0.3046475
Epoch: 561, LR: 0.000135, Loss: 0.2582932, Validation MAE: 3.6844175, Test MAE: 4.2811389, Test MAE norm: 0.3040839
Epoch: 566, LR: 0.000135, Loss: 0.2580156, Validation MAE: 3.6837630, Test MAE: 4.2900019, Test MAE norm: 0.3047135
Epoch: 568, LR: 0.000135, Loss: 0.2587009, Validation MAE: 3.6818068, Test MAE: 4.2734871, Test MAE norm: 0.3035404
Epoch: 578, LR: 0.000135, Loss: 0.2583103, Validation MAE: 3.6887593, Test MAE: 4.2742047, Test MAE norm: 0.3035914
Epoch: 580, LR: 0.000122, Loss: 0.2588531, Validation MAE: 3.6818094, Test MAE: 4.2793965, Test MAE norm: 0.3039602
Epoch: 584, LR: 0.000122, Loss: 0.2586231, Validation MAE: 3.6805527, Test MAE: 4.2835007, Test MAE norm: 0.3042517
Epoch: 589, LR: 0.000122, Loss: 0.2585168, Validation MAE: 3.6749198, Test MAE: 4.2682409, Test MAE norm: 0.3031678
Epoch: 598, LR: 0.000122, Loss: 0.2574632, Validation MAE: 3.6713111, Test MAE: 4.2679291, Test MAE norm: 0.3031456
Epoch: 605, LR: 0.000122, Loss: 0.2569993, Validation MAE: 3.6706326, Test MAE: 4.2707963, Test MAE norm: 0.3033493
Epoch: 610, LR: 0.000122, Loss: 0.2569160, Validation MAE: 3.6703770, Test MAE: 4.2662930, Test MAE norm: 0.3030294
Epoch: 612, LR: 0.000122, Loss: 0.2570689, Validation MAE: 3.6689467, Test MAE: 4.2684684, Test MAE norm: 0.3031839
Epoch: 620, LR: 0.000122, Loss: 0.2571989, Validation MAE: 3.6658654, Test MAE: 4.2621059, Test MAE norm: 0.3027321
Epoch: 629, LR: 0.000122, Loss: 0.2570887, Validation MAE: 3.6599576, Test MAE: 4.2598062, Test MAE norm: 0.3025687
Epoch: 636, LR: 0.000122, Loss: 0.2570933, Validation MAE: 3.6569653, Test MAE: 4.2649608, Test MAE norm: 0.3029348
Epoch: 641, LR: 0.000122, Loss: 0.2570927, Validation MAE: 3.6539371, Test MAE: 4.2722039, Test MAE norm: 0.3034493
Epoch: 651, LR: 0.000122, Loss: 0.2570349, Validation MAE: 3.6753147, Test MAE: 4.2661219, Test MAE norm: 0.3030173
Epoch: 652, LR: 0.000122, Loss: 0.2574989, Validation MAE: 3.6728017, Test MAE: 4.2560186, Test MAE norm: 0.3022997
Epoch: 653, LR: 0.000109, Loss: 0.2575978, Validation MAE: 3.6578975, Test MAE: 4.2622290, Test MAE norm: 0.3027408
Epoch: 660, LR: 0.000109, Loss: 0.2575092, Validation MAE: 3.6571994, Test MAE: 4.2728539, Test MAE norm: 0.3034954
Epoch: 662, LR: 0.000109, Loss: 0.2577560, Validation MAE: 3.6544976, Test MAE: 4.2559433, Test MAE norm: 0.3022943
Epoch: 666, LR: 0.000098, Loss: 0.2570479, Validation MAE: 3.6538191, Test MAE: 4.2616076, Test MAE norm: 0.3026966
Epoch: 676, LR: 0.000089, Loss: 0.2571000, Validation MAE: 3.6593013, Test MAE: 4.2603903, Test MAE norm: 0.3026102
Epoch: 679, LR: 0.000089, Loss: 0.2569203, Validation MAE: 3.6511910, Test MAE: 4.2648516, Test MAE norm: 0.3029270
Epoch: 688, LR: 0.000089, Loss: 0.2567234, Validation MAE: 3.6498919, Test MAE: 4.2599654, Test MAE norm: 0.3025800
Epoch: 692, LR: 0.000089, Loss: 0.2562090, Validation MAE: 3.6482224, Test MAE: 4.2636566, Test MAE norm: 0.3028422
Epoch: 693, LR: 0.000089, Loss: 0.2558283, Validation MAE: 3.6444385, Test MAE: 4.2670150, Test MAE norm: 0.3030807
Epoch: 695, LR: 0.000089, Loss: 0.2561933, Validation MAE: 3.6436675, Test MAE: 4.2600965, Test MAE norm: 0.3025893
Epoch: 703, LR: 0.000089, Loss: 0.2562864, Validation MAE: 3.6423280, Test MAE: 4.2559099, Test MAE norm: 0.3022920
Epoch: 705, LR: 0.000089, Loss: 0.2568101, Validation MAE: 3.6388078, Test MAE: 4.2580833, Test MAE norm: 0.3024463
Epoch: 715, LR: 0.000089, Loss: 0.2555782, Validation MAE: 3.6505849, Test MAE: 4.2590966, Test MAE norm: 0.3025183
Epoch: 717, LR: 0.000080, Loss: 0.2564487, Validation MAE: 3.6452219, Test MAE: 4.2453604, Test MAE norm: 0.3015426
Epoch: 727, LR: 0.000080, Loss: 0.2560282, Validation MAE: 3.6416559, Test MAE: 4.2431555, Test MAE norm: 0.3013860
Epoch: 737, LR: 0.000072, Loss: 0.2550895, Validation MAE: 3.6384306, Test MAE: 4.2467303, Test MAE norm: 0.3016399
Epoch: 740, LR: 0.000072, Loss: 0.2550679, Validation MAE: 3.6382706, Test MAE: 4.2550335, Test MAE norm: 0.3022297
Epoch: 748, LR: 0.000072, Loss: 0.2551666, Validation MAE: 3.6375985, Test MAE: 4.2545543, Test MAE norm: 0.3021957
Epoch: 758, LR: 0.000072, Loss: 0.2552162, Validation MAE: 3.6452878, Test MAE: 4.2443099, Test MAE norm: 0.3014680
Epoch: 759, LR: 0.000072, Loss: 0.2552285, Validation MAE: 3.6429353, Test MAE: 4.2434812, Test MAE norm: 0.3014092
Epoch: 764, LR: 0.000065, Loss: 0.2547746, Validation MAE: 3.6425664, Test MAE: 4.2589865, Test MAE norm: 0.3025105
Epoch: 766, LR: 0.000065, Loss: 0.2548754, Validation MAE: 3.6423125, Test MAE: 4.2491789, Test MAE norm: 0.3018138
Epoch: 767, LR: 0.000065, Loss: 0.2547400, Validation MAE: 3.6392319, Test MAE: 4.2484517, Test MAE norm: 0.3017622
Epoch: 768, LR: 0.000065, Loss: 0.2547246, Validation MAE: 3.6362362, Test MAE: 4.2508659, Test MAE norm: 0.3019337
Epoch: 778, LR: 0.000065, Loss: 0.2549816, Validation MAE: 3.6415770, Test MAE: 4.2536707, Test MAE norm: 0.3021329
Epoch: 780, LR: 0.000058, Loss: 0.2545801, Validation MAE: 3.6398172, Test MAE: 4.2476211, Test MAE norm: 0.3017032
Epoch: 781, LR: 0.000058, Loss: 0.2545259, Validation MAE: 3.6361165, Test MAE: 4.2494898, Test MAE norm: 0.3018359
Epoch: 782, LR: 0.000058, Loss: 0.2544344, Validation MAE: 3.6338656, Test MAE: 4.2538099, Test MAE norm: 0.3021428
Epoch: 792, LR: 0.000058, Loss: 0.2542177, Validation MAE: 3.6366923, Test MAE: 4.2499127, Test MAE norm: 0.3018660
Epoch: 802, LR: 0.000052, Loss: 0.2544263, Validation MAE: 3.6371894, Test MAE: 4.2551475, Test MAE norm: 0.3022378
Epoch: 804, LR: 0.000052, Loss: 0.2544963, Validation MAE: 3.6366210, Test MAE: 4.2552299, Test MAE norm: 0.3022436
Epoch: 810, LR: 0.000047, Loss: 0.2545282, Validation MAE: 3.6348763, Test MAE: 4.2525554, Test MAE norm: 0.3020537
Epoch: 812, LR: 0.000047, Loss: 0.2549073, Validation MAE: 3.6348088, Test MAE: 4.2460055, Test MAE norm: 0.3015884
Epoch: 816, LR: 0.000042, Loss: 0.2540776, Validation MAE: 3.6335690, Test MAE: 4.2504797, Test MAE norm: 0.3019063
Epoch: 817, LR: 0.000042, Loss: 0.2543961, Validation MAE: 3.6313145, Test MAE: 4.2506204, Test MAE norm: 0.3019162
Epoch: 827, LR: 0.000042, Loss: 0.2540473, Validation MAE: 3.6362593, Test MAE: 4.2493086, Test MAE norm: 0.3018230
Epoch: 828, LR: 0.000042, Loss: 0.2540283, Validation MAE: 3.6327600, Test MAE: 4.2488236, Test MAE norm: 0.3017886
Epoch: 838, LR: 0.000038, Loss: 0.2541189, Validation MAE: 3.6353223, Test MAE: 4.2516232, Test MAE norm: 0.3019875
Epoch: 840, LR: 0.000034, Loss: 0.2541564, Validation MAE: 3.6345162, Test MAE: 4.2505789, Test MAE norm: 0.3019133
Epoch: 844, LR: 0.000034, Loss: 0.2540110, Validation MAE: 3.6336861, Test MAE: 4.2494140, Test MAE norm: 0.3018306
Epoch: 845, LR: 0.000034, Loss: 0.2539740, Validation MAE: 3.6327777, Test MAE: 4.2511816, Test MAE norm: 0.3019561
Epoch: 851, LR: 0.000031, Loss: 0.2538734, Validation MAE: 3.6323969, Test MAE: 4.2471766, Test MAE norm: 0.3016716
Epoch: 858, LR: 0.000031, Loss: 0.2537269, Validation MAE: 3.6323874, Test MAE: 4.2485113, Test MAE norm: 0.3017664
Epoch: 859, LR: 0.000031, Loss: 0.2538162, Validation MAE: 3.6308601, Test MAE: 4.2484412, Test MAE norm: 0.3017614
Epoch: 868, LR: 0.000031, Loss: 0.2538442, Validation MAE: 3.6302693, Test MAE: 4.2464690, Test MAE norm: 0.3016214
Epoch: 874, LR: 0.000031, Loss: 0.2538191, Validation MAE: 3.6298757, Test MAE: 4.2463479, Test MAE norm: 0.3016128
Epoch: 883, LR: 0.000031, Loss: 0.2538860, Validation MAE: 3.6292222, Test MAE: 4.2480750, Test MAE norm: 0.3017354
Epoch: 893, LR: 0.000031, Loss: 0.2536284, Validation MAE: 3.6328623, Test MAE: 4.2479072, Test MAE norm: 0.3017235
Epoch: 895, LR: 0.000028, Loss: 0.2536097, Validation MAE: 3.6309273, Test MAE: 4.2490387, Test MAE norm: 0.3018039
Epoch: 898, LR: 0.000028, Loss: 0.2536562, Validation MAE: 3.6305487, Test MAE: 4.2462540, Test MAE norm: 0.3016061
Epoch: 899, LR: 0.000028, Loss: 0.2535979, Validation MAE: 3.6286824, Test MAE: 4.2459950, Test MAE norm: 0.3015877
Epoch: 909, LR: 0.000028, Loss: 0.2538045, Validation MAE: 3.6351259, Test MAE: 4.2480884, Test MAE norm: 0.3017364
Epoch: 910, LR: 0.000028, Loss: 0.2537410, Validation MAE: 3.6302235, Test MAE: 4.2484598, Test MAE norm: 0.3017628
Epoch: 911, LR: 0.000025, Loss: 0.2536757, Validation MAE: 3.6292803, Test MAE: 4.2482567, Test MAE norm: 0.3017483
Epoch: 921, LR: 0.000025, Loss: 0.2535698, Validation MAE: 3.6287627, Test MAE: 4.2443681, Test MAE norm: 0.3014722
Epoch: 926, LR: 0.000023, Loss: 0.2534436, Validation MAE: 3.6278987, Test MAE: 4.2461390, Test MAE norm: 0.3015979
Epoch: 927, LR: 0.000023, Loss: 0.2535656, Validation MAE: 3.6277728, Test MAE: 4.2454195, Test MAE norm: 0.3015468
Epoch: 931, LR: 0.000023, Loss: 0.2534640, Validation MAE: 3.6272898, Test MAE: 4.2438307, Test MAE norm: 0.3014340
Epoch: 932, LR: 0.000023, Loss: 0.2535607, Validation MAE: 3.6268320, Test MAE: 4.2424388, Test MAE norm: 0.3013351
Epoch: 939, LR: 0.000023, Loss: 0.2537369, Validation MAE: 3.6257329, Test MAE: 4.2466607, Test MAE norm: 0.3016350
Epoch: 949, LR: 0.000023, Loss: 0.2535149, Validation MAE: 3.6358728, Test MAE: 4.2471027, Test MAE norm: 0.3016664
Epoch: 950, LR: 0.000023, Loss: 0.2535669, Validation MAE: 3.6335182, Test MAE: 4.2465377, Test MAE norm: 0.3016262
Epoch: 951, LR: 0.000020, Loss: 0.2534510, Validation MAE: 3.6289413, Test MAE: 4.2438474, Test MAE norm: 0.3014351
Epoch: 952, LR: 0.000020, Loss: 0.2534461, Validation MAE: 3.6259317, Test MAE: 4.2408538, Test MAE norm: 0.3012225
Epoch: 958, LR: 0.000020, Loss: 0.2534710, Validation MAE: 3.6256402, Test MAE: 4.2423263, Test MAE norm: 0.3013271
Epoch: 959, LR: 0.000020, Loss: 0.2533853, Validation MAE: 3.6246822, Test MAE: 4.2409158, Test MAE norm: 0.3012269
Epoch: 969, LR: 0.000020, Loss: 0.2533868, Validation MAE: 3.6300781, Test MAE: 4.2421827, Test MAE norm: 0.3013169
Epoch: 970, LR: 0.000020, Loss: 0.2534808, Validation MAE: 3.6287451, Test MAE: 4.2421017, Test MAE norm: 0.3013112
Epoch: 972, LR: 0.000018, Loss: 0.2534503, Validation MAE: 3.6280985, Test MAE: 4.2441583, Test MAE norm: 0.3014572
Epoch: 977, LR: 0.000018, Loss: 0.2534401, Validation MAE: 3.6280274, Test MAE: 4.2411289, Test MAE norm: 0.3012421
Epoch: 978, LR: 0.000018, Loss: 0.2533366, Validation MAE: 3.6280162, Test MAE: 4.2420993, Test MAE norm: 0.3013110
Epoch: 984, LR: 0.000016, Loss: 0.2533318, Validation MAE: 3.6278093, Test MAE: 4.2428842, Test MAE norm: 0.3013667
Epoch: 985, LR: 0.000016, Loss: 0.2533077, Validation MAE: 3.6275353, Test MAE: 4.2433558, Test MAE norm: 0.3014002
Epoch: 989, LR: 0.000016, Loss: 0.2532991, Validation MAE: 3.6260231, Test MAE: 4.2412472, Test MAE norm: 0.3012505
Epoch: 996, LR: 0.000015, Loss: 0.2533129, Validation MAE: 3.6252146, Test MAE: 4.2413549, Test MAE norm: 0.3012581
Epoch: 1006, LR: 0.000013, Loss: 0.2532997, Validation MAE: 3.6298921, Test MAE: 4.2430382, Test MAE norm: 0.3013777
Epoch: 1007, LR: 0.000013, Loss: 0.2532511, Validation MAE: 3.6289585, Test MAE: 4.2430472, Test MAE norm: 0.3013783
Epoch: 1008, LR: 0.000013, Loss: 0.2532997, Validation MAE: 3.6272912, Test MAE: 4.2426023, Test MAE norm: 0.3013467
Epoch: 1009, LR: 0.000013, Loss: 0.2532693, Validation MAE: 3.6267948, Test MAE: 4.2436476, Test MAE norm: 0.3014210
Epoch: 1014, LR: 0.000013, Loss: 0.2532371, Validation MAE: 3.6254802, Test MAE: 4.2413654, Test MAE norm: 0.3012589
Epoch: 1024, LR: 0.000012, Loss: 0.2531967, Validation MAE: 3.6275575, Test MAE: 4.2419043, Test MAE norm: 0.3012971
Epoch: 1025, LR: 0.000012, Loss: 0.2532616, Validation MAE: 3.6268845, Test MAE: 4.2422643, Test MAE norm: 0.3013227
Epoch: 1035, LR: 0.000011, Loss: 0.2532277, Validation MAE: 3.6296816, Test MAE: 4.2429953, Test MAE norm: 0.3013746
Epoch: 1036, LR: 0.000011, Loss: 0.2531962, Validation MAE: 3.6285260, Test MAE: 4.2425876, Test MAE norm: 0.3013457
Epoch: 1037, LR: 0.000010, Loss: 0.2532034, Validation MAE: 3.6275618, Test MAE: 4.2420683, Test MAE norm: 0.3013088
Epoch: 1042, LR: 0.000010, Loss: 0.2531765, Validation MAE: 3.6275382, Test MAE: 4.2418466, Test MAE norm: 0.3012930
Epoch: 1043, LR: 0.000010, Loss: 0.2531446, Validation MAE: 3.6267743, Test MAE: 4.2417140, Test MAE norm: 0.3012836
Epoch: 1053, LR: 0.000010, Loss: 0.2532228, Validation MAE: 3.6293249, Test MAE: 4.2414789, Test MAE norm: 0.3012669
Epoch: 1054, LR: 0.000010, Loss: 0.2532192, Validation MAE: 3.6285985, Test MAE: 4.2413230, Test MAE norm: 0.3012559
Epoch: 1056, LR: 0.000010, Loss: 0.2532165, Validation MAE: 3.6280532, Test MAE: 4.2419515, Test MAE norm: 0.3013005
Epoch: 1057, LR: 0.000010, Loss: 0.2531815, Validation MAE: 3.6280129, Test MAE: 4.2433677, Test MAE norm: 0.3014011
Epoch: 1061, LR: 0.000010, Loss: 0.2531656, Validation MAE: 3.6272726, Test MAE: 4.2414489, Test MAE norm: 0.3012648
Epoch: 1065, LR: 0.000010, Loss: 0.2531567, Validation MAE: 3.6267989, Test MAE: 4.2417598, Test MAE norm: 0.3012869
Epoch: 1066, LR: 0.000010, Loss: 0.2531456, Validation MAE: 3.6265287, Test MAE: 4.2419009, Test MAE norm: 0.3012969
Epoch: 1076, LR: 0.000010, Loss: 0.2531613, Validation MAE: 3.6267159, Test MAE: 4.2402620, Test MAE norm: 0.3011805
Epoch: 1077, LR: 0.000010, Loss: 0.2531402, Validation MAE: 3.6263006, Test MAE: 4.2406354, Test MAE norm: 0.3012070
Epoch: 1082, LR: 0.000010, Loss: 0.2531516, Validation MAE: 3.6253238, Test MAE: 4.2423844, Test MAE norm: 0.3013313
Epoch: 1090, LR: 0.000010, Loss: 0.2531800, Validation MAE: 3.6252141, Test MAE: 4.2409334, Test MAE norm: 0.3012282
Epoch: 1100, LR: 0.000010, Loss: 0.2532393, Validation MAE: 3.6262765, Test MAE: 4.2410665, Test MAE norm: 0.3012376
Epoch: 1106, LR: 0.000010, Loss: 0.2532632, Validation MAE: 3.6254752, Test MAE: 4.2385936, Test MAE norm: 0.3010620
Epoch: 1116, LR: 0.000010, Loss: 0.2530938, Validation MAE: 3.6300468, Test MAE: 4.2409649, Test MAE norm: 0.3012304
Epoch: 1117, LR: 0.000010, Loss: 0.2531453, Validation MAE: 3.6292577, Test MAE: 4.2403088, Test MAE norm: 0.3011838
Epoch: 1118, LR: 0.000010, Loss: 0.2530823, Validation MAE: 3.6267579, Test MAE: 4.2389512, Test MAE norm: 0.3010874
Epoch: 1119, LR: 0.000010, Loss: 0.2530909, Validation MAE: 3.6267149, Test MAE: 4.2395105, Test MAE norm: 0.3011271
Epoch: 1124, LR: 0.000010, Loss: 0.2530578, Validation MAE: 3.6266088, Test MAE: 4.2388692, Test MAE norm: 0.3010816
Epoch: 1130, LR: 0.000010, Loss: 0.2530818, Validation MAE: 3.6265647, Test MAE: 4.2410159, Test MAE norm: 0.3012340
Epoch: 1134, LR: 0.000010, Loss: 0.2530811, Validation MAE: 3.6265178, Test MAE: 4.2399788, Test MAE norm: 0.3011604
Epoch: 1144, LR: 0.000010, Loss: 0.2530583, Validation MAE: 3.6288221, Test MAE: 4.2396641, Test MAE norm: 0.3011380
Epoch: 1145, LR: 0.000010, Loss: 0.2531079, Validation MAE: 3.6268127, Test MAE: 4.2387176, Test MAE norm: 0.3010708
Epoch: 1146, LR: 0.000010, Loss: 0.2530782, Validation MAE: 3.6249604, Test MAE: 4.2395949, Test MAE norm: 0.3011331
Epoch: 1156, LR: 0.000010, Loss: 0.2530791, Validation MAE: 3.6262670, Test MAE: 4.2391906, Test MAE norm: 0.3011044
Epoch: 1161, LR: 0.000010, Loss: 0.2530394, Validation MAE: 3.6259532, Test MAE: 4.2385759, Test MAE norm: 0.3010607
Epoch: 1164, LR: 0.000010, Loss: 0.2530928, Validation MAE: 3.6256442, Test MAE: 4.2399182, Test MAE norm: 0.3011561
Epoch: 1165, LR: 0.000010, Loss: 0.2530599, Validation MAE: 3.6255724, Test MAE: 4.2398572, Test MAE norm: 0.3011518
Epoch: 1174, LR: 0.000010, Loss: 0.2530201, Validation MAE: 3.6250796, Test MAE: 4.2382474, Test MAE norm: 0.3010374
Epoch: 1175, LR: 0.000010, Loss: 0.2530788, Validation MAE: 3.6250396, Test MAE: 4.2391753, Test MAE norm: 0.3011033
Epoch: 1185, LR: 0.000010, Loss: 0.2530641, Validation MAE: 3.6253417, Test MAE: 4.2387409, Test MAE norm: 0.3010724
Epoch: 1193, LR: 0.000010, Loss: 0.2530436, Validation MAE: 3.6252830, Test MAE: 4.2379413, Test MAE norm: 0.3010156
Epoch: 1194, LR: 0.000010, Loss: 0.2530171, Validation MAE: 3.6248982, Test MAE: 4.2379875, Test MAE norm: 0.3010190
Epoch: 1204, LR: 0.000010, Loss: 0.2530417, Validation MAE: 3.6287887, Test MAE: 4.2384663, Test MAE norm: 0.3010530
Epoch: 1206, LR: 0.000010, Loss: 0.2530125, Validation MAE: 3.6281521, Test MAE: 4.2377987, Test MAE norm: 0.3010055
Epoch: 1207, LR: 0.000010, Loss: 0.2530341, Validation MAE: 3.6274889, Test MAE: 4.2379756, Test MAE norm: 0.3010181
Epoch: 1208, LR: 0.000010, Loss: 0.2530018, Validation MAE: 3.6256719, Test MAE: 4.2387242, Test MAE norm: 0.3010713
Epoch: 1218, LR: 0.000010, Loss: 0.2530835, Validation MAE: 3.6296873, Test MAE: 4.2396226, Test MAE norm: 0.3011351
Epoch: 1219, LR: 0.000010, Loss: 0.2530117, Validation MAE: 3.6259124, Test MAE: 4.2393923, Test MAE norm: 0.3011187
Epoch: 1225, LR: 0.000010, Loss: 0.2529711, Validation MAE: 3.6252315, Test MAE: 4.2361412, Test MAE norm: 0.3008878
Epoch: 1235, LR: 0.000010, Loss: 0.2529792, Validation MAE: 3.6285746, Test MAE: 4.2379827, Test MAE norm: 0.3010186
Epoch: 1236, LR: 0.000010, Loss: 0.2529583, Validation MAE: 3.6269639, Test MAE: 4.2374220, Test MAE norm: 0.3009788
Epoch: 1237, LR: 0.000010, Loss: 0.2529379, Validation MAE: 3.6251798, Test MAE: 4.2370238, Test MAE norm: 0.3009505
Epoch: 1247, LR: 0.000010, Loss: 0.2529877, Validation MAE: 3.6287010, Test MAE: 4.2389207, Test MAE norm: 0.3010852
Epoch: 1248, LR: 0.000010, Loss: 0.2529676, Validation MAE: 3.6279087, Test MAE: 4.2375989, Test MAE norm: 0.3009913
Epoch: 1249, LR: 0.000010, Loss: 0.2529306, Validation MAE: 3.6278777, Test MAE: 4.2372837, Test MAE norm: 0.3009689
Epoch: 1251, LR: 0.000010, Loss: 0.2529335, Validation MAE: 3.6264751, Test MAE: 4.2358594, Test MAE norm: 0.3008678
Epoch: 1256, LR: 0.000010, Loss: 0.2529615, Validation MAE: 3.6263161, Test MAE: 4.2371259, Test MAE norm: 0.3009577
Epoch: 1257, LR: 0.000010, Loss: 0.2529267, Validation MAE: 3.6263118, Test MAE: 4.2370667, Test MAE norm: 0.3009535
Epoch: 1261, LR: 0.000010, Loss: 0.2529308, Validation MAE: 3.6259196, Test MAE: 4.2367835, Test MAE norm: 0.3009334
Epoch: 1262, LR: 0.000010, Loss: 0.2529025, Validation MAE: 3.6256568, Test MAE: 4.2367277, Test MAE norm: 0.3009295
Epoch: 1272, LR: 0.000010, Loss: 0.2529354, Validation MAE: 3.6261506, Test MAE: 4.2363811, Test MAE norm: 0.3009048
Epoch: 1282, LR: 0.000010, Loss: 0.2529390, Validation MAE: 3.6313426, Test MAE: 4.2385535, Test MAE norm: 0.3010592
Epoch: 1283, LR: 0.000010, Loss: 0.2529482, Validation MAE: 3.6291571, Test MAE: 4.2372994, Test MAE norm: 0.3009701
Epoch: 1284, LR: 0.000010, Loss: 0.2528961, Validation MAE: 3.6262603, Test MAE: 4.2360902, Test MAE norm: 0.3008842
Epoch: 1285, LR: 0.000010, Loss: 0.2528901, Validation MAE: 3.6254814, Test MAE: 4.2347627, Test MAE norm: 0.3007899
Epoch: 1295, LR: 0.000010, Loss: 0.2528962, Validation MAE: 3.6289704, Test MAE: 4.2372003, Test MAE norm: 0.3009630
Epoch: 1296, LR: 0.000010, Loss: 0.2528818, Validation MAE: 3.6275055, Test MAE: 4.2366834, Test MAE norm: 0.3009263
Epoch: 1297, LR: 0.000010, Loss: 0.2528453, Validation MAE: 3.6270638, Test MAE: 4.2363968, Test MAE norm: 0.3009059
Epoch: 1298, LR: 0.000010, Loss: 0.2528724, Validation MAE: 3.6269639, Test MAE: 4.2352009, Test MAE norm: 0.3008210
Epoch: 1308, LR: 0.000010, Loss: 0.2528656, Validation MAE: 3.6277165, Test MAE: 4.2362266, Test MAE norm: 0.3008939
Epoch: 1309, LR: 0.000010, Loss: 0.2528601, Validation MAE: 3.6268845, Test MAE: 4.2361212, Test MAE norm: 0.3008864
Epoch: 1314, LR: 0.000010, Loss: 0.2528681, Validation MAE: 3.6255481, Test MAE: 4.2354784, Test MAE norm: 0.3008407
Epoch: 1324, LR: 0.000010, Loss: 0.2528179, Validation MAE: 3.6262188, Test MAE: 4.2342377, Test MAE norm: 0.3007526
Epoch: 1329, LR: 0.000010, Loss: 0.2528588, Validation MAE: 3.6255767, Test MAE: 4.2341051, Test MAE norm: 0.3007432
Epoch: 1339, LR: 0.000010, Loss: 0.2528377, Validation MAE: 3.6264913, Test MAE: 4.2351027, Test MAE norm: 0.3008140
Epoch: 1340, LR: 0.000010, Loss: 0.2528743, Validation MAE: 3.6253242, Test MAE: 4.2346263, Test MAE norm: 0.3007802
Epoch: 1349, LR: 0.000010, Loss: 0.2528773, Validation MAE: 3.6251445, Test MAE: 4.2340374, Test MAE norm: 0.3007384
Epoch: 1359, LR: 0.000010, Loss: 0.2528540, Validation MAE: 3.6303906, Test MAE: 4.2338705, Test MAE norm: 0.3007265
Epoch: 1360, LR: 0.000010, Loss: 0.2528841, Validation MAE: 3.6266613, Test MAE: 4.2326713, Test MAE norm: 0.3006413
Epoch: 1361, LR: 0.000010, Loss: 0.2528879, Validation MAE: 3.6255529, Test MAE: 4.2331057, Test MAE norm: 0.3006722
Epoch: 1362, LR: 0.000010, Loss: 0.2528011, Validation MAE: 3.6248534, Test MAE: 4.2336063, Test MAE norm: 0.3007078
Epoch: 1372, LR: 0.000010, Loss: 0.2528408, Validation MAE: 3.6260769, Test MAE: 4.2338300, Test MAE norm: 0.3007236
Epoch: 1382, LR: 0.000010, Loss: 0.2528218, Validation MAE: 3.6281354, Test MAE: 4.2339454, Test MAE norm: 0.3007318
Epoch: 1385, LR: 0.000010, Loss: 0.2528156, Validation MAE: 3.6278329, Test MAE: 4.2339706, Test MAE norm: 0.3007336
Epoch: 1395, LR: 0.000010, Loss: 0.2527686, Validation MAE: 3.6265979, Test MAE: 4.2337470, Test MAE norm: 0.3007177
Epoch: 1396, LR: 0.000010, Loss: 0.2528066, Validation MAE: 3.6265178, Test MAE: 4.2332621, Test MAE norm: 0.3006833
Epoch: 1406, LR: 0.000010, Loss: 0.2527459, Validation MAE: 3.6266832, Test MAE: 4.2317657, Test MAE norm: 0.3005770
Epoch: 1415, LR: 0.000010, Loss: 0.2527056, Validation MAE: 3.6265259, Test MAE: 4.2329941, Test MAE norm: 0.3006643
Epoch: 1423, LR: 0.000010, Loss: 0.2527787, Validation MAE: 3.6257679, Test MAE: 4.2324843, Test MAE norm: 0.3006281
Epoch: 1428, LR: 0.000010, Loss: 0.2527385, Validation MAE: 3.6255028, Test MAE: 4.2316890, Test MAE norm: 0.3005716
Epoch: 1429, LR: 0.000010, Loss: 0.2527149, Validation MAE: 3.6240876, Test MAE: 4.2316694, Test MAE norm: 0.3005702
Epoch: 1439, LR: 0.000010, Loss: 0.2527048, Validation MAE: 3.6283488, Test MAE: 4.2339091, Test MAE norm: 0.3007292
Epoch: 1441, LR: 0.000010, Loss: 0.2527417, Validation MAE: 3.6269648, Test MAE: 4.2318416, Test MAE norm: 0.3005824
Epoch: 1442, LR: 0.000010, Loss: 0.2527168, Validation MAE: 3.6257911, Test MAE: 4.2316031, Test MAE norm: 0.3005655
Epoch: 1452, LR: 0.000010, Loss: 0.2526767, Validation MAE: 3.6279562, Test MAE: 4.2336307, Test MAE norm: 0.3007095
Epoch: 1453, LR: 0.000010, Loss: 0.2527033, Validation MAE: 3.6278055, Test MAE: 4.2336969, Test MAE norm: 0.3007142
Epoch: 1454, LR: 0.000010, Loss: 0.2526816, Validation MAE: 3.6275823, Test MAE: 4.2336788, Test MAE norm: 0.3007129
Epoch: 1458, LR: 0.000010, Loss: 0.2526597, Validation MAE: 3.6268334, Test MAE: 4.2327905, Test MAE norm: 0.3006498
Epoch: 1462, LR: 0.000010, Loss: 0.2526484, Validation MAE: 3.6262107, Test MAE: 4.2323251, Test MAE norm: 0.3006167
Epoch: 1472, LR: 0.000010, Loss: 0.2527351, Validation MAE: 3.6299303, Test MAE: 4.2324433, Test MAE norm: 0.3006251
Epoch: 1474, LR: 0.000010, Loss: 0.2527322, Validation MAE: 3.6283350, Test MAE: 4.2321172, Test MAE norm: 0.3006020
Epoch: 1475, LR: 0.000010, Loss: 0.2526802, Validation MAE: 3.6267843, Test MAE: 4.2325397, Test MAE norm: 0.3006320
Epoch: 1479, LR: 0.000010, Loss: 0.2526817, Validation MAE: 3.6259782, Test MAE: 4.2305675, Test MAE norm: 0.3004919
Epoch: 1480, LR: 0.000010, Loss: 0.2527010, Validation MAE: 3.6256137, Test MAE: 4.2308064, Test MAE norm: 0.3005089
Epoch: 1490, LR: 0.000010, Loss: 0.2526197, Validation MAE: 3.6252151, Test MAE: 4.2307186, Test MAE norm: 0.3005026
Epoch: 1500, LR: 0.000010, Loss: 0.2526015, Validation MAE: 3.6287258, Test MAE: 4.2322807, Test MAE norm: 0.3006136
Epoch: 1501, LR: 0.000010, Loss: 0.2526520, Validation MAE: 3.6268640, Test MAE: 4.2322688, Test MAE norm: 0.3006127
Epoch: 1502, LR: 0.000010, Loss: 0.2526452, Validation MAE: 3.6264017, Test MAE: 4.2327075, Test MAE norm: 0.3006439
Epoch: 1510, LR: 0.000010, Loss: 0.2526434, Validation MAE: 3.6251323, Test MAE: 4.2307758, Test MAE norm: 0.3005067
Epoch: 1511, LR: 0.000010, Loss: 0.2526177, Validation MAE: 3.6242030, Test MAE: 4.2301488, Test MAE norm: 0.3004622
Epoch: 1521, LR: 0.000010, Loss: 0.2526198, Validation MAE: 3.6267993, Test MAE: 4.2306809, Test MAE norm: 0.3005000
Epoch: 1522, LR: 0.000010, Loss: 0.2525926, Validation MAE: 3.6249373, Test MAE: 4.2305603, Test MAE norm: 0.3004914
Epoch: 1532, LR: 0.000010, Loss: 0.2526234, Validation MAE: 3.6292555, Test MAE: 4.2316723, Test MAE norm: 0.3005704
Epoch: 1534, LR: 0.000010, Loss: 0.2526541, Validation MAE: 3.6278429, Test MAE: 4.2315087, Test MAE norm: 0.3005587
Epoch: 1535, LR: 0.000010, Loss: 0.2526570, Validation MAE: 3.6260252, Test MAE: 4.2302251, Test MAE norm: 0.3004676
Epoch: 1536, LR: 0.000010, Loss: 0.2526384, Validation MAE: 3.6250737, Test MAE: 4.2293348, Test MAE norm: 0.3004043
Epoch: 1546, LR: 0.000010, Loss: 0.2525952, Validation MAE: 3.6284282, Test MAE: 4.2327180, Test MAE norm: 0.3006447
Epoch: 1547, LR: 0.000010, Loss: 0.2525519, Validation MAE: 3.6259782, Test MAE: 4.2318015, Test MAE norm: 0.3005795
Epoch: 1552, LR: 0.000010, Loss: 0.2525912, Validation MAE: 3.6239672, Test MAE: 4.2301321, Test MAE norm: 0.3004610
Epoch: 1561, LR: 0.000010, Loss: 0.2526481, Validation MAE: 3.6239235, Test MAE: 4.2299600, Test MAE norm: 0.3004487
Epoch: 1562, LR: 0.000010, Loss: 0.2526059, Validation MAE: 3.6229274, Test MAE: 4.2301230, Test MAE norm: 0.3004603
Epoch: 1572, LR: 0.000010, Loss: 0.2525728, Validation MAE: 3.6253977, Test MAE: 4.2294183, Test MAE norm: 0.3004103
Epoch: 1579, LR: 0.000010, Loss: 0.2525801, Validation MAE: 3.6243911, Test MAE: 4.2308593, Test MAE norm: 0.3005126
Epoch: 1589, LR: 0.000010, Loss: 0.2525397, Validation MAE: 3.6244204, Test MAE: 4.2297034, Test MAE norm: 0.3004305
Epoch: 1599, LR: 0.000010, Loss: 0.2524806, Validation MAE: 3.6252720, Test MAE: 4.2291765, Test MAE norm: 0.3003931
Epoch: 1609, LR: 0.000010, Loss: 0.2525328, Validation MAE: 3.6263316, Test MAE: 4.2278867, Test MAE norm: 0.3003015
Epoch: 1610, LR: 0.000010, Loss: 0.2526055, Validation MAE: 3.6251113, Test MAE: 4.2285347, Test MAE norm: 0.3003475
Epoch: 1614, LR: 0.000010, Loss: 0.2524960, Validation MAE: 3.6236978, Test MAE: 4.2285318, Test MAE norm: 0.3003473
Epoch: 1621, LR: 0.000010, Loss: 0.2524785, Validation MAE: 3.6226931, Test MAE: 4.2280469, Test MAE norm: 0.3003129
Epoch: 1631, LR: 0.000010, Loss: 0.2525079, Validation MAE: 3.6249108, Test MAE: 4.2272992, Test MAE norm: 0.3002598
Epoch: 1634, LR: 0.000010, Loss: 0.2524984, Validation MAE: 3.6245584, Test MAE: 4.2291155, Test MAE norm: 0.3003888
Epoch: 1644, LR: 0.000010, Loss: 0.2524444, Validation MAE: 3.6261296, Test MAE: 4.2276592, Test MAE norm: 0.3002853
Epoch: 1645, LR: 0.000010, Loss: 0.2524390, Validation MAE: 3.6238351, Test MAE: 4.2279201, Test MAE norm: 0.3003038
Epoch: 1649, LR: 0.000010, Loss: 0.2524131, Validation MAE: 3.6234927, Test MAE: 4.2279830, Test MAE norm: 0.3003083
Epoch: 1659, LR: 0.000010, Loss: 0.2524222, Validation MAE: 3.6245744, Test MAE: 4.2270398, Test MAE norm: 0.3002414
Epoch: 1660, LR: 0.000010, Loss: 0.2524457, Validation MAE: 3.6242294, Test MAE: 4.2274780, Test MAE norm: 0.3002725
Epoch: 1670, LR: 0.000010, Loss: 0.2524244, Validation MAE: 3.6281388, Test MAE: 4.2289200, Test MAE norm: 0.3003749
Epoch: 1672, LR: 0.000010, Loss: 0.2524985, Validation MAE: 3.6263113, Test MAE: 4.2267199, Test MAE norm: 0.3002186
Epoch: 1673, LR: 0.000010, Loss: 0.2524014, Validation MAE: 3.6250031, Test MAE: 4.2260804, Test MAE norm: 0.3001732
Epoch: 1675, LR: 0.000010, Loss: 0.2525069, Validation MAE: 3.6247065, Test MAE: 4.2281632, Test MAE norm: 0.3003211
Epoch: 1679, LR: 0.000010, Loss: 0.2523990, Validation MAE: 3.6237180, Test MAE: 4.2252092, Test MAE norm: 0.3001113
Epoch: 1680, LR: 0.000010, Loss: 0.2524823, Validation MAE: 3.6231787, Test MAE: 4.2256036, Test MAE norm: 0.3001393
Epoch: 1686, LR: 0.000010, Loss: 0.2524342, Validation MAE: 3.6219330, Test MAE: 4.2264915, Test MAE norm: 0.3002024
Epoch: 1696, LR: 0.000010, Loss: 0.2524136, Validation MAE: 3.6267641, Test MAE: 4.2260013, Test MAE norm: 0.3001676
Epoch: 1697, LR: 0.000010, Loss: 0.2525263, Validation MAE: 3.6250749, Test MAE: 4.2249398, Test MAE norm: 0.3000922
Epoch: 1702, LR: 0.000010, Loss: 0.2525301, Validation MAE: 3.6244464, Test MAE: 4.2286239, Test MAE norm: 0.3003539
Epoch: 1706, LR: 0.000010, Loss: 0.2524153, Validation MAE: 3.6241245, Test MAE: 4.2246466, Test MAE norm: 0.3000714
Epoch: 1707, LR: 0.000010, Loss: 0.2524309, Validation MAE: 3.6240940, Test MAE: 4.2248893, Test MAE norm: 0.3000886
Epoch: 1712, LR: 0.000010, Loss: 0.2523842, Validation MAE: 3.6238871, Test MAE: 4.2283816, Test MAE norm: 0.3003367
Epoch: 1722, LR: 0.000010, Loss: 0.2524806, Validation MAE: 3.6274531, Test MAE: 4.2266936, Test MAE norm: 0.3002167
Epoch: 1723, LR: 0.000010, Loss: 0.2524373, Validation MAE: 3.6253157, Test MAE: 4.2257414, Test MAE norm: 0.3001491
Epoch: 1724, LR: 0.000010, Loss: 0.2523821, Validation MAE: 3.6230969, Test MAE: 4.2256775, Test MAE norm: 0.3001446
Epoch: 1725, LR: 0.000010, Loss: 0.2523758, Validation MAE: 3.6225810, Test MAE: 4.2262869, Test MAE norm: 0.3001879
Epoch: 1735, LR: 0.000010, Loss: 0.2524613, Validation MAE: 3.6260130, Test MAE: 4.2256684, Test MAE norm: 0.3001439
Epoch: 1736, LR: 0.000010, Loss: 0.2525017, Validation MAE: 3.6242735, Test MAE: 4.2264872, Test MAE norm: 0.3002021
Epoch: 1741, LR: 0.000010, Loss: 0.2523831, Validation MAE: 3.6230869, Test MAE: 4.2256246, Test MAE norm: 0.3001408
Epoch: 1742, LR: 0.000010, Loss: 0.2523974, Validation MAE: 3.6227417, Test MAE: 4.2265439, Test MAE norm: 0.3002061
Epoch: 1746, LR: 0.000010, Loss: 0.2523444, Validation MAE: 3.6225910, Test MAE: 4.2246971, Test MAE norm: 0.3000749
Epoch: 1752, LR: 0.000010, Loss: 0.2522855, Validation MAE: 3.6223195, Test MAE: 4.2248507, Test MAE norm: 0.3000858
Epoch: 1760, LR: 0.000010, Loss: 0.2524296, Validation MAE: 3.6222494, Test MAE: 4.2256880, Test MAE norm: 0.3001453
Epoch: 1761, LR: 0.000010, Loss: 0.2522975, Validation MAE: 3.6208968, Test MAE: 4.2253876, Test MAE norm: 0.3001240
Epoch: 1771, LR: 0.000010, Loss: 0.2522977, Validation MAE: 3.6248412, Test MAE: 4.2243524, Test MAE norm: 0.3000504
Epoch: 1772, LR: 0.000010, Loss: 0.2523294, Validation MAE: 3.6231797, Test MAE: 4.2241921, Test MAE norm: 0.3000391
Epoch: 1777, LR: 0.000010, Loss: 0.2523718, Validation MAE: 3.6225204, Test MAE: 4.2244525, Test MAE norm: 0.3000576
Epoch: 1778, LR: 0.000010, Loss: 0.2524250, Validation MAE: 3.6216810, Test MAE: 4.2247267, Test MAE norm: 0.3000771
Epoch: 1788, LR: 0.000010, Loss: 0.2523909, Validation MAE: 3.6277020, Test MAE: 4.2247405, Test MAE norm: 0.3000780
Epoch: 1789, LR: 0.000010, Loss: 0.2524174, Validation MAE: 3.6252511, Test MAE: 4.2243428, Test MAE norm: 0.3000498
Epoch: 1790, LR: 0.000010, Loss: 0.2523366, Validation MAE: 3.6229103, Test MAE: 4.2242789, Test MAE norm: 0.3000452
Epoch: 1791, LR: 0.000010, Loss: 0.2522797, Validation MAE: 3.6227694, Test MAE: 4.2251325, Test MAE norm: 0.3001059
Epoch: 1796, LR: 0.000010, Loss: 0.2522439, Validation MAE: 3.6206043, Test MAE: 4.2235084, Test MAE norm: 0.2999905
Epoch: 1806, LR: 0.000010, Loss: 0.2523026, Validation MAE: 3.6246994, Test MAE: 4.2240486, Test MAE norm: 0.3000289
Epoch: 1808, LR: 0.000010, Loss: 0.2522583, Validation MAE: 3.6242321, Test MAE: 4.2249942, Test MAE norm: 0.3000960
Epoch: 1809, LR: 0.000010, Loss: 0.2522759, Validation MAE: 3.6221652, Test MAE: 4.2241817, Test MAE norm: 0.3000383
Epoch: 1818, LR: 0.000010, Loss: 0.2522160, Validation MAE: 3.6219549, Test MAE: 4.2233505, Test MAE norm: 0.2999793
Epoch: 1823, LR: 0.000010, Loss: 0.2522683, Validation MAE: 3.6198671, Test MAE: 4.2230763, Test MAE norm: 0.2999598
Epoch: 1833, LR: 0.000010, Loss: 0.2523125, Validation MAE: 3.6213028, Test MAE: 4.2231216, Test MAE norm: 0.2999630
Epoch: 1843, LR: 0.000010, Loss: 0.2522596, Validation MAE: 3.6218085, Test MAE: 4.2235661, Test MAE norm: 0.2999946
Epoch: 1853, LR: 0.000010, Loss: 0.2524138, Validation MAE: 3.6275308, Test MAE: 4.2235126, Test MAE norm: 0.2999908
Epoch: 1854, LR: 0.000010, Loss: 0.2524495, Validation MAE: 3.6243474, Test MAE: 4.2241483, Test MAE norm: 0.3000360
Epoch: 1855, LR: 0.000010, Loss: 0.2522297, Validation MAE: 3.6231759, Test MAE: 4.2243943, Test MAE norm: 0.3000534
Epoch: 1856, LR: 0.000010, Loss: 0.2524045, Validation MAE: 3.6213861, Test MAE: 4.2235694, Test MAE norm: 0.2999948
Epoch: 1860, LR: 0.000010, Loss: 0.2522998, Validation MAE: 3.6212990, Test MAE: 4.2221055, Test MAE norm: 0.2998908
Epoch: 1866, LR: 0.000010, Loss: 0.2521851, Validation MAE: 3.6208565, Test MAE: 4.2219901, Test MAE norm: 0.2998827
Epoch: 1872, LR: 0.000010, Loss: 0.2522572, Validation MAE: 3.6207767, Test MAE: 4.2224970, Test MAE norm: 0.2999187
Epoch: 1882, LR: 0.000010, Loss: 0.2522356, Validation MAE: 3.6242199, Test MAE: 4.2222919, Test MAE norm: 0.2999041
Epoch: 1883, LR: 0.000010, Loss: 0.2522787, Validation MAE: 3.6233757, Test MAE: 4.2218027, Test MAE norm: 0.2998694
Epoch: 1885, LR: 0.000010, Loss: 0.2522035, Validation MAE: 3.6214955, Test MAE: 4.2222629, Test MAE norm: 0.2999021
Epoch: 1895, LR: 0.000010, Loss: 0.2521719, Validation MAE: 3.6240649, Test MAE: 4.2235785, Test MAE norm: 0.2999955
Epoch: 1896, LR: 0.000010, Loss: 0.2521382, Validation MAE: 3.6235590, Test MAE: 4.2222648, Test MAE norm: 0.2999022
Epoch: 1897, LR: 0.000010, Loss: 0.2521820, Validation MAE: 3.6217582, Test MAE: 4.2220635, Test MAE norm: 0.2998879
Epoch: 1898, LR: 0.000010, Loss: 0.2522008, Validation MAE: 3.6216931, Test MAE: 4.2214966, Test MAE norm: 0.2998476
Epoch: 1902, LR: 0.000010, Loss: 0.2522059, Validation MAE: 3.6216528, Test MAE: 4.2234368, Test MAE norm: 0.2999854
Epoch: 1903, LR: 0.000010, Loss: 0.2522100, Validation MAE: 3.6216109, Test MAE: 4.2220855, Test MAE norm: 0.2998894
Epoch: 1913, LR: 0.000010, Loss: 0.2521153, Validation MAE: 3.6229095, Test MAE: 4.2231388, Test MAE norm: 0.2999642
Epoch: 1916, LR: 0.000010, Loss: 0.2521016, Validation MAE: 3.6219466, Test MAE: 4.2216477, Test MAE norm: 0.2998583
Epoch: 1921, LR: 0.000010, Loss: 0.2521191, Validation MAE: 3.6218684, Test MAE: 4.2221522, Test MAE norm: 0.2998942
Epoch: 1930, LR: 0.000010, Loss: 0.2521107, Validation MAE: 3.6214094, Test MAE: 4.2211695, Test MAE norm: 0.2998244
Epoch: 1931, LR: 0.000010, Loss: 0.2520927, Validation MAE: 3.6206198, Test MAE: 4.2212915, Test MAE norm: 0.2998331
Epoch: 1941, LR: 0.000010, Loss: 0.2521172, Validation MAE: 3.6214442, Test MAE: 4.2220583, Test MAE norm: 0.2998875
Epoch: 1948, LR: 0.000010, Loss: 0.2520793, Validation MAE: 3.6212730, Test MAE: 4.2217031, Test MAE norm: 0.2998623
Epoch: 1953, LR: 0.000010, Loss: 0.2520466, Validation MAE: 3.6209598, Test MAE: 4.2210813, Test MAE norm: 0.2998181
Epoch: 1963, LR: 0.000010, Loss: 0.2520920, Validation MAE: 3.6205783, Test MAE: 4.2194190, Test MAE norm: 0.2997001
Epoch: 1973, LR: 0.000010, Loss: 0.2521083, Validation MAE: 3.6229732, Test MAE: 4.2215967, Test MAE norm: 0.2998547
Epoch: 1977, LR: 0.000010, Loss: 0.2520395, Validation MAE: 3.6218302, Test MAE: 4.2211995, Test MAE norm: 0.2998265
Epoch: 1982, LR: 0.000010, Loss: 0.2520247, Validation MAE: 3.6212001, Test MAE: 4.2200236, Test MAE norm: 0.2997430
Epoch: 1989, LR: 0.000010, Loss: 0.2520402, Validation MAE: 3.6203382, Test MAE: 4.2193632, Test MAE norm: 0.2996961
Epoch: 1999, LR: 0.000010, Loss: 0.2520429, Validation MAE: 3.6197538, Test MAE: 4.2191200, Test MAE norm: 0.2996788
Epoch: 2000, LR: 0.000010, Loss: 0.2520597, Validation MAE: 3.6195927, Test MAE: 4.2180467, Test MAE norm: 0.2996026
Epoch: 2000, LR: 0.000010, Loss: 0.2520597, Validation MAE: 3.6195927, Test MAE: 4.2180467, Test MAE norm: 0.2996026