Command line input: python run_count.py --batch_size 256 --target 7 --model NGNN --h 3 --seed 1 --epoch 2000 --dataset easy-1
Mean = 24.580, Std = 73.365
Using NGNN model

Epoch: 001, LR: 0.001000, Loss: 0.4852514, Validation MAE: 45.5042915, Test MAE: 34.7017250, Test MAE norm: 0.4729988
Epoch: 002, LR: 0.001000, Loss: 0.5414587, Validation MAE: 25.2333717, Test MAE: 19.1472530, Test MAE norm: 0.2609849
Epoch: 003, LR: 0.001000, Loss: 0.2861332, Validation MAE: 23.1765518, Test MAE: 22.4824810, Test MAE norm: 0.3064455
Epoch: 005, LR: 0.001000, Loss: 0.3275743, Validation MAE: 19.1411953, Test MAE: 21.3766956, Test MAE norm: 0.2913732
Epoch: 006, LR: 0.001000, Loss: 0.2559819, Validation MAE: 10.8413486, Test MAE: 11.2512207, Test MAE norm: 0.1533588
Epoch: 015, LR: 0.001000, Loss: 0.1601688, Validation MAE: 9.3327484, Test MAE: 9.4442892, Test MAE norm: 0.1287296
Epoch: 025, LR: 0.001000, Loss: 0.1225058, Validation MAE: 8.6816254, Test MAE: 8.3811359, Test MAE norm: 0.1142383
Epoch: 028, LR: 0.001000, Loss: 0.1115753, Validation MAE: 8.0628424, Test MAE: 7.9800329, Test MAE norm: 0.1087711
Epoch: 038, LR: 0.001000, Loss: 0.0904115, Validation MAE: 8.2702570, Test MAE: 7.6939139, Test MAE norm: 0.1048712
Epoch: 039, LR: 0.001000, Loss: 0.0919051, Validation MAE: 8.2469540, Test MAE: 7.5911036, Test MAE norm: 0.1034699
Epoch: 040, LR: 0.000900, Loss: 0.0915065, Validation MAE: 7.9132729, Test MAE: 7.1209512, Test MAE norm: 0.0970615
Epoch: 042, LR: 0.000900, Loss: 0.0899896, Validation MAE: 7.7517638, Test MAE: 6.9348364, Test MAE norm: 0.0945247
Epoch: 044, LR: 0.000900, Loss: 0.0854346, Validation MAE: 7.7495589, Test MAE: 6.9110999, Test MAE norm: 0.0942011
Epoch: 045, LR: 0.000900, Loss: 0.0835447, Validation MAE: 7.6460590, Test MAE: 6.7950816, Test MAE norm: 0.0926198
Epoch: 047, LR: 0.000900, Loss: 0.0831858, Validation MAE: 7.5828629, Test MAE: 6.5885119, Test MAE norm: 0.0898041
Epoch: 048, LR: 0.000900, Loss: 0.0809229, Validation MAE: 7.5208154, Test MAE: 6.4908767, Test MAE norm: 0.0884733
Epoch: 058, LR: 0.000900, Loss: 0.0835508, Validation MAE: 8.1432009, Test MAE: 6.4334722, Test MAE norm: 0.0876909
Epoch: 059, LR: 0.000900, Loss: 0.0878686, Validation MAE: 7.4207168, Test MAE: 6.0911331, Test MAE norm: 0.0830247
Epoch: 069, LR: 0.000900, Loss: 0.0858737, Validation MAE: 8.2786198, Test MAE: 6.9686871, Test MAE norm: 0.0949861
Epoch: 070, LR: 0.000900, Loss: 0.0891502, Validation MAE: 7.6038828, Test MAE: 6.3643923, Test MAE norm: 0.0867493
Epoch: 071, LR: 0.000810, Loss: 0.0795498, Validation MAE: 7.5735168, Test MAE: 6.3837762, Test MAE norm: 0.0870135
Epoch: 081, LR: 0.000810, Loss: 0.0847835, Validation MAE: 8.4080009, Test MAE: 7.1416240, Test MAE norm: 0.0973433
Epoch: 082, LR: 0.000729, Loss: 0.0907246, Validation MAE: 7.5912986, Test MAE: 6.5399561, Test MAE norm: 0.0891423
Epoch: 091, LR: 0.000729, Loss: 0.0890825, Validation MAE: 7.5035815, Test MAE: 6.3100657, Test MAE norm: 0.0860088
Epoch: 101, LR: 0.000656, Loss: 0.0818142, Validation MAE: 7.6863470, Test MAE: 6.4387636, Test MAE norm: 0.0877630
Epoch: 103, LR: 0.000656, Loss: 0.0834697, Validation MAE: 7.1066465, Test MAE: 6.0878372, Test MAE norm: 0.0829797
Epoch: 109, LR: 0.000656, Loss: 0.0951518, Validation MAE: 7.0823383, Test MAE: 5.9635725, Test MAE norm: 0.0812859
Epoch: 119, LR: 0.000656, Loss: 0.0784725, Validation MAE: 7.2293811, Test MAE: 6.0024357, Test MAE norm: 0.0818157
Epoch: 122, LR: 0.000590, Loss: 0.0785532, Validation MAE: 6.9208555, Test MAE: 5.7156758, Test MAE norm: 0.0779070
Epoch: 125, LR: 0.000590, Loss: 0.0719337, Validation MAE: 6.8085136, Test MAE: 5.6035285, Test MAE norm: 0.0763784
Epoch: 130, LR: 0.000590, Loss: 0.0843560, Validation MAE: 6.6696820, Test MAE: 5.5437403, Test MAE norm: 0.0755635
Epoch: 140, LR: 0.000590, Loss: 0.0839137, Validation MAE: 7.6330838, Test MAE: 6.3737168, Test MAE norm: 0.0868764
Epoch: 144, LR: 0.000531, Loss: 0.0821993, Validation MAE: 7.5501819, Test MAE: 6.2557387, Test MAE norm: 0.0852683
Epoch: 145, LR: 0.000531, Loss: 0.0799686, Validation MAE: 7.5457993, Test MAE: 6.2993212, Test MAE norm: 0.0858623
Epoch: 146, LR: 0.000531, Loss: 0.0800503, Validation MAE: 7.4535108, Test MAE: 6.1383471, Test MAE norm: 0.0836682
Epoch: 147, LR: 0.000531, Loss: 0.0783343, Validation MAE: 7.4348516, Test MAE: 6.0967302, Test MAE norm: 0.0831009
Epoch: 149, LR: 0.000531, Loss: 0.0791311, Validation MAE: 7.2766957, Test MAE: 5.9932694, Test MAE norm: 0.0816907
Epoch: 153, LR: 0.000478, Loss: 0.0748525, Validation MAE: 7.2450805, Test MAE: 5.8762689, Test MAE norm: 0.0800960
Epoch: 155, LR: 0.000478, Loss: 0.0754974, Validation MAE: 7.1976166, Test MAE: 5.7148695, Test MAE norm: 0.0778960
Epoch: 160, LR: 0.000478, Loss: 0.0760330, Validation MAE: 7.1793475, Test MAE: 5.6666679, Test MAE norm: 0.0772390
Epoch: 165, LR: 0.000430, Loss: 0.0786652, Validation MAE: 6.9316192, Test MAE: 5.5787287, Test MAE norm: 0.0760404
Epoch: 173, LR: 0.000430, Loss: 0.0732782, Validation MAE: 6.8115563, Test MAE: 5.5516343, Test MAE norm: 0.0756711
Epoch: 175, LR: 0.000387, Loss: 0.0718357, Validation MAE: 6.7660336, Test MAE: 5.6194429, Test MAE norm: 0.0765953
Epoch: 176, LR: 0.000387, Loss: 0.0710246, Validation MAE: 6.7648878, Test MAE: 5.6447244, Test MAE norm: 0.0769399
Epoch: 179, LR: 0.000387, Loss: 0.0706463, Validation MAE: 6.6562433, Test MAE: 5.5067415, Test MAE norm: 0.0750592
Epoch: 180, LR: 0.000387, Loss: 0.0697678, Validation MAE: 6.6278939, Test MAE: 5.4169264, Test MAE norm: 0.0738349
Epoch: 181, LR: 0.000387, Loss: 0.0687066, Validation MAE: 6.5623121, Test MAE: 5.3399143, Test MAE norm: 0.0727852
Epoch: 185, LR: 0.000387, Loss: 0.0712701, Validation MAE: 6.5443029, Test MAE: 5.2391672, Test MAE norm: 0.0714120
Epoch: 188, LR: 0.000387, Loss: 0.0681464, Validation MAE: 6.5287805, Test MAE: 5.2284584, Test MAE norm: 0.0712660
Epoch: 190, LR: 0.000387, Loss: 0.0667448, Validation MAE: 6.4909096, Test MAE: 5.1514406, Test MAE norm: 0.0702163
Epoch: 192, LR: 0.000387, Loss: 0.0682526, Validation MAE: 6.3177586, Test MAE: 5.2288399, Test MAE norm: 0.0712712
Epoch: 197, LR: 0.000387, Loss: 0.0699258, Validation MAE: 6.0360441, Test MAE: 5.0594735, Test MAE norm: 0.0689627
Epoch: 204, LR: 0.000387, Loss: 0.0687155, Validation MAE: 5.8451195, Test MAE: 4.8806100, Test MAE norm: 0.0665247
Epoch: 214, LR: 0.000387, Loss: 0.0723261, Validation MAE: 6.4689360, Test MAE: 5.3486094, Test MAE norm: 0.0729037
Epoch: 220, LR: 0.000349, Loss: 0.0713548, Validation MAE: 6.3335743, Test MAE: 5.3153176, Test MAE norm: 0.0724500
Epoch: 223, LR: 0.000349, Loss: 0.0722051, Validation MAE: 6.2022939, Test MAE: 5.1515393, Test MAE norm: 0.0702176
Epoch: 226, LR: 0.000349, Loss: 0.0708022, Validation MAE: 6.1228819, Test MAE: 5.0350060, Test MAE norm: 0.0686292
Epoch: 231, LR: 0.000314, Loss: 0.0665210, Validation MAE: 6.0626225, Test MAE: 4.8913841, Test MAE norm: 0.0666716
Epoch: 233, LR: 0.000314, Loss: 0.0641268, Validation MAE: 6.0163603, Test MAE: 4.8367815, Test MAE norm: 0.0659273
Epoch: 237, LR: 0.000314, Loss: 0.0644011, Validation MAE: 5.8696938, Test MAE: 4.7698793, Test MAE norm: 0.0650154
Epoch: 239, LR: 0.000282, Loss: 0.0606632, Validation MAE: 5.8473644, Test MAE: 4.6717205, Test MAE norm: 0.0636775
Epoch: 241, LR: 0.000282, Loss: 0.0611098, Validation MAE: 5.7752304, Test MAE: 4.6277466, Test MAE norm: 0.0630781
Epoch: 243, LR: 0.000282, Loss: 0.0580732, Validation MAE: 5.6380372, Test MAE: 4.5836530, Test MAE norm: 0.0624771
Epoch: 245, LR: 0.000282, Loss: 0.0581611, Validation MAE: 5.5641184, Test MAE: 4.5577717, Test MAE norm: 0.0621243
Epoch: 247, LR: 0.000282, Loss: 0.0598504, Validation MAE: 5.4737921, Test MAE: 4.5163412, Test MAE norm: 0.0615596
Epoch: 253, LR: 0.000282, Loss: 0.0569125, Validation MAE: 5.2655864, Test MAE: 4.4951100, Test MAE norm: 0.0612702
Epoch: 258, LR: 0.000282, Loss: 0.0669455, Validation MAE: 5.0958657, Test MAE: 4.2886839, Test MAE norm: 0.0584565
Epoch: 268, LR: 0.000282, Loss: 0.0699941, Validation MAE: 5.5166717, Test MAE: 4.5789962, Test MAE norm: 0.0624136
Epoch: 278, LR: 0.000254, Loss: 0.0587066, Validation MAE: 6.1534214, Test MAE: 4.6751943, Test MAE norm: 0.0637248
Epoch: 279, LR: 0.000254, Loss: 0.0612987, Validation MAE: 5.4592133, Test MAE: 4.4716530, Test MAE norm: 0.0609505
Epoch: 284, LR: 0.000229, Loss: 0.0563629, Validation MAE: 5.4208531, Test MAE: 4.3925228, Test MAE norm: 0.0598719
Epoch: 289, LR: 0.000229, Loss: 0.0570401, Validation MAE: 5.2805696, Test MAE: 4.2653346, Test MAE norm: 0.0581383
Epoch: 292, LR: 0.000206, Loss: 0.0570789, Validation MAE: 5.2063069, Test MAE: 4.2673283, Test MAE norm: 0.0581654
Epoch: 294, LR: 0.000206, Loss: 0.0689158, Validation MAE: 5.0169172, Test MAE: 4.1939197, Test MAE norm: 0.0571649
Epoch: 304, LR: 0.000206, Loss: 0.0664459, Validation MAE: 6.0888371, Test MAE: 5.0911646, Test MAE norm: 0.0693947
Epoch: 305, LR: 0.000206, Loss: 0.0683628, Validation MAE: 5.0542836, Test MAE: 4.2435040, Test MAE norm: 0.0578407
Epoch: 310, LR: 0.000185, Loss: 0.0623033, Validation MAE: 5.0090647, Test MAE: 4.2393088, Test MAE norm: 0.0577835
Epoch: 320, LR: 0.000185, Loss: 0.0620524, Validation MAE: 5.3902760, Test MAE: 4.4015131, Test MAE norm: 0.0599944
Epoch: 323, LR: 0.000167, Loss: 0.0580446, Validation MAE: 5.0520759, Test MAE: 4.2307291, Test MAE norm: 0.0576666
Epoch: 333, LR: 0.000150, Loss: 0.0501471, Validation MAE: 5.0687389, Test MAE: 4.1179914, Test MAE norm: 0.0561299
Epoch: 336, LR: 0.000150, Loss: 0.0492391, Validation MAE: 5.0620947, Test MAE: 4.0886235, Test MAE norm: 0.0557296
Epoch: 337, LR: 0.000150, Loss: 0.0513544, Validation MAE: 5.0205393, Test MAE: 4.0658603, Test MAE norm: 0.0554193
Epoch: 339, LR: 0.000150, Loss: 0.0491336, Validation MAE: 5.0163822, Test MAE: 4.0883260, Test MAE norm: 0.0557256
Epoch: 340, LR: 0.000150, Loss: 0.0511988, Validation MAE: 4.8458605, Test MAE: 4.0283132, Test MAE norm: 0.0549076
Epoch: 350, LR: 0.000150, Loss: 0.0551446, Validation MAE: 5.0621285, Test MAE: 4.4319344, Test MAE norm: 0.0604091
Epoch: 351, LR: 0.000150, Loss: 0.0540621, Validation MAE: 5.0609756, Test MAE: 4.4484210, Test MAE norm: 0.0606338
Epoch: 352, LR: 0.000135, Loss: 0.0540322, Validation MAE: 4.8210855, Test MAE: 4.0640564, Test MAE norm: 0.0553948
Epoch: 362, LR: 0.000135, Loss: 0.0521554, Validation MAE: 4.7761302, Test MAE: 3.9773257, Test MAE norm: 0.0542126
Epoch: 364, LR: 0.000135, Loss: 0.0527612, Validation MAE: 4.7676206, Test MAE: 3.9600551, Test MAE norm: 0.0539772
Epoch: 374, LR: 0.000135, Loss: 0.0486286, Validation MAE: 4.7643061, Test MAE: 3.9381816, Test MAE norm: 0.0536790
Epoch: 375, LR: 0.000135, Loss: 0.0468454, Validation MAE: 4.7073812, Test MAE: 3.9540520, Test MAE norm: 0.0538954
Epoch: 377, LR: 0.000135, Loss: 0.0481577, Validation MAE: 4.6546383, Test MAE: 3.9493029, Test MAE norm: 0.0538306
Epoch: 380, LR: 0.000135, Loss: 0.0522165, Validation MAE: 4.5362911, Test MAE: 3.9694982, Test MAE norm: 0.0541059
Epoch: 386, LR: 0.000135, Loss: 0.0472092, Validation MAE: 4.5234241, Test MAE: 3.9744747, Test MAE norm: 0.0541737
Epoch: 396, LR: 0.000135, Loss: 0.0456542, Validation MAE: 4.9909244, Test MAE: 3.9948812, Test MAE norm: 0.0544519
Epoch: 397, LR: 0.000135, Loss: 0.0496321, Validation MAE: 4.8826585, Test MAE: 4.1264887, Test MAE norm: 0.0562457
Epoch: 398, LR: 0.000122, Loss: 0.0527298, Validation MAE: 4.6146989, Test MAE: 3.9679713, Test MAE norm: 0.0540851
Epoch: 405, LR: 0.000122, Loss: 0.0543632, Validation MAE: 4.6035638, Test MAE: 3.9491613, Test MAE norm: 0.0538287
Epoch: 415, LR: 0.000109, Loss: 0.0470833, Validation MAE: 4.9582891, Test MAE: 4.2389264, Test MAE norm: 0.0577783
Epoch: 416, LR: 0.000109, Loss: 0.0534867, Validation MAE: 4.9373465, Test MAE: 4.2250075, Test MAE norm: 0.0575886
Epoch: 417, LR: 0.000109, Loss: 0.0531202, Validation MAE: 4.7115102, Test MAE: 3.9528823, Test MAE norm: 0.0538794
Epoch: 419, LR: 0.000109, Loss: 0.0509693, Validation MAE: 4.5775285, Test MAE: 3.9628401, Test MAE norm: 0.0540151
Epoch: 429, LR: 0.000098, Loss: 0.0465026, Validation MAE: 4.6995511, Test MAE: 3.9040053, Test MAE norm: 0.0532132
Epoch: 430, LR: 0.000098, Loss: 0.0464105, Validation MAE: 4.6591587, Test MAE: 3.8900263, Test MAE norm: 0.0530227
Epoch: 431, LR: 0.000089, Loss: 0.0459723, Validation MAE: 4.5982318, Test MAE: 3.9390752, Test MAE norm: 0.0536912
Epoch: 432, LR: 0.000089, Loss: 0.0463679, Validation MAE: 4.5905828, Test MAE: 3.9212506, Test MAE norm: 0.0534483
Epoch: 435, LR: 0.000089, Loss: 0.0455339, Validation MAE: 4.5849490, Test MAE: 3.9312708, Test MAE norm: 0.0535848
Epoch: 438, LR: 0.000089, Loss: 0.0454680, Validation MAE: 4.5543261, Test MAE: 3.9367597, Test MAE norm: 0.0536597
Epoch: 441, LR: 0.000089, Loss: 0.0454592, Validation MAE: 4.5005050, Test MAE: 3.9231591, Test MAE norm: 0.0534743
Epoch: 442, LR: 0.000089, Loss: 0.0457525, Validation MAE: 4.4778848, Test MAE: 3.8806591, Test MAE norm: 0.0528950
Epoch: 444, LR: 0.000089, Loss: 0.0463690, Validation MAE: 4.4753585, Test MAE: 3.9418931, Test MAE norm: 0.0537296
Epoch: 445, LR: 0.000089, Loss: 0.0462047, Validation MAE: 4.4569159, Test MAE: 3.9306402, Test MAE norm: 0.0535762
Epoch: 447, LR: 0.000089, Loss: 0.0468033, Validation MAE: 4.4356565, Test MAE: 3.8870957, Test MAE norm: 0.0529827
Epoch: 457, LR: 0.000089, Loss: 0.0487785, Validation MAE: 4.5531759, Test MAE: 3.8231878, Test MAE norm: 0.0521116
Epoch: 459, LR: 0.000080, Loss: 0.0491027, Validation MAE: 4.4739609, Test MAE: 3.8865988, Test MAE norm: 0.0529759
Epoch: 469, LR: 0.000080, Loss: 0.0474380, Validation MAE: 4.7850604, Test MAE: 3.8809755, Test MAE norm: 0.0528993
Epoch: 470, LR: 0.000072, Loss: 0.0476883, Validation MAE: 4.4727168, Test MAE: 3.9252455, Test MAE norm: 0.0535027
Epoch: 474, LR: 0.000072, Loss: 0.0474781, Validation MAE: 4.4592338, Test MAE: 3.8554888, Test MAE norm: 0.0525519
Epoch: 478, LR: 0.000072, Loss: 0.0459776, Validation MAE: 4.4529986, Test MAE: 3.8719015, Test MAE norm: 0.0527756
Epoch: 482, LR: 0.000065, Loss: 0.0451385, Validation MAE: 4.4394317, Test MAE: 3.8619320, Test MAE norm: 0.0526397
Epoch: 486, LR: 0.000065, Loss: 0.0447834, Validation MAE: 4.4326773, Test MAE: 3.8795929, Test MAE norm: 0.0528804
Epoch: 490, LR: 0.000065, Loss: 0.0447288, Validation MAE: 4.4249110, Test MAE: 3.8659713, Test MAE norm: 0.0526948
Epoch: 499, LR: 0.000065, Loss: 0.0446735, Validation MAE: 4.4242687, Test MAE: 3.8519442, Test MAE norm: 0.0525036
Epoch: 506, LR: 0.000065, Loss: 0.0446394, Validation MAE: 4.4125795, Test MAE: 3.8492174, Test MAE norm: 0.0524664
Epoch: 509, LR: 0.000065, Loss: 0.0447001, Validation MAE: 4.4123201, Test MAE: 3.8441942, Test MAE norm: 0.0523979
Epoch: 513, LR: 0.000065, Loss: 0.0446298, Validation MAE: 4.4095645, Test MAE: 3.8583260, Test MAE norm: 0.0525906
Epoch: 516, LR: 0.000065, Loss: 0.0447885, Validation MAE: 4.4078884, Test MAE: 3.8438320, Test MAE norm: 0.0523930
Epoch: 526, LR: 0.000065, Loss: 0.0446980, Validation MAE: 4.4576440, Test MAE: 3.8154001, Test MAE norm: 0.0520055
Epoch: 527, LR: 0.000065, Loss: 0.0446346, Validation MAE: 4.4283543, Test MAE: 3.8534377, Test MAE norm: 0.0525239
Epoch: 528, LR: 0.000058, Loss: 0.0449466, Validation MAE: 4.4257140, Test MAE: 3.8219006, Test MAE norm: 0.0520941
Epoch: 532, LR: 0.000058, Loss: 0.0452193, Validation MAE: 4.4219265, Test MAE: 3.8300114, Test MAE norm: 0.0522046
Epoch: 536, LR: 0.000058, Loss: 0.0451570, Validation MAE: 4.4140210, Test MAE: 3.8318670, Test MAE norm: 0.0522299
Epoch: 539, LR: 0.000052, Loss: 0.0446120, Validation MAE: 4.4138312, Test MAE: 3.8535514, Test MAE norm: 0.0525255
Epoch: 540, LR: 0.000052, Loss: 0.0450644, Validation MAE: 4.4074492, Test MAE: 3.8299839, Test MAE norm: 0.0522043
Epoch: 543, LR: 0.000052, Loss: 0.0445671, Validation MAE: 4.4039845, Test MAE: 3.8392942, Test MAE norm: 0.0523312
Epoch: 544, LR: 0.000052, Loss: 0.0447641, Validation MAE: 4.4033799, Test MAE: 3.8313985, Test MAE norm: 0.0522235
Epoch: 547, LR: 0.000052, Loss: 0.0444667, Validation MAE: 4.3995442, Test MAE: 3.8368046, Test MAE norm: 0.0522972
Epoch: 551, LR: 0.000052, Loss: 0.0445080, Validation MAE: 4.3959546, Test MAE: 3.8356829, Test MAE norm: 0.0522819
Epoch: 555, LR: 0.000052, Loss: 0.0444361, Validation MAE: 4.3951654, Test MAE: 3.8381147, Test MAE norm: 0.0523151
Epoch: 563, LR: 0.000052, Loss: 0.0444474, Validation MAE: 4.3922291, Test MAE: 3.8331730, Test MAE norm: 0.0522477
Epoch: 567, LR: 0.000052, Loss: 0.0444525, Validation MAE: 4.3897705, Test MAE: 3.8268356, Test MAE norm: 0.0521613
Epoch: 577, LR: 0.000052, Loss: 0.0443549, Validation MAE: 4.4030461, Test MAE: 3.8043454, Test MAE norm: 0.0518548
Epoch: 583, LR: 0.000047, Loss: 0.0443021, Validation MAE: 4.3993769, Test MAE: 3.8058207, Test MAE norm: 0.0518749
Epoch: 587, LR: 0.000047, Loss: 0.0442943, Validation MAE: 4.3953571, Test MAE: 3.8247337, Test MAE norm: 0.0521327
Epoch: 591, LR: 0.000042, Loss: 0.0443316, Validation MAE: 4.3879890, Test MAE: 3.8174863, Test MAE norm: 0.0520339
Epoch: 592, LR: 0.000042, Loss: 0.0444775, Validation MAE: 4.3875575, Test MAE: 3.8063402, Test MAE norm: 0.0518820
Epoch: 595, LR: 0.000042, Loss: 0.0443116, Validation MAE: 4.3844066, Test MAE: 3.8177145, Test MAE norm: 0.0520370
Epoch: 599, LR: 0.000042, Loss: 0.0443002, Validation MAE: 4.3795142, Test MAE: 3.8145108, Test MAE norm: 0.0519934
Epoch: 603, LR: 0.000042, Loss: 0.0442556, Validation MAE: 4.3759060, Test MAE: 3.8082991, Test MAE norm: 0.0519087
Epoch: 613, LR: 0.000042, Loss: 0.0441938, Validation MAE: 4.4492354, Test MAE: 3.7704909, Test MAE norm: 0.0513933
Epoch: 614, LR: 0.000042, Loss: 0.0443079, Validation MAE: 4.4331150, Test MAE: 3.7749846, Test MAE norm: 0.0514546
Epoch: 615, LR: 0.000038, Loss: 0.0442408, Validation MAE: 4.3922911, Test MAE: 3.7964222, Test MAE norm: 0.0517468
Epoch: 619, LR: 0.000038, Loss: 0.0442286, Validation MAE: 4.3877649, Test MAE: 3.7931461, Test MAE norm: 0.0517021
Epoch: 620, LR: 0.000038, Loss: 0.0441814, Validation MAE: 4.3840857, Test MAE: 3.7909443, Test MAE norm: 0.0516721
Epoch: 623, LR: 0.000038, Loss: 0.0441874, Validation MAE: 4.3725019, Test MAE: 3.8012345, Test MAE norm: 0.0518124
Epoch: 633, LR: 0.000038, Loss: 0.0441263, Validation MAE: 4.3822079, Test MAE: 3.7989559, Test MAE norm: 0.0517813
Epoch: 643, LR: 0.000034, Loss: 0.0441861, Validation MAE: 4.4113798, Test MAE: 3.7709675, Test MAE norm: 0.0513998
Epoch: 645, LR: 0.000034, Loss: 0.0441757, Validation MAE: 4.3955641, Test MAE: 3.7802691, Test MAE norm: 0.0515266
Epoch: 646, LR: 0.000031, Loss: 0.0440984, Validation MAE: 4.3931527, Test MAE: 3.7789660, Test MAE norm: 0.0515089
Epoch: 650, LR: 0.000031, Loss: 0.0440656, Validation MAE: 4.3841100, Test MAE: 3.7839375, Test MAE norm: 0.0515766
Epoch: 660, LR: 0.000028, Loss: 0.0440594, Validation MAE: 4.3912859, Test MAE: 3.7799444, Test MAE norm: 0.0515222
Epoch: 664, LR: 0.000028, Loss: 0.0441103, Validation MAE: 4.3860068, Test MAE: 3.7841046, Test MAE norm: 0.0515789
Epoch: 665, LR: 0.000028, Loss: 0.0441084, Validation MAE: 4.3814731, Test MAE: 3.7910640, Test MAE norm: 0.0516738
Epoch: 669, LR: 0.000025, Loss: 0.0440389, Validation MAE: 4.3746295, Test MAE: 3.7879682, Test MAE norm: 0.0516316
Epoch: 673, LR: 0.000025, Loss: 0.0441063, Validation MAE: 4.3737283, Test MAE: 3.7835765, Test MAE norm: 0.0515717
Epoch: 674, LR: 0.000025, Loss: 0.0440562, Validation MAE: 4.3714223, Test MAE: 3.7901459, Test MAE norm: 0.0516612
Epoch: 678, LR: 0.000025, Loss: 0.0440143, Validation MAE: 4.3710036, Test MAE: 3.7827859, Test MAE norm: 0.0515609
Epoch: 679, LR: 0.000025, Loss: 0.0440296, Validation MAE: 4.3709655, Test MAE: 3.7915790, Test MAE norm: 0.0516808
Epoch: 689, LR: 0.000025, Loss: 0.0439850, Validation MAE: 4.4168797, Test MAE: 3.7608352, Test MAE norm: 0.0512617
Epoch: 690, LR: 0.000025, Loss: 0.0440357, Validation MAE: 4.4085112, Test MAE: 3.7633984, Test MAE norm: 0.0512967
Epoch: 691, LR: 0.000023, Loss: 0.0439898, Validation MAE: 4.3852158, Test MAE: 3.7747140, Test MAE norm: 0.0514509
Epoch: 692, LR: 0.000023, Loss: 0.0440312, Validation MAE: 4.3829989, Test MAE: 3.7734540, Test MAE norm: 0.0514337
Epoch: 696, LR: 0.000023, Loss: 0.0439843, Validation MAE: 4.3775125, Test MAE: 3.7777996, Test MAE norm: 0.0514930
Epoch: 697, LR: 0.000023, Loss: 0.0440257, Validation MAE: 4.3763399, Test MAE: 3.7766557, Test MAE norm: 0.0514774
Epoch: 700, LR: 0.000023, Loss: 0.0440150, Validation MAE: 4.3732104, Test MAE: 3.7778718, Test MAE norm: 0.0514939
Epoch: 706, LR: 0.000020, Loss: 0.0439724, Validation MAE: 4.3726273, Test MAE: 3.7758458, Test MAE norm: 0.0514663
Epoch: 707, LR: 0.000020, Loss: 0.0439493, Validation MAE: 4.3680406, Test MAE: 3.7805662, Test MAE norm: 0.0515307
Epoch: 717, LR: 0.000020, Loss: 0.0440306, Validation MAE: 4.3874388, Test MAE: 3.7673604, Test MAE norm: 0.0513507
Epoch: 718, LR: 0.000020, Loss: 0.0439492, Validation MAE: 4.3860450, Test MAE: 3.7694180, Test MAE norm: 0.0513787
Epoch: 722, LR: 0.000018, Loss: 0.0439209, Validation MAE: 4.3843603, Test MAE: 3.7718008, Test MAE norm: 0.0514112
Epoch: 723, LR: 0.000018, Loss: 0.0439994, Validation MAE: 4.3824120, Test MAE: 3.7696977, Test MAE norm: 0.0513825
Epoch: 726, LR: 0.000018, Loss: 0.0439362, Validation MAE: 4.3807111, Test MAE: 3.7695789, Test MAE norm: 0.0513809
Epoch: 731, LR: 0.000016, Loss: 0.0439063, Validation MAE: 4.3745923, Test MAE: 3.7716470, Test MAE norm: 0.0514091
Epoch: 732, LR: 0.000016, Loss: 0.0439598, Validation MAE: 4.3743091, Test MAE: 3.7715340, Test MAE norm: 0.0514076
Epoch: 736, LR: 0.000016, Loss: 0.0439027, Validation MAE: 4.3718762, Test MAE: 3.7716985, Test MAE norm: 0.0514098
Epoch: 746, LR: 0.000015, Loss: 0.0438964, Validation MAE: 4.4050398, Test MAE: 3.7575669, Test MAE norm: 0.0512172
Epoch: 747, LR: 0.000015, Loss: 0.0439144, Validation MAE: 4.3812165, Test MAE: 3.7644837, Test MAE norm: 0.0513115
Epoch: 748, LR: 0.000015, Loss: 0.0438655, Validation MAE: 4.3752451, Test MAE: 3.7746291, Test MAE norm: 0.0514497
Epoch: 758, LR: 0.000013, Loss: 0.0438639, Validation MAE: 4.3811460, Test MAE: 3.7614703, Test MAE norm: 0.0512704
Epoch: 759, LR: 0.000013, Loss: 0.0438600, Validation MAE: 4.3774643, Test MAE: 3.7657917, Test MAE norm: 0.0513293
Epoch: 764, LR: 0.000012, Loss: 0.0438480, Validation MAE: 4.3764062, Test MAE: 3.7678971, Test MAE norm: 0.0513580
Epoch: 770, LR: 0.000012, Loss: 0.0438643, Validation MAE: 4.3747663, Test MAE: 3.7694900, Test MAE norm: 0.0513797
Epoch: 771, LR: 0.000012, Loss: 0.0439170, Validation MAE: 4.3734121, Test MAE: 3.7728331, Test MAE norm: 0.0514253
Epoch: 772, LR: 0.000012, Loss: 0.0439926, Validation MAE: 4.3703618, Test MAE: 3.7677381, Test MAE norm: 0.0513558
Epoch: 782, LR: 0.000011, Loss: 0.0438739, Validation MAE: 4.3715768, Test MAE: 3.7662487, Test MAE norm: 0.0513355
Epoch: 783, LR: 0.000011, Loss: 0.0438482, Validation MAE: 4.3674955, Test MAE: 3.7718015, Test MAE norm: 0.0514112
Epoch: 784, LR: 0.000011, Loss: 0.0438896, Validation MAE: 4.3665833, Test MAE: 3.7702451, Test MAE norm: 0.0513900
Epoch: 794, LR: 0.000011, Loss: 0.0438145, Validation MAE: 4.3786755, Test MAE: 3.7585025, Test MAE norm: 0.0512299
Epoch: 795, LR: 0.000011, Loss: 0.0438235, Validation MAE: 4.3718143, Test MAE: 3.7607899, Test MAE norm: 0.0512611
Epoch: 805, LR: 0.000010, Loss: 0.0437889, Validation MAE: 4.3833046, Test MAE: 3.7576952, Test MAE norm: 0.0512189
Epoch: 811, LR: 0.000010, Loss: 0.0438430, Validation MAE: 4.3828249, Test MAE: 3.7572629, Test MAE norm: 0.0512130
Epoch: 819, LR: 0.000010, Loss: 0.0437958, Validation MAE: 4.3821135, Test MAE: 3.7599440, Test MAE norm: 0.0512496
Epoch: 820, LR: 0.000010, Loss: 0.0438514, Validation MAE: 4.3804712, Test MAE: 3.7568300, Test MAE norm: 0.0512071
Epoch: 824, LR: 0.000010, Loss: 0.0438039, Validation MAE: 4.3760228, Test MAE: 3.7615290, Test MAE norm: 0.0512712
Epoch: 831, LR: 0.000010, Loss: 0.0438187, Validation MAE: 4.3752174, Test MAE: 3.7585931, Test MAE norm: 0.0512312
Epoch: 841, LR: 0.000010, Loss: 0.0437750, Validation MAE: 4.4004412, Test MAE: 3.7509906, Test MAE norm: 0.0511275
Epoch: 842, LR: 0.000010, Loss: 0.0438181, Validation MAE: 4.3978124, Test MAE: 3.7499573, Test MAE norm: 0.0511135
Epoch: 843, LR: 0.000010, Loss: 0.0437698, Validation MAE: 4.3846192, Test MAE: 3.7545362, Test MAE norm: 0.0511759
Epoch: 844, LR: 0.000010, Loss: 0.0437601, Validation MAE: 4.3845754, Test MAE: 3.7561202, Test MAE norm: 0.0511975
Epoch: 847, LR: 0.000010, Loss: 0.0437827, Validation MAE: 4.3820291, Test MAE: 3.7553365, Test MAE norm: 0.0511868
Epoch: 848, LR: 0.000010, Loss: 0.0437562, Validation MAE: 4.3778396, Test MAE: 3.7584045, Test MAE norm: 0.0512286
Epoch: 849, LR: 0.000010, Loss: 0.0438035, Validation MAE: 4.3772221, Test MAE: 3.7567558, Test MAE norm: 0.0512061
Epoch: 859, LR: 0.000010, Loss: 0.0437748, Validation MAE: 4.3769536, Test MAE: 3.7565532, Test MAE norm: 0.0512034
Epoch: 864, LR: 0.000010, Loss: 0.0437646, Validation MAE: 4.3762188, Test MAE: 3.7595787, Test MAE norm: 0.0512446
Epoch: 865, LR: 0.000010, Loss: 0.0438047, Validation MAE: 4.3759761, Test MAE: 3.7597241, Test MAE norm: 0.0512466
Epoch: 872, LR: 0.000010, Loss: 0.0437601, Validation MAE: 4.3754697, Test MAE: 3.7543354, Test MAE norm: 0.0511731
Epoch: 879, LR: 0.000010, Loss: 0.0437796, Validation MAE: 4.3740859, Test MAE: 3.7530932, Test MAE norm: 0.0511562
Epoch: 889, LR: 0.000010, Loss: 0.0437845, Validation MAE: 4.3789868, Test MAE: 3.7552056, Test MAE norm: 0.0511850
Epoch: 893, LR: 0.000010, Loss: 0.0437357, Validation MAE: 4.3780723, Test MAE: 3.7557690, Test MAE norm: 0.0511927
Epoch: 900, LR: 0.000010, Loss: 0.0437124, Validation MAE: 4.3768935, Test MAE: 3.7527795, Test MAE norm: 0.0511519
Epoch: 904, LR: 0.000010, Loss: 0.0436802, Validation MAE: 4.3763590, Test MAE: 3.7545698, Test MAE norm: 0.0511763
Epoch: 905, LR: 0.000010, Loss: 0.0437509, Validation MAE: 4.3754907, Test MAE: 3.7512040, Test MAE norm: 0.0511305
Epoch: 912, LR: 0.000010, Loss: 0.0436961, Validation MAE: 4.3722696, Test MAE: 3.7535195, Test MAE norm: 0.0511620
Epoch: 917, LR: 0.000010, Loss: 0.0437091, Validation MAE: 4.3716559, Test MAE: 3.7533398, Test MAE norm: 0.0511596
Epoch: 927, LR: 0.000010, Loss: 0.0436951, Validation MAE: 4.3788710, Test MAE: 3.7517641, Test MAE norm: 0.0511381
Epoch: 928, LR: 0.000010, Loss: 0.0436874, Validation MAE: 4.3780599, Test MAE: 3.7501781, Test MAE norm: 0.0511165
Epoch: 929, LR: 0.000010, Loss: 0.0436801, Validation MAE: 4.3777299, Test MAE: 3.7521431, Test MAE norm: 0.0511433
Epoch: 932, LR: 0.000010, Loss: 0.0436882, Validation MAE: 4.3763781, Test MAE: 3.7499442, Test MAE norm: 0.0511133
Epoch: 938, LR: 0.000010, Loss: 0.0436742, Validation MAE: 4.3761415, Test MAE: 3.7495487, Test MAE norm: 0.0511079
Epoch: 942, LR: 0.000010, Loss: 0.0436673, Validation MAE: 4.3757200, Test MAE: 3.7583122, Test MAE norm: 0.0512273
Epoch: 944, LR: 0.000010, Loss: 0.0438032, Validation MAE: 4.3714542, Test MAE: 3.7527032, Test MAE norm: 0.0511509
Epoch: 950, LR: 0.000010, Loss: 0.0438542, Validation MAE: 4.3700299, Test MAE: 3.7535872, Test MAE norm: 0.0511629
Epoch: 960, LR: 0.000010, Loss: 0.0436489, Validation MAE: 4.3713531, Test MAE: 3.7562277, Test MAE norm: 0.0511989
Epoch: 970, LR: 0.000010, Loss: 0.0436917, Validation MAE: 4.4076762, Test MAE: 3.7453413, Test MAE norm: 0.0510505
Epoch: 971, LR: 0.000010, Loss: 0.0437839, Validation MAE: 4.3815041, Test MAE: 3.7453845, Test MAE norm: 0.0510511
Epoch: 972, LR: 0.000010, Loss: 0.0436678, Validation MAE: 4.3692451, Test MAE: 3.7528956, Test MAE norm: 0.0511535
Epoch: 978, LR: 0.000010, Loss: 0.0436468, Validation MAE: 4.3668733, Test MAE: 3.7520864, Test MAE norm: 0.0511425
Epoch: 983, LR: 0.000010, Loss: 0.0436251, Validation MAE: 4.3665895, Test MAE: 3.7528923, Test MAE norm: 0.0511535
Epoch: 993, LR: 0.000010, Loss: 0.0436495, Validation MAE: 4.3779383, Test MAE: 3.7443261, Test MAE norm: 0.0510367
Epoch: 994, LR: 0.000010, Loss: 0.0436265, Validation MAE: 4.3712568, Test MAE: 3.7495799, Test MAE norm: 0.0511083
Epoch: 998, LR: 0.000010, Loss: 0.0436611, Validation MAE: 4.3706989, Test MAE: 3.7471652, Test MAE norm: 0.0510754
Epoch: 999, LR: 0.000010, Loss: 0.0436104, Validation MAE: 4.3699775, Test MAE: 3.7458391, Test MAE norm: 0.0510573
Epoch: 1009, LR: 0.000010, Loss: 0.0436853, Validation MAE: 4.3747520, Test MAE: 3.7449508, Test MAE norm: 0.0510452
Epoch: 1011, LR: 0.000010, Loss: 0.0436293, Validation MAE: 4.3711634, Test MAE: 3.7467437, Test MAE norm: 0.0510697
Epoch: 1013, LR: 0.000010, Loss: 0.0436040, Validation MAE: 4.3698049, Test MAE: 3.7468934, Test MAE norm: 0.0510717
Epoch: 1014, LR: 0.000010, Loss: 0.0435858, Validation MAE: 4.3675241, Test MAE: 3.7471633, Test MAE norm: 0.0510754
Epoch: 1024, LR: 0.000010, Loss: 0.0436397, Validation MAE: 4.3749576, Test MAE: 3.7448971, Test MAE norm: 0.0510445
Epoch: 1025, LR: 0.000010, Loss: 0.0435834, Validation MAE: 4.3747745, Test MAE: 3.7457519, Test MAE norm: 0.0510561
Epoch: 1026, LR: 0.000010, Loss: 0.0435720, Validation MAE: 4.3693552, Test MAE: 3.7447541, Test MAE norm: 0.0510425
Epoch: 1036, LR: 0.000010, Loss: 0.0435742, Validation MAE: 4.3911285, Test MAE: 3.7406797, Test MAE norm: 0.0509870
Epoch: 1038, LR: 0.000010, Loss: 0.0436411, Validation MAE: 4.3763323, Test MAE: 3.7434337, Test MAE norm: 0.0510245
Epoch: 1039, LR: 0.000010, Loss: 0.0435642, Validation MAE: 4.3707433, Test MAE: 3.7508116, Test MAE norm: 0.0511251
Epoch: 1040, LR: 0.000010, Loss: 0.0436649, Validation MAE: 4.3682604, Test MAE: 3.7501276, Test MAE norm: 0.0511158
Epoch: 1043, LR: 0.000010, Loss: 0.0435954, Validation MAE: 4.3677378, Test MAE: 3.7452593, Test MAE norm: 0.0510494
Epoch: 1045, LR: 0.000010, Loss: 0.0436589, Validation MAE: 4.3675518, Test MAE: 3.7459085, Test MAE norm: 0.0510583
Epoch: 1054, LR: 0.000010, Loss: 0.0435871, Validation MAE: 4.3666892, Test MAE: 3.7414620, Test MAE norm: 0.0509977
Epoch: 1060, LR: 0.000010, Loss: 0.0435533, Validation MAE: 4.3666444, Test MAE: 3.7430608, Test MAE norm: 0.0510195
Epoch: 1065, LR: 0.000010, Loss: 0.0435820, Validation MAE: 4.3658590, Test MAE: 3.7429671, Test MAE norm: 0.0510182
Epoch: 1069, LR: 0.000010, Loss: 0.0435621, Validation MAE: 4.3658271, Test MAE: 3.7462842, Test MAE norm: 0.0510634
Epoch: 1073, LR: 0.000010, Loss: 0.0435627, Validation MAE: 4.3617687, Test MAE: 3.7449949, Test MAE norm: 0.0510458
Epoch: 1083, LR: 0.000010, Loss: 0.0435230, Validation MAE: 4.3785186, Test MAE: 3.7404294, Test MAE norm: 0.0509836
Epoch: 1084, LR: 0.000010, Loss: 0.0435243, Validation MAE: 4.3715787, Test MAE: 3.7418509, Test MAE norm: 0.0510030
Epoch: 1088, LR: 0.000010, Loss: 0.0435759, Validation MAE: 4.3706560, Test MAE: 3.7404201, Test MAE norm: 0.0509835
Epoch: 1092, LR: 0.000010, Loss: 0.0435427, Validation MAE: 4.3678036, Test MAE: 3.7401364, Test MAE norm: 0.0509796
Epoch: 1096, LR: 0.000010, Loss: 0.0435295, Validation MAE: 4.3602200, Test MAE: 3.7492838, Test MAE norm: 0.0511043
Epoch: 1101, LR: 0.000010, Loss: 0.0435334, Validation MAE: 4.3587508, Test MAE: 3.7455966, Test MAE norm: 0.0510540
Epoch: 1102, LR: 0.000010, Loss: 0.0436075, Validation MAE: 4.3574009, Test MAE: 3.7445507, Test MAE norm: 0.0510398
Epoch: 1112, LR: 0.000010, Loss: 0.0435113, Validation MAE: 4.3653297, Test MAE: 3.7399468, Test MAE norm: 0.0509770
Epoch: 1116, LR: 0.000010, Loss: 0.0435105, Validation MAE: 4.3646312, Test MAE: 3.7397194, Test MAE norm: 0.0509739
Epoch: 1126, LR: 0.000010, Loss: 0.0435327, Validation MAE: 4.3672485, Test MAE: 3.7411330, Test MAE norm: 0.0509932
Epoch: 1129, LR: 0.000010, Loss: 0.0435181, Validation MAE: 4.3655820, Test MAE: 3.7417011, Test MAE norm: 0.0510009
Epoch: 1130, LR: 0.000010, Loss: 0.0435516, Validation MAE: 4.3644638, Test MAE: 3.7407429, Test MAE norm: 0.0509879
Epoch: 1133, LR: 0.000010, Loss: 0.0434993, Validation MAE: 4.3628941, Test MAE: 3.7423460, Test MAE norm: 0.0510097
Epoch: 1143, LR: 0.000010, Loss: 0.0435176, Validation MAE: 4.3769517, Test MAE: 3.7364433, Test MAE norm: 0.0509293
Epoch: 1145, LR: 0.000010, Loss: 0.0435273, Validation MAE: 4.3666921, Test MAE: 3.7399316, Test MAE norm: 0.0509768
Epoch: 1146, LR: 0.000010, Loss: 0.0434906, Validation MAE: 4.3635015, Test MAE: 3.7385004, Test MAE norm: 0.0509573
Epoch: 1149, LR: 0.000010, Loss: 0.0435026, Validation MAE: 4.3623133, Test MAE: 3.7419534, Test MAE norm: 0.0510044
Epoch: 1150, LR: 0.000010, Loss: 0.0435450, Validation MAE: 4.3620200, Test MAE: 3.7394657, Test MAE norm: 0.0509705
Epoch: 1153, LR: 0.000010, Loss: 0.0434865, Validation MAE: 4.3591661, Test MAE: 3.7405379, Test MAE norm: 0.0509851
Epoch: 1159, LR: 0.000010, Loss: 0.0434551, Validation MAE: 4.3589764, Test MAE: 3.7398243, Test MAE norm: 0.0509753
Epoch: 1169, LR: 0.000010, Loss: 0.0434680, Validation MAE: 4.3842163, Test MAE: 3.7372861, Test MAE norm: 0.0509407
Epoch: 1170, LR: 0.000010, Loss: 0.0435353, Validation MAE: 4.3674073, Test MAE: 3.7377994, Test MAE norm: 0.0509477
Epoch: 1180, LR: 0.000010, Loss: 0.0434709, Validation MAE: 4.3758583, Test MAE: 3.7323720, Test MAE norm: 0.0508738
Epoch: 1181, LR: 0.000010, Loss: 0.0434732, Validation MAE: 4.3652949, Test MAE: 3.7326610, Test MAE norm: 0.0508777
Epoch: 1182, LR: 0.000010, Loss: 0.0434695, Validation MAE: 4.3609800, Test MAE: 3.7394080, Test MAE norm: 0.0509697
Epoch: 1183, LR: 0.000010, Loss: 0.0435261, Validation MAE: 4.3609481, Test MAE: 3.7368977, Test MAE norm: 0.0509355
Epoch: 1186, LR: 0.000010, Loss: 0.0434499, Validation MAE: 4.3548017, Test MAE: 3.7424412, Test MAE norm: 0.0510110
Epoch: 1196, LR: 0.000010, Loss: 0.0435820, Validation MAE: 4.3609400, Test MAE: 3.7384310, Test MAE norm: 0.0509564
Epoch: 1206, LR: 0.000010, Loss: 0.0435455, Validation MAE: 4.3594427, Test MAE: 3.7458942, Test MAE norm: 0.0510581
Epoch: 1210, LR: 0.000010, Loss: 0.0435693, Validation MAE: 4.3560014, Test MAE: 3.7365196, Test MAE norm: 0.0509303
Epoch: 1211, LR: 0.000010, Loss: 0.0434579, Validation MAE: 4.3547244, Test MAE: 3.7406564, Test MAE norm: 0.0509867
Epoch: 1212, LR: 0.000010, Loss: 0.0435861, Validation MAE: 4.3526645, Test MAE: 3.7366986, Test MAE norm: 0.0509327
Epoch: 1215, LR: 0.000010, Loss: 0.0435474, Validation MAE: 4.3525267, Test MAE: 3.7356808, Test MAE norm: 0.0509189
Epoch: 1216, LR: 0.000010, Loss: 0.0434110, Validation MAE: 4.3492761, Test MAE: 3.7375710, Test MAE norm: 0.0509446
Epoch: 1226, LR: 0.000010, Loss: 0.0435149, Validation MAE: 4.3605170, Test MAE: 3.7305446, Test MAE norm: 0.0508489
Epoch: 1229, LR: 0.000010, Loss: 0.0434378, Validation MAE: 4.3541617, Test MAE: 3.7395902, Test MAE norm: 0.0509722
Epoch: 1235, LR: 0.000010, Loss: 0.0433715, Validation MAE: 4.3510218, Test MAE: 3.7364342, Test MAE norm: 0.0509291
Epoch: 1245, LR: 0.000010, Loss: 0.0433796, Validation MAE: 4.3631320, Test MAE: 3.7303090, Test MAE norm: 0.0508456
Epoch: 1249, LR: 0.000010, Loss: 0.0433688, Validation MAE: 4.3617411, Test MAE: 3.7300172, Test MAE norm: 0.0508417
Epoch: 1252, LR: 0.000010, Loss: 0.0433838, Validation MAE: 4.3595471, Test MAE: 3.7329268, Test MAE norm: 0.0508813
Epoch: 1256, LR: 0.000010, Loss: 0.0433843, Validation MAE: 4.3562965, Test MAE: 3.7381501, Test MAE norm: 0.0509525
Epoch: 1257, LR: 0.000010, Loss: 0.0435027, Validation MAE: 4.3551641, Test MAE: 3.7381856, Test MAE norm: 0.0509530
Epoch: 1261, LR: 0.000010, Loss: 0.0433481, Validation MAE: 4.3543963, Test MAE: 3.7391956, Test MAE norm: 0.0509668
Epoch: 1262, LR: 0.000010, Loss: 0.0434940, Validation MAE: 4.3522739, Test MAE: 3.7362072, Test MAE norm: 0.0509260
Epoch: 1272, LR: 0.000010, Loss: 0.0433532, Validation MAE: 4.3613467, Test MAE: 3.7281799, Test MAE norm: 0.0508166
Epoch: 1273, LR: 0.000010, Loss: 0.0433499, Validation MAE: 4.3591743, Test MAE: 3.7289913, Test MAE norm: 0.0508277
Epoch: 1279, LR: 0.000010, Loss: 0.0433565, Validation MAE: 4.3522835, Test MAE: 3.7317138, Test MAE norm: 0.0508648
Epoch: 1288, LR: 0.000010, Loss: 0.0433549, Validation MAE: 4.3521023, Test MAE: 3.7326500, Test MAE norm: 0.0508776
Epoch: 1297, LR: 0.000010, Loss: 0.0437182, Validation MAE: 4.3509674, Test MAE: 3.7298369, Test MAE norm: 0.0508392
Epoch: 1298, LR: 0.000010, Loss: 0.0433382, Validation MAE: 4.3500485, Test MAE: 3.7382865, Test MAE norm: 0.0509544
Epoch: 1302, LR: 0.000010, Loss: 0.0434102, Validation MAE: 4.3481116, Test MAE: 3.7308521, Test MAE norm: 0.0508531
Epoch: 1303, LR: 0.000010, Loss: 0.0433656, Validation MAE: 4.3458028, Test MAE: 3.7293110, Test MAE norm: 0.0508320
Epoch: 1313, LR: 0.000010, Loss: 0.0433851, Validation MAE: 4.3767180, Test MAE: 3.7276881, Test MAE norm: 0.0508099
Epoch: 1314, LR: 0.000010, Loss: 0.0434025, Validation MAE: 4.3670001, Test MAE: 3.7259836, Test MAE norm: 0.0507867
Epoch: 1315, LR: 0.000010, Loss: 0.0433426, Validation MAE: 4.3546128, Test MAE: 3.7297978, Test MAE norm: 0.0508387
Epoch: 1322, LR: 0.000010, Loss: 0.0436818, Validation MAE: 4.3537917, Test MAE: 3.7282043, Test MAE norm: 0.0508170
Epoch: 1331, LR: 0.000010, Loss: 0.0437062, Validation MAE: 4.3519449, Test MAE: 3.7238548, Test MAE norm: 0.0507577
Epoch: 1332, LR: 0.000010, Loss: 0.0433064, Validation MAE: 4.3490505, Test MAE: 3.7322888, Test MAE norm: 0.0508726
Epoch: 1336, LR: 0.000010, Loss: 0.0433335, Validation MAE: 4.3485622, Test MAE: 3.7253010, Test MAE norm: 0.0507774
Epoch: 1341, LR: 0.000010, Loss: 0.0433764, Validation MAE: 4.3483119, Test MAE: 3.7223489, Test MAE norm: 0.0507371
Epoch: 1346, LR: 0.000010, Loss: 0.0435034, Validation MAE: 4.3472586, Test MAE: 3.7238662, Test MAE norm: 0.0507578
Epoch: 1356, LR: 0.000010, Loss: 0.0433918, Validation MAE: 4.3621259, Test MAE: 3.7224724, Test MAE norm: 0.0507388
Epoch: 1357, LR: 0.000010, Loss: 0.0432611, Validation MAE: 4.3563561, Test MAE: 3.7262049, Test MAE norm: 0.0507897
Epoch: 1358, LR: 0.000010, Loss: 0.0433782, Validation MAE: 4.3556156, Test MAE: 3.7246780, Test MAE norm: 0.0507689
Epoch: 1362, LR: 0.000010, Loss: 0.0433270, Validation MAE: 4.3553667, Test MAE: 3.7241919, Test MAE norm: 0.0507623
Epoch: 1365, LR: 0.000010, Loss: 0.0432685, Validation MAE: 4.3553581, Test MAE: 3.7251625, Test MAE norm: 0.0507755
Epoch: 1366, LR: 0.000010, Loss: 0.0433695, Validation MAE: 4.3549218, Test MAE: 3.7281091, Test MAE norm: 0.0508157
Epoch: 1370, LR: 0.000010, Loss: 0.0433598, Validation MAE: 4.3490872, Test MAE: 3.7323680, Test MAE norm: 0.0508737
Epoch: 1371, LR: 0.000010, Loss: 0.0434961, Validation MAE: 4.3488102, Test MAE: 3.7357378, Test MAE norm: 0.0509196
Epoch: 1372, LR: 0.000010, Loss: 0.0436166, Validation MAE: 4.3456764, Test MAE: 3.7255721, Test MAE norm: 0.0507811
Epoch: 1375, LR: 0.000010, Loss: 0.0436368, Validation MAE: 4.3454204, Test MAE: 3.7223754, Test MAE norm: 0.0507375
Epoch: 1376, LR: 0.000010, Loss: 0.0432483, Validation MAE: 4.3451757, Test MAE: 3.7382495, Test MAE norm: 0.0509539
Epoch: 1381, LR: 0.000010, Loss: 0.0435259, Validation MAE: 4.3430939, Test MAE: 3.7330396, Test MAE norm: 0.0508829
Epoch: 1389, LR: 0.000010, Loss: 0.0436615, Validation MAE: 4.3399420, Test MAE: 3.7234054, Test MAE norm: 0.0507515
Epoch: 1399, LR: 0.000010, Loss: 0.0432599, Validation MAE: 4.3465724, Test MAE: 3.7336435, Test MAE norm: 0.0508911
Epoch: 1401, LR: 0.000010, Loss: 0.0436164, Validation MAE: 4.3419266, Test MAE: 3.7187693, Test MAE norm: 0.0506884
Epoch: 1411, LR: 0.000010, Loss: 0.0432694, Validation MAE: 4.3464375, Test MAE: 3.7275069, Test MAE norm: 0.0508075
Epoch: 1412, LR: 0.000010, Loss: 0.0434553, Validation MAE: 4.3444891, Test MAE: 3.7255211, Test MAE norm: 0.0507804
Epoch: 1416, LR: 0.000010, Loss: 0.0433537, Validation MAE: 4.3435640, Test MAE: 3.7207415, Test MAE norm: 0.0507152
Epoch: 1417, LR: 0.000010, Loss: 0.0433382, Validation MAE: 4.3415079, Test MAE: 3.7268527, Test MAE norm: 0.0507985
Epoch: 1418, LR: 0.000010, Loss: 0.0434163, Validation MAE: 4.3411155, Test MAE: 3.7201967, Test MAE norm: 0.0507078
Epoch: 1421, LR: 0.000010, Loss: 0.0433804, Validation MAE: 4.3399878, Test MAE: 3.7166724, Test MAE norm: 0.0506598
Epoch: 1422, LR: 0.000010, Loss: 0.0432344, Validation MAE: 4.3331132, Test MAE: 3.7210150, Test MAE norm: 0.0507190
Epoch: 1432, LR: 0.000010, Loss: 0.0432136, Validation MAE: 4.3887305, Test MAE: 3.7234011, Test MAE norm: 0.0507515
Epoch: 1433, LR: 0.000010, Loss: 0.0434684, Validation MAE: 4.3668432, Test MAE: 3.7204628, Test MAE norm: 0.0507114
Epoch: 1434, LR: 0.000010, Loss: 0.0432841, Validation MAE: 4.3416080, Test MAE: 3.7241800, Test MAE norm: 0.0507621
Epoch: 1435, LR: 0.000010, Loss: 0.0433307, Validation MAE: 4.3398457, Test MAE: 3.7304373, Test MAE norm: 0.0508474
Epoch: 1444, LR: 0.000010, Loss: 0.0432609, Validation MAE: 4.3388271, Test MAE: 3.7238328, Test MAE norm: 0.0507574
Epoch: 1445, LR: 0.000010, Loss: 0.0432646, Validation MAE: 4.3364511, Test MAE: 3.7251303, Test MAE norm: 0.0507751
Epoch: 1455, LR: 0.000010, Loss: 0.0431779, Validation MAE: 4.3797584, Test MAE: 3.7210371, Test MAE norm: 0.0507193
Epoch: 1456, LR: 0.000010, Loss: 0.0434072, Validation MAE: 4.3643212, Test MAE: 3.7199492, Test MAE norm: 0.0507044
Epoch: 1457, LR: 0.000010, Loss: 0.0432632, Validation MAE: 4.3470511, Test MAE: 3.7278311, Test MAE norm: 0.0508119
Epoch: 1458, LR: 0.000010, Loss: 0.0434313, Validation MAE: 4.3457422, Test MAE: 3.7334411, Test MAE norm: 0.0508883
Epoch: 1463, LR: 0.000010, Loss: 0.0431978, Validation MAE: 4.3457375, Test MAE: 3.7348065, Test MAE norm: 0.0509069
Epoch: 1468, LR: 0.000010, Loss: 0.0435136, Validation MAE: 4.3397093, Test MAE: 3.7199645, Test MAE norm: 0.0507046
Epoch: 1470, LR: 0.000010, Loss: 0.0435176, Validation MAE: 4.3383055, Test MAE: 3.7240753, Test MAE norm: 0.0507607
Epoch: 1475, LR: 0.000010, Loss: 0.0433897, Validation MAE: 4.3377581, Test MAE: 3.7182498, Test MAE norm: 0.0506813
Epoch: 1478, LR: 0.000010, Loss: 0.0432986, Validation MAE: 4.3338828, Test MAE: 3.7238619, Test MAE norm: 0.0507578
Epoch: 1480, LR: 0.000010, Loss: 0.0433666, Validation MAE: 4.3320889, Test MAE: 3.7200530, Test MAE norm: 0.0507059
Epoch: 1483, LR: 0.000010, Loss: 0.0433793, Validation MAE: 4.3281817, Test MAE: 3.7233787, Test MAE norm: 0.0507512
Epoch: 1484, LR: 0.000010, Loss: 0.0432449, Validation MAE: 4.3266025, Test MAE: 3.7272871, Test MAE norm: 0.0508045
Epoch: 1488, LR: 0.000010, Loss: 0.0433891, Validation MAE: 4.3214612, Test MAE: 3.7179029, Test MAE norm: 0.0506765
Epoch: 1498, LR: 0.000010, Loss: 0.0432604, Validation MAE: 4.3544412, Test MAE: 3.7126346, Test MAE norm: 0.0506047
Epoch: 1499, LR: 0.000010, Loss: 0.0432447, Validation MAE: 4.3427339, Test MAE: 3.7188942, Test MAE norm: 0.0506901
Epoch: 1500, LR: 0.000010, Loss: 0.0432511, Validation MAE: 4.3397012, Test MAE: 3.7206535, Test MAE norm: 0.0507140
Epoch: 1510, LR: 0.000010, Loss: 0.0431803, Validation MAE: 4.3465357, Test MAE: 3.7252753, Test MAE norm: 0.0507770
Epoch: 1511, LR: 0.000010, Loss: 0.0433670, Validation MAE: 4.3459935, Test MAE: 3.7216721, Test MAE norm: 0.0507279
Epoch: 1514, LR: 0.000010, Loss: 0.0432567, Validation MAE: 4.3413692, Test MAE: 3.7158084, Test MAE norm: 0.0506480
Epoch: 1515, LR: 0.000010, Loss: 0.0432235, Validation MAE: 4.3395686, Test MAE: 3.7184970, Test MAE norm: 0.0506846
Epoch: 1519, LR: 0.000010, Loss: 0.0431745, Validation MAE: 4.3365536, Test MAE: 3.7233505, Test MAE norm: 0.0507508
Epoch: 1520, LR: 0.000010, Loss: 0.0433193, Validation MAE: 4.3317189, Test MAE: 3.7243707, Test MAE norm: 0.0507647
Epoch: 1530, LR: 0.000010, Loss: 0.0434563, Validation MAE: 4.3285899, Test MAE: 3.7263749, Test MAE norm: 0.0507920
Epoch: 1540, LR: 0.000010, Loss: 0.0437155, Validation MAE: 4.4095864, Test MAE: 3.7175541, Test MAE norm: 0.0506718
Epoch: 1541, LR: 0.000010, Loss: 0.0435997, Validation MAE: 4.3311749, Test MAE: 3.7139080, Test MAE norm: 0.0506221
Epoch: 1551, LR: 0.000010, Loss: 0.0432183, Validation MAE: 4.4183311, Test MAE: 3.7172999, Test MAE norm: 0.0506683
Epoch: 1552, LR: 0.000010, Loss: 0.0436468, Validation MAE: 4.3876042, Test MAE: 3.7136467, Test MAE norm: 0.0506185
Epoch: 1553, LR: 0.000010, Loss: 0.0435250, Validation MAE: 4.3297181, Test MAE: 3.7153440, Test MAE norm: 0.0506417
Epoch: 1554, LR: 0.000010, Loss: 0.0432035, Validation MAE: 4.3289108, Test MAE: 3.7233391, Test MAE norm: 0.0507506
Epoch: 1558, LR: 0.000010, Loss: 0.0433322, Validation MAE: 4.3269958, Test MAE: 3.7124531, Test MAE norm: 0.0506023
Epoch: 1559, LR: 0.000010, Loss: 0.0431198, Validation MAE: 4.3258362, Test MAE: 3.7147250, Test MAE norm: 0.0506332
Epoch: 1563, LR: 0.000010, Loss: 0.0432482, Validation MAE: 4.3250389, Test MAE: 3.7153945, Test MAE norm: 0.0506424
Epoch: 1573, LR: 0.000010, Loss: 0.0431398, Validation MAE: 4.3434801, Test MAE: 3.7108166, Test MAE norm: 0.0505800
Epoch: 1574, LR: 0.000010, Loss: 0.0430927, Validation MAE: 4.3431621, Test MAE: 3.7113719, Test MAE norm: 0.0505875
Epoch: 1575, LR: 0.000010, Loss: 0.0431138, Validation MAE: 4.3405528, Test MAE: 3.7113540, Test MAE norm: 0.0505873
Epoch: 1578, LR: 0.000010, Loss: 0.0431481, Validation MAE: 4.3357344, Test MAE: 3.7149038, Test MAE norm: 0.0506357
Epoch: 1579, LR: 0.000010, Loss: 0.0431224, Validation MAE: 4.3312240, Test MAE: 3.7150877, Test MAE norm: 0.0506382
Epoch: 1582, LR: 0.000010, Loss: 0.0431032, Validation MAE: 4.3287039, Test MAE: 3.7208579, Test MAE norm: 0.0507168
Epoch: 1583, LR: 0.000010, Loss: 0.0432512, Validation MAE: 4.3267565, Test MAE: 3.7216260, Test MAE norm: 0.0507273
Epoch: 1593, LR: 0.000010, Loss: 0.0431735, Validation MAE: 4.3350277, Test MAE: 3.7118235, Test MAE norm: 0.0505937
Epoch: 1603, LR: 0.000010, Loss: 0.0432827, Validation MAE: 4.3357043, Test MAE: 3.7195539, Test MAE norm: 0.0506991
Epoch: 1606, LR: 0.000010, Loss: 0.0431194, Validation MAE: 4.3301649, Test MAE: 3.7127259, Test MAE norm: 0.0506060
Epoch: 1616, LR: 0.000010, Loss: 0.0431199, Validation MAE: 4.3383155, Test MAE: 3.7095318, Test MAE norm: 0.0505624
Epoch: 1617, LR: 0.000010, Loss: 0.0430982, Validation MAE: 4.3340659, Test MAE: 3.7118266, Test MAE norm: 0.0505937
Epoch: 1618, LR: 0.000010, Loss: 0.0430981, Validation MAE: 4.3334885, Test MAE: 3.7108703, Test MAE norm: 0.0505807
Epoch: 1620, LR: 0.000010, Loss: 0.0431529, Validation MAE: 4.3302941, Test MAE: 3.7112381, Test MAE norm: 0.0505857
Epoch: 1622, LR: 0.000010, Loss: 0.0430885, Validation MAE: 4.3282127, Test MAE: 3.7136543, Test MAE norm: 0.0506186
Epoch: 1626, LR: 0.000010, Loss: 0.0431331, Validation MAE: 4.3269525, Test MAE: 3.7232347, Test MAE norm: 0.0507492
Epoch: 1627, LR: 0.000010, Loss: 0.0433365, Validation MAE: 4.3264318, Test MAE: 3.7251785, Test MAE norm: 0.0507757
Epoch: 1632, LR: 0.000010, Loss: 0.0433360, Validation MAE: 4.3240242, Test MAE: 3.7179084, Test MAE norm: 0.0506766
Epoch: 1642, LR: 0.000010, Loss: 0.0434203, Validation MAE: 4.3328500, Test MAE: 3.7139294, Test MAE norm: 0.0506224
Epoch: 1645, LR: 0.000010, Loss: 0.0433738, Validation MAE: 4.3323522, Test MAE: 3.7082541, Test MAE norm: 0.0505450
Epoch: 1646, LR: 0.000010, Loss: 0.0430765, Validation MAE: 4.3308148, Test MAE: 3.7129955, Test MAE norm: 0.0506097
Epoch: 1647, LR: 0.000010, Loss: 0.0431693, Validation MAE: 4.3278971, Test MAE: 3.7094412, Test MAE norm: 0.0505612
Epoch: 1650, LR: 0.000010, Loss: 0.0431648, Validation MAE: 4.3250470, Test MAE: 3.7140603, Test MAE norm: 0.0506242
Epoch: 1655, LR: 0.000010, Loss: 0.0432188, Validation MAE: 4.3229375, Test MAE: 3.7091556, Test MAE norm: 0.0505573
Epoch: 1657, LR: 0.000010, Loss: 0.0431771, Validation MAE: 4.3195438, Test MAE: 3.7091827, Test MAE norm: 0.0505577
Epoch: 1660, LR: 0.000010, Loss: 0.0431526, Validation MAE: 4.3185039, Test MAE: 3.7113893, Test MAE norm: 0.0505878
Epoch: 1670, LR: 0.000010, Loss: 0.0431950, Validation MAE: 4.3281922, Test MAE: 3.7069407, Test MAE norm: 0.0505271
Epoch: 1680, LR: 0.000010, Loss: 0.0432268, Validation MAE: 4.3306570, Test MAE: 3.7147489, Test MAE norm: 0.0506336
Epoch: 1683, LR: 0.000010, Loss: 0.0430909, Validation MAE: 4.3240533, Test MAE: 3.7119896, Test MAE norm: 0.0505959
Epoch: 1684, LR: 0.000010, Loss: 0.0430920, Validation MAE: 4.3239594, Test MAE: 3.7119577, Test MAE norm: 0.0505955
Epoch: 1687, LR: 0.000010, Loss: 0.0430389, Validation MAE: 4.3232598, Test MAE: 3.7103417, Test MAE norm: 0.0505735
Epoch: 1688, LR: 0.000010, Loss: 0.0430551, Validation MAE: 4.3229599, Test MAE: 3.7087021, Test MAE norm: 0.0505511
Epoch: 1698, LR: 0.000010, Loss: 0.0432745, Validation MAE: 4.3229351, Test MAE: 3.7113864, Test MAE norm: 0.0505877
Epoch: 1701, LR: 0.000010, Loss: 0.0431838, Validation MAE: 4.3222222, Test MAE: 3.7122617, Test MAE norm: 0.0505997
Epoch: 1703, LR: 0.000010, Loss: 0.0432009, Validation MAE: 4.3207932, Test MAE: 3.7095881, Test MAE norm: 0.0505632
Epoch: 1706, LR: 0.000010, Loss: 0.0432917, Validation MAE: 4.3132825, Test MAE: 3.7102060, Test MAE norm: 0.0505716
Epoch: 1711, LR: 0.000010, Loss: 0.0431461, Validation MAE: 4.3094544, Test MAE: 3.7092872, Test MAE norm: 0.0505591
Epoch: 1712, LR: 0.000010, Loss: 0.0430542, Validation MAE: 4.3066120, Test MAE: 3.7121146, Test MAE norm: 0.0505976
Epoch: 1722, LR: 0.000010, Loss: 0.0430265, Validation MAE: 4.3455715, Test MAE: 3.7030950, Test MAE norm: 0.0504747
Epoch: 1723, LR: 0.000010, Loss: 0.0430762, Validation MAE: 4.3314452, Test MAE: 3.7022409, Test MAE norm: 0.0504631
Epoch: 1724, LR: 0.000010, Loss: 0.0430201, Validation MAE: 4.3256450, Test MAE: 3.7102866, Test MAE norm: 0.0505727
Epoch: 1725, LR: 0.000010, Loss: 0.0431684, Validation MAE: 4.3250985, Test MAE: 3.7085493, Test MAE norm: 0.0505491
Epoch: 1735, LR: 0.000010, Loss: 0.0430303, Validation MAE: 4.3240733, Test MAE: 3.7062371, Test MAE norm: 0.0505175
Epoch: 1736, LR: 0.000010, Loss: 0.0430601, Validation MAE: 4.3228569, Test MAE: 3.7073321, Test MAE norm: 0.0505325
Epoch: 1739, LR: 0.000010, Loss: 0.0429695, Validation MAE: 4.3201661, Test MAE: 3.7141249, Test MAE norm: 0.0506251
Epoch: 1740, LR: 0.000010, Loss: 0.0431641, Validation MAE: 4.3159862, Test MAE: 3.7133217, Test MAE norm: 0.0506141
Epoch: 1750, LR: 0.000010, Loss: 0.0429884, Validation MAE: 4.3390584, Test MAE: 3.7038467, Test MAE norm: 0.0504850
Epoch: 1751, LR: 0.000010, Loss: 0.0430335, Validation MAE: 4.3198962, Test MAE: 3.7105503, Test MAE norm: 0.0505763
Epoch: 1756, LR: 0.000010, Loss: 0.0429447, Validation MAE: 4.3171906, Test MAE: 3.7092104, Test MAE norm: 0.0505581
Epoch: 1760, LR: 0.000010, Loss: 0.0429826, Validation MAE: 4.3162241, Test MAE: 3.7138126, Test MAE norm: 0.0506208
Epoch: 1765, LR: 0.000010, Loss: 0.0429803, Validation MAE: 4.3149362, Test MAE: 3.7053761, Test MAE norm: 0.0505058
Epoch: 1772, LR: 0.000010, Loss: 0.0429725, Validation MAE: 4.3096695, Test MAE: 3.7131960, Test MAE norm: 0.0506124
Epoch: 1782, LR: 0.000010, Loss: 0.0430939, Validation MAE: 4.3254662, Test MAE: 3.7002656, Test MAE norm: 0.0504361
Epoch: 1784, LR: 0.000010, Loss: 0.0429961, Validation MAE: 4.3199582, Test MAE: 3.7042150, Test MAE norm: 0.0504900
Epoch: 1785, LR: 0.000010, Loss: 0.0429869, Validation MAE: 4.3187661, Test MAE: 3.7047768, Test MAE norm: 0.0504976
Epoch: 1788, LR: 0.000010, Loss: 0.0429409, Validation MAE: 4.3180628, Test MAE: 3.7020652, Test MAE norm: 0.0504607
Epoch: 1791, LR: 0.000010, Loss: 0.0429182, Validation MAE: 4.3166881, Test MAE: 3.7015960, Test MAE norm: 0.0504543
Epoch: 1794, LR: 0.000010, Loss: 0.0429487, Validation MAE: 4.3144240, Test MAE: 3.7017980, Test MAE norm: 0.0504570
Epoch: 1797, LR: 0.000010, Loss: 0.0429028, Validation MAE: 4.3118243, Test MAE: 3.7122245, Test MAE norm: 0.0505991
Epoch: 1798, LR: 0.000010, Loss: 0.0431401, Validation MAE: 4.3093371, Test MAE: 3.7101939, Test MAE norm: 0.0505715
Epoch: 1808, LR: 0.000010, Loss: 0.0429772, Validation MAE: 4.3305311, Test MAE: 3.7017081, Test MAE norm: 0.0504558
Epoch: 1809, LR: 0.000010, Loss: 0.0429739, Validation MAE: 4.3158131, Test MAE: 3.7056947, Test MAE norm: 0.0505101
Epoch: 1817, LR: 0.000010, Loss: 0.0429540, Validation MAE: 4.3112507, Test MAE: 3.7040627, Test MAE norm: 0.0504879
Epoch: 1818, LR: 0.000010, Loss: 0.0429489, Validation MAE: 4.3088813, Test MAE: 3.7032845, Test MAE norm: 0.0504773
Epoch: 1821, LR: 0.000010, Loss: 0.0429217, Validation MAE: 4.3056397, Test MAE: 3.7116358, Test MAE norm: 0.0505911
Epoch: 1822, LR: 0.000010, Loss: 0.0430628, Validation MAE: 4.3032055, Test MAE: 3.7084079, Test MAE norm: 0.0505471
Epoch: 1825, LR: 0.000010, Loss: 0.0429724, Validation MAE: 4.2997837, Test MAE: 3.7066252, Test MAE norm: 0.0505228
Epoch: 1835, LR: 0.000010, Loss: 0.0429302, Validation MAE: 4.3307853, Test MAE: 3.7001669, Test MAE norm: 0.0504348
Epoch: 1836, LR: 0.000010, Loss: 0.0430146, Validation MAE: 4.3207555, Test MAE: 3.6980770, Test MAE norm: 0.0504063
Epoch: 1837, LR: 0.000010, Loss: 0.0429239, Validation MAE: 4.3091536, Test MAE: 3.7082741, Test MAE norm: 0.0505453
Epoch: 1847, LR: 0.000010, Loss: 0.0430580, Validation MAE: 4.3249912, Test MAE: 3.6981237, Test MAE norm: 0.0504069
Epoch: 1849, LR: 0.000010, Loss: 0.0431190, Validation MAE: 4.3193188, Test MAE: 3.6979523, Test MAE norm: 0.0504046
Epoch: 1850, LR: 0.000010, Loss: 0.0428940, Validation MAE: 4.3160400, Test MAE: 3.7031617, Test MAE norm: 0.0504756
Epoch: 1851, LR: 0.000010, Loss: 0.0429609, Validation MAE: 4.3160143, Test MAE: 3.7015116, Test MAE norm: 0.0504531
Epoch: 1854, LR: 0.000010, Loss: 0.0428706, Validation MAE: 4.3103437, Test MAE: 3.7098918, Test MAE norm: 0.0505674
Epoch: 1855, LR: 0.000010, Loss: 0.0431052, Validation MAE: 4.3087087, Test MAE: 3.7093053, Test MAE norm: 0.0505594
Epoch: 1859, LR: 0.000010, Loss: 0.0432500, Validation MAE: 4.3060331, Test MAE: 3.7056050, Test MAE norm: 0.0505089
Epoch: 1861, LR: 0.000010, Loss: 0.0432077, Validation MAE: 4.3012557, Test MAE: 3.7068324, Test MAE norm: 0.0505257
Epoch: 1865, LR: 0.000010, Loss: 0.0429130, Validation MAE: 4.2975664, Test MAE: 3.7099869, Test MAE norm: 0.0505686
Epoch: 1866, LR: 0.000010, Loss: 0.0430661, Validation MAE: 4.2946920, Test MAE: 3.7071507, Test MAE norm: 0.0505300
Epoch: 1870, LR: 0.000010, Loss: 0.0429163, Validation MAE: 4.2943292, Test MAE: 3.7078896, Test MAE norm: 0.0505401
Epoch: 1880, LR: 0.000010, Loss: 0.0429549, Validation MAE: 4.3210006, Test MAE: 3.6937833, Test MAE norm: 0.0503478
Epoch: 1881, LR: 0.000010, Loss: 0.0429270, Validation MAE: 4.3146648, Test MAE: 3.6953640, Test MAE norm: 0.0503693
Epoch: 1882, LR: 0.000010, Loss: 0.0428983, Validation MAE: 4.3090630, Test MAE: 3.7036564, Test MAE norm: 0.0504824
Epoch: 1892, LR: 0.000010, Loss: 0.0428830, Validation MAE: 4.3196378, Test MAE: 3.6972573, Test MAE norm: 0.0503951
Epoch: 1894, LR: 0.000010, Loss: 0.0430031, Validation MAE: 4.3120990, Test MAE: 3.7010765, Test MAE norm: 0.0504472
Epoch: 1895, LR: 0.000010, Loss: 0.0428728, Validation MAE: 4.3078070, Test MAE: 3.7010100, Test MAE norm: 0.0504463
Epoch: 1897, LR: 0.000010, Loss: 0.0428638, Validation MAE: 4.3042717, Test MAE: 3.6985104, Test MAE norm: 0.0504122
Epoch: 1898, LR: 0.000010, Loss: 0.0428329, Validation MAE: 4.3010120, Test MAE: 3.7002563, Test MAE norm: 0.0504360
Epoch: 1902, LR: 0.000010, Loss: 0.0428205, Validation MAE: 4.3009157, Test MAE: 3.7035754, Test MAE norm: 0.0504813
Epoch: 1903, LR: 0.000010, Loss: 0.0429345, Validation MAE: 4.3003249, Test MAE: 3.7003741, Test MAE norm: 0.0504376
Epoch: 1913, LR: 0.000010, Loss: 0.0429595, Validation MAE: 4.3064485, Test MAE: 3.6965535, Test MAE norm: 0.0503855
Epoch: 1914, LR: 0.000010, Loss: 0.0428222, Validation MAE: 4.3061504, Test MAE: 3.6988080, Test MAE norm: 0.0504163
Epoch: 1917, LR: 0.000010, Loss: 0.0429489, Validation MAE: 4.3024073, Test MAE: 3.6997685, Test MAE norm: 0.0504294
Epoch: 1921, LR: 0.000010, Loss: 0.0428487, Validation MAE: 4.3010850, Test MAE: 3.7059295, Test MAE norm: 0.0505133
Epoch: 1922, LR: 0.000010, Loss: 0.0430038, Validation MAE: 4.2996106, Test MAE: 3.7044344, Test MAE norm: 0.0504930
Epoch: 1929, LR: 0.000010, Loss: 0.0428434, Validation MAE: 4.2991667, Test MAE: 3.7017360, Test MAE norm: 0.0504562
Epoch: 1932, LR: 0.000010, Loss: 0.0429680, Validation MAE: 4.2977052, Test MAE: 3.6991224, Test MAE norm: 0.0504206
Epoch: 1933, LR: 0.000010, Loss: 0.0428324, Validation MAE: 4.2959676, Test MAE: 3.7010622, Test MAE norm: 0.0504470
Epoch: 1943, LR: 0.000010, Loss: 0.0428190, Validation MAE: 4.3237190, Test MAE: 3.6924653, Test MAE norm: 0.0503298
Epoch: 1944, LR: 0.000010, Loss: 0.0428880, Validation MAE: 4.3074856, Test MAE: 3.6973724, Test MAE norm: 0.0503967
Epoch: 1952, LR: 0.000010, Loss: 0.0428486, Validation MAE: 4.3059335, Test MAE: 3.6951871, Test MAE norm: 0.0503669
Epoch: 1954, LR: 0.000010, Loss: 0.0429264, Validation MAE: 4.3014865, Test MAE: 3.6955962, Test MAE norm: 0.0503725
Epoch: 1955, LR: 0.000010, Loss: 0.0427955, Validation MAE: 4.2998929, Test MAE: 3.6963007, Test MAE norm: 0.0503821
Epoch: 1957, LR: 0.000010, Loss: 0.0428113, Validation MAE: 4.2961192, Test MAE: 3.6975732, Test MAE norm: 0.0503994
Epoch: 1958, LR: 0.000010, Loss: 0.0428241, Validation MAE: 4.2956314, Test MAE: 3.6971221, Test MAE norm: 0.0503933
Epoch: 1968, LR: 0.000010, Loss: 0.0428184, Validation MAE: 4.3015642, Test MAE: 3.6966426, Test MAE norm: 0.0503868
Epoch: 1971, LR: 0.000010, Loss: 0.0428333, Validation MAE: 4.3003917, Test MAE: 3.6990008, Test MAE norm: 0.0504189
Epoch: 1974, LR: 0.000010, Loss: 0.0427824, Validation MAE: 4.2995892, Test MAE: 3.6987789, Test MAE norm: 0.0504159
Epoch: 1976, LR: 0.000010, Loss: 0.0428417, Validation MAE: 4.2988906, Test MAE: 3.6990707, Test MAE norm: 0.0504199
Epoch: 1977, LR: 0.000010, Loss: 0.0428157, Validation MAE: 4.2961960, Test MAE: 3.6987162, Test MAE norm: 0.0504150
Epoch: 1980, LR: 0.000010, Loss: 0.0427859, Validation MAE: 4.2953320, Test MAE: 3.6983428, Test MAE norm: 0.0504099
Epoch: 1982, LR: 0.000010, Loss: 0.0428568, Validation MAE: 4.2947478, Test MAE: 3.6979606, Test MAE norm: 0.0504047
Epoch: 1992, LR: 0.000010, Loss: 0.0427792, Validation MAE: 4.3049536, Test MAE: 3.6973743, Test MAE norm: 0.0503967
Epoch: 1994, LR: 0.000010, Loss: 0.0428889, Validation MAE: 4.2992244, Test MAE: 3.6970520, Test MAE norm: 0.0503923
Epoch: 1997, LR: 0.000010, Loss: 0.0428148, Validation MAE: 4.2983112, Test MAE: 3.6943977, Test MAE norm: 0.0503562
Epoch: 1998, LR: 0.000010, Loss: 0.0427912, Validation MAE: 4.2953420, Test MAE: 3.6966240, Test MAE norm: 0.0503865
Epoch: 1998, LR: 0.000010, Loss: 0.0427912, Validation MAE: 4.2953420, Test MAE: 3.6966240, Test MAE norm: 0.0503865