Command line input: python run_count.py --batch_size 256 --target 2 --model GNN --h 3 --seed 1 --epoch 2000 --dataset easy-1
Mean = 9.685, Std = 14.079
Using GNN model

Epoch: 001, LR: 0.001000, Loss: 0.5354763, Validation MAE: 7.8727293, Test MAE: 7.8843298, Test MAE norm: 0.5600141
Epoch: 002, LR: 0.001000, Loss: 0.5239855, Validation MAE: 7.7234116, Test MAE: 7.7567782, Test MAE norm: 0.5509542
Epoch: 003, LR: 0.001000, Loss: 0.5125402, Validation MAE: 7.5670948, Test MAE: 7.6120639, Test MAE norm: 0.5406753
Epoch: 004, LR: 0.001000, Loss: 0.5007310, Validation MAE: 7.4230056, Test MAE: 7.4787755, Test MAE norm: 0.5312080
Epoch: 005, LR: 0.001000, Loss: 0.4896950, Validation MAE: 7.2805653, Test MAE: 7.3453140, Test MAE norm: 0.5217285
Epoch: 006, LR: 0.001000, Loss: 0.4785470, Validation MAE: 7.1402550, Test MAE: 7.2255487, Test MAE norm: 0.5132217
Epoch: 007, LR: 0.001000, Loss: 0.4680606, Validation MAE: 6.9936047, Test MAE: 7.1142316, Test MAE norm: 0.5053149
Epoch: 008, LR: 0.001000, Loss: 0.4580778, Validation MAE: 6.8760343, Test MAE: 7.0466857, Test MAE norm: 0.5005172
Epoch: 009, LR: 0.001000, Loss: 0.4502398, Validation MAE: 6.8029757, Test MAE: 7.0386500, Test MAE norm: 0.4999465
Epoch: 013, LR: 0.001000, Loss: 0.4453331, Validation MAE: 6.8005662, Test MAE: 7.2228241, Test MAE norm: 0.5130281
Epoch: 014, LR: 0.001000, Loss: 0.4424522, Validation MAE: 6.7375116, Test MAE: 7.1228051, Test MAE norm: 0.5059239
Epoch: 015, LR: 0.001000, Loss: 0.4387021, Validation MAE: 6.6522284, Test MAE: 7.0722842, Test MAE norm: 0.5023355
Epoch: 016, LR: 0.001000, Loss: 0.4352302, Validation MAE: 6.5673323, Test MAE: 6.9515815, Test MAE norm: 0.4937621
Epoch: 017, LR: 0.001000, Loss: 0.4305699, Validation MAE: 6.4797988, Test MAE: 6.8789659, Test MAE norm: 0.4886043
Epoch: 018, LR: 0.001000, Loss: 0.4265790, Validation MAE: 6.4166546, Test MAE: 6.8378949, Test MAE norm: 0.4856871
Epoch: 020, LR: 0.001000, Loss: 0.4268613, Validation MAE: 6.3804321, Test MAE: 6.7238073, Test MAE norm: 0.4775836
Epoch: 022, LR: 0.001000, Loss: 0.4299946, Validation MAE: 6.2669954, Test MAE: 6.6659374, Test MAE norm: 0.4734732
Epoch: 025, LR: 0.001000, Loss: 0.4244051, Validation MAE: 6.2047977, Test MAE: 6.5848126, Test MAE norm: 0.4677110
Epoch: 027, LR: 0.001000, Loss: 0.4245293, Validation MAE: 6.1524758, Test MAE: 6.5502715, Test MAE norm: 0.4652576
Epoch: 033, LR: 0.001000, Loss: 0.4195473, Validation MAE: 6.0438552, Test MAE: 6.4486861, Test MAE norm: 0.4580421
Epoch: 037, LR: 0.001000, Loss: 0.4094413, Validation MAE: 6.0093155, Test MAE: 6.3980370, Test MAE norm: 0.4544446
Epoch: 039, LR: 0.001000, Loss: 0.4140511, Validation MAE: 5.9961143, Test MAE: 6.3880272, Test MAE norm: 0.4537336
Epoch: 040, LR: 0.001000, Loss: 0.4069882, Validation MAE: 5.9750872, Test MAE: 6.3136725, Test MAE norm: 0.4484522
Epoch: 043, LR: 0.001000, Loss: 0.4009422, Validation MAE: 5.8554959, Test MAE: 6.2283220, Test MAE norm: 0.4423899
Epoch: 045, LR: 0.001000, Loss: 0.4026406, Validation MAE: 5.8144312, Test MAE: 6.1793571, Test MAE norm: 0.4389120
Epoch: 048, LR: 0.001000, Loss: 0.3973093, Validation MAE: 5.7377305, Test MAE: 6.0810418, Test MAE norm: 0.4319288
Epoch: 049, LR: 0.001000, Loss: 0.3903359, Validation MAE: 5.7096491, Test MAE: 6.0695558, Test MAE norm: 0.4311129
Epoch: 050, LR: 0.001000, Loss: 0.3930101, Validation MAE: 5.6818652, Test MAE: 6.0245147, Test MAE norm: 0.4279137
Epoch: 053, LR: 0.001000, Loss: 0.3852075, Validation MAE: 5.5866308, Test MAE: 5.9281120, Test MAE norm: 0.4210664
Epoch: 054, LR: 0.001000, Loss: 0.3854483, Validation MAE: 5.5721231, Test MAE: 5.8983636, Test MAE norm: 0.4189534
Epoch: 057, LR: 0.001000, Loss: 0.3819998, Validation MAE: 5.4989953, Test MAE: 5.7609377, Test MAE norm: 0.4091922
Epoch: 058, LR: 0.001000, Loss: 0.3750213, Validation MAE: 5.4115911, Test MAE: 5.7200012, Test MAE norm: 0.4062845
Epoch: 061, LR: 0.001000, Loss: 0.3720383, Validation MAE: 5.3444347, Test MAE: 5.5791984, Test MAE norm: 0.3962835
Epoch: 062, LR: 0.001000, Loss: 0.3676831, Validation MAE: 5.3419862, Test MAE: 5.5584888, Test MAE norm: 0.3948125
Epoch: 065, LR: 0.001000, Loss: 0.3628728, Validation MAE: 5.2492094, Test MAE: 5.4418201, Test MAE norm: 0.3865257
Epoch: 068, LR: 0.001000, Loss: 0.3645198, Validation MAE: 5.1767535, Test MAE: 5.3940353, Test MAE norm: 0.3831316
Epoch: 069, LR: 0.001000, Loss: 0.3618234, Validation MAE: 5.1393747, Test MAE: 5.3529620, Test MAE norm: 0.3802142
Epoch: 071, LR: 0.001000, Loss: 0.3602078, Validation MAE: 5.1066141, Test MAE: 5.3310113, Test MAE norm: 0.3786550
Epoch: 072, LR: 0.001000, Loss: 0.3551234, Validation MAE: 5.0811853, Test MAE: 5.3412371, Test MAE norm: 0.3793814
Epoch: 075, LR: 0.001000, Loss: 0.3462503, Validation MAE: 5.0634069, Test MAE: 5.2759218, Test MAE norm: 0.3747421
Epoch: 079, LR: 0.001000, Loss: 0.3416737, Validation MAE: 5.0414019, Test MAE: 5.2508454, Test MAE norm: 0.3729610
Epoch: 083, LR: 0.001000, Loss: 0.3386395, Validation MAE: 4.9977055, Test MAE: 5.2510462, Test MAE norm: 0.3729752
Epoch: 087, LR: 0.001000, Loss: 0.3433269, Validation MAE: 4.8478184, Test MAE: 5.5741267, Test MAE norm: 0.3959232
Epoch: 088, LR: 0.001000, Loss: 0.3511879, Validation MAE: 4.8339186, Test MAE: 5.3863316, Test MAE norm: 0.3825844
Epoch: 098, LR: 0.001000, Loss: 0.3340425, Validation MAE: 5.1830425, Test MAE: 5.3653474, Test MAE norm: 0.3810939
Epoch: 099, LR: 0.001000, Loss: 0.3337479, Validation MAE: 4.9343166, Test MAE: 5.1901512, Test MAE norm: 0.3686499
Epoch: 100, LR: 0.000900, Loss: 0.3326268, Validation MAE: 4.9308429, Test MAE: 5.1955600, Test MAE norm: 0.3690341
Epoch: 103, LR: 0.000900, Loss: 0.3429672, Validation MAE: 4.7781568, Test MAE: 5.3093066, Test MAE norm: 0.3771134
Epoch: 109, LR: 0.000900, Loss: 0.3538468, Validation MAE: 4.7093682, Test MAE: 5.2584949, Test MAE norm: 0.3735043
Epoch: 118, LR: 0.000900, Loss: 0.3295031, Validation MAE: 4.6939421, Test MAE: 5.3243446, Test MAE norm: 0.3781815
Epoch: 128, LR: 0.000900, Loss: 0.3238190, Validation MAE: 5.2451692, Test MAE: 5.3652239, Test MAE norm: 0.3810851
Epoch: 129, LR: 0.000900, Loss: 0.3285425, Validation MAE: 5.1228938, Test MAE: 5.2822595, Test MAE norm: 0.3751923
Epoch: 130, LR: 0.000810, Loss: 0.3268918, Validation MAE: 4.8350229, Test MAE: 5.1201472, Test MAE norm: 0.3636777
Epoch: 131, LR: 0.000810, Loss: 0.3243142, Validation MAE: 4.7364535, Test MAE: 5.0808806, Test MAE norm: 0.3608886
Epoch: 137, LR: 0.000810, Loss: 0.3197097, Validation MAE: 4.7122955, Test MAE: 5.1388078, Test MAE norm: 0.3650031
Epoch: 143, LR: 0.000729, Loss: 0.3177954, Validation MAE: 4.6824784, Test MAE: 5.1168265, Test MAE norm: 0.3634418
Epoch: 153, LR: 0.000729, Loss: 0.3123567, Validation MAE: 4.6745000, Test MAE: 5.1382356, Test MAE norm: 0.3649624
Epoch: 154, LR: 0.000729, Loss: 0.3119248, Validation MAE: 4.6690736, Test MAE: 5.1276064, Test MAE norm: 0.3642074
Epoch: 157, LR: 0.000729, Loss: 0.3112990, Validation MAE: 4.6606188, Test MAE: 5.1214471, Test MAE norm: 0.3637700
Epoch: 158, LR: 0.000729, Loss: 0.3107714, Validation MAE: 4.6509299, Test MAE: 5.1336279, Test MAE norm: 0.3646351
Epoch: 162, LR: 0.000729, Loss: 0.3097722, Validation MAE: 4.6254234, Test MAE: 5.1340170, Test MAE norm: 0.3646628
Epoch: 165, LR: 0.000729, Loss: 0.3102940, Validation MAE: 4.5681992, Test MAE: 5.1154132, Test MAE norm: 0.3633414
Epoch: 166, LR: 0.000729, Loss: 0.3087087, Validation MAE: 4.5547390, Test MAE: 5.1131668, Test MAE norm: 0.3631818
Epoch: 173, LR: 0.000729, Loss: 0.3073284, Validation MAE: 4.5055871, Test MAE: 5.1740780, Test MAE norm: 0.3675083
Epoch: 180, LR: 0.000729, Loss: 0.3059052, Validation MAE: 4.4769692, Test MAE: 5.1305909, Test MAE norm: 0.3644194
Epoch: 185, LR: 0.000729, Loss: 0.3075626, Validation MAE: 4.4609547, Test MAE: 5.0681138, Test MAE norm: 0.3599818
Epoch: 191, LR: 0.000729, Loss: 0.3053849, Validation MAE: 4.4412832, Test MAE: 5.1566830, Test MAE norm: 0.3662727
Epoch: 198, LR: 0.000729, Loss: 0.3061444, Validation MAE: 4.4390974, Test MAE: 5.1166806, Test MAE norm: 0.3634314
Epoch: 203, LR: 0.000729, Loss: 0.3057696, Validation MAE: 4.4253993, Test MAE: 5.0966015, Test MAE norm: 0.3620052
Epoch: 207, LR: 0.000729, Loss: 0.3055573, Validation MAE: 4.4018106, Test MAE: 5.1244173, Test MAE norm: 0.3639809
Epoch: 211, LR: 0.000729, Loss: 0.3115273, Validation MAE: 4.3923407, Test MAE: 5.1685328, Test MAE norm: 0.3671144
Epoch: 214, LR: 0.000729, Loss: 0.3120535, Validation MAE: 4.3909798, Test MAE: 5.1186852, Test MAE norm: 0.3635738
Epoch: 224, LR: 0.000729, Loss: 0.3032702, Validation MAE: 4.3907247, Test MAE: 5.1274343, Test MAE norm: 0.3641952
Epoch: 225, LR: 0.000729, Loss: 0.3089232, Validation MAE: 4.3906097, Test MAE: 5.0793581, Test MAE norm: 0.3607804
Epoch: 233, LR: 0.000656, Loss: 0.3018229, Validation MAE: 4.3590345, Test MAE: 5.0917549, Test MAE norm: 0.3616610
Epoch: 243, LR: 0.000656, Loss: 0.3000915, Validation MAE: 4.6456542, Test MAE: 5.1314645, Test MAE norm: 0.3644815
Epoch: 244, LR: 0.000656, Loss: 0.2995274, Validation MAE: 4.4365740, Test MAE: 5.1120367, Test MAE norm: 0.3631016
Epoch: 251, LR: 0.000590, Loss: 0.2973190, Validation MAE: 4.4344888, Test MAE: 5.1600647, Test MAE norm: 0.3665129
Epoch: 254, LR: 0.000590, Loss: 0.3010823, Validation MAE: 4.3565044, Test MAE: 5.1451397, Test MAE norm: 0.3654528
Epoch: 264, LR: 0.000590, Loss: 0.2967114, Validation MAE: 4.4772868, Test MAE: 5.1091576, Test MAE norm: 0.3628971
Epoch: 269, LR: 0.000531, Loss: 0.2959588, Validation MAE: 4.4003754, Test MAE: 5.1539311, Test MAE norm: 0.3660773
Epoch: 277, LR: 0.000478, Loss: 0.2957472, Validation MAE: 4.3879123, Test MAE: 5.1468902, Test MAE norm: 0.3655772
Epoch: 280, LR: 0.000478, Loss: 0.2987745, Validation MAE: 4.3383179, Test MAE: 5.1225290, Test MAE norm: 0.3638468
Epoch: 290, LR: 0.000478, Loss: 0.2978681, Validation MAE: 4.3281164, Test MAE: 5.1275954, Test MAE norm: 0.3642067
Epoch: 291, LR: 0.000478, Loss: 0.2974118, Validation MAE: 4.3250747, Test MAE: 5.1153054, Test MAE norm: 0.3633337
Epoch: 301, LR: 0.000478, Loss: 0.2952903, Validation MAE: 4.3844199, Test MAE: 5.0843191, Test MAE norm: 0.3611328
Epoch: 304, LR: 0.000430, Loss: 0.2954774, Validation MAE: 4.3730507, Test MAE: 5.1371922, Test MAE norm: 0.3648883
Epoch: 308, LR: 0.000430, Loss: 0.2950732, Validation MAE: 4.3627520, Test MAE: 5.0876465, Test MAE norm: 0.3613692
Epoch: 311, LR: 0.000430, Loss: 0.2944066, Validation MAE: 4.3489981, Test MAE: 5.1325793, Test MAE norm: 0.3645607
Epoch: 315, LR: 0.000387, Loss: 0.2943420, Validation MAE: 4.3489037, Test MAE: 5.1368890, Test MAE norm: 0.3648668
Epoch: 319, LR: 0.000387, Loss: 0.2961194, Validation MAE: 4.3304658, Test MAE: 5.0903764, Test MAE norm: 0.3615631
Epoch: 322, LR: 0.000387, Loss: 0.2948033, Validation MAE: 4.3266706, Test MAE: 5.1079655, Test MAE norm: 0.3628124
Epoch: 323, LR: 0.000387, Loss: 0.2965145, Validation MAE: 4.3175874, Test MAE: 5.1086330, Test MAE norm: 0.3628598
Epoch: 326, LR: 0.000387, Loss: 0.2963642, Validation MAE: 4.3172960, Test MAE: 5.1021457, Test MAE norm: 0.3623990
Epoch: 336, LR: 0.000349, Loss: 0.2937527, Validation MAE: 4.4926000, Test MAE: 5.0909991, Test MAE norm: 0.3616073
Epoch: 337, LR: 0.000349, Loss: 0.2928984, Validation MAE: 4.4351935, Test MAE: 5.0951900, Test MAE norm: 0.3619049
Epoch: 340, LR: 0.000349, Loss: 0.2927226, Validation MAE: 4.4157290, Test MAE: 5.1400013, Test MAE norm: 0.3650878
Epoch: 344, LR: 0.000349, Loss: 0.2930729, Validation MAE: 4.4024239, Test MAE: 5.0910277, Test MAE norm: 0.3616093
Epoch: 354, LR: 0.000314, Loss: 0.2926132, Validation MAE: 4.4630861, Test MAE: 5.1114173, Test MAE norm: 0.3630576
Epoch: 356, LR: 0.000314, Loss: 0.2924783, Validation MAE: 4.4284601, Test MAE: 5.1328421, Test MAE norm: 0.3645793
Epoch: 366, LR: 0.000282, Loss: 0.2919430, Validation MAE: 4.4388194, Test MAE: 5.1118822, Test MAE norm: 0.3630906
Epoch: 369, LR: 0.000254, Loss: 0.2916488, Validation MAE: 4.4378419, Test MAE: 5.1198354, Test MAE norm: 0.3636555
Epoch: 371, LR: 0.000254, Loss: 0.2916843, Validation MAE: 4.4281282, Test MAE: 5.1192245, Test MAE norm: 0.3636121
Epoch: 374, LR: 0.000254, Loss: 0.2918138, Validation MAE: 4.4092584, Test MAE: 5.1089215, Test MAE norm: 0.3628803
Epoch: 384, LR: 0.000229, Loss: 0.2914335, Validation MAE: 4.4605451, Test MAE: 5.0984464, Test MAE norm: 0.3621362
Epoch: 385, LR: 0.000229, Loss: 0.2916320, Validation MAE: 4.4451060, Test MAE: 5.0891094, Test MAE norm: 0.3614731
Epoch: 388, LR: 0.000229, Loss: 0.2914553, Validation MAE: 4.4320536, Test MAE: 5.1196508, Test MAE norm: 0.3636424
Epoch: 389, LR: 0.000229, Loss: 0.2914205, Validation MAE: 4.4089937, Test MAE: 5.1386061, Test MAE norm: 0.3649887
Epoch: 392, LR: 0.000206, Loss: 0.2914543, Validation MAE: 4.4023404, Test MAE: 5.1036081, Test MAE norm: 0.3625029
Epoch: 399, LR: 0.000206, Loss: 0.2920743, Validation MAE: 4.3973927, Test MAE: 5.1289802, Test MAE norm: 0.3643050
Epoch: 404, LR: 0.000185, Loss: 0.2911370, Validation MAE: 4.3871613, Test MAE: 5.1028929, Test MAE norm: 0.3624521
Epoch: 408, LR: 0.000185, Loss: 0.2913743, Validation MAE: 4.3740954, Test MAE: 5.1122174, Test MAE norm: 0.3631144
Epoch: 412, LR: 0.000167, Loss: 0.2917251, Validation MAE: 4.3637738, Test MAE: 5.0921764, Test MAE norm: 0.3616909
Epoch: 417, LR: 0.000167, Loss: 0.2914006, Validation MAE: 4.3574443, Test MAE: 5.1005187, Test MAE norm: 0.3622834
Epoch: 427, LR: 0.000150, Loss: 0.2907956, Validation MAE: 4.4505329, Test MAE: 5.1025066, Test MAE norm: 0.3624246
Epoch: 429, LR: 0.000150, Loss: 0.2908416, Validation MAE: 4.4096942, Test MAE: 5.1117191, Test MAE norm: 0.3630790
Epoch: 430, LR: 0.000150, Loss: 0.2906696, Validation MAE: 4.3908520, Test MAE: 5.1166162, Test MAE norm: 0.3634268
Epoch: 440, LR: 0.000135, Loss: 0.2905463, Validation MAE: 4.3784108, Test MAE: 5.1084328, Test MAE norm: 0.3628456
Epoch: 450, LR: 0.000122, Loss: 0.2903990, Validation MAE: 4.4277349, Test MAE: 5.1150956, Test MAE norm: 0.3633188
Epoch: 451, LR: 0.000122, Loss: 0.2904454, Validation MAE: 4.4236879, Test MAE: 5.1108985, Test MAE norm: 0.3630207
Epoch: 452, LR: 0.000122, Loss: 0.2904720, Validation MAE: 4.4043555, Test MAE: 5.1080813, Test MAE norm: 0.3628206
Epoch: 462, LR: 0.000109, Loss: 0.2902279, Validation MAE: 4.4221606, Test MAE: 5.1112509, Test MAE norm: 0.3630458
Epoch: 463, LR: 0.000109, Loss: 0.2902622, Validation MAE: 4.4207482, Test MAE: 5.1061254, Test MAE norm: 0.3626817
Epoch: 464, LR: 0.000109, Loss: 0.2902484, Validation MAE: 4.4183707, Test MAE: 5.1026230, Test MAE norm: 0.3624329
Epoch: 468, LR: 0.000098, Loss: 0.2902304, Validation MAE: 4.4028130, Test MAE: 5.1076388, Test MAE norm: 0.3627892
Epoch: 469, LR: 0.000098, Loss: 0.2901836, Validation MAE: 4.4022188, Test MAE: 5.1109514, Test MAE norm: 0.3630245
Epoch: 473, LR: 0.000098, Loss: 0.2901805, Validation MAE: 4.4015522, Test MAE: 5.1134939, Test MAE norm: 0.3632051
Epoch: 483, LR: 0.000089, Loss: 0.2900277, Validation MAE: 4.4132047, Test MAE: 5.1134996, Test MAE norm: 0.3632055
Epoch: 485, LR: 0.000089, Loss: 0.2900066, Validation MAE: 4.4128923, Test MAE: 5.1085978, Test MAE norm: 0.3628573
Epoch: 486, LR: 0.000089, Loss: 0.2899565, Validation MAE: 4.3951416, Test MAE: 5.1107006, Test MAE norm: 0.3630067
Epoch: 496, LR: 0.000080, Loss: 0.2899555, Validation MAE: 4.4164686, Test MAE: 5.1079798, Test MAE norm: 0.3628134
Epoch: 497, LR: 0.000080, Loss: 0.2899523, Validation MAE: 4.4136438, Test MAE: 5.1055903, Test MAE norm: 0.3626437
Epoch: 498, LR: 0.000080, Loss: 0.2899265, Validation MAE: 4.3989887, Test MAE: 5.1047230, Test MAE norm: 0.3625821
Epoch: 499, LR: 0.000080, Loss: 0.2899490, Validation MAE: 4.3937430, Test MAE: 5.1025701, Test MAE norm: 0.3624291
Epoch: 509, LR: 0.000072, Loss: 0.2898308, Validation MAE: 4.3995848, Test MAE: 5.1014352, Test MAE norm: 0.3623486
Epoch: 510, LR: 0.000072, Loss: 0.2898045, Validation MAE: 4.3896413, Test MAE: 5.1036439, Test MAE norm: 0.3625054
Epoch: 516, LR: 0.000065, Loss: 0.2898355, Validation MAE: 4.3879695, Test MAE: 5.1072822, Test MAE norm: 0.3627639
Epoch: 526, LR: 0.000058, Loss: 0.2897694, Validation MAE: 4.4138079, Test MAE: 5.1116843, Test MAE norm: 0.3630765
Epoch: 527, LR: 0.000058, Loss: 0.2897417, Validation MAE: 4.4009142, Test MAE: 5.1137190, Test MAE norm: 0.3632210
Epoch: 528, LR: 0.000058, Loss: 0.2897616, Validation MAE: 4.3964939, Test MAE: 5.1125083, Test MAE norm: 0.3631350
Epoch: 533, LR: 0.000052, Loss: 0.2897273, Validation MAE: 4.3930802, Test MAE: 5.0985556, Test MAE norm: 0.3621440
Epoch: 534, LR: 0.000052, Loss: 0.2897088, Validation MAE: 4.3925724, Test MAE: 5.0995679, Test MAE norm: 0.3622159
Epoch: 544, LR: 0.000047, Loss: 0.2896466, Validation MAE: 4.4082170, Test MAE: 5.0980077, Test MAE norm: 0.3621051
Epoch: 545, LR: 0.000047, Loss: 0.2896517, Validation MAE: 4.4012399, Test MAE: 5.0986338, Test MAE norm: 0.3621496
Epoch: 546, LR: 0.000047, Loss: 0.2896304, Validation MAE: 4.3928814, Test MAE: 5.1003284, Test MAE norm: 0.3622699
Epoch: 547, LR: 0.000047, Loss: 0.2896671, Validation MAE: 4.3878403, Test MAE: 5.1024008, Test MAE norm: 0.3624171
Epoch: 557, LR: 0.000042, Loss: 0.2895999, Validation MAE: 4.3959980, Test MAE: 5.1029902, Test MAE norm: 0.3624590
Epoch: 558, LR: 0.000042, Loss: 0.2896007, Validation MAE: 4.3918319, Test MAE: 5.1029692, Test MAE norm: 0.3624575
Epoch: 568, LR: 0.000038, Loss: 0.2895293, Validation MAE: 4.4002776, Test MAE: 5.1025982, Test MAE norm: 0.3624311
Epoch: 570, LR: 0.000038, Loss: 0.2895309, Validation MAE: 4.3984742, Test MAE: 5.0997615, Test MAE norm: 0.3622297
Epoch: 571, LR: 0.000038, Loss: 0.2895174, Validation MAE: 4.3913331, Test MAE: 5.1005712, Test MAE norm: 0.3622872
Epoch: 572, LR: 0.000038, Loss: 0.2895164, Validation MAE: 4.3904953, Test MAE: 5.0997710, Test MAE norm: 0.3622303
Epoch: 582, LR: 0.000034, Loss: 0.2895160, Validation MAE: 4.3950734, Test MAE: 5.1005244, Test MAE norm: 0.3622839
Epoch: 586, LR: 0.000034, Loss: 0.2894632, Validation MAE: 4.3920560, Test MAE: 5.0969167, Test MAE norm: 0.3620276
Epoch: 587, LR: 0.000034, Loss: 0.2895023, Validation MAE: 4.3916860, Test MAE: 5.0971794, Test MAE norm: 0.3620463
Epoch: 597, LR: 0.000031, Loss: 0.2894344, Validation MAE: 4.3948679, Test MAE: 5.1000896, Test MAE norm: 0.3622530
Epoch: 601, LR: 0.000028, Loss: 0.2894440, Validation MAE: 4.3925800, Test MAE: 5.0976863, Test MAE norm: 0.3620823
Epoch: 602, LR: 0.000028, Loss: 0.2894230, Validation MAE: 4.3898797, Test MAE: 5.0988050, Test MAE norm: 0.3621617
Epoch: 612, LR: 0.000025, Loss: 0.2894052, Validation MAE: 4.3948503, Test MAE: 5.0984106, Test MAE norm: 0.3621337
Epoch: 613, LR: 0.000025, Loss: 0.2893981, Validation MAE: 4.3943172, Test MAE: 5.0978460, Test MAE norm: 0.3620936
Epoch: 614, LR: 0.000025, Loss: 0.2893901, Validation MAE: 4.3928251, Test MAE: 5.0972729, Test MAE norm: 0.3620529
Epoch: 615, LR: 0.000025, Loss: 0.2893881, Validation MAE: 4.3928113, Test MAE: 5.0964622, Test MAE norm: 0.3619953
Epoch: 616, LR: 0.000025, Loss: 0.2894051, Validation MAE: 4.3914404, Test MAE: 5.0961561, Test MAE norm: 0.3619736
Epoch: 618, LR: 0.000025, Loss: 0.2893958, Validation MAE: 4.3909473, Test MAE: 5.0979910, Test MAE norm: 0.3621039
Epoch: 628, LR: 0.000023, Loss: 0.2893667, Validation MAE: 4.3921995, Test MAE: 5.0952129, Test MAE norm: 0.3619066
Epoch: 629, LR: 0.000023, Loss: 0.2893556, Validation MAE: 4.3914480, Test MAE: 5.0953383, Test MAE norm: 0.3619155
Epoch: 635, LR: 0.000020, Loss: 0.2893478, Validation MAE: 4.3914242, Test MAE: 5.0968990, Test MAE norm: 0.3620263
Epoch: 639, LR: 0.000020, Loss: 0.2893378, Validation MAE: 4.3911266, Test MAE: 5.0980730, Test MAE norm: 0.3621097
Epoch: 640, LR: 0.000020, Loss: 0.2893503, Validation MAE: 4.3878579, Test MAE: 5.0974851, Test MAE norm: 0.3620680
Epoch: 648, LR: 0.000018, Loss: 0.2893335, Validation MAE: 4.3874054, Test MAE: 5.0981817, Test MAE norm: 0.3621175
Epoch: 658, LR: 0.000016, Loss: 0.2893168, Validation MAE: 4.3964467, Test MAE: 5.0955358, Test MAE norm: 0.3619295
Epoch: 659, LR: 0.000016, Loss: 0.2893230, Validation MAE: 4.3961549, Test MAE: 5.0954576, Test MAE norm: 0.3619240
Epoch: 660, LR: 0.000016, Loss: 0.2893300, Validation MAE: 4.3923187, Test MAE: 5.0964432, Test MAE norm: 0.3619940
Epoch: 661, LR: 0.000016, Loss: 0.2893139, Validation MAE: 4.3898616, Test MAE: 5.0962186, Test MAE norm: 0.3619780
Epoch: 662, LR: 0.000016, Loss: 0.2893021, Validation MAE: 4.3887973, Test MAE: 5.0957255, Test MAE norm: 0.3619430
Epoch: 671, LR: 0.000015, Loss: 0.2892968, Validation MAE: 4.3870592, Test MAE: 5.0971065, Test MAE norm: 0.3620411
Epoch: 678, LR: 0.000013, Loss: 0.2892843, Validation MAE: 4.3856964, Test MAE: 5.0952473, Test MAE norm: 0.3619090
Epoch: 688, LR: 0.000012, Loss: 0.2892716, Validation MAE: 4.3886075, Test MAE: 5.0976324, Test MAE norm: 0.3620784
Epoch: 698, LR: 0.000011, Loss: 0.2892609, Validation MAE: 4.3888206, Test MAE: 5.0939231, Test MAE norm: 0.3618150
Epoch: 702, LR: 0.000011, Loss: 0.2892503, Validation MAE: 4.3886390, Test MAE: 5.0945282, Test MAE norm: 0.3618580
Epoch: 712, LR: 0.000010, Loss: 0.2892456, Validation MAE: 4.3909121, Test MAE: 5.0942650, Test MAE norm: 0.3618393
Epoch: 713, LR: 0.000010, Loss: 0.2892460, Validation MAE: 4.3892503, Test MAE: 5.0938764, Test MAE norm: 0.3618116
Epoch: 720, LR: 0.000010, Loss: 0.2892331, Validation MAE: 4.3876357, Test MAE: 5.0935678, Test MAE norm: 0.3617897
Epoch: 721, LR: 0.000010, Loss: 0.2892504, Validation MAE: 4.3868032, Test MAE: 5.0940342, Test MAE norm: 0.3618229
Epoch: 731, LR: 0.000010, Loss: 0.2892104, Validation MAE: 4.3914533, Test MAE: 5.0921168, Test MAE norm: 0.3616867
Epoch: 732, LR: 0.000010, Loss: 0.2892072, Validation MAE: 4.3910427, Test MAE: 5.0925512, Test MAE norm: 0.3617175
Epoch: 733, LR: 0.000010, Loss: 0.2892157, Validation MAE: 4.3902807, Test MAE: 5.0924859, Test MAE norm: 0.3617129
Epoch: 734, LR: 0.000010, Loss: 0.2892149, Validation MAE: 4.3900285, Test MAE: 5.0926709, Test MAE norm: 0.3617260
Epoch: 741, LR: 0.000010, Loss: 0.2891964, Validation MAE: 4.3886366, Test MAE: 5.0924363, Test MAE norm: 0.3617094
Epoch: 742, LR: 0.000010, Loss: 0.2892113, Validation MAE: 4.3881679, Test MAE: 5.0927553, Test MAE norm: 0.3617320
Epoch: 751, LR: 0.000010, Loss: 0.2892046, Validation MAE: 4.3876672, Test MAE: 5.0916309, Test MAE norm: 0.3616522
Epoch: 761, LR: 0.000010, Loss: 0.2892005, Validation MAE: 4.3915629, Test MAE: 5.0912795, Test MAE norm: 0.3616272
Epoch: 763, LR: 0.000010, Loss: 0.2892109, Validation MAE: 4.3913913, Test MAE: 5.0909758, Test MAE norm: 0.3616056
Epoch: 764, LR: 0.000010, Loss: 0.2891923, Validation MAE: 4.3909297, Test MAE: 5.0906615, Test MAE norm: 0.3615833
Epoch: 765, LR: 0.000010, Loss: 0.2891874, Validation MAE: 4.3906488, Test MAE: 5.0907216, Test MAE norm: 0.3615876
Epoch: 766, LR: 0.000010, Loss: 0.2891894, Validation MAE: 4.3900256, Test MAE: 5.0903702, Test MAE norm: 0.3615626
Epoch: 767, LR: 0.000010, Loss: 0.2891820, Validation MAE: 4.3896432, Test MAE: 5.0904651, Test MAE norm: 0.3615693
Epoch: 768, LR: 0.000010, Loss: 0.2891872, Validation MAE: 4.3890457, Test MAE: 5.0898385, Test MAE norm: 0.3615249
Epoch: 774, LR: 0.000010, Loss: 0.2891935, Validation MAE: 4.3886814, Test MAE: 5.0902681, Test MAE norm: 0.3615554
Epoch: 783, LR: 0.000010, Loss: 0.2891912, Validation MAE: 4.3880963, Test MAE: 5.0916700, Test MAE norm: 0.3616549
Epoch: 784, LR: 0.000010, Loss: 0.2891898, Validation MAE: 4.3866491, Test MAE: 5.0914245, Test MAE norm: 0.3616375
Epoch: 791, LR: 0.000010, Loss: 0.2891740, Validation MAE: 4.3851213, Test MAE: 5.0914717, Test MAE norm: 0.3616408
Epoch: 792, LR: 0.000010, Loss: 0.2891886, Validation MAE: 4.3849649, Test MAE: 5.0917697, Test MAE norm: 0.3616620
Epoch: 802, LR: 0.000010, Loss: 0.2891459, Validation MAE: 4.3923855, Test MAE: 5.0910358, Test MAE norm: 0.3616099
Epoch: 803, LR: 0.000010, Loss: 0.2891740, Validation MAE: 4.3916039, Test MAE: 5.0907459, Test MAE norm: 0.3615893
Epoch: 804, LR: 0.000010, Loss: 0.2891503, Validation MAE: 4.3893580, Test MAE: 5.0905643, Test MAE norm: 0.3615764
Epoch: 805, LR: 0.000010, Loss: 0.2891411, Validation MAE: 4.3881841, Test MAE: 5.0905395, Test MAE norm: 0.3615746
Epoch: 810, LR: 0.000010, Loss: 0.2891495, Validation MAE: 4.3880658, Test MAE: 5.0908966, Test MAE norm: 0.3616000
Epoch: 811, LR: 0.000010, Loss: 0.2891375, Validation MAE: 4.3876834, Test MAE: 5.0905881, Test MAE norm: 0.3615781
Epoch: 821, LR: 0.000010, Loss: 0.2891390, Validation MAE: 4.3911724, Test MAE: 5.0894113, Test MAE norm: 0.3614945
Epoch: 822, LR: 0.000010, Loss: 0.2891580, Validation MAE: 4.3905840, Test MAE: 5.0899811, Test MAE norm: 0.3615350
Epoch: 824, LR: 0.000010, Loss: 0.2891393, Validation MAE: 4.3895206, Test MAE: 5.0901775, Test MAE norm: 0.3615489
Epoch: 825, LR: 0.000010, Loss: 0.2891430, Validation MAE: 4.3893132, Test MAE: 5.0903316, Test MAE norm: 0.3615599
Epoch: 830, LR: 0.000010, Loss: 0.2891473, Validation MAE: 4.3892903, Test MAE: 5.0894642, Test MAE norm: 0.3614983
Epoch: 834, LR: 0.000010, Loss: 0.2891397, Validation MAE: 4.3889136, Test MAE: 5.0893402, Test MAE norm: 0.3614894
Epoch: 839, LR: 0.000010, Loss: 0.2891331, Validation MAE: 4.3884344, Test MAE: 5.0897870, Test MAE norm: 0.3615212
Epoch: 840, LR: 0.000010, Loss: 0.2891141, Validation MAE: 4.3867621, Test MAE: 5.0898261, Test MAE norm: 0.3615240
Epoch: 848, LR: 0.000010, Loss: 0.2891172, Validation MAE: 4.3860283, Test MAE: 5.0889940, Test MAE norm: 0.3614649
Epoch: 849, LR: 0.000010, Loss: 0.2891193, Validation MAE: 4.3859959, Test MAE: 5.0886679, Test MAE norm: 0.3614417
Epoch: 855, LR: 0.000010, Loss: 0.2891048, Validation MAE: 4.3842473, Test MAE: 5.0887928, Test MAE norm: 0.3614506
Epoch: 865, LR: 0.000010, Loss: 0.2890912, Validation MAE: 4.3858671, Test MAE: 5.0898547, Test MAE norm: 0.3615260
Epoch: 872, LR: 0.000010, Loss: 0.2890984, Validation MAE: 4.3837399, Test MAE: 5.0895019, Test MAE norm: 0.3615009
Epoch: 873, LR: 0.000010, Loss: 0.2891021, Validation MAE: 4.3825607, Test MAE: 5.0893445, Test MAE norm: 0.3614898
Epoch: 883, LR: 0.000010, Loss: 0.2890688, Validation MAE: 4.3868260, Test MAE: 5.0880675, Test MAE norm: 0.3613991
Epoch: 889, LR: 0.000010, Loss: 0.2890803, Validation MAE: 4.3858438, Test MAE: 5.0874844, Test MAE norm: 0.3613576
Epoch: 890, LR: 0.000010, Loss: 0.2890728, Validation MAE: 4.3837876, Test MAE: 5.0880322, Test MAE norm: 0.3613966
Epoch: 891, LR: 0.000010, Loss: 0.2890746, Validation MAE: 4.3835845, Test MAE: 5.0873780, Test MAE norm: 0.3613501
Epoch: 901, LR: 0.000010, Loss: 0.2890680, Validation MAE: 4.3888102, Test MAE: 5.0885897, Test MAE norm: 0.3614362
Epoch: 904, LR: 0.000010, Loss: 0.2890613, Validation MAE: 4.3877769, Test MAE: 5.0881410, Test MAE norm: 0.3614043
Epoch: 907, LR: 0.000010, Loss: 0.2890559, Validation MAE: 4.3869896, Test MAE: 5.0875554, Test MAE norm: 0.3613627
Epoch: 908, LR: 0.000010, Loss: 0.2890521, Validation MAE: 4.3863082, Test MAE: 5.0875902, Test MAE norm: 0.3613651
Epoch: 914, LR: 0.000010, Loss: 0.2890533, Validation MAE: 4.3858504, Test MAE: 5.0867519, Test MAE norm: 0.3613056
Epoch: 924, LR: 0.000010, Loss: 0.2890449, Validation MAE: 4.3912883, Test MAE: 5.0864596, Test MAE norm: 0.3612849
Epoch: 925, LR: 0.000010, Loss: 0.2890438, Validation MAE: 4.3892651, Test MAE: 5.0865593, Test MAE norm: 0.3612919
Epoch: 926, LR: 0.000010, Loss: 0.2890318, Validation MAE: 4.3863502, Test MAE: 5.0871587, Test MAE norm: 0.3613345
Epoch: 927, LR: 0.000010, Loss: 0.2890460, Validation MAE: 4.3847404, Test MAE: 5.0870004, Test MAE norm: 0.3613233
Epoch: 928, LR: 0.000010, Loss: 0.2890351, Validation MAE: 4.3843727, Test MAE: 5.0861473, Test MAE norm: 0.3612627
Epoch: 931, LR: 0.000010, Loss: 0.2890189, Validation MAE: 4.3843017, Test MAE: 5.0857720, Test MAE norm: 0.3612360
Epoch: 932, LR: 0.000010, Loss: 0.2890218, Validation MAE: 4.3826814, Test MAE: 5.0852985, Test MAE norm: 0.3612024
Epoch: 942, LR: 0.000010, Loss: 0.2890131, Validation MAE: 4.3863931, Test MAE: 5.0863118, Test MAE norm: 0.3612744
Epoch: 948, LR: 0.000010, Loss: 0.2890112, Validation MAE: 4.3850279, Test MAE: 5.0867529, Test MAE norm: 0.3613057
Epoch: 958, LR: 0.000010, Loss: 0.2890303, Validation MAE: 4.3854623, Test MAE: 5.0866909, Test MAE norm: 0.3613013
Epoch: 959, LR: 0.000010, Loss: 0.2890086, Validation MAE: 4.3849897, Test MAE: 5.0867338, Test MAE norm: 0.3613043
Epoch: 964, LR: 0.000010, Loss: 0.2889928, Validation MAE: 4.3838129, Test MAE: 5.0863590, Test MAE norm: 0.3612777
Epoch: 965, LR: 0.000010, Loss: 0.2889875, Validation MAE: 4.3824387, Test MAE: 5.0866528, Test MAE norm: 0.3612986
Epoch: 973, LR: 0.000010, Loss: 0.2889777, Validation MAE: 4.3808169, Test MAE: 5.0863776, Test MAE norm: 0.3612790
Epoch: 983, LR: 0.000010, Loss: 0.2889808, Validation MAE: 4.3825927, Test MAE: 5.0867610, Test MAE norm: 0.3613063
Epoch: 993, LR: 0.000010, Loss: 0.2889609, Validation MAE: 4.3850975, Test MAE: 5.0866790, Test MAE norm: 0.3613004
Epoch: 997, LR: 0.000010, Loss: 0.2889576, Validation MAE: 4.3835750, Test MAE: 5.0857925, Test MAE norm: 0.3612375
Epoch: 998, LR: 0.000010, Loss: 0.2889476, Validation MAE: 4.3828125, Test MAE: 5.0859632, Test MAE norm: 0.3612496
Epoch: 999, LR: 0.000010, Loss: 0.2889561, Validation MAE: 4.3819356, Test MAE: 5.0855880, Test MAE norm: 0.3612229
Epoch: 1004, LR: 0.000010, Loss: 0.2889498, Validation MAE: 4.3811169, Test MAE: 5.0844798, Test MAE norm: 0.3611442
Epoch: 1005, LR: 0.000010, Loss: 0.2889365, Validation MAE: 4.3802090, Test MAE: 5.0850201, Test MAE norm: 0.3611826
Epoch: 1015, LR: 0.000010, Loss: 0.2889850, Validation MAE: 4.3864441, Test MAE: 5.0854602, Test MAE norm: 0.3612139
Epoch: 1016, LR: 0.000010, Loss: 0.2889474, Validation MAE: 4.3860826, Test MAE: 5.0851831, Test MAE norm: 0.3611942
Epoch: 1017, LR: 0.000010, Loss: 0.2889273, Validation MAE: 4.3858285, Test MAE: 5.0859919, Test MAE norm: 0.3612516
Epoch: 1018, LR: 0.000010, Loss: 0.2889437, Validation MAE: 4.3849154, Test MAE: 5.0863872, Test MAE norm: 0.3612797
Epoch: 1019, LR: 0.000010, Loss: 0.2889536, Validation MAE: 4.3847775, Test MAE: 5.0858898, Test MAE norm: 0.3612444
Epoch: 1021, LR: 0.000010, Loss: 0.2889390, Validation MAE: 4.3842549, Test MAE: 5.0848122, Test MAE norm: 0.3611678
Epoch: 1027, LR: 0.000010, Loss: 0.2889419, Validation MAE: 4.3837833, Test MAE: 5.0849566, Test MAE norm: 0.3611781
Epoch: 1032, LR: 0.000010, Loss: 0.2889285, Validation MAE: 4.3826628, Test MAE: 5.0847983, Test MAE norm: 0.3611669
Epoch: 1038, LR: 0.000010, Loss: 0.2889290, Validation MAE: 4.3825631, Test MAE: 5.0841532, Test MAE norm: 0.3611210
Epoch: 1047, LR: 0.000010, Loss: 0.2889001, Validation MAE: 4.3822060, Test MAE: 5.0842214, Test MAE norm: 0.3611259
Epoch: 1057, LR: 0.000010, Loss: 0.2889011, Validation MAE: 4.3843360, Test MAE: 5.0845437, Test MAE norm: 0.3611488
Epoch: 1061, LR: 0.000010, Loss: 0.2888879, Validation MAE: 4.3826809, Test MAE: 5.0832191, Test MAE norm: 0.3610547
Epoch: 1062, LR: 0.000010, Loss: 0.2888885, Validation MAE: 4.3814263, Test MAE: 5.0837111, Test MAE norm: 0.3610896
Epoch: 1063, LR: 0.000010, Loss: 0.2888978, Validation MAE: 4.3810968, Test MAE: 5.0829535, Test MAE norm: 0.3610358
Epoch: 1068, LR: 0.000010, Loss: 0.2888914, Validation MAE: 4.3798332, Test MAE: 5.0825820, Test MAE norm: 0.3610094
Epoch: 1075, LR: 0.000010, Loss: 0.2888897, Validation MAE: 4.3797712, Test MAE: 5.0824080, Test MAE norm: 0.3609971
Epoch: 1085, LR: 0.000010, Loss: 0.2888650, Validation MAE: 4.3840079, Test MAE: 5.0832844, Test MAE norm: 0.3610593
Epoch: 1086, LR: 0.000010, Loss: 0.2888640, Validation MAE: 4.3824625, Test MAE: 5.0835867, Test MAE norm: 0.3610808
Epoch: 1087, LR: 0.000010, Loss: 0.2888687, Validation MAE: 4.3818645, Test MAE: 5.0836778, Test MAE norm: 0.3610873
Epoch: 1097, LR: 0.000010, Loss: 0.2888552, Validation MAE: 4.3829079, Test MAE: 5.0822053, Test MAE norm: 0.3609827
Epoch: 1098, LR: 0.000010, Loss: 0.2888480, Validation MAE: 4.3803549, Test MAE: 5.0827603, Test MAE norm: 0.3610221
Epoch: 1099, LR: 0.000010, Loss: 0.2888757, Validation MAE: 4.3793473, Test MAE: 5.0824223, Test MAE norm: 0.3609981
Epoch: 1106, LR: 0.000010, Loss: 0.2888700, Validation MAE: 4.3790021, Test MAE: 5.0804977, Test MAE norm: 0.3608614
Epoch: 1116, LR: 0.000010, Loss: 0.2888413, Validation MAE: 4.3845835, Test MAE: 5.0803432, Test MAE norm: 0.3608504
Epoch: 1117, LR: 0.000010, Loss: 0.2888335, Validation MAE: 4.3826456, Test MAE: 5.0810471, Test MAE norm: 0.3609004
Epoch: 1118, LR: 0.000010, Loss: 0.2888315, Validation MAE: 4.3820229, Test MAE: 5.0815215, Test MAE norm: 0.3609341
Epoch: 1123, LR: 0.000010, Loss: 0.2888190, Validation MAE: 4.3819895, Test MAE: 5.0815668, Test MAE norm: 0.3609373
Epoch: 1124, LR: 0.000010, Loss: 0.2888263, Validation MAE: 4.3818803, Test MAE: 5.0813723, Test MAE norm: 0.3609235
Epoch: 1125, LR: 0.000010, Loss: 0.2888209, Validation MAE: 4.3812661, Test MAE: 5.0809789, Test MAE norm: 0.3608955
Epoch: 1128, LR: 0.000010, Loss: 0.2888046, Validation MAE: 4.3812022, Test MAE: 5.0799479, Test MAE norm: 0.3608223
Epoch: 1129, LR: 0.000010, Loss: 0.2888195, Validation MAE: 4.3809991, Test MAE: 5.0807872, Test MAE norm: 0.3608820
Epoch: 1130, LR: 0.000010, Loss: 0.2888307, Validation MAE: 4.3788438, Test MAE: 5.0812969, Test MAE norm: 0.3609181
Epoch: 1131, LR: 0.000010, Loss: 0.2888145, Validation MAE: 4.3772802, Test MAE: 5.0812149, Test MAE norm: 0.3609123
Epoch: 1141, LR: 0.000010, Loss: 0.2887964, Validation MAE: 4.3853416, Test MAE: 5.0810966, Test MAE norm: 0.3609039
Epoch: 1142, LR: 0.000010, Loss: 0.2888229, Validation MAE: 4.3846750, Test MAE: 5.0817122, Test MAE norm: 0.3609476
Epoch: 1143, LR: 0.000010, Loss: 0.2888240, Validation MAE: 4.3824081, Test MAE: 5.0818868, Test MAE norm: 0.3609600
Epoch: 1144, LR: 0.000010, Loss: 0.2887994, Validation MAE: 4.3787885, Test MAE: 5.0825119, Test MAE norm: 0.3610044
Epoch: 1145, LR: 0.000010, Loss: 0.2888027, Validation MAE: 4.3782058, Test MAE: 5.0827227, Test MAE norm: 0.3610194
Epoch: 1155, LR: 0.000010, Loss: 0.2888010, Validation MAE: 4.3801618, Test MAE: 5.0818429, Test MAE norm: 0.3609569
Epoch: 1156, LR: 0.000010, Loss: 0.2888035, Validation MAE: 4.3777628, Test MAE: 5.0819798, Test MAE norm: 0.3609667
Epoch: 1166, LR: 0.000010, Loss: 0.2887908, Validation MAE: 4.3821254, Test MAE: 5.0810585, Test MAE norm: 0.3609012
Epoch: 1168, LR: 0.000010, Loss: 0.2887940, Validation MAE: 4.3820314, Test MAE: 5.0807528, Test MAE norm: 0.3608795
Epoch: 1169, LR: 0.000010, Loss: 0.2887635, Validation MAE: 4.3802648, Test MAE: 5.0808825, Test MAE norm: 0.3608887
Epoch: 1170, LR: 0.000010, Loss: 0.2887860, Validation MAE: 4.3796935, Test MAE: 5.0811343, Test MAE norm: 0.3609066
Epoch: 1176, LR: 0.000010, Loss: 0.2887798, Validation MAE: 4.3791647, Test MAE: 5.0803342, Test MAE norm: 0.3608498
Epoch: 1177, LR: 0.000010, Loss: 0.2887832, Validation MAE: 4.3787589, Test MAE: 5.0805387, Test MAE norm: 0.3608643
Epoch: 1187, LR: 0.000010, Loss: 0.2887596, Validation MAE: 4.3806891, Test MAE: 5.0796981, Test MAE norm: 0.3608046
Epoch: 1192, LR: 0.000010, Loss: 0.2887560, Validation MAE: 4.3805094, Test MAE: 5.0797243, Test MAE norm: 0.3608064
Epoch: 1193, LR: 0.000010, Loss: 0.2887402, Validation MAE: 4.3800778, Test MAE: 5.0798063, Test MAE norm: 0.3608123
Epoch: 1194, LR: 0.000010, Loss: 0.2887612, Validation MAE: 4.3799162, Test MAE: 5.0795636, Test MAE norm: 0.3607950
Epoch: 1200, LR: 0.000010, Loss: 0.2887434, Validation MAE: 4.3798213, Test MAE: 5.0787005, Test MAE norm: 0.3607337
Epoch: 1201, LR: 0.000010, Loss: 0.2887307, Validation MAE: 4.3781705, Test MAE: 5.0795741, Test MAE norm: 0.3607958
Epoch: 1202, LR: 0.000010, Loss: 0.2887512, Validation MAE: 4.3770051, Test MAE: 5.0798783, Test MAE norm: 0.3608174
Epoch: 1212, LR: 0.000010, Loss: 0.2887261, Validation MAE: 4.3810935, Test MAE: 5.0798473, Test MAE norm: 0.3608152
Epoch: 1216, LR: 0.000010, Loss: 0.2887239, Validation MAE: 4.3793368, Test MAE: 5.0799718, Test MAE norm: 0.3608240
Epoch: 1220, LR: 0.000010, Loss: 0.2887257, Validation MAE: 4.3793054, Test MAE: 5.0795813, Test MAE norm: 0.3607963
Epoch: 1230, LR: 0.000010, Loss: 0.2887331, Validation MAE: 4.3809752, Test MAE: 5.0787058, Test MAE norm: 0.3607341
Epoch: 1231, LR: 0.000010, Loss: 0.2887205, Validation MAE: 4.3760509, Test MAE: 5.0799947, Test MAE norm: 0.3608257
Epoch: 1232, LR: 0.000010, Loss: 0.2887220, Validation MAE: 4.3752284, Test MAE: 5.0802298, Test MAE norm: 0.3608423
Epoch: 1242, LR: 0.000010, Loss: 0.2887053, Validation MAE: 4.3783903, Test MAE: 5.0777998, Test MAE norm: 0.3606698
Epoch: 1247, LR: 0.000010, Loss: 0.2886889, Validation MAE: 4.3778572, Test MAE: 5.0773444, Test MAE norm: 0.3606374
Epoch: 1248, LR: 0.000010, Loss: 0.2886631, Validation MAE: 4.3754730, Test MAE: 5.0780020, Test MAE norm: 0.3606841
Epoch: 1249, LR: 0.000010, Loss: 0.2886901, Validation MAE: 4.3741899, Test MAE: 5.0779977, Test MAE norm: 0.3606838
Epoch: 1257, LR: 0.000010, Loss: 0.2886664, Validation MAE: 4.3735566, Test MAE: 5.0772099, Test MAE norm: 0.3606279
Epoch: 1267, LR: 0.000010, Loss: 0.2886635, Validation MAE: 4.3789678, Test MAE: 5.0789113, Test MAE norm: 0.3607487
Epoch: 1270, LR: 0.000010, Loss: 0.2886608, Validation MAE: 4.3786893, Test MAE: 5.0784001, Test MAE norm: 0.3607124
Epoch: 1271, LR: 0.000010, Loss: 0.2886684, Validation MAE: 4.3777342, Test MAE: 5.0786643, Test MAE norm: 0.3607312
Epoch: 1276, LR: 0.000010, Loss: 0.2886567, Validation MAE: 4.3774052, Test MAE: 5.0775743, Test MAE norm: 0.3606537
Epoch: 1282, LR: 0.000010, Loss: 0.2886645, Validation MAE: 4.3768473, Test MAE: 5.0762911, Test MAE norm: 0.3605626
Epoch: 1292, LR: 0.000010, Loss: 0.2886479, Validation MAE: 4.3781939, Test MAE: 5.0766983, Test MAE norm: 0.3605915
Epoch: 1295, LR: 0.000010, Loss: 0.2886373, Validation MAE: 4.3773203, Test MAE: 5.0768375, Test MAE norm: 0.3606014
Epoch: 1298, LR: 0.000010, Loss: 0.2886243, Validation MAE: 4.3769732, Test MAE: 5.0769258, Test MAE norm: 0.3606077
Epoch: 1304, LR: 0.000010, Loss: 0.2886180, Validation MAE: 4.3765216, Test MAE: 5.0785055, Test MAE norm: 0.3607199
Epoch: 1305, LR: 0.000010, Loss: 0.2886186, Validation MAE: 4.3761244, Test MAE: 5.0784822, Test MAE norm: 0.3607182
Epoch: 1310, LR: 0.000010, Loss: 0.2886217, Validation MAE: 4.3758426, Test MAE: 5.0758076, Test MAE norm: 0.3605283
Epoch: 1311, LR: 0.000010, Loss: 0.2886210, Validation MAE: 4.3732071, Test MAE: 5.0760903, Test MAE norm: 0.3605483
Epoch: 1312, LR: 0.000010, Loss: 0.2886194, Validation MAE: 4.3721747, Test MAE: 5.0755525, Test MAE norm: 0.3605101
Epoch: 1318, LR: 0.000010, Loss: 0.2886052, Validation MAE: 4.3709521, Test MAE: 5.0744481, Test MAE norm: 0.3604317
Epoch: 1328, LR: 0.000010, Loss: 0.2886078, Validation MAE: 4.3770485, Test MAE: 5.0761800, Test MAE norm: 0.3605547
Epoch: 1331, LR: 0.000010, Loss: 0.2885814, Validation MAE: 4.3766418, Test MAE: 5.0754499, Test MAE norm: 0.3605028
Epoch: 1332, LR: 0.000010, Loss: 0.2885942, Validation MAE: 4.3744440, Test MAE: 5.0753508, Test MAE norm: 0.3604958
Epoch: 1333, LR: 0.000010, Loss: 0.2885774, Validation MAE: 4.3741174, Test MAE: 5.0749936, Test MAE norm: 0.3604704
Epoch: 1340, LR: 0.000010, Loss: 0.2885664, Validation MAE: 4.3733392, Test MAE: 5.0736966, Test MAE norm: 0.3603783
Epoch: 1341, LR: 0.000010, Loss: 0.2885554, Validation MAE: 4.3731356, Test MAE: 5.0741911, Test MAE norm: 0.3604134
Epoch: 1351, LR: 0.000010, Loss: 0.2885562, Validation MAE: 4.3773031, Test MAE: 5.0755491, Test MAE norm: 0.3605099
Epoch: 1355, LR: 0.000010, Loss: 0.2885581, Validation MAE: 4.3768430, Test MAE: 5.0760112, Test MAE norm: 0.3605427
Epoch: 1356, LR: 0.000010, Loss: 0.2885637, Validation MAE: 4.3745594, Test MAE: 5.0758462, Test MAE norm: 0.3605310
Epoch: 1357, LR: 0.000010, Loss: 0.2885572, Validation MAE: 4.3737664, Test MAE: 5.0751548, Test MAE norm: 0.3604819
Epoch: 1364, LR: 0.000010, Loss: 0.2885430, Validation MAE: 4.3718667, Test MAE: 5.0741825, Test MAE norm: 0.3604128
Epoch: 1374, LR: 0.000010, Loss: 0.2885283, Validation MAE: 4.3778872, Test MAE: 5.0734816, Test MAE norm: 0.3603630
Epoch: 1376, LR: 0.000010, Loss: 0.2885452, Validation MAE: 4.3776374, Test MAE: 5.0744419, Test MAE norm: 0.3604313
Epoch: 1377, LR: 0.000010, Loss: 0.2885513, Validation MAE: 4.3759122, Test MAE: 5.0755067, Test MAE norm: 0.3605069
Epoch: 1382, LR: 0.000010, Loss: 0.2885343, Validation MAE: 4.3756166, Test MAE: 5.0731797, Test MAE norm: 0.3603416
Epoch: 1383, LR: 0.000010, Loss: 0.2885270, Validation MAE: 4.3748507, Test MAE: 5.0728827, Test MAE norm: 0.3603205
Epoch: 1384, LR: 0.000010, Loss: 0.2885191, Validation MAE: 4.3738837, Test MAE: 5.0724978, Test MAE norm: 0.3602931
Epoch: 1385, LR: 0.000010, Loss: 0.2885298, Validation MAE: 4.3717785, Test MAE: 5.0723858, Test MAE norm: 0.3602852
Epoch: 1386, LR: 0.000010, Loss: 0.2885152, Validation MAE: 4.3715582, Test MAE: 5.0719948, Test MAE norm: 0.3602574
Epoch: 1393, LR: 0.000010, Loss: 0.2885034, Validation MAE: 4.3705769, Test MAE: 5.0709977, Test MAE norm: 0.3601866
Epoch: 1394, LR: 0.000010, Loss: 0.2885108, Validation MAE: 4.3694353, Test MAE: 5.0714860, Test MAE norm: 0.3602213
Epoch: 1404, LR: 0.000010, Loss: 0.2884901, Validation MAE: 4.3744035, Test MAE: 5.0717077, Test MAE norm: 0.3602370
Epoch: 1408, LR: 0.000010, Loss: 0.2884822, Validation MAE: 4.3743439, Test MAE: 5.0720510, Test MAE norm: 0.3602614
Epoch: 1414, LR: 0.000010, Loss: 0.2884818, Validation MAE: 4.3736730, Test MAE: 5.0731521, Test MAE norm: 0.3603396
Epoch: 1419, LR: 0.000010, Loss: 0.2884691, Validation MAE: 4.3730297, Test MAE: 5.0730004, Test MAE norm: 0.3603289
Epoch: 1420, LR: 0.000010, Loss: 0.2884796, Validation MAE: 4.3723617, Test MAE: 5.0729947, Test MAE norm: 0.3603285
Epoch: 1430, LR: 0.000010, Loss: 0.2884853, Validation MAE: 4.3746333, Test MAE: 5.0721679, Test MAE norm: 0.3602697
Epoch: 1440, LR: 0.000010, Loss: 0.2884855, Validation MAE: 4.3750339, Test MAE: 5.0722327, Test MAE norm: 0.3602743
Epoch: 1442, LR: 0.000010, Loss: 0.2884551, Validation MAE: 4.3742270, Test MAE: 5.0721602, Test MAE norm: 0.3602692
Epoch: 1444, LR: 0.000010, Loss: 0.2884600, Validation MAE: 4.3730359, Test MAE: 5.0719671, Test MAE norm: 0.3602555
Epoch: 1445, LR: 0.000010, Loss: 0.2884414, Validation MAE: 4.3724251, Test MAE: 5.0717969, Test MAE norm: 0.3602434
Epoch: 1451, LR: 0.000010, Loss: 0.2884479, Validation MAE: 4.3712788, Test MAE: 5.0704784, Test MAE norm: 0.3601497
Epoch: 1452, LR: 0.000010, Loss: 0.2884390, Validation MAE: 4.3709631, Test MAE: 5.0707469, Test MAE norm: 0.3601688
Epoch: 1462, LR: 0.000010, Loss: 0.2884241, Validation MAE: 4.3727384, Test MAE: 5.0710225, Test MAE norm: 0.3601884
Epoch: 1468, LR: 0.000010, Loss: 0.2884164, Validation MAE: 4.3716817, Test MAE: 5.0719900, Test MAE norm: 0.3602571
Epoch: 1475, LR: 0.000010, Loss: 0.2884099, Validation MAE: 4.3701048, Test MAE: 5.0711498, Test MAE norm: 0.3601974
Epoch: 1485, LR: 0.000010, Loss: 0.2883931, Validation MAE: 4.3704796, Test MAE: 5.0698590, Test MAE norm: 0.3601057
Epoch: 1495, LR: 0.000010, Loss: 0.2883583, Validation MAE: 4.3736982, Test MAE: 5.0697923, Test MAE norm: 0.3601010
Epoch: 1498, LR: 0.000010, Loss: 0.2883699, Validation MAE: 4.3735256, Test MAE: 5.0696406, Test MAE norm: 0.3600902
Epoch: 1499, LR: 0.000010, Loss: 0.2883560, Validation MAE: 4.3719144, Test MAE: 5.0694275, Test MAE norm: 0.3600751
Epoch: 1500, LR: 0.000010, Loss: 0.2883576, Validation MAE: 4.3714652, Test MAE: 5.0684252, Test MAE norm: 0.3600039
Epoch: 1501, LR: 0.000010, Loss: 0.2883574, Validation MAE: 4.3701148, Test MAE: 5.0683708, Test MAE norm: 0.3600000
Epoch: 1502, LR: 0.000010, Loss: 0.2883524, Validation MAE: 4.3697133, Test MAE: 5.0683823, Test MAE norm: 0.3600008
Epoch: 1504, LR: 0.000010, Loss: 0.2883419, Validation MAE: 4.3694100, Test MAE: 5.0687928, Test MAE norm: 0.3600300
Epoch: 1508, LR: 0.000010, Loss: 0.2883602, Validation MAE: 4.3693261, Test MAE: 5.0691385, Test MAE norm: 0.3600546
Epoch: 1518, LR: 0.000010, Loss: 0.2883477, Validation MAE: 4.3703480, Test MAE: 5.0697017, Test MAE norm: 0.3600945
Epoch: 1523, LR: 0.000010, Loss: 0.2883412, Validation MAE: 4.3696680, Test MAE: 5.0688648, Test MAE norm: 0.3600351
Epoch: 1524, LR: 0.000010, Loss: 0.2883446, Validation MAE: 4.3696508, Test MAE: 5.0686998, Test MAE norm: 0.3600234
Epoch: 1534, LR: 0.000010, Loss: 0.2883239, Validation MAE: 4.3713827, Test MAE: 5.0679798, Test MAE norm: 0.3599722
Epoch: 1539, LR: 0.000010, Loss: 0.2883015, Validation MAE: 4.3711991, Test MAE: 5.0682631, Test MAE norm: 0.3599924
Epoch: 1540, LR: 0.000010, Loss: 0.2883210, Validation MAE: 4.3710833, Test MAE: 5.0682726, Test MAE norm: 0.3599930
Epoch: 1545, LR: 0.000010, Loss: 0.2883030, Validation MAE: 4.3700967, Test MAE: 5.0670576, Test MAE norm: 0.3599068
Epoch: 1546, LR: 0.000010, Loss: 0.2882983, Validation MAE: 4.3687882, Test MAE: 5.0672078, Test MAE norm: 0.3599174
Epoch: 1549, LR: 0.000010, Loss: 0.2883007, Validation MAE: 4.3686347, Test MAE: 5.0672636, Test MAE norm: 0.3599214
Epoch: 1559, LR: 0.000010, Loss: 0.2882817, Validation MAE: 4.3723598, Test MAE: 5.0657916, Test MAE norm: 0.3598168
Epoch: 1560, LR: 0.000010, Loss: 0.2882788, Validation MAE: 4.3691611, Test MAE: 5.0658755, Test MAE norm: 0.3598228
Epoch: 1561, LR: 0.000010, Loss: 0.2882845, Validation MAE: 4.3690434, Test MAE: 5.0657692, Test MAE norm: 0.3598152
Epoch: 1568, LR: 0.000010, Loss: 0.2882739, Validation MAE: 4.3686271, Test MAE: 5.0664716, Test MAE norm: 0.3598651
Epoch: 1578, LR: 0.000010, Loss: 0.2882722, Validation MAE: 4.3729191, Test MAE: 5.0639858, Test MAE norm: 0.3596886
Epoch: 1579, LR: 0.000010, Loss: 0.2882651, Validation MAE: 4.3713260, Test MAE: 5.0642171, Test MAE norm: 0.3597050
Epoch: 1580, LR: 0.000010, Loss: 0.2882609, Validation MAE: 4.3701549, Test MAE: 5.0646386, Test MAE norm: 0.3597349
Epoch: 1581, LR: 0.000010, Loss: 0.2882411, Validation MAE: 4.3671551, Test MAE: 5.0652585, Test MAE norm: 0.3597790
Epoch: 1591, LR: 0.000010, Loss: 0.2882493, Validation MAE: 4.3714437, Test MAE: 5.0646238, Test MAE norm: 0.3597339
Epoch: 1593, LR: 0.000010, Loss: 0.2882519, Validation MAE: 4.3704743, Test MAE: 5.0646739, Test MAE norm: 0.3597374
Epoch: 1594, LR: 0.000010, Loss: 0.2882452, Validation MAE: 4.3704114, Test MAE: 5.0653262, Test MAE norm: 0.3597838
Epoch: 1595, LR: 0.000010, Loss: 0.2882423, Validation MAE: 4.3690491, Test MAE: 5.0652814, Test MAE norm: 0.3597806
Epoch: 1604, LR: 0.000010, Loss: 0.2882379, Validation MAE: 4.3681183, Test MAE: 5.0655131, Test MAE norm: 0.3597971
Epoch: 1610, LR: 0.000010, Loss: 0.2882152, Validation MAE: 4.3658123, Test MAE: 5.0648355, Test MAE norm: 0.3597489
Epoch: 1611, LR: 0.000010, Loss: 0.2882155, Validation MAE: 4.3653173, Test MAE: 5.0645833, Test MAE norm: 0.3597310
Epoch: 1621, LR: 0.000010, Loss: 0.2882019, Validation MAE: 4.3706489, Test MAE: 5.0629363, Test MAE norm: 0.3596140
Epoch: 1622, LR: 0.000010, Loss: 0.2881938, Validation MAE: 4.3705635, Test MAE: 5.0628991, Test MAE norm: 0.3596114
Epoch: 1623, LR: 0.000010, Loss: 0.2881882, Validation MAE: 4.3691211, Test MAE: 5.0636196, Test MAE norm: 0.3596626
Epoch: 1624, LR: 0.000010, Loss: 0.2881970, Validation MAE: 4.3677316, Test MAE: 5.0638180, Test MAE norm: 0.3596766
Epoch: 1625, LR: 0.000010, Loss: 0.2881886, Validation MAE: 4.3674483, Test MAE: 5.0637121, Test MAE norm: 0.3596691
Epoch: 1631, LR: 0.000010, Loss: 0.2881934, Validation MAE: 4.3673630, Test MAE: 5.0641561, Test MAE norm: 0.3597006
Epoch: 1634, LR: 0.000010, Loss: 0.2881780, Validation MAE: 4.3672876, Test MAE: 5.0634489, Test MAE norm: 0.3596504
Epoch: 1635, LR: 0.000010, Loss: 0.2881910, Validation MAE: 4.3659482, Test MAE: 5.0643964, Test MAE norm: 0.3597177
Epoch: 1645, LR: 0.000010, Loss: 0.2882029, Validation MAE: 4.3702440, Test MAE: 5.0633783, Test MAE norm: 0.3596454
Epoch: 1649, LR: 0.000010, Loss: 0.2881533, Validation MAE: 4.3687582, Test MAE: 5.0630846, Test MAE norm: 0.3596246
Epoch: 1650, LR: 0.000010, Loss: 0.2881603, Validation MAE: 4.3675165, Test MAE: 5.0636334, Test MAE norm: 0.3596635
Epoch: 1651, LR: 0.000010, Loss: 0.2881641, Validation MAE: 4.3664575, Test MAE: 5.0630188, Test MAE norm: 0.3596199
Epoch: 1661, LR: 0.000010, Loss: 0.2881561, Validation MAE: 4.3672385, Test MAE: 5.0619559, Test MAE norm: 0.3595444
Epoch: 1662, LR: 0.000010, Loss: 0.2881581, Validation MAE: 4.3667760, Test MAE: 5.0620761, Test MAE norm: 0.3595529
Epoch: 1668, LR: 0.000010, Loss: 0.2881386, Validation MAE: 4.3653488, Test MAE: 5.0613890, Test MAE norm: 0.3595041
Epoch: 1674, LR: 0.000010, Loss: 0.2881143, Validation MAE: 4.3639774, Test MAE: 5.0603523, Test MAE norm: 0.3594305
Epoch: 1684, LR: 0.000010, Loss: 0.2881244, Validation MAE: 4.3655968, Test MAE: 5.0603986, Test MAE norm: 0.3594338
Epoch: 1685, LR: 0.000010, Loss: 0.2881109, Validation MAE: 4.3653474, Test MAE: 5.0604100, Test MAE norm: 0.3594346
Epoch: 1691, LR: 0.000010, Loss: 0.2880930, Validation MAE: 4.3642168, Test MAE: 5.0604148, Test MAE norm: 0.3594349
Epoch: 1692, LR: 0.000010, Loss: 0.2880992, Validation MAE: 4.3640947, Test MAE: 5.0606298, Test MAE norm: 0.3594502
Epoch: 1702, LR: 0.000010, Loss: 0.2880940, Validation MAE: 4.3673868, Test MAE: 5.0598249, Test MAE norm: 0.3593930
Epoch: 1703, LR: 0.000010, Loss: 0.2881074, Validation MAE: 4.3673863, Test MAE: 5.0600171, Test MAE norm: 0.3594067
Epoch: 1704, LR: 0.000010, Loss: 0.2880988, Validation MAE: 4.3660922, Test MAE: 5.0602102, Test MAE norm: 0.3594204
Epoch: 1714, LR: 0.000010, Loss: 0.2880652, Validation MAE: 4.3646517, Test MAE: 5.0602403, Test MAE norm: 0.3594225
Epoch: 1724, LR: 0.000010, Loss: 0.2880560, Validation MAE: 4.3647938, Test MAE: 5.0593176, Test MAE norm: 0.3593570
Epoch: 1725, LR: 0.000010, Loss: 0.2880561, Validation MAE: 4.3637528, Test MAE: 5.0595989, Test MAE norm: 0.3593770
Epoch: 1735, LR: 0.000010, Loss: 0.2880252, Validation MAE: 4.3648529, Test MAE: 5.0599790, Test MAE norm: 0.3594040
Epoch: 1740, LR: 0.000010, Loss: 0.2880436, Validation MAE: 4.3645859, Test MAE: 5.0585837, Test MAE norm: 0.3593048
Epoch: 1741, LR: 0.000010, Loss: 0.2880422, Validation MAE: 4.3633375, Test MAE: 5.0581374, Test MAE norm: 0.3592732
Epoch: 1747, LR: 0.000010, Loss: 0.2880256, Validation MAE: 4.3616238, Test MAE: 5.0567498, Test MAE norm: 0.3591746
Epoch: 1748, LR: 0.000010, Loss: 0.2880273, Validation MAE: 4.3599353, Test MAE: 5.0569048, Test MAE norm: 0.3591856
Epoch: 1758, LR: 0.000010, Loss: 0.2880256, Validation MAE: 4.3682914, Test MAE: 5.0544996, Test MAE norm: 0.3590148
Epoch: 1760, LR: 0.000010, Loss: 0.2880250, Validation MAE: 4.3678875, Test MAE: 5.0541706, Test MAE norm: 0.3589914
Epoch: 1761, LR: 0.000010, Loss: 0.2880338, Validation MAE: 4.3645792, Test MAE: 5.0542140, Test MAE norm: 0.3589945
Epoch: 1762, LR: 0.000010, Loss: 0.2879985, Validation MAE: 4.3606930, Test MAE: 5.0545626, Test MAE norm: 0.3590192
Epoch: 1763, LR: 0.000010, Loss: 0.2880147, Validation MAE: 4.3598456, Test MAE: 5.0552106, Test MAE norm: 0.3590653
Epoch: 1773, LR: 0.000010, Loss: 0.2879958, Validation MAE: 4.3618264, Test MAE: 5.0554862, Test MAE norm: 0.3590848
Epoch: 1783, LR: 0.000010, Loss: 0.2879907, Validation MAE: 4.3638349, Test MAE: 5.0534239, Test MAE norm: 0.3589384
Epoch: 1784, LR: 0.000010, Loss: 0.2879750, Validation MAE: 4.3623757, Test MAE: 5.0534110, Test MAE norm: 0.3589374
Epoch: 1785, LR: 0.000010, Loss: 0.2879739, Validation MAE: 4.3616099, Test MAE: 5.0537286, Test MAE norm: 0.3589600
Epoch: 1795, LR: 0.000010, Loss: 0.2879603, Validation MAE: 4.3639646, Test MAE: 5.0552392, Test MAE norm: 0.3590673
Epoch: 1796, LR: 0.000010, Loss: 0.2879731, Validation MAE: 4.3630171, Test MAE: 5.0550160, Test MAE norm: 0.3590515
Epoch: 1802, LR: 0.000010, Loss: 0.2879538, Validation MAE: 4.3626447, Test MAE: 5.0546064, Test MAE norm: 0.3590223
Epoch: 1809, LR: 0.000010, Loss: 0.2879385, Validation MAE: 4.3624511, Test MAE: 5.0551906, Test MAE norm: 0.3590638
Epoch: 1810, LR: 0.000010, Loss: 0.2879348, Validation MAE: 4.3619676, Test MAE: 5.0546112, Test MAE norm: 0.3590227
Epoch: 1813, LR: 0.000010, Loss: 0.2879293, Validation MAE: 4.3617525, Test MAE: 5.0540304, Test MAE norm: 0.3589814
Epoch: 1822, LR: 0.000010, Loss: 0.2879151, Validation MAE: 4.3599243, Test MAE: 5.0552759, Test MAE norm: 0.3590699
Epoch: 1832, LR: 0.000010, Loss: 0.2879240, Validation MAE: 4.3648448, Test MAE: 5.0535574, Test MAE norm: 0.3589478
Epoch: 1833, LR: 0.000010, Loss: 0.2879024, Validation MAE: 4.3621402, Test MAE: 5.0536537, Test MAE norm: 0.3589547
Epoch: 1834, LR: 0.000010, Loss: 0.2879187, Validation MAE: 4.3610306, Test MAE: 5.0530577, Test MAE norm: 0.3589123
Epoch: 1838, LR: 0.000010, Loss: 0.2879284, Validation MAE: 4.3608031, Test MAE: 5.0523281, Test MAE norm: 0.3588605
Epoch: 1839, LR: 0.000010, Loss: 0.2878884, Validation MAE: 4.3602390, Test MAE: 5.0516443, Test MAE norm: 0.3588120
Epoch: 1844, LR: 0.000010, Loss: 0.2879008, Validation MAE: 4.3579721, Test MAE: 5.0519066, Test MAE norm: 0.3588306
Epoch: 1845, LR: 0.000010, Loss: 0.2879098, Validation MAE: 4.3555403, Test MAE: 5.0514932, Test MAE norm: 0.3588012
Epoch: 1855, LR: 0.000010, Loss: 0.2878890, Validation MAE: 4.3615961, Test MAE: 5.0503955, Test MAE norm: 0.3587233
Epoch: 1860, LR: 0.000010, Loss: 0.2878789, Validation MAE: 4.3587341, Test MAE: 5.0505781, Test MAE norm: 0.3587362
Epoch: 1861, LR: 0.000010, Loss: 0.2878539, Validation MAE: 4.3544049, Test MAE: 5.0500503, Test MAE norm: 0.3586987
Epoch: 1862, LR: 0.000010, Loss: 0.2878579, Validation MAE: 4.3538346, Test MAE: 5.0498810, Test MAE norm: 0.3586867
Epoch: 1872, LR: 0.000010, Loss: 0.2878581, Validation MAE: 4.3562751, Test MAE: 5.0493011, Test MAE norm: 0.3586455
Epoch: 1873, LR: 0.000010, Loss: 0.2878409, Validation MAE: 4.3559017, Test MAE: 5.0490065, Test MAE norm: 0.3586246
Epoch: 1879, LR: 0.000010, Loss: 0.2878550, Validation MAE: 4.3558369, Test MAE: 5.0490861, Test MAE norm: 0.3586302
Epoch: 1880, LR: 0.000010, Loss: 0.2878381, Validation MAE: 4.3549638, Test MAE: 5.0488768, Test MAE norm: 0.3586154
Epoch: 1890, LR: 0.000010, Loss: 0.2878205, Validation MAE: 4.3605685, Test MAE: 5.0467243, Test MAE norm: 0.3584625
Epoch: 1899, LR: 0.000010, Loss: 0.2878267, Validation MAE: 4.3578725, Test MAE: 5.0466151, Test MAE norm: 0.3584547
Epoch: 1908, LR: 0.000010, Loss: 0.2878029, Validation MAE: 4.3563776, Test MAE: 5.0481210, Test MAE norm: 0.3585617
Epoch: 1918, LR: 0.000010, Loss: 0.2877845, Validation MAE: 4.3596301, Test MAE: 5.0489063, Test MAE norm: 0.3586175
Epoch: 1919, LR: 0.000010, Loss: 0.2877732, Validation MAE: 4.3583612, Test MAE: 5.0492830, Test MAE norm: 0.3586442
Epoch: 1925, LR: 0.000010, Loss: 0.2877690, Validation MAE: 4.3580666, Test MAE: 5.0478253, Test MAE norm: 0.3585407
Epoch: 1929, LR: 0.000010, Loss: 0.2877448, Validation MAE: 4.3576632, Test MAE: 5.0487008, Test MAE norm: 0.3586029
Epoch: 1934, LR: 0.000010, Loss: 0.2877499, Validation MAE: 4.3575182, Test MAE: 5.0479264, Test MAE norm: 0.3585479
Epoch: 1935, LR: 0.000010, Loss: 0.2877542, Validation MAE: 4.3562975, Test MAE: 5.0478449, Test MAE norm: 0.3585421
Epoch: 1936, LR: 0.000010, Loss: 0.2877632, Validation MAE: 4.3553028, Test MAE: 5.0474319, Test MAE norm: 0.3585128
Epoch: 1943, LR: 0.000010, Loss: 0.2877469, Validation MAE: 4.3549151, Test MAE: 5.0469575, Test MAE norm: 0.3584791
Epoch: 1953, LR: 0.000010, Loss: 0.2877212, Validation MAE: 4.3551769, Test MAE: 5.0449266, Test MAE norm: 0.3583348
Epoch: 1963, LR: 0.000010, Loss: 0.2876982, Validation MAE: 4.3606381, Test MAE: 5.0453334, Test MAE norm: 0.3583637
Epoch: 1964, LR: 0.000010, Loss: 0.2876952, Validation MAE: 4.3592005, Test MAE: 5.0457430, Test MAE norm: 0.3583928
Epoch: 1965, LR: 0.000010, Loss: 0.2876862, Validation MAE: 4.3582153, Test MAE: 5.0456777, Test MAE norm: 0.3583882
Epoch: 1966, LR: 0.000010, Loss: 0.2877077, Validation MAE: 4.3578048, Test MAE: 5.0452142, Test MAE norm: 0.3583552
Epoch: 1969, LR: 0.000010, Loss: 0.2877207, Validation MAE: 4.3566332, Test MAE: 5.0447965, Test MAE norm: 0.3583256
Epoch: 1970, LR: 0.000010, Loss: 0.2876944, Validation MAE: 4.3548279, Test MAE: 5.0447812, Test MAE norm: 0.3583245
Epoch: 1971, LR: 0.000010, Loss: 0.2877075, Validation MAE: 4.3547711, Test MAE: 5.0445457, Test MAE norm: 0.3583077
Epoch: 1977, LR: 0.000010, Loss: 0.2876987, Validation MAE: 4.3537083, Test MAE: 5.0452962, Test MAE norm: 0.3583611
Epoch: 1978, LR: 0.000010, Loss: 0.2876975, Validation MAE: 4.3521185, Test MAE: 5.0454607, Test MAE norm: 0.3583727
Epoch: 1988, LR: 0.000010, Loss: 0.2876952, Validation MAE: 4.3582067, Test MAE: 5.0464416, Test MAE norm: 0.3584424
Epoch: 1991, LR: 0.000010, Loss: 0.2876633, Validation MAE: 4.3578162, Test MAE: 5.0456853, Test MAE norm: 0.3583887
Epoch: 1992, LR: 0.000010, Loss: 0.2876688, Validation MAE: 4.3563890, Test MAE: 5.0456228, Test MAE norm: 0.3583843
Epoch: 1992, LR: 0.000010, Loss: 0.2876688, Validation MAE: 4.3563890, Test MAE: 5.0456228, Test MAE norm: 0.3583843