Command line input: python run_count.py --batch_size 256 --target 1 --model NGNN --h 3 --seed 1 --epoch 2000 --dataset easy-1
Mean = 8.080, Std = 23.150
Using NGNN model

Epoch: 001, LR: 0.001000, Loss: 0.5101097, Validation MAE: 13.9183893, Test MAE: 10.6443148, Test MAE norm: 0.4598035
Epoch: 002, LR: 0.001000, Loss: 0.5327449, Validation MAE: 7.4320908, Test MAE: 5.3742981, Test MAE norm: 0.2321541
Epoch: 005, LR: 0.001000, Loss: 0.3439868, Validation MAE: 6.1696620, Test MAE: 6.9757924, Test MAE norm: 0.3013340
Epoch: 006, LR: 0.001000, Loss: 0.2709462, Validation MAE: 3.4025652, Test MAE: 3.7740231, Test MAE norm: 0.1630269
Epoch: 011, LR: 0.001000, Loss: 0.1629811, Validation MAE: 2.4766557, Test MAE: 2.9165344, Test MAE norm: 0.1259858
Epoch: 015, LR: 0.001000, Loss: 0.1423755, Validation MAE: 2.3850000, Test MAE: 2.3854654, Test MAE norm: 0.1030452
Epoch: 024, LR: 0.001000, Loss: 0.1074680, Validation MAE: 2.3843498, Test MAE: 2.3149562, Test MAE norm: 0.0999994
Epoch: 025, LR: 0.001000, Loss: 0.0917491, Validation MAE: 2.2178161, Test MAE: 2.4551864, Test MAE norm: 0.1060569
Epoch: 026, LR: 0.001000, Loss: 0.0873003, Validation MAE: 2.1824615, Test MAE: 2.5476530, Test MAE norm: 0.1100512
Epoch: 027, LR: 0.001000, Loss: 0.0862573, Validation MAE: 2.1479554, Test MAE: 2.5162556, Test MAE norm: 0.1086949
Epoch: 029, LR: 0.001000, Loss: 0.0905145, Validation MAE: 2.1015897, Test MAE: 2.4262824, Test MAE norm: 0.1048084
Epoch: 034, LR: 0.001000, Loss: 0.0844624, Validation MAE: 2.0135174, Test MAE: 2.2556956, Test MAE norm: 0.0974395
Epoch: 042, LR: 0.001000, Loss: 0.0800764, Validation MAE: 1.9894350, Test MAE: 2.1285911, Test MAE norm: 0.0919490
Epoch: 044, LR: 0.001000, Loss: 0.0800397, Validation MAE: 1.9772896, Test MAE: 2.0493426, Test MAE norm: 0.0885257
Epoch: 046, LR: 0.001000, Loss: 0.0793392, Validation MAE: 1.9046185, Test MAE: 1.9662507, Test MAE norm: 0.0849363
Epoch: 048, LR: 0.001000, Loss: 0.0786761, Validation MAE: 1.8877420, Test MAE: 1.9076473, Test MAE norm: 0.0824048
Epoch: 051, LR: 0.001000, Loss: 0.0753027, Validation MAE: 1.8785688, Test MAE: 1.8717759, Test MAE norm: 0.0808553
Epoch: 061, LR: 0.001000, Loss: 0.0887538, Validation MAE: 2.4762735, Test MAE: 2.2064741, Test MAE norm: 0.0953133
Epoch: 062, LR: 0.001000, Loss: 0.0920711, Validation MAE: 1.9681234, Test MAE: 1.7061566, Test MAE norm: 0.0737010
Epoch: 063, LR: 0.000900, Loss: 0.0716281, Validation MAE: 1.9512351, Test MAE: 1.8637033, Test MAE norm: 0.0805066
Epoch: 065, LR: 0.000900, Loss: 0.0766188, Validation MAE: 1.9063346, Test MAE: 1.7925404, Test MAE norm: 0.0774326
Epoch: 070, LR: 0.000900, Loss: 0.0811145, Validation MAE: 1.8359880, Test MAE: 1.7416277, Test MAE norm: 0.0752333
Epoch: 080, LR: 0.000900, Loss: 0.0748107, Validation MAE: 2.1068966, Test MAE: 1.8531057, Test MAE norm: 0.0800488
Epoch: 081, LR: 0.000900, Loss: 0.0755061, Validation MAE: 1.9464936, Test MAE: 1.7962030, Test MAE norm: 0.0775908
Epoch: 082, LR: 0.000810, Loss: 0.0706861, Validation MAE: 1.9330125, Test MAE: 1.8009772, Test MAE norm: 0.0777970
Epoch: 083, LR: 0.000810, Loss: 0.0722197, Validation MAE: 1.8951261, Test MAE: 1.7817428, Test MAE norm: 0.0769661
Epoch: 085, LR: 0.000810, Loss: 0.0710060, Validation MAE: 1.8356379, Test MAE: 1.7183306, Test MAE norm: 0.0742269
Epoch: 095, LR: 0.000810, Loss: 0.0726195, Validation MAE: 1.9178541, Test MAE: 1.7824781, Test MAE norm: 0.0769979
Epoch: 096, LR: 0.000810, Loss: 0.0721458, Validation MAE: 1.8540084, Test MAE: 1.6938157, Test MAE norm: 0.0731679
Epoch: 101, LR: 0.000729, Loss: 0.0724487, Validation MAE: 1.8242831, Test MAE: 1.6283939, Test MAE norm: 0.0703419
Epoch: 109, LR: 0.000729, Loss: 0.0730846, Validation MAE: 1.7703507, Test MAE: 1.6128837, Test MAE norm: 0.0696719
Epoch: 119, LR: 0.000729, Loss: 0.0712385, Validation MAE: 1.8716663, Test MAE: 1.6502908, Test MAE norm: 0.0712878
Epoch: 122, LR: 0.000656, Loss: 0.0711548, Validation MAE: 1.8104824, Test MAE: 1.6415370, Test MAE norm: 0.0709096
Epoch: 124, LR: 0.000656, Loss: 0.0717904, Validation MAE: 1.7475221, Test MAE: 1.5775998, Test MAE norm: 0.0681477
Epoch: 132, LR: 0.000656, Loss: 0.0678357, Validation MAE: 1.7424309, Test MAE: 1.5610358, Test MAE norm: 0.0674322
Epoch: 138, LR: 0.000656, Loss: 0.0685358, Validation MAE: 1.7262228, Test MAE: 1.6057622, Test MAE norm: 0.0693643
Epoch: 145, LR: 0.000656, Loss: 0.0683307, Validation MAE: 1.7174165, Test MAE: 1.5498343, Test MAE norm: 0.0669483
Epoch: 147, LR: 0.000656, Loss: 0.0658145, Validation MAE: 1.6642456, Test MAE: 1.5184631, Test MAE norm: 0.0655932
Epoch: 155, LR: 0.000656, Loss: 0.0633604, Validation MAE: 1.6555270, Test MAE: 1.5320790, Test MAE norm: 0.0661814
Epoch: 159, LR: 0.000656, Loss: 0.0637428, Validation MAE: 1.6491753, Test MAE: 1.5013391, Test MAE norm: 0.0648535
Epoch: 166, LR: 0.000656, Loss: 0.0641749, Validation MAE: 1.6363063, Test MAE: 1.5172265, Test MAE norm: 0.0655398
Epoch: 167, LR: 0.000656, Loss: 0.0613867, Validation MAE: 1.5753757, Test MAE: 1.4412099, Test MAE norm: 0.0622561
Epoch: 177, LR: 0.000656, Loss: 0.0651900, Validation MAE: 1.7014505, Test MAE: 1.4608065, Test MAE norm: 0.0631026
Epoch: 179, LR: 0.000590, Loss: 0.0626717, Validation MAE: 1.6124848, Test MAE: 1.4572992, Test MAE norm: 0.0629511
Epoch: 186, LR: 0.000590, Loss: 0.0588878, Validation MAE: 1.5746664, Test MAE: 1.4459931, Test MAE norm: 0.0624627
Epoch: 190, LR: 0.000590, Loss: 0.0614428, Validation MAE: 1.5172141, Test MAE: 1.4135100, Test MAE norm: 0.0610595
Epoch: 200, LR: 0.000590, Loss: 0.0748644, Validation MAE: 2.3979208, Test MAE: 2.0386167, Test MAE norm: 0.0880623
Epoch: 202, LR: 0.000531, Loss: 0.0960672, Validation MAE: 2.1461997, Test MAE: 1.9354897, Test MAE norm: 0.0836075
Epoch: 203, LR: 0.000531, Loss: 0.0791093, Validation MAE: 1.7729093, Test MAE: 1.5846814, Test MAE norm: 0.0684536
Epoch: 208, LR: 0.000531, Loss: 0.0698238, Validation MAE: 1.6781638, Test MAE: 1.5280678, Test MAE norm: 0.0660081
Epoch: 214, LR: 0.000478, Loss: 0.0650920, Validation MAE: 1.6618474, Test MAE: 1.4641446, Test MAE norm: 0.0632468
Epoch: 217, LR: 0.000478, Loss: 0.0654815, Validation MAE: 1.6575871, Test MAE: 1.4868786, Test MAE norm: 0.0642288
Epoch: 224, LR: 0.000430, Loss: 0.0626641, Validation MAE: 1.6199783, Test MAE: 1.4798259, Test MAE norm: 0.0639242
Epoch: 231, LR: 0.000430, Loss: 0.0616540, Validation MAE: 1.5682036, Test MAE: 1.4676832, Test MAE norm: 0.0633997
Epoch: 235, LR: 0.000387, Loss: 0.0594436, Validation MAE: 1.5587821, Test MAE: 1.4620957, Test MAE norm: 0.0631583
Epoch: 238, LR: 0.000387, Loss: 0.0599325, Validation MAE: 1.5560746, Test MAE: 1.4394058, Test MAE norm: 0.0621782
Epoch: 244, LR: 0.000387, Loss: 0.0590745, Validation MAE: 1.5451193, Test MAE: 1.4136878, Test MAE norm: 0.0610672
Epoch: 247, LR: 0.000349, Loss: 0.0561924, Validation MAE: 1.5272796, Test MAE: 1.3836136, Test MAE norm: 0.0597681
Epoch: 248, LR: 0.000349, Loss: 0.0551905, Validation MAE: 1.5244528, Test MAE: 1.3970685, Test MAE norm: 0.0603493
Epoch: 249, LR: 0.000349, Loss: 0.0562727, Validation MAE: 1.5136054, Test MAE: 1.3868541, Test MAE norm: 0.0599081
Epoch: 252, LR: 0.000349, Loss: 0.0549241, Validation MAE: 1.4801025, Test MAE: 1.3850012, Test MAE norm: 0.0598280
Epoch: 253, LR: 0.000349, Loss: 0.0548778, Validation MAE: 1.4797618, Test MAE: 1.3927603, Test MAE norm: 0.0601632
Epoch: 254, LR: 0.000349, Loss: 0.0552183, Validation MAE: 1.4683883, Test MAE: 1.3659326, Test MAE norm: 0.0590043
Epoch: 256, LR: 0.000349, Loss: 0.0550738, Validation MAE: 1.4608212, Test MAE: 1.3575178, Test MAE norm: 0.0586408
Epoch: 257, LR: 0.000349, Loss: 0.0534321, Validation MAE: 1.4548783, Test MAE: 1.3618158, Test MAE norm: 0.0588265
Epoch: 258, LR: 0.000349, Loss: 0.0545603, Validation MAE: 1.4465951, Test MAE: 1.3197470, Test MAE norm: 0.0570092
Epoch: 262, LR: 0.000349, Loss: 0.0576732, Validation MAE: 1.4298950, Test MAE: 1.3450549, Test MAE norm: 0.0581025
Epoch: 264, LR: 0.000349, Loss: 0.0563963, Validation MAE: 1.4297310, Test MAE: 1.3266141, Test MAE norm: 0.0573059
Epoch: 266, LR: 0.000349, Loss: 0.0553199, Validation MAE: 1.4052572, Test MAE: 1.3304793, Test MAE norm: 0.0574728
Epoch: 268, LR: 0.000349, Loss: 0.0564742, Validation MAE: 1.3982201, Test MAE: 1.2988499, Test MAE norm: 0.0561066
Epoch: 274, LR: 0.000349, Loss: 0.0553709, Validation MAE: 1.3719809, Test MAE: 1.3073565, Test MAE norm: 0.0564740
Epoch: 276, LR: 0.000349, Loss: 0.0591920, Validation MAE: 1.3566365, Test MAE: 1.2911484, Test MAE norm: 0.0557739
Epoch: 286, LR: 0.000349, Loss: 0.0603846, Validation MAE: 1.4872382, Test MAE: 1.3236053, Test MAE norm: 0.0571759
Epoch: 287, LR: 0.000349, Loss: 0.0536328, Validation MAE: 1.4191166, Test MAE: 1.3500795, Test MAE norm: 0.0583195
Epoch: 289, LR: 0.000314, Loss: 0.0565268, Validation MAE: 1.4111551, Test MAE: 1.2877651, Test MAE norm: 0.0556277
Epoch: 297, LR: 0.000314, Loss: 0.0557841, Validation MAE: 1.3844129, Test MAE: 1.3012904, Test MAE norm: 0.0562120
Epoch: 300, LR: 0.000282, Loss: 0.0531445, Validation MAE: 1.3673229, Test MAE: 1.2900482, Test MAE norm: 0.0557263
Epoch: 301, LR: 0.000282, Loss: 0.0520354, Validation MAE: 1.3572427, Test MAE: 1.2928216, Test MAE norm: 0.0558461
Epoch: 303, LR: 0.000282, Loss: 0.0539998, Validation MAE: 1.3000433, Test MAE: 1.2367795, Test MAE norm: 0.0534253
Epoch: 305, LR: 0.000282, Loss: 0.0541558, Validation MAE: 1.2940402, Test MAE: 1.2462667, Test MAE norm: 0.0538351
Epoch: 315, LR: 0.000282, Loss: 0.0594709, Validation MAE: 1.4292697, Test MAE: 1.3215828, Test MAE norm: 0.0570885
Epoch: 317, LR: 0.000254, Loss: 0.0596338, Validation MAE: 1.3485678, Test MAE: 1.2895240, Test MAE norm: 0.0557037
Epoch: 327, LR: 0.000254, Loss: 0.0518419, Validation MAE: 1.3921002, Test MAE: 1.2764686, Test MAE norm: 0.0551397
Epoch: 330, LR: 0.000229, Loss: 0.0512041, Validation MAE: 1.3080311, Test MAE: 1.2360500, Test MAE norm: 0.0533938
Epoch: 340, LR: 0.000206, Loss: 0.0541366, Validation MAE: 1.3094784, Test MAE: 1.2455074, Test MAE norm: 0.0538023
Epoch: 343, LR: 0.000206, Loss: 0.0522160, Validation MAE: 1.2914901, Test MAE: 1.2352735, Test MAE norm: 0.0533602
Epoch: 345, LR: 0.000206, Loss: 0.0523595, Validation MAE: 1.2488610, Test MAE: 1.2118088, Test MAE norm: 0.0523466
Epoch: 355, LR: 0.000206, Loss: 0.0513328, Validation MAE: 1.2541896, Test MAE: 1.1717654, Test MAE norm: 0.0506169
Epoch: 358, LR: 0.000185, Loss: 0.0516170, Validation MAE: 1.2443914, Test MAE: 1.1894301, Test MAE norm: 0.0513799
Epoch: 360, LR: 0.000185, Loss: 0.0532240, Validation MAE: 1.2233925, Test MAE: 1.1867061, Test MAE norm: 0.0512623
Epoch: 370, LR: 0.000185, Loss: 0.0478104, Validation MAE: 1.2378625, Test MAE: 1.1923031, Test MAE norm: 0.0515040
Epoch: 372, LR: 0.000167, Loss: 0.0481385, Validation MAE: 1.2167516, Test MAE: 1.1540530, Test MAE norm: 0.0498517
Epoch: 376, LR: 0.000167, Loss: 0.0505429, Validation MAE: 1.2146734, Test MAE: 1.1546981, Test MAE norm: 0.0498796
Epoch: 386, LR: 0.000167, Loss: 0.0456474, Validation MAE: 1.2153784, Test MAE: 1.2000074, Test MAE norm: 0.0518368
Epoch: 388, LR: 0.000150, Loss: 0.0447616, Validation MAE: 1.2013310, Test MAE: 1.1445087, Test MAE norm: 0.0494395
Epoch: 390, LR: 0.000150, Loss: 0.0475464, Validation MAE: 1.1535800, Test MAE: 1.1305469, Test MAE norm: 0.0488364
Epoch: 400, LR: 0.000150, Loss: 0.0574096, Validation MAE: 1.6445230, Test MAE: 1.5475923, Test MAE norm: 0.0668515
Epoch: 401, LR: 0.000150, Loss: 0.0633113, Validation MAE: 1.4657012, Test MAE: 1.4322193, Test MAE norm: 0.0618677
Epoch: 402, LR: 0.000135, Loss: 0.0562479, Validation MAE: 1.3194811, Test MAE: 1.2764874, Test MAE norm: 0.0551406
Epoch: 410, LR: 0.000135, Loss: 0.0526656, Validation MAE: 1.2935699, Test MAE: 1.2657436, Test MAE norm: 0.0546765
Epoch: 411, LR: 0.000135, Loss: 0.0492355, Validation MAE: 1.2538307, Test MAE: 1.1849256, Test MAE norm: 0.0511853
Epoch: 414, LR: 0.000122, Loss: 0.0494089, Validation MAE: 1.2255762, Test MAE: 1.1689613, Test MAE norm: 0.0504957
Epoch: 424, LR: 0.000109, Loss: 0.0449901, Validation MAE: 1.3054348, Test MAE: 1.2066343, Test MAE norm: 0.0521231
Epoch: 425, LR: 0.000109, Loss: 0.0460718, Validation MAE: 1.2245671, Test MAE: 1.1540070, Test MAE norm: 0.0498498
Epoch: 426, LR: 0.000109, Loss: 0.0444324, Validation MAE: 1.2243793, Test MAE: 1.1600590, Test MAE norm: 0.0501112
Epoch: 427, LR: 0.000109, Loss: 0.0456752, Validation MAE: 1.2084008, Test MAE: 1.1501560, Test MAE norm: 0.0496834
Epoch: 430, LR: 0.000109, Loss: 0.0444581, Validation MAE: 1.1924448, Test MAE: 1.1519947, Test MAE norm: 0.0497628
Epoch: 434, LR: 0.000109, Loss: 0.0443830, Validation MAE: 1.1790106, Test MAE: 1.1519300, Test MAE norm: 0.0497600
Epoch: 435, LR: 0.000098, Loss: 0.0436097, Validation MAE: 1.1745626, Test MAE: 1.1522492, Test MAE norm: 0.0497738
Epoch: 438, LR: 0.000098, Loss: 0.0436924, Validation MAE: 1.1638108, Test MAE: 1.1367313, Test MAE norm: 0.0491035
Epoch: 439, LR: 0.000098, Loss: 0.0426742, Validation MAE: 1.1571486, Test MAE: 1.1313398, Test MAE norm: 0.0488706
Epoch: 441, LR: 0.000098, Loss: 0.0434502, Validation MAE: 1.1498405, Test MAE: 1.1281555, Test MAE norm: 0.0487330
Epoch: 442, LR: 0.000098, Loss: 0.0421754, Validation MAE: 1.1448506, Test MAE: 1.1255814, Test MAE norm: 0.0486219
Epoch: 444, LR: 0.000098, Loss: 0.0428763, Validation MAE: 1.1378204, Test MAE: 1.1241437, Test MAE norm: 0.0485597
Epoch: 446, LR: 0.000098, Loss: 0.0417439, Validation MAE: 1.1260630, Test MAE: 1.1184088, Test MAE norm: 0.0483120
Epoch: 447, LR: 0.000098, Loss: 0.0415075, Validation MAE: 1.1229455, Test MAE: 1.1174006, Test MAE norm: 0.0482685
Epoch: 451, LR: 0.000098, Loss: 0.0421258, Validation MAE: 1.1087941, Test MAE: 1.1120563, Test MAE norm: 0.0480376
Epoch: 459, LR: 0.000098, Loss: 0.0435596, Validation MAE: 1.0927305, Test MAE: 1.1171651, Test MAE norm: 0.0482583
Epoch: 463, LR: 0.000098, Loss: 0.0428228, Validation MAE: 1.0855261, Test MAE: 1.1107345, Test MAE norm: 0.0479805
Epoch: 473, LR: 0.000098, Loss: 0.0426348, Validation MAE: 1.1088809, Test MAE: 1.1309686, Test MAE norm: 0.0488546
Epoch: 481, LR: 0.000089, Loss: 0.0427122, Validation MAE: 1.1076646, Test MAE: 1.1357280, Test MAE norm: 0.0490602
Epoch: 488, LR: 0.000080, Loss: 0.0439918, Validation MAE: 1.1065675, Test MAE: 1.1196555, Test MAE norm: 0.0483659
Epoch: 490, LR: 0.000080, Loss: 0.0437901, Validation MAE: 1.1013867, Test MAE: 1.1269746, Test MAE norm: 0.0486820
Epoch: 500, LR: 0.000072, Loss: 0.0416218, Validation MAE: 1.1230392, Test MAE: 1.1074601, Test MAE norm: 0.0478391
Epoch: 501, LR: 0.000072, Loss: 0.0412194, Validation MAE: 1.1175185, Test MAE: 1.1130594, Test MAE norm: 0.0480809
Epoch: 502, LR: 0.000072, Loss: 0.0419325, Validation MAE: 1.0994542, Test MAE: 1.1041598, Test MAE norm: 0.0476965
Epoch: 512, LR: 0.000065, Loss: 0.0415120, Validation MAE: 1.1613982, Test MAE: 1.1097399, Test MAE norm: 0.0479375
Epoch: 513, LR: 0.000065, Loss: 0.0430850, Validation MAE: 1.0949386, Test MAE: 1.1034933, Test MAE norm: 0.0476677
Epoch: 522, LR: 0.000058, Loss: 0.0417206, Validation MAE: 1.0899005, Test MAE: 1.1029032, Test MAE norm: 0.0476422
Epoch: 527, LR: 0.000058, Loss: 0.0409336, Validation MAE: 1.0859938, Test MAE: 1.0972105, Test MAE norm: 0.0473963
Epoch: 529, LR: 0.000058, Loss: 0.0404620, Validation MAE: 1.0843056, Test MAE: 1.0962014, Test MAE norm: 0.0473527
Epoch: 532, LR: 0.000058, Loss: 0.0407542, Validation MAE: 1.0823348, Test MAE: 1.0942906, Test MAE norm: 0.0472702
Epoch: 535, LR: 0.000058, Loss: 0.0404259, Validation MAE: 1.0806570, Test MAE: 1.0935702, Test MAE norm: 0.0472391
Epoch: 536, LR: 0.000058, Loss: 0.0401986, Validation MAE: 1.0801282, Test MAE: 1.0958221, Test MAE norm: 0.0473363
Epoch: 537, LR: 0.000058, Loss: 0.0402379, Validation MAE: 1.0784258, Test MAE: 1.0942019, Test MAE norm: 0.0472663
Epoch: 541, LR: 0.000058, Loss: 0.0402581, Validation MAE: 1.0747595, Test MAE: 1.0961646, Test MAE norm: 0.0473511
Epoch: 542, LR: 0.000058, Loss: 0.0401753, Validation MAE: 1.0744104, Test MAE: 1.0947280, Test MAE norm: 0.0472891
Epoch: 552, LR: 0.000058, Loss: 0.0403857, Validation MAE: 1.0723668, Test MAE: 1.1020226, Test MAE norm: 0.0476042
Epoch: 556, LR: 0.000058, Loss: 0.0420270, Validation MAE: 1.0686365, Test MAE: 1.0915091, Test MAE norm: 0.0471500
Epoch: 562, LR: 0.000058, Loss: 0.0402166, Validation MAE: 1.0662578, Test MAE: 1.0960791, Test MAE norm: 0.0473474
Epoch: 567, LR: 0.000058, Loss: 0.0401250, Validation MAE: 1.0657405, Test MAE: 1.0928946, Test MAE norm: 0.0472099
Epoch: 570, LR: 0.000058, Loss: 0.0400079, Validation MAE: 1.0648860, Test MAE: 1.0958419, Test MAE norm: 0.0473372
Epoch: 580, LR: 0.000058, Loss: 0.0403793, Validation MAE: 1.0929697, Test MAE: 1.0888197, Test MAE norm: 0.0470339
Epoch: 581, LR: 0.000058, Loss: 0.0409050, Validation MAE: 1.0664067, Test MAE: 1.1004097, Test MAE norm: 0.0475345
Epoch: 582, LR: 0.000052, Loss: 0.0401529, Validation MAE: 1.0635480, Test MAE: 1.0934311, Test MAE norm: 0.0472331
Epoch: 585, LR: 0.000052, Loss: 0.0400177, Validation MAE: 1.0630722, Test MAE: 1.0938677, Test MAE norm: 0.0472519
Epoch: 595, LR: 0.000052, Loss: 0.0400335, Validation MAE: 1.0783749, Test MAE: 1.0865455, Test MAE norm: 0.0469356
Epoch: 596, LR: 0.000052, Loss: 0.0404407, Validation MAE: 1.0733777, Test MAE: 1.1043444, Test MAE norm: 0.0477045
Epoch: 597, LR: 0.000047, Loss: 0.0406744, Validation MAE: 1.0670915, Test MAE: 1.0867321, Test MAE norm: 0.0469437
Epoch: 600, LR: 0.000047, Loss: 0.0411825, Validation MAE: 1.0626986, Test MAE: 1.0908427, Test MAE norm: 0.0471212
Epoch: 610, LR: 0.000047, Loss: 0.0399338, Validation MAE: 1.0761071, Test MAE: 1.0858589, Test MAE norm: 0.0469060
Epoch: 611, LR: 0.000047, Loss: 0.0404049, Validation MAE: 1.0740838, Test MAE: 1.1055889, Test MAE norm: 0.0477582
Epoch: 612, LR: 0.000042, Loss: 0.0407438, Validation MAE: 1.0618393, Test MAE: 1.0894248, Test MAE norm: 0.0470600
Epoch: 621, LR: 0.000042, Loss: 0.0399773, Validation MAE: 1.0617304, Test MAE: 1.0941303, Test MAE norm: 0.0472633
Epoch: 623, LR: 0.000042, Loss: 0.0400675, Validation MAE: 1.0616653, Test MAE: 1.0948299, Test MAE norm: 0.0472935
Epoch: 624, LR: 0.000042, Loss: 0.0399789, Validation MAE: 1.0612309, Test MAE: 1.0886679, Test MAE norm: 0.0470273
Epoch: 627, LR: 0.000042, Loss: 0.0398740, Validation MAE: 1.0598004, Test MAE: 1.0899955, Test MAE norm: 0.0470846
Epoch: 631, LR: 0.000042, Loss: 0.0399921, Validation MAE: 1.0595335, Test MAE: 1.0878172, Test MAE norm: 0.0469905
Epoch: 634, LR: 0.000042, Loss: 0.0398468, Validation MAE: 1.0588413, Test MAE: 1.0886823, Test MAE norm: 0.0470279
Epoch: 640, LR: 0.000042, Loss: 0.0398752, Validation MAE: 1.0578288, Test MAE: 1.0874527, Test MAE norm: 0.0469748
Epoch: 650, LR: 0.000042, Loss: 0.0412399, Validation MAE: 1.0595798, Test MAE: 1.0907664, Test MAE norm: 0.0471179
Epoch: 659, LR: 0.000038, Loss: 0.0414750, Validation MAE: 1.0579244, Test MAE: 1.0882874, Test MAE norm: 0.0470109
Epoch: 669, LR: 0.000034, Loss: 0.0398088, Validation MAE: 1.0895495, Test MAE: 1.0848997, Test MAE norm: 0.0468645
Epoch: 670, LR: 0.000034, Loss: 0.0409138, Validation MAE: 1.0616940, Test MAE: 1.0831546, Test MAE norm: 0.0467891
Epoch: 672, LR: 0.000034, Loss: 0.0403304, Validation MAE: 1.0595630, Test MAE: 1.0860094, Test MAE norm: 0.0469125
Epoch: 674, LR: 0.000031, Loss: 0.0403057, Validation MAE: 1.0587012, Test MAE: 1.0878941, Test MAE norm: 0.0469939
Epoch: 676, LR: 0.000031, Loss: 0.0401974, Validation MAE: 1.0582838, Test MAE: 1.0858401, Test MAE norm: 0.0469051
Epoch: 686, LR: 0.000028, Loss: 0.0398226, Validation MAE: 1.0619905, Test MAE: 1.0928735, Test MAE norm: 0.0472090
Epoch: 687, LR: 0.000028, Loss: 0.0400275, Validation MAE: 1.0588839, Test MAE: 1.0874394, Test MAE norm: 0.0469742
Epoch: 689, LR: 0.000028, Loss: 0.0400892, Validation MAE: 1.0575143, Test MAE: 1.0849612, Test MAE norm: 0.0468672
Epoch: 693, LR: 0.000028, Loss: 0.0399557, Validation MAE: 1.0574286, Test MAE: 1.0866292, Test MAE norm: 0.0469392
Epoch: 695, LR: 0.000028, Loss: 0.0400034, Validation MAE: 1.0573796, Test MAE: 1.0861063, Test MAE norm: 0.0469166
Epoch: 702, LR: 0.000028, Loss: 0.0399642, Validation MAE: 1.0571178, Test MAE: 1.0866600, Test MAE norm: 0.0469406
Epoch: 710, LR: 0.000028, Loss: 0.0399788, Validation MAE: 1.0560281, Test MAE: 1.0864074, Test MAE norm: 0.0469297
Epoch: 720, LR: 0.000028, Loss: 0.0398161, Validation MAE: 1.0575589, Test MAE: 1.0810503, Test MAE norm: 0.0466982
Epoch: 721, LR: 0.000028, Loss: 0.0397855, Validation MAE: 1.0554293, Test MAE: 1.0861686, Test MAE norm: 0.0469193
Epoch: 722, LR: 0.000028, Loss: 0.0397868, Validation MAE: 1.0551933, Test MAE: 1.0855671, Test MAE norm: 0.0468934
Epoch: 725, LR: 0.000028, Loss: 0.0397802, Validation MAE: 1.0549190, Test MAE: 1.0870932, Test MAE norm: 0.0469593
Epoch: 735, LR: 0.000028, Loss: 0.0398950, Validation MAE: 1.0613198, Test MAE: 1.0808656, Test MAE norm: 0.0466903
Epoch: 736, LR: 0.000028, Loss: 0.0399048, Validation MAE: 1.0570748, Test MAE: 1.0822002, Test MAE norm: 0.0467479
Epoch: 737, LR: 0.000025, Loss: 0.0397764, Validation MAE: 1.0537229, Test MAE: 1.0864400, Test MAE norm: 0.0469311
Epoch: 742, LR: 0.000025, Loss: 0.0397602, Validation MAE: 1.0527434, Test MAE: 1.0842140, Test MAE norm: 0.0468349
Epoch: 752, LR: 0.000025, Loss: 0.0397177, Validation MAE: 1.0550591, Test MAE: 1.0815308, Test MAE norm: 0.0467190
Epoch: 753, LR: 0.000025, Loss: 0.0397368, Validation MAE: 1.0540760, Test MAE: 1.0829308, Test MAE norm: 0.0467795
Epoch: 754, LR: 0.000023, Loss: 0.0397181, Validation MAE: 1.0524204, Test MAE: 1.0854030, Test MAE norm: 0.0468863
Epoch: 755, LR: 0.000023, Loss: 0.0397382, Validation MAE: 1.0522865, Test MAE: 1.0843139, Test MAE norm: 0.0468392
Epoch: 757, LR: 0.000023, Loss: 0.0396937, Validation MAE: 1.0522723, Test MAE: 1.0836557, Test MAE norm: 0.0468108
Epoch: 767, LR: 0.000020, Loss: 0.0397188, Validation MAE: 1.0530735, Test MAE: 1.0810653, Test MAE norm: 0.0466989
Epoch: 768, LR: 0.000020, Loss: 0.0397100, Validation MAE: 1.0529341, Test MAE: 1.0814308, Test MAE norm: 0.0467147
Epoch: 769, LR: 0.000020, Loss: 0.0396999, Validation MAE: 1.0525669, Test MAE: 1.0845336, Test MAE norm: 0.0468487
Epoch: 770, LR: 0.000020, Loss: 0.0397335, Validation MAE: 1.0521281, Test MAE: 1.0822697, Test MAE norm: 0.0467509
Epoch: 773, LR: 0.000020, Loss: 0.0396898, Validation MAE: 1.0519004, Test MAE: 1.0814700, Test MAE norm: 0.0467164
Epoch: 775, LR: 0.000020, Loss: 0.0396877, Validation MAE: 1.0510849, Test MAE: 1.0828625, Test MAE norm: 0.0467765
Epoch: 783, LR: 0.000020, Loss: 0.0397128, Validation MAE: 1.0501314, Test MAE: 1.0827422, Test MAE norm: 0.0467713
Epoch: 793, LR: 0.000020, Loss: 0.0396852, Validation MAE: 1.0533458, Test MAE: 1.0802935, Test MAE norm: 0.0466655
Epoch: 794, LR: 0.000020, Loss: 0.0396951, Validation MAE: 1.0528547, Test MAE: 1.0803661, Test MAE norm: 0.0466687
Epoch: 795, LR: 0.000018, Loss: 0.0396954, Validation MAE: 1.0512747, Test MAE: 1.0837998, Test MAE norm: 0.0468170
Epoch: 796, LR: 0.000018, Loss: 0.0396867, Validation MAE: 1.0508921, Test MAE: 1.0834454, Test MAE norm: 0.0468017
Epoch: 800, LR: 0.000018, Loss: 0.0396680, Validation MAE: 1.0508202, Test MAE: 1.0827746, Test MAE norm: 0.0467727
Epoch: 804, LR: 0.000018, Loss: 0.0396845, Validation MAE: 1.0506986, Test MAE: 1.0825900, Test MAE norm: 0.0467647
Epoch: 808, LR: 0.000016, Loss: 0.0396925, Validation MAE: 1.0504242, Test MAE: 1.0823022, Test MAE norm: 0.0467523
Epoch: 818, LR: 0.000015, Loss: 0.0396689, Validation MAE: 1.0519465, Test MAE: 1.0871861, Test MAE norm: 0.0469633
Epoch: 820, LR: 0.000015, Loss: 0.0397679, Validation MAE: 1.0514421, Test MAE: 1.0839658, Test MAE norm: 0.0468242
Epoch: 824, LR: 0.000015, Loss: 0.0396905, Validation MAE: 1.0510954, Test MAE: 1.0861120, Test MAE norm: 0.0469169
Epoch: 827, LR: 0.000015, Loss: 0.0397462, Validation MAE: 1.0504520, Test MAE: 1.0828487, Test MAE norm: 0.0467759
Epoch: 837, LR: 0.000013, Loss: 0.0396890, Validation MAE: 1.0547861, Test MAE: 1.0790229, Test MAE norm: 0.0466107
Epoch: 838, LR: 0.000013, Loss: 0.0396967, Validation MAE: 1.0500733, Test MAE: 1.0806932, Test MAE norm: 0.0466828
Epoch: 840, LR: 0.000012, Loss: 0.0396611, Validation MAE: 1.0497965, Test MAE: 1.0831854, Test MAE norm: 0.0467905
Epoch: 847, LR: 0.000012, Loss: 0.0396369, Validation MAE: 1.0497692, Test MAE: 1.0808135, Test MAE norm: 0.0466880
Epoch: 849, LR: 0.000012, Loss: 0.0396376, Validation MAE: 1.0492278, Test MAE: 1.0808179, Test MAE norm: 0.0466882
Epoch: 855, LR: 0.000012, Loss: 0.0396261, Validation MAE: 1.0487601, Test MAE: 1.0807770, Test MAE norm: 0.0466864
Epoch: 858, LR: 0.000012, Loss: 0.0396352, Validation MAE: 1.0486628, Test MAE: 1.0803531, Test MAE norm: 0.0466681
Epoch: 861, LR: 0.000012, Loss: 0.0396218, Validation MAE: 1.0477996, Test MAE: 1.0798818, Test MAE norm: 0.0466478
Epoch: 871, LR: 0.000012, Loss: 0.0395956, Validation MAE: 1.0488093, Test MAE: 1.0805278, Test MAE norm: 0.0466757
Epoch: 872, LR: 0.000012, Loss: 0.0396008, Validation MAE: 1.0484504, Test MAE: 1.0804392, Test MAE norm: 0.0466718
Epoch: 879, LR: 0.000011, Loss: 0.0395886, Validation MAE: 1.0483993, Test MAE: 1.0817010, Test MAE norm: 0.0467263
Epoch: 884, LR: 0.000010, Loss: 0.0396010, Validation MAE: 1.0477468, Test MAE: 1.0811949, Test MAE norm: 0.0467045
Epoch: 894, LR: 0.000010, Loss: 0.0396392, Validation MAE: 1.0488081, Test MAE: 1.0814313, Test MAE norm: 0.0467147
Epoch: 895, LR: 0.000010, Loss: 0.0396010, Validation MAE: 1.0483239, Test MAE: 1.0835060, Test MAE norm: 0.0468043
Epoch: 899, LR: 0.000010, Loss: 0.0396242, Validation MAE: 1.0476487, Test MAE: 1.0839354, Test MAE norm: 0.0468229
Epoch: 904, LR: 0.000010, Loss: 0.0396052, Validation MAE: 1.0475214, Test MAE: 1.0837578, Test MAE norm: 0.0468152
Epoch: 914, LR: 0.000010, Loss: 0.0395913, Validation MAE: 1.0479252, Test MAE: 1.0796888, Test MAE norm: 0.0466394
Epoch: 915, LR: 0.000010, Loss: 0.0396069, Validation MAE: 1.0476832, Test MAE: 1.0811628, Test MAE norm: 0.0467031
Epoch: 916, LR: 0.000010, Loss: 0.0395879, Validation MAE: 1.0476680, Test MAE: 1.0801256, Test MAE norm: 0.0466583
Epoch: 918, LR: 0.000010, Loss: 0.0395807, Validation MAE: 1.0475460, Test MAE: 1.0805972, Test MAE norm: 0.0466787
Epoch: 921, LR: 0.000010, Loss: 0.0395901, Validation MAE: 1.0471289, Test MAE: 1.0803472, Test MAE norm: 0.0466679
Epoch: 922, LR: 0.000010, Loss: 0.0395809, Validation MAE: 1.0470903, Test MAE: 1.0809005, Test MAE norm: 0.0466918
Epoch: 930, LR: 0.000010, Loss: 0.0395941, Validation MAE: 1.0466620, Test MAE: 1.0824182, Test MAE norm: 0.0467573
Epoch: 931, LR: 0.000010, Loss: 0.0396081, Validation MAE: 1.0465049, Test MAE: 1.0825055, Test MAE norm: 0.0467611
Epoch: 941, LR: 0.000010, Loss: 0.0395723, Validation MAE: 1.0488244, Test MAE: 1.0803620, Test MAE norm: 0.0466685
Epoch: 942, LR: 0.000010, Loss: 0.0395659, Validation MAE: 1.0481875, Test MAE: 1.0797696, Test MAE norm: 0.0466429
Epoch: 943, LR: 0.000010, Loss: 0.0395661, Validation MAE: 1.0478163, Test MAE: 1.0810075, Test MAE norm: 0.0466964
Epoch: 944, LR: 0.000010, Loss: 0.0395707, Validation MAE: 1.0469800, Test MAE: 1.0815561, Test MAE norm: 0.0467201
Epoch: 945, LR: 0.000010, Loss: 0.0395781, Validation MAE: 1.0468335, Test MAE: 1.0811975, Test MAE norm: 0.0467046
Epoch: 946, LR: 0.000010, Loss: 0.0395648, Validation MAE: 1.0467296, Test MAE: 1.0803094, Test MAE norm: 0.0466662
Epoch: 951, LR: 0.000010, Loss: 0.0395774, Validation MAE: 1.0466434, Test MAE: 1.0796881, Test MAE norm: 0.0466394
Epoch: 955, LR: 0.000010, Loss: 0.0395760, Validation MAE: 1.0466353, Test MAE: 1.0805742, Test MAE norm: 0.0466777
Epoch: 964, LR: 0.000010, Loss: 0.0395812, Validation MAE: 1.0465664, Test MAE: 1.0808164, Test MAE norm: 0.0466881
Epoch: 968, LR: 0.000010, Loss: 0.0395962, Validation MAE: 1.0464218, Test MAE: 1.0821216, Test MAE norm: 0.0467445
Epoch: 971, LR: 0.000010, Loss: 0.0395907, Validation MAE: 1.0456988, Test MAE: 1.0815597, Test MAE norm: 0.0467202
Epoch: 981, LR: 0.000010, Loss: 0.0395607, Validation MAE: 1.0459621, Test MAE: 1.0811512, Test MAE norm: 0.0467026
Epoch: 984, LR: 0.000010, Loss: 0.0395629, Validation MAE: 1.0457263, Test MAE: 1.0808616, Test MAE norm: 0.0466901
Epoch: 988, LR: 0.000010, Loss: 0.0395724, Validation MAE: 1.0456620, Test MAE: 1.0804325, Test MAE norm: 0.0466716
Epoch: 998, LR: 0.000010, Loss: 0.0395827, Validation MAE: 1.0460575, Test MAE: 1.0800004, Test MAE norm: 0.0466529
Epoch: 999, LR: 0.000010, Loss: 0.0395266, Validation MAE: 1.0454841, Test MAE: 1.0829562, Test MAE norm: 0.0467806
Epoch: 1000, LR: 0.000010, Loss: 0.0395718, Validation MAE: 1.0450710, Test MAE: 1.0821272, Test MAE norm: 0.0467448
Epoch: 1010, LR: 0.000010, Loss: 0.0396840, Validation MAE: 1.0461069, Test MAE: 1.0866380, Test MAE norm: 0.0469396
Epoch: 1019, LR: 0.000010, Loss: 0.0395858, Validation MAE: 1.0447890, Test MAE: 1.0822582, Test MAE norm: 0.0467504
Epoch: 1029, LR: 0.000010, Loss: 0.0395876, Validation MAE: 1.0476291, Test MAE: 1.0784419, Test MAE norm: 0.0465856
Epoch: 1030, LR: 0.000010, Loss: 0.0395884, Validation MAE: 1.0450294, Test MAE: 1.0811719, Test MAE norm: 0.0467035
Epoch: 1036, LR: 0.000010, Loss: 0.0395353, Validation MAE: 1.0434071, Test MAE: 1.0820150, Test MAE norm: 0.0467399
Epoch: 1046, LR: 0.000010, Loss: 0.0395126, Validation MAE: 1.0440339, Test MAE: 1.0824176, Test MAE norm: 0.0467573
Epoch: 1047, LR: 0.000010, Loss: 0.0395207, Validation MAE: 1.0440060, Test MAE: 1.0843344, Test MAE norm: 0.0468401
Epoch: 1052, LR: 0.000010, Loss: 0.0395340, Validation MAE: 1.0438776, Test MAE: 1.0815398, Test MAE norm: 0.0467194
Epoch: 1055, LR: 0.000010, Loss: 0.0395137, Validation MAE: 1.0436028, Test MAE: 1.0821797, Test MAE norm: 0.0467470
Epoch: 1058, LR: 0.000010, Loss: 0.0395109, Validation MAE: 1.0432628, Test MAE: 1.0821974, Test MAE norm: 0.0467478
Epoch: 1067, LR: 0.000010, Loss: 0.0395350, Validation MAE: 1.0428606, Test MAE: 1.0815276, Test MAE norm: 0.0467189
Epoch: 1077, LR: 0.000010, Loss: 0.0395158, Validation MAE: 1.0437362, Test MAE: 1.0823512, Test MAE norm: 0.0467544
Epoch: 1078, LR: 0.000010, Loss: 0.0394998, Validation MAE: 1.0435337, Test MAE: 1.0829767, Test MAE norm: 0.0467815
Epoch: 1082, LR: 0.000010, Loss: 0.0395243, Validation MAE: 1.0433960, Test MAE: 1.0824478, Test MAE norm: 0.0467586
Epoch: 1092, LR: 0.000010, Loss: 0.0395909, Validation MAE: 1.0434647, Test MAE: 1.0801454, Test MAE norm: 0.0466591
Epoch: 1096, LR: 0.000010, Loss: 0.0395474, Validation MAE: 1.0433006, Test MAE: 1.0832598, Test MAE norm: 0.0467937
Epoch: 1099, LR: 0.000010, Loss: 0.0395488, Validation MAE: 1.0428822, Test MAE: 1.0806043, Test MAE norm: 0.0466790
Epoch: 1109, LR: 0.000010, Loss: 0.0395159, Validation MAE: 1.0435878, Test MAE: 1.0830359, Test MAE norm: 0.0467840
Epoch: 1110, LR: 0.000010, Loss: 0.0394989, Validation MAE: 1.0434575, Test MAE: 1.0860221, Test MAE norm: 0.0469130
Epoch: 1111, LR: 0.000010, Loss: 0.0395374, Validation MAE: 1.0432370, Test MAE: 1.0824599, Test MAE norm: 0.0467591
Epoch: 1114, LR: 0.000010, Loss: 0.0394812, Validation MAE: 1.0430293, Test MAE: 1.0817765, Test MAE norm: 0.0467296
Epoch: 1115, LR: 0.000010, Loss: 0.0394811, Validation MAE: 1.0428106, Test MAE: 1.0830145, Test MAE norm: 0.0467831
Epoch: 1121, LR: 0.000010, Loss: 0.0394691, Validation MAE: 1.0427394, Test MAE: 1.0797462, Test MAE norm: 0.0466419
Epoch: 1125, LR: 0.000010, Loss: 0.0394760, Validation MAE: 1.0420212, Test MAE: 1.0798159, Test MAE norm: 0.0466449
Epoch: 1135, LR: 0.000010, Loss: 0.0394625, Validation MAE: 1.0428352, Test MAE: 1.0796480, Test MAE norm: 0.0466377
Epoch: 1136, LR: 0.000010, Loss: 0.0394882, Validation MAE: 1.0419132, Test MAE: 1.0807741, Test MAE norm: 0.0466863
Epoch: 1138, LR: 0.000010, Loss: 0.0394704, Validation MAE: 1.0417943, Test MAE: 1.0804315, Test MAE norm: 0.0466715
Epoch: 1145, LR: 0.000010, Loss: 0.0394602, Validation MAE: 1.0417883, Test MAE: 1.0809059, Test MAE norm: 0.0466920
Epoch: 1147, LR: 0.000010, Loss: 0.0394616, Validation MAE: 1.0417138, Test MAE: 1.0800748, Test MAE norm: 0.0466561
Epoch: 1152, LR: 0.000010, Loss: 0.0394697, Validation MAE: 1.0413471, Test MAE: 1.0806695, Test MAE norm: 0.0466818
Epoch: 1162, LR: 0.000010, Loss: 0.0395242, Validation MAE: 1.0444329, Test MAE: 1.0797108, Test MAE norm: 0.0466404
Epoch: 1164, LR: 0.000010, Loss: 0.0395369, Validation MAE: 1.0428457, Test MAE: 1.0857748, Test MAE norm: 0.0469023
Epoch: 1166, LR: 0.000010, Loss: 0.0396542, Validation MAE: 1.0412451, Test MAE: 1.0818238, Test MAE norm: 0.0467317
Epoch: 1176, LR: 0.000010, Loss: 0.0395162, Validation MAE: 1.0437449, Test MAE: 1.0790722, Test MAE norm: 0.0466128
Epoch: 1178, LR: 0.000010, Loss: 0.0395653, Validation MAE: 1.0424135, Test MAE: 1.0835679, Test MAE norm: 0.0468070
Epoch: 1180, LR: 0.000010, Loss: 0.0395566, Validation MAE: 1.0412008, Test MAE: 1.0816311, Test MAE norm: 0.0467233
Epoch: 1190, LR: 0.000010, Loss: 0.0394996, Validation MAE: 1.0473127, Test MAE: 1.0775943, Test MAE norm: 0.0465489
Epoch: 1191, LR: 0.000010, Loss: 0.0395989, Validation MAE: 1.0446069, Test MAE: 1.0783645, Test MAE norm: 0.0465822
Epoch: 1192, LR: 0.000010, Loss: 0.0395298, Validation MAE: 1.0413477, Test MAE: 1.0825156, Test MAE norm: 0.0467615
Epoch: 1194, LR: 0.000010, Loss: 0.0395260, Validation MAE: 1.0410758, Test MAE: 1.0815171, Test MAE norm: 0.0467184
Epoch: 1197, LR: 0.000010, Loss: 0.0395907, Validation MAE: 1.0410411, Test MAE: 1.0822709, Test MAE norm: 0.0467510
Epoch: 1199, LR: 0.000010, Loss: 0.0395787, Validation MAE: 1.0404301, Test MAE: 1.0823426, Test MAE norm: 0.0467541
Epoch: 1209, LR: 0.000010, Loss: 0.0394590, Validation MAE: 1.0447066, Test MAE: 1.0777848, Test MAE norm: 0.0465572
Epoch: 1210, LR: 0.000010, Loss: 0.0394982, Validation MAE: 1.0428014, Test MAE: 1.0793027, Test MAE norm: 0.0466227
Epoch: 1211, LR: 0.000010, Loss: 0.0394535, Validation MAE: 1.0410279, Test MAE: 1.0827303, Test MAE norm: 0.0467708
Epoch: 1212, LR: 0.000010, Loss: 0.0394645, Validation MAE: 1.0407339, Test MAE: 1.0816629, Test MAE norm: 0.0467247
Epoch: 1222, LR: 0.000010, Loss: 0.0394809, Validation MAE: 1.0438962, Test MAE: 1.0783756, Test MAE norm: 0.0465827
Epoch: 1224, LR: 0.000010, Loss: 0.0395195, Validation MAE: 1.0400544, Test MAE: 1.0822002, Test MAE norm: 0.0467479
Epoch: 1230, LR: 0.000010, Loss: 0.0394454, Validation MAE: 1.0398437, Test MAE: 1.0793418, Test MAE norm: 0.0466244
Epoch: 1234, LR: 0.000010, Loss: 0.0394315, Validation MAE: 1.0398229, Test MAE: 1.0816870, Test MAE norm: 0.0467257
Epoch: 1241, LR: 0.000010, Loss: 0.0394373, Validation MAE: 1.0397538, Test MAE: 1.0810828, Test MAE norm: 0.0466996
Epoch: 1248, LR: 0.000010, Loss: 0.0394358, Validation MAE: 1.0396805, Test MAE: 1.0803659, Test MAE norm: 0.0466687
Epoch: 1258, LR: 0.000010, Loss: 0.0394527, Validation MAE: 1.0406100, Test MAE: 1.0798873, Test MAE norm: 0.0466480
Epoch: 1259, LR: 0.000010, Loss: 0.0394353, Validation MAE: 1.0398897, Test MAE: 1.0821613, Test MAE norm: 0.0467462
Epoch: 1260, LR: 0.000010, Loss: 0.0394458, Validation MAE: 1.0388398, Test MAE: 1.0813653, Test MAE norm: 0.0467118
Epoch: 1270, LR: 0.000010, Loss: 0.0394240, Validation MAE: 1.0397509, Test MAE: 1.0805800, Test MAE norm: 0.0466779
Epoch: 1271, LR: 0.000010, Loss: 0.0394325, Validation MAE: 1.0395060, Test MAE: 1.0806901, Test MAE norm: 0.0466827
Epoch: 1275, LR: 0.000010, Loss: 0.0394650, Validation MAE: 1.0391952, Test MAE: 1.0799732, Test MAE norm: 0.0466517
Epoch: 1285, LR: 0.000010, Loss: 0.0394172, Validation MAE: 1.0443577, Test MAE: 1.0783274, Test MAE norm: 0.0465806
Epoch: 1286, LR: 0.000010, Loss: 0.0395713, Validation MAE: 1.0393003, Test MAE: 1.0834416, Test MAE norm: 0.0468015
Epoch: 1295, LR: 0.000010, Loss: 0.0394493, Validation MAE: 1.0390667, Test MAE: 1.0811776, Test MAE norm: 0.0467037
Epoch: 1299, LR: 0.000010, Loss: 0.0393991, Validation MAE: 1.0388929, Test MAE: 1.0802259, Test MAE norm: 0.0466626
Epoch: 1309, LR: 0.000010, Loss: 0.0393867, Validation MAE: 1.0394192, Test MAE: 1.0792128, Test MAE norm: 0.0466189
Epoch: 1311, LR: 0.000010, Loss: 0.0394187, Validation MAE: 1.0390877, Test MAE: 1.0783765, Test MAE norm: 0.0465827
Epoch: 1312, LR: 0.000010, Loss: 0.0394223, Validation MAE: 1.0386873, Test MAE: 1.0787889, Test MAE norm: 0.0466006
Epoch: 1316, LR: 0.000010, Loss: 0.0394063, Validation MAE: 1.0384666, Test MAE: 1.0802897, Test MAE norm: 0.0466654
Epoch: 1320, LR: 0.000010, Loss: 0.0394739, Validation MAE: 1.0379125, Test MAE: 1.0815737, Test MAE norm: 0.0467208
Epoch: 1330, LR: 0.000010, Loss: 0.0394021, Validation MAE: 1.0396259, Test MAE: 1.0797606, Test MAE norm: 0.0466425
Epoch: 1331, LR: 0.000010, Loss: 0.0393886, Validation MAE: 1.0390459, Test MAE: 1.0801748, Test MAE norm: 0.0466604
Epoch: 1332, LR: 0.000010, Loss: 0.0394124, Validation MAE: 1.0380293, Test MAE: 1.0815052, Test MAE norm: 0.0467179
Epoch: 1342, LR: 0.000010, Loss: 0.0394934, Validation MAE: 1.0408860, Test MAE: 1.0782065, Test MAE norm: 0.0465754
Epoch: 1343, LR: 0.000010, Loss: 0.0394136, Validation MAE: 1.0393746, Test MAE: 1.0825304, Test MAE norm: 0.0467622
Epoch: 1348, LR: 0.000010, Loss: 0.0394953, Validation MAE: 1.0386040, Test MAE: 1.0818192, Test MAE norm: 0.0467314
Epoch: 1355, LR: 0.000010, Loss: 0.0396137, Validation MAE: 1.0381869, Test MAE: 1.0818850, Test MAE norm: 0.0467343
Epoch: 1360, LR: 0.000010, Loss: 0.0394252, Validation MAE: 1.0378762, Test MAE: 1.0812809, Test MAE norm: 0.0467082
Epoch: 1370, LR: 0.000010, Loss: 0.0393993, Validation MAE: 1.0383402, Test MAE: 1.0791285, Test MAE norm: 0.0466152
Epoch: 1371, LR: 0.000010, Loss: 0.0393763, Validation MAE: 1.0378841, Test MAE: 1.0815203, Test MAE norm: 0.0467185
Epoch: 1381, LR: 0.000010, Loss: 0.0393999, Validation MAE: 1.0406359, Test MAE: 1.0775230, Test MAE norm: 0.0465459
Epoch: 1382, LR: 0.000010, Loss: 0.0394155, Validation MAE: 1.0377449, Test MAE: 1.0795417, Test MAE norm: 0.0466331
Epoch: 1386, LR: 0.000010, Loss: 0.0393619, Validation MAE: 1.0372736, Test MAE: 1.0789481, Test MAE norm: 0.0466074
Epoch: 1396, LR: 0.000010, Loss: 0.0393956, Validation MAE: 1.0369929, Test MAE: 1.0802245, Test MAE norm: 0.0466626
Epoch: 1397, LR: 0.000010, Loss: 0.0393813, Validation MAE: 1.0364918, Test MAE: 1.0805446, Test MAE norm: 0.0466764
Epoch: 1407, LR: 0.000010, Loss: 0.0393619, Validation MAE: 1.0377122, Test MAE: 1.0799975, Test MAE norm: 0.0466528
Epoch: 1410, LR: 0.000010, Loss: 0.0394228, Validation MAE: 1.0369536, Test MAE: 1.0787646, Test MAE norm: 0.0465995
Epoch: 1420, LR: 0.000010, Loss: 0.0396011, Validation MAE: 1.0381681, Test MAE: 1.0815853, Test MAE norm: 0.0467213
Epoch: 1424, LR: 0.000010, Loss: 0.0396416, Validation MAE: 1.0376773, Test MAE: 1.0788133, Test MAE norm: 0.0466016
Epoch: 1426, LR: 0.000010, Loss: 0.0394914, Validation MAE: 1.0371480, Test MAE: 1.0816259, Test MAE norm: 0.0467231
Epoch: 1433, LR: 0.000010, Loss: 0.0393450, Validation MAE: 1.0371277, Test MAE: 1.0818284, Test MAE norm: 0.0467318
Epoch: 1434, LR: 0.000010, Loss: 0.0394366, Validation MAE: 1.0369983, Test MAE: 1.0795604, Test MAE norm: 0.0466339
Epoch: 1444, LR: 0.000010, Loss: 0.0394229, Validation MAE: 1.0371743, Test MAE: 1.0798413, Test MAE norm: 0.0466460
Epoch: 1449, LR: 0.000010, Loss: 0.0393874, Validation MAE: 1.0364544, Test MAE: 1.0789324, Test MAE norm: 0.0466068
Epoch: 1457, LR: 0.000010, Loss: 0.0393572, Validation MAE: 1.0363559, Test MAE: 1.0790924, Test MAE norm: 0.0466137
Epoch: 1467, LR: 0.000010, Loss: 0.0394787, Validation MAE: 1.0374974, Test MAE: 1.0789171, Test MAE norm: 0.0466061
Epoch: 1469, LR: 0.000010, Loss: 0.0394411, Validation MAE: 1.0363914, Test MAE: 1.0800418, Test MAE norm: 0.0466547
Epoch: 1473, LR: 0.000010, Loss: 0.0394191, Validation MAE: 1.0355676, Test MAE: 1.0784638, Test MAE norm: 0.0465865
Epoch: 1479, LR: 0.000010, Loss: 0.0394445, Validation MAE: 1.0354944, Test MAE: 1.0787687, Test MAE norm: 0.0465997
Epoch: 1489, LR: 0.000010, Loss: 0.0393783, Validation MAE: 1.0351009, Test MAE: 1.0785290, Test MAE norm: 0.0465893
Epoch: 1490, LR: 0.000010, Loss: 0.0393445, Validation MAE: 1.0350473, Test MAE: 1.0796946, Test MAE norm: 0.0466397
Epoch: 1500, LR: 0.000010, Loss: 0.0393654, Validation MAE: 1.0382191, Test MAE: 1.0830026, Test MAE norm: 0.0467826
Epoch: 1501, LR: 0.000010, Loss: 0.0394531, Validation MAE: 1.0365065, Test MAE: 1.0822055, Test MAE norm: 0.0467481
Epoch: 1504, LR: 0.000010, Loss: 0.0393468, Validation MAE: 1.0359341, Test MAE: 1.0800672, Test MAE norm: 0.0466558
Epoch: 1514, LR: 0.000010, Loss: 0.0394350, Validation MAE: 1.0437351, Test MAE: 1.0747031, Test MAE norm: 0.0464241
Epoch: 1515, LR: 0.000010, Loss: 0.0395955, Validation MAE: 1.0414338, Test MAE: 1.0759039, Test MAE norm: 0.0464759
Epoch: 1516, LR: 0.000010, Loss: 0.0394296, Validation MAE: 1.0406102, Test MAE: 1.0864263, Test MAE norm: 0.0469305
Epoch: 1517, LR: 0.000010, Loss: 0.0396550, Validation MAE: 1.0366445, Test MAE: 1.0811465, Test MAE norm: 0.0467024
Epoch: 1521, LR: 0.000010, Loss: 0.0397465, Validation MAE: 1.0359774, Test MAE: 1.0804453, Test MAE norm: 0.0466721
Epoch: 1531, LR: 0.000010, Loss: 0.0394889, Validation MAE: 1.0416750, Test MAE: 1.0748289, Test MAE norm: 0.0464295
Epoch: 1532, LR: 0.000010, Loss: 0.0394433, Validation MAE: 1.0409851, Test MAE: 1.0834138, Test MAE norm: 0.0468003
Epoch: 1533, LR: 0.000010, Loss: 0.0396151, Validation MAE: 1.0399047, Test MAE: 1.0820982, Test MAE norm: 0.0467435
Epoch: 1535, LR: 0.000010, Loss: 0.0394857, Validation MAE: 1.0393590, Test MAE: 1.0741560, Test MAE norm: 0.0464004
Epoch: 1536, LR: 0.000010, Loss: 0.0393434, Validation MAE: 1.0382357, Test MAE: 1.0800955, Test MAE norm: 0.0466570
Epoch: 1537, LR: 0.000010, Loss: 0.0394556, Validation MAE: 1.0372379, Test MAE: 1.0787977, Test MAE norm: 0.0466009
Epoch: 1541, LR: 0.000010, Loss: 0.0395201, Validation MAE: 1.0370667, Test MAE: 1.0798435, Test MAE norm: 0.0466461
Epoch: 1545, LR: 0.000010, Loss: 0.0394471, Validation MAE: 1.0370495, Test MAE: 1.0797819, Test MAE norm: 0.0466434
Epoch: 1548, LR: 0.000010, Loss: 0.0393423, Validation MAE: 1.0369750, Test MAE: 1.0810003, Test MAE norm: 0.0466961
Epoch: 1549, LR: 0.000010, Loss: 0.0394166, Validation MAE: 1.0358448, Test MAE: 1.0784550, Test MAE norm: 0.0465861
Epoch: 1551, LR: 0.000010, Loss: 0.0394736, Validation MAE: 1.0356256, Test MAE: 1.0762748, Test MAE norm: 0.0464919
Epoch: 1561, LR: 0.000010, Loss: 0.0393366, Validation MAE: 1.0362470, Test MAE: 1.0785953, Test MAE norm: 0.0465922
Epoch: 1562, LR: 0.000010, Loss: 0.0393859, Validation MAE: 1.0354884, Test MAE: 1.0764090, Test MAE norm: 0.0464977
Epoch: 1572, LR: 0.000010, Loss: 0.0393248, Validation MAE: 1.0364490, Test MAE: 1.0756994, Test MAE norm: 0.0464671
Epoch: 1573, LR: 0.000010, Loss: 0.0393229, Validation MAE: 1.0347904, Test MAE: 1.0776598, Test MAE norm: 0.0465518
Epoch: 1580, LR: 0.000010, Loss: 0.0393295, Validation MAE: 1.0344799, Test MAE: 1.0765746, Test MAE norm: 0.0465049
Epoch: 1590, LR: 0.000010, Loss: 0.0393301, Validation MAE: 1.0368395, Test MAE: 1.0766957, Test MAE norm: 0.0465101
Epoch: 1591, LR: 0.000010, Loss: 0.0393207, Validation MAE: 1.0363708, Test MAE: 1.0767404, Test MAE norm: 0.0465121
Epoch: 1592, LR: 0.000010, Loss: 0.0393047, Validation MAE: 1.0345887, Test MAE: 1.0781598, Test MAE norm: 0.0465734
Epoch: 1602, LR: 0.000010, Loss: 0.0393589, Validation MAE: 1.0343723, Test MAE: 1.0776899, Test MAE norm: 0.0465531
Epoch: 1612, LR: 0.000010, Loss: 0.0393544, Validation MAE: 1.0341268, Test MAE: 1.0777332, Test MAE norm: 0.0465549
Epoch: 1613, LR: 0.000010, Loss: 0.0393217, Validation MAE: 1.0338923, Test MAE: 1.0770054, Test MAE norm: 0.0465235
Epoch: 1623, LR: 0.000010, Loss: 0.0393368, Validation MAE: 1.0337880, Test MAE: 1.0776414, Test MAE norm: 0.0465510
Epoch: 1633, LR: 0.000010, Loss: 0.0392858, Validation MAE: 1.0347604, Test MAE: 1.0791602, Test MAE norm: 0.0466166
Epoch: 1634, LR: 0.000010, Loss: 0.0393112, Validation MAE: 1.0337377, Test MAE: 1.0773416, Test MAE norm: 0.0465380
Epoch: 1638, LR: 0.000010, Loss: 0.0392849, Validation MAE: 1.0335335, Test MAE: 1.0770106, Test MAE norm: 0.0465237
Epoch: 1645, LR: 0.000010, Loss: 0.0393422, Validation MAE: 1.0329973, Test MAE: 1.0776504, Test MAE norm: 0.0465514
Epoch: 1654, LR: 0.000010, Loss: 0.0392880, Validation MAE: 1.0329181, Test MAE: 1.0765839, Test MAE norm: 0.0465053
Epoch: 1658, LR: 0.000010, Loss: 0.0392767, Validation MAE: 1.0326571, Test MAE: 1.0764639, Test MAE norm: 0.0465001
Epoch: 1668, LR: 0.000010, Loss: 0.0393753, Validation MAE: 1.0340197, Test MAE: 1.0751542, Test MAE norm: 0.0464435
Epoch: 1670, LR: 0.000010, Loss: 0.0392975, Validation MAE: 1.0329888, Test MAE: 1.0765656, Test MAE norm: 0.0465045
Epoch: 1671, LR: 0.000010, Loss: 0.0392605, Validation MAE: 1.0326895, Test MAE: 1.0773538, Test MAE norm: 0.0465386
Epoch: 1678, LR: 0.000010, Loss: 0.0392574, Validation MAE: 1.0326805, Test MAE: 1.0780603, Test MAE norm: 0.0465691
Epoch: 1680, LR: 0.000010, Loss: 0.0393165, Validation MAE: 1.0325652, Test MAE: 1.0787162, Test MAE norm: 0.0465974
Epoch: 1690, LR: 0.000010, Loss: 0.0392819, Validation MAE: 1.0364144, Test MAE: 1.0740812, Test MAE norm: 0.0463972
Epoch: 1691, LR: 0.000010, Loss: 0.0392895, Validation MAE: 1.0333669, Test MAE: 1.0759183, Test MAE norm: 0.0464766
Epoch: 1698, LR: 0.000010, Loss: 0.0394095, Validation MAE: 1.0331950, Test MAE: 1.0754178, Test MAE norm: 0.0464549
Epoch: 1700, LR: 0.000010, Loss: 0.0394320, Validation MAE: 1.0322021, Test MAE: 1.0757402, Test MAE norm: 0.0464689
Epoch: 1710, LR: 0.000010, Loss: 0.0393032, Validation MAE: 1.0321743, Test MAE: 1.0758969, Test MAE norm: 0.0464756
Epoch: 1711, LR: 0.000010, Loss: 0.0392525, Validation MAE: 1.0321398, Test MAE: 1.0777093, Test MAE norm: 0.0465539
Epoch: 1721, LR: 0.000010, Loss: 0.0394736, Validation MAE: 1.0330243, Test MAE: 1.0763475, Test MAE norm: 0.0464951
Epoch: 1723, LR: 0.000010, Loss: 0.0394837, Validation MAE: 1.0325879, Test MAE: 1.0759948, Test MAE norm: 0.0464799
Epoch: 1728, LR: 0.000010, Loss: 0.0393311, Validation MAE: 1.0325843, Test MAE: 1.0762155, Test MAE norm: 0.0464894
Epoch: 1730, LR: 0.000010, Loss: 0.0393371, Validation MAE: 1.0325323, Test MAE: 1.0760159, Test MAE norm: 0.0464808
Epoch: 1732, LR: 0.000010, Loss: 0.0394965, Validation MAE: 1.0323166, Test MAE: 1.0758326, Test MAE norm: 0.0464728
Epoch: 1734, LR: 0.000010, Loss: 0.0394269, Validation MAE: 1.0321579, Test MAE: 1.0761071, Test MAE norm: 0.0464847
Epoch: 1744, LR: 0.000010, Loss: 0.0394952, Validation MAE: 1.0352639, Test MAE: 1.0732372, Test MAE norm: 0.0463607
Epoch: 1746, LR: 0.000010, Loss: 0.0394164, Validation MAE: 1.0326624, Test MAE: 1.0762807, Test MAE norm: 0.0464922
Epoch: 1748, LR: 0.000010, Loss: 0.0394201, Validation MAE: 1.0325192, Test MAE: 1.0749483, Test MAE norm: 0.0464346
Epoch: 1755, LR: 0.000010, Loss: 0.0392498, Validation MAE: 1.0319468, Test MAE: 1.0750082, Test MAE norm: 0.0464372
Epoch: 1765, LR: 0.000010, Loss: 0.0392230, Validation MAE: 1.0331252, Test MAE: 1.0736712, Test MAE norm: 0.0463795
Epoch: 1766, LR: 0.000010, Loss: 0.0392388, Validation MAE: 1.0326867, Test MAE: 1.0744017, Test MAE norm: 0.0464110
Epoch: 1767, LR: 0.000010, Loss: 0.0392186, Validation MAE: 1.0323254, Test MAE: 1.0764372, Test MAE norm: 0.0464990
Epoch: 1768, LR: 0.000010, Loss: 0.0392587, Validation MAE: 1.0321872, Test MAE: 1.0743818, Test MAE norm: 0.0464102
Epoch: 1771, LR: 0.000010, Loss: 0.0392288, Validation MAE: 1.0320212, Test MAE: 1.0771443, Test MAE norm: 0.0465295
Epoch: 1779, LR: 0.000010, Loss: 0.0392816, Validation MAE: 1.0317198, Test MAE: 1.0737222, Test MAE norm: 0.0463817
Epoch: 1789, LR: 0.000010, Loss: 0.0392671, Validation MAE: 1.0315847, Test MAE: 1.0753831, Test MAE norm: 0.0464534
Epoch: 1790, LR: 0.000010, Loss: 0.0392221, Validation MAE: 1.0310130, Test MAE: 1.0751394, Test MAE norm: 0.0464429
Epoch: 1793, LR: 0.000010, Loss: 0.0392365, Validation MAE: 1.0309933, Test MAE: 1.0756998, Test MAE norm: 0.0464671
Epoch: 1799, LR: 0.000010, Loss: 0.0392401, Validation MAE: 1.0307755, Test MAE: 1.0768926, Test MAE norm: 0.0465186
Epoch: 1807, LR: 0.000010, Loss: 0.0392175, Validation MAE: 1.0306858, Test MAE: 1.0763212, Test MAE norm: 0.0464940
Epoch: 1817, LR: 0.000010, Loss: 0.0394420, Validation MAE: 1.0313570, Test MAE: 1.0738696, Test MAE norm: 0.0463881
Epoch: 1819, LR: 0.000010, Loss: 0.0393870, Validation MAE: 1.0309227, Test MAE: 1.0747604, Test MAE norm: 0.0464265
Epoch: 1827, LR: 0.000010, Loss: 0.0392318, Validation MAE: 1.0305806, Test MAE: 1.0757028, Test MAE norm: 0.0464672
Epoch: 1837, LR: 0.000010, Loss: 0.0391995, Validation MAE: 1.0336591, Test MAE: 1.0734308, Test MAE norm: 0.0463691
Epoch: 1838, LR: 0.000010, Loss: 0.0391938, Validation MAE: 1.0303799, Test MAE: 1.0739222, Test MAE norm: 0.0463903
Epoch: 1848, LR: 0.000010, Loss: 0.0394133, Validation MAE: 1.0421680, Test MAE: 1.0709580, Test MAE norm: 0.0462623
Epoch: 1849, LR: 0.000010, Loss: 0.0395825, Validation MAE: 1.0408324, Test MAE: 1.0711600, Test MAE norm: 0.0462710
Epoch: 1850, LR: 0.000010, Loss: 0.0395313, Validation MAE: 1.0345501, Test MAE: 1.0806199, Test MAE norm: 0.0466796
Epoch: 1855, LR: 0.000010, Loss: 0.0395652, Validation MAE: 1.0318499, Test MAE: 1.0778525, Test MAE norm: 0.0465601
Epoch: 1865, LR: 0.000010, Loss: 0.0395253, Validation MAE: 1.0396693, Test MAE: 1.0690210, Test MAE norm: 0.0461786
Epoch: 1866, LR: 0.000010, Loss: 0.0394548, Validation MAE: 1.0353242, Test MAE: 1.0794245, Test MAE norm: 0.0466280
Epoch: 1871, LR: 0.000010, Loss: 0.0394433, Validation MAE: 1.0338825, Test MAE: 1.0763364, Test MAE norm: 0.0464946
Epoch: 1875, LR: 0.000010, Loss: 0.0394503, Validation MAE: 1.0337927, Test MAE: 1.0762991, Test MAE norm: 0.0464930
Epoch: 1878, LR: 0.000010, Loss: 0.0392383, Validation MAE: 1.0336657, Test MAE: 1.0764675, Test MAE norm: 0.0465003
Epoch: 1882, LR: 0.000010, Loss: 0.0395468, Validation MAE: 1.0310022, Test MAE: 1.0717949, Test MAE norm: 0.0462984
Epoch: 1892, LR: 0.000010, Loss: 0.0394752, Validation MAE: 1.0348465, Test MAE: 1.0766864, Test MAE norm: 0.0465097
Epoch: 1895, LR: 0.000010, Loss: 0.0392765, Validation MAE: 1.0347922, Test MAE: 1.0779502, Test MAE norm: 0.0465643
Epoch: 1899, LR: 0.000010, Loss: 0.0393626, Validation MAE: 1.0345826, Test MAE: 1.0774277, Test MAE norm: 0.0465418
Epoch: 1901, LR: 0.000010, Loss: 0.0395407, Validation MAE: 1.0338390, Test MAE: 1.0702854, Test MAE norm: 0.0462332
Epoch: 1903, LR: 0.000010, Loss: 0.0392918, Validation MAE: 1.0318153, Test MAE: 1.0739540, Test MAE norm: 0.0463917
Epoch: 1909, LR: 0.000010, Loss: 0.0393457, Validation MAE: 1.0312308, Test MAE: 1.0701870, Test MAE norm: 0.0462290
Epoch: 1913, LR: 0.000010, Loss: 0.0392794, Validation MAE: 1.0305791, Test MAE: 1.0706301, Test MAE norm: 0.0462481
Epoch: 1923, LR: 0.000010, Loss: 0.0392819, Validation MAE: 1.0329853, Test MAE: 1.0748792, Test MAE norm: 0.0464317
Epoch: 1927, LR: 0.000010, Loss: 0.0394240, Validation MAE: 1.0310090, Test MAE: 1.0732691, Test MAE norm: 0.0463621
Epoch: 1936, LR: 0.000010, Loss: 0.0391950, Validation MAE: 1.0307035, Test MAE: 1.0726997, Test MAE norm: 0.0463375
Epoch: 1944, LR: 0.000010, Loss: 0.0394641, Validation MAE: 1.0303742, Test MAE: 1.0718043, Test MAE norm: 0.0462988
Epoch: 1946, LR: 0.000010, Loss: 0.0393584, Validation MAE: 1.0299963, Test MAE: 1.0715472, Test MAE norm: 0.0462877
Epoch: 1956, LR: 0.000010, Loss: 0.0391858, Validation MAE: 1.0300516, Test MAE: 1.0713384, Test MAE norm: 0.0462787
Epoch: 1966, LR: 0.000010, Loss: 0.0391605, Validation MAE: 1.0307167, Test MAE: 1.0715662, Test MAE norm: 0.0462886
Epoch: 1967, LR: 0.000010, Loss: 0.0391642, Validation MAE: 1.0299155, Test MAE: 1.0711105, Test MAE norm: 0.0462689
Epoch: 1973, LR: 0.000010, Loss: 0.0392075, Validation MAE: 1.0295830, Test MAE: 1.0720741, Test MAE norm: 0.0463105
Epoch: 1983, LR: 0.000010, Loss: 0.0393779, Validation MAE: 1.0328794, Test MAE: 1.0703770, Test MAE norm: 0.0462372
Epoch: 1985, LR: 0.000010, Loss: 0.0394207, Validation MAE: 1.0293590, Test MAE: 1.0724062, Test MAE norm: 0.0463248
Epoch: 1995, LR: 0.000010, Loss: 0.0391667, Validation MAE: 1.0355732, Test MAE: 1.0694457, Test MAE norm: 0.0461970
Epoch: 1996, LR: 0.000010, Loss: 0.0393203, Validation MAE: 1.0302409, Test MAE: 1.0708554, Test MAE norm: 0.0462578
Epoch: 1998, LR: 0.000010, Loss: 0.0392755, Validation MAE: 1.0289038, Test MAE: 1.0731217, Test MAE norm: 0.0463557
Epoch: 1998, LR: 0.000010, Loss: 0.0392755, Validation MAE: 1.0289038, Test MAE: 1.0731217, Test MAE norm: 0.0463557