Command line input: python run_count.py --batch_size 256 --target 3 --model GNN --h 3 --seed 1 --epoch 2000 --dataset easy-1
Mean = 8.475, Std = 45.380
Using GNN model

Epoch: 001, LR: 0.001000, Loss: 0.3899815, Validation MAE: 9.8900175, Test MAE: 16.7664757, Test MAE norm: 0.3694654
Epoch: 002, LR: 0.001000, Loss: 0.3619299, Validation MAE: 8.9969168, Test MAE: 16.1134319, Test MAE norm: 0.3550749
Epoch: 003, LR: 0.001000, Loss: 0.3420678, Validation MAE: 8.3572750, Test MAE: 15.4322557, Test MAE norm: 0.3400645
Epoch: 004, LR: 0.001000, Loss: 0.3295711, Validation MAE: 7.4308276, Test MAE: 14.5434475, Test MAE norm: 0.3204788
Epoch: 005, LR: 0.001000, Loss: 0.3117747, Validation MAE: 6.4461150, Test MAE: 13.6321926, Test MAE norm: 0.3003984
Epoch: 006, LR: 0.001000, Loss: 0.2923557, Validation MAE: 5.7265978, Test MAE: 12.8450060, Test MAE norm: 0.2830520
Epoch: 007, LR: 0.001000, Loss: 0.2778777, Validation MAE: 4.8843384, Test MAE: 11.9774504, Test MAE norm: 0.2639346
Epoch: 008, LR: 0.001000, Loss: 0.2608099, Validation MAE: 4.0042219, Test MAE: 11.0605383, Test MAE norm: 0.2437295
Epoch: 009, LR: 0.001000, Loss: 0.2433011, Validation MAE: 3.3018939, Test MAE: 10.2778664, Test MAE norm: 0.2264826
Epoch: 010, LR: 0.001000, Loss: 0.2298863, Validation MAE: 2.7384326, Test MAE: 9.6807423, Test MAE norm: 0.2133244
Epoch: 016, LR: 0.001000, Loss: 0.2270680, Validation MAE: 2.6730695, Test MAE: 9.4129581, Test MAE norm: 0.2074235
Epoch: 017, LR: 0.001000, Loss: 0.2180599, Validation MAE: 2.4573169, Test MAE: 9.2257824, Test MAE norm: 0.2032989
Epoch: 024, LR: 0.001000, Loss: 0.2117686, Validation MAE: 2.3793483, Test MAE: 9.2031908, Test MAE norm: 0.2028011
Epoch: 025, LR: 0.001000, Loss: 0.2080451, Validation MAE: 2.3332789, Test MAE: 9.1192665, Test MAE norm: 0.2009518
Epoch: 026, LR: 0.001000, Loss: 0.2075327, Validation MAE: 2.1795962, Test MAE: 8.9922113, Test MAE norm: 0.1981520
Epoch: 032, LR: 0.001000, Loss: 0.2060244, Validation MAE: 2.1545904, Test MAE: 8.9290152, Test MAE norm: 0.1967594
Epoch: 036, LR: 0.001000, Loss: 0.2037206, Validation MAE: 2.1479168, Test MAE: 8.8796253, Test MAE norm: 0.1956710
Epoch: 039, LR: 0.001000, Loss: 0.2024294, Validation MAE: 2.0962369, Test MAE: 8.8208008, Test MAE norm: 0.1943748
Epoch: 042, LR: 0.001000, Loss: 0.2011546, Validation MAE: 2.0600734, Test MAE: 8.7361841, Test MAE norm: 0.1925102
Epoch: 043, LR: 0.001000, Loss: 0.1999870, Validation MAE: 2.0475349, Test MAE: 8.7574100, Test MAE norm: 0.1929779
Epoch: 044, LR: 0.001000, Loss: 0.1999215, Validation MAE: 2.0404878, Test MAE: 8.7465973, Test MAE norm: 0.1927397
Epoch: 048, LR: 0.001000, Loss: 0.1983349, Validation MAE: 2.0159340, Test MAE: 8.7162113, Test MAE norm: 0.1920701
Epoch: 050, LR: 0.001000, Loss: 0.1974841, Validation MAE: 2.0047030, Test MAE: 8.6778688, Test MAE norm: 0.1912251
Epoch: 051, LR: 0.001000, Loss: 0.1966255, Validation MAE: 1.9972934, Test MAE: 8.6630650, Test MAE norm: 0.1908989
Epoch: 061, LR: 0.001000, Loss: 0.1944504, Validation MAE: 2.0360887, Test MAE: 8.6369905, Test MAE norm: 0.1903244
Epoch: 062, LR: 0.001000, Loss: 0.1949538, Validation MAE: 2.0237377, Test MAE: 8.6200352, Test MAE norm: 0.1899507
Epoch: 063, LR: 0.000900, Loss: 0.1943587, Validation MAE: 2.0122960, Test MAE: 8.5743551, Test MAE norm: 0.1889441
Epoch: 065, LR: 0.000900, Loss: 0.1936160, Validation MAE: 1.9928069, Test MAE: 8.5510521, Test MAE norm: 0.1884306
Epoch: 066, LR: 0.000900, Loss: 0.1926217, Validation MAE: 1.9876504, Test MAE: 8.5539846, Test MAE norm: 0.1884952
Epoch: 067, LR: 0.000900, Loss: 0.1926922, Validation MAE: 1.9713848, Test MAE: 8.5250168, Test MAE norm: 0.1878569
Epoch: 069, LR: 0.000900, Loss: 0.1919878, Validation MAE: 1.9662682, Test MAE: 8.5175676, Test MAE norm: 0.1876928
Epoch: 074, LR: 0.000900, Loss: 0.1912374, Validation MAE: 1.9660618, Test MAE: 8.4927082, Test MAE norm: 0.1871450
Epoch: 084, LR: 0.000900, Loss: 0.1873719, Validation MAE: 2.0775568, Test MAE: 8.4294367, Test MAE norm: 0.1857507
Epoch: 085, LR: 0.000900, Loss: 0.1880025, Validation MAE: 2.0585370, Test MAE: 8.4124107, Test MAE norm: 0.1853755
Epoch: 091, LR: 0.000810, Loss: 0.1858022, Validation MAE: 2.0537589, Test MAE: 8.3502722, Test MAE norm: 0.1840062
Epoch: 093, LR: 0.000810, Loss: 0.1847499, Validation MAE: 2.0448499, Test MAE: 8.3357029, Test MAE norm: 0.1836852
Epoch: 094, LR: 0.000810, Loss: 0.1844071, Validation MAE: 2.0354400, Test MAE: 8.2981415, Test MAE norm: 0.1828575
Epoch: 095, LR: 0.000810, Loss: 0.1839427, Validation MAE: 2.0308728, Test MAE: 8.2612572, Test MAE norm: 0.1820447
Epoch: 096, LR: 0.000810, Loss: 0.1836379, Validation MAE: 2.0251799, Test MAE: 8.2452755, Test MAE norm: 0.1816925
Epoch: 097, LR: 0.000729, Loss: 0.1831819, Validation MAE: 2.0173888, Test MAE: 8.2475014, Test MAE norm: 0.1817416
Epoch: 102, LR: 0.000729, Loss: 0.1818138, Validation MAE: 2.0056715, Test MAE: 8.1305857, Test MAE norm: 0.1791652
Epoch: 103, LR: 0.000729, Loss: 0.1811712, Validation MAE: 1.9966319, Test MAE: 8.1061220, Test MAE norm: 0.1786262
Epoch: 110, LR: 0.000656, Loss: 0.1787973, Validation MAE: 1.9944894, Test MAE: 7.9623499, Test MAE norm: 0.1754580
Epoch: 118, LR: 0.000656, Loss: 0.1765525, Validation MAE: 1.9501591, Test MAE: 7.7779965, Test MAE norm: 0.1713956
Epoch: 128, LR: 0.000656, Loss: 0.1692673, Validation MAE: 2.0380270, Test MAE: 7.4561834, Test MAE norm: 0.1643041
Epoch: 129, LR: 0.000656, Loss: 0.1683763, Validation MAE: 1.9569612, Test MAE: 7.4824033, Test MAE norm: 0.1648819
Epoch: 130, LR: 0.000590, Loss: 0.1664837, Validation MAE: 1.9412796, Test MAE: 7.5011559, Test MAE norm: 0.1652952
Epoch: 131, LR: 0.000590, Loss: 0.1671176, Validation MAE: 1.9355005, Test MAE: 7.4838881, Test MAE norm: 0.1649146
Epoch: 132, LR: 0.000590, Loss: 0.1669588, Validation MAE: 1.9010600, Test MAE: 7.4130635, Test MAE norm: 0.1633539
Epoch: 137, LR: 0.000590, Loss: 0.1615033, Validation MAE: 1.8393021, Test MAE: 7.1896472, Test MAE norm: 0.1584308
Epoch: 144, LR: 0.000590, Loss: 0.1538420, Validation MAE: 1.7620769, Test MAE: 6.7670660, Test MAE norm: 0.1491188
Epoch: 147, LR: 0.000590, Loss: 0.1503075, Validation MAE: 1.7513959, Test MAE: 6.5768785, Test MAE norm: 0.1449278
Epoch: 151, LR: 0.000590, Loss: 0.1461667, Validation MAE: 1.6837465, Test MAE: 6.3280602, Test MAE norm: 0.1394449
Epoch: 159, LR: 0.000590, Loss: 0.1348629, Validation MAE: 1.6311752, Test MAE: 5.8065958, Test MAE norm: 0.1279539
Epoch: 161, LR: 0.000590, Loss: 0.1369991, Validation MAE: 1.5777299, Test MAE: 5.6877003, Test MAE norm: 0.1253339
Epoch: 164, LR: 0.000590, Loss: 0.1320858, Validation MAE: 1.5562224, Test MAE: 5.5774903, Test MAE norm: 0.1229053
Epoch: 174, LR: 0.000590, Loss: 0.1308952, Validation MAE: 1.7146566, Test MAE: 5.2028875, Test MAE norm: 0.1146506
Epoch: 176, LR: 0.000531, Loss: 0.1319641, Validation MAE: 1.5435220, Test MAE: 5.1997075, Test MAE norm: 0.1145805
Epoch: 184, LR: 0.000531, Loss: 0.1252983, Validation MAE: 1.5226150, Test MAE: 5.0220351, Test MAE norm: 0.1106654
Epoch: 194, LR: 0.000531, Loss: 0.1224170, Validation MAE: 1.5249327, Test MAE: 4.7433796, Test MAE norm: 0.1045249
Epoch: 202, LR: 0.000478, Loss: 0.1207306, Validation MAE: 1.5159165, Test MAE: 4.5553045, Test MAE norm: 0.1003805
Epoch: 207, LR: 0.000478, Loss: 0.1198191, Validation MAE: 1.5109204, Test MAE: 4.4572382, Test MAE norm: 0.0982195
Epoch: 214, LR: 0.000478, Loss: 0.1178301, Validation MAE: 1.5020382, Test MAE: 4.3413262, Test MAE norm: 0.0956653
Epoch: 224, LR: 0.000478, Loss: 0.1151057, Validation MAE: 1.5150172, Test MAE: 4.1698446, Test MAE norm: 0.0918865
Epoch: 227, LR: 0.000430, Loss: 0.1141006, Validation MAE: 1.5072185, Test MAE: 4.1295052, Test MAE norm: 0.0909976
Epoch: 235, LR: 0.000430, Loss: 0.1127683, Validation MAE: 1.5002675, Test MAE: 4.0667582, Test MAE norm: 0.0896149
Epoch: 245, LR: 0.000430, Loss: 0.1131427, Validation MAE: 1.5431540, Test MAE: 4.0409298, Test MAE norm: 0.0890458
Epoch: 247, LR: 0.000387, Loss: 0.1120801, Validation MAE: 1.5142952, Test MAE: 4.0060663, Test MAE norm: 0.0882775
Epoch: 248, LR: 0.000387, Loss: 0.1115256, Validation MAE: 1.4859145, Test MAE: 4.0069194, Test MAE norm: 0.0882963
Epoch: 257, LR: 0.000387, Loss: 0.1100204, Validation MAE: 1.4476293, Test MAE: 3.9307914, Test MAE norm: 0.0866188
Epoch: 258, LR: 0.000387, Loss: 0.1099577, Validation MAE: 1.4448152, Test MAE: 3.9355032, Test MAE norm: 0.0867226
Epoch: 259, LR: 0.000387, Loss: 0.1100249, Validation MAE: 1.4299012, Test MAE: 3.9086354, Test MAE norm: 0.0861305
Epoch: 262, LR: 0.000387, Loss: 0.1092831, Validation MAE: 1.4273978, Test MAE: 3.8779032, Test MAE norm: 0.0854533
Epoch: 263, LR: 0.000387, Loss: 0.1091588, Validation MAE: 1.4254166, Test MAE: 3.8818409, Test MAE norm: 0.0855401
Epoch: 264, LR: 0.000387, Loss: 0.1090570, Validation MAE: 1.4057447, Test MAE: 3.8373003, Test MAE norm: 0.0845586
Epoch: 265, LR: 0.000387, Loss: 0.1086673, Validation MAE: 1.3947506, Test MAE: 3.8343451, Test MAE norm: 0.0844935
Epoch: 275, LR: 0.000387, Loss: 0.1122284, Validation MAE: 1.5419335, Test MAE: 4.0068064, Test MAE norm: 0.0882938
Epoch: 280, LR: 0.000349, Loss: 0.1103132, Validation MAE: 1.5268978, Test MAE: 3.9937239, Test MAE norm: 0.0880055
Epoch: 289, LR: 0.000314, Loss: 0.1088742, Validation MAE: 1.5148486, Test MAE: 3.9191449, Test MAE norm: 0.0863621
Epoch: 291, LR: 0.000314, Loss: 0.1097677, Validation MAE: 1.5112427, Test MAE: 3.9224603, Test MAE norm: 0.0864352
Epoch: 297, LR: 0.000314, Loss: 0.1083401, Validation MAE: 1.5083354, Test MAE: 3.9109375, Test MAE norm: 0.0861813
Epoch: 298, LR: 0.000314, Loss: 0.1072152, Validation MAE: 1.4931556, Test MAE: 3.9216235, Test MAE norm: 0.0864167
Epoch: 299, LR: 0.000282, Loss: 0.1073340, Validation MAE: 1.4892484, Test MAE: 3.9269528, Test MAE norm: 0.0865342
Epoch: 302, LR: 0.000282, Loss: 0.1070980, Validation MAE: 1.4884446, Test MAE: 3.9157796, Test MAE norm: 0.0862880
Epoch: 312, LR: 0.000254, Loss: 0.1065871, Validation MAE: 1.4906050, Test MAE: 3.9063940, Test MAE norm: 0.0860811
Epoch: 313, LR: 0.000254, Loss: 0.1059877, Validation MAE: 1.4844691, Test MAE: 3.9245005, Test MAE norm: 0.0864801
Epoch: 314, LR: 0.000254, Loss: 0.1059462, Validation MAE: 1.4624223, Test MAE: 3.9248474, Test MAE norm: 0.0864878
Epoch: 315, LR: 0.000254, Loss: 0.1060003, Validation MAE: 1.4587747, Test MAE: 3.9215984, Test MAE norm: 0.0864162
Epoch: 325, LR: 0.000229, Loss: 0.1052614, Validation MAE: 1.4815404, Test MAE: 3.8868845, Test MAE norm: 0.0856512
Epoch: 327, LR: 0.000229, Loss: 0.1055667, Validation MAE: 1.4631861, Test MAE: 3.9024189, Test MAE norm: 0.0859935
Epoch: 328, LR: 0.000229, Loss: 0.1052816, Validation MAE: 1.4312083, Test MAE: 3.8869259, Test MAE norm: 0.0856521
Epoch: 332, LR: 0.000206, Loss: 0.1056559, Validation MAE: 1.3980671, Test MAE: 3.8049185, Test MAE norm: 0.0838450
Epoch: 337, LR: 0.000206, Loss: 0.1056736, Validation MAE: 1.3756003, Test MAE: 3.8070259, Test MAE norm: 0.0838915
Epoch: 339, LR: 0.000206, Loss: 0.1059588, Validation MAE: 1.3624554, Test MAE: 3.7930632, Test MAE norm: 0.0835838
Epoch: 344, LR: 0.000206, Loss: 0.1040964, Validation MAE: 1.3598639, Test MAE: 3.7894137, Test MAE norm: 0.0835034
Epoch: 345, LR: 0.000206, Loss: 0.1036852, Validation MAE: 1.3294156, Test MAE: 3.7762816, Test MAE norm: 0.0832140
Epoch: 346, LR: 0.000206, Loss: 0.1031529, Validation MAE: 1.3257425, Test MAE: 3.7589016, Test MAE norm: 0.0828310
Epoch: 347, LR: 0.000206, Loss: 0.1033507, Validation MAE: 1.3024316, Test MAE: 3.7216716, Test MAE norm: 0.0820106
Epoch: 349, LR: 0.000206, Loss: 0.1034216, Validation MAE: 1.3013374, Test MAE: 3.7427721, Test MAE norm: 0.0824756
Epoch: 352, LR: 0.000206, Loss: 0.1028886, Validation MAE: 1.2942460, Test MAE: 3.7395537, Test MAE norm: 0.0824046
Epoch: 354, LR: 0.000206, Loss: 0.1033190, Validation MAE: 1.2915002, Test MAE: 3.6871057, Test MAE norm: 0.0812489
Epoch: 358, LR: 0.000206, Loss: 0.1027205, Validation MAE: 1.2785505, Test MAE: 3.7443457, Test MAE norm: 0.0825102
Epoch: 364, LR: 0.000206, Loss: 0.1019177, Validation MAE: 1.2596953, Test MAE: 3.7042668, Test MAE norm: 0.0816271
Epoch: 369, LR: 0.000206, Loss: 0.1017197, Validation MAE: 1.2480152, Test MAE: 3.6666834, Test MAE norm: 0.0807989
Epoch: 379, LR: 0.000206, Loss: 0.1012872, Validation MAE: 1.2953089, Test MAE: 3.7494156, Test MAE norm: 0.0826220
Epoch: 384, LR: 0.000185, Loss: 0.1024778, Validation MAE: 1.2618784, Test MAE: 3.7371371, Test MAE norm: 0.0823514
Epoch: 391, LR: 0.000185, Loss: 0.1010712, Validation MAE: 1.2527465, Test MAE: 3.6970866, Test MAE norm: 0.0814688
Epoch: 392, LR: 0.000167, Loss: 0.1010561, Validation MAE: 1.2399793, Test MAE: 3.6824579, Test MAE norm: 0.0811465
Epoch: 402, LR: 0.000167, Loss: 0.1007028, Validation MAE: 1.2657019, Test MAE: 3.7120912, Test MAE norm: 0.0817995
Epoch: 403, LR: 0.000167, Loss: 0.1008856, Validation MAE: 1.2598372, Test MAE: 3.6944721, Test MAE norm: 0.0814112
Epoch: 406, LR: 0.000150, Loss: 0.1009412, Validation MAE: 1.2476126, Test MAE: 3.7122772, Test MAE norm: 0.0818036
Epoch: 411, LR: 0.000150, Loss: 0.1011988, Validation MAE: 1.2311174, Test MAE: 3.6809261, Test MAE norm: 0.0811127
Epoch: 421, LR: 0.000150, Loss: 0.1003358, Validation MAE: 1.2696701, Test MAE: 3.7419708, Test MAE norm: 0.0824579
Epoch: 422, LR: 0.000150, Loss: 0.1005468, Validation MAE: 1.2525239, Test MAE: 3.7480166, Test MAE norm: 0.0825911
Epoch: 424, LR: 0.000135, Loss: 0.1002713, Validation MAE: 1.2406611, Test MAE: 3.7286031, Test MAE norm: 0.0821633
Epoch: 425, LR: 0.000135, Loss: 0.0995046, Validation MAE: 1.2386811, Test MAE: 3.7114539, Test MAE norm: 0.0817854
Epoch: 426, LR: 0.000135, Loss: 0.0997234, Validation MAE: 1.2371718, Test MAE: 3.7014205, Test MAE norm: 0.0815643
Epoch: 429, LR: 0.000135, Loss: 0.0998239, Validation MAE: 1.2213454, Test MAE: 3.6942346, Test MAE norm: 0.0814060
Epoch: 439, LR: 0.000135, Loss: 0.0995320, Validation MAE: 1.2808523, Test MAE: 3.7686896, Test MAE norm: 0.0830467
Epoch: 440, LR: 0.000135, Loss: 0.0996145, Validation MAE: 1.2799518, Test MAE: 3.7777233, Test MAE norm: 0.0832457
Epoch: 441, LR: 0.000122, Loss: 0.0996902, Validation MAE: 1.2674408, Test MAE: 3.7675700, Test MAE norm: 0.0830220
Epoch: 444, LR: 0.000122, Loss: 0.0997824, Validation MAE: 1.2504673, Test MAE: 3.6947787, Test MAE norm: 0.0814180
Epoch: 450, LR: 0.000122, Loss: 0.0994199, Validation MAE: 1.2336525, Test MAE: 3.7219067, Test MAE norm: 0.0820158
Epoch: 453, LR: 0.000109, Loss: 0.0992827, Validation MAE: 1.2335682, Test MAE: 3.7273891, Test MAE norm: 0.0821366
Epoch: 458, LR: 0.000109, Loss: 0.0992131, Validation MAE: 1.2323961, Test MAE: 3.7236800, Test MAE norm: 0.0820549
Epoch: 459, LR: 0.000109, Loss: 0.0993274, Validation MAE: 1.2258425, Test MAE: 3.7156692, Test MAE norm: 0.0818783
Epoch: 468, LR: 0.000098, Loss: 0.0988532, Validation MAE: 1.2245754, Test MAE: 3.7205417, Test MAE norm: 0.0819857
Epoch: 474, LR: 0.000089, Loss: 0.0986157, Validation MAE: 1.2233440, Test MAE: 3.7225497, Test MAE norm: 0.0820299
Epoch: 475, LR: 0.000089, Loss: 0.0988534, Validation MAE: 1.2175142, Test MAE: 3.7175987, Test MAE norm: 0.0819208
Epoch: 485, LR: 0.000089, Loss: 0.0984742, Validation MAE: 1.2246248, Test MAE: 3.7458735, Test MAE norm: 0.0825439
Epoch: 486, LR: 0.000089, Loss: 0.0985171, Validation MAE: 1.2230479, Test MAE: 3.7379854, Test MAE norm: 0.0823701
Epoch: 489, LR: 0.000080, Loss: 0.0983914, Validation MAE: 1.2130792, Test MAE: 3.7183213, Test MAE norm: 0.0819368
Epoch: 497, LR: 0.000080, Loss: 0.0983047, Validation MAE: 1.2092129, Test MAE: 3.7231908, Test MAE norm: 0.0820441
Epoch: 507, LR: 0.000080, Loss: 0.0979156, Validation MAE: 1.2159628, Test MAE: 3.7317741, Test MAE norm: 0.0822332
Epoch: 508, LR: 0.000080, Loss: 0.0979935, Validation MAE: 1.2153114, Test MAE: 3.7384706, Test MAE norm: 0.0823808
Epoch: 510, LR: 0.000072, Loss: 0.0979456, Validation MAE: 1.2144582, Test MAE: 3.7404604, Test MAE norm: 0.0824246
Epoch: 514, LR: 0.000072, Loss: 0.0977772, Validation MAE: 1.2104001, Test MAE: 3.7317195, Test MAE norm: 0.0822320
Epoch: 524, LR: 0.000065, Loss: 0.0976234, Validation MAE: 1.2135834, Test MAE: 3.7452748, Test MAE norm: 0.0825307
Epoch: 527, LR: 0.000065, Loss: 0.0975889, Validation MAE: 1.2090442, Test MAE: 3.7402818, Test MAE norm: 0.0824207
Epoch: 537, LR: 0.000065, Loss: 0.0976386, Validation MAE: 1.2105786, Test MAE: 3.7473447, Test MAE norm: 0.0825763
Epoch: 540, LR: 0.000058, Loss: 0.0974896, Validation MAE: 1.2093469, Test MAE: 3.7489231, Test MAE norm: 0.0826111
Epoch: 545, LR: 0.000058, Loss: 0.0974790, Validation MAE: 1.2080851, Test MAE: 3.7491183, Test MAE norm: 0.0826154
Epoch: 550, LR: 0.000058, Loss: 0.0974225, Validation MAE: 1.2077887, Test MAE: 3.7516634, Test MAE norm: 0.0826715
Epoch: 560, LR: 0.000058, Loss: 0.0974689, Validation MAE: 1.2099327, Test MAE: 3.7537975, Test MAE norm: 0.0827185
Epoch: 564, LR: 0.000052, Loss: 0.0974583, Validation MAE: 1.2095150, Test MAE: 3.7518830, Test MAE norm: 0.0826763
Epoch: 566, LR: 0.000052, Loss: 0.0974125, Validation MAE: 1.2037622, Test MAE: 3.7423241, Test MAE norm: 0.0824657
Epoch: 576, LR: 0.000052, Loss: 0.0973900, Validation MAE: 1.2076237, Test MAE: 3.7481275, Test MAE norm: 0.0825936
Epoch: 584, LR: 0.000047, Loss: 0.0973167, Validation MAE: 1.2048354, Test MAE: 3.7474055, Test MAE norm: 0.0825777
Epoch: 594, LR: 0.000042, Loss: 0.0970920, Validation MAE: 1.2142142, Test MAE: 3.7606361, Test MAE norm: 0.0828692
Epoch: 595, LR: 0.000042, Loss: 0.0971202, Validation MAE: 1.2123386, Test MAE: 3.7616339, Test MAE norm: 0.0828912
Epoch: 596, LR: 0.000042, Loss: 0.0970710, Validation MAE: 1.2111837, Test MAE: 3.7598381, Test MAE norm: 0.0828516
Epoch: 597, LR: 0.000042, Loss: 0.0971658, Validation MAE: 1.2106416, Test MAE: 3.7624078, Test MAE norm: 0.0829083
Epoch: 600, LR: 0.000038, Loss: 0.0970547, Validation MAE: 1.2100865, Test MAE: 3.7590616, Test MAE norm: 0.0828345
Epoch: 601, LR: 0.000038, Loss: 0.0971343, Validation MAE: 1.2084337, Test MAE: 3.7626445, Test MAE norm: 0.0829135
Epoch: 608, LR: 0.000038, Loss: 0.0970306, Validation MAE: 1.2077278, Test MAE: 3.7583468, Test MAE norm: 0.0828188
Epoch: 616, LR: 0.000034, Loss: 0.0969728, Validation MAE: 1.2055862, Test MAE: 3.7552605, Test MAE norm: 0.0827508
Epoch: 617, LR: 0.000034, Loss: 0.0969893, Validation MAE: 1.2043862, Test MAE: 3.7556717, Test MAE norm: 0.0827598
Epoch: 627, LR: 0.000031, Loss: 0.0969193, Validation MAE: 1.2086408, Test MAE: 3.7626173, Test MAE norm: 0.0829129
Epoch: 630, LR: 0.000031, Loss: 0.0969142, Validation MAE: 1.2080808, Test MAE: 3.7643809, Test MAE norm: 0.0829517
Epoch: 631, LR: 0.000031, Loss: 0.0968926, Validation MAE: 1.2079136, Test MAE: 3.7616138, Test MAE norm: 0.0828908
Epoch: 634, LR: 0.000028, Loss: 0.0968823, Validation MAE: 1.2070671, Test MAE: 3.7663527, Test MAE norm: 0.0829952
Epoch: 644, LR: 0.000025, Loss: 0.0968570, Validation MAE: 1.2085834, Test MAE: 3.7684555, Test MAE norm: 0.0830415
Epoch: 645, LR: 0.000025, Loss: 0.0968640, Validation MAE: 1.2081683, Test MAE: 3.7681665, Test MAE norm: 0.0830352
Epoch: 649, LR: 0.000025, Loss: 0.0968523, Validation MAE: 1.2079643, Test MAE: 3.7697175, Test MAE norm: 0.0830693
Epoch: 653, LR: 0.000025, Loss: 0.0968423, Validation MAE: 1.2063123, Test MAE: 3.7659268, Test MAE norm: 0.0829858
Epoch: 654, LR: 0.000025, Loss: 0.0968181, Validation MAE: 1.2049669, Test MAE: 3.7652144, Test MAE norm: 0.0829701
Epoch: 664, LR: 0.000023, Loss: 0.0967931, Validation MAE: 1.2050855, Test MAE: 3.7660568, Test MAE norm: 0.0829887
Epoch: 665, LR: 0.000023, Loss: 0.0967885, Validation MAE: 1.2049450, Test MAE: 3.7662454, Test MAE norm: 0.0829928
Epoch: 675, LR: 0.000020, Loss: 0.0967578, Validation MAE: 1.2078689, Test MAE: 3.7685921, Test MAE norm: 0.0830445
Epoch: 676, LR: 0.000020, Loss: 0.0967641, Validation MAE: 1.2070296, Test MAE: 3.7683961, Test MAE norm: 0.0830402
Epoch: 677, LR: 0.000018, Loss: 0.0967453, Validation MAE: 1.2052870, Test MAE: 3.7685335, Test MAE norm: 0.0830432
Epoch: 684, LR: 0.000018, Loss: 0.0967286, Validation MAE: 1.2045094, Test MAE: 3.7680116, Test MAE norm: 0.0830317
Epoch: 691, LR: 0.000016, Loss: 0.0967189, Validation MAE: 1.2042519, Test MAE: 3.7696555, Test MAE norm: 0.0830680
Epoch: 701, LR: 0.000015, Loss: 0.0967074, Validation MAE: 1.2054657, Test MAE: 3.7706289, Test MAE norm: 0.0830894
Epoch: 707, LR: 0.000015, Loss: 0.0966833, Validation MAE: 1.2054648, Test MAE: 3.7701995, Test MAE norm: 0.0830800
Epoch: 708, LR: 0.000015, Loss: 0.0966981, Validation MAE: 1.2041076, Test MAE: 3.7701664, Test MAE norm: 0.0830792
Epoch: 711, LR: 0.000013, Loss: 0.0967116, Validation MAE: 1.2040613, Test MAE: 3.7700562, Test MAE norm: 0.0830768
Epoch: 717, LR: 0.000013, Loss: 0.0966840, Validation MAE: 1.2040006, Test MAE: 3.7710338, Test MAE norm: 0.0830983
Epoch: 727, LR: 0.000012, Loss: 0.0966556, Validation MAE: 1.2053217, Test MAE: 3.7723081, Test MAE norm: 0.0831264
Epoch: 728, LR: 0.000012, Loss: 0.0966517, Validation MAE: 1.2050416, Test MAE: 3.7717247, Test MAE norm: 0.0831136
Epoch: 735, LR: 0.000011, Loss: 0.0966451, Validation MAE: 1.2044728, Test MAE: 3.7725589, Test MAE norm: 0.0831319
Epoch: 742, LR: 0.000011, Loss: 0.0966318, Validation MAE: 1.2040966, Test MAE: 3.7726560, Test MAE norm: 0.0831341
Epoch: 743, LR: 0.000010, Loss: 0.0966351, Validation MAE: 1.2039047, Test MAE: 3.7717066, Test MAE norm: 0.0831132
Epoch: 746, LR: 0.000010, Loss: 0.0966368, Validation MAE: 1.2036023, Test MAE: 3.7698617, Test MAE norm: 0.0830725
Epoch: 756, LR: 0.000010, Loss: 0.0966382, Validation MAE: 1.2038127, Test MAE: 3.7735720, Test MAE norm: 0.0831543
Epoch: 766, LR: 0.000010, Loss: 0.0966378, Validation MAE: 1.2043842, Test MAE: 3.7705793, Test MAE norm: 0.0830883
Epoch: 767, LR: 0.000010, Loss: 0.0966438, Validation MAE: 1.2041904, Test MAE: 3.7715771, Test MAE norm: 0.0831103
Epoch: 777, LR: 0.000010, Loss: 0.0966246, Validation MAE: 1.2042409, Test MAE: 3.7729738, Test MAE norm: 0.0831411
Epoch: 783, LR: 0.000010, Loss: 0.0965874, Validation MAE: 1.2038441, Test MAE: 3.7703760, Test MAE norm: 0.0830838
Epoch: 784, LR: 0.000010, Loss: 0.0966015, Validation MAE: 1.2037371, Test MAE: 3.7703662, Test MAE norm: 0.0830836
Epoch: 785, LR: 0.000010, Loss: 0.0966186, Validation MAE: 1.2035441, Test MAE: 3.7709627, Test MAE norm: 0.0830968
Epoch: 795, LR: 0.000010, Loss: 0.0965684, Validation MAE: 1.2033982, Test MAE: 3.7705073, Test MAE norm: 0.0830867
Epoch: 801, LR: 0.000010, Loss: 0.0965947, Validation MAE: 1.2032801, Test MAE: 3.7695997, Test MAE norm: 0.0830667
Epoch: 805, LR: 0.000010, Loss: 0.0965638, Validation MAE: 1.2032336, Test MAE: 3.7727432, Test MAE norm: 0.0831360
Epoch: 815, LR: 0.000010, Loss: 0.0965500, Validation MAE: 1.2031171, Test MAE: 3.7722023, Test MAE norm: 0.0831241
Epoch: 816, LR: 0.000010, Loss: 0.0965408, Validation MAE: 1.2030163, Test MAE: 3.7703598, Test MAE norm: 0.0830835
Epoch: 826, LR: 0.000010, Loss: 0.0965384, Validation MAE: 1.2039785, Test MAE: 3.7729504, Test MAE norm: 0.0831406
Epoch: 829, LR: 0.000010, Loss: 0.0965341, Validation MAE: 1.2034222, Test MAE: 3.7715695, Test MAE norm: 0.0831101
Epoch: 830, LR: 0.000010, Loss: 0.0965309, Validation MAE: 1.2027513, Test MAE: 3.7710350, Test MAE norm: 0.0830984
Epoch: 840, LR: 0.000010, Loss: 0.0965095, Validation MAE: 1.2041925, Test MAE: 3.7742376, Test MAE norm: 0.0831689
Epoch: 841, LR: 0.000010, Loss: 0.0965130, Validation MAE: 1.2038261, Test MAE: 3.7733386, Test MAE norm: 0.0831491
Epoch: 845, LR: 0.000010, Loss: 0.0965102, Validation MAE: 1.2034086, Test MAE: 3.7739861, Test MAE norm: 0.0831634
Epoch: 855, LR: 0.000010, Loss: 0.0964938, Validation MAE: 1.2043492, Test MAE: 3.7752600, Test MAE norm: 0.0831915
Epoch: 856, LR: 0.000010, Loss: 0.0964947, Validation MAE: 1.2034138, Test MAE: 3.7737741, Test MAE norm: 0.0831587
Epoch: 857, LR: 0.000010, Loss: 0.0964876, Validation MAE: 1.2031429, Test MAE: 3.7739863, Test MAE norm: 0.0831634
Epoch: 859, LR: 0.000010, Loss: 0.0964874, Validation MAE: 1.2029252, Test MAE: 3.7736127, Test MAE norm: 0.0831552
Epoch: 860, LR: 0.000010, Loss: 0.0964880, Validation MAE: 1.2027563, Test MAE: 3.7742240, Test MAE norm: 0.0831686
Epoch: 864, LR: 0.000010, Loss: 0.0964927, Validation MAE: 1.2023942, Test MAE: 3.7741349, Test MAE norm: 0.0831667
Epoch: 868, LR: 0.000010, Loss: 0.0964711, Validation MAE: 1.2021444, Test MAE: 3.7731500, Test MAE norm: 0.0831450
Epoch: 878, LR: 0.000010, Loss: 0.0964631, Validation MAE: 1.2035930, Test MAE: 3.7747874, Test MAE norm: 0.0831811
Epoch: 879, LR: 0.000010, Loss: 0.0964558, Validation MAE: 1.2032859, Test MAE: 3.7743256, Test MAE norm: 0.0831709
Epoch: 880, LR: 0.000010, Loss: 0.0964537, Validation MAE: 1.2026753, Test MAE: 3.7735510, Test MAE norm: 0.0831538
Epoch: 881, LR: 0.000010, Loss: 0.0964564, Validation MAE: 1.2019421, Test MAE: 3.7729859, Test MAE norm: 0.0831414
Epoch: 882, LR: 0.000010, Loss: 0.0964589, Validation MAE: 1.2017605, Test MAE: 3.7738464, Test MAE norm: 0.0831603
Epoch: 892, LR: 0.000010, Loss: 0.0964366, Validation MAE: 1.2024466, Test MAE: 3.7741146, Test MAE norm: 0.0831662
Epoch: 893, LR: 0.000010, Loss: 0.0964399, Validation MAE: 1.2018712, Test MAE: 3.7741163, Test MAE norm: 0.0831663
Epoch: 894, LR: 0.000010, Loss: 0.0964355, Validation MAE: 1.2013874, Test MAE: 3.7731905, Test MAE norm: 0.0831459
Epoch: 904, LR: 0.000010, Loss: 0.0964298, Validation MAE: 1.2021840, Test MAE: 3.7759335, Test MAE norm: 0.0832063
Epoch: 914, LR: 0.000010, Loss: 0.0964251, Validation MAE: 1.2039152, Test MAE: 3.7758436, Test MAE norm: 0.0832043
Epoch: 915, LR: 0.000010, Loss: 0.0964235, Validation MAE: 1.2028553, Test MAE: 3.7766314, Test MAE norm: 0.0832217
Epoch: 916, LR: 0.000010, Loss: 0.0964045, Validation MAE: 1.2025498, Test MAE: 3.7757778, Test MAE norm: 0.0832029
Epoch: 923, LR: 0.000010, Loss: 0.0964312, Validation MAE: 1.2025291, Test MAE: 3.7765133, Test MAE norm: 0.0832191
Epoch: 926, LR: 0.000010, Loss: 0.0964069, Validation MAE: 1.2015949, Test MAE: 3.7746453, Test MAE norm: 0.0831779
Epoch: 935, LR: 0.000010, Loss: 0.0963907, Validation MAE: 1.2015071, Test MAE: 3.7729816, Test MAE norm: 0.0831413
Epoch: 936, LR: 0.000010, Loss: 0.0963874, Validation MAE: 1.2011510, Test MAE: 3.7722774, Test MAE norm: 0.0831257
Epoch: 946, LR: 0.000010, Loss: 0.0963715, Validation MAE: 1.2026209, Test MAE: 3.7759521, Test MAE norm: 0.0832067
Epoch: 949, LR: 0.000010, Loss: 0.0963750, Validation MAE: 1.2018352, Test MAE: 3.7737494, Test MAE norm: 0.0831582
Epoch: 953, LR: 0.000010, Loss: 0.0963758, Validation MAE: 1.2009881, Test MAE: 3.7748497, Test MAE norm: 0.0831824
Epoch: 954, LR: 0.000010, Loss: 0.0963676, Validation MAE: 1.2006354, Test MAE: 3.7742748, Test MAE norm: 0.0831698
Epoch: 964, LR: 0.000010, Loss: 0.0963540, Validation MAE: 1.2028714, Test MAE: 3.7756429, Test MAE norm: 0.0831999
Epoch: 965, LR: 0.000010, Loss: 0.0963548, Validation MAE: 1.2024446, Test MAE: 3.7765861, Test MAE norm: 0.0832207
Epoch: 966, LR: 0.000010, Loss: 0.0963559, Validation MAE: 1.2016057, Test MAE: 3.7757432, Test MAE norm: 0.0832021
Epoch: 973, LR: 0.000010, Loss: 0.0963318, Validation MAE: 1.2014419, Test MAE: 3.7775447, Test MAE norm: 0.0832418
Epoch: 983, LR: 0.000010, Loss: 0.0963578, Validation MAE: 1.2043457, Test MAE: 3.7788248, Test MAE norm: 0.0832700
Epoch: 984, LR: 0.000010, Loss: 0.0963581, Validation MAE: 1.2016900, Test MAE: 3.7764049, Test MAE norm: 0.0832167
Epoch: 992, LR: 0.000010, Loss: 0.0963500, Validation MAE: 1.2013460, Test MAE: 3.7746377, Test MAE norm: 0.0831778
Epoch: 993, LR: 0.000010, Loss: 0.0963491, Validation MAE: 1.2002499, Test MAE: 3.7746468, Test MAE norm: 0.0831780
Epoch: 1003, LR: 0.000010, Loss: 0.0963068, Validation MAE: 1.2021923, Test MAE: 3.7743797, Test MAE norm: 0.0831721
Epoch: 1004, LR: 0.000010, Loss: 0.0963009, Validation MAE: 1.2020845, Test MAE: 3.7754345, Test MAE norm: 0.0831953
Epoch: 1006, LR: 0.000010, Loss: 0.0962976, Validation MAE: 1.2010064, Test MAE: 3.7749710, Test MAE norm: 0.0831851
Epoch: 1007, LR: 0.000010, Loss: 0.0962849, Validation MAE: 1.2003216, Test MAE: 3.7736247, Test MAE norm: 0.0831554
Epoch: 1017, LR: 0.000010, Loss: 0.0962864, Validation MAE: 1.2021753, Test MAE: 3.7760992, Test MAE norm: 0.0832100
Epoch: 1020, LR: 0.000010, Loss: 0.0962937, Validation MAE: 1.2011249, Test MAE: 3.7741320, Test MAE norm: 0.0831666
Epoch: 1021, LR: 0.000010, Loss: 0.0962650, Validation MAE: 1.2008215, Test MAE: 3.7735178, Test MAE norm: 0.0831531
Epoch: 1025, LR: 0.000010, Loss: 0.0962723, Validation MAE: 1.2004628, Test MAE: 3.7757075, Test MAE norm: 0.0832013
Epoch: 1033, LR: 0.000010, Loss: 0.0962395, Validation MAE: 1.2001432, Test MAE: 3.7746196, Test MAE norm: 0.0831774
Epoch: 1043, LR: 0.000010, Loss: 0.0962386, Validation MAE: 1.2019225, Test MAE: 3.7769585, Test MAE norm: 0.0832289
Epoch: 1045, LR: 0.000010, Loss: 0.0962312, Validation MAE: 1.2014873, Test MAE: 3.7751279, Test MAE norm: 0.0831886
Epoch: 1046, LR: 0.000010, Loss: 0.0962295, Validation MAE: 1.2008375, Test MAE: 3.7753527, Test MAE norm: 0.0831935
Epoch: 1047, LR: 0.000010, Loss: 0.0962247, Validation MAE: 1.1997305, Test MAE: 3.7742133, Test MAE norm: 0.0831684
Epoch: 1057, LR: 0.000010, Loss: 0.0962295, Validation MAE: 1.2014419, Test MAE: 3.7783380, Test MAE norm: 0.0832593
Epoch: 1058, LR: 0.000010, Loss: 0.0962295, Validation MAE: 1.2007680, Test MAE: 3.7769237, Test MAE norm: 0.0832281
Epoch: 1066, LR: 0.000010, Loss: 0.0962174, Validation MAE: 1.2004578, Test MAE: 3.7763133, Test MAE norm: 0.0832147
Epoch: 1067, LR: 0.000010, Loss: 0.0961971, Validation MAE: 1.2004430, Test MAE: 3.7746835, Test MAE norm: 0.0831788
Epoch: 1071, LR: 0.000010, Loss: 0.0961930, Validation MAE: 1.2001027, Test MAE: 3.7753413, Test MAE norm: 0.0831933
Epoch: 1081, LR: 0.000010, Loss: 0.0961991, Validation MAE: 1.2035395, Test MAE: 3.7798464, Test MAE norm: 0.0832925
Epoch: 1082, LR: 0.000010, Loss: 0.0962146, Validation MAE: 1.2016633, Test MAE: 3.7806082, Test MAE norm: 0.0833093
Epoch: 1083, LR: 0.000010, Loss: 0.0961830, Validation MAE: 1.2016159, Test MAE: 3.7796085, Test MAE norm: 0.0832873
Epoch: 1087, LR: 0.000010, Loss: 0.0962005, Validation MAE: 1.2011100, Test MAE: 3.7783356, Test MAE norm: 0.0832592
Epoch: 1088, LR: 0.000010, Loss: 0.0961714, Validation MAE: 1.1999488, Test MAE: 3.7763338, Test MAE norm: 0.0832151
Epoch: 1089, LR: 0.000010, Loss: 0.0961905, Validation MAE: 1.1996155, Test MAE: 3.7767603, Test MAE norm: 0.0832245
Epoch: 1099, LR: 0.000010, Loss: 0.0961795, Validation MAE: 1.2011307, Test MAE: 3.7767694, Test MAE norm: 0.0832247
Epoch: 1100, LR: 0.000010, Loss: 0.0961764, Validation MAE: 1.2010012, Test MAE: 3.7769456, Test MAE norm: 0.0832286
Epoch: 1107, LR: 0.000010, Loss: 0.0961546, Validation MAE: 1.1995165, Test MAE: 3.7753139, Test MAE norm: 0.0831927
Epoch: 1108, LR: 0.000010, Loss: 0.0961501, Validation MAE: 1.1993363, Test MAE: 3.7753551, Test MAE norm: 0.0831936
Epoch: 1116, LR: 0.000010, Loss: 0.0961336, Validation MAE: 1.1990569, Test MAE: 3.7763007, Test MAE norm: 0.0832144
Epoch: 1117, LR: 0.000010, Loss: 0.0961361, Validation MAE: 1.1988169, Test MAE: 3.7750583, Test MAE norm: 0.0831870
Epoch: 1127, LR: 0.000010, Loss: 0.0961345, Validation MAE: 1.1994686, Test MAE: 3.7738719, Test MAE norm: 0.0831609
Epoch: 1130, LR: 0.000010, Loss: 0.0961153, Validation MAE: 1.1992718, Test MAE: 3.7754514, Test MAE norm: 0.0831957
Epoch: 1131, LR: 0.000010, Loss: 0.0961221, Validation MAE: 1.1992035, Test MAE: 3.7761095, Test MAE norm: 0.0832102
Epoch: 1141, LR: 0.000010, Loss: 0.0961252, Validation MAE: 1.1995314, Test MAE: 3.7774291, Test MAE norm: 0.0832393
Epoch: 1149, LR: 0.000010, Loss: 0.0961164, Validation MAE: 1.1991708, Test MAE: 3.7766500, Test MAE norm: 0.0832221
Epoch: 1158, LR: 0.000010, Loss: 0.0960667, Validation MAE: 1.1984551, Test MAE: 3.7751427, Test MAE norm: 0.0831889
Epoch: 1168, LR: 0.000010, Loss: 0.0960437, Validation MAE: 1.2003945, Test MAE: 3.7784498, Test MAE norm: 0.0832618
Epoch: 1169, LR: 0.000010, Loss: 0.0960485, Validation MAE: 1.1992277, Test MAE: 3.7769475, Test MAE norm: 0.0832287
Epoch: 1170, LR: 0.000010, Loss: 0.0960433, Validation MAE: 1.1990319, Test MAE: 3.7746606, Test MAE norm: 0.0831783
Epoch: 1171, LR: 0.000010, Loss: 0.0960723, Validation MAE: 1.1987394, Test MAE: 3.7740281, Test MAE norm: 0.0831643
Epoch: 1181, LR: 0.000010, Loss: 0.0960313, Validation MAE: 1.2015947, Test MAE: 3.7794425, Test MAE norm: 0.0832836
Epoch: 1182, LR: 0.000010, Loss: 0.0960445, Validation MAE: 1.2012175, Test MAE: 3.7804527, Test MAE norm: 0.0833059
Epoch: 1183, LR: 0.000010, Loss: 0.0960371, Validation MAE: 1.2003523, Test MAE: 3.7801120, Test MAE norm: 0.0832984
Epoch: 1184, LR: 0.000010, Loss: 0.0960403, Validation MAE: 1.2001523, Test MAE: 3.7808237, Test MAE norm: 0.0833141
Epoch: 1186, LR: 0.000010, Loss: 0.0960547, Validation MAE: 1.1999005, Test MAE: 3.7779834, Test MAE norm: 0.0832515
Epoch: 1187, LR: 0.000010, Loss: 0.0960295, Validation MAE: 1.1990596, Test MAE: 3.7755694, Test MAE norm: 0.0831983
Epoch: 1191, LR: 0.000010, Loss: 0.0960315, Validation MAE: 1.1986787, Test MAE: 3.7784705, Test MAE norm: 0.0832622
Epoch: 1196, LR: 0.000010, Loss: 0.0960173, Validation MAE: 1.1980946, Test MAE: 3.7782624, Test MAE norm: 0.0832576
Epoch: 1206, LR: 0.000010, Loss: 0.0959967, Validation MAE: 1.2004349, Test MAE: 3.7804437, Test MAE norm: 0.0833057
Epoch: 1207, LR: 0.000010, Loss: 0.0959867, Validation MAE: 1.1996777, Test MAE: 3.7802875, Test MAE norm: 0.0833023
Epoch: 1211, LR: 0.000010, Loss: 0.0959825, Validation MAE: 1.1993420, Test MAE: 3.7787375, Test MAE norm: 0.0832681
Epoch: 1212, LR: 0.000010, Loss: 0.0959838, Validation MAE: 1.1991763, Test MAE: 3.7793918, Test MAE norm: 0.0832825
Epoch: 1214, LR: 0.000010, Loss: 0.0959840, Validation MAE: 1.1989423, Test MAE: 3.7797565, Test MAE norm: 0.0832906
Epoch: 1215, LR: 0.000010, Loss: 0.0959697, Validation MAE: 1.1982398, Test MAE: 3.7786546, Test MAE norm: 0.0832663
Epoch: 1216, LR: 0.000010, Loss: 0.0960006, Validation MAE: 1.1981686, Test MAE: 3.7787731, Test MAE norm: 0.0832689
Epoch: 1226, LR: 0.000010, Loss: 0.0959695, Validation MAE: 1.2007946, Test MAE: 3.7817733, Test MAE norm: 0.0833350
Epoch: 1227, LR: 0.000010, Loss: 0.0959876, Validation MAE: 1.1989375, Test MAE: 3.7794588, Test MAE norm: 0.0832840
Epoch: 1228, LR: 0.000010, Loss: 0.0959650, Validation MAE: 1.1982514, Test MAE: 3.7761641, Test MAE norm: 0.0832114
Epoch: 1232, LR: 0.000010, Loss: 0.0959555, Validation MAE: 1.1977477, Test MAE: 3.7786419, Test MAE norm: 0.0832660
Epoch: 1241, LR: 0.000010, Loss: 0.0959479, Validation MAE: 1.1971653, Test MAE: 3.7794869, Test MAE norm: 0.0832846
Epoch: 1251, LR: 0.000010, Loss: 0.0959258, Validation MAE: 1.1981894, Test MAE: 3.7798994, Test MAE norm: 0.0832937
Epoch: 1261, LR: 0.000010, Loss: 0.0959080, Validation MAE: 1.1970881, Test MAE: 3.7793450, Test MAE norm: 0.0832815
Epoch: 1270, LR: 0.000010, Loss: 0.0959013, Validation MAE: 1.1968888, Test MAE: 3.7787409, Test MAE norm: 0.0832682
Epoch: 1271, LR: 0.000010, Loss: 0.0959062, Validation MAE: 1.1966709, Test MAE: 3.7786222, Test MAE norm: 0.0832656
Epoch: 1281, LR: 0.000010, Loss: 0.0959056, Validation MAE: 1.1983185, Test MAE: 3.7816334, Test MAE norm: 0.0833319
Epoch: 1283, LR: 0.000010, Loss: 0.0959006, Validation MAE: 1.1982397, Test MAE: 3.7829738, Test MAE norm: 0.0833614
Epoch: 1284, LR: 0.000010, Loss: 0.0958687, Validation MAE: 1.1972284, Test MAE: 3.7825322, Test MAE norm: 0.0833517
Epoch: 1290, LR: 0.000010, Loss: 0.0958636, Validation MAE: 1.1968230, Test MAE: 3.7828071, Test MAE norm: 0.0833578
Epoch: 1300, LR: 0.000010, Loss: 0.0958543, Validation MAE: 1.1987460, Test MAE: 3.7837565, Test MAE norm: 0.0833787
Epoch: 1302, LR: 0.000010, Loss: 0.0958435, Validation MAE: 1.1982919, Test MAE: 3.7824469, Test MAE norm: 0.0833498
Epoch: 1303, LR: 0.000010, Loss: 0.0958449, Validation MAE: 1.1975778, Test MAE: 3.7823141, Test MAE norm: 0.0833469
Epoch: 1304, LR: 0.000010, Loss: 0.0958423, Validation MAE: 1.1975411, Test MAE: 3.7817111, Test MAE norm: 0.0833336
Epoch: 1306, LR: 0.000010, Loss: 0.0958404, Validation MAE: 1.1970946, Test MAE: 3.7807229, Test MAE norm: 0.0833118
Epoch: 1316, LR: 0.000010, Loss: 0.0958310, Validation MAE: 1.1977288, Test MAE: 3.7830930, Test MAE norm: 0.0833641
Epoch: 1318, LR: 0.000010, Loss: 0.0958393, Validation MAE: 1.1965047, Test MAE: 3.7804244, Test MAE norm: 0.0833053
Epoch: 1328, LR: 0.000010, Loss: 0.0958045, Validation MAE: 1.1973852, Test MAE: 3.7826991, Test MAE norm: 0.0833554
Epoch: 1329, LR: 0.000010, Loss: 0.0957975, Validation MAE: 1.1970223, Test MAE: 3.7824566, Test MAE norm: 0.0833501
Epoch: 1337, LR: 0.000010, Loss: 0.0957946, Validation MAE: 1.1968900, Test MAE: 3.7826035, Test MAE norm: 0.0833533
Epoch: 1346, LR: 0.000010, Loss: 0.0957838, Validation MAE: 1.1968561, Test MAE: 3.7842069, Test MAE norm: 0.0833886
Epoch: 1347, LR: 0.000010, Loss: 0.0957834, Validation MAE: 1.1955596, Test MAE: 3.7832780, Test MAE norm: 0.0833682
Epoch: 1357, LR: 0.000010, Loss: 0.0957815, Validation MAE: 1.1972911, Test MAE: 3.7849023, Test MAE norm: 0.0834039
Epoch: 1360, LR: 0.000010, Loss: 0.0957802, Validation MAE: 1.1970152, Test MAE: 3.7850835, Test MAE norm: 0.0834079
Epoch: 1361, LR: 0.000010, Loss: 0.0957620, Validation MAE: 1.1966550, Test MAE: 3.7834115, Test MAE norm: 0.0833711
Epoch: 1362, LR: 0.000010, Loss: 0.0957721, Validation MAE: 1.1959623, Test MAE: 3.7830865, Test MAE norm: 0.0833639
Epoch: 1364, LR: 0.000010, Loss: 0.0957863, Validation MAE: 1.1952206, Test MAE: 3.7840657, Test MAE norm: 0.0833855
Epoch: 1374, LR: 0.000010, Loss: 0.0957853, Validation MAE: 1.1983215, Test MAE: 3.7863734, Test MAE norm: 0.0834364
Epoch: 1375, LR: 0.000010, Loss: 0.0957801, Validation MAE: 1.1961741, Test MAE: 3.7862084, Test MAE norm: 0.0834327
Epoch: 1383, LR: 0.000010, Loss: 0.0957524, Validation MAE: 1.1955931, Test MAE: 3.7832806, Test MAE norm: 0.0833682
Epoch: 1388, LR: 0.000010, Loss: 0.0957487, Validation MAE: 1.1951153, Test MAE: 3.7815726, Test MAE norm: 0.0833306
Epoch: 1390, LR: 0.000010, Loss: 0.0957343, Validation MAE: 1.1949345, Test MAE: 3.7826345, Test MAE norm: 0.0833540
Epoch: 1400, LR: 0.000010, Loss: 0.0957351, Validation MAE: 1.1955237, Test MAE: 3.7840235, Test MAE norm: 0.0833846
Epoch: 1410, LR: 0.000010, Loss: 0.0957500, Validation MAE: 1.1972401, Test MAE: 3.7842889, Test MAE norm: 0.0833904
Epoch: 1414, LR: 0.000010, Loss: 0.0957566, Validation MAE: 1.1953042, Test MAE: 3.7869942, Test MAE norm: 0.0834500
Epoch: 1424, LR: 0.000010, Loss: 0.0957418, Validation MAE: 1.1990213, Test MAE: 3.7871761, Test MAE norm: 0.0834541
Epoch: 1425, LR: 0.000010, Loss: 0.0957351, Validation MAE: 1.1961386, Test MAE: 3.7853122, Test MAE norm: 0.0834130
Epoch: 1430, LR: 0.000010, Loss: 0.0957468, Validation MAE: 1.1958146, Test MAE: 3.7836118, Test MAE norm: 0.0833755
Epoch: 1440, LR: 0.000010, Loss: 0.0956845, Validation MAE: 1.1960483, Test MAE: 3.7849693, Test MAE norm: 0.0834054
Epoch: 1444, LR: 0.000010, Loss: 0.0956929, Validation MAE: 1.1955739, Test MAE: 3.7837615, Test MAE norm: 0.0833788
Epoch: 1454, LR: 0.000010, Loss: 0.0956626, Validation MAE: 1.1964200, Test MAE: 3.7835472, Test MAE norm: 0.0833741
Epoch: 1457, LR: 0.000010, Loss: 0.0956830, Validation MAE: 1.1964108, Test MAE: 3.7855072, Test MAE norm: 0.0834173
Epoch: 1465, LR: 0.000010, Loss: 0.0956538, Validation MAE: 1.1961367, Test MAE: 3.7849970, Test MAE norm: 0.0834060
Epoch: 1468, LR: 0.000010, Loss: 0.0956785, Validation MAE: 1.1949245, Test MAE: 3.7808123, Test MAE norm: 0.0833138
Epoch: 1469, LR: 0.000010, Loss: 0.0956661, Validation MAE: 1.1943604, Test MAE: 3.7805359, Test MAE norm: 0.0833077
Epoch: 1470, LR: 0.000010, Loss: 0.0956871, Validation MAE: 1.1942244, Test MAE: 3.7822232, Test MAE norm: 0.0833449
Epoch: 1479, LR: 0.000010, Loss: 0.0956697, Validation MAE: 1.1940142, Test MAE: 3.7814171, Test MAE norm: 0.0833271
Epoch: 1480, LR: 0.000010, Loss: 0.0956838, Validation MAE: 1.1936002, Test MAE: 3.7808442, Test MAE norm: 0.0833145
Epoch: 1490, LR: 0.000010, Loss: 0.0956617, Validation MAE: 1.1968663, Test MAE: 3.7847049, Test MAE norm: 0.0833996
Epoch: 1491, LR: 0.000010, Loss: 0.0956748, Validation MAE: 1.1957017, Test MAE: 3.7859430, Test MAE norm: 0.0834269
Epoch: 1493, LR: 0.000010, Loss: 0.0956526, Validation MAE: 1.1951476, Test MAE: 3.7874649, Test MAE norm: 0.0834604
Epoch: 1494, LR: 0.000010, Loss: 0.0956501, Validation MAE: 1.1940961, Test MAE: 3.7852695, Test MAE norm: 0.0834120
Epoch: 1504, LR: 0.000010, Loss: 0.0956249, Validation MAE: 1.1948688, Test MAE: 3.7840526, Test MAE norm: 0.0833852
Epoch: 1512, LR: 0.000010, Loss: 0.0956208, Validation MAE: 1.1943715, Test MAE: 3.7846410, Test MAE norm: 0.0833982
Epoch: 1513, LR: 0.000010, Loss: 0.0956245, Validation MAE: 1.1938400, Test MAE: 3.7840412, Test MAE norm: 0.0833850
Epoch: 1523, LR: 0.000010, Loss: 0.0956005, Validation MAE: 1.1951605, Test MAE: 3.7840204, Test MAE norm: 0.0833845
Epoch: 1524, LR: 0.000010, Loss: 0.0956049, Validation MAE: 1.1947881, Test MAE: 3.7838349, Test MAE norm: 0.0833804
Epoch: 1525, LR: 0.000010, Loss: 0.0955987, Validation MAE: 1.1945148, Test MAE: 3.7858410, Test MAE norm: 0.0834246
Epoch: 1531, LR: 0.000010, Loss: 0.0956042, Validation MAE: 1.1939420, Test MAE: 3.7842801, Test MAE norm: 0.0833902
Epoch: 1541, LR: 0.000010, Loss: 0.0956191, Validation MAE: 1.1966232, Test MAE: 3.7868099, Test MAE norm: 0.0834460
Epoch: 1543, LR: 0.000010, Loss: 0.0955853, Validation MAE: 1.1952937, Test MAE: 3.7870631, Test MAE norm: 0.0834516
Epoch: 1544, LR: 0.000010, Loss: 0.0956087, Validation MAE: 1.1948501, Test MAE: 3.7858565, Test MAE norm: 0.0834250
Epoch: 1548, LR: 0.000010, Loss: 0.0955963, Validation MAE: 1.1942360, Test MAE: 3.7832949, Test MAE norm: 0.0833685
Epoch: 1556, LR: 0.000010, Loss: 0.0955891, Validation MAE: 1.1942056, Test MAE: 3.7844296, Test MAE norm: 0.0833935
Epoch: 1566, LR: 0.000010, Loss: 0.0955626, Validation MAE: 1.1944368, Test MAE: 3.7835803, Test MAE norm: 0.0833748
Epoch: 1567, LR: 0.000010, Loss: 0.0955964, Validation MAE: 1.1940391, Test MAE: 3.7830100, Test MAE norm: 0.0833622
Epoch: 1568, LR: 0.000010, Loss: 0.0955944, Validation MAE: 1.1939707, Test MAE: 3.7824554, Test MAE norm: 0.0833500
Epoch: 1578, LR: 0.000010, Loss: 0.0956048, Validation MAE: 1.1952244, Test MAE: 3.7805653, Test MAE norm: 0.0833084
Epoch: 1587, LR: 0.000010, Loss: 0.0955786, Validation MAE: 1.1934453, Test MAE: 3.7829642, Test MAE norm: 0.0833612
Epoch: 1588, LR: 0.000010, Loss: 0.0955731, Validation MAE: 1.1933376, Test MAE: 3.7832835, Test MAE norm: 0.0833683
Epoch: 1598, LR: 0.000010, Loss: 0.0955322, Validation MAE: 1.1942679, Test MAE: 3.7827849, Test MAE norm: 0.0833573
Epoch: 1599, LR: 0.000010, Loss: 0.0955445, Validation MAE: 1.1940520, Test MAE: 3.7834592, Test MAE norm: 0.0833721
Epoch: 1601, LR: 0.000010, Loss: 0.0955341, Validation MAE: 1.1936926, Test MAE: 3.7845862, Test MAE norm: 0.0833970
Epoch: 1605, LR: 0.000010, Loss: 0.0955253, Validation MAE: 1.1935143, Test MAE: 3.7827396, Test MAE norm: 0.0833563
Epoch: 1606, LR: 0.000010, Loss: 0.0955286, Validation MAE: 1.1933899, Test MAE: 3.7821801, Test MAE norm: 0.0833440
Epoch: 1616, LR: 0.000010, Loss: 0.0955055, Validation MAE: 1.1954498, Test MAE: 3.7866199, Test MAE norm: 0.0834418
Epoch: 1617, LR: 0.000010, Loss: 0.0955100, Validation MAE: 1.1947640, Test MAE: 3.7845168, Test MAE norm: 0.0833955
Epoch: 1618, LR: 0.000010, Loss: 0.0955059, Validation MAE: 1.1936202, Test MAE: 3.7823172, Test MAE norm: 0.0833470
Epoch: 1628, LR: 0.000010, Loss: 0.0955090, Validation MAE: 1.1951394, Test MAE: 3.7836926, Test MAE norm: 0.0833773
Epoch: 1629, LR: 0.000010, Loss: 0.0955049, Validation MAE: 1.1938132, Test MAE: 3.7818191, Test MAE norm: 0.0833360
Epoch: 1630, LR: 0.000010, Loss: 0.0954961, Validation MAE: 1.1928995, Test MAE: 3.7799473, Test MAE norm: 0.0832948
Epoch: 1640, LR: 0.000010, Loss: 0.0954856, Validation MAE: 1.1947130, Test MAE: 3.7817068, Test MAE norm: 0.0833335
Epoch: 1641, LR: 0.000010, Loss: 0.0954983, Validation MAE: 1.1936305, Test MAE: 3.7803144, Test MAE norm: 0.0833028
Epoch: 1651, LR: 0.000010, Loss: 0.0955166, Validation MAE: 1.1951375, Test MAE: 3.7837915, Test MAE norm: 0.0833795
Epoch: 1653, LR: 0.000010, Loss: 0.0955059, Validation MAE: 1.1951288, Test MAE: 3.7830272, Test MAE norm: 0.0833626
Epoch: 1654, LR: 0.000010, Loss: 0.0954639, Validation MAE: 1.1950569, Test MAE: 3.7821708, Test MAE norm: 0.0833438
Epoch: 1655, LR: 0.000010, Loss: 0.0954846, Validation MAE: 1.1940409, Test MAE: 3.7810988, Test MAE norm: 0.0833201
Epoch: 1661, LR: 0.000010, Loss: 0.0954784, Validation MAE: 1.1938521, Test MAE: 3.7828145, Test MAE norm: 0.0833579
Epoch: 1663, LR: 0.000010, Loss: 0.0954872, Validation MAE: 1.1925792, Test MAE: 3.7797384, Test MAE norm: 0.0832902
Epoch: 1664, LR: 0.000010, Loss: 0.0954561, Validation MAE: 1.1924170, Test MAE: 3.7782543, Test MAE norm: 0.0832575
Epoch: 1674, LR: 0.000010, Loss: 0.0954669, Validation MAE: 1.1946042, Test MAE: 3.7843299, Test MAE norm: 0.0833913
Epoch: 1676, LR: 0.000010, Loss: 0.0954636, Validation MAE: 1.1943468, Test MAE: 3.7840164, Test MAE norm: 0.0833844
Epoch: 1677, LR: 0.000010, Loss: 0.0954437, Validation MAE: 1.1939452, Test MAE: 3.7811625, Test MAE norm: 0.0833215
Epoch: 1680, LR: 0.000010, Loss: 0.0954666, Validation MAE: 1.1930891, Test MAE: 3.7790747, Test MAE norm: 0.0832755
Epoch: 1681, LR: 0.000010, Loss: 0.0954511, Validation MAE: 1.1930645, Test MAE: 3.7795794, Test MAE norm: 0.0832867
Epoch: 1690, LR: 0.000010, Loss: 0.0954541, Validation MAE: 1.1928852, Test MAE: 3.7819188, Test MAE norm: 0.0833382
Epoch: 1691, LR: 0.000010, Loss: 0.0954773, Validation MAE: 1.1927663, Test MAE: 3.7812889, Test MAE norm: 0.0833243
Epoch: 1699, LR: 0.000010, Loss: 0.0954495, Validation MAE: 1.1912289, Test MAE: 3.7777464, Test MAE norm: 0.0832463
Epoch: 1700, LR: 0.000010, Loss: 0.0954403, Validation MAE: 1.1908998, Test MAE: 3.7775943, Test MAE norm: 0.0832429
Epoch: 1710, LR: 0.000010, Loss: 0.0954416, Validation MAE: 1.1922587, Test MAE: 3.7817101, Test MAE norm: 0.0833336
Epoch: 1720, LR: 0.000010, Loss: 0.0954274, Validation MAE: 1.1943741, Test MAE: 3.7837770, Test MAE norm: 0.0833791
Epoch: 1721, LR: 0.000010, Loss: 0.0954279, Validation MAE: 1.1940610, Test MAE: 3.7848516, Test MAE norm: 0.0834028
Epoch: 1723, LR: 0.000010, Loss: 0.0954309, Validation MAE: 1.1924081, Test MAE: 3.7819331, Test MAE norm: 0.0833385
Epoch: 1724, LR: 0.000010, Loss: 0.0954011, Validation MAE: 1.1915729, Test MAE: 3.7782104, Test MAE norm: 0.0832565
Epoch: 1725, LR: 0.000010, Loss: 0.0954119, Validation MAE: 1.1915271, Test MAE: 3.7780063, Test MAE norm: 0.0832520
Epoch: 1735, LR: 0.000010, Loss: 0.0953930, Validation MAE: 1.1918467, Test MAE: 3.7821703, Test MAE norm: 0.0833437
Epoch: 1745, LR: 0.000010, Loss: 0.0953828, Validation MAE: 1.1934431, Test MAE: 3.7840011, Test MAE norm: 0.0833841
Epoch: 1746, LR: 0.000010, Loss: 0.0953826, Validation MAE: 1.1919514, Test MAE: 3.7819333, Test MAE norm: 0.0833385
Epoch: 1752, LR: 0.000010, Loss: 0.0953726, Validation MAE: 1.1914359, Test MAE: 3.7816284, Test MAE norm: 0.0833318
Epoch: 1753, LR: 0.000010, Loss: 0.0953736, Validation MAE: 1.1913633, Test MAE: 3.7810364, Test MAE norm: 0.0833188
Epoch: 1763, LR: 0.000010, Loss: 0.0953688, Validation MAE: 1.1932520, Test MAE: 3.7841811, Test MAE norm: 0.0833881
Epoch: 1764, LR: 0.000010, Loss: 0.0953652, Validation MAE: 1.1931114, Test MAE: 3.7827938, Test MAE norm: 0.0833575
Epoch: 1766, LR: 0.000010, Loss: 0.0953686, Validation MAE: 1.1929432, Test MAE: 3.7832470, Test MAE norm: 0.0833675
Epoch: 1767, LR: 0.000010, Loss: 0.0953564, Validation MAE: 1.1927217, Test MAE: 3.7846549, Test MAE norm: 0.0833985
Epoch: 1768, LR: 0.000010, Loss: 0.0953769, Validation MAE: 1.1924421, Test MAE: 3.7832899, Test MAE norm: 0.0833684
Epoch: 1769, LR: 0.000010, Loss: 0.0953753, Validation MAE: 1.1914701, Test MAE: 3.7797065, Test MAE norm: 0.0832895
Epoch: 1772, LR: 0.000010, Loss: 0.0953716, Validation MAE: 1.1911541, Test MAE: 3.7788994, Test MAE norm: 0.0832717
Epoch: 1782, LR: 0.000010, Loss: 0.0953431, Validation MAE: 1.1939363, Test MAE: 3.7828598, Test MAE norm: 0.0833589
Epoch: 1783, LR: 0.000010, Loss: 0.0953535, Validation MAE: 1.1931728, Test MAE: 3.7817802, Test MAE norm: 0.0833351
Epoch: 1784, LR: 0.000010, Loss: 0.0953434, Validation MAE: 1.1921985, Test MAE: 3.7794273, Test MAE norm: 0.0832833
Epoch: 1785, LR: 0.000010, Loss: 0.0953569, Validation MAE: 1.1915183, Test MAE: 3.7814448, Test MAE norm: 0.0833278
Epoch: 1792, LR: 0.000010, Loss: 0.0953342, Validation MAE: 1.1911820, Test MAE: 3.7807803, Test MAE norm: 0.0833131
Epoch: 1801, LR: 0.000010, Loss: 0.0953320, Validation MAE: 1.1902150, Test MAE: 3.7797141, Test MAE norm: 0.0832896
Epoch: 1802, LR: 0.000010, Loss: 0.0953331, Validation MAE: 1.1897472, Test MAE: 3.7806110, Test MAE norm: 0.0833094
Epoch: 1803, LR: 0.000010, Loss: 0.0953462, Validation MAE: 1.1895357, Test MAE: 3.7799010, Test MAE norm: 0.0832937
Epoch: 1813, LR: 0.000010, Loss: 0.0953271, Validation MAE: 1.1918317, Test MAE: 3.7810626, Test MAE norm: 0.0833193
Epoch: 1814, LR: 0.000010, Loss: 0.0953168, Validation MAE: 1.1915480, Test MAE: 3.7824111, Test MAE norm: 0.0833490
Epoch: 1816, LR: 0.000010, Loss: 0.0953213, Validation MAE: 1.1910830, Test MAE: 3.7807033, Test MAE norm: 0.0833114
Epoch: 1821, LR: 0.000010, Loss: 0.0953210, Validation MAE: 1.1908648, Test MAE: 3.7818077, Test MAE norm: 0.0833357
Epoch: 1826, LR: 0.000010, Loss: 0.0953108, Validation MAE: 1.1906884, Test MAE: 3.7824895, Test MAE norm: 0.0833508
Epoch: 1831, LR: 0.000010, Loss: 0.0952924, Validation MAE: 1.1904912, Test MAE: 3.7806861, Test MAE norm: 0.0833110
Epoch: 1832, LR: 0.000010, Loss: 0.0953138, Validation MAE: 1.1903676, Test MAE: 3.7814486, Test MAE norm: 0.0833278
Epoch: 1842, LR: 0.000010, Loss: 0.0952848, Validation MAE: 1.1902329, Test MAE: 3.7781668, Test MAE norm: 0.0832555
Epoch: 1852, LR: 0.000010, Loss: 0.0952815, Validation MAE: 1.1922640, Test MAE: 3.7808547, Test MAE norm: 0.0833148
Epoch: 1853, LR: 0.000010, Loss: 0.0952728, Validation MAE: 1.1920497, Test MAE: 3.7808046, Test MAE norm: 0.0833137
Epoch: 1857, LR: 0.000010, Loss: 0.0952686, Validation MAE: 1.1910928, Test MAE: 3.7771795, Test MAE norm: 0.0832338
Epoch: 1858, LR: 0.000010, Loss: 0.0952706, Validation MAE: 1.1907344, Test MAE: 3.7771018, Test MAE norm: 0.0832321
Epoch: 1865, LR: 0.000010, Loss: 0.0952637, Validation MAE: 1.1906635, Test MAE: 3.7798285, Test MAE norm: 0.0832921
Epoch: 1866, LR: 0.000010, Loss: 0.0952644, Validation MAE: 1.1891928, Test MAE: 3.7774606, Test MAE norm: 0.0832400
Epoch: 1867, LR: 0.000010, Loss: 0.0952548, Validation MAE: 1.1890849, Test MAE: 3.7762203, Test MAE norm: 0.0832126
Epoch: 1877, LR: 0.000010, Loss: 0.0952381, Validation MAE: 1.1929224, Test MAE: 3.7823398, Test MAE norm: 0.0833475
Epoch: 1878, LR: 0.000010, Loss: 0.0952736, Validation MAE: 1.1906687, Test MAE: 3.7806718, Test MAE norm: 0.0833107
Epoch: 1879, LR: 0.000010, Loss: 0.0952582, Validation MAE: 1.1897888, Test MAE: 3.7768729, Test MAE norm: 0.0832270
Epoch: 1887, LR: 0.000010, Loss: 0.0952272, Validation MAE: 1.1897711, Test MAE: 3.7757254, Test MAE norm: 0.0832017
Epoch: 1890, LR: 0.000010, Loss: 0.0952403, Validation MAE: 1.1897589, Test MAE: 3.7798018, Test MAE norm: 0.0832916
Epoch: 1896, LR: 0.000010, Loss: 0.0952357, Validation MAE: 1.1893301, Test MAE: 3.7790656, Test MAE norm: 0.0832753
Epoch: 1900, LR: 0.000010, Loss: 0.0952315, Validation MAE: 1.1891017, Test MAE: 3.7757325, Test MAE norm: 0.0832019
Epoch: 1907, LR: 0.000010, Loss: 0.0952270, Validation MAE: 1.1885746, Test MAE: 3.7753339, Test MAE norm: 0.0831931
Epoch: 1908, LR: 0.000010, Loss: 0.0952247, Validation MAE: 1.1883122, Test MAE: 3.7759748, Test MAE norm: 0.0832072
Epoch: 1918, LR: 0.000010, Loss: 0.0952082, Validation MAE: 1.1878188, Test MAE: 3.7730820, Test MAE norm: 0.0831435
Epoch: 1919, LR: 0.000010, Loss: 0.0952080, Validation MAE: 1.1875259, Test MAE: 3.7738359, Test MAE norm: 0.0831601
Epoch: 1929, LR: 0.000010, Loss: 0.0951927, Validation MAE: 1.1906154, Test MAE: 3.7779305, Test MAE norm: 0.0832503
Epoch: 1933, LR: 0.000010, Loss: 0.0952038, Validation MAE: 1.1902126, Test MAE: 3.7802014, Test MAE norm: 0.0833004
Epoch: 1934, LR: 0.000010, Loss: 0.0951807, Validation MAE: 1.1887032, Test MAE: 3.7789557, Test MAE norm: 0.0832729
Epoch: 1944, LR: 0.000010, Loss: 0.0951859, Validation MAE: 1.1893882, Test MAE: 3.7785029, Test MAE norm: 0.0832629
Epoch: 1945, LR: 0.000010, Loss: 0.0951857, Validation MAE: 1.1892008, Test MAE: 3.7788348, Test MAE norm: 0.0832702
Epoch: 1953, LR: 0.000010, Loss: 0.0951667, Validation MAE: 1.1885946, Test MAE: 3.7768011, Test MAE norm: 0.0832254
Epoch: 1954, LR: 0.000010, Loss: 0.0951722, Validation MAE: 1.1880872, Test MAE: 3.7770047, Test MAE norm: 0.0832299
Epoch: 1964, LR: 0.000010, Loss: 0.0951654, Validation MAE: 1.1908549, Test MAE: 3.7763827, Test MAE norm: 0.0832162
Epoch: 1965, LR: 0.000010, Loss: 0.0951739, Validation MAE: 1.1886915, Test MAE: 3.7744722, Test MAE norm: 0.0831741
Epoch: 1967, LR: 0.000010, Loss: 0.0951799, Validation MAE: 1.1884235, Test MAE: 3.7756331, Test MAE norm: 0.0831997
Epoch: 1975, LR: 0.000010, Loss: 0.0951687, Validation MAE: 1.1872072, Test MAE: 3.7731164, Test MAE norm: 0.0831442
Epoch: 1976, LR: 0.000010, Loss: 0.0951721, Validation MAE: 1.1865137, Test MAE: 3.7704406, Test MAE norm: 0.0830853
Epoch: 1986, LR: 0.000010, Loss: 0.0951263, Validation MAE: 1.1891704, Test MAE: 3.7757831, Test MAE norm: 0.0832030
Epoch: 1990, LR: 0.000010, Loss: 0.0951294, Validation MAE: 1.1886078, Test MAE: 3.7771609, Test MAE norm: 0.0832334
Epoch: 1991, LR: 0.000010, Loss: 0.0951219, Validation MAE: 1.1882854, Test MAE: 3.7764688, Test MAE norm: 0.0832181
Epoch: 2000, LR: 0.000010, Loss: 0.0951336, Validation MAE: 1.1879019, Test MAE: 3.7726116, Test MAE norm: 0.0831331
Epoch: 2000, LR: 0.000010, Loss: 0.0951336, Validation MAE: 1.1879019, Test MAE: 3.7726116, Test MAE norm: 0.0831331