Command line input: python run_count.py --batch_size 256 --target 5 --model GNNAK --h 3 --seed 1 --epoch 2000 --dataset easy-1
Mean = 12.027, Std = 49.808
Using GNNAK model

Epoch: 001, LR: 0.001000, Loss: 0.5469481, Validation MAE: 21.8261337, Test MAE: 24.4727936, Test MAE norm: 0.4913450
Epoch: 002, LR: 0.001000, Loss: 0.4043446, Validation MAE: 20.2694473, Test MAE: 21.6232624, Test MAE norm: 0.4341345
Epoch: 003, LR: 0.001000, Loss: 0.3696758, Validation MAE: 17.1752319, Test MAE: 16.8748760, Test MAE norm: 0.3388002
Epoch: 004, LR: 0.001000, Loss: 0.3096703, Validation MAE: 16.0452881, Test MAE: 15.5893841, Test MAE norm: 0.3129911
Epoch: 005, LR: 0.001000, Loss: 0.3045215, Validation MAE: 14.1666756, Test MAE: 13.5423336, Test MAE norm: 0.2718921
Epoch: 006, LR: 0.001000, Loss: 0.2668525, Validation MAE: 13.1428585, Test MAE: 12.9058933, Test MAE norm: 0.2591141
Epoch: 007, LR: 0.001000, Loss: 0.2498216, Validation MAE: 9.6196365, Test MAE: 10.2466707, Test MAE norm: 0.2057244
Epoch: 008, LR: 0.001000, Loss: 0.1849434, Validation MAE: 7.9650598, Test MAE: 9.0527153, Test MAE norm: 0.1817531
Epoch: 010, LR: 0.001000, Loss: 0.2887096, Validation MAE: 6.8010912, Test MAE: 7.5099626, Test MAE norm: 0.1507790
Epoch: 012, LR: 0.001000, Loss: 0.1662857, Validation MAE: 6.3976016, Test MAE: 7.1016150, Test MAE norm: 0.1425805
Epoch: 016, LR: 0.001000, Loss: 0.1361412, Validation MAE: 5.4753475, Test MAE: 7.2589741, Test MAE norm: 0.1457398
Epoch: 017, LR: 0.001000, Loss: 0.1120599, Validation MAE: 5.3952179, Test MAE: 6.3156447, Test MAE norm: 0.1268004
Epoch: 018, LR: 0.001000, Loss: 0.1115088, Validation MAE: 4.5960207, Test MAE: 6.0396028, Test MAE norm: 0.1212583
Epoch: 021, LR: 0.001000, Loss: 0.1382468, Validation MAE: 4.2460914, Test MAE: 5.0956292, Test MAE norm: 0.1023059
Epoch: 026, LR: 0.001000, Loss: 0.0996499, Validation MAE: 4.1877074, Test MAE: 4.7497458, Test MAE norm: 0.0953616
Epoch: 029, LR: 0.001000, Loss: 0.0886543, Validation MAE: 3.8265669, Test MAE: 4.4473143, Test MAE norm: 0.0892896
Epoch: 031, LR: 0.001000, Loss: 0.0851946, Validation MAE: 3.7263381, Test MAE: 4.8389559, Test MAE norm: 0.0971527
Epoch: 033, LR: 0.001000, Loss: 0.1004710, Validation MAE: 3.4806430, Test MAE: 4.8550272, Test MAE norm: 0.0974753
Epoch: 043, LR: 0.001000, Loss: 0.0970666, Validation MAE: 4.0090923, Test MAE: 4.7276130, Test MAE norm: 0.0949172
Epoch: 045, LR: 0.000900, Loss: 0.0903448, Validation MAE: 3.3571470, Test MAE: 4.0689702, Test MAE norm: 0.0816935
Epoch: 046, LR: 0.000900, Loss: 0.0712892, Validation MAE: 3.2819178, Test MAE: 4.1323299, Test MAE norm: 0.0829656
Epoch: 053, LR: 0.000900, Loss: 0.0796992, Validation MAE: 3.1136577, Test MAE: 3.9255354, Test MAE norm: 0.0788137
Epoch: 056, LR: 0.000900, Loss: 0.0706076, Validation MAE: 3.0208058, Test MAE: 3.8944769, Test MAE norm: 0.0781902
Epoch: 058, LR: 0.000900, Loss: 0.0749361, Validation MAE: 2.9504955, Test MAE: 3.8829067, Test MAE norm: 0.0779579
Epoch: 068, LR: 0.000900, Loss: 0.0772008, Validation MAE: 3.5223122, Test MAE: 4.3297462, Test MAE norm: 0.0869292
Epoch: 069, LR: 0.000900, Loss: 0.0758367, Validation MAE: 3.1826806, Test MAE: 3.8182633, Test MAE norm: 0.0766600
Epoch: 071, LR: 0.000810, Loss: 0.0688952, Validation MAE: 2.8038449, Test MAE: 3.7256329, Test MAE norm: 0.0748003
Epoch: 079, LR: 0.000810, Loss: 0.0771019, Validation MAE: 2.6258190, Test MAE: 3.4517531, Test MAE norm: 0.0693015
Epoch: 089, LR: 0.000810, Loss: 0.0646966, Validation MAE: 3.0010846, Test MAE: 3.6558490, Test MAE norm: 0.0733992
Epoch: 096, LR: 0.000729, Loss: 0.0650269, Validation MAE: 2.9862838, Test MAE: 3.7017260, Test MAE norm: 0.0743203
Epoch: 097, LR: 0.000729, Loss: 0.0700231, Validation MAE: 2.7869799, Test MAE: 3.7445214, Test MAE norm: 0.0751795
Epoch: 107, LR: 0.000656, Loss: 0.0726122, Validation MAE: 3.3255031, Test MAE: 4.0846453, Test MAE norm: 0.0820082
Epoch: 110, LR: 0.000656, Loss: 0.0683007, Validation MAE: 2.9548604, Test MAE: 3.9180484, Test MAE norm: 0.0786634
Epoch: 116, LR: 0.000590, Loss: 0.0713403, Validation MAE: 2.6134515, Test MAE: 3.6898749, Test MAE norm: 0.0740823
Epoch: 123, LR: 0.000590, Loss: 0.0639210, Validation MAE: 2.5574107, Test MAE: 3.6679060, Test MAE norm: 0.0736413
Epoch: 133, LR: 0.000590, Loss: 0.0624127, Validation MAE: 2.9164109, Test MAE: 3.8534880, Test MAE norm: 0.0773672
Epoch: 135, LR: 0.000531, Loss: 0.0644016, Validation MAE: 2.7427013, Test MAE: 3.6559262, Test MAE norm: 0.0734007
Epoch: 138, LR: 0.000531, Loss: 0.0627309, Validation MAE: 2.5075858, Test MAE: 3.5211961, Test MAE norm: 0.0706957
Epoch: 141, LR: 0.000531, Loss: 0.0604629, Validation MAE: 2.2839844, Test MAE: 3.5755074, Test MAE norm: 0.0717862
Epoch: 151, LR: 0.000531, Loss: 0.0552768, Validation MAE: 2.5232947, Test MAE: 3.5149868, Test MAE norm: 0.0705711
Epoch: 154, LR: 0.000478, Loss: 0.0546475, Validation MAE: 2.3752389, Test MAE: 3.5473211, Test MAE norm: 0.0712203
Epoch: 158, LR: 0.000478, Loss: 0.0550794, Validation MAE: 2.3661249, Test MAE: 3.4046779, Test MAE norm: 0.0683564
Epoch: 166, LR: 0.000430, Loss: 0.0521173, Validation MAE: 2.3270795, Test MAE: 3.4625967, Test MAE norm: 0.0695192
Epoch: 169, LR: 0.000430, Loss: 0.0528363, Validation MAE: 2.2491887, Test MAE: 3.1303849, Test MAE norm: 0.0628494
Epoch: 179, LR: 0.000430, Loss: 0.0544720, Validation MAE: 2.2478242, Test MAE: 3.3732307, Test MAE norm: 0.0677250
Epoch: 186, LR: 0.000430, Loss: 0.0561886, Validation MAE: 2.1061213, Test MAE: 3.1773469, Test MAE norm: 0.0637922
Epoch: 196, LR: 0.000430, Loss: 0.0556960, Validation MAE: 2.3516173, Test MAE: 3.4150236, Test MAE norm: 0.0685641
Epoch: 201, LR: 0.000387, Loss: 0.0533088, Validation MAE: 2.2805262, Test MAE: 3.3666894, Test MAE norm: 0.0675937
Epoch: 210, LR: 0.000349, Loss: 0.0525531, Validation MAE: 2.1939044, Test MAE: 3.3155861, Test MAE norm: 0.0665677
Epoch: 219, LR: 0.000349, Loss: 0.0516385, Validation MAE: 2.1751173, Test MAE: 3.2321982, Test MAE norm: 0.0648935
Epoch: 229, LR: 0.000314, Loss: 0.0521245, Validation MAE: 2.1602964, Test MAE: 3.2699025, Test MAE norm: 0.0656505
Epoch: 233, LR: 0.000282, Loss: 0.0506934, Validation MAE: 2.1252081, Test MAE: 3.3580806, Test MAE norm: 0.0674208
Epoch: 240, LR: 0.000282, Loss: 0.0493559, Validation MAE: 2.1208975, Test MAE: 3.2183876, Test MAE norm: 0.0646162
Epoch: 247, LR: 0.000254, Loss: 0.0500329, Validation MAE: 2.1083398, Test MAE: 3.2326708, Test MAE norm: 0.0649030
Epoch: 254, LR: 0.000229, Loss: 0.0480981, Validation MAE: 2.0705912, Test MAE: 3.2889509, Test MAE norm: 0.0660329
Epoch: 257, LR: 0.000229, Loss: 0.0485359, Validation MAE: 2.0253582, Test MAE: 3.2077968, Test MAE norm: 0.0644036
Epoch: 267, LR: 0.000229, Loss: 0.0474481, Validation MAE: 2.0857987, Test MAE: 3.2747056, Test MAE norm: 0.0657469
Epoch: 268, LR: 0.000229, Loss: 0.0475027, Validation MAE: 2.0730677, Test MAE: 3.2645469, Test MAE norm: 0.0655429
Epoch: 269, LR: 0.000206, Loss: 0.0471594, Validation MAE: 2.0434911, Test MAE: 3.2482517, Test MAE norm: 0.0652158
Epoch: 274, LR: 0.000206, Loss: 0.0470228, Validation MAE: 2.0041173, Test MAE: 3.2444096, Test MAE norm: 0.0651386
Epoch: 277, LR: 0.000206, Loss: 0.0471437, Validation MAE: 1.9902350, Test MAE: 3.2029874, Test MAE norm: 0.0643070
Epoch: 287, LR: 0.000206, Loss: 0.0494726, Validation MAE: 2.0686290, Test MAE: 3.2181897, Test MAE norm: 0.0646122
Epoch: 288, LR: 0.000206, Loss: 0.0477172, Validation MAE: 2.0119038, Test MAE: 3.1965790, Test MAE norm: 0.0641783
Epoch: 298, LR: 0.000185, Loss: 0.0481341, Validation MAE: 2.0406840, Test MAE: 3.2605658, Test MAE norm: 0.0654630
Epoch: 303, LR: 0.000167, Loss: 0.0475716, Validation MAE: 1.9909289, Test MAE: 3.2433271, Test MAE norm: 0.0651169
Epoch: 307, LR: 0.000167, Loss: 0.0468420, Validation MAE: 1.9690077, Test MAE: 3.1715515, Test MAE norm: 0.0636759
Epoch: 310, LR: 0.000167, Loss: 0.0465877, Validation MAE: 1.9588619, Test MAE: 3.2038770, Test MAE norm: 0.0643249
Epoch: 320, LR: 0.000167, Loss: 0.0471858, Validation MAE: 2.0286345, Test MAE: 3.2455962, Test MAE norm: 0.0651625
Epoch: 321, LR: 0.000167, Loss: 0.0467457, Validation MAE: 2.0011632, Test MAE: 3.1971605, Test MAE norm: 0.0641900
Epoch: 324, LR: 0.000150, Loss: 0.0463981, Validation MAE: 1.9985489, Test MAE: 3.2211337, Test MAE norm: 0.0646713
Epoch: 327, LR: 0.000150, Loss: 0.0465064, Validation MAE: 1.9690751, Test MAE: 3.2064924, Test MAE norm: 0.0643774
Epoch: 328, LR: 0.000150, Loss: 0.0464967, Validation MAE: 1.9678041, Test MAE: 3.2364886, Test MAE norm: 0.0649796
Epoch: 331, LR: 0.000150, Loss: 0.0461250, Validation MAE: 1.9212378, Test MAE: 3.1885092, Test MAE norm: 0.0640163
Epoch: 337, LR: 0.000150, Loss: 0.0463625, Validation MAE: 1.9191439, Test MAE: 3.1744742, Test MAE norm: 0.0637345
Epoch: 347, LR: 0.000150, Loss: 0.0459381, Validation MAE: 1.9930317, Test MAE: 3.2453403, Test MAE norm: 0.0651573
Epoch: 348, LR: 0.000150, Loss: 0.0459950, Validation MAE: 1.9680523, Test MAE: 3.2097886, Test MAE norm: 0.0644436
Epoch: 351, LR: 0.000135, Loss: 0.0460043, Validation MAE: 1.9360120, Test MAE: 3.2013843, Test MAE norm: 0.0642748
Epoch: 353, LR: 0.000135, Loss: 0.0460971, Validation MAE: 1.9212997, Test MAE: 3.1953814, Test MAE norm: 0.0641543
Epoch: 359, LR: 0.000135, Loss: 0.0465036, Validation MAE: 1.9099666, Test MAE: 3.1689360, Test MAE norm: 0.0636233
Epoch: 364, LR: 0.000135, Loss: 0.0464645, Validation MAE: 1.9096261, Test MAE: 3.1566372, Test MAE norm: 0.0633764
Epoch: 374, LR: 0.000135, Loss: 0.0485735, Validation MAE: 1.9887656, Test MAE: 3.1898046, Test MAE norm: 0.0640423
Epoch: 375, LR: 0.000135, Loss: 0.0465282, Validation MAE: 1.9613844, Test MAE: 3.1661465, Test MAE norm: 0.0635673
Epoch: 382, LR: 0.000122, Loss: 0.0471928, Validation MAE: 1.9048831, Test MAE: 3.1400013, Test MAE norm: 0.0630424
Epoch: 392, LR: 0.000122, Loss: 0.0476643, Validation MAE: 1.9723234, Test MAE: 3.2925425, Test MAE norm: 0.0661050
Epoch: 393, LR: 0.000122, Loss: 0.0461951, Validation MAE: 1.9684124, Test MAE: 3.2191045, Test MAE norm: 0.0646306
Epoch: 396, LR: 0.000109, Loss: 0.0467968, Validation MAE: 1.9679826, Test MAE: 3.2142317, Test MAE norm: 0.0645328
Epoch: 397, LR: 0.000109, Loss: 0.0455311, Validation MAE: 1.9036125, Test MAE: 3.1917477, Test MAE norm: 0.0640813
Epoch: 407, LR: 0.000109, Loss: 0.0457491, Validation MAE: 1.9021538, Test MAE: 3.1809881, Test MAE norm: 0.0638653
Epoch: 410, LR: 0.000109, Loss: 0.0456606, Validation MAE: 1.8922141, Test MAE: 3.1571195, Test MAE norm: 0.0633861
Epoch: 413, LR: 0.000109, Loss: 0.0460872, Validation MAE: 1.8751712, Test MAE: 3.1566701, Test MAE norm: 0.0633771
Epoch: 423, LR: 0.000109, Loss: 0.0457851, Validation MAE: 1.9075717, Test MAE: 3.1917038, Test MAE norm: 0.0640805
Epoch: 425, LR: 0.000098, Loss: 0.0455379, Validation MAE: 1.9024359, Test MAE: 3.1983194, Test MAE norm: 0.0642133
Epoch: 426, LR: 0.000098, Loss: 0.0452803, Validation MAE: 1.8890049, Test MAE: 3.1925457, Test MAE norm: 0.0640974
Epoch: 436, LR: 0.000089, Loss: 0.0452836, Validation MAE: 1.9043281, Test MAE: 3.1773415, Test MAE norm: 0.0637921
Epoch: 438, LR: 0.000089, Loss: 0.0451231, Validation MAE: 1.8726884, Test MAE: 3.1817102, Test MAE norm: 0.0638798
Epoch: 442, LR: 0.000089, Loss: 0.0451576, Validation MAE: 1.8700930, Test MAE: 3.1620789, Test MAE norm: 0.0634857
Epoch: 446, LR: 0.000089, Loss: 0.0454093, Validation MAE: 1.8662250, Test MAE: 3.1596673, Test MAE norm: 0.0634373
Epoch: 451, LR: 0.000089, Loss: 0.0453323, Validation MAE: 1.8589306, Test MAE: 3.1500068, Test MAE norm: 0.0632433
Epoch: 457, LR: 0.000089, Loss: 0.0451886, Validation MAE: 1.8580768, Test MAE: 3.1155913, Test MAE norm: 0.0625523
Epoch: 467, LR: 0.000089, Loss: 0.0470825, Validation MAE: 2.0240810, Test MAE: 3.3431013, Test MAE norm: 0.0671201
Epoch: 468, LR: 0.000089, Loss: 0.0456516, Validation MAE: 1.8796850, Test MAE: 3.1591899, Test MAE norm: 0.0634277
Epoch: 469, LR: 0.000080, Loss: 0.0467573, Validation MAE: 1.8784603, Test MAE: 3.1714661, Test MAE norm: 0.0636741
Epoch: 479, LR: 0.000080, Loss: 0.0473314, Validation MAE: 1.8945347, Test MAE: 3.2047124, Test MAE norm: 0.0643416
Epoch: 482, LR: 0.000072, Loss: 0.0466379, Validation MAE: 1.8928063, Test MAE: 3.2091188, Test MAE norm: 0.0644301
Epoch: 483, LR: 0.000072, Loss: 0.0453086, Validation MAE: 1.8885901, Test MAE: 3.1616845, Test MAE norm: 0.0634778
Epoch: 488, LR: 0.000072, Loss: 0.0450695, Validation MAE: 1.8831546, Test MAE: 3.1517119, Test MAE norm: 0.0632775
Epoch: 489, LR: 0.000072, Loss: 0.0462258, Validation MAE: 1.8763953, Test MAE: 3.1779330, Test MAE norm: 0.0638040
Epoch: 497, LR: 0.000065, Loss: 0.0454210, Validation MAE: 1.8663087, Test MAE: 3.1623816, Test MAE norm: 0.0634918
Epoch: 498, LR: 0.000065, Loss: 0.0455761, Validation MAE: 1.8626990, Test MAE: 3.1620686, Test MAE norm: 0.0634855
Epoch: 502, LR: 0.000058, Loss: 0.0448254, Validation MAE: 1.8573823, Test MAE: 3.1784585, Test MAE norm: 0.0638145
Epoch: 511, LR: 0.000058, Loss: 0.0447029, Validation MAE: 1.8540183, Test MAE: 3.1886902, Test MAE norm: 0.0640200
Epoch: 521, LR: 0.000058, Loss: 0.0446839, Validation MAE: 1.9372904, Test MAE: 3.2611673, Test MAE norm: 0.0654751
Epoch: 522, LR: 0.000058, Loss: 0.0450411, Validation MAE: 1.8691444, Test MAE: 3.1969297, Test MAE norm: 0.0641854
Epoch: 523, LR: 0.000052, Loss: 0.0445534, Validation MAE: 1.8552105, Test MAE: 3.1680324, Test MAE norm: 0.0636052
Epoch: 533, LR: 0.000052, Loss: 0.0444357, Validation MAE: 1.8606514, Test MAE: 3.1939442, Test MAE norm: 0.0641254
Epoch: 537, LR: 0.000047, Loss: 0.0444880, Validation MAE: 1.8531333, Test MAE: 3.1793044, Test MAE norm: 0.0638315
Epoch: 541, LR: 0.000047, Loss: 0.0447879, Validation MAE: 1.8530360, Test MAE: 3.1752017, Test MAE norm: 0.0637491
Epoch: 542, LR: 0.000047, Loss: 0.0444999, Validation MAE: 1.8508918, Test MAE: 3.1726556, Test MAE norm: 0.0636980
Epoch: 544, LR: 0.000047, Loss: 0.0446164, Validation MAE: 1.8505671, Test MAE: 3.1862774, Test MAE norm: 0.0639715
Epoch: 545, LR: 0.000047, Loss: 0.0444283, Validation MAE: 1.8479297, Test MAE: 3.1806486, Test MAE norm: 0.0638585
Epoch: 552, LR: 0.000047, Loss: 0.0444841, Validation MAE: 1.8414495, Test MAE: 3.1570413, Test MAE norm: 0.0633845
Epoch: 560, LR: 0.000047, Loss: 0.0447355, Validation MAE: 1.8384173, Test MAE: 3.1677792, Test MAE norm: 0.0636001
Epoch: 570, LR: 0.000047, Loss: 0.0444685, Validation MAE: 1.8863544, Test MAE: 3.1966248, Test MAE norm: 0.0641793
Epoch: 571, LR: 0.000047, Loss: 0.0445872, Validation MAE: 1.8645372, Test MAE: 3.1857085, Test MAE norm: 0.0639601
Epoch: 572, LR: 0.000042, Loss: 0.0445188, Validation MAE: 1.8515869, Test MAE: 3.1706545, Test MAE norm: 0.0636579
Epoch: 576, LR: 0.000042, Loss: 0.0445869, Validation MAE: 1.8434896, Test MAE: 3.1605892, Test MAE norm: 0.0634558
Epoch: 585, LR: 0.000038, Loss: 0.0445042, Validation MAE: 1.8297807, Test MAE: 3.1475756, Test MAE norm: 0.0631945
Epoch: 595, LR: 0.000038, Loss: 0.0444355, Validation MAE: 1.8602117, Test MAE: 3.1951847, Test MAE norm: 0.0641503
Epoch: 596, LR: 0.000038, Loss: 0.0441798, Validation MAE: 1.8520766, Test MAE: 3.1780527, Test MAE norm: 0.0638064
Epoch: 601, LR: 0.000034, Loss: 0.0443083, Validation MAE: 1.8368340, Test MAE: 3.1758394, Test MAE norm: 0.0637619
Epoch: 611, LR: 0.000031, Loss: 0.0441526, Validation MAE: 1.8726481, Test MAE: 3.1953392, Test MAE norm: 0.0641534
Epoch: 612, LR: 0.000031, Loss: 0.0443543, Validation MAE: 1.8591093, Test MAE: 3.1863956, Test MAE norm: 0.0639739
Epoch: 613, LR: 0.000031, Loss: 0.0441928, Validation MAE: 1.8470273, Test MAE: 3.1759379, Test MAE norm: 0.0637639
Epoch: 617, LR: 0.000031, Loss: 0.0442687, Validation MAE: 1.8385031, Test MAE: 3.1760499, Test MAE norm: 0.0637662
Epoch: 618, LR: 0.000031, Loss: 0.0441392, Validation MAE: 1.8266771, Test MAE: 3.1656299, Test MAE norm: 0.0635570
Epoch: 626, LR: 0.000031, Loss: 0.0441243, Validation MAE: 1.8233492, Test MAE: 3.1619573, Test MAE norm: 0.0634832
Epoch: 634, LR: 0.000031, Loss: 0.0443217, Validation MAE: 1.8231781, Test MAE: 3.1617739, Test MAE norm: 0.0634796
Epoch: 644, LR: 0.000028, Loss: 0.0442565, Validation MAE: 1.8249190, Test MAE: 3.1531577, Test MAE norm: 0.0633066
Epoch: 653, LR: 0.000025, Loss: 0.0442833, Validation MAE: 1.8179301, Test MAE: 3.1561313, Test MAE norm: 0.0633663
Epoch: 663, LR: 0.000025, Loss: 0.0441306, Validation MAE: 1.8315088, Test MAE: 3.1590414, Test MAE norm: 0.0634247
Epoch: 673, LR: 0.000023, Loss: 0.0440503, Validation MAE: 1.8664980, Test MAE: 3.1887927, Test MAE norm: 0.0640220
Epoch: 674, LR: 0.000023, Loss: 0.0440987, Validation MAE: 1.8621701, Test MAE: 3.1856318, Test MAE norm: 0.0639585
Epoch: 675, LR: 0.000023, Loss: 0.0440290, Validation MAE: 1.8601693, Test MAE: 3.1845422, Test MAE norm: 0.0639367
Epoch: 676, LR: 0.000020, Loss: 0.0441414, Validation MAE: 1.8318474, Test MAE: 3.1665013, Test MAE norm: 0.0635745
Epoch: 677, LR: 0.000020, Loss: 0.0440662, Validation MAE: 1.8203471, Test MAE: 3.1625803, Test MAE norm: 0.0634957
Epoch: 687, LR: 0.000018, Loss: 0.0440346, Validation MAE: 1.8507534, Test MAE: 3.1831260, Test MAE norm: 0.0639082
Epoch: 690, LR: 0.000018, Loss: 0.0439812, Validation MAE: 1.8439147, Test MAE: 3.1767302, Test MAE norm: 0.0637798
Epoch: 691, LR: 0.000018, Loss: 0.0439491, Validation MAE: 1.8298903, Test MAE: 3.1705370, Test MAE norm: 0.0636555
Epoch: 692, LR: 0.000018, Loss: 0.0439421, Validation MAE: 1.8228273, Test MAE: 3.1657887, Test MAE norm: 0.0635602
Epoch: 702, LR: 0.000016, Loss: 0.0440292, Validation MAE: 1.8160472, Test MAE: 3.1577256, Test MAE norm: 0.0633983
Epoch: 712, LR: 0.000016, Loss: 0.0441179, Validation MAE: 1.8392463, Test MAE: 3.1792676, Test MAE norm: 0.0638308
Epoch: 713, LR: 0.000016, Loss: 0.0439712, Validation MAE: 1.8269064, Test MAE: 3.1693490, Test MAE norm: 0.0636316
Epoch: 719, LR: 0.000015, Loss: 0.0439540, Validation MAE: 1.8154947, Test MAE: 3.1554763, Test MAE norm: 0.0633531
Epoch: 729, LR: 0.000015, Loss: 0.0440630, Validation MAE: 1.8277558, Test MAE: 3.1729805, Test MAE norm: 0.0637046
Epoch: 730, LR: 0.000015, Loss: 0.0439303, Validation MAE: 1.8180854, Test MAE: 3.1665914, Test MAE norm: 0.0635763
Epoch: 740, LR: 0.000013, Loss: 0.0438812, Validation MAE: 1.8393443, Test MAE: 3.1878467, Test MAE norm: 0.0640030
Epoch: 744, LR: 0.000012, Loss: 0.0439019, Validation MAE: 1.8363081, Test MAE: 3.1756585, Test MAE norm: 0.0637583
Epoch: 745, LR: 0.000012, Loss: 0.0438937, Validation MAE: 1.8259970, Test MAE: 3.1674268, Test MAE norm: 0.0635930
Epoch: 755, LR: 0.000011, Loss: 0.0438651, Validation MAE: 1.8325701, Test MAE: 3.1748030, Test MAE norm: 0.0637411
Epoch: 765, LR: 0.000010, Loss: 0.0438941, Validation MAE: 1.8443316, Test MAE: 3.1822197, Test MAE norm: 0.0638900
Epoch: 768, LR: 0.000010, Loss: 0.0438862, Validation MAE: 1.8395009, Test MAE: 3.1732223, Test MAE norm: 0.0637094
Epoch: 769, LR: 0.000010, Loss: 0.0438648, Validation MAE: 1.8384953, Test MAE: 3.1713705, Test MAE norm: 0.0636722
Epoch: 774, LR: 0.000010, Loss: 0.0438585, Validation MAE: 1.8294660, Test MAE: 3.1717522, Test MAE norm: 0.0636799
Epoch: 775, LR: 0.000010, Loss: 0.0438650, Validation MAE: 1.8243918, Test MAE: 3.1704638, Test MAE norm: 0.0636540
Epoch: 785, LR: 0.000010, Loss: 0.0438423, Validation MAE: 1.8388108, Test MAE: 3.1723404, Test MAE norm: 0.0636917
Epoch: 790, LR: 0.000010, Loss: 0.0438180, Validation MAE: 1.8319119, Test MAE: 3.1711888, Test MAE norm: 0.0636686
Epoch: 800, LR: 0.000010, Loss: 0.0438420, Validation MAE: 1.8288537, Test MAE: 3.1730359, Test MAE norm: 0.0637057
Epoch: 810, LR: 0.000010, Loss: 0.0438228, Validation MAE: 1.8483838, Test MAE: 3.1832688, Test MAE norm: 0.0639111
Epoch: 812, LR: 0.000010, Loss: 0.0438275, Validation MAE: 1.8444724, Test MAE: 3.1782525, Test MAE norm: 0.0638104
Epoch: 813, LR: 0.000010, Loss: 0.0438135, Validation MAE: 1.8362360, Test MAE: 3.1725178, Test MAE norm: 0.0636953
Epoch: 817, LR: 0.000010, Loss: 0.0438070, Validation MAE: 1.8344996, Test MAE: 3.1758227, Test MAE norm: 0.0637616
Epoch: 827, LR: 0.000010, Loss: 0.0438043, Validation MAE: 1.8390782, Test MAE: 3.1702456, Test MAE norm: 0.0636496
Epoch: 837, LR: 0.000010, Loss: 0.0437936, Validation MAE: 1.8468299, Test MAE: 3.1816854, Test MAE norm: 0.0638793
Epoch: 838, LR: 0.000010, Loss: 0.0438249, Validation MAE: 1.8370854, Test MAE: 3.1732097, Test MAE norm: 0.0637091
Epoch: 839, LR: 0.000010, Loss: 0.0437824, Validation MAE: 1.8358440, Test MAE: 3.1727197, Test MAE norm: 0.0636993
Epoch: 849, LR: 0.000010, Loss: 0.0437818, Validation MAE: 1.8394480, Test MAE: 3.1761575, Test MAE norm: 0.0637683
Epoch: 850, LR: 0.000010, Loss: 0.0437977, Validation MAE: 1.8376049, Test MAE: 3.1793089, Test MAE norm: 0.0638316
Epoch: 860, LR: 0.000010, Loss: 0.0437394, Validation MAE: 1.8437384, Test MAE: 3.1789689, Test MAE norm: 0.0638248
Epoch: 863, LR: 0.000010, Loss: 0.0437733, Validation MAE: 1.8396890, Test MAE: 3.1770835, Test MAE norm: 0.0637869
Epoch: 867, LR: 0.000010, Loss: 0.0437790, Validation MAE: 1.8300848, Test MAE: 3.1674917, Test MAE norm: 0.0635943
Epoch: 868, LR: 0.000010, Loss: 0.0438097, Validation MAE: 1.8288656, Test MAE: 3.1666155, Test MAE norm: 0.0635768
Epoch: 872, LR: 0.000010, Loss: 0.0437702, Validation MAE: 1.8227704, Test MAE: 3.1651003, Test MAE norm: 0.0635463
Epoch: 882, LR: 0.000010, Loss: 0.0437632, Validation MAE: 1.8354479, Test MAE: 3.1772144, Test MAE norm: 0.0637896
Epoch: 883, LR: 0.000010, Loss: 0.0437416, Validation MAE: 1.8326623, Test MAE: 3.1742628, Test MAE norm: 0.0637303
Epoch: 893, LR: 0.000010, Loss: 0.0437410, Validation MAE: 1.8502446, Test MAE: 3.1895430, Test MAE norm: 0.0640371
Epoch: 894, LR: 0.000010, Loss: 0.0437659, Validation MAE: 1.8418967, Test MAE: 3.1814454, Test MAE norm: 0.0638745
Epoch: 895, LR: 0.000010, Loss: 0.0437454, Validation MAE: 1.8274347, Test MAE: 3.1701651, Test MAE norm: 0.0636480
Epoch: 904, LR: 0.000010, Loss: 0.0437666, Validation MAE: 1.8252054, Test MAE: 3.1611266, Test MAE norm: 0.0634666
Epoch: 909, LR: 0.000010, Loss: 0.0437578, Validation MAE: 1.8165669, Test MAE: 3.1630166, Test MAE norm: 0.0635045
Epoch: 919, LR: 0.000010, Loss: 0.0437147, Validation MAE: 1.8249153, Test MAE: 3.1712060, Test MAE norm: 0.0636689
Epoch: 925, LR: 0.000010, Loss: 0.0438025, Validation MAE: 1.8230680, Test MAE: 3.1673408, Test MAE norm: 0.0635913
Epoch: 935, LR: 0.000010, Loss: 0.0437110, Validation MAE: 1.8425502, Test MAE: 3.1784947, Test MAE norm: 0.0638153
Epoch: 936, LR: 0.000010, Loss: 0.0437120, Validation MAE: 1.8315984, Test MAE: 3.1704805, Test MAE norm: 0.0636544
Epoch: 937, LR: 0.000010, Loss: 0.0436943, Validation MAE: 1.8290715, Test MAE: 3.1652443, Test MAE norm: 0.0635492
Epoch: 940, LR: 0.000010, Loss: 0.0437095, Validation MAE: 1.8278762, Test MAE: 3.1710572, Test MAE norm: 0.0636659
Epoch: 950, LR: 0.000010, Loss: 0.0437247, Validation MAE: 1.8330088, Test MAE: 3.1752546, Test MAE norm: 0.0637502
Epoch: 953, LR: 0.000010, Loss: 0.0437228, Validation MAE: 1.8329802, Test MAE: 3.1707544, Test MAE norm: 0.0636599
Epoch: 954, LR: 0.000010, Loss: 0.0437077, Validation MAE: 1.8283746, Test MAE: 3.1706238, Test MAE norm: 0.0636572
Epoch: 959, LR: 0.000010, Loss: 0.0437186, Validation MAE: 1.8281670, Test MAE: 3.1669207, Test MAE norm: 0.0635829
Epoch: 964, LR: 0.000010, Loss: 0.0437247, Validation MAE: 1.8276883, Test MAE: 3.1681182, Test MAE norm: 0.0636069
Epoch: 965, LR: 0.000010, Loss: 0.0436844, Validation MAE: 1.8223373, Test MAE: 3.1596467, Test MAE norm: 0.0634368
Epoch: 970, LR: 0.000010, Loss: 0.0437292, Validation MAE: 1.8171898, Test MAE: 3.1672242, Test MAE norm: 0.0635890
Epoch: 980, LR: 0.000010, Loss: 0.0436831, Validation MAE: 1.8320140, Test MAE: 3.1768281, Test MAE norm: 0.0637818
Epoch: 983, LR: 0.000010, Loss: 0.0437190, Validation MAE: 1.8195763, Test MAE: 3.1648700, Test MAE norm: 0.0635417
Epoch: 993, LR: 0.000010, Loss: 0.0436696, Validation MAE: 1.8283035, Test MAE: 3.1709886, Test MAE norm: 0.0636646
Epoch: 999, LR: 0.000010, Loss: 0.0437050, Validation MAE: 1.8237306, Test MAE: 3.1725428, Test MAE norm: 0.0636958
Epoch: 1000, LR: 0.000010, Loss: 0.0436697, Validation MAE: 1.8163884, Test MAE: 3.1712246, Test MAE norm: 0.0636693
Epoch: 1005, LR: 0.000010, Loss: 0.0436899, Validation MAE: 1.8088365, Test MAE: 3.1517572, Test MAE norm: 0.0632784
Epoch: 1015, LR: 0.000010, Loss: 0.0436865, Validation MAE: 1.8249090, Test MAE: 3.1744509, Test MAE norm: 0.0637341
Epoch: 1019, LR: 0.000010, Loss: 0.0436770, Validation MAE: 1.8222078, Test MAE: 3.1570709, Test MAE norm: 0.0633851
Epoch: 1020, LR: 0.000010, Loss: 0.0436622, Validation MAE: 1.8156338, Test MAE: 3.1579475, Test MAE norm: 0.0634027
Epoch: 1030, LR: 0.000010, Loss: 0.0436518, Validation MAE: 1.8378105, Test MAE: 3.1776884, Test MAE norm: 0.0637991
Epoch: 1031, LR: 0.000010, Loss: 0.0436577, Validation MAE: 1.8335201, Test MAE: 3.1729090, Test MAE norm: 0.0637031
Epoch: 1032, LR: 0.000010, Loss: 0.0436311, Validation MAE: 1.8271416, Test MAE: 3.1669214, Test MAE norm: 0.0635829
Epoch: 1033, LR: 0.000010, Loss: 0.0436428, Validation MAE: 1.8268358, Test MAE: 3.1677701, Test MAE norm: 0.0635999
Epoch: 1036, LR: 0.000010, Loss: 0.0436562, Validation MAE: 1.8258471, Test MAE: 3.1741962, Test MAE norm: 0.0637290
Epoch: 1037, LR: 0.000010, Loss: 0.0436662, Validation MAE: 1.8237031, Test MAE: 3.1754658, Test MAE norm: 0.0637544
Epoch: 1041, LR: 0.000010, Loss: 0.0436421, Validation MAE: 1.8220052, Test MAE: 3.1671228, Test MAE norm: 0.0635869
Epoch: 1046, LR: 0.000010, Loss: 0.0436247, Validation MAE: 1.8166474, Test MAE: 3.1611059, Test MAE norm: 0.0634661
Epoch: 1056, LR: 0.000010, Loss: 0.0436157, Validation MAE: 1.8385854, Test MAE: 3.1824138, Test MAE norm: 0.0638939
Epoch: 1057, LR: 0.000010, Loss: 0.0436288, Validation MAE: 1.8283900, Test MAE: 3.1718750, Test MAE norm: 0.0636824
Epoch: 1058, LR: 0.000010, Loss: 0.0435821, Validation MAE: 1.8238838, Test MAE: 3.1691067, Test MAE norm: 0.0636268
Epoch: 1061, LR: 0.000010, Loss: 0.0436348, Validation MAE: 1.8197739, Test MAE: 3.1680439, Test MAE norm: 0.0636054
Epoch: 1066, LR: 0.000010, Loss: 0.0436269, Validation MAE: 1.8083597, Test MAE: 3.1578069, Test MAE norm: 0.0633999
Epoch: 1076, LR: 0.000010, Loss: 0.0436155, Validation MAE: 1.8127494, Test MAE: 3.1599977, Test MAE norm: 0.0634439
Epoch: 1086, LR: 0.000010, Loss: 0.0436090, Validation MAE: 1.8181828, Test MAE: 3.1667469, Test MAE norm: 0.0635794
Epoch: 1087, LR: 0.000010, Loss: 0.0435911, Validation MAE: 1.8112546, Test MAE: 3.1601422, Test MAE norm: 0.0634468
Epoch: 1093, LR: 0.000010, Loss: 0.0435760, Validation MAE: 1.8097785, Test MAE: 3.1578321, Test MAE norm: 0.0634004
Epoch: 1103, LR: 0.000010, Loss: 0.0435570, Validation MAE: 1.8268036, Test MAE: 3.1804540, Test MAE norm: 0.0638546
Epoch: 1106, LR: 0.000010, Loss: 0.0435442, Validation MAE: 1.8177149, Test MAE: 3.1676018, Test MAE norm: 0.0635966
Epoch: 1115, LR: 0.000010, Loss: 0.0436610, Validation MAE: 1.8070670, Test MAE: 3.1559210, Test MAE norm: 0.0633620
Epoch: 1116, LR: 0.000010, Loss: 0.0436170, Validation MAE: 1.8056999, Test MAE: 3.1572742, Test MAE norm: 0.0633892
Epoch: 1126, LR: 0.000010, Loss: 0.0435851, Validation MAE: 1.8283552, Test MAE: 3.1775825, Test MAE norm: 0.0637969
Epoch: 1128, LR: 0.000010, Loss: 0.0435914, Validation MAE: 1.8269346, Test MAE: 3.1690874, Test MAE norm: 0.0636264
Epoch: 1129, LR: 0.000010, Loss: 0.0435572, Validation MAE: 1.8152573, Test MAE: 3.1620162, Test MAE norm: 0.0634844
Epoch: 1134, LR: 0.000010, Loss: 0.0435493, Validation MAE: 1.8114190, Test MAE: 3.1671977, Test MAE norm: 0.0635884
Epoch: 1136, LR: 0.000010, Loss: 0.0435422, Validation MAE: 1.8105884, Test MAE: 3.1664767, Test MAE norm: 0.0635740
Epoch: 1139, LR: 0.000010, Loss: 0.0435391, Validation MAE: 1.8026749, Test MAE: 3.1596153, Test MAE norm: 0.0634362
Epoch: 1149, LR: 0.000010, Loss: 0.0435525, Validation MAE: 1.8236306, Test MAE: 3.1756678, Test MAE norm: 0.0637585
Epoch: 1150, LR: 0.000010, Loss: 0.0435238, Validation MAE: 1.8209646, Test MAE: 3.1732132, Test MAE norm: 0.0637092
Epoch: 1151, LR: 0.000010, Loss: 0.0435404, Validation MAE: 1.8159658, Test MAE: 3.1682057, Test MAE norm: 0.0636087
Epoch: 1152, LR: 0.000010, Loss: 0.0435350, Validation MAE: 1.8144317, Test MAE: 3.1695607, Test MAE norm: 0.0636359
Epoch: 1158, LR: 0.000010, Loss: 0.0435622, Validation MAE: 1.8092322, Test MAE: 3.1634190, Test MAE norm: 0.0635126
Epoch: 1159, LR: 0.000010, Loss: 0.0435427, Validation MAE: 1.8068588, Test MAE: 3.1680036, Test MAE norm: 0.0636046
Epoch: 1169, LR: 0.000010, Loss: 0.0435229, Validation MAE: 1.8127657, Test MAE: 3.1669302, Test MAE norm: 0.0635831
Epoch: 1174, LR: 0.000010, Loss: 0.0435033, Validation MAE: 1.8085121, Test MAE: 3.1697135, Test MAE norm: 0.0636390
Epoch: 1183, LR: 0.000010, Loss: 0.0434982, Validation MAE: 1.7997957, Test MAE: 3.1685700, Test MAE norm: 0.0636160
Epoch: 1193, LR: 0.000010, Loss: 0.0435853, Validation MAE: 1.8310483, Test MAE: 3.1911581, Test MAE norm: 0.0640695
Epoch: 1194, LR: 0.000010, Loss: 0.0435403, Validation MAE: 1.8092949, Test MAE: 3.1698842, Test MAE norm: 0.0636424
Epoch: 1199, LR: 0.000010, Loss: 0.0435387, Validation MAE: 1.8079044, Test MAE: 3.1696987, Test MAE norm: 0.0636387
Epoch: 1209, LR: 0.000010, Loss: 0.0434719, Validation MAE: 1.8010105, Test MAE: 3.1663678, Test MAE norm: 0.0635718
Epoch: 1213, LR: 0.000010, Loss: 0.0435130, Validation MAE: 1.7977768, Test MAE: 3.1668966, Test MAE norm: 0.0635824
Epoch: 1222, LR: 0.000010, Loss: 0.0434626, Validation MAE: 1.7965486, Test MAE: 3.1635127, Test MAE norm: 0.0635145
Epoch: 1232, LR: 0.000010, Loss: 0.0434453, Validation MAE: 1.8048565, Test MAE: 3.1716416, Test MAE norm: 0.0636777
Epoch: 1236, LR: 0.000010, Loss: 0.0435423, Validation MAE: 1.7990882, Test MAE: 3.1661460, Test MAE norm: 0.0635673
Epoch: 1246, LR: 0.000010, Loss: 0.0434954, Validation MAE: 1.8287921, Test MAE: 3.1914456, Test MAE norm: 0.0640753
Epoch: 1247, LR: 0.000010, Loss: 0.0435105, Validation MAE: 1.8243235, Test MAE: 3.1924045, Test MAE norm: 0.0640945
Epoch: 1248, LR: 0.000010, Loss: 0.0435351, Validation MAE: 1.8189163, Test MAE: 3.1802866, Test MAE norm: 0.0638512
Epoch: 1249, LR: 0.000010, Loss: 0.0434722, Validation MAE: 1.7955630, Test MAE: 3.1569452, Test MAE norm: 0.0633826
Epoch: 1250, LR: 0.000010, Loss: 0.0436073, Validation MAE: 1.7948807, Test MAE: 3.1595483, Test MAE norm: 0.0634349
Epoch: 1260, LR: 0.000010, Loss: 0.0434771, Validation MAE: 1.8357903, Test MAE: 3.2037508, Test MAE norm: 0.0643223
Epoch: 1261, LR: 0.000010, Loss: 0.0435702, Validation MAE: 1.8336174, Test MAE: 3.2009714, Test MAE norm: 0.0642665
Epoch: 1262, LR: 0.000010, Loss: 0.0435579, Validation MAE: 1.8026103, Test MAE: 3.1745641, Test MAE norm: 0.0637363
Epoch: 1263, LR: 0.000010, Loss: 0.0435041, Validation MAE: 1.8001438, Test MAE: 3.1671300, Test MAE norm: 0.0635871
Epoch: 1271, LR: 0.000010, Loss: 0.0434743, Validation MAE: 1.7966346, Test MAE: 3.1667914, Test MAE norm: 0.0635803
Epoch: 1272, LR: 0.000010, Loss: 0.0435339, Validation MAE: 1.7925454, Test MAE: 3.1640801, Test MAE norm: 0.0635259
Epoch: 1279, LR: 0.000010, Loss: 0.0434489, Validation MAE: 1.7893379, Test MAE: 3.1593547, Test MAE norm: 0.0634310
Epoch: 1289, LR: 0.000010, Loss: 0.0434671, Validation MAE: 1.7951354, Test MAE: 3.1677697, Test MAE norm: 0.0635999
Epoch: 1299, LR: 0.000010, Loss: 0.0434450, Validation MAE: 1.8152750, Test MAE: 3.1890597, Test MAE norm: 0.0640274
Epoch: 1300, LR: 0.000010, Loss: 0.0434554, Validation MAE: 1.8034228, Test MAE: 3.1825957, Test MAE norm: 0.0638976
Epoch: 1303, LR: 0.000010, Loss: 0.0434287, Validation MAE: 1.8013384, Test MAE: 3.1736159, Test MAE norm: 0.0637173
Epoch: 1307, LR: 0.000010, Loss: 0.0434093, Validation MAE: 1.7945980, Test MAE: 3.1667566, Test MAE norm: 0.0635796
Epoch: 1317, LR: 0.000010, Loss: 0.0434258, Validation MAE: 1.8206691, Test MAE: 3.1927373, Test MAE norm: 0.0641012
Epoch: 1318, LR: 0.000010, Loss: 0.0434380, Validation MAE: 1.8118165, Test MAE: 3.1854732, Test MAE norm: 0.0639554
Epoch: 1319, LR: 0.000010, Loss: 0.0434367, Validation MAE: 1.8097068, Test MAE: 3.1828632, Test MAE norm: 0.0639030
Epoch: 1322, LR: 0.000010, Loss: 0.0434651, Validation MAE: 1.8079299, Test MAE: 3.1800704, Test MAE norm: 0.0638469
Epoch: 1325, LR: 0.000010, Loss: 0.0434175, Validation MAE: 1.8044443, Test MAE: 3.1824517, Test MAE norm: 0.0638947
Epoch: 1326, LR: 0.000010, Loss: 0.0433872, Validation MAE: 1.8030463, Test MAE: 3.1796355, Test MAE norm: 0.0638382
Epoch: 1327, LR: 0.000010, Loss: 0.0434173, Validation MAE: 1.8021317, Test MAE: 3.1785181, Test MAE norm: 0.0638157
Epoch: 1330, LR: 0.000010, Loss: 0.0434041, Validation MAE: 1.8003353, Test MAE: 3.1808000, Test MAE norm: 0.0638615
Epoch: 1331, LR: 0.000010, Loss: 0.0434213, Validation MAE: 1.7970864, Test MAE: 3.1831961, Test MAE norm: 0.0639096
Epoch: 1341, LR: 0.000010, Loss: 0.0433920, Validation MAE: 1.8119495, Test MAE: 3.1853759, Test MAE norm: 0.0639534
Epoch: 1343, LR: 0.000010, Loss: 0.0434576, Validation MAE: 1.8019243, Test MAE: 3.1792395, Test MAE norm: 0.0638302
Epoch: 1348, LR: 0.000010, Loss: 0.0433884, Validation MAE: 1.7993057, Test MAE: 3.1718574, Test MAE norm: 0.0636820
Epoch: 1355, LR: 0.000010, Loss: 0.0433628, Validation MAE: 1.7972677, Test MAE: 3.1779165, Test MAE norm: 0.0638037
Epoch: 1362, LR: 0.000010, Loss: 0.0433967, Validation MAE: 1.7908649, Test MAE: 3.1714141, Test MAE norm: 0.0636731
Epoch: 1372, LR: 0.000010, Loss: 0.0434235, Validation MAE: 1.8263184, Test MAE: 3.2043326, Test MAE norm: 0.0643340
Epoch: 1374, LR: 0.000010, Loss: 0.0434201, Validation MAE: 1.8056344, Test MAE: 3.1891189, Test MAE norm: 0.0640286
Epoch: 1375, LR: 0.000010, Loss: 0.0433876, Validation MAE: 1.7978514, Test MAE: 3.1769269, Test MAE norm: 0.0637838
Epoch: 1385, LR: 0.000010, Loss: 0.0433610, Validation MAE: 1.8191307, Test MAE: 3.1995356, Test MAE norm: 0.0642377
Epoch: 1386, LR: 0.000010, Loss: 0.0433795, Validation MAE: 1.8079586, Test MAE: 3.1898363, Test MAE norm: 0.0640430
Epoch: 1389, LR: 0.000010, Loss: 0.0434040, Validation MAE: 1.7965455, Test MAE: 3.1786280, Test MAE norm: 0.0638179
Epoch: 1394, LR: 0.000010, Loss: 0.0434295, Validation MAE: 1.7964917, Test MAE: 3.1748409, Test MAE norm: 0.0637419
Epoch: 1398, LR: 0.000010, Loss: 0.0434003, Validation MAE: 1.7929049, Test MAE: 3.1748483, Test MAE norm: 0.0637420
Epoch: 1408, LR: 0.000010, Loss: 0.0433222, Validation MAE: 1.8080437, Test MAE: 3.1941450, Test MAE norm: 0.0641295
Epoch: 1409, LR: 0.000010, Loss: 0.0433551, Validation MAE: 1.8033781, Test MAE: 3.1886334, Test MAE norm: 0.0640188
Epoch: 1413, LR: 0.000010, Loss: 0.0433486, Validation MAE: 1.7953006, Test MAE: 3.1830537, Test MAE norm: 0.0639068
Epoch: 1423, LR: 0.000010, Loss: 0.0434476, Validation MAE: 1.8228208, Test MAE: 3.2074139, Test MAE norm: 0.0643959
Epoch: 1424, LR: 0.000010, Loss: 0.0434219, Validation MAE: 1.7958586, Test MAE: 3.1813414, Test MAE norm: 0.0638724
Epoch: 1429, LR: 0.000010, Loss: 0.0434384, Validation MAE: 1.7937224, Test MAE: 3.1798310, Test MAE norm: 0.0638421
Epoch: 1439, LR: 0.000010, Loss: 0.0433436, Validation MAE: 1.8303517, Test MAE: 3.2218554, Test MAE norm: 0.0646858
Epoch: 1440, LR: 0.000010, Loss: 0.0434775, Validation MAE: 1.8223956, Test MAE: 3.2112465, Test MAE norm: 0.0644728
Epoch: 1441, LR: 0.000010, Loss: 0.0434153, Validation MAE: 1.7954879, Test MAE: 3.1764560, Test MAE norm: 0.0637743
Epoch: 1445, LR: 0.000010, Loss: 0.0433581, Validation MAE: 1.7943522, Test MAE: 3.1789396, Test MAE norm: 0.0638242
Epoch: 1453, LR: 0.000010, Loss: 0.0433990, Validation MAE: 1.7927707, Test MAE: 3.1854725, Test MAE norm: 0.0639554
Epoch: 1463, LR: 0.000010, Loss: 0.0433464, Validation MAE: 1.8009601, Test MAE: 3.1968064, Test MAE norm: 0.0641829
Epoch: 1466, LR: 0.000010, Loss: 0.0432863, Validation MAE: 1.7995768, Test MAE: 3.1926472, Test MAE norm: 0.0640994
Epoch: 1473, LR: 0.000010, Loss: 0.0433286, Validation MAE: 1.7956283, Test MAE: 3.1869104, Test MAE norm: 0.0639842
Epoch: 1483, LR: 0.000010, Loss: 0.0432917, Validation MAE: 1.8025784, Test MAE: 3.1899912, Test MAE norm: 0.0640461
Epoch: 1486, LR: 0.000010, Loss: 0.0433703, Validation MAE: 1.7974551, Test MAE: 3.1921663, Test MAE norm: 0.0640897
Epoch: 1487, LR: 0.000010, Loss: 0.0432753, Validation MAE: 1.7949702, Test MAE: 3.1911788, Test MAE norm: 0.0640699
Epoch: 1497, LR: 0.000010, Loss: 0.0433315, Validation MAE: 1.7975278, Test MAE: 3.1922069, Test MAE norm: 0.0640906
Epoch: 1498, LR: 0.000010, Loss: 0.0432787, Validation MAE: 1.7965695, Test MAE: 3.1915016, Test MAE norm: 0.0640764
Epoch: 1505, LR: 0.000010, Loss: 0.0433841, Validation MAE: 1.7924683, Test MAE: 3.1858242, Test MAE norm: 0.0639624
Epoch: 1515, LR: 0.000010, Loss: 0.0432876, Validation MAE: 1.8146877, Test MAE: 3.2054200, Test MAE norm: 0.0643558
Epoch: 1516, LR: 0.000010, Loss: 0.0432820, Validation MAE: 1.8030329, Test MAE: 3.1976950, Test MAE norm: 0.0642007
Epoch: 1517, LR: 0.000010, Loss: 0.0432637, Validation MAE: 1.7983743, Test MAE: 3.1879027, Test MAE norm: 0.0640041
Epoch: 1522, LR: 0.000010, Loss: 0.0433512, Validation MAE: 1.7979439, Test MAE: 3.1897132, Test MAE norm: 0.0640405
Epoch: 1530, LR: 0.000010, Loss: 0.0433263, Validation MAE: 1.7971833, Test MAE: 3.1934702, Test MAE norm: 0.0641159
Epoch: 1539, LR: 0.000010, Loss: 0.0433696, Validation MAE: 1.7918593, Test MAE: 3.1835313, Test MAE norm: 0.0639164
Epoch: 1548, LR: 0.000010, Loss: 0.0433148, Validation MAE: 1.7903801, Test MAE: 3.1923957, Test MAE norm: 0.0640943
Epoch: 1558, LR: 0.000010, Loss: 0.0432597, Validation MAE: 1.8068224, Test MAE: 3.2178214, Test MAE norm: 0.0646048
Epoch: 1559, LR: 0.000010, Loss: 0.0432780, Validation MAE: 1.8062229, Test MAE: 3.2145433, Test MAE norm: 0.0645390
Epoch: 1560, LR: 0.000010, Loss: 0.0432649, Validation MAE: 1.7994103, Test MAE: 3.2056162, Test MAE norm: 0.0643598
Epoch: 1561, LR: 0.000010, Loss: 0.0432373, Validation MAE: 1.7973167, Test MAE: 3.1983974, Test MAE norm: 0.0642148
Epoch: 1571, LR: 0.000010, Loss: 0.0432558, Validation MAE: 1.7939765, Test MAE: 3.1924446, Test MAE norm: 0.0640953
Epoch: 1581, LR: 0.000010, Loss: 0.0432517, Validation MAE: 1.8002524, Test MAE: 3.2069798, Test MAE norm: 0.0643872
Epoch: 1585, LR: 0.000010, Loss: 0.0432401, Validation MAE: 1.7999442, Test MAE: 3.2055275, Test MAE norm: 0.0643580
Epoch: 1586, LR: 0.000010, Loss: 0.0432044, Validation MAE: 1.7962039, Test MAE: 3.1936507, Test MAE norm: 0.0641195
Epoch: 1593, LR: 0.000010, Loss: 0.0432260, Validation MAE: 1.7935697, Test MAE: 3.1927080, Test MAE norm: 0.0641006
Epoch: 1603, LR: 0.000010, Loss: 0.0431895, Validation MAE: 1.8045380, Test MAE: 3.2147467, Test MAE norm: 0.0645431
Epoch: 1604, LR: 0.000010, Loss: 0.0432028, Validation MAE: 1.8037294, Test MAE: 3.2147965, Test MAE norm: 0.0645441
Epoch: 1605, LR: 0.000010, Loss: 0.0432439, Validation MAE: 1.8019564, Test MAE: 3.2025652, Test MAE norm: 0.0642985
Epoch: 1609, LR: 0.000010, Loss: 0.0432523, Validation MAE: 1.8008198, Test MAE: 3.1964622, Test MAE norm: 0.0641760
Epoch: 1614, LR: 0.000010, Loss: 0.0432235, Validation MAE: 1.7980299, Test MAE: 3.2009943, Test MAE norm: 0.0642670
Epoch: 1624, LR: 0.000010, Loss: 0.0432102, Validation MAE: 1.8012085, Test MAE: 3.2037830, Test MAE norm: 0.0643230
Epoch: 1630, LR: 0.000010, Loss: 0.0431976, Validation MAE: 1.7999405, Test MAE: 3.2046418, Test MAE norm: 0.0643402
Epoch: 1637, LR: 0.000010, Loss: 0.0432883, Validation MAE: 1.7995516, Test MAE: 3.2137375, Test MAE norm: 0.0645228
Epoch: 1638, LR: 0.000010, Loss: 0.0432904, Validation MAE: 1.7994727, Test MAE: 3.2040892, Test MAE norm: 0.0643291
Epoch: 1643, LR: 0.000010, Loss: 0.0432422, Validation MAE: 1.7961121, Test MAE: 3.1958187, Test MAE norm: 0.0641631
Epoch: 1644, LR: 0.000010, Loss: 0.0432525, Validation MAE: 1.7958784, Test MAE: 3.2004452, Test MAE norm: 0.0642560
Epoch: 1654, LR: 0.000010, Loss: 0.0431993, Validation MAE: 1.8059477, Test MAE: 3.2136457, Test MAE norm: 0.0645210
Epoch: 1657, LR: 0.000010, Loss: 0.0431843, Validation MAE: 1.8034000, Test MAE: 3.2060122, Test MAE norm: 0.0643677
Epoch: 1658, LR: 0.000010, Loss: 0.0431621, Validation MAE: 1.8000345, Test MAE: 3.2093170, Test MAE norm: 0.0644341
Epoch: 1668, LR: 0.000010, Loss: 0.0431544, Validation MAE: 1.8094478, Test MAE: 3.2318377, Test MAE norm: 0.0648862
Epoch: 1669, LR: 0.000010, Loss: 0.0431596, Validation MAE: 1.8067718, Test MAE: 3.2191818, Test MAE norm: 0.0646321
Epoch: 1670, LR: 0.000010, Loss: 0.0431486, Validation MAE: 1.8046482, Test MAE: 3.2029493, Test MAE norm: 0.0643062
Epoch: 1674, LR: 0.000010, Loss: 0.0431812, Validation MAE: 1.8020279, Test MAE: 3.2128193, Test MAE norm: 0.0645044
Epoch: 1675, LR: 0.000010, Loss: 0.0431638, Validation MAE: 1.7984490, Test MAE: 3.1992605, Test MAE norm: 0.0642322
Epoch: 1685, LR: 0.000010, Loss: 0.0431697, Validation MAE: 1.8077849, Test MAE: 3.2204313, Test MAE norm: 0.0646572
Epoch: 1687, LR: 0.000010, Loss: 0.0432395, Validation MAE: 1.8060150, Test MAE: 3.2236683, Test MAE norm: 0.0647222
Epoch: 1688, LR: 0.000010, Loss: 0.0431671, Validation MAE: 1.8029643, Test MAE: 3.2273974, Test MAE norm: 0.0647971
Epoch: 1689, LR: 0.000010, Loss: 0.0431464, Validation MAE: 1.7990651, Test MAE: 3.2133715, Test MAE norm: 0.0645155
Epoch: 1699, LR: 0.000010, Loss: 0.0431762, Validation MAE: 1.8070498, Test MAE: 3.2212648, Test MAE norm: 0.0646740
Epoch: 1700, LR: 0.000010, Loss: 0.0431981, Validation MAE: 1.8016226, Test MAE: 3.2169373, Test MAE norm: 0.0645871
Epoch: 1701, LR: 0.000010, Loss: 0.0431577, Validation MAE: 1.7983739, Test MAE: 3.2062244, Test MAE norm: 0.0643720
Epoch: 1711, LR: 0.000010, Loss: 0.0431822, Validation MAE: 1.8087108, Test MAE: 3.2260723, Test MAE norm: 0.0647705
Epoch: 1712, LR: 0.000010, Loss: 0.0431752, Validation MAE: 1.8051189, Test MAE: 3.2157335, Test MAE norm: 0.0645629
Epoch: 1715, LR: 0.000010, Loss: 0.0431695, Validation MAE: 1.7979460, Test MAE: 3.2137635, Test MAE norm: 0.0645234
Epoch: 1725, LR: 0.000010, Loss: 0.0431352, Validation MAE: 1.8058398, Test MAE: 3.2388027, Test MAE norm: 0.0650261
Epoch: 1726, LR: 0.000010, Loss: 0.0431568, Validation MAE: 1.8027819, Test MAE: 3.2124434, Test MAE norm: 0.0644969
Epoch: 1729, LR: 0.000010, Loss: 0.0431975, Validation MAE: 1.8024602, Test MAE: 3.2160687, Test MAE norm: 0.0645696
Epoch: 1730, LR: 0.000010, Loss: 0.0431305, Validation MAE: 1.7986020, Test MAE: 3.2102532, Test MAE norm: 0.0644529
Epoch: 1740, LR: 0.000010, Loss: 0.0431701, Validation MAE: 1.8107200, Test MAE: 3.2285943, Test MAE norm: 0.0648211
Epoch: 1741, LR: 0.000010, Loss: 0.0431459, Validation MAE: 1.8060851, Test MAE: 3.2226145, Test MAE norm: 0.0647011
Epoch: 1742, LR: 0.000010, Loss: 0.0431207, Validation MAE: 1.8023108, Test MAE: 3.2299595, Test MAE norm: 0.0648485
Epoch: 1743, LR: 0.000010, Loss: 0.0431576, Validation MAE: 1.7999078, Test MAE: 3.2257781, Test MAE norm: 0.0647646
Epoch: 1752, LR: 0.000010, Loss: 0.0432186, Validation MAE: 1.7966071, Test MAE: 3.2159915, Test MAE norm: 0.0645681
Epoch: 1762, LR: 0.000010, Loss: 0.0434051, Validation MAE: 1.8035978, Test MAE: 3.2361546, Test MAE norm: 0.0649729
Epoch: 1765, LR: 0.000010, Loss: 0.0432129, Validation MAE: 1.7975467, Test MAE: 3.2119238, Test MAE norm: 0.0644864
Epoch: 1775, LR: 0.000010, Loss: 0.0430821, Validation MAE: 1.7950722, Test MAE: 3.2145610, Test MAE norm: 0.0645394
Epoch: 1785, LR: 0.000010, Loss: 0.0431112, Validation MAE: 1.8080386, Test MAE: 3.2360752, Test MAE norm: 0.0649713
Epoch: 1786, LR: 0.000010, Loss: 0.0430807, Validation MAE: 1.8049065, Test MAE: 3.2340734, Test MAE norm: 0.0649311
Epoch: 1787, LR: 0.000010, Loss: 0.0430847, Validation MAE: 1.8029159, Test MAE: 3.2334242, Test MAE norm: 0.0649181
Epoch: 1788, LR: 0.000010, Loss: 0.0430606, Validation MAE: 1.8025011, Test MAE: 3.2263970, Test MAE norm: 0.0647770
Epoch: 1789, LR: 0.000010, Loss: 0.0430828, Validation MAE: 1.8009801, Test MAE: 3.2283185, Test MAE norm: 0.0648156
Epoch: 1796, LR: 0.000010, Loss: 0.0430321, Validation MAE: 1.7992929, Test MAE: 3.2216303, Test MAE norm: 0.0646813
Epoch: 1800, LR: 0.000010, Loss: 0.0431400, Validation MAE: 1.7991176, Test MAE: 3.2269547, Test MAE norm: 0.0647882
Epoch: 1803, LR: 0.000010, Loss: 0.0430538, Validation MAE: 1.7955643, Test MAE: 3.2152166, Test MAE norm: 0.0645525
Epoch: 1813, LR: 0.000010, Loss: 0.0430700, Validation MAE: 1.8076059, Test MAE: 3.2340786, Test MAE norm: 0.0649312
Epoch: 1814, LR: 0.000010, Loss: 0.0430780, Validation MAE: 1.8028483, Test MAE: 3.2412360, Test MAE norm: 0.0650749
Epoch: 1816, LR: 0.000010, Loss: 0.0431388, Validation MAE: 1.8011081, Test MAE: 3.2347455, Test MAE norm: 0.0649446
Epoch: 1817, LR: 0.000010, Loss: 0.0431078, Validation MAE: 1.7993417, Test MAE: 3.2249088, Test MAE norm: 0.0647471
Epoch: 1827, LR: 0.000010, Loss: 0.0430985, Validation MAE: 1.8095711, Test MAE: 3.2468407, Test MAE norm: 0.0651875
Epoch: 1828, LR: 0.000010, Loss: 0.0430934, Validation MAE: 1.8057420, Test MAE: 3.2370214, Test MAE norm: 0.0649903
Epoch: 1829, LR: 0.000010, Loss: 0.0430871, Validation MAE: 1.8004929, Test MAE: 3.2260516, Test MAE norm: 0.0647701
Epoch: 1832, LR: 0.000010, Loss: 0.0430721, Validation MAE: 1.7994376, Test MAE: 3.2325408, Test MAE norm: 0.0649004
Epoch: 1842, LR: 0.000010, Loss: 0.0430269, Validation MAE: 1.8139672, Test MAE: 3.2592707, Test MAE norm: 0.0654370
Epoch: 1843, LR: 0.000010, Loss: 0.0430636, Validation MAE: 1.8088433, Test MAE: 3.2430818, Test MAE norm: 0.0651120
Epoch: 1844, LR: 0.000010, Loss: 0.0429975, Validation MAE: 1.8032546, Test MAE: 3.2291584, Test MAE norm: 0.0648324
Epoch: 1845, LR: 0.000010, Loss: 0.0430324, Validation MAE: 1.8031900, Test MAE: 3.2342632, Test MAE norm: 0.0649349
Epoch: 1849, LR: 0.000010, Loss: 0.0430539, Validation MAE: 1.8015406, Test MAE: 3.2411292, Test MAE norm: 0.0650728
Epoch: 1850, LR: 0.000010, Loss: 0.0430069, Validation MAE: 1.8004888, Test MAE: 3.2394109, Test MAE norm: 0.0650383
Epoch: 1856, LR: 0.000010, Loss: 0.0430388, Validation MAE: 1.7968394, Test MAE: 3.2296848, Test MAE norm: 0.0648430
Epoch: 1864, LR: 0.000010, Loss: 0.0432329, Validation MAE: 1.7966835, Test MAE: 3.2369387, Test MAE norm: 0.0649887
Epoch: 1871, LR: 0.000010, Loss: 0.0431291, Validation MAE: 1.7966512, Test MAE: 3.2471900, Test MAE norm: 0.0651945
Epoch: 1881, LR: 0.000010, Loss: 0.0431091, Validation MAE: 1.8019456, Test MAE: 3.2484779, Test MAE norm: 0.0652203
Epoch: 1882, LR: 0.000010, Loss: 0.0430103, Validation MAE: 1.8007617, Test MAE: 3.2358525, Test MAE norm: 0.0649668
Epoch: 1889, LR: 0.000010, Loss: 0.0429996, Validation MAE: 1.8002863, Test MAE: 3.2310584, Test MAE norm: 0.0648706
Epoch: 1892, LR: 0.000010, Loss: 0.0431146, Validation MAE: 1.7988451, Test MAE: 3.2424362, Test MAE norm: 0.0650990
Epoch: 1893, LR: 0.000010, Loss: 0.0430175, Validation MAE: 1.7983117, Test MAE: 3.2352722, Test MAE norm: 0.0649552
Epoch: 1895, LR: 0.000010, Loss: 0.0430317, Validation MAE: 1.7953153, Test MAE: 3.2407203, Test MAE norm: 0.0650646
Epoch: 1905, LR: 0.000010, Loss: 0.0430210, Validation MAE: 1.8061671, Test MAE: 3.2548602, Test MAE norm: 0.0653485
Epoch: 1910, LR: 0.000010, Loss: 0.0429789, Validation MAE: 1.8054823, Test MAE: 3.2433238, Test MAE norm: 0.0651168
Epoch: 1912, LR: 0.000010, Loss: 0.0430494, Validation MAE: 1.8050342, Test MAE: 3.2538247, Test MAE norm: 0.0653277
Epoch: 1913, LR: 0.000010, Loss: 0.0429678, Validation MAE: 1.7987288, Test MAE: 3.2289639, Test MAE norm: 0.0648285
Epoch: 1917, LR: 0.000010, Loss: 0.0430042, Validation MAE: 1.7974848, Test MAE: 3.2239058, Test MAE norm: 0.0647270
Epoch: 1925, LR: 0.000010, Loss: 0.0430143, Validation MAE: 1.7945969, Test MAE: 3.2369354, Test MAE norm: 0.0649886
Epoch: 1935, LR: 0.000010, Loss: 0.0430076, Validation MAE: 1.8090116, Test MAE: 3.2642367, Test MAE norm: 0.0655367
Epoch: 1936, LR: 0.000010, Loss: 0.0429684, Validation MAE: 1.8078573, Test MAE: 3.2532079, Test MAE norm: 0.0653153
Epoch: 1937, LR: 0.000010, Loss: 0.0429847, Validation MAE: 1.8036268, Test MAE: 3.2469587, Test MAE norm: 0.0651898
Epoch: 1938, LR: 0.000010, Loss: 0.0429610, Validation MAE: 1.8015833, Test MAE: 3.2576351, Test MAE norm: 0.0654042
Epoch: 1939, LR: 0.000010, Loss: 0.0430222, Validation MAE: 1.7979501, Test MAE: 3.2535486, Test MAE norm: 0.0653221
Epoch: 1948, LR: 0.000010, Loss: 0.0430095, Validation MAE: 1.7931510, Test MAE: 3.2377148, Test MAE norm: 0.0650042
Epoch: 1958, LR: 0.000010, Loss: 0.0429530, Validation MAE: 1.8023884, Test MAE: 3.2681425, Test MAE norm: 0.0656151
Epoch: 1959, LR: 0.000010, Loss: 0.0429525, Validation MAE: 1.8011849, Test MAE: 3.2674899, Test MAE norm: 0.0656020
Epoch: 1960, LR: 0.000010, Loss: 0.0429475, Validation MAE: 1.7984014, Test MAE: 3.2513754, Test MAE norm: 0.0652785
Epoch: 1961, LR: 0.000010, Loss: 0.0429886, Validation MAE: 1.7974422, Test MAE: 3.2521615, Test MAE norm: 0.0652943
Epoch: 1971, LR: 0.000010, Loss: 0.0429358, Validation MAE: 1.8020869, Test MAE: 3.2582886, Test MAE norm: 0.0654173
Epoch: 1978, LR: 0.000010, Loss: 0.0430249, Validation MAE: 1.7963915, Test MAE: 3.2630866, Test MAE norm: 0.0655136
Epoch: 1979, LR: 0.000010, Loss: 0.0429386, Validation MAE: 1.7961555, Test MAE: 3.2509878, Test MAE norm: 0.0652707
Epoch: 1989, LR: 0.000010, Loss: 0.0430426, Validation MAE: 1.8209538, Test MAE: 3.3042185, Test MAE norm: 0.0663394
Epoch: 1990, LR: 0.000010, Loss: 0.0430694, Validation MAE: 1.8099748, Test MAE: 3.2693760, Test MAE norm: 0.0656399
Epoch: 1991, LR: 0.000010, Loss: 0.0429811, Validation MAE: 1.7992589, Test MAE: 3.2469602, Test MAE norm: 0.0651899
Epoch: 1995, LR: 0.000010, Loss: 0.0430462, Validation MAE: 1.7907915, Test MAE: 3.2424440, Test MAE norm: 0.0650992
Epoch: 1995, LR: 0.000010, Loss: 0.0430462, Validation MAE: 1.7907915, Test MAE: 3.2424440, Test MAE norm: 0.0650992