Command line input: python run_count.py --batch_size 256 --target 2 --model I2GNN --h 3 --seed 1 --epoch 2000 --dataset easy-1
Mean = 9.685, Std = 14.079
Using I2GNN model

Epoch: 001, LR: 0.001000, Loss: 0.5265644, Validation MAE: 7.5414505, Test MAE: 7.4191713, Test MAE norm: 0.5269744
Epoch: 003, LR: 0.001000, Loss: 0.5185297, Validation MAE: 7.2399111, Test MAE: 7.1513872, Test MAE norm: 0.5079541
Epoch: 004, LR: 0.001000, Loss: 0.4807971, Validation MAE: 7.1880660, Test MAE: 6.8924856, Test MAE norm: 0.4895646
Epoch: 005, LR: 0.001000, Loss: 0.4819083, Validation MAE: 7.1061201, Test MAE: 6.9783101, Test MAE norm: 0.4956606
Epoch: 006, LR: 0.001000, Loss: 0.4720896, Validation MAE: 7.0881572, Test MAE: 7.1012673, Test MAE norm: 0.5043941
Epoch: 007, LR: 0.001000, Loss: 0.4663292, Validation MAE: 6.8732738, Test MAE: 6.6365838, Test MAE norm: 0.4713882
Epoch: 008, LR: 0.001000, Loss: 0.4611540, Validation MAE: 6.7996879, Test MAE: 6.6400771, Test MAE norm: 0.4716364
Epoch: 010, LR: 0.001000, Loss: 0.4596453, Validation MAE: 6.6048155, Test MAE: 6.4819226, Test MAE norm: 0.4604028
Epoch: 011, LR: 0.001000, Loss: 0.4422599, Validation MAE: 6.5499964, Test MAE: 6.3589616, Test MAE norm: 0.4516691
Epoch: 013, LR: 0.001000, Loss: 0.4358032, Validation MAE: 6.4122901, Test MAE: 6.5554643, Test MAE norm: 0.4656264
Epoch: 014, LR: 0.001000, Loss: 0.4258737, Validation MAE: 6.2680168, Test MAE: 6.0754437, Test MAE norm: 0.4315312
Epoch: 015, LR: 0.001000, Loss: 0.4230357, Validation MAE: 6.1527205, Test MAE: 6.4063821, Test MAE norm: 0.4550373
Epoch: 016, LR: 0.001000, Loss: 0.4100856, Validation MAE: 5.9334064, Test MAE: 5.7997212, Test MAE norm: 0.4119469
Epoch: 026, LR: 0.001000, Loss: 0.4125106, Validation MAE: 6.0223136, Test MAE: 6.1177616, Test MAE norm: 0.4345369
Epoch: 029, LR: 0.000900, Loss: 0.3956070, Validation MAE: 5.9119310, Test MAE: 6.0860972, Test MAE norm: 0.4322878
Epoch: 030, LR: 0.000900, Loss: 0.3896546, Validation MAE: 5.8404498, Test MAE: 5.9673805, Test MAE norm: 0.4238555
Epoch: 031, LR: 0.000900, Loss: 0.3869453, Validation MAE: 5.7445221, Test MAE: 5.8798032, Test MAE norm: 0.4176351
Epoch: 032, LR: 0.000900, Loss: 0.3821061, Validation MAE: 5.5599966, Test MAE: 5.8743672, Test MAE norm: 0.4172489
Epoch: 033, LR: 0.000900, Loss: 0.3697859, Validation MAE: 5.3851776, Test MAE: 5.8507781, Test MAE norm: 0.4155734
Epoch: 035, LR: 0.000900, Loss: 0.3753430, Validation MAE: 5.2230716, Test MAE: 5.5330195, Test MAE norm: 0.3930034
Epoch: 037, LR: 0.000900, Loss: 0.4655861, Validation MAE: 5.0028691, Test MAE: 5.3963752, Test MAE norm: 0.3832978
Epoch: 047, LR: 0.000900, Loss: 0.3563444, Validation MAE: 5.4539146, Test MAE: 5.4736085, Test MAE norm: 0.3887835
Epoch: 049, LR: 0.000810, Loss: 0.3636083, Validation MAE: 5.1388612, Test MAE: 5.5878134, Test MAE norm: 0.3968954
Epoch: 051, LR: 0.000810, Loss: 0.3630638, Validation MAE: 5.1159477, Test MAE: 5.6976700, Test MAE norm: 0.4046983
Epoch: 054, LR: 0.000810, Loss: 0.3562688, Validation MAE: 4.8258991, Test MAE: 5.3652449, Test MAE norm: 0.3810866
Epoch: 058, LR: 0.000810, Loss: 0.3227126, Validation MAE: 4.6858006, Test MAE: 5.2557840, Test MAE norm: 0.3733118
Epoch: 060, LR: 0.000810, Loss: 0.3179510, Validation MAE: 4.5685062, Test MAE: 4.9278083, Test MAE norm: 0.3500161
Epoch: 061, LR: 0.000810, Loss: 0.3134386, Validation MAE: 4.4283948, Test MAE: 4.9123144, Test MAE norm: 0.3489155
Epoch: 066, LR: 0.000810, Loss: 0.3072116, Validation MAE: 4.2561789, Test MAE: 4.7826762, Test MAE norm: 0.3397075
Epoch: 073, LR: 0.000810, Loss: 0.3016824, Validation MAE: 4.1872826, Test MAE: 4.6673336, Test MAE norm: 0.3315149
Epoch: 083, LR: 0.000810, Loss: 0.3811235, Validation MAE: 5.7364731, Test MAE: 6.0369883, Test MAE norm: 0.4287997
Epoch: 084, LR: 0.000810, Loss: 0.3777415, Validation MAE: 5.5683026, Test MAE: 5.8712335, Test MAE norm: 0.4170263
Epoch: 085, LR: 0.000729, Loss: 0.3675775, Validation MAE: 5.4002848, Test MAE: 5.7652435, Test MAE norm: 0.4094980
Epoch: 086, LR: 0.000729, Loss: 0.3584569, Validation MAE: 5.2339716, Test MAE: 5.7009234, Test MAE norm: 0.4049294
Epoch: 087, LR: 0.000729, Loss: 0.3519968, Validation MAE: 5.0520778, Test MAE: 5.5785751, Test MAE norm: 0.3962392
Epoch: 088, LR: 0.000729, Loss: 0.3440395, Validation MAE: 4.9918003, Test MAE: 5.3084164, Test MAE norm: 0.3770502
Epoch: 089, LR: 0.000729, Loss: 0.3381285, Validation MAE: 4.6897984, Test MAE: 5.2664700, Test MAE norm: 0.3740708
Epoch: 093, LR: 0.000729, Loss: 0.4154602, Validation MAE: 4.4825525, Test MAE: 4.8406343, Test MAE norm: 0.3438242
Epoch: 103, LR: 0.000656, Loss: 0.3440001, Validation MAE: 5.0240083, Test MAE: 5.4487057, Test MAE norm: 0.3870147
Epoch: 105, LR: 0.000656, Loss: 0.3502297, Validation MAE: 4.8206925, Test MAE: 5.3648939, Test MAE norm: 0.3810617
Epoch: 108, LR: 0.000590, Loss: 0.3214512, Validation MAE: 4.3403530, Test MAE: 4.7425504, Test MAE norm: 0.3368574
Epoch: 109, LR: 0.000590, Loss: 0.3028378, Validation MAE: 4.2817326, Test MAE: 4.7586613, Test MAE norm: 0.3380018
Epoch: 112, LR: 0.000590, Loss: 0.3180071, Validation MAE: 4.2038584, Test MAE: 4.6937432, Test MAE norm: 0.3333907
Epoch: 113, LR: 0.000590, Loss: 0.3108338, Validation MAE: 4.1550617, Test MAE: 4.6643949, Test MAE norm: 0.3313061
Epoch: 116, LR: 0.000590, Loss: 0.2958385, Validation MAE: 4.1307225, Test MAE: 4.6438398, Test MAE norm: 0.3298461
Epoch: 120, LR: 0.000590, Loss: 0.3008831, Validation MAE: 4.0626049, Test MAE: 4.6446991, Test MAE norm: 0.3299071
Epoch: 121, LR: 0.000590, Loss: 0.3007836, Validation MAE: 4.0536923, Test MAE: 4.6009851, Test MAE norm: 0.3268022
Epoch: 124, LR: 0.000590, Loss: 0.2951590, Validation MAE: 4.0325093, Test MAE: 4.5694051, Test MAE norm: 0.3245591
Epoch: 134, LR: 0.000590, Loss: 0.3177180, Validation MAE: 4.0712414, Test MAE: 4.6318259, Test MAE norm: 0.3289928
Epoch: 136, LR: 0.000531, Loss: 0.3145269, Validation MAE: 4.0702577, Test MAE: 4.5811944, Test MAE norm: 0.3253965
Epoch: 139, LR: 0.000531, Loss: 0.2900911, Validation MAE: 4.0374355, Test MAE: 4.6482248, Test MAE norm: 0.3301576
Epoch: 143, LR: 0.000531, Loss: 0.3020724, Validation MAE: 4.0365138, Test MAE: 4.5871897, Test MAE norm: 0.3258223
Epoch: 148, LR: 0.000478, Loss: 0.2900430, Validation MAE: 3.9912610, Test MAE: 4.6282630, Test MAE norm: 0.3287397
Epoch: 149, LR: 0.000478, Loss: 0.2978841, Validation MAE: 3.9870069, Test MAE: 4.5782728, Test MAE norm: 0.3251890
Epoch: 159, LR: 0.000478, Loss: 0.2904299, Validation MAE: 4.0637722, Test MAE: 4.6203790, Test MAE norm: 0.3281797
Epoch: 161, LR: 0.000430, Loss: 0.2931971, Validation MAE: 4.0105753, Test MAE: 4.5703759, Test MAE norm: 0.3246281
Epoch: 162, LR: 0.000430, Loss: 0.2861455, Validation MAE: 3.9388502, Test MAE: 4.5435066, Test MAE norm: 0.3227196
Epoch: 163, LR: 0.000430, Loss: 0.2908492, Validation MAE: 3.9285693, Test MAE: 4.5216174, Test MAE norm: 0.3211648
Epoch: 167, LR: 0.000430, Loss: 0.2847451, Validation MAE: 3.8903468, Test MAE: 4.5300822, Test MAE norm: 0.3217660
Epoch: 171, LR: 0.000430, Loss: 0.2830960, Validation MAE: 3.8830032, Test MAE: 4.5378051, Test MAE norm: 0.3223146
Epoch: 172, LR: 0.000430, Loss: 0.2861514, Validation MAE: 3.8829398, Test MAE: 4.5488663, Test MAE norm: 0.3231003
Epoch: 176, LR: 0.000430, Loss: 0.2843298, Validation MAE: 3.8572195, Test MAE: 4.5376782, Test MAE norm: 0.3223056
Epoch: 179, LR: 0.000430, Loss: 0.2872495, Validation MAE: 3.8440681, Test MAE: 4.5412049, Test MAE norm: 0.3225561
Epoch: 180, LR: 0.000430, Loss: 0.2846731, Validation MAE: 3.8259053, Test MAE: 4.5881882, Test MAE norm: 0.3258933
Epoch: 190, LR: 0.000430, Loss: 0.2833537, Validation MAE: 3.8684437, Test MAE: 4.5166345, Test MAE norm: 0.3208109
Epoch: 191, LR: 0.000430, Loss: 0.2814477, Validation MAE: 3.8529263, Test MAE: 4.5172391, Test MAE norm: 0.3208538
Epoch: 194, LR: 0.000387, Loss: 0.2818251, Validation MAE: 3.8453014, Test MAE: 4.5110593, Test MAE norm: 0.3204149
Epoch: 195, LR: 0.000387, Loss: 0.2813558, Validation MAE: 3.8425572, Test MAE: 4.5018077, Test MAE norm: 0.3197578
Epoch: 205, LR: 0.000349, Loss: 0.2789886, Validation MAE: 3.8377614, Test MAE: 4.5027061, Test MAE norm: 0.3198216
Epoch: 215, LR: 0.000314, Loss: 0.2781766, Validation MAE: 3.8382251, Test MAE: 4.5105143, Test MAE norm: 0.3203762
Epoch: 225, LR: 0.000282, Loss: 0.2772540, Validation MAE: 3.8642516, Test MAE: 4.5000825, Test MAE norm: 0.3196352
Epoch: 228, LR: 0.000282, Loss: 0.2768581, Validation MAE: 3.8599246, Test MAE: 4.4945312, Test MAE norm: 0.3192409
Epoch: 234, LR: 0.000282, Loss: 0.2764410, Validation MAE: 3.8556926, Test MAE: 4.4991078, Test MAE norm: 0.3195660
Epoch: 242, LR: 0.000254, Loss: 0.2761819, Validation MAE: 3.8251824, Test MAE: 4.4929323, Test MAE norm: 0.3191274
Epoch: 252, LR: 0.000254, Loss: 0.2756522, Validation MAE: 3.8784940, Test MAE: 4.5037098, Test MAE norm: 0.3198929
Epoch: 253, LR: 0.000254, Loss: 0.2754515, Validation MAE: 3.8260145, Test MAE: 4.4946351, Test MAE norm: 0.3192483
Epoch: 261, LR: 0.000229, Loss: 0.2752678, Validation MAE: 3.8001347, Test MAE: 4.4845700, Test MAE norm: 0.3185334
Epoch: 264, LR: 0.000229, Loss: 0.2753597, Validation MAE: 3.7923450, Test MAE: 4.4901352, Test MAE norm: 0.3189287
Epoch: 274, LR: 0.000229, Loss: 0.2752971, Validation MAE: 3.7976856, Test MAE: 4.4834852, Test MAE norm: 0.3184563
Epoch: 284, LR: 0.000206, Loss: 0.2749459, Validation MAE: 3.8581409, Test MAE: 4.4853692, Test MAE norm: 0.3185902
Epoch: 286, LR: 0.000206, Loss: 0.2754731, Validation MAE: 3.7896883, Test MAE: 4.4810038, Test MAE norm: 0.3182801
Epoch: 289, LR: 0.000206, Loss: 0.2766448, Validation MAE: 3.7869341, Test MAE: 4.4764624, Test MAE norm: 0.3179575
Epoch: 299, LR: 0.000206, Loss: 0.2741241, Validation MAE: 3.8307993, Test MAE: 4.4669905, Test MAE norm: 0.3172847
Epoch: 301, LR: 0.000185, Loss: 0.2745542, Validation MAE: 3.8244565, Test MAE: 4.4719224, Test MAE norm: 0.3176350
Epoch: 302, LR: 0.000185, Loss: 0.2738381, Validation MAE: 3.8004997, Test MAE: 4.4679532, Test MAE norm: 0.3173531
Epoch: 308, LR: 0.000185, Loss: 0.2737442, Validation MAE: 3.7932086, Test MAE: 4.4651899, Test MAE norm: 0.3171569
Epoch: 318, LR: 0.000167, Loss: 0.2740659, Validation MAE: 3.7868457, Test MAE: 4.4597545, Test MAE norm: 0.3167708
Epoch: 322, LR: 0.000167, Loss: 0.2731183, Validation MAE: 3.7794459, Test MAE: 4.4527678, Test MAE norm: 0.3162745
Epoch: 327, LR: 0.000167, Loss: 0.2732334, Validation MAE: 3.7458677, Test MAE: 4.4748940, Test MAE norm: 0.3178461
Epoch: 337, LR: 0.000167, Loss: 0.2733836, Validation MAE: 3.9396281, Test MAE: 4.5115523, Test MAE norm: 0.3204499
Epoch: 338, LR: 0.000167, Loss: 0.2743081, Validation MAE: 3.7445545, Test MAE: 4.4647846, Test MAE norm: 0.3171281
Epoch: 341, LR: 0.000167, Loss: 0.2756008, Validation MAE: 3.7388678, Test MAE: 4.4690123, Test MAE norm: 0.3174284
Epoch: 351, LR: 0.000167, Loss: 0.2723132, Validation MAE: 3.7792642, Test MAE: 4.4455342, Test MAE norm: 0.3157607
Epoch: 360, LR: 0.000150, Loss: 0.2722041, Validation MAE: 3.7528558, Test MAE: 4.4436817, Test MAE norm: 0.3156292
Epoch: 368, LR: 0.000135, Loss: 0.2728486, Validation MAE: 3.7358036, Test MAE: 4.4499197, Test MAE norm: 0.3160722
Epoch: 378, LR: 0.000135, Loss: 0.2718562, Validation MAE: 3.7569673, Test MAE: 4.4356904, Test MAE norm: 0.3150615
Epoch: 381, LR: 0.000122, Loss: 0.2714977, Validation MAE: 3.7512479, Test MAE: 4.4373717, Test MAE norm: 0.3151810
Epoch: 384, LR: 0.000122, Loss: 0.2711637, Validation MAE: 3.7290189, Test MAE: 4.4403787, Test MAE norm: 0.3153945
Epoch: 387, LR: 0.000122, Loss: 0.2713272, Validation MAE: 3.7196128, Test MAE: 4.4465985, Test MAE norm: 0.3158363
Epoch: 397, LR: 0.000122, Loss: 0.2718883, Validation MAE: 3.7643745, Test MAE: 4.4369755, Test MAE norm: 0.3151528
Epoch: 399, LR: 0.000109, Loss: 0.2718652, Validation MAE: 3.7423282, Test MAE: 4.4333420, Test MAE norm: 0.3148947
Epoch: 400, LR: 0.000109, Loss: 0.2709637, Validation MAE: 3.7402902, Test MAE: 4.4320002, Test MAE norm: 0.3147994
Epoch: 403, LR: 0.000109, Loss: 0.2706403, Validation MAE: 3.7210567, Test MAE: 4.4295549, Test MAE norm: 0.3146257
Epoch: 406, LR: 0.000109, Loss: 0.2707801, Validation MAE: 3.7072835, Test MAE: 4.4347086, Test MAE norm: 0.3149918
Epoch: 409, LR: 0.000109, Loss: 0.2727223, Validation MAE: 3.7064559, Test MAE: 4.4311352, Test MAE norm: 0.3147380
Epoch: 419, LR: 0.000109, Loss: 0.2722895, Validation MAE: 3.7338340, Test MAE: 4.4214926, Test MAE norm: 0.3140531
Epoch: 420, LR: 0.000109, Loss: 0.2706233, Validation MAE: 3.7198448, Test MAE: 4.4235563, Test MAE norm: 0.3141997
Epoch: 430, LR: 0.000098, Loss: 0.2702457, Validation MAE: 3.7089605, Test MAE: 4.4230852, Test MAE norm: 0.3141662
Epoch: 440, LR: 0.000089, Loss: 0.2699143, Validation MAE: 3.7285583, Test MAE: 4.4186850, Test MAE norm: 0.3138537
Epoch: 446, LR: 0.000080, Loss: 0.2697335, Validation MAE: 3.7269144, Test MAE: 4.4151378, Test MAE norm: 0.3136017
Epoch: 451, LR: 0.000080, Loss: 0.2697286, Validation MAE: 3.7217503, Test MAE: 4.4109240, Test MAE norm: 0.3133024
Epoch: 454, LR: 0.000072, Loss: 0.2695087, Validation MAE: 3.7119865, Test MAE: 4.4086323, Test MAE norm: 0.3131396
Epoch: 457, LR: 0.000072, Loss: 0.2693891, Validation MAE: 3.7072504, Test MAE: 4.4098463, Test MAE norm: 0.3132259
Epoch: 460, LR: 0.000072, Loss: 0.2693014, Validation MAE: 3.7016993, Test MAE: 4.4205790, Test MAE norm: 0.3139882
Epoch: 463, LR: 0.000072, Loss: 0.2695189, Validation MAE: 3.7010660, Test MAE: 4.4105825, Test MAE norm: 0.3132781
Epoch: 472, LR: 0.000072, Loss: 0.2692252, Validation MAE: 3.7001145, Test MAE: 4.4136353, Test MAE norm: 0.3134950
Epoch: 478, LR: 0.000072, Loss: 0.2692361, Validation MAE: 3.6987319, Test MAE: 4.4013138, Test MAE norm: 0.3126198
Epoch: 488, LR: 0.000072, Loss: 0.2696532, Validation MAE: 3.7351768, Test MAE: 4.4046469, Test MAE norm: 0.3128566
Epoch: 490, LR: 0.000065, Loss: 0.2692608, Validation MAE: 3.7034154, Test MAE: 4.3989472, Test MAE norm: 0.3124517
Epoch: 499, LR: 0.000065, Loss: 0.2686828, Validation MAE: 3.6998794, Test MAE: 4.3981066, Test MAE norm: 0.3123920
Epoch: 509, LR: 0.000058, Loss: 0.2685505, Validation MAE: 3.7094536, Test MAE: 4.3948236, Test MAE norm: 0.3121588
Epoch: 512, LR: 0.000052, Loss: 0.2684813, Validation MAE: 3.7084897, Test MAE: 4.3944216, Test MAE norm: 0.3121302
Epoch: 515, LR: 0.000052, Loss: 0.2683746, Validation MAE: 3.7061648, Test MAE: 4.3954039, Test MAE norm: 0.3122000
Epoch: 520, LR: 0.000052, Loss: 0.2684795, Validation MAE: 3.7043364, Test MAE: 4.3929715, Test MAE norm: 0.3120272
Epoch: 523, LR: 0.000047, Loss: 0.2683815, Validation MAE: 3.7040007, Test MAE: 4.3934159, Test MAE norm: 0.3120588
Epoch: 527, LR: 0.000047, Loss: 0.2683240, Validation MAE: 3.6998775, Test MAE: 4.3922238, Test MAE norm: 0.3119741
Epoch: 530, LR: 0.000047, Loss: 0.2684321, Validation MAE: 3.6976197, Test MAE: 4.3977089, Test MAE norm: 0.3123637
Epoch: 538, LR: 0.000047, Loss: 0.2681189, Validation MAE: 3.6968653, Test MAE: 4.3956904, Test MAE norm: 0.3122204
Epoch: 545, LR: 0.000047, Loss: 0.2684131, Validation MAE: 3.6965926, Test MAE: 4.3936038, Test MAE norm: 0.3120722
Epoch: 555, LR: 0.000042, Loss: 0.2679052, Validation MAE: 3.7270708, Test MAE: 4.4005756, Test MAE norm: 0.3125674
Epoch: 556, LR: 0.000042, Loss: 0.2679218, Validation MAE: 3.7083094, Test MAE: 4.3940196, Test MAE norm: 0.3121017
Epoch: 557, LR: 0.000042, Loss: 0.2678923, Validation MAE: 3.7082510, Test MAE: 4.3940854, Test MAE norm: 0.3121064
Epoch: 562, LR: 0.000038, Loss: 0.2678664, Validation MAE: 3.7046976, Test MAE: 4.3920040, Test MAE norm: 0.3119586
Epoch: 565, LR: 0.000038, Loss: 0.2679926, Validation MAE: 3.7045684, Test MAE: 4.3927331, Test MAE norm: 0.3120103
Epoch: 566, LR: 0.000038, Loss: 0.2679118, Validation MAE: 3.7032332, Test MAE: 4.3918967, Test MAE norm: 0.3119509
Epoch: 576, LR: 0.000034, Loss: 0.2678202, Validation MAE: 3.7092495, Test MAE: 4.3962607, Test MAE norm: 0.3122609
Epoch: 579, LR: 0.000034, Loss: 0.2678081, Validation MAE: 3.7066948, Test MAE: 4.3933997, Test MAE norm: 0.3120577
Epoch: 589, LR: 0.000031, Loss: 0.2676364, Validation MAE: 3.7099588, Test MAE: 4.3950810, Test MAE norm: 0.3121771
Epoch: 592, LR: 0.000031, Loss: 0.2676360, Validation MAE: 3.7095253, Test MAE: 4.3941398, Test MAE norm: 0.3121102
Epoch: 595, LR: 0.000028, Loss: 0.2675588, Validation MAE: 3.7083933, Test MAE: 4.3932104, Test MAE norm: 0.3120442
Epoch: 599, LR: 0.000028, Loss: 0.2674834, Validation MAE: 3.7057271, Test MAE: 4.3914022, Test MAE norm: 0.3119158
Epoch: 603, LR: 0.000028, Loss: 0.2674886, Validation MAE: 3.7055492, Test MAE: 4.3913093, Test MAE norm: 0.3119092
Epoch: 610, LR: 0.000025, Loss: 0.2675479, Validation MAE: 3.7045281, Test MAE: 4.3896484, Test MAE norm: 0.3117912
Epoch: 620, LR: 0.000023, Loss: 0.2673674, Validation MAE: 3.7134271, Test MAE: 4.3956366, Test MAE norm: 0.3122166
Epoch: 621, LR: 0.000023, Loss: 0.2673529, Validation MAE: 3.7091262, Test MAE: 4.3936706, Test MAE norm: 0.3120769
Epoch: 624, LR: 0.000023, Loss: 0.2674109, Validation MAE: 3.7052951, Test MAE: 4.3901787, Test MAE norm: 0.3118289
Epoch: 632, LR: 0.000020, Loss: 0.2673075, Validation MAE: 3.7043383, Test MAE: 4.3895292, Test MAE norm: 0.3117827
Epoch: 642, LR: 0.000018, Loss: 0.2673044, Validation MAE: 3.7099524, Test MAE: 4.3932629, Test MAE norm: 0.3120480
Epoch: 644, LR: 0.000018, Loss: 0.2673338, Validation MAE: 3.7074416, Test MAE: 4.3917780, Test MAE norm: 0.3119425
Epoch: 645, LR: 0.000018, Loss: 0.2672406, Validation MAE: 3.7054088, Test MAE: 4.3900256, Test MAE norm: 0.3118180
Epoch: 649, LR: 0.000016, Loss: 0.2672575, Validation MAE: 3.7036567, Test MAE: 4.3883123, Test MAE norm: 0.3116963
Epoch: 650, LR: 0.000016, Loss: 0.2672825, Validation MAE: 3.7031476, Test MAE: 4.3876266, Test MAE norm: 0.3116476
Epoch: 654, LR: 0.000016, Loss: 0.2672423, Validation MAE: 3.7029583, Test MAE: 4.3878546, Test MAE norm: 0.3116638
Epoch: 655, LR: 0.000016, Loss: 0.2672691, Validation MAE: 3.7028749, Test MAE: 4.3872547, Test MAE norm: 0.3116212
Epoch: 665, LR: 0.000015, Loss: 0.2672078, Validation MAE: 3.7103078, Test MAE: 4.3925920, Test MAE norm: 0.3120003
Epoch: 668, LR: 0.000015, Loss: 0.2671463, Validation MAE: 3.7050793, Test MAE: 4.3888812, Test MAE norm: 0.3117367
Epoch: 669, LR: 0.000015, Loss: 0.2671977, Validation MAE: 3.7039919, Test MAE: 4.3876481, Test MAE norm: 0.3116491
Epoch: 674, LR: 0.000013, Loss: 0.2671811, Validation MAE: 3.7037530, Test MAE: 4.3879976, Test MAE norm: 0.3116740
Epoch: 678, LR: 0.000013, Loss: 0.2671388, Validation MAE: 3.7035408, Test MAE: 4.3879952, Test MAE norm: 0.3116738
Epoch: 679, LR: 0.000013, Loss: 0.2671795, Validation MAE: 3.7035050, Test MAE: 4.3883109, Test MAE norm: 0.3116962
Epoch: 684, LR: 0.000012, Loss: 0.2671262, Validation MAE: 3.7031791, Test MAE: 4.3872781, Test MAE norm: 0.3116229
Epoch: 690, LR: 0.000012, Loss: 0.2671168, Validation MAE: 3.7026474, Test MAE: 4.3858061, Test MAE norm: 0.3115183
Epoch: 700, LR: 0.000011, Loss: 0.2670935, Validation MAE: 3.7059369, Test MAE: 4.3893476, Test MAE norm: 0.3117698
Epoch: 701, LR: 0.000011, Loss: 0.2670784, Validation MAE: 3.7035027, Test MAE: 4.3863196, Test MAE norm: 0.3115548
Epoch: 707, LR: 0.000010, Loss: 0.2670774, Validation MAE: 3.7032499, Test MAE: 4.3859773, Test MAE norm: 0.3115305
Epoch: 717, LR: 0.000010, Loss: 0.2670164, Validation MAE: 3.7100892, Test MAE: 4.3917956, Test MAE norm: 0.3119437
Epoch: 718, LR: 0.000010, Loss: 0.2669891, Validation MAE: 3.7083890, Test MAE: 4.3909326, Test MAE norm: 0.3118824
Epoch: 721, LR: 0.000010, Loss: 0.2670006, Validation MAE: 3.7078357, Test MAE: 4.3907351, Test MAE norm: 0.3118684
Epoch: 722, LR: 0.000010, Loss: 0.2669818, Validation MAE: 3.7065337, Test MAE: 4.3895159, Test MAE norm: 0.3117818
Epoch: 732, LR: 0.000010, Loss: 0.2669630, Validation MAE: 3.7060997, Test MAE: 4.3895273, Test MAE norm: 0.3117826
Epoch: 742, LR: 0.000010, Loss: 0.2669351, Validation MAE: 3.7139430, Test MAE: 4.3928909, Test MAE norm: 0.3120215
Epoch: 743, LR: 0.000010, Loss: 0.2669299, Validation MAE: 3.7125685, Test MAE: 4.3923740, Test MAE norm: 0.3119848
Epoch: 744, LR: 0.000010, Loss: 0.2669249, Validation MAE: 3.7059357, Test MAE: 4.3892484, Test MAE norm: 0.3117628
Epoch: 745, LR: 0.000010, Loss: 0.2669527, Validation MAE: 3.7056618, Test MAE: 4.3886633, Test MAE norm: 0.3117213
Epoch: 749, LR: 0.000010, Loss: 0.2668902, Validation MAE: 3.7054756, Test MAE: 4.3883553, Test MAE norm: 0.3116994
Epoch: 750, LR: 0.000010, Loss: 0.2669366, Validation MAE: 3.7044072, Test MAE: 4.3875184, Test MAE norm: 0.3116399
Epoch: 755, LR: 0.000010, Loss: 0.2669446, Validation MAE: 3.7028048, Test MAE: 4.3855085, Test MAE norm: 0.3114972
Epoch: 765, LR: 0.000010, Loss: 0.2668785, Validation MAE: 3.7063134, Test MAE: 4.3882232, Test MAE norm: 0.3116900
Epoch: 766, LR: 0.000010, Loss: 0.2668988, Validation MAE: 3.7061522, Test MAE: 4.3884659, Test MAE norm: 0.3117072
Epoch: 769, LR: 0.000010, Loss: 0.2668679, Validation MAE: 3.7054596, Test MAE: 4.3874645, Test MAE norm: 0.3116361
Epoch: 770, LR: 0.000010, Loss: 0.2668843, Validation MAE: 3.7054093, Test MAE: 4.3868041, Test MAE norm: 0.3115892
Epoch: 773, LR: 0.000010, Loss: 0.2668661, Validation MAE: 3.7054021, Test MAE: 4.3873339, Test MAE norm: 0.3116268
Epoch: 783, LR: 0.000010, Loss: 0.2668210, Validation MAE: 3.7081051, Test MAE: 4.3893843, Test MAE norm: 0.3117725
Epoch: 785, LR: 0.000010, Loss: 0.2668240, Validation MAE: 3.7069993, Test MAE: 4.3886442, Test MAE norm: 0.3117199
Epoch: 786, LR: 0.000010, Loss: 0.2668311, Validation MAE: 3.7065663, Test MAE: 4.3885946, Test MAE norm: 0.3117164
Epoch: 789, LR: 0.000010, Loss: 0.2668380, Validation MAE: 3.7038169, Test MAE: 4.3862615, Test MAE norm: 0.3115506
Epoch: 799, LR: 0.000010, Loss: 0.2668393, Validation MAE: 3.7059612, Test MAE: 4.3878632, Test MAE norm: 0.3116644
Epoch: 802, LR: 0.000010, Loss: 0.2668102, Validation MAE: 3.7048450, Test MAE: 4.3870702, Test MAE norm: 0.3116081
Epoch: 812, LR: 0.000010, Loss: 0.2667485, Validation MAE: 3.7109141, Test MAE: 4.3891807, Test MAE norm: 0.3117580
Epoch: 813, LR: 0.000010, Loss: 0.2667439, Validation MAE: 3.7086525, Test MAE: 4.3890862, Test MAE norm: 0.3117513
Epoch: 814, LR: 0.000010, Loss: 0.2667345, Validation MAE: 3.7061958, Test MAE: 4.3878098, Test MAE norm: 0.3116606
Epoch: 820, LR: 0.000010, Loss: 0.2667083, Validation MAE: 3.7061079, Test MAE: 4.3876920, Test MAE norm: 0.3116523
Epoch: 823, LR: 0.000010, Loss: 0.2667071, Validation MAE: 3.7045894, Test MAE: 4.3867211, Test MAE norm: 0.3115833
Epoch: 830, LR: 0.000010, Loss: 0.2666875, Validation MAE: 3.7040007, Test MAE: 4.3860064, Test MAE norm: 0.3115325
Epoch: 840, LR: 0.000010, Loss: 0.2666734, Validation MAE: 3.7152622, Test MAE: 4.3903580, Test MAE norm: 0.3118416
Epoch: 841, LR: 0.000010, Loss: 0.2667049, Validation MAE: 3.7133086, Test MAE: 4.3893585, Test MAE norm: 0.3117706
Epoch: 842, LR: 0.000010, Loss: 0.2666760, Validation MAE: 3.7040184, Test MAE: 4.3861074, Test MAE norm: 0.3115397
Epoch: 846, LR: 0.000010, Loss: 0.2666476, Validation MAE: 3.7031233, Test MAE: 4.3849134, Test MAE norm: 0.3114549
Epoch: 854, LR: 0.000010, Loss: 0.2665981, Validation MAE: 3.7023764, Test MAE: 4.3835778, Test MAE norm: 0.3113600
Epoch: 863, LR: 0.000010, Loss: 0.2666044, Validation MAE: 3.7021201, Test MAE: 4.3834648, Test MAE norm: 0.3113520
Epoch: 872, LR: 0.000010, Loss: 0.2665709, Validation MAE: 3.7020478, Test MAE: 4.3834763, Test MAE norm: 0.3113528
Epoch: 882, LR: 0.000010, Loss: 0.2665378, Validation MAE: 3.7104177, Test MAE: 4.3887892, Test MAE norm: 0.3117302
Epoch: 883, LR: 0.000010, Loss: 0.2665569, Validation MAE: 3.7050791, Test MAE: 4.3854699, Test MAE norm: 0.3114944
Epoch: 887, LR: 0.000010, Loss: 0.2665629, Validation MAE: 3.7025354, Test MAE: 4.3838010, Test MAE norm: 0.3113759
Epoch: 897, LR: 0.000010, Loss: 0.2665534, Validation MAE: 3.7168667, Test MAE: 4.3915954, Test MAE norm: 0.3119295
Epoch: 898, LR: 0.000010, Loss: 0.2665866, Validation MAE: 3.7143295, Test MAE: 4.3906364, Test MAE norm: 0.3118614
Epoch: 899, LR: 0.000010, Loss: 0.2665684, Validation MAE: 3.7028146, Test MAE: 4.3836346, Test MAE norm: 0.3113641
Epoch: 909, LR: 0.000010, Loss: 0.2664841, Validation MAE: 3.7038789, Test MAE: 4.3846803, Test MAE norm: 0.3114384
Epoch: 919, LR: 0.000010, Loss: 0.2664591, Validation MAE: 3.7032130, Test MAE: 4.3846111, Test MAE norm: 0.3114334
Epoch: 923, LR: 0.000010, Loss: 0.2664613, Validation MAE: 3.7017362, Test MAE: 4.3824782, Test MAE norm: 0.3112819
Epoch: 933, LR: 0.000010, Loss: 0.2664777, Validation MAE: 3.7218287, Test MAE: 4.3941116, Test MAE norm: 0.3121082
Epoch: 934, LR: 0.000010, Loss: 0.2665507, Validation MAE: 3.7197547, Test MAE: 4.3924212, Test MAE norm: 0.3119882
Epoch: 935, LR: 0.000010, Loss: 0.2665240, Validation MAE: 3.7044940, Test MAE: 4.3834233, Test MAE norm: 0.3113491
Epoch: 936, LR: 0.000010, Loss: 0.2664984, Validation MAE: 3.7037473, Test MAE: 4.3829751, Test MAE norm: 0.3113172
Epoch: 946, LR: 0.000010, Loss: 0.2663825, Validation MAE: 3.7100706, Test MAE: 4.3885584, Test MAE norm: 0.3117138
Epoch: 947, LR: 0.000010, Loss: 0.2664090, Validation MAE: 3.7049026, Test MAE: 4.3850799, Test MAE norm: 0.3114667
Epoch: 955, LR: 0.000010, Loss: 0.2663978, Validation MAE: 3.7031250, Test MAE: 4.3836732, Test MAE norm: 0.3113668
Epoch: 959, LR: 0.000010, Loss: 0.2663994, Validation MAE: 3.7027884, Test MAE: 4.3829069, Test MAE norm: 0.3113124
Epoch: 960, LR: 0.000010, Loss: 0.2664272, Validation MAE: 3.7022133, Test MAE: 4.3824015, Test MAE norm: 0.3112765
Epoch: 965, LR: 0.000010, Loss: 0.2664445, Validation MAE: 3.7018561, Test MAE: 4.3820763, Test MAE norm: 0.3112534
Epoch: 973, LR: 0.000010, Loss: 0.2663679, Validation MAE: 3.7008395, Test MAE: 4.3807864, Test MAE norm: 0.3111618
Epoch: 974, LR: 0.000010, Loss: 0.2664584, Validation MAE: 3.7000692, Test MAE: 4.3810034, Test MAE norm: 0.3111772
Epoch: 984, LR: 0.000010, Loss: 0.2663650, Validation MAE: 3.7010775, Test MAE: 4.3805566, Test MAE norm: 0.3111455
Epoch: 989, LR: 0.000010, Loss: 0.2663817, Validation MAE: 3.7009284, Test MAE: 4.3803334, Test MAE norm: 0.3111296
Epoch: 993, LR: 0.000010, Loss: 0.2662956, Validation MAE: 3.7000365, Test MAE: 4.3800726, Test MAE norm: 0.3111111
Epoch: 1003, LR: 0.000010, Loss: 0.2663140, Validation MAE: 3.7032311, Test MAE: 4.3826327, Test MAE norm: 0.3112929
Epoch: 1013, LR: 0.000010, Loss: 0.2662274, Validation MAE: 3.7057621, Test MAE: 4.3853102, Test MAE norm: 0.3114831
Epoch: 1023, LR: 0.000010, Loss: 0.2661912, Validation MAE: 3.7095730, Test MAE: 4.3887296, Test MAE norm: 0.3117259
Epoch: 1024, LR: 0.000010, Loss: 0.2662044, Validation MAE: 3.7045863, Test MAE: 4.3839369, Test MAE norm: 0.3113855
Epoch: 1034, LR: 0.000010, Loss: 0.2661470, Validation MAE: 3.7066579, Test MAE: 4.3858256, Test MAE norm: 0.3115197
Epoch: 1040, LR: 0.000010, Loss: 0.2661488, Validation MAE: 3.7051096, Test MAE: 4.3841381, Test MAE norm: 0.3113998
Epoch: 1043, LR: 0.000010, Loss: 0.2661149, Validation MAE: 3.7040002, Test MAE: 4.3837433, Test MAE norm: 0.3113718
Epoch: 1052, LR: 0.000010, Loss: 0.2660989, Validation MAE: 3.7034812, Test MAE: 4.3828731, Test MAE norm: 0.3113100
Epoch: 1062, LR: 0.000010, Loss: 0.2660781, Validation MAE: 3.7063923, Test MAE: 4.3859468, Test MAE norm: 0.3115283
Epoch: 1064, LR: 0.000010, Loss: 0.2660844, Validation MAE: 3.7041039, Test MAE: 4.3836884, Test MAE norm: 0.3113679
Epoch: 1067, LR: 0.000010, Loss: 0.2660620, Validation MAE: 3.7021167, Test MAE: 4.3810697, Test MAE norm: 0.3111819
Epoch: 1071, LR: 0.000010, Loss: 0.2660860, Validation MAE: 3.7008579, Test MAE: 4.3803306, Test MAE norm: 0.3111294
Epoch: 1081, LR: 0.000010, Loss: 0.2660443, Validation MAE: 3.7095189, Test MAE: 4.3881006, Test MAE norm: 0.3116813
Epoch: 1082, LR: 0.000010, Loss: 0.2660564, Validation MAE: 3.7040720, Test MAE: 4.3837576, Test MAE norm: 0.3113728
Epoch: 1085, LR: 0.000010, Loss: 0.2660294, Validation MAE: 3.7037790, Test MAE: 4.3838892, Test MAE norm: 0.3113821
Epoch: 1095, LR: 0.000010, Loss: 0.2660180, Validation MAE: 3.7108822, Test MAE: 4.3893509, Test MAE norm: 0.3117701
Epoch: 1096, LR: 0.000010, Loss: 0.2660038, Validation MAE: 3.7073691, Test MAE: 4.3871574, Test MAE norm: 0.3116143
Epoch: 1097, LR: 0.000010, Loss: 0.2659894, Validation MAE: 3.7056227, Test MAE: 4.3854785, Test MAE norm: 0.3114950
Epoch: 1098, LR: 0.000010, Loss: 0.2660109, Validation MAE: 3.7056153, Test MAE: 4.3858843, Test MAE norm: 0.3115239
Epoch: 1102, LR: 0.000010, Loss: 0.2659863, Validation MAE: 3.7046070, Test MAE: 4.3846889, Test MAE norm: 0.3114389
Epoch: 1109, LR: 0.000010, Loss: 0.2659727, Validation MAE: 3.7041647, Test MAE: 4.3843246, Test MAE norm: 0.3114131
Epoch: 1116, LR: 0.000010, Loss: 0.2659631, Validation MAE: 3.7031112, Test MAE: 4.3831134, Test MAE norm: 0.3113270
Epoch: 1123, LR: 0.000010, Loss: 0.2659413, Validation MAE: 3.7006490, Test MAE: 4.3792539, Test MAE norm: 0.3110529
Epoch: 1133, LR: 0.000010, Loss: 0.2659646, Validation MAE: 3.7129133, Test MAE: 4.3913898, Test MAE norm: 0.3119149
Epoch: 1135, LR: 0.000010, Loss: 0.2659374, Validation MAE: 3.7018838, Test MAE: 4.3818555, Test MAE norm: 0.3112377
Epoch: 1136, LR: 0.000010, Loss: 0.2659538, Validation MAE: 3.7014143, Test MAE: 4.3800149, Test MAE norm: 0.3111070
Epoch: 1146, LR: 0.000010, Loss: 0.2658837, Validation MAE: 3.7150302, Test MAE: 4.3927493, Test MAE norm: 0.3120115
Epoch: 1147, LR: 0.000010, Loss: 0.2659196, Validation MAE: 3.7061460, Test MAE: 4.3870587, Test MAE norm: 0.3116073
Epoch: 1148, LR: 0.000010, Loss: 0.2658671, Validation MAE: 3.7019846, Test MAE: 4.3824573, Test MAE norm: 0.3112804
Epoch: 1158, LR: 0.000010, Loss: 0.2658492, Validation MAE: 3.7121673, Test MAE: 4.3916330, Test MAE norm: 0.3119322
Epoch: 1159, LR: 0.000010, Loss: 0.2658637, Validation MAE: 3.7067266, Test MAE: 4.3878121, Test MAE norm: 0.3116608
Epoch: 1160, LR: 0.000010, Loss: 0.2658348, Validation MAE: 3.7041984, Test MAE: 4.3844457, Test MAE norm: 0.3114217
Epoch: 1163, LR: 0.000010, Loss: 0.2658421, Validation MAE: 3.7040565, Test MAE: 4.3841767, Test MAE norm: 0.3114026
Epoch: 1167, LR: 0.000010, Loss: 0.2658147, Validation MAE: 3.7031765, Test MAE: 4.3833766, Test MAE norm: 0.3113458
Epoch: 1177, LR: 0.000010, Loss: 0.2658224, Validation MAE: 3.7046385, Test MAE: 4.3847442, Test MAE norm: 0.3114429
Epoch: 1187, LR: 0.000010, Loss: 0.2657582, Validation MAE: 3.7082770, Test MAE: 4.3881130, Test MAE norm: 0.3116822
Epoch: 1189, LR: 0.000010, Loss: 0.2657677, Validation MAE: 3.7056661, Test MAE: 4.3862486, Test MAE norm: 0.3115497
Epoch: 1191, LR: 0.000010, Loss: 0.2657607, Validation MAE: 3.7048926, Test MAE: 4.3850880, Test MAE norm: 0.3114673
Epoch: 1200, LR: 0.000010, Loss: 0.2657408, Validation MAE: 3.7039621, Test MAE: 4.3843246, Test MAE norm: 0.3114131
Epoch: 1207, LR: 0.000010, Loss: 0.2657570, Validation MAE: 3.7022040, Test MAE: 4.3812623, Test MAE norm: 0.3111956
Epoch: 1211, LR: 0.000010, Loss: 0.2657169, Validation MAE: 3.7013404, Test MAE: 4.3816357, Test MAE norm: 0.3112221
Epoch: 1221, LR: 0.000010, Loss: 0.2656698, Validation MAE: 3.7063475, Test MAE: 4.3869896, Test MAE norm: 0.3116024
Epoch: 1222, LR: 0.000010, Loss: 0.2656617, Validation MAE: 3.7052536, Test MAE: 4.3861074, Test MAE norm: 0.3115397
Epoch: 1223, LR: 0.000010, Loss: 0.2656893, Validation MAE: 3.7051256, Test MAE: 4.3852472, Test MAE norm: 0.3114786
Epoch: 1226, LR: 0.000010, Loss: 0.2656657, Validation MAE: 3.7033896, Test MAE: 4.3838143, Test MAE norm: 0.3113768
Epoch: 1229, LR: 0.000010, Loss: 0.2656988, Validation MAE: 3.7023168, Test MAE: 4.3823805, Test MAE norm: 0.3112750
Epoch: 1239, LR: 0.000010, Loss: 0.2656336, Validation MAE: 3.7077122, Test MAE: 4.3882260, Test MAE norm: 0.3116902
Epoch: 1240, LR: 0.000010, Loss: 0.2656450, Validation MAE: 3.7049291, Test MAE: 4.3853459, Test MAE norm: 0.3114856
Epoch: 1244, LR: 0.000010, Loss: 0.2656254, Validation MAE: 3.7046955, Test MAE: 4.3849702, Test MAE norm: 0.3114589
Epoch: 1247, LR: 0.000010, Loss: 0.2656239, Validation MAE: 3.7032127, Test MAE: 4.3831248, Test MAE norm: 0.3113279
Epoch: 1257, LR: 0.000010, Loss: 0.2655824, Validation MAE: 3.7067795, Test MAE: 4.3872547, Test MAE norm: 0.3116212
Epoch: 1259, LR: 0.000010, Loss: 0.2655880, Validation MAE: 3.7045059, Test MAE: 4.3849044, Test MAE norm: 0.3114543
Epoch: 1262, LR: 0.000010, Loss: 0.2655759, Validation MAE: 3.7031703, Test MAE: 4.3835850, Test MAE norm: 0.3113605
Epoch: 1266, LR: 0.000010, Loss: 0.2655824, Validation MAE: 3.7020235, Test MAE: 4.3816671, Test MAE norm: 0.3112243
Epoch: 1272, LR: 0.000010, Loss: 0.2655815, Validation MAE: 3.7012146, Test MAE: 4.3794942, Test MAE norm: 0.3110700
Epoch: 1276, LR: 0.000010, Loss: 0.2656043, Validation MAE: 3.7011163, Test MAE: 4.3800111, Test MAE norm: 0.3111067
Epoch: 1282, LR: 0.000010, Loss: 0.2655590, Validation MAE: 3.7001941, Test MAE: 4.3771820, Test MAE norm: 0.3109058
Epoch: 1286, LR: 0.000010, Loss: 0.2656681, Validation MAE: 3.6999903, Test MAE: 4.3747172, Test MAE norm: 0.3107307
Epoch: 1293, LR: 0.000010, Loss: 0.2656816, Validation MAE: 3.6995623, Test MAE: 4.3768501, Test MAE norm: 0.3108822
Epoch: 1297, LR: 0.000010, Loss: 0.2657602, Validation MAE: 3.6995325, Test MAE: 4.3763185, Test MAE norm: 0.3108444
Epoch: 1298, LR: 0.000010, Loss: 0.2656226, Validation MAE: 3.6990249, Test MAE: 4.3728056, Test MAE norm: 0.3105949
Epoch: 1308, LR: 0.000010, Loss: 0.2655109, Validation MAE: 3.7152894, Test MAE: 4.3932400, Test MAE norm: 0.3120463
Epoch: 1309, LR: 0.000010, Loss: 0.2655679, Validation MAE: 3.6993365, Test MAE: 4.3769903, Test MAE norm: 0.3108921
Epoch: 1314, LR: 0.000010, Loss: 0.2656084, Validation MAE: 3.6987000, Test MAE: 4.3743496, Test MAE norm: 0.3107046
Epoch: 1324, LR: 0.000010, Loss: 0.2654873, Validation MAE: 3.7025669, Test MAE: 4.3820448, Test MAE norm: 0.3112511
Epoch: 1327, LR: 0.000010, Loss: 0.2655479, Validation MAE: 3.7009256, Test MAE: 4.3803120, Test MAE norm: 0.3111281
Epoch: 1331, LR: 0.000010, Loss: 0.2654343, Validation MAE: 3.6992426, Test MAE: 4.3759751, Test MAE norm: 0.3108200
Epoch: 1339, LR: 0.000010, Loss: 0.2654098, Validation MAE: 3.6986496, Test MAE: 4.3764243, Test MAE norm: 0.3108519
Epoch: 1349, LR: 0.000010, Loss: 0.2653806, Validation MAE: 3.7158480, Test MAE: 4.3925905, Test MAE norm: 0.3120002
Epoch: 1350, LR: 0.000010, Loss: 0.2655070, Validation MAE: 3.6995628, Test MAE: 4.3778968, Test MAE norm: 0.3109565
Epoch: 1351, LR: 0.000010, Loss: 0.2654537, Validation MAE: 3.6983922, Test MAE: 4.3762083, Test MAE norm: 0.3108366
Epoch: 1361, LR: 0.000010, Loss: 0.2653477, Validation MAE: 3.7169988, Test MAE: 4.3933825, Test MAE norm: 0.3120565
Epoch: 1362, LR: 0.000010, Loss: 0.2654878, Validation MAE: 3.6987600, Test MAE: 4.3748851, Test MAE norm: 0.3107426
Epoch: 1363, LR: 0.000010, Loss: 0.2654926, Validation MAE: 3.6986666, Test MAE: 4.3725324, Test MAE norm: 0.3105755
Epoch: 1372, LR: 0.000010, Loss: 0.2658414, Validation MAE: 3.6976063, Test MAE: 4.3721819, Test MAE norm: 0.3105506
Epoch: 1374, LR: 0.000010, Loss: 0.2661588, Validation MAE: 3.6971867, Test MAE: 4.3740225, Test MAE norm: 0.3106813
Epoch: 1383, LR: 0.000010, Loss: 0.2653173, Validation MAE: 3.6971736, Test MAE: 4.3718448, Test MAE norm: 0.3105266
Epoch: 1384, LR: 0.000010, Loss: 0.2655834, Validation MAE: 3.6971481, Test MAE: 4.3727717, Test MAE norm: 0.3105925
Epoch: 1394, LR: 0.000010, Loss: 0.2654164, Validation MAE: 3.7036834, Test MAE: 4.3832879, Test MAE norm: 0.3113394
Epoch: 1396, LR: 0.000010, Loss: 0.2654973, Validation MAE: 3.7024791, Test MAE: 4.3813171, Test MAE norm: 0.3111995
Epoch: 1397, LR: 0.000010, Loss: 0.2653000, Validation MAE: 3.6981852, Test MAE: 4.3772907, Test MAE norm: 0.3109135
Epoch: 1401, LR: 0.000010, Loss: 0.2653104, Validation MAE: 3.6980312, Test MAE: 4.3757467, Test MAE norm: 0.3108038
Epoch: 1411, LR: 0.000010, Loss: 0.2652886, Validation MAE: 3.7131970, Test MAE: 4.3906417, Test MAE norm: 0.3118618
Epoch: 1412, LR: 0.000010, Loss: 0.2653160, Validation MAE: 3.7101672, Test MAE: 4.3888135, Test MAE norm: 0.3117319
Epoch: 1413, LR: 0.000010, Loss: 0.2652874, Validation MAE: 3.6991868, Test MAE: 4.3787527, Test MAE norm: 0.3110173
Epoch: 1414, LR: 0.000010, Loss: 0.2653150, Validation MAE: 3.6991179, Test MAE: 4.3788095, Test MAE norm: 0.3110214
Epoch: 1418, LR: 0.000010, Loss: 0.2652540, Validation MAE: 3.6973476, Test MAE: 4.3755145, Test MAE norm: 0.3107873
Epoch: 1428, LR: 0.000010, Loss: 0.2651992, Validation MAE: 3.7040355, Test MAE: 4.3838019, Test MAE norm: 0.3113759
Epoch: 1431, LR: 0.000010, Loss: 0.2652099, Validation MAE: 3.6999440, Test MAE: 4.3797655, Test MAE norm: 0.3110892
Epoch: 1432, LR: 0.000010, Loss: 0.2652242, Validation MAE: 3.6993062, Test MAE: 4.3789725, Test MAE norm: 0.3110329
Epoch: 1440, LR: 0.000010, Loss: 0.2652155, Validation MAE: 3.6983211, Test MAE: 4.3777924, Test MAE norm: 0.3109491
Epoch: 1450, LR: 0.000010, Loss: 0.2651349, Validation MAE: 3.7075861, Test MAE: 4.3881788, Test MAE norm: 0.3116868
Epoch: 1451, LR: 0.000010, Loss: 0.2651501, Validation MAE: 3.7046149, Test MAE: 4.3851357, Test MAE norm: 0.3114707
Epoch: 1452, LR: 0.000010, Loss: 0.2651021, Validation MAE: 3.7022779, Test MAE: 4.3823247, Test MAE norm: 0.3112710
Epoch: 1456, LR: 0.000010, Loss: 0.2651222, Validation MAE: 3.7002370, Test MAE: 4.3791289, Test MAE norm: 0.3110440
Epoch: 1459, LR: 0.000010, Loss: 0.2651525, Validation MAE: 3.6984625, Test MAE: 4.3773422, Test MAE norm: 0.3109171
Epoch: 1463, LR: 0.000010, Loss: 0.2652140, Validation MAE: 3.6980069, Test MAE: 4.3760381, Test MAE norm: 0.3108245
Epoch: 1473, LR: 0.000010, Loss: 0.2654175, Validation MAE: 3.6971400, Test MAE: 4.3695927, Test MAE norm: 0.3103667
Epoch: 1475, LR: 0.000010, Loss: 0.2659401, Validation MAE: 3.6968849, Test MAE: 4.3719220, Test MAE norm: 0.3105322
Epoch: 1479, LR: 0.000010, Loss: 0.2652201, Validation MAE: 3.6965666, Test MAE: 4.3690281, Test MAE norm: 0.3103266
Epoch: 1480, LR: 0.000010, Loss: 0.2654332, Validation MAE: 3.6961348, Test MAE: 4.3710742, Test MAE norm: 0.3104719
Epoch: 1490, LR: 0.000010, Loss: 0.2651777, Validation MAE: 3.7013381, Test MAE: 4.3808880, Test MAE norm: 0.3111690
Epoch: 1493, LR: 0.000010, Loss: 0.2650543, Validation MAE: 3.6995161, Test MAE: 4.3789053, Test MAE norm: 0.3110282
Epoch: 1497, LR: 0.000010, Loss: 0.2650152, Validation MAE: 3.6988523, Test MAE: 4.3782783, Test MAE norm: 0.3109836
Epoch: 1507, LR: 0.000010, Loss: 0.2649887, Validation MAE: 3.7103975, Test MAE: 4.3891134, Test MAE norm: 0.3117532
Epoch: 1508, LR: 0.000010, Loss: 0.2650531, Validation MAE: 3.7010217, Test MAE: 4.3807139, Test MAE norm: 0.3111566
Epoch: 1509, LR: 0.000010, Loss: 0.2650154, Validation MAE: 3.6985226, Test MAE: 4.3779044, Test MAE norm: 0.3109571
Epoch: 1513, LR: 0.000010, Loss: 0.2649885, Validation MAE: 3.6982305, Test MAE: 4.3771367, Test MAE norm: 0.3109025
Epoch: 1521, LR: 0.000010, Loss: 0.2649713, Validation MAE: 3.6980720, Test MAE: 4.3776526, Test MAE norm: 0.3109392
Epoch: 1524, LR: 0.000010, Loss: 0.2650301, Validation MAE: 3.6980619, Test MAE: 4.3765426, Test MAE norm: 0.3108603
Epoch: 1525, LR: 0.000010, Loss: 0.2650335, Validation MAE: 3.6974971, Test MAE: 4.3760514, Test MAE norm: 0.3108254
Epoch: 1535, LR: 0.000010, Loss: 0.2650020, Validation MAE: 3.6989901, Test MAE: 4.3787465, Test MAE norm: 0.3110169
Epoch: 1538, LR: 0.000010, Loss: 0.2650607, Validation MAE: 3.6977229, Test MAE: 4.3769422, Test MAE norm: 0.3108887
Epoch: 1539, LR: 0.000010, Loss: 0.2649889, Validation MAE: 3.6967638, Test MAE: 4.3753233, Test MAE norm: 0.3107737
Epoch: 1549, LR: 0.000010, Loss: 0.2649147, Validation MAE: 3.7032454, Test MAE: 4.3834338, Test MAE norm: 0.3113498
Epoch: 1550, LR: 0.000010, Loss: 0.2649192, Validation MAE: 3.7025435, Test MAE: 4.3826013, Test MAE norm: 0.3112907
Epoch: 1551, LR: 0.000010, Loss: 0.2648927, Validation MAE: 3.7016904, Test MAE: 4.3817015, Test MAE norm: 0.3112268
Epoch: 1554, LR: 0.000010, Loss: 0.2648862, Validation MAE: 3.6993635, Test MAE: 4.3789444, Test MAE norm: 0.3110309
Epoch: 1564, LR: 0.000010, Loss: 0.2648969, Validation MAE: 3.7021780, Test MAE: 4.3825846, Test MAE norm: 0.3112895
Epoch: 1565, LR: 0.000010, Loss: 0.2648509, Validation MAE: 3.7021172, Test MAE: 4.3814754, Test MAE norm: 0.3112107
Epoch: 1566, LR: 0.000010, Loss: 0.2648828, Validation MAE: 3.7018969, Test MAE: 4.3817000, Test MAE norm: 0.3112267
Epoch: 1568, LR: 0.000010, Loss: 0.2648507, Validation MAE: 3.7016916, Test MAE: 4.3807507, Test MAE norm: 0.3111592
Epoch: 1571, LR: 0.000010, Loss: 0.2648441, Validation MAE: 3.6983402, Test MAE: 4.3781891, Test MAE norm: 0.3109773
Epoch: 1574, LR: 0.000010, Loss: 0.2648845, Validation MAE: 3.6972568, Test MAE: 4.3756719, Test MAE norm: 0.3107985
Epoch: 1578, LR: 0.000010, Loss: 0.2648507, Validation MAE: 3.6968691, Test MAE: 4.3758669, Test MAE norm: 0.3108123
Epoch: 1588, LR: 0.000010, Loss: 0.2648405, Validation MAE: 3.6998312, Test MAE: 4.3791599, Test MAE norm: 0.3110462
Epoch: 1594, LR: 0.000010, Loss: 0.2648033, Validation MAE: 3.6981466, Test MAE: 4.3776846, Test MAE norm: 0.3109415
Epoch: 1597, LR: 0.000010, Loss: 0.2647953, Validation MAE: 3.6980925, Test MAE: 4.3771958, Test MAE norm: 0.3109067
Epoch: 1606, LR: 0.000010, Loss: 0.2648046, Validation MAE: 3.6980834, Test MAE: 4.3780379, Test MAE norm: 0.3109666
Epoch: 1609, LR: 0.000010, Loss: 0.2648287, Validation MAE: 3.6977808, Test MAE: 4.3768954, Test MAE norm: 0.3108854
Epoch: 1619, LR: 0.000010, Loss: 0.2647752, Validation MAE: 3.7074928, Test MAE: 4.3857298, Test MAE norm: 0.3115129
Epoch: 1620, LR: 0.000010, Loss: 0.2648091, Validation MAE: 3.6963398, Test MAE: 4.3718071, Test MAE norm: 0.3105240
Epoch: 1625, LR: 0.000010, Loss: 0.2649133, Validation MAE: 3.6960764, Test MAE: 4.3695793, Test MAE norm: 0.3103657
Epoch: 1629, LR: 0.000010, Loss: 0.2647896, Validation MAE: 3.6952338, Test MAE: 4.3699903, Test MAE norm: 0.3103949
Epoch: 1634, LR: 0.000010, Loss: 0.2647887, Validation MAE: 3.6950400, Test MAE: 4.3701196, Test MAE norm: 0.3104041
Epoch: 1644, LR: 0.000010, Loss: 0.2647180, Validation MAE: 3.7009120, Test MAE: 4.3807983, Test MAE norm: 0.3111626
Epoch: 1645, LR: 0.000010, Loss: 0.2646910, Validation MAE: 3.6982234, Test MAE: 4.3770099, Test MAE norm: 0.3108935
Epoch: 1648, LR: 0.000010, Loss: 0.2646669, Validation MAE: 3.6967871, Test MAE: 4.3751860, Test MAE norm: 0.3107640
Epoch: 1658, LR: 0.000010, Loss: 0.2646853, Validation MAE: 3.7005711, Test MAE: 4.3793559, Test MAE norm: 0.3110602
Epoch: 1659, LR: 0.000010, Loss: 0.2646497, Validation MAE: 3.6957803, Test MAE: 4.3737440, Test MAE norm: 0.3106616
Epoch: 1666, LR: 0.000010, Loss: 0.2646602, Validation MAE: 3.6947610, Test MAE: 4.3732104, Test MAE norm: 0.3106236
Epoch: 1676, LR: 0.000010, Loss: 0.2648279, Validation MAE: 3.6976750, Test MAE: 4.3766279, Test MAE norm: 0.3108664
Epoch: 1679, LR: 0.000010, Loss: 0.2645998, Validation MAE: 3.6949658, Test MAE: 4.3705940, Test MAE norm: 0.3104378
Epoch: 1689, LR: 0.000010, Loss: 0.2646277, Validation MAE: 3.7036238, Test MAE: 4.3817306, Test MAE norm: 0.3112288
Epoch: 1690, LR: 0.000010, Loss: 0.2646340, Validation MAE: 3.7026010, Test MAE: 4.3809252, Test MAE norm: 0.3111716
Epoch: 1691, LR: 0.000010, Loss: 0.2646245, Validation MAE: 3.6967754, Test MAE: 4.3745270, Test MAE norm: 0.3107172
Epoch: 1694, LR: 0.000010, Loss: 0.2648425, Validation MAE: 3.6948869, Test MAE: 4.3729219, Test MAE norm: 0.3106032
Epoch: 1695, LR: 0.000010, Loss: 0.2646756, Validation MAE: 3.6944828, Test MAE: 4.3714066, Test MAE norm: 0.3104955
Epoch: 1698, LR: 0.000010, Loss: 0.2646636, Validation MAE: 3.6941681, Test MAE: 4.3709059, Test MAE norm: 0.3104600
Epoch: 1699, LR: 0.000010, Loss: 0.2646731, Validation MAE: 3.6934972, Test MAE: 4.3694830, Test MAE norm: 0.3103589
Epoch: 1709, LR: 0.000010, Loss: 0.2646439, Validation MAE: 3.7030957, Test MAE: 4.3822789, Test MAE norm: 0.3112678
Epoch: 1710, LR: 0.000010, Loss: 0.2645654, Validation MAE: 3.6956148, Test MAE: 4.3732729, Test MAE norm: 0.3106281
Epoch: 1714, LR: 0.000010, Loss: 0.2645159, Validation MAE: 3.6954589, Test MAE: 4.3735795, Test MAE norm: 0.3106499
Epoch: 1721, LR: 0.000010, Loss: 0.2645525, Validation MAE: 3.6954293, Test MAE: 4.3731236, Test MAE norm: 0.3106175
Epoch: 1731, LR: 0.000010, Loss: 0.2644855, Validation MAE: 3.6954293, Test MAE: 4.3746166, Test MAE norm: 0.3107235
Epoch: 1734, LR: 0.000010, Loss: 0.2644801, Validation MAE: 3.6951988, Test MAE: 4.3747835, Test MAE norm: 0.3107354
Epoch: 1738, LR: 0.000010, Loss: 0.2644421, Validation MAE: 3.6951063, Test MAE: 4.3726697, Test MAE norm: 0.3105853
Epoch: 1741, LR: 0.000010, Loss: 0.2644362, Validation MAE: 3.6946163, Test MAE: 4.3726416, Test MAE norm: 0.3105832
Epoch: 1751, LR: 0.000010, Loss: 0.2644219, Validation MAE: 3.6944423, Test MAE: 4.3734741, Test MAE norm: 0.3106424
Epoch: 1761, LR: 0.000010, Loss: 0.2644253, Validation MAE: 3.6946843, Test MAE: 4.3733511, Test MAE norm: 0.3106337
Epoch: 1764, LR: 0.000010, Loss: 0.2644138, Validation MAE: 3.6928658, Test MAE: 4.3703461, Test MAE norm: 0.3104202
Epoch: 1774, LR: 0.000010, Loss: 0.2644114, Validation MAE: 3.7021577, Test MAE: 4.3811593, Test MAE norm: 0.3111883
Epoch: 1775, LR: 0.000010, Loss: 0.2644191, Validation MAE: 3.6932089, Test MAE: 4.3713074, Test MAE norm: 0.3104885
Epoch: 1785, LR: 0.000010, Loss: 0.2643498, Validation MAE: 3.7013624, Test MAE: 4.3796120, Test MAE norm: 0.3110783
Epoch: 1786, LR: 0.000010, Loss: 0.2644064, Validation MAE: 3.6947677, Test MAE: 4.3729677, Test MAE norm: 0.3106064
Epoch: 1790, LR: 0.000010, Loss: 0.2643585, Validation MAE: 3.6939764, Test MAE: 4.3717914, Test MAE norm: 0.3105229
Epoch: 1800, LR: 0.000010, Loss: 0.2643344, Validation MAE: 3.6983111, Test MAE: 4.3772840, Test MAE norm: 0.3109130
Epoch: 1801, LR: 0.000010, Loss: 0.2643015, Validation MAE: 3.6978054, Test MAE: 4.3762207, Test MAE norm: 0.3108375
Epoch: 1802, LR: 0.000010, Loss: 0.2643201, Validation MAE: 3.6976047, Test MAE: 4.3762221, Test MAE norm: 0.3108376
Epoch: 1803, LR: 0.000010, Loss: 0.2643265, Validation MAE: 3.6973581, Test MAE: 4.3760056, Test MAE norm: 0.3108222
Epoch: 1806, LR: 0.000010, Loss: 0.2642993, Validation MAE: 3.6960135, Test MAE: 4.3746219, Test MAE norm: 0.3107239
Epoch: 1808, LR: 0.000010, Loss: 0.2643635, Validation MAE: 3.6950173, Test MAE: 4.3738046, Test MAE norm: 0.3106658
Epoch: 1810, LR: 0.000010, Loss: 0.2642998, Validation MAE: 3.6946838, Test MAE: 4.3724151, Test MAE norm: 0.3105672
Epoch: 1814, LR: 0.000010, Loss: 0.2643547, Validation MAE: 3.6942370, Test MAE: 4.3721633, Test MAE norm: 0.3105493
Epoch: 1817, LR: 0.000010, Loss: 0.2644027, Validation MAE: 3.6941996, Test MAE: 4.3717241, Test MAE norm: 0.3105181
Epoch: 1823, LR: 0.000010, Loss: 0.2644122, Validation MAE: 3.6939895, Test MAE: 4.3720088, Test MAE norm: 0.3105383
Epoch: 1827, LR: 0.000010, Loss: 0.2643269, Validation MAE: 3.6926003, Test MAE: 4.3692431, Test MAE norm: 0.3103419
Epoch: 1834, LR: 0.000010, Loss: 0.2642808, Validation MAE: 3.6917019, Test MAE: 4.3689675, Test MAE norm: 0.3103223
Epoch: 1841, LR: 0.000010, Loss: 0.2642489, Validation MAE: 3.6914389, Test MAE: 4.3689308, Test MAE norm: 0.3103197
Epoch: 1851, LR: 0.000010, Loss: 0.2642504, Validation MAE: 3.6915367, Test MAE: 4.3680711, Test MAE norm: 0.3102586
Epoch: 1852, LR: 0.000010, Loss: 0.2643103, Validation MAE: 3.6912210, Test MAE: 4.3683467, Test MAE norm: 0.3102782
Epoch: 1855, LR: 0.000010, Loss: 0.2643004, Validation MAE: 3.6911933, Test MAE: 4.3689227, Test MAE norm: 0.3103191
Epoch: 1865, LR: 0.000010, Loss: 0.2642797, Validation MAE: 3.6916583, Test MAE: 4.3669038, Test MAE norm: 0.3101757
Epoch: 1866, LR: 0.000010, Loss: 0.2643059, Validation MAE: 3.6914246, Test MAE: 4.3663411, Test MAE norm: 0.3101357
Epoch: 1876, LR: 0.000010, Loss: 0.2643383, Validation MAE: 3.6917787, Test MAE: 4.3693037, Test MAE norm: 0.3103462
Epoch: 1877, LR: 0.000010, Loss: 0.2642428, Validation MAE: 3.6911056, Test MAE: 4.3672071, Test MAE norm: 0.3101972
Epoch: 1887, LR: 0.000010, Loss: 0.2641583, Validation MAE: 3.6954513, Test MAE: 4.3736281, Test MAE norm: 0.3106533
Epoch: 1888, LR: 0.000010, Loss: 0.2641095, Validation MAE: 3.6950979, Test MAE: 4.3731170, Test MAE norm: 0.3106170
Epoch: 1889, LR: 0.000010, Loss: 0.2640969, Validation MAE: 3.6945210, Test MAE: 4.3727074, Test MAE norm: 0.3105879
Epoch: 1891, LR: 0.000010, Loss: 0.2641262, Validation MAE: 3.6917183, Test MAE: 4.3690057, Test MAE norm: 0.3103250
Epoch: 1894, LR: 0.000010, Loss: 0.2641522, Validation MAE: 3.6910212, Test MAE: 4.3659921, Test MAE norm: 0.3101110
Epoch: 1895, LR: 0.000010, Loss: 0.2642118, Validation MAE: 3.6904976, Test MAE: 4.3662114, Test MAE norm: 0.3101265
Epoch: 1905, LR: 0.000010, Loss: 0.2642074, Validation MAE: 3.7081063, Test MAE: 4.3835325, Test MAE norm: 0.3113568
Epoch: 1906, LR: 0.000010, Loss: 0.2643746, Validation MAE: 3.6933999, Test MAE: 4.3723278, Test MAE norm: 0.3105610
Epoch: 1907, LR: 0.000010, Loss: 0.2641697, Validation MAE: 3.6916449, Test MAE: 4.3662429, Test MAE norm: 0.3101287
Epoch: 1911, LR: 0.000010, Loss: 0.2642080, Validation MAE: 3.6916187, Test MAE: 4.3661389, Test MAE norm: 0.3101214
Epoch: 1918, LR: 0.000010, Loss: 0.2640926, Validation MAE: 3.6902473, Test MAE: 4.3674312, Test MAE norm: 0.3102131
Epoch: 1928, LR: 0.000010, Loss: 0.2640844, Validation MAE: 3.6933038, Test MAE: 4.3719707, Test MAE norm: 0.3105356
Epoch: 1929, LR: 0.000010, Loss: 0.2640373, Validation MAE: 3.6930199, Test MAE: 4.3718600, Test MAE norm: 0.3105277
Epoch: 1931, LR: 0.000010, Loss: 0.2640356, Validation MAE: 3.6917605, Test MAE: 4.3708477, Test MAE norm: 0.3104558
Epoch: 1934, LR: 0.000010, Loss: 0.2640646, Validation MAE: 3.6902158, Test MAE: 4.3680005, Test MAE norm: 0.3102536
Epoch: 1944, LR: 0.000010, Loss: 0.2639988, Validation MAE: 3.6981685, Test MAE: 4.3766661, Test MAE norm: 0.3108691
Epoch: 1945, LR: 0.000010, Loss: 0.2640603, Validation MAE: 3.6899514, Test MAE: 4.3655643, Test MAE norm: 0.3100806
Epoch: 1951, LR: 0.000010, Loss: 0.2640808, Validation MAE: 3.6897709, Test MAE: 4.3650031, Test MAE norm: 0.3100407
Epoch: 1961, LR: 0.000010, Loss: 0.2640560, Validation MAE: 3.6895394, Test MAE: 4.3654490, Test MAE norm: 0.3100724
Epoch: 1964, LR: 0.000010, Loss: 0.2639582, Validation MAE: 3.6893070, Test MAE: 4.3614745, Test MAE norm: 0.3097901
Epoch: 1965, LR: 0.000010, Loss: 0.2641168, Validation MAE: 3.6887465, Test MAE: 4.3634963, Test MAE norm: 0.3099337
Epoch: 1975, LR: 0.000010, Loss: 0.2639583, Validation MAE: 3.7001128, Test MAE: 4.3785295, Test MAE norm: 0.3110014
Epoch: 1976, LR: 0.000010, Loss: 0.2641152, Validation MAE: 3.6898544, Test MAE: 4.3676867, Test MAE norm: 0.3102313
Epoch: 1977, LR: 0.000010, Loss: 0.2640367, Validation MAE: 3.6888840, Test MAE: 4.3629990, Test MAE norm: 0.3098983
Epoch: 1981, LR: 0.000010, Loss: 0.2639410, Validation MAE: 3.6888461, Test MAE: 4.3631358, Test MAE norm: 0.3099081
Epoch: 1991, LR: 0.000010, Loss: 0.2639142, Validation MAE: 3.6930547, Test MAE: 4.3709302, Test MAE norm: 0.3104617
Epoch: 1993, LR: 0.000010, Loss: 0.2639059, Validation MAE: 3.6905456, Test MAE: 4.3677168, Test MAE norm: 0.3102334
Epoch: 1996, LR: 0.000010, Loss: 0.2639548, Validation MAE: 3.6888521, Test MAE: 4.3637819, Test MAE norm: 0.3099540
Epoch: 2000, LR: 0.000010, Loss: 0.2639406, Validation MAE: 3.6887808, Test MAE: 4.3632069, Test MAE norm: 0.3099131
Epoch: 2000, LR: 0.000010, Loss: 0.2639406, Validation MAE: 3.6887808, Test MAE: 4.3632069, Test MAE norm: 0.3099131