Command line input: python run_count.py --batch_size 256 --target 0 --model I2GNN --h 3 --seed 1 --epoch 2000 --dataset easy-1
Mean = 7.924, Std = 12.519
Using I2GNN model

Epoch: 001, LR: 0.001000, Loss: 0.5627117, Validation MAE: 5.9600134, Test MAE: 6.6313477, Test MAE norm: 0.5296857
Epoch: 002, LR: 0.001000, Loss: 0.4995293, Validation MAE: 5.4100242, Test MAE: 5.8598576, Test MAE norm: 0.4680621
Epoch: 004, LR: 0.001000, Loss: 0.4913820, Validation MAE: 4.7934718, Test MAE: 5.4607067, Test MAE norm: 0.4361795
Epoch: 005, LR: 0.001000, Loss: 0.4236446, Validation MAE: 4.5453639, Test MAE: 4.7918158, Test MAE norm: 0.3827512
Epoch: 006, LR: 0.001000, Loss: 0.4167330, Validation MAE: 4.3277192, Test MAE: 4.6702056, Test MAE norm: 0.3730375
Epoch: 007, LR: 0.001000, Loss: 0.4010188, Validation MAE: 4.1760383, Test MAE: 4.9293361, Test MAE norm: 0.3937358
Epoch: 008, LR: 0.001000, Loss: 0.3885374, Validation MAE: 3.8716707, Test MAE: 4.5297666, Test MAE norm: 0.3618197
Epoch: 015, LR: 0.001000, Loss: 0.3561121, Validation MAE: 3.7077610, Test MAE: 4.3024821, Test MAE norm: 0.3436652
Epoch: 016, LR: 0.001000, Loss: 0.3445945, Validation MAE: 3.5592139, Test MAE: 4.0526929, Test MAE norm: 0.3237130
Epoch: 017, LR: 0.001000, Loss: 0.3383597, Validation MAE: 3.4415295, Test MAE: 3.9219999, Test MAE norm: 0.3132738
Epoch: 018, LR: 0.001000, Loss: 0.3325576, Validation MAE: 3.3544102, Test MAE: 3.9314826, Test MAE norm: 0.3140312
Epoch: 019, LR: 0.001000, Loss: 0.3233253, Validation MAE: 3.2791846, Test MAE: 3.8836653, Test MAE norm: 0.3102117
Epoch: 020, LR: 0.001000, Loss: 0.3177988, Validation MAE: 3.2042630, Test MAE: 3.5673029, Test MAE norm: 0.2849420
Epoch: 021, LR: 0.001000, Loss: 0.3181696, Validation MAE: 3.2026954, Test MAE: 3.9031820, Test MAE norm: 0.3117706
Epoch: 022, LR: 0.001000, Loss: 0.3097669, Validation MAE: 3.0383024, Test MAE: 3.7445140, Test MAE norm: 0.2990969
Epoch: 026, LR: 0.001000, Loss: 0.3131029, Validation MAE: 2.8691354, Test MAE: 3.5782452, Test MAE norm: 0.2858160
Epoch: 030, LR: 0.001000, Loss: 0.3134219, Validation MAE: 2.7919433, Test MAE: 3.5896904, Test MAE norm: 0.2867302
Epoch: 032, LR: 0.001000, Loss: 0.3165287, Validation MAE: 2.6651709, Test MAE: 3.6563561, Test MAE norm: 0.2920552
Epoch: 034, LR: 0.001000, Loss: 0.3014998, Validation MAE: 2.4829383, Test MAE: 3.5314403, Test MAE norm: 0.2820774
Epoch: 044, LR: 0.001000, Loss: 0.3099143, Validation MAE: 3.0442913, Test MAE: 3.7324622, Test MAE norm: 0.2981342
Epoch: 048, LR: 0.000900, Loss: 0.2930220, Validation MAE: 2.9391606, Test MAE: 3.5409884, Test MAE norm: 0.2828401
Epoch: 050, LR: 0.000900, Loss: 0.2966094, Validation MAE: 2.8851519, Test MAE: 3.5616665, Test MAE norm: 0.2844917
Epoch: 053, LR: 0.000900, Loss: 0.2813025, Validation MAE: 2.6994002, Test MAE: 3.4100621, Test MAE norm: 0.2723822
Epoch: 054, LR: 0.000900, Loss: 0.2741268, Validation MAE: 2.6120620, Test MAE: 3.4452369, Test MAE norm: 0.2751918
Epoch: 056, LR: 0.000900, Loss: 0.2695195, Validation MAE: 2.6003153, Test MAE: 3.3774197, Test MAE norm: 0.2697749
Epoch: 057, LR: 0.000810, Loss: 0.2636793, Validation MAE: 2.4678555, Test MAE: 3.4338119, Test MAE norm: 0.2742792
Epoch: 058, LR: 0.000810, Loss: 0.2563585, Validation MAE: 2.3964138, Test MAE: 3.2873306, Test MAE norm: 0.2625789
Epoch: 068, LR: 0.000810, Loss: 0.2837295, Validation MAE: 3.1553049, Test MAE: 4.1324553, Test MAE norm: 0.3300841
Epoch: 069, LR: 0.000810, Loss: 0.2927337, Validation MAE: 2.7727242, Test MAE: 3.6853328, Test MAE norm: 0.2943697
Epoch: 070, LR: 0.000729, Loss: 0.2677320, Validation MAE: 2.7640717, Test MAE: 3.5321562, Test MAE norm: 0.2821346
Epoch: 073, LR: 0.000729, Loss: 0.2732708, Validation MAE: 2.6462836, Test MAE: 3.5461414, Test MAE norm: 0.2832517
Epoch: 076, LR: 0.000729, Loss: 0.2653577, Validation MAE: 2.4825912, Test MAE: 3.4647105, Test MAE norm: 0.2767473
Epoch: 078, LR: 0.000729, Loss: 0.2538434, Validation MAE: 2.4745750, Test MAE: 3.3062780, Test MAE norm: 0.2640923
Epoch: 082, LR: 0.000656, Loss: 0.2452960, Validation MAE: 2.4032104, Test MAE: 3.1413593, Test MAE norm: 0.2509193
Epoch: 083, LR: 0.000656, Loss: 0.2378358, Validation MAE: 2.3539650, Test MAE: 3.1705914, Test MAE norm: 0.2532542
Epoch: 086, LR: 0.000656, Loss: 0.2424114, Validation MAE: 2.3287230, Test MAE: 3.1364675, Test MAE norm: 0.2505285
Epoch: 089, LR: 0.000656, Loss: 0.2346504, Validation MAE: 2.2203584, Test MAE: 3.0353024, Test MAE norm: 0.2424479
Epoch: 099, LR: 0.000656, Loss: 0.2242762, Validation MAE: 2.2019694, Test MAE: 2.9495337, Test MAE norm: 0.2355970
Epoch: 104, LR: 0.000656, Loss: 0.2296594, Validation MAE: 2.1655447, Test MAE: 2.8894997, Test MAE norm: 0.2308017
Epoch: 107, LR: 0.000656, Loss: 0.2141377, Validation MAE: 2.1408076, Test MAE: 2.8806934, Test MAE norm: 0.2300983
Epoch: 117, LR: 0.000656, Loss: 0.2183517, Validation MAE: 2.4209335, Test MAE: 3.1584878, Test MAE norm: 0.2522874
Epoch: 120, LR: 0.000590, Loss: 0.2357159, Validation MAE: 2.2301342, Test MAE: 2.9316983, Test MAE norm: 0.2341724
Epoch: 122, LR: 0.000590, Loss: 0.2399571, Validation MAE: 2.1632771, Test MAE: 2.9600527, Test MAE norm: 0.2364372
Epoch: 125, LR: 0.000590, Loss: 0.2228789, Validation MAE: 2.1622705, Test MAE: 2.9402449, Test MAE norm: 0.2348551
Epoch: 129, LR: 0.000590, Loss: 0.2177625, Validation MAE: 2.1123707, Test MAE: 2.8575978, Test MAE norm: 0.2282535
Epoch: 130, LR: 0.000590, Loss: 0.2125310, Validation MAE: 2.0643978, Test MAE: 2.8002682, Test MAE norm: 0.2236743
Epoch: 136, LR: 0.000590, Loss: 0.2130695, Validation MAE: 2.0464017, Test MAE: 2.7838547, Test MAE norm: 0.2223632
Epoch: 137, LR: 0.000590, Loss: 0.2052173, Validation MAE: 2.0033438, Test MAE: 2.7086277, Test MAE norm: 0.2163544
Epoch: 147, LR: 0.000590, Loss: 0.2079841, Validation MAE: 2.0734231, Test MAE: 2.7561417, Test MAE norm: 0.2201496
Epoch: 148, LR: 0.000590, Loss: 0.2105560, Validation MAE: 2.0428822, Test MAE: 2.6299272, Test MAE norm: 0.2100681
Epoch: 151, LR: 0.000531, Loss: 0.2071983, Validation MAE: 2.0368414, Test MAE: 2.6089244, Test MAE norm: 0.2083905
Epoch: 152, LR: 0.000531, Loss: 0.1995058, Validation MAE: 2.0006061, Test MAE: 2.6037724, Test MAE norm: 0.2079790
Epoch: 153, LR: 0.000531, Loss: 0.1987346, Validation MAE: 1.9649413, Test MAE: 2.6616919, Test MAE norm: 0.2126054
Epoch: 157, LR: 0.000531, Loss: 0.1984237, Validation MAE: 1.9575417, Test MAE: 2.6476710, Test MAE norm: 0.2114854
Epoch: 167, LR: 0.000531, Loss: 0.2038028, Validation MAE: 2.1588354, Test MAE: 2.6568911, Test MAE norm: 0.2122219
Epoch: 168, LR: 0.000531, Loss: 0.2046605, Validation MAE: 2.0103474, Test MAE: 2.6107357, Test MAE norm: 0.2085352
Epoch: 170, LR: 0.000478, Loss: 0.2164647, Validation MAE: 1.9921288, Test MAE: 2.5850725, Test MAE norm: 0.2064853
Epoch: 173, LR: 0.000478, Loss: 0.2066631, Validation MAE: 1.9517955, Test MAE: 2.5557954, Test MAE norm: 0.2041468
Epoch: 177, LR: 0.000478, Loss: 0.1960080, Validation MAE: 1.9053421, Test MAE: 2.5536904, Test MAE norm: 0.2039786
Epoch: 187, LR: 0.000478, Loss: 0.1974571, Validation MAE: 2.3450532, Test MAE: 2.7380397, Test MAE norm: 0.2187037
Epoch: 188, LR: 0.000478, Loss: 0.2139828, Validation MAE: 1.9397326, Test MAE: 2.5454917, Test MAE norm: 0.2033238
Epoch: 198, LR: 0.000430, Loss: 0.1912808, Validation MAE: 1.9266135, Test MAE: 2.5181761, Test MAE norm: 0.2011419
Epoch: 200, LR: 0.000387, Loss: 0.1924948, Validation MAE: 1.8993158, Test MAE: 2.5210187, Test MAE norm: 0.2013689
Epoch: 210, LR: 0.000387, Loss: 0.1917325, Validation MAE: 1.9925320, Test MAE: 2.5325270, Test MAE norm: 0.2022882
Epoch: 211, LR: 0.000387, Loss: 0.1911179, Validation MAE: 1.9314896, Test MAE: 2.5269196, Test MAE norm: 0.2018403
Epoch: 213, LR: 0.000349, Loss: 0.1890816, Validation MAE: 1.8909351, Test MAE: 2.5101697, Test MAE norm: 0.2005024
Epoch: 215, LR: 0.000349, Loss: 0.1882474, Validation MAE: 1.8837112, Test MAE: 2.5138116, Test MAE norm: 0.2007933
Epoch: 225, LR: 0.000349, Loss: 0.1880445, Validation MAE: 2.0533056, Test MAE: 2.6265349, Test MAE norm: 0.2097972
Epoch: 226, LR: 0.000349, Loss: 0.2036455, Validation MAE: 1.9138258, Test MAE: 2.5109663, Test MAE norm: 0.2005660
Epoch: 230, LR: 0.000314, Loss: 0.1998286, Validation MAE: 1.8930118, Test MAE: 2.5149689, Test MAE norm: 0.2008857
Epoch: 240, LR: 0.000282, Loss: 0.1879586, Validation MAE: 1.9964732, Test MAE: 2.5340950, Test MAE norm: 0.2024134
Epoch: 241, LR: 0.000282, Loss: 0.1911864, Validation MAE: 1.9128211, Test MAE: 2.5024459, Test MAE norm: 0.1998854
Epoch: 242, LR: 0.000282, Loss: 0.1870431, Validation MAE: 1.8918899, Test MAE: 2.4951763, Test MAE norm: 0.1993048
Epoch: 245, LR: 0.000282, Loss: 0.1869324, Validation MAE: 1.8728623, Test MAE: 2.4671013, Test MAE norm: 0.1970622
Epoch: 248, LR: 0.000282, Loss: 0.1863162, Validation MAE: 1.8569496, Test MAE: 2.4658947, Test MAE norm: 0.1969659
Epoch: 258, LR: 0.000282, Loss: 0.1873618, Validation MAE: 1.9587322, Test MAE: 2.5093002, Test MAE norm: 0.2004329
Epoch: 259, LR: 0.000282, Loss: 0.1902233, Validation MAE: 1.8994935, Test MAE: 2.5093989, Test MAE norm: 0.2004408
Epoch: 261, LR: 0.000254, Loss: 0.1870205, Validation MAE: 1.8626655, Test MAE: 2.4764614, Test MAE norm: 0.1978099
Epoch: 265, LR: 0.000254, Loss: 0.1851472, Validation MAE: 1.8574067, Test MAE: 2.4675107, Test MAE norm: 0.1970949
Epoch: 267, LR: 0.000254, Loss: 0.1849621, Validation MAE: 1.8572454, Test MAE: 2.4664164, Test MAE norm: 0.1970075
Epoch: 268, LR: 0.000254, Loss: 0.1840564, Validation MAE: 1.8506083, Test MAE: 2.4656570, Test MAE norm: 0.1969469
Epoch: 278, LR: 0.000254, Loss: 0.1834275, Validation MAE: 1.9266706, Test MAE: 2.4933748, Test MAE norm: 0.1991609
Epoch: 279, LR: 0.000254, Loss: 0.1860380, Validation MAE: 1.8929725, Test MAE: 2.4791772, Test MAE norm: 0.1980268
Epoch: 281, LR: 0.000229, Loss: 0.1843558, Validation MAE: 1.8773271, Test MAE: 2.4680285, Test MAE norm: 0.1971363
Epoch: 282, LR: 0.000229, Loss: 0.1834360, Validation MAE: 1.8474219, Test MAE: 2.4628878, Test MAE norm: 0.1967257
Epoch: 283, LR: 0.000229, Loss: 0.1834183, Validation MAE: 1.8414413, Test MAE: 2.4607759, Test MAE norm: 0.1965570
Epoch: 285, LR: 0.000229, Loss: 0.1831315, Validation MAE: 1.8336085, Test MAE: 2.4577281, Test MAE norm: 0.1963135
Epoch: 286, LR: 0.000229, Loss: 0.1828866, Validation MAE: 1.8279488, Test MAE: 2.4567204, Test MAE norm: 0.1962330
Epoch: 296, LR: 0.000229, Loss: 0.1910204, Validation MAE: 1.8974121, Test MAE: 2.4848096, Test MAE norm: 0.1984767
Epoch: 298, LR: 0.000206, Loss: 0.1966649, Validation MAE: 1.8600515, Test MAE: 2.4698308, Test MAE norm: 0.1972803
Epoch: 308, LR: 0.000206, Loss: 0.1850537, Validation MAE: 1.9711063, Test MAE: 2.5006609, Test MAE norm: 0.1997428
Epoch: 309, LR: 0.000185, Loss: 0.1892356, Validation MAE: 1.8643128, Test MAE: 2.4591160, Test MAE norm: 0.1964244
Epoch: 311, LR: 0.000185, Loss: 0.1875585, Validation MAE: 1.8440387, Test MAE: 2.4465241, Test MAE norm: 0.1954186
Epoch: 315, LR: 0.000185, Loss: 0.1877107, Validation MAE: 1.8354050, Test MAE: 2.4413903, Test MAE norm: 0.1950085
Epoch: 325, LR: 0.000167, Loss: 0.1819107, Validation MAE: 1.9173864, Test MAE: 2.4839714, Test MAE norm: 0.1984098
Epoch: 326, LR: 0.000167, Loss: 0.1860528, Validation MAE: 1.8428652, Test MAE: 2.4503469, Test MAE norm: 0.1957240
Epoch: 328, LR: 0.000167, Loss: 0.1850463, Validation MAE: 1.8250883, Test MAE: 2.4462767, Test MAE norm: 0.1953989
Epoch: 330, LR: 0.000167, Loss: 0.1851867, Validation MAE: 1.8181516, Test MAE: 2.4479809, Test MAE norm: 0.1955350
Epoch: 340, LR: 0.000167, Loss: 0.1809974, Validation MAE: 1.8892746, Test MAE: 2.4659100, Test MAE norm: 0.1969671
Epoch: 341, LR: 0.000167, Loss: 0.1848227, Validation MAE: 1.8190105, Test MAE: 2.4490921, Test MAE norm: 0.1956237
Epoch: 351, LR: 0.000150, Loss: 0.1830427, Validation MAE: 1.8468001, Test MAE: 2.4551914, Test MAE norm: 0.1961109
Epoch: 353, LR: 0.000135, Loss: 0.1836508, Validation MAE: 1.8260070, Test MAE: 2.4494994, Test MAE norm: 0.1956563
Epoch: 357, LR: 0.000135, Loss: 0.1821747, Validation MAE: 1.8203110, Test MAE: 2.4378738, Test MAE norm: 0.1947277
Epoch: 367, LR: 0.000122, Loss: 0.1837772, Validation MAE: 1.8396603, Test MAE: 2.4496942, Test MAE norm: 0.1956718
Epoch: 369, LR: 0.000122, Loss: 0.1857347, Validation MAE: 1.8168230, Test MAE: 2.4439914, Test MAE norm: 0.1952163
Epoch: 371, LR: 0.000122, Loss: 0.1859442, Validation MAE: 1.8140301, Test MAE: 2.4422669, Test MAE norm: 0.1950786
Epoch: 378, LR: 0.000122, Loss: 0.1814525, Validation MAE: 1.8035982, Test MAE: 2.4358664, Test MAE norm: 0.1945673
Epoch: 388, LR: 0.000122, Loss: 0.1837367, Validation MAE: 1.8218586, Test MAE: 2.4412038, Test MAE norm: 0.1949936
Epoch: 390, LR: 0.000109, Loss: 0.1845082, Validation MAE: 1.8178636, Test MAE: 2.4412150, Test MAE norm: 0.1949946
Epoch: 392, LR: 0.000109, Loss: 0.1826279, Validation MAE: 1.8111188, Test MAE: 2.4380443, Test MAE norm: 0.1947413
Epoch: 395, LR: 0.000109, Loss: 0.1806523, Validation MAE: 1.8108094, Test MAE: 2.4277353, Test MAE norm: 0.1939178
Epoch: 397, LR: 0.000109, Loss: 0.1807412, Validation MAE: 1.8100119, Test MAE: 2.4274356, Test MAE norm: 0.1938939
Epoch: 399, LR: 0.000109, Loss: 0.1812326, Validation MAE: 1.8016065, Test MAE: 2.4259577, Test MAE norm: 0.1937758
Epoch: 401, LR: 0.000109, Loss: 0.1811175, Validation MAE: 1.7974859, Test MAE: 2.4308648, Test MAE norm: 0.1941678
Epoch: 403, LR: 0.000109, Loss: 0.1811907, Validation MAE: 1.7940351, Test MAE: 2.4355130, Test MAE norm: 0.1945391
Epoch: 413, LR: 0.000109, Loss: 0.1788874, Validation MAE: 1.8091910, Test MAE: 2.4249945, Test MAE norm: 0.1936989
Epoch: 414, LR: 0.000109, Loss: 0.1797126, Validation MAE: 1.8075876, Test MAE: 2.4309654, Test MAE norm: 0.1941759
Epoch: 416, LR: 0.000098, Loss: 0.1800380, Validation MAE: 1.7957926, Test MAE: 2.4293656, Test MAE norm: 0.1940481
Epoch: 418, LR: 0.000098, Loss: 0.1795895, Validation MAE: 1.7945955, Test MAE: 2.4302335, Test MAE norm: 0.1941174
Epoch: 420, LR: 0.000098, Loss: 0.1793644, Validation MAE: 1.7914325, Test MAE: 2.4248714, Test MAE norm: 0.1936891
Epoch: 422, LR: 0.000098, Loss: 0.1791997, Validation MAE: 1.7896451, Test MAE: 2.4214220, Test MAE norm: 0.1934136
Epoch: 424, LR: 0.000098, Loss: 0.1791758, Validation MAE: 1.7886937, Test MAE: 2.4171963, Test MAE norm: 0.1930760
Epoch: 426, LR: 0.000098, Loss: 0.1788999, Validation MAE: 1.7839643, Test MAE: 2.4189878, Test MAE norm: 0.1932191
Epoch: 428, LR: 0.000098, Loss: 0.1785054, Validation MAE: 1.7829533, Test MAE: 2.4208579, Test MAE norm: 0.1933685
Epoch: 430, LR: 0.000098, Loss: 0.1785706, Validation MAE: 1.7810761, Test MAE: 2.4227138, Test MAE norm: 0.1935167
Epoch: 432, LR: 0.000098, Loss: 0.1780248, Validation MAE: 1.7796124, Test MAE: 2.4198699, Test MAE norm: 0.1932896
Epoch: 433, LR: 0.000098, Loss: 0.1778473, Validation MAE: 1.7793328, Test MAE: 2.4203935, Test MAE norm: 0.1933314
Epoch: 435, LR: 0.000098, Loss: 0.1779630, Validation MAE: 1.7768825, Test MAE: 2.4183042, Test MAE norm: 0.1931645
Epoch: 436, LR: 0.000098, Loss: 0.1778695, Validation MAE: 1.7731589, Test MAE: 2.4162130, Test MAE norm: 0.1929975
Epoch: 437, LR: 0.000098, Loss: 0.1776614, Validation MAE: 1.7723361, Test MAE: 2.4154189, Test MAE norm: 0.1929341
Epoch: 447, LR: 0.000098, Loss: 0.1784450, Validation MAE: 1.7868537, Test MAE: 2.4136047, Test MAE norm: 0.1927892
Epoch: 448, LR: 0.000098, Loss: 0.1783911, Validation MAE: 1.7763264, Test MAE: 2.4165831, Test MAE norm: 0.1930270
Epoch: 452, LR: 0.000089, Loss: 0.1776236, Validation MAE: 1.7715070, Test MAE: 2.4111063, Test MAE norm: 0.1925896
Epoch: 455, LR: 0.000089, Loss: 0.1777106, Validation MAE: 1.7691087, Test MAE: 2.4093089, Test MAE norm: 0.1924460
Epoch: 465, LR: 0.000089, Loss: 0.1773359, Validation MAE: 1.7730370, Test MAE: 2.4118946, Test MAE norm: 0.1926525
Epoch: 467, LR: 0.000080, Loss: 0.1770225, Validation MAE: 1.7678286, Test MAE: 2.4092133, Test MAE norm: 0.1924384
Epoch: 469, LR: 0.000080, Loss: 0.1769124, Validation MAE: 1.7673129, Test MAE: 2.4091957, Test MAE norm: 0.1924370
Epoch: 471, LR: 0.000080, Loss: 0.1767838, Validation MAE: 1.7671936, Test MAE: 2.4078412, Test MAE norm: 0.1923288
Epoch: 472, LR: 0.000080, Loss: 0.1768193, Validation MAE: 1.7637401, Test MAE: 2.4091830, Test MAE norm: 0.1924360
Epoch: 482, LR: 0.000080, Loss: 0.1768562, Validation MAE: 1.7867539, Test MAE: 2.4116433, Test MAE norm: 0.1926325
Epoch: 484, LR: 0.000072, Loss: 0.1778157, Validation MAE: 1.7674592, Test MAE: 2.4089417, Test MAE norm: 0.1924167
Epoch: 491, LR: 0.000072, Loss: 0.1798292, Validation MAE: 1.7614305, Test MAE: 2.4064996, Test MAE norm: 0.1922216
Epoch: 501, LR: 0.000072, Loss: 0.1770821, Validation MAE: 1.7997134, Test MAE: 2.4154148, Test MAE norm: 0.1929337
Epoch: 502, LR: 0.000072, Loss: 0.1776137, Validation MAE: 1.7687149, Test MAE: 2.4057667, Test MAE norm: 0.1921631
Epoch: 504, LR: 0.000065, Loss: 0.1768216, Validation MAE: 1.7602011, Test MAE: 2.4036250, Test MAE norm: 0.1919920
Epoch: 506, LR: 0.000065, Loss: 0.1766531, Validation MAE: 1.7575411, Test MAE: 2.4025009, Test MAE norm: 0.1919022
Epoch: 516, LR: 0.000065, Loss: 0.1758796, Validation MAE: 1.7612468, Test MAE: 2.4058840, Test MAE norm: 0.1921725
Epoch: 517, LR: 0.000065, Loss: 0.1757715, Validation MAE: 1.7588391, Test MAE: 2.4046340, Test MAE norm: 0.1920726
Epoch: 520, LR: 0.000058, Loss: 0.1768348, Validation MAE: 1.7564814, Test MAE: 2.4017248, Test MAE norm: 0.1918402
Epoch: 530, LR: 0.000058, Loss: 0.1758298, Validation MAE: 1.7904588, Test MAE: 2.4071071, Test MAE norm: 0.1922701
Epoch: 531, LR: 0.000058, Loss: 0.1773794, Validation MAE: 1.7619143, Test MAE: 2.4037278, Test MAE norm: 0.1920002
Epoch: 541, LR: 0.000052, Loss: 0.1759746, Validation MAE: 1.7787697, Test MAE: 2.4020116, Test MAE norm: 0.1918631
Epoch: 542, LR: 0.000052, Loss: 0.1777171, Validation MAE: 1.7710266, Test MAE: 2.4007394, Test MAE norm: 0.1917615
Epoch: 545, LR: 0.000047, Loss: 0.1774797, Validation MAE: 1.7572165, Test MAE: 2.4002316, Test MAE norm: 0.1917209
Epoch: 547, LR: 0.000047, Loss: 0.1772727, Validation MAE: 1.7536635, Test MAE: 2.3993855, Test MAE norm: 0.1916534
Epoch: 557, LR: 0.000047, Loss: 0.1753465, Validation MAE: 1.7697350, Test MAE: 2.4046078, Test MAE norm: 0.1920705
Epoch: 558, LR: 0.000047, Loss: 0.1759218, Validation MAE: 1.7535158, Test MAE: 2.4005113, Test MAE norm: 0.1917433
Epoch: 560, LR: 0.000042, Loss: 0.1756063, Validation MAE: 1.7519830, Test MAE: 2.3997626, Test MAE norm: 0.1916835
Epoch: 564, LR: 0.000042, Loss: 0.1759260, Validation MAE: 1.7508295, Test MAE: 2.3985345, Test MAE norm: 0.1915854
Epoch: 574, LR: 0.000042, Loss: 0.1757484, Validation MAE: 1.7738665, Test MAE: 2.4027209, Test MAE norm: 0.1919198
Epoch: 575, LR: 0.000042, Loss: 0.1759258, Validation MAE: 1.7623403, Test MAE: 2.3974319, Test MAE norm: 0.1914973
Epoch: 577, LR: 0.000038, Loss: 0.1761757, Validation MAE: 1.7610028, Test MAE: 2.4004824, Test MAE norm: 0.1917410
Epoch: 579, LR: 0.000038, Loss: 0.1763246, Validation MAE: 1.7604069, Test MAE: 2.4000435, Test MAE norm: 0.1917059
Epoch: 581, LR: 0.000038, Loss: 0.1762581, Validation MAE: 1.7565430, Test MAE: 2.3969452, Test MAE norm: 0.1914584
Epoch: 584, LR: 0.000038, Loss: 0.1766555, Validation MAE: 1.7544726, Test MAE: 2.3976877, Test MAE norm: 0.1915178
Epoch: 594, LR: 0.000034, Loss: 0.1753969, Validation MAE: 1.7498564, Test MAE: 2.3967211, Test MAE norm: 0.1914406
Epoch: 604, LR: 0.000034, Loss: 0.1754135, Validation MAE: 1.7514247, Test MAE: 2.3969879, Test MAE norm: 0.1914619
Epoch: 614, LR: 0.000031, Loss: 0.1748677, Validation MAE: 1.7635080, Test MAE: 2.3990028, Test MAE norm: 0.1916228
Epoch: 615, LR: 0.000031, Loss: 0.1753653, Validation MAE: 1.7509395, Test MAE: 2.3969858, Test MAE norm: 0.1914617
Epoch: 616, LR: 0.000031, Loss: 0.1748065, Validation MAE: 1.7491010, Test MAE: 2.3948832, Test MAE norm: 0.1912937
Epoch: 617, LR: 0.000031, Loss: 0.1749738, Validation MAE: 1.7479988, Test MAE: 2.3942373, Test MAE norm: 0.1912421
Epoch: 619, LR: 0.000031, Loss: 0.1749797, Validation MAE: 1.7463995, Test MAE: 2.3941071, Test MAE norm: 0.1912318
Epoch: 620, LR: 0.000031, Loss: 0.1747033, Validation MAE: 1.7457606, Test MAE: 2.3931723, Test MAE norm: 0.1911571
Epoch: 621, LR: 0.000031, Loss: 0.1748659, Validation MAE: 1.7454511, Test MAE: 2.3937047, Test MAE norm: 0.1911996
Epoch: 631, LR: 0.000031, Loss: 0.1753124, Validation MAE: 1.7473840, Test MAE: 2.3957913, Test MAE norm: 0.1913663
Epoch: 641, LR: 0.000028, Loss: 0.1747736, Validation MAE: 1.7488540, Test MAE: 2.3958075, Test MAE norm: 0.1913676
Epoch: 643, LR: 0.000028, Loss: 0.1746034, Validation MAE: 1.7478108, Test MAE: 2.3939085, Test MAE norm: 0.1912159
Epoch: 644, LR: 0.000025, Loss: 0.1745479, Validation MAE: 1.7451160, Test MAE: 2.3927166, Test MAE norm: 0.1911207
Epoch: 645, LR: 0.000025, Loss: 0.1745781, Validation MAE: 1.7437025, Test MAE: 2.3921139, Test MAE norm: 0.1910725
Epoch: 647, LR: 0.000025, Loss: 0.1745705, Validation MAE: 1.7425174, Test MAE: 2.3917174, Test MAE norm: 0.1910409
Epoch: 657, LR: 0.000025, Loss: 0.1746416, Validation MAE: 1.7462420, Test MAE: 2.3964880, Test MAE norm: 0.1914219
Epoch: 667, LR: 0.000023, Loss: 0.1744192, Validation MAE: 1.7487435, Test MAE: 2.3945835, Test MAE norm: 0.1912698
Epoch: 668, LR: 0.000023, Loss: 0.1753200, Validation MAE: 1.7486233, Test MAE: 2.3939135, Test MAE norm: 0.1912163
Epoch: 669, LR: 0.000023, Loss: 0.1752882, Validation MAE: 1.7449234, Test MAE: 2.3926418, Test MAE norm: 0.1911147
Epoch: 679, LR: 0.000020, Loss: 0.1745993, Validation MAE: 1.7494301, Test MAE: 2.3957732, Test MAE norm: 0.1913648
Epoch: 680, LR: 0.000020, Loss: 0.1744797, Validation MAE: 1.7468975, Test MAE: 2.3956208, Test MAE norm: 0.1913527
Epoch: 681, LR: 0.000018, Loss: 0.1743605, Validation MAE: 1.7458050, Test MAE: 2.3951256, Test MAE norm: 0.1913131
Epoch: 682, LR: 0.000018, Loss: 0.1744445, Validation MAE: 1.7456506, Test MAE: 2.3959622, Test MAE norm: 0.1913799
Epoch: 685, LR: 0.000018, Loss: 0.1744445, Validation MAE: 1.7455733, Test MAE: 2.3953075, Test MAE norm: 0.1913276
Epoch: 690, LR: 0.000018, Loss: 0.1745610, Validation MAE: 1.7440857, Test MAE: 2.3940256, Test MAE norm: 0.1912252
Epoch: 693, LR: 0.000016, Loss: 0.1747708, Validation MAE: 1.7429365, Test MAE: 2.3933811, Test MAE norm: 0.1911738
Epoch: 695, LR: 0.000016, Loss: 0.1746196, Validation MAE: 1.7427387, Test MAE: 2.3935280, Test MAE norm: 0.1911855
Epoch: 705, LR: 0.000015, Loss: 0.1743972, Validation MAE: 1.7464014, Test MAE: 2.3938522, Test MAE norm: 0.1912114
Epoch: 706, LR: 0.000015, Loss: 0.1743040, Validation MAE: 1.7435608, Test MAE: 2.3938913, Test MAE norm: 0.1912145
Epoch: 707, LR: 0.000015, Loss: 0.1742103, Validation MAE: 1.7427683, Test MAE: 2.3936903, Test MAE norm: 0.1911985
Epoch: 712, LR: 0.000015, Loss: 0.1741883, Validation MAE: 1.7423623, Test MAE: 2.3934662, Test MAE norm: 0.1911806
Epoch: 720, LR: 0.000013, Loss: 0.1741430, Validation MAE: 1.7419726, Test MAE: 2.3928676, Test MAE norm: 0.1911327
Epoch: 725, LR: 0.000013, Loss: 0.1742820, Validation MAE: 1.7419623, Test MAE: 2.3929615, Test MAE norm: 0.1911402
Epoch: 735, LR: 0.000012, Loss: 0.1742106, Validation MAE: 1.7431794, Test MAE: 2.3926785, Test MAE norm: 0.1911176
Epoch: 737, LR: 0.000012, Loss: 0.1741866, Validation MAE: 1.7425814, Test MAE: 2.3929913, Test MAE norm: 0.1911426
Epoch: 744, LR: 0.000011, Loss: 0.1741044, Validation MAE: 1.7422310, Test MAE: 2.3925633, Test MAE norm: 0.1911085
Epoch: 746, LR: 0.000011, Loss: 0.1741085, Validation MAE: 1.7421638, Test MAE: 2.3928225, Test MAE norm: 0.1911291
Epoch: 748, LR: 0.000011, Loss: 0.1740846, Validation MAE: 1.7421552, Test MAE: 2.3928144, Test MAE norm: 0.1911285
Epoch: 750, LR: 0.000011, Loss: 0.1741127, Validation MAE: 1.7413645, Test MAE: 2.3927836, Test MAE norm: 0.1911260
Epoch: 760, LR: 0.000011, Loss: 0.1744615, Validation MAE: 1.7404354, Test MAE: 2.3912790, Test MAE norm: 0.1910059
Epoch: 770, LR: 0.000011, Loss: 0.1744075, Validation MAE: 1.7459821, Test MAE: 2.3938978, Test MAE norm: 0.1912150
Epoch: 771, LR: 0.000011, Loss: 0.1744382, Validation MAE: 1.7443385, Test MAE: 2.3934035, Test MAE norm: 0.1911756
Epoch: 777, LR: 0.000010, Loss: 0.1741364, Validation MAE: 1.7438059, Test MAE: 2.3923240, Test MAE norm: 0.1910893
Epoch: 778, LR: 0.000010, Loss: 0.1740881, Validation MAE: 1.7422690, Test MAE: 2.3918450, Test MAE norm: 0.1910511
Epoch: 781, LR: 0.000010, Loss: 0.1741707, Validation MAE: 1.7400730, Test MAE: 2.3915069, Test MAE norm: 0.1910241
Epoch: 782, LR: 0.000010, Loss: 0.1742024, Validation MAE: 1.7399898, Test MAE: 2.3909407, Test MAE norm: 0.1909788
Epoch: 783, LR: 0.000010, Loss: 0.1742978, Validation MAE: 1.7395291, Test MAE: 2.3897452, Test MAE norm: 0.1908833
Epoch: 784, LR: 0.000010, Loss: 0.1740350, Validation MAE: 1.7394315, Test MAE: 2.3900750, Test MAE norm: 0.1909097
Epoch: 794, LR: 0.000010, Loss: 0.1741388, Validation MAE: 1.7435431, Test MAE: 2.3921404, Test MAE norm: 0.1910747
Epoch: 796, LR: 0.000010, Loss: 0.1740431, Validation MAE: 1.7426565, Test MAE: 2.3923323, Test MAE norm: 0.1910900
Epoch: 798, LR: 0.000010, Loss: 0.1740188, Validation MAE: 1.7422290, Test MAE: 2.3919466, Test MAE norm: 0.1910592
Epoch: 799, LR: 0.000010, Loss: 0.1739840, Validation MAE: 1.7418641, Test MAE: 2.3909986, Test MAE norm: 0.1909835
Epoch: 800, LR: 0.000010, Loss: 0.1740170, Validation MAE: 1.7410831, Test MAE: 2.3913910, Test MAE norm: 0.1910148
Epoch: 801, LR: 0.000010, Loss: 0.1740368, Validation MAE: 1.7400103, Test MAE: 2.3908975, Test MAE norm: 0.1909754
Epoch: 802, LR: 0.000010, Loss: 0.1739582, Validation MAE: 1.7393689, Test MAE: 2.3911088, Test MAE norm: 0.1909923
Epoch: 812, LR: 0.000010, Loss: 0.1740347, Validation MAE: 1.7548910, Test MAE: 2.3931355, Test MAE norm: 0.1911542
Epoch: 814, LR: 0.000010, Loss: 0.1746354, Validation MAE: 1.7513279, Test MAE: 2.3934853, Test MAE norm: 0.1911821
Epoch: 815, LR: 0.000010, Loss: 0.1743054, Validation MAE: 1.7457591, Test MAE: 2.3925402, Test MAE norm: 0.1911066
Epoch: 820, LR: 0.000010, Loss: 0.1743131, Validation MAE: 1.7444488, Test MAE: 2.3922331, Test MAE norm: 0.1910821
Epoch: 823, LR: 0.000010, Loss: 0.1743777, Validation MAE: 1.7442728, Test MAE: 2.3918266, Test MAE norm: 0.1910496
Epoch: 827, LR: 0.000010, Loss: 0.1742544, Validation MAE: 1.7434936, Test MAE: 2.3915634, Test MAE norm: 0.1910286
Epoch: 829, LR: 0.000010, Loss: 0.1743613, Validation MAE: 1.7434446, Test MAE: 2.3914511, Test MAE norm: 0.1910196
Epoch: 839, LR: 0.000010, Loss: 0.1739449, Validation MAE: 1.7446915, Test MAE: 2.3918793, Test MAE norm: 0.1910538
Epoch: 840, LR: 0.000010, Loss: 0.1740709, Validation MAE: 1.7435068, Test MAE: 2.3919427, Test MAE norm: 0.1910589
Epoch: 843, LR: 0.000010, Loss: 0.1740114, Validation MAE: 1.7432747, Test MAE: 2.3920078, Test MAE norm: 0.1910641
Epoch: 847, LR: 0.000010, Loss: 0.1740030, Validation MAE: 1.7428747, Test MAE: 2.3918009, Test MAE norm: 0.1910475
Epoch: 848, LR: 0.000010, Loss: 0.1740322, Validation MAE: 1.7426696, Test MAE: 2.3915329, Test MAE norm: 0.1910261
Epoch: 851, LR: 0.000010, Loss: 0.1740764, Validation MAE: 1.7425081, Test MAE: 2.3917482, Test MAE norm: 0.1910433
Epoch: 853, LR: 0.000010, Loss: 0.1739601, Validation MAE: 1.7422156, Test MAE: 2.3918481, Test MAE norm: 0.1910513
Epoch: 856, LR: 0.000010, Loss: 0.1739074, Validation MAE: 1.7417645, Test MAE: 2.3916466, Test MAE norm: 0.1910352
Epoch: 858, LR: 0.000010, Loss: 0.1739552, Validation MAE: 1.7411305, Test MAE: 2.3910244, Test MAE norm: 0.1909855
Epoch: 860, LR: 0.000010, Loss: 0.1739162, Validation MAE: 1.7398649, Test MAE: 2.3910453, Test MAE norm: 0.1909872
Epoch: 861, LR: 0.000010, Loss: 0.1738410, Validation MAE: 1.7391564, Test MAE: 2.3902230, Test MAE norm: 0.1909215
Epoch: 871, LR: 0.000010, Loss: 0.1739750, Validation MAE: 1.7423754, Test MAE: 2.3899503, Test MAE norm: 0.1908997
Epoch: 872, LR: 0.000010, Loss: 0.1739328, Validation MAE: 1.7410915, Test MAE: 2.3903377, Test MAE norm: 0.1909307
Epoch: 882, LR: 0.000010, Loss: 0.1739901, Validation MAE: 1.7441590, Test MAE: 2.3913791, Test MAE norm: 0.1910139
Epoch: 883, LR: 0.000010, Loss: 0.1739070, Validation MAE: 1.7433176, Test MAE: 2.3909564, Test MAE norm: 0.1909801
Epoch: 887, LR: 0.000010, Loss: 0.1738673, Validation MAE: 1.7419622, Test MAE: 2.3910403, Test MAE norm: 0.1909868
Epoch: 892, LR: 0.000010, Loss: 0.1740713, Validation MAE: 1.7409561, Test MAE: 2.3898268, Test MAE norm: 0.1908899
Epoch: 896, LR: 0.000010, Loss: 0.1739799, Validation MAE: 1.7399580, Test MAE: 2.3901052, Test MAE norm: 0.1909121
Epoch: 897, LR: 0.000010, Loss: 0.1739723, Validation MAE: 1.7393612, Test MAE: 2.3896830, Test MAE norm: 0.1908784
Epoch: 900, LR: 0.000010, Loss: 0.1739791, Validation MAE: 1.7393138, Test MAE: 2.3894873, Test MAE norm: 0.1908627
Epoch: 901, LR: 0.000010, Loss: 0.1739021, Validation MAE: 1.7391913, Test MAE: 2.3899684, Test MAE norm: 0.1909012
Epoch: 911, LR: 0.000010, Loss: 0.1739656, Validation MAE: 1.7426294, Test MAE: 2.3903835, Test MAE norm: 0.1909343
Epoch: 913, LR: 0.000010, Loss: 0.1740547, Validation MAE: 1.7425578, Test MAE: 2.3910215, Test MAE norm: 0.1909853
Epoch: 916, LR: 0.000010, Loss: 0.1740157, Validation MAE: 1.7416917, Test MAE: 2.3903029, Test MAE norm: 0.1909279
Epoch: 917, LR: 0.000010, Loss: 0.1738518, Validation MAE: 1.7416661, Test MAE: 2.3901742, Test MAE norm: 0.1909176
Epoch: 920, LR: 0.000010, Loss: 0.1739234, Validation MAE: 1.7412952, Test MAE: 2.3897052, Test MAE norm: 0.1908801
Epoch: 921, LR: 0.000010, Loss: 0.1739444, Validation MAE: 1.7407055, Test MAE: 2.3900819, Test MAE norm: 0.1909102
Epoch: 929, LR: 0.000010, Loss: 0.1738349, Validation MAE: 1.7406664, Test MAE: 2.3896379, Test MAE norm: 0.1908748
Epoch: 934, LR: 0.000010, Loss: 0.1740825, Validation MAE: 1.7406205, Test MAE: 2.3894401, Test MAE norm: 0.1908590
Epoch: 944, LR: 0.000010, Loss: 0.1740724, Validation MAE: 1.7433304, Test MAE: 2.3892138, Test MAE norm: 0.1908409
Epoch: 949, LR: 0.000010, Loss: 0.1740313, Validation MAE: 1.7418599, Test MAE: 2.3895490, Test MAE norm: 0.1908677
Epoch: 959, LR: 0.000010, Loss: 0.1738409, Validation MAE: 1.7489945, Test MAE: 2.3909304, Test MAE norm: 0.1909780
Epoch: 961, LR: 0.000010, Loss: 0.1741639, Validation MAE: 1.7442480, Test MAE: 2.3903782, Test MAE norm: 0.1909339
Epoch: 964, LR: 0.000010, Loss: 0.1743837, Validation MAE: 1.7435321, Test MAE: 2.3902476, Test MAE norm: 0.1909235
Epoch: 970, LR: 0.000010, Loss: 0.1740698, Validation MAE: 1.7421733, Test MAE: 2.3899086, Test MAE norm: 0.1908964
Epoch: 980, LR: 0.000010, Loss: 0.1738710, Validation MAE: 1.7434274, Test MAE: 2.3904684, Test MAE norm: 0.1909411
Epoch: 982, LR: 0.000010, Loss: 0.1742172, Validation MAE: 1.7429196, Test MAE: 2.3899982, Test MAE norm: 0.1909035
Epoch: 986, LR: 0.000010, Loss: 0.1739956, Validation MAE: 1.7420282, Test MAE: 2.3899431, Test MAE norm: 0.1908991
Epoch: 988, LR: 0.000010, Loss: 0.1740689, Validation MAE: 1.7415739, Test MAE: 2.3900239, Test MAE norm: 0.1909056
Epoch: 994, LR: 0.000010, Loss: 0.1739178, Validation MAE: 1.7412950, Test MAE: 2.3898697, Test MAE norm: 0.1908933
Epoch: 1001, LR: 0.000010, Loss: 0.1736965, Validation MAE: 1.7412384, Test MAE: 2.3904746, Test MAE norm: 0.1909416
Epoch: 1002, LR: 0.000010, Loss: 0.1736931, Validation MAE: 1.7410452, Test MAE: 2.3902640, Test MAE norm: 0.1909248
Epoch: 1004, LR: 0.000010, Loss: 0.1737287, Validation MAE: 1.7404405, Test MAE: 2.3899426, Test MAE norm: 0.1908991
Epoch: 1006, LR: 0.000010, Loss: 0.1737716, Validation MAE: 1.7390536, Test MAE: 2.3893175, Test MAE norm: 0.1908492
Epoch: 1007, LR: 0.000010, Loss: 0.1735986, Validation MAE: 1.7389809, Test MAE: 2.3889976, Test MAE norm: 0.1908236
Epoch: 1009, LR: 0.000010, Loss: 0.1737620, Validation MAE: 1.7386659, Test MAE: 2.3888526, Test MAE norm: 0.1908120
Epoch: 1012, LR: 0.000010, Loss: 0.1736248, Validation MAE: 1.7384292, Test MAE: 2.3888047, Test MAE norm: 0.1908082
Epoch: 1014, LR: 0.000010, Loss: 0.1736317, Validation MAE: 1.7375768, Test MAE: 2.3887966, Test MAE norm: 0.1908076
Epoch: 1024, LR: 0.000010, Loss: 0.1735709, Validation MAE: 1.7393954, Test MAE: 2.3903098, Test MAE norm: 0.1909284
Epoch: 1028, LR: 0.000010, Loss: 0.1736908, Validation MAE: 1.7388281, Test MAE: 2.3896413, Test MAE norm: 0.1908750
Epoch: 1038, LR: 0.000010, Loss: 0.1736748, Validation MAE: 1.7429436, Test MAE: 2.3881865, Test MAE norm: 0.1907588
Epoch: 1039, LR: 0.000010, Loss: 0.1736938, Validation MAE: 1.7409362, Test MAE: 2.3879583, Test MAE norm: 0.1907406
Epoch: 1041, LR: 0.000010, Loss: 0.1737980, Validation MAE: 1.7398561, Test MAE: 2.3879037, Test MAE norm: 0.1907362
Epoch: 1043, LR: 0.000010, Loss: 0.1736435, Validation MAE: 1.7393517, Test MAE: 2.3869298, Test MAE norm: 0.1906585
Epoch: 1053, LR: 0.000010, Loss: 0.1737552, Validation MAE: 1.7398466, Test MAE: 2.3886187, Test MAE norm: 0.1907934
Epoch: 1057, LR: 0.000010, Loss: 0.1737118, Validation MAE: 1.7393552, Test MAE: 2.3886058, Test MAE norm: 0.1907923
Epoch: 1067, LR: 0.000010, Loss: 0.1737001, Validation MAE: 1.7430547, Test MAE: 2.3877892, Test MAE norm: 0.1907271
Epoch: 1068, LR: 0.000010, Loss: 0.1737093, Validation MAE: 1.7391002, Test MAE: 2.3881569, Test MAE norm: 0.1907565
Epoch: 1078, LR: 0.000010, Loss: 0.1734887, Validation MAE: 1.7398874, Test MAE: 2.3882694, Test MAE norm: 0.1907655
Epoch: 1081, LR: 0.000010, Loss: 0.1735477, Validation MAE: 1.7390579, Test MAE: 2.3878722, Test MAE norm: 0.1907337
Epoch: 1083, LR: 0.000010, Loss: 0.1735721, Validation MAE: 1.7378397, Test MAE: 2.3877459, Test MAE norm: 0.1907236
Epoch: 1084, LR: 0.000010, Loss: 0.1735254, Validation MAE: 1.7377110, Test MAE: 2.3874967, Test MAE norm: 0.1907037
Epoch: 1094, LR: 0.000010, Loss: 0.1735982, Validation MAE: 1.7498996, Test MAE: 2.3897092, Test MAE norm: 0.1908805
Epoch: 1096, LR: 0.000010, Loss: 0.1740289, Validation MAE: 1.7396916, Test MAE: 2.3885024, Test MAE norm: 0.1907841
Epoch: 1099, LR: 0.000010, Loss: 0.1745043, Validation MAE: 1.7390922, Test MAE: 2.3872850, Test MAE norm: 0.1906868
Epoch: 1103, LR: 0.000010, Loss: 0.1739017, Validation MAE: 1.7373130, Test MAE: 2.3860307, Test MAE norm: 0.1905866
Epoch: 1109, LR: 0.000010, Loss: 0.1736232, Validation MAE: 1.7369332, Test MAE: 2.3861134, Test MAE norm: 0.1905932
Epoch: 1113, LR: 0.000010, Loss: 0.1735081, Validation MAE: 1.7368236, Test MAE: 2.3872895, Test MAE norm: 0.1906872
Epoch: 1116, LR: 0.000010, Loss: 0.1737741, Validation MAE: 1.7364824, Test MAE: 2.3879054, Test MAE norm: 0.1907364
Epoch: 1126, LR: 0.000010, Loss: 0.1738307, Validation MAE: 1.7481022, Test MAE: 2.3888803, Test MAE norm: 0.1908143
Epoch: 1127, LR: 0.000010, Loss: 0.1738613, Validation MAE: 1.7403026, Test MAE: 2.3878422, Test MAE norm: 0.1907313
Epoch: 1128, LR: 0.000010, Loss: 0.1734473, Validation MAE: 1.7389430, Test MAE: 2.3875730, Test MAE norm: 0.1907098
Epoch: 1129, LR: 0.000010, Loss: 0.1735453, Validation MAE: 1.7379272, Test MAE: 2.3866887, Test MAE norm: 0.1906392
Epoch: 1130, LR: 0.000010, Loss: 0.1734384, Validation MAE: 1.7373978, Test MAE: 2.3859668, Test MAE norm: 0.1905815
Epoch: 1131, LR: 0.000010, Loss: 0.1734447, Validation MAE: 1.7359232, Test MAE: 2.3864264, Test MAE norm: 0.1906182
Epoch: 1132, LR: 0.000010, Loss: 0.1735458, Validation MAE: 1.7353756, Test MAE: 2.3859096, Test MAE norm: 0.1905770
Epoch: 1142, LR: 0.000010, Loss: 0.1736912, Validation MAE: 1.7416304, Test MAE: 2.3884447, Test MAE norm: 0.1907795
Epoch: 1143, LR: 0.000010, Loss: 0.1737560, Validation MAE: 1.7394779, Test MAE: 2.3880138, Test MAE norm: 0.1907450
Epoch: 1147, LR: 0.000010, Loss: 0.1735200, Validation MAE: 1.7383176, Test MAE: 2.3880303, Test MAE norm: 0.1907464
Epoch: 1148, LR: 0.000010, Loss: 0.1738985, Validation MAE: 1.7380250, Test MAE: 2.3876231, Test MAE norm: 0.1907138
Epoch: 1149, LR: 0.000010, Loss: 0.1740283, Validation MAE: 1.7354901, Test MAE: 2.3862054, Test MAE norm: 0.1906006
Epoch: 1153, LR: 0.000010, Loss: 0.1738749, Validation MAE: 1.7354618, Test MAE: 2.3860123, Test MAE norm: 0.1905852
Epoch: 1163, LR: 0.000010, Loss: 0.1735128, Validation MAE: 1.7399879, Test MAE: 2.3876033, Test MAE norm: 0.1907123
Epoch: 1166, LR: 0.000010, Loss: 0.1734499, Validation MAE: 1.7394360, Test MAE: 2.3871779, Test MAE norm: 0.1906783
Epoch: 1167, LR: 0.000010, Loss: 0.1733835, Validation MAE: 1.7391906, Test MAE: 2.3880396, Test MAE norm: 0.1907471
Epoch: 1171, LR: 0.000010, Loss: 0.1734415, Validation MAE: 1.7388372, Test MAE: 2.3877895, Test MAE norm: 0.1907271
Epoch: 1172, LR: 0.000010, Loss: 0.1734506, Validation MAE: 1.7382199, Test MAE: 2.3874838, Test MAE norm: 0.1907027
Epoch: 1177, LR: 0.000010, Loss: 0.1734989, Validation MAE: 1.7372351, Test MAE: 2.3873363, Test MAE norm: 0.1906909
Epoch: 1181, LR: 0.000010, Loss: 0.1734934, Validation MAE: 1.7367328, Test MAE: 2.3874965, Test MAE norm: 0.1907037
Epoch: 1183, LR: 0.000010, Loss: 0.1739841, Validation MAE: 1.7360219, Test MAE: 2.3866315, Test MAE norm: 0.1906346
Epoch: 1187, LR: 0.000010, Loss: 0.1737114, Validation MAE: 1.7359245, Test MAE: 2.3855681, Test MAE norm: 0.1905497
Epoch: 1189, LR: 0.000010, Loss: 0.1736718, Validation MAE: 1.7349625, Test MAE: 2.3848913, Test MAE norm: 0.1904956
Epoch: 1199, LR: 0.000010, Loss: 0.1733050, Validation MAE: 1.7412480, Test MAE: 2.3887098, Test MAE norm: 0.1908006
Epoch: 1204, LR: 0.000010, Loss: 0.1736699, Validation MAE: 1.7376822, Test MAE: 2.3869283, Test MAE norm: 0.1906583
Epoch: 1205, LR: 0.000010, Loss: 0.1732967, Validation MAE: 1.7361794, Test MAE: 2.3866134, Test MAE norm: 0.1906332
Epoch: 1206, LR: 0.000010, Loss: 0.1735034, Validation MAE: 1.7340209, Test MAE: 2.3853223, Test MAE norm: 0.1905301
Epoch: 1210, LR: 0.000010, Loss: 0.1735932, Validation MAE: 1.7314967, Test MAE: 2.3845818, Test MAE norm: 0.1904709
Epoch: 1220, LR: 0.000010, Loss: 0.1735011, Validation MAE: 1.7383596, Test MAE: 2.3862104, Test MAE norm: 0.1906010
Epoch: 1223, LR: 0.000010, Loss: 0.1735693, Validation MAE: 1.7356262, Test MAE: 2.3861170, Test MAE norm: 0.1905935
Epoch: 1233, LR: 0.000010, Loss: 0.1736493, Validation MAE: 1.7479477, Test MAE: 2.3859806, Test MAE norm: 0.1905826
Epoch: 1234, LR: 0.000010, Loss: 0.1738149, Validation MAE: 1.7379488, Test MAE: 2.3853605, Test MAE norm: 0.1905331
Epoch: 1237, LR: 0.000010, Loss: 0.1741514, Validation MAE: 1.7361180, Test MAE: 2.3847895, Test MAE norm: 0.1904875
Epoch: 1241, LR: 0.000010, Loss: 0.1735205, Validation MAE: 1.7349541, Test MAE: 2.3835409, Test MAE norm: 0.1903878
Epoch: 1243, LR: 0.000010, Loss: 0.1737277, Validation MAE: 1.7349054, Test MAE: 2.3835022, Test MAE norm: 0.1903847
Epoch: 1253, LR: 0.000010, Loss: 0.1732432, Validation MAE: 1.7362967, Test MAE: 2.3861814, Test MAE norm: 0.1905987
Epoch: 1254, LR: 0.000010, Loss: 0.1737903, Validation MAE: 1.7362829, Test MAE: 2.3867826, Test MAE norm: 0.1906467
Epoch: 1255, LR: 0.000010, Loss: 0.1739276, Validation MAE: 1.7347865, Test MAE: 2.3856845, Test MAE norm: 0.1905590
Epoch: 1259, LR: 0.000010, Loss: 0.1736800, Validation MAE: 1.7337928, Test MAE: 2.3848658, Test MAE norm: 0.1904936
Epoch: 1261, LR: 0.000010, Loss: 0.1734273, Validation MAE: 1.7328771, Test MAE: 2.3842475, Test MAE norm: 0.1904442
Epoch: 1271, LR: 0.000010, Loss: 0.1731693, Validation MAE: 1.7398610, Test MAE: 2.3858151, Test MAE norm: 0.1905694
Epoch: 1272, LR: 0.000010, Loss: 0.1732583, Validation MAE: 1.7368395, Test MAE: 2.3858845, Test MAE norm: 0.1905750
Epoch: 1277, LR: 0.000010, Loss: 0.1734104, Validation MAE: 1.7359667, Test MAE: 2.3856764, Test MAE norm: 0.1905583
Epoch: 1287, LR: 0.000010, Loss: 0.1731987, Validation MAE: 1.7412329, Test MAE: 2.3853586, Test MAE norm: 0.1905330
Epoch: 1288, LR: 0.000010, Loss: 0.1732942, Validation MAE: 1.7405261, Test MAE: 2.3856242, Test MAE norm: 0.1905542
Epoch: 1289, LR: 0.000010, Loss: 0.1732623, Validation MAE: 1.7375468, Test MAE: 2.3869109, Test MAE norm: 0.1906569
Epoch: 1290, LR: 0.000010, Loss: 0.1732422, Validation MAE: 1.7368985, Test MAE: 2.3866968, Test MAE norm: 0.1906399
Epoch: 1298, LR: 0.000010, Loss: 0.1731667, Validation MAE: 1.7366595, Test MAE: 2.3865650, Test MAE norm: 0.1906293
Epoch: 1306, LR: 0.000010, Loss: 0.1731555, Validation MAE: 1.7362926, Test MAE: 2.3857765, Test MAE norm: 0.1905663
Epoch: 1309, LR: 0.000010, Loss: 0.1732828, Validation MAE: 1.7351893, Test MAE: 2.3850753, Test MAE norm: 0.1905103
Epoch: 1310, LR: 0.000010, Loss: 0.1731090, Validation MAE: 1.7350906, Test MAE: 2.3852441, Test MAE norm: 0.1905238
Epoch: 1320, LR: 0.000010, Loss: 0.1731153, Validation MAE: 1.7381088, Test MAE: 2.3836222, Test MAE norm: 0.1903943
Epoch: 1321, LR: 0.000010, Loss: 0.1732175, Validation MAE: 1.7347201, Test MAE: 2.3843789, Test MAE norm: 0.1904547
Epoch: 1331, LR: 0.000010, Loss: 0.1730173, Validation MAE: 1.7355132, Test MAE: 2.3852098, Test MAE norm: 0.1905211
Epoch: 1335, LR: 0.000010, Loss: 0.1734019, Validation MAE: 1.7354496, Test MAE: 2.3849847, Test MAE norm: 0.1905031
Epoch: 1338, LR: 0.000010, Loss: 0.1731533, Validation MAE: 1.7349190, Test MAE: 2.3846424, Test MAE norm: 0.1904757
Epoch: 1348, LR: 0.000010, Loss: 0.1730898, Validation MAE: 1.7391160, Test MAE: 2.3844442, Test MAE norm: 0.1904599
Epoch: 1349, LR: 0.000010, Loss: 0.1732216, Validation MAE: 1.7364134, Test MAE: 2.3849115, Test MAE norm: 0.1904972
Epoch: 1356, LR: 0.000010, Loss: 0.1732286, Validation MAE: 1.7355253, Test MAE: 2.3835289, Test MAE norm: 0.1903868
Epoch: 1357, LR: 0.000010, Loss: 0.1729801, Validation MAE: 1.7337426, Test MAE: 2.3838744, Test MAE norm: 0.1904144
Epoch: 1359, LR: 0.000010, Loss: 0.1730468, Validation MAE: 1.7327787, Test MAE: 2.3829172, Test MAE norm: 0.1903379
Epoch: 1365, LR: 0.000010, Loss: 0.1730127, Validation MAE: 1.7323699, Test MAE: 2.3832955, Test MAE norm: 0.1903682
Epoch: 1375, LR: 0.000010, Loss: 0.1729958, Validation MAE: 1.7363216, Test MAE: 2.3831873, Test MAE norm: 0.1903595
Epoch: 1376, LR: 0.000010, Loss: 0.1730749, Validation MAE: 1.7338383, Test MAE: 2.3835404, Test MAE norm: 0.1903877
Epoch: 1385, LR: 0.000010, Loss: 0.1732789, Validation MAE: 1.7329839, Test MAE: 2.3828480, Test MAE norm: 0.1903324
Epoch: 1395, LR: 0.000010, Loss: 0.1732525, Validation MAE: 1.7383093, Test MAE: 2.3829942, Test MAE norm: 0.1903441
Epoch: 1396, LR: 0.000010, Loss: 0.1730567, Validation MAE: 1.7352123, Test MAE: 2.3841064, Test MAE norm: 0.1904329
Epoch: 1397, LR: 0.000010, Loss: 0.1732940, Validation MAE: 1.7349654, Test MAE: 2.3836987, Test MAE norm: 0.1904004
Epoch: 1398, LR: 0.000010, Loss: 0.1734344, Validation MAE: 1.7323527, Test MAE: 2.3824854, Test MAE norm: 0.1903035
Epoch: 1402, LR: 0.000010, Loss: 0.1731750, Validation MAE: 1.7292905, Test MAE: 2.3816996, Test MAE norm: 0.1902407
Epoch: 1404, LR: 0.000010, Loss: 0.1735625, Validation MAE: 1.7291319, Test MAE: 2.3804727, Test MAE norm: 0.1901427
Epoch: 1414, LR: 0.000010, Loss: 0.1733437, Validation MAE: 1.7330537, Test MAE: 2.3819675, Test MAE norm: 0.1902621
Epoch: 1415, LR: 0.000010, Loss: 0.1734197, Validation MAE: 1.7282827, Test MAE: 2.3808331, Test MAE norm: 0.1901715
Epoch: 1425, LR: 0.000010, Loss: 0.1730858, Validation MAE: 1.7361833, Test MAE: 2.3829401, Test MAE norm: 0.1903398
Epoch: 1426, LR: 0.000010, Loss: 0.1729564, Validation MAE: 1.7339542, Test MAE: 2.3830776, Test MAE norm: 0.1903508
Epoch: 1431, LR: 0.000010, Loss: 0.1731060, Validation MAE: 1.7312924, Test MAE: 2.3822010, Test MAE norm: 0.1902807
Epoch: 1432, LR: 0.000010, Loss: 0.1729706, Validation MAE: 1.7302589, Test MAE: 2.3820360, Test MAE norm: 0.1902676
Epoch: 1442, LR: 0.000010, Loss: 0.1728475, Validation MAE: 1.7333010, Test MAE: 2.3832469, Test MAE norm: 0.1903643
Epoch: 1443, LR: 0.000010, Loss: 0.1730959, Validation MAE: 1.7316827, Test MAE: 2.3824947, Test MAE norm: 0.1903042
Epoch: 1453, LR: 0.000010, Loss: 0.1730285, Validation MAE: 1.7363670, Test MAE: 2.3821061, Test MAE norm: 0.1902732
Epoch: 1454, LR: 0.000010, Loss: 0.1729073, Validation MAE: 1.7339740, Test MAE: 2.3821042, Test MAE norm: 0.1902730
Epoch: 1455, LR: 0.000010, Loss: 0.1728184, Validation MAE: 1.7326688, Test MAE: 2.3820302, Test MAE norm: 0.1902671
Epoch: 1456, LR: 0.000010, Loss: 0.1729864, Validation MAE: 1.7316295, Test MAE: 2.3814592, Test MAE norm: 0.1902215
Epoch: 1466, LR: 0.000010, Loss: 0.1728661, Validation MAE: 1.7329398, Test MAE: 2.3822203, Test MAE norm: 0.1902823
Epoch: 1467, LR: 0.000010, Loss: 0.1729410, Validation MAE: 1.7309439, Test MAE: 2.3820686, Test MAE norm: 0.1902702
Epoch: 1477, LR: 0.000010, Loss: 0.1731423, Validation MAE: 1.7313026, Test MAE: 2.3817222, Test MAE norm: 0.1902425
Epoch: 1480, LR: 0.000010, Loss: 0.1731879, Validation MAE: 1.7297119, Test MAE: 2.3806405, Test MAE norm: 0.1901561
Epoch: 1481, LR: 0.000010, Loss: 0.1729095, Validation MAE: 1.7286561, Test MAE: 2.3813796, Test MAE norm: 0.1902151
Epoch: 1491, LR: 0.000010, Loss: 0.1729634, Validation MAE: 1.7341824, Test MAE: 2.3809063, Test MAE norm: 0.1901773
Epoch: 1492, LR: 0.000010, Loss: 0.1732437, Validation MAE: 1.7334774, Test MAE: 2.3810480, Test MAE norm: 0.1901886
Epoch: 1493, LR: 0.000010, Loss: 0.1734554, Validation MAE: 1.7295668, Test MAE: 2.3796234, Test MAE norm: 0.1900748
Epoch: 1497, LR: 0.000010, Loss: 0.1730658, Validation MAE: 1.7273220, Test MAE: 2.3802991, Test MAE norm: 0.1901288
Epoch: 1507, LR: 0.000010, Loss: 0.1731703, Validation MAE: 1.7360098, Test MAE: 2.3845873, Test MAE norm: 0.1904714
Epoch: 1508, LR: 0.000010, Loss: 0.1733142, Validation MAE: 1.7329088, Test MAE: 2.3829234, Test MAE norm: 0.1903384
Epoch: 1512, LR: 0.000010, Loss: 0.1729836, Validation MAE: 1.7286600, Test MAE: 2.3805945, Test MAE norm: 0.1901524
Epoch: 1514, LR: 0.000010, Loss: 0.1734117, Validation MAE: 1.7267514, Test MAE: 2.3789387, Test MAE norm: 0.1900202
Epoch: 1518, LR: 0.000010, Loss: 0.1731520, Validation MAE: 1.7254231, Test MAE: 2.3783567, Test MAE norm: 0.1899737
Epoch: 1520, LR: 0.000010, Loss: 0.1733214, Validation MAE: 1.7250632, Test MAE: 2.3785334, Test MAE norm: 0.1899878
Epoch: 1530, LR: 0.000010, Loss: 0.1729317, Validation MAE: 1.7259783, Test MAE: 2.3795662, Test MAE norm: 0.1900703
Epoch: 1531, LR: 0.000010, Loss: 0.1727955, Validation MAE: 1.7259386, Test MAE: 2.3790088, Test MAE norm: 0.1900258
Epoch: 1532, LR: 0.000010, Loss: 0.1727940, Validation MAE: 1.7256204, Test MAE: 2.3794913, Test MAE norm: 0.1900643
Epoch: 1542, LR: 0.000010, Loss: 0.1732449, Validation MAE: 1.7356492, Test MAE: 2.3824689, Test MAE norm: 0.1903021
Epoch: 1545, LR: 0.000010, Loss: 0.1731144, Validation MAE: 1.7293838, Test MAE: 2.3802788, Test MAE norm: 0.1901272
Epoch: 1546, LR: 0.000010, Loss: 0.1727758, Validation MAE: 1.7271239, Test MAE: 2.3795214, Test MAE norm: 0.1900667
Epoch: 1550, LR: 0.000010, Loss: 0.1728436, Validation MAE: 1.7263482, Test MAE: 2.3794146, Test MAE norm: 0.1900582
Epoch: 1560, LR: 0.000010, Loss: 0.1726229, Validation MAE: 1.7367384, Test MAE: 2.3805833, Test MAE norm: 0.1901515
Epoch: 1561, LR: 0.000010, Loss: 0.1729765, Validation MAE: 1.7325940, Test MAE: 2.3803382, Test MAE norm: 0.1901319
Epoch: 1563, LR: 0.000010, Loss: 0.1732491, Validation MAE: 1.7320178, Test MAE: 2.3818154, Test MAE norm: 0.1902499
Epoch: 1564, LR: 0.000010, Loss: 0.1734244, Validation MAE: 1.7293860, Test MAE: 2.3796449, Test MAE norm: 0.1900766
Epoch: 1568, LR: 0.000010, Loss: 0.1728832, Validation MAE: 1.7263495, Test MAE: 2.3780010, Test MAE norm: 0.1899453
Epoch: 1570, LR: 0.000010, Loss: 0.1732823, Validation MAE: 1.7238691, Test MAE: 2.3768997, Test MAE norm: 0.1898573
Epoch: 1580, LR: 0.000010, Loss: 0.1727395, Validation MAE: 1.7329240, Test MAE: 2.3809862, Test MAE norm: 0.1901837
Epoch: 1581, LR: 0.000010, Loss: 0.1728530, Validation MAE: 1.7309195, Test MAE: 2.3808000, Test MAE norm: 0.1901688
Epoch: 1584, LR: 0.000010, Loss: 0.1728282, Validation MAE: 1.7270302, Test MAE: 2.3807116, Test MAE norm: 0.1901618
Epoch: 1585, LR: 0.000010, Loss: 0.1728524, Validation MAE: 1.7260922, Test MAE: 2.3804531, Test MAE norm: 0.1901411
Epoch: 1595, LR: 0.000010, Loss: 0.1729654, Validation MAE: 1.7289242, Test MAE: 2.3790293, Test MAE norm: 0.1900274
Epoch: 1598, LR: 0.000010, Loss: 0.1732990, Validation MAE: 1.7282588, Test MAE: 2.3786469, Test MAE norm: 0.1899969
Epoch: 1601, LR: 0.000010, Loss: 0.1734679, Validation MAE: 1.7260350, Test MAE: 2.3781166, Test MAE norm: 0.1899545
Epoch: 1605, LR: 0.000010, Loss: 0.1731446, Validation MAE: 1.7240627, Test MAE: 2.3767898, Test MAE norm: 0.1898485
Epoch: 1615, LR: 0.000010, Loss: 0.1728867, Validation MAE: 1.7393844, Test MAE: 2.3815243, Test MAE norm: 0.1902267
Epoch: 1617, LR: 0.000010, Loss: 0.1731843, Validation MAE: 1.7359984, Test MAE: 2.3812735, Test MAE norm: 0.1902067
Epoch: 1618, LR: 0.000010, Loss: 0.1727932, Validation MAE: 1.7345338, Test MAE: 2.3819175, Test MAE norm: 0.1902581
Epoch: 1619, LR: 0.000010, Loss: 0.1730746, Validation MAE: 1.7314782, Test MAE: 2.3807392, Test MAE norm: 0.1901640
Epoch: 1620, LR: 0.000010, Loss: 0.1729468, Validation MAE: 1.7292168, Test MAE: 2.3789709, Test MAE norm: 0.1900227
Epoch: 1623, LR: 0.000010, Loss: 0.1727674, Validation MAE: 1.7258329, Test MAE: 2.3780394, Test MAE norm: 0.1899483
Epoch: 1624, LR: 0.000010, Loss: 0.1727791, Validation MAE: 1.7247800, Test MAE: 2.3774726, Test MAE norm: 0.1899031
Epoch: 1634, LR: 0.000010, Loss: 0.1729209, Validation MAE: 1.7298918, Test MAE: 2.3813200, Test MAE norm: 0.1902104
Epoch: 1635, LR: 0.000010, Loss: 0.1731636, Validation MAE: 1.7265493, Test MAE: 2.3794565, Test MAE norm: 0.1900615
Epoch: 1645, LR: 0.000010, Loss: 0.1724801, Validation MAE: 1.7318622, Test MAE: 2.3776047, Test MAE norm: 0.1899136
Epoch: 1646, LR: 0.000010, Loss: 0.1726480, Validation MAE: 1.7303365, Test MAE: 2.3789098, Test MAE norm: 0.1900178
Epoch: 1647, LR: 0.000010, Loss: 0.1727736, Validation MAE: 1.7292330, Test MAE: 2.3787143, Test MAE norm: 0.1900022
Epoch: 1650, LR: 0.000010, Loss: 0.1725778, Validation MAE: 1.7277780, Test MAE: 2.3792620, Test MAE norm: 0.1900460
Epoch: 1651, LR: 0.000010, Loss: 0.1726621, Validation MAE: 1.7274761, Test MAE: 2.3786116, Test MAE norm: 0.1899940
Epoch: 1654, LR: 0.000010, Loss: 0.1727010, Validation MAE: 1.7261028, Test MAE: 2.3787384, Test MAE norm: 0.1900042
Epoch: 1664, LR: 0.000010, Loss: 0.1735050, Validation MAE: 1.7325619, Test MAE: 2.3766425, Test MAE norm: 0.1898367
Epoch: 1665, LR: 0.000010, Loss: 0.1726962, Validation MAE: 1.7300110, Test MAE: 2.3790877, Test MAE norm: 0.1900321
Epoch: 1667, LR: 0.000010, Loss: 0.1739965, Validation MAE: 1.7284701, Test MAE: 2.3775187, Test MAE norm: 0.1899067
Epoch: 1671, LR: 0.000010, Loss: 0.1732142, Validation MAE: 1.7258286, Test MAE: 2.3744669, Test MAE norm: 0.1896630
Epoch: 1673, LR: 0.000010, Loss: 0.1728130, Validation MAE: 1.7250183, Test MAE: 2.3745773, Test MAE norm: 0.1896718
Epoch: 1683, LR: 0.000010, Loss: 0.1726352, Validation MAE: 1.7290097, Test MAE: 2.3800828, Test MAE norm: 0.1901115
Epoch: 1685, LR: 0.000010, Loss: 0.1733797, Validation MAE: 1.7257924, Test MAE: 2.3775630, Test MAE norm: 0.1899103
Epoch: 1689, LR: 0.000010, Loss: 0.1728480, Validation MAE: 1.7227933, Test MAE: 2.3749917, Test MAE norm: 0.1897049
Epoch: 1699, LR: 0.000010, Loss: 0.1724918, Validation MAE: 1.7285923, Test MAE: 2.3784301, Test MAE norm: 0.1899795
Epoch: 1700, LR: 0.000010, Loss: 0.1724024, Validation MAE: 1.7263062, Test MAE: 2.3780911, Test MAE norm: 0.1899525
Epoch: 1701, LR: 0.000010, Loss: 0.1724274, Validation MAE: 1.7243460, Test MAE: 2.3781607, Test MAE norm: 0.1899580
Epoch: 1711, LR: 0.000010, Loss: 0.1725064, Validation MAE: 1.7330906, Test MAE: 2.3765159, Test MAE norm: 0.1898266
Epoch: 1712, LR: 0.000010, Loss: 0.1727239, Validation MAE: 1.7294618, Test MAE: 2.3762763, Test MAE norm: 0.1898075
Epoch: 1713, LR: 0.000010, Loss: 0.1725300, Validation MAE: 1.7261844, Test MAE: 2.3774598, Test MAE norm: 0.1899020
Epoch: 1714, LR: 0.000010, Loss: 0.1725865, Validation MAE: 1.7254381, Test MAE: 2.3772342, Test MAE norm: 0.1898840
Epoch: 1724, LR: 0.000010, Loss: 0.1725907, Validation MAE: 1.7286125, Test MAE: 2.3758295, Test MAE norm: 0.1897718
Epoch: 1726, LR: 0.000010, Loss: 0.1725051, Validation MAE: 1.7281402, Test MAE: 2.3774831, Test MAE norm: 0.1899039
Epoch: 1727, LR: 0.000010, Loss: 0.1725287, Validation MAE: 1.7280409, Test MAE: 2.3779428, Test MAE norm: 0.1899406
Epoch: 1729, LR: 0.000010, Loss: 0.1725169, Validation MAE: 1.7277886, Test MAE: 2.3781948, Test MAE norm: 0.1899607
Epoch: 1731, LR: 0.000010, Loss: 0.1724152, Validation MAE: 1.7275554, Test MAE: 2.3784015, Test MAE norm: 0.1899773
Epoch: 1738, LR: 0.000010, Loss: 0.1723354, Validation MAE: 1.7271744, Test MAE: 2.3774981, Test MAE norm: 0.1899051
Epoch: 1741, LR: 0.000010, Loss: 0.1723964, Validation MAE: 1.7257447, Test MAE: 2.3773148, Test MAE norm: 0.1898904
Epoch: 1742, LR: 0.000010, Loss: 0.1726714, Validation MAE: 1.7256002, Test MAE: 2.3770285, Test MAE norm: 0.1898676
Epoch: 1749, LR: 0.000010, Loss: 0.1724921, Validation MAE: 1.7253158, Test MAE: 2.3768439, Test MAE norm: 0.1898528
Epoch: 1750, LR: 0.000010, Loss: 0.1724793, Validation MAE: 1.7249489, Test MAE: 2.3766639, Test MAE norm: 0.1898385
Epoch: 1753, LR: 0.000010, Loss: 0.1726173, Validation MAE: 1.7238256, Test MAE: 2.3767600, Test MAE norm: 0.1898461
Epoch: 1763, LR: 0.000010, Loss: 0.1730096, Validation MAE: 1.7278249, Test MAE: 2.3749652, Test MAE norm: 0.1897028
Epoch: 1764, LR: 0.000010, Loss: 0.1723640, Validation MAE: 1.7267067, Test MAE: 2.3774350, Test MAE norm: 0.1899001
Epoch: 1766, LR: 0.000010, Loss: 0.1732693, Validation MAE: 1.7247633, Test MAE: 2.3751016, Test MAE norm: 0.1897137
Epoch: 1770, LR: 0.000010, Loss: 0.1725237, Validation MAE: 1.7238480, Test MAE: 2.3739126, Test MAE norm: 0.1896187
Epoch: 1772, LR: 0.000010, Loss: 0.1730533, Validation MAE: 1.7226644, Test MAE: 2.3735733, Test MAE norm: 0.1895916
Epoch: 1778, LR: 0.000010, Loss: 0.1730383, Validation MAE: 1.7223119, Test MAE: 2.3745174, Test MAE norm: 0.1896670
Epoch: 1784, LR: 0.000010, Loss: 0.1732194, Validation MAE: 1.7220832, Test MAE: 2.3744533, Test MAE norm: 0.1896619
Epoch: 1788, LR: 0.000010, Loss: 0.1728529, Validation MAE: 1.7206550, Test MAE: 2.3728936, Test MAE norm: 0.1895373
Epoch: 1798, LR: 0.000010, Loss: 0.1728995, Validation MAE: 1.7284405, Test MAE: 2.3790712, Test MAE norm: 0.1900308
Epoch: 1799, LR: 0.000010, Loss: 0.1729341, Validation MAE: 1.7258463, Test MAE: 2.3766034, Test MAE norm: 0.1898336
Epoch: 1803, LR: 0.000010, Loss: 0.1726159, Validation MAE: 1.7218112, Test MAE: 2.3744795, Test MAE norm: 0.1896640
Epoch: 1805, LR: 0.000010, Loss: 0.1731808, Validation MAE: 1.7195313, Test MAE: 2.3722153, Test MAE norm: 0.1894831
Epoch: 1809, LR: 0.000010, Loss: 0.1729021, Validation MAE: 1.7189150, Test MAE: 2.3719919, Test MAE norm: 0.1894653
Epoch: 1819, LR: 0.000010, Loss: 0.1731171, Validation MAE: 1.7231611, Test MAE: 2.3730001, Test MAE norm: 0.1895458
Epoch: 1827, LR: 0.000010, Loss: 0.1727543, Validation MAE: 1.7226007, Test MAE: 2.3728933, Test MAE norm: 0.1895373
Epoch: 1837, LR: 0.000010, Loss: 0.1724611, Validation MAE: 1.7273080, Test MAE: 2.3777092, Test MAE norm: 0.1899219
Epoch: 1838, LR: 0.000010, Loss: 0.1725328, Validation MAE: 1.7268168, Test MAE: 2.3773081, Test MAE norm: 0.1898899
Epoch: 1839, LR: 0.000010, Loss: 0.1725988, Validation MAE: 1.7253742, Test MAE: 2.3757808, Test MAE norm: 0.1897679
Epoch: 1842, LR: 0.000010, Loss: 0.1725178, Validation MAE: 1.7212030, Test MAE: 2.3748119, Test MAE norm: 0.1896905
Epoch: 1843, LR: 0.000010, Loss: 0.1723959, Validation MAE: 1.7190808, Test MAE: 2.3742487, Test MAE norm: 0.1896455
Epoch: 1853, LR: 0.000010, Loss: 0.1725924, Validation MAE: 1.7258525, Test MAE: 2.3756845, Test MAE norm: 0.1897602
Epoch: 1856, LR: 0.000010, Loss: 0.1725395, Validation MAE: 1.7198968, Test MAE: 2.3737612, Test MAE norm: 0.1896066
Epoch: 1858, LR: 0.000010, Loss: 0.1725040, Validation MAE: 1.7196102, Test MAE: 2.3722637, Test MAE norm: 0.1894870
Epoch: 1868, LR: 0.000010, Loss: 0.1721921, Validation MAE: 1.7232424, Test MAE: 2.3750372, Test MAE norm: 0.1897085
Epoch: 1877, LR: 0.000010, Loss: 0.1722465, Validation MAE: 1.7231182, Test MAE: 2.3736103, Test MAE norm: 0.1895946
Epoch: 1878, LR: 0.000010, Loss: 0.1722333, Validation MAE: 1.7198246, Test MAE: 2.3741758, Test MAE norm: 0.1896397
Epoch: 1888, LR: 0.000010, Loss: 0.1721777, Validation MAE: 1.7203364, Test MAE: 2.3744292, Test MAE norm: 0.1896600
Epoch: 1898, LR: 0.000010, Loss: 0.1720902, Validation MAE: 1.7270981, Test MAE: 2.3722646, Test MAE norm: 0.1894871
Epoch: 1899, LR: 0.000010, Loss: 0.1723802, Validation MAE: 1.7232140, Test MAE: 2.3726597, Test MAE norm: 0.1895186
Epoch: 1904, LR: 0.000010, Loss: 0.1721220, Validation MAE: 1.7226776, Test MAE: 2.3738167, Test MAE norm: 0.1896110
Epoch: 1905, LR: 0.000010, Loss: 0.1720398, Validation MAE: 1.7222559, Test MAE: 2.3745112, Test MAE norm: 0.1896665
Epoch: 1915, LR: 0.000010, Loss: 0.1721670, Validation MAE: 1.7223967, Test MAE: 2.3737471, Test MAE norm: 0.1896055
Epoch: 1918, LR: 0.000010, Loss: 0.1721440, Validation MAE: 1.7223778, Test MAE: 2.3740060, Test MAE norm: 0.1896262
Epoch: 1920, LR: 0.000010, Loss: 0.1720958, Validation MAE: 1.7223177, Test MAE: 2.3739271, Test MAE norm: 0.1896199
Epoch: 1927, LR: 0.000010, Loss: 0.1723053, Validation MAE: 1.7216661, Test MAE: 2.3740654, Test MAE norm: 0.1896309
Epoch: 1932, LR: 0.000010, Loss: 0.1725443, Validation MAE: 1.7192727, Test MAE: 2.3721745, Test MAE norm: 0.1894799
Epoch: 1933, LR: 0.000010, Loss: 0.1721383, Validation MAE: 1.7186027, Test MAE: 2.3722501, Test MAE norm: 0.1894859
Epoch: 1943, LR: 0.000010, Loss: 0.1728201, Validation MAE: 1.7238991, Test MAE: 2.3750429, Test MAE norm: 0.1897090
Epoch: 1947, LR: 0.000010, Loss: 0.1723225, Validation MAE: 1.7238786, Test MAE: 2.3734069, Test MAE norm: 0.1895783
Epoch: 1949, LR: 0.000010, Loss: 0.1732128, Validation MAE: 1.7178550, Test MAE: 2.3700905, Test MAE norm: 0.1893134
Epoch: 1953, LR: 0.000010, Loss: 0.1728316, Validation MAE: 1.7160691, Test MAE: 2.3685999, Test MAE norm: 0.1891943
Epoch: 1963, LR: 0.000010, Loss: 0.1724501, Validation MAE: 1.7242427, Test MAE: 2.3738782, Test MAE norm: 0.1896159
Epoch: 1969, LR: 0.000010, Loss: 0.1723308, Validation MAE: 1.7222341, Test MAE: 2.3715343, Test MAE norm: 0.1894287
Epoch: 1970, LR: 0.000010, Loss: 0.1722396, Validation MAE: 1.7196858, Test MAE: 2.3713663, Test MAE norm: 0.1894153
Epoch: 1971, LR: 0.000010, Loss: 0.1723696, Validation MAE: 1.7177486, Test MAE: 2.3694680, Test MAE norm: 0.1892637
Epoch: 1981, LR: 0.000010, Loss: 0.1720830, Validation MAE: 1.7255745, Test MAE: 2.3744986, Test MAE norm: 0.1896655
Epoch: 1982, LR: 0.000010, Loss: 0.1721405, Validation MAE: 1.7234275, Test MAE: 2.3752553, Test MAE norm: 0.1897260
Epoch: 1983, LR: 0.000010, Loss: 0.1722675, Validation MAE: 1.7229967, Test MAE: 2.3751218, Test MAE norm: 0.1897153
Epoch: 1986, LR: 0.000010, Loss: 0.1721583, Validation MAE: 1.7215606, Test MAE: 2.3721657, Test MAE norm: 0.1894792
Epoch: 1987, LR: 0.000010, Loss: 0.1722034, Validation MAE: 1.7204432, Test MAE: 2.3720675, Test MAE norm: 0.1894713
Epoch: 1990, LR: 0.000010, Loss: 0.1721133, Validation MAE: 1.7192330, Test MAE: 2.3713324, Test MAE norm: 0.1894126
Epoch: 1991, LR: 0.000010, Loss: 0.1722120, Validation MAE: 1.7182316, Test MAE: 2.3714113, Test MAE norm: 0.1894189
Epoch: 1991, LR: 0.000010, Loss: 0.1722120, Validation MAE: 1.7182316, Test MAE: 2.3714113, Test MAE norm: 0.1894189