Command line input: python run_count.py --batch_size 256 --target 0 --model IDGNN --h 3 --seed 1 --epoch 2000 --dataset easy-1
Mean = 7.924, Std = 12.519
Using IDGNN model

Epoch: 001, LR: 0.001000, Loss: 0.4404981, Validation MAE: 4.1103253, Test MAE: 4.6231165, Test MAE norm: 0.3692762
Epoch: 003, LR: 0.001000, Loss: 0.3498873, Validation MAE: 3.9781411, Test MAE: 3.9569623, Test MAE norm: 0.3160664
Epoch: 004, LR: 0.001000, Loss: 0.3348977, Validation MAE: 3.6821468, Test MAE: 3.8083754, Test MAE norm: 0.3041979
Epoch: 005, LR: 0.001000, Loss: 0.3133217, Validation MAE: 3.4782834, Test MAE: 3.6755388, Test MAE norm: 0.2935874
Epoch: 006, LR: 0.001000, Loss: 0.2975956, Validation MAE: 3.2595518, Test MAE: 3.2312431, Test MAE norm: 0.2580988
Epoch: 009, LR: 0.001000, Loss: 0.3046523, Validation MAE: 3.0941863, Test MAE: 3.2866561, Test MAE norm: 0.2625250
Epoch: 011, LR: 0.001000, Loss: 0.2939669, Validation MAE: 2.7494388, Test MAE: 3.2599869, Test MAE norm: 0.2603948
Epoch: 013, LR: 0.001000, Loss: 0.2745469, Validation MAE: 2.3461468, Test MAE: 3.1150601, Test MAE norm: 0.2488186
Epoch: 014, LR: 0.001000, Loss: 0.2297943, Validation MAE: 2.2680912, Test MAE: 2.9036622, Test MAE norm: 0.2319330
Epoch: 024, LR: 0.001000, Loss: 0.2532651, Validation MAE: 2.4550114, Test MAE: 2.8859642, Test MAE norm: 0.2305193
Epoch: 025, LR: 0.001000, Loss: 0.2310901, Validation MAE: 2.2697716, Test MAE: 2.7353265, Test MAE norm: 0.2184870
Epoch: 031, LR: 0.000900, Loss: 0.2480820, Validation MAE: 2.1415696, Test MAE: 2.8519897, Test MAE norm: 0.2278056
Epoch: 041, LR: 0.000900, Loss: 0.2591732, Validation MAE: 3.0709422, Test MAE: 3.6671424, Test MAE norm: 0.2929167
Epoch: 042, LR: 0.000900, Loss: 0.2617145, Validation MAE: 2.8936872, Test MAE: 3.5348561, Test MAE norm: 0.2823502
Epoch: 043, LR: 0.000810, Loss: 0.2529587, Validation MAE: 2.6581116, Test MAE: 3.3147988, Test MAE norm: 0.2647730
Epoch: 044, LR: 0.000810, Loss: 0.2409322, Validation MAE: 2.5167317, Test MAE: 3.1299336, Test MAE norm: 0.2500066
Epoch: 045, LR: 0.000810, Loss: 0.2308298, Validation MAE: 2.4233835, Test MAE: 3.0345879, Test MAE norm: 0.2423908
Epoch: 046, LR: 0.000810, Loss: 0.2228841, Validation MAE: 2.3043623, Test MAE: 2.9447596, Test MAE norm: 0.2352157
Epoch: 047, LR: 0.000810, Loss: 0.2115979, Validation MAE: 2.1943259, Test MAE: 2.8097146, Test MAE norm: 0.2244288
Epoch: 050, LR: 0.000810, Loss: 0.2379060, Validation MAE: 2.0898082, Test MAE: 2.6938171, Test MAE norm: 0.2151714
Epoch: 056, LR: 0.000810, Loss: 0.2189670, Validation MAE: 1.9940827, Test MAE: 2.6700771, Test MAE norm: 0.2132751
Epoch: 066, LR: 0.000810, Loss: 0.2033388, Validation MAE: 2.2654343, Test MAE: 2.7303414, Test MAE norm: 0.2180888
Epoch: 067, LR: 0.000810, Loss: 0.2097521, Validation MAE: 2.0763180, Test MAE: 2.6635480, Test MAE norm: 0.2127536
Epoch: 071, LR: 0.000729, Loss: 0.2023039, Validation MAE: 2.0389512, Test MAE: 2.6448712, Test MAE norm: 0.2112618
Epoch: 072, LR: 0.000729, Loss: 0.1950608, Validation MAE: 2.0237522, Test MAE: 2.7280190, Test MAE norm: 0.2179033
Epoch: 073, LR: 0.000729, Loss: 0.2030937, Validation MAE: 2.0136387, Test MAE: 2.6263216, Test MAE norm: 0.2097801
Epoch: 080, LR: 0.000656, Loss: 0.2012790, Validation MAE: 1.9775887, Test MAE: 2.6247468, Test MAE norm: 0.2096543
Epoch: 090, LR: 0.000656, Loss: 0.1914561, Validation MAE: 2.0771711, Test MAE: 2.5793850, Test MAE norm: 0.2060310
Epoch: 091, LR: 0.000656, Loss: 0.1933794, Validation MAE: 2.0080948, Test MAE: 2.5537128, Test MAE norm: 0.2039804
Epoch: 092, LR: 0.000590, Loss: 0.1906816, Validation MAE: 1.9925565, Test MAE: 2.5489876, Test MAE norm: 0.2036030
Epoch: 094, LR: 0.000590, Loss: 0.1908285, Validation MAE: 1.9878718, Test MAE: 2.5458231, Test MAE norm: 0.2033502
Epoch: 098, LR: 0.000590, Loss: 0.1897657, Validation MAE: 1.9756467, Test MAE: 2.5269027, Test MAE norm: 0.2018389
Epoch: 101, LR: 0.000590, Loss: 0.1892587, Validation MAE: 1.9676439, Test MAE: 2.5193260, Test MAE norm: 0.2012337
Epoch: 105, LR: 0.000590, Loss: 0.1882288, Validation MAE: 1.9495238, Test MAE: 2.5181091, Test MAE norm: 0.2011365
Epoch: 110, LR: 0.000590, Loss: 0.1891083, Validation MAE: 1.9376030, Test MAE: 2.5237031, Test MAE norm: 0.2015834
Epoch: 120, LR: 0.000590, Loss: 0.2033105, Validation MAE: 2.1435423, Test MAE: 2.6070943, Test MAE norm: 0.2082443
Epoch: 121, LR: 0.000590, Loss: 0.1949668, Validation MAE: 2.1363838, Test MAE: 2.6377165, Test MAE norm: 0.2106903
Epoch: 122, LR: 0.000531, Loss: 0.2095956, Validation MAE: 1.9738560, Test MAE: 2.5505803, Test MAE norm: 0.2037302
Epoch: 127, LR: 0.000531, Loss: 0.2072816, Validation MAE: 1.9673643, Test MAE: 2.5806746, Test MAE norm: 0.2061340
Epoch: 137, LR: 0.000478, Loss: 0.1940968, Validation MAE: 1.9765073, Test MAE: 2.5652385, Test MAE norm: 0.2049010
Epoch: 142, LR: 0.000478, Loss: 0.1923297, Validation MAE: 1.9739977, Test MAE: 2.5196831, Test MAE norm: 0.2012623
Epoch: 152, LR: 0.000430, Loss: 0.1893283, Validation MAE: 2.0239644, Test MAE: 2.5061889, Test MAE norm: 0.2001844
Epoch: 155, LR: 0.000387, Loss: 0.1872915, Validation MAE: 1.9902821, Test MAE: 2.5018146, Test MAE norm: 0.1998350
Epoch: 156, LR: 0.000387, Loss: 0.1867650, Validation MAE: 1.9789108, Test MAE: 2.4979517, Test MAE norm: 0.1995264
Epoch: 164, LR: 0.000387, Loss: 0.1863276, Validation MAE: 1.9747612, Test MAE: 2.5129921, Test MAE norm: 0.2007278
Epoch: 169, LR: 0.000349, Loss: 0.1855663, Validation MAE: 1.9632804, Test MAE: 2.5000844, Test MAE norm: 0.1996968
Epoch: 173, LR: 0.000349, Loss: 0.1850854, Validation MAE: 1.9615144, Test MAE: 2.4972613, Test MAE norm: 0.1994713
Epoch: 177, LR: 0.000314, Loss: 0.1845413, Validation MAE: 1.9565626, Test MAE: 2.4933915, Test MAE norm: 0.1991622
Epoch: 181, LR: 0.000314, Loss: 0.1842538, Validation MAE: 1.9521109, Test MAE: 2.4877172, Test MAE norm: 0.1987090
Epoch: 187, LR: 0.000314, Loss: 0.1840662, Validation MAE: 1.9515676, Test MAE: 2.4780285, Test MAE norm: 0.1979351
Epoch: 188, LR: 0.000282, Loss: 0.1837662, Validation MAE: 1.9430875, Test MAE: 2.4723134, Test MAE norm: 0.1974786
Epoch: 192, LR: 0.000282, Loss: 0.1831278, Validation MAE: 1.9218183, Test MAE: 2.4596758, Test MAE norm: 0.1964691
Epoch: 198, LR: 0.000282, Loss: 0.1834567, Validation MAE: 1.9110954, Test MAE: 2.4552441, Test MAE norm: 0.1961151
Epoch: 208, LR: 0.000282, Loss: 0.1965404, Validation MAE: 1.9229290, Test MAE: 2.4409268, Test MAE norm: 0.1949715
Epoch: 218, LR: 0.000254, Loss: 0.1885820, Validation MAE: 2.0011055, Test MAE: 2.4808249, Test MAE norm: 0.1981584
Epoch: 221, LR: 0.000229, Loss: 0.1865582, Validation MAE: 1.9508854, Test MAE: 2.4523575, Test MAE norm: 0.1958846
Epoch: 222, LR: 0.000229, Loss: 0.1838395, Validation MAE: 1.9439725, Test MAE: 2.4538195, Test MAE norm: 0.1960013
Epoch: 227, LR: 0.000229, Loss: 0.1830614, Validation MAE: 1.9436643, Test MAE: 2.4537416, Test MAE norm: 0.1959951
Epoch: 228, LR: 0.000229, Loss: 0.1843995, Validation MAE: 1.9390346, Test MAE: 2.4535530, Test MAE norm: 0.1959801
Epoch: 238, LR: 0.000206, Loss: 0.1827549, Validation MAE: 1.9190561, Test MAE: 2.4277654, Test MAE norm: 0.1939202
Epoch: 248, LR: 0.000185, Loss: 0.1818817, Validation MAE: 1.9500967, Test MAE: 2.4439080, Test MAE norm: 0.1952097
Epoch: 251, LR: 0.000185, Loss: 0.1822409, Validation MAE: 1.9219645, Test MAE: 2.4502203, Test MAE norm: 0.1957139
Epoch: 252, LR: 0.000185, Loss: 0.1815633, Validation MAE: 1.9196577, Test MAE: 2.4438872, Test MAE norm: 0.1952080
Epoch: 256, LR: 0.000167, Loss: 0.1812193, Validation MAE: 1.9152172, Test MAE: 2.4292996, Test MAE norm: 0.1940428
Epoch: 257, LR: 0.000167, Loss: 0.1813662, Validation MAE: 1.9146823, Test MAE: 2.4307323, Test MAE norm: 0.1941572
Epoch: 265, LR: 0.000150, Loss: 0.1806442, Validation MAE: 1.9025989, Test MAE: 2.4344907, Test MAE norm: 0.1944574
Epoch: 275, LR: 0.000150, Loss: 0.1804624, Validation MAE: 1.9073981, Test MAE: 2.4192784, Test MAE norm: 0.1932423
Epoch: 276, LR: 0.000150, Loss: 0.1804157, Validation MAE: 1.9023694, Test MAE: 2.4204061, Test MAE norm: 0.1933324
Epoch: 278, LR: 0.000150, Loss: 0.1803465, Validation MAE: 1.9001348, Test MAE: 2.4193053, Test MAE norm: 0.1932445
Epoch: 279, LR: 0.000150, Loss: 0.1800888, Validation MAE: 1.8995695, Test MAE: 2.4162495, Test MAE norm: 0.1930004
Epoch: 285, LR: 0.000150, Loss: 0.1799077, Validation MAE: 1.8864346, Test MAE: 2.4116330, Test MAE norm: 0.1926316
Epoch: 288, LR: 0.000150, Loss: 0.1826876, Validation MAE: 1.8831980, Test MAE: 2.4016244, Test MAE norm: 0.1918322
Epoch: 298, LR: 0.000150, Loss: 0.1800049, Validation MAE: 1.8982099, Test MAE: 2.4151378, Test MAE norm: 0.1929116
Epoch: 301, LR: 0.000135, Loss: 0.1794901, Validation MAE: 1.8794734, Test MAE: 2.4081182, Test MAE norm: 0.1923509
Epoch: 308, LR: 0.000135, Loss: 0.1794571, Validation MAE: 1.8755970, Test MAE: 2.3931487, Test MAE norm: 0.1911552
Epoch: 318, LR: 0.000135, Loss: 0.1798006, Validation MAE: 1.8837100, Test MAE: 2.3965912, Test MAE norm: 0.1914302
Epoch: 322, LR: 0.000122, Loss: 0.1789606, Validation MAE: 1.8788679, Test MAE: 2.3905129, Test MAE norm: 0.1909447
Epoch: 325, LR: 0.000122, Loss: 0.1793673, Validation MAE: 1.8755820, Test MAE: 2.3872423, Test MAE norm: 0.1906834
Epoch: 335, LR: 0.000109, Loss: 0.1788540, Validation MAE: 1.8774232, Test MAE: 2.4020503, Test MAE norm: 0.1918662
Epoch: 336, LR: 0.000109, Loss: 0.1782510, Validation MAE: 1.8523341, Test MAE: 2.3952231, Test MAE norm: 0.1913209
Epoch: 343, LR: 0.000109, Loss: 0.1784662, Validation MAE: 1.8520600, Test MAE: 2.3887672, Test MAE norm: 0.1908052
Epoch: 353, LR: 0.000109, Loss: 0.1791213, Validation MAE: 1.9328392, Test MAE: 2.4134421, Test MAE norm: 0.1927762
Epoch: 354, LR: 0.000109, Loss: 0.1795614, Validation MAE: 1.8959230, Test MAE: 2.3869298, Test MAE norm: 0.1906585
Epoch: 355, LR: 0.000098, Loss: 0.1780930, Validation MAE: 1.8734608, Test MAE: 2.3695016, Test MAE norm: 0.1892664
Epoch: 356, LR: 0.000098, Loss: 0.1793142, Validation MAE: 1.8732985, Test MAE: 2.3867979, Test MAE norm: 0.1906479
Epoch: 358, LR: 0.000098, Loss: 0.1787010, Validation MAE: 1.8341256, Test MAE: 2.3856616, Test MAE norm: 0.1905572
Epoch: 368, LR: 0.000098, Loss: 0.1790251, Validation MAE: 1.9418877, Test MAE: 2.4124665, Test MAE norm: 0.1926982
Epoch: 369, LR: 0.000098, Loss: 0.1810950, Validation MAE: 1.8659575, Test MAE: 2.3728011, Test MAE norm: 0.1895299
Epoch: 374, LR: 0.000089, Loss: 0.1774832, Validation MAE: 1.8520122, Test MAE: 2.3823946, Test MAE norm: 0.1902962
Epoch: 383, LR: 0.000080, Loss: 0.1774658, Validation MAE: 1.8434192, Test MAE: 2.3895898, Test MAE norm: 0.1908709
Epoch: 384, LR: 0.000080, Loss: 0.1802047, Validation MAE: 1.8428123, Test MAE: 2.3933496, Test MAE norm: 0.1911712
Epoch: 392, LR: 0.000072, Loss: 0.1772068, Validation MAE: 1.8390583, Test MAE: 2.3706989, Test MAE norm: 0.1893620
Epoch: 395, LR: 0.000072, Loss: 0.1778241, Validation MAE: 1.8367243, Test MAE: 2.3768997, Test MAE norm: 0.1898573
Epoch: 405, LR: 0.000065, Loss: 0.1770601, Validation MAE: 1.8281944, Test MAE: 2.3785894, Test MAE norm: 0.1899923
Epoch: 413, LR: 0.000065, Loss: 0.1770099, Validation MAE: 1.8200170, Test MAE: 2.3700294, Test MAE norm: 0.1893085
Epoch: 423, LR: 0.000065, Loss: 0.1768679, Validation MAE: 1.8647232, Test MAE: 2.3775580, Test MAE norm: 0.1899099
Epoch: 425, LR: 0.000058, Loss: 0.1775626, Validation MAE: 1.8504606, Test MAE: 2.3632331, Test MAE norm: 0.1887657
Epoch: 426, LR: 0.000058, Loss: 0.1764812, Validation MAE: 1.8340653, Test MAE: 2.3623893, Test MAE norm: 0.1886983
Epoch: 436, LR: 0.000052, Loss: 0.1761063, Validation MAE: 1.8480055, Test MAE: 2.3681033, Test MAE norm: 0.1891547
Epoch: 437, LR: 0.000052, Loss: 0.1765019, Validation MAE: 1.8233610, Test MAE: 2.3666921, Test MAE norm: 0.1890419
Epoch: 438, LR: 0.000052, Loss: 0.1760761, Validation MAE: 1.8131956, Test MAE: 2.3665848, Test MAE norm: 0.1890334
Epoch: 448, LR: 0.000052, Loss: 0.1762044, Validation MAE: 1.8135945, Test MAE: 2.3602698, Test MAE norm: 0.1885290
Epoch: 458, LR: 0.000047, Loss: 0.1758147, Validation MAE: 1.8330122, Test MAE: 2.3631101, Test MAE norm: 0.1887558
Epoch: 459, LR: 0.000047, Loss: 0.1757485, Validation MAE: 1.8165696, Test MAE: 2.3575871, Test MAE norm: 0.1883147
Epoch: 461, LR: 0.000042, Loss: 0.1755205, Validation MAE: 1.8144425, Test MAE: 2.3567979, Test MAE norm: 0.1882516
Epoch: 468, LR: 0.000042, Loss: 0.1756479, Validation MAE: 1.8108672, Test MAE: 2.3580267, Test MAE norm: 0.1883498
Epoch: 478, LR: 0.000042, Loss: 0.1753580, Validation MAE: 1.8116058, Test MAE: 2.3520651, Test MAE norm: 0.1878736
Epoch: 485, LR: 0.000038, Loss: 0.1750349, Validation MAE: 1.8016204, Test MAE: 2.3539839, Test MAE norm: 0.1880269
Epoch: 494, LR: 0.000038, Loss: 0.1757403, Validation MAE: 1.7997184, Test MAE: 2.3512962, Test MAE norm: 0.1878122
Epoch: 501, LR: 0.000038, Loss: 0.1749290, Validation MAE: 1.7976636, Test MAE: 2.3490605, Test MAE norm: 0.1876336
Epoch: 511, LR: 0.000038, Loss: 0.1754883, Validation MAE: 1.8152764, Test MAE: 2.3543701, Test MAE norm: 0.1880577
Epoch: 512, LR: 0.000038, Loss: 0.1747774, Validation MAE: 1.8133323, Test MAE: 2.3517294, Test MAE norm: 0.1878468
Epoch: 513, LR: 0.000034, Loss: 0.1746057, Validation MAE: 1.8062099, Test MAE: 2.3474774, Test MAE norm: 0.1875072
Epoch: 516, LR: 0.000034, Loss: 0.1746031, Validation MAE: 1.7984080, Test MAE: 2.3466084, Test MAE norm: 0.1874377
Epoch: 523, LR: 0.000034, Loss: 0.1744825, Validation MAE: 1.7973475, Test MAE: 2.3429382, Test MAE norm: 0.1871446
Epoch: 526, LR: 0.000034, Loss: 0.1748025, Validation MAE: 1.7962064, Test MAE: 2.3429620, Test MAE norm: 0.1871465
Epoch: 529, LR: 0.000034, Loss: 0.1747372, Validation MAE: 1.7960984, Test MAE: 2.3393896, Test MAE norm: 0.1868611
Epoch: 533, LR: 0.000034, Loss: 0.1752503, Validation MAE: 1.7948624, Test MAE: 2.3421917, Test MAE norm: 0.1870850
Epoch: 537, LR: 0.000034, Loss: 0.1742848, Validation MAE: 1.7883199, Test MAE: 2.3492708, Test MAE norm: 0.1876504
Epoch: 547, LR: 0.000034, Loss: 0.1748441, Validation MAE: 1.7870917, Test MAE: 2.3500724, Test MAE norm: 0.1877144
Epoch: 548, LR: 0.000034, Loss: 0.1754055, Validation MAE: 1.7812884, Test MAE: 2.3476217, Test MAE norm: 0.1875187
Epoch: 558, LR: 0.000034, Loss: 0.1742821, Validation MAE: 1.7861421, Test MAE: 2.3408995, Test MAE norm: 0.1869817
Epoch: 559, LR: 0.000034, Loss: 0.1740171, Validation MAE: 1.7860349, Test MAE: 2.3395755, Test MAE norm: 0.1868760
Epoch: 569, LR: 0.000031, Loss: 0.1749749, Validation MAE: 1.8146915, Test MAE: 2.3495293, Test MAE norm: 0.1876711
Epoch: 570, LR: 0.000031, Loss: 0.1747162, Validation MAE: 1.7745742, Test MAE: 2.3474665, Test MAE norm: 0.1875063
Epoch: 580, LR: 0.000031, Loss: 0.1735010, Validation MAE: 1.7878189, Test MAE: 2.3372490, Test MAE norm: 0.1866902
Epoch: 581, LR: 0.000031, Loss: 0.1734882, Validation MAE: 1.7839913, Test MAE: 2.3365877, Test MAE norm: 0.1866373
Epoch: 585, LR: 0.000028, Loss: 0.1735300, Validation MAE: 1.7778124, Test MAE: 2.3378105, Test MAE norm: 0.1867350
Epoch: 595, LR: 0.000025, Loss: 0.1733684, Validation MAE: 1.7821842, Test MAE: 2.3349423, Test MAE norm: 0.1865059
Epoch: 603, LR: 0.000025, Loss: 0.1741529, Validation MAE: 1.7803584, Test MAE: 2.3350096, Test MAE norm: 0.1865113
Epoch: 604, LR: 0.000023, Loss: 0.1741615, Validation MAE: 1.7779034, Test MAE: 2.3354473, Test MAE norm: 0.1865462
Epoch: 608, LR: 0.000023, Loss: 0.1734851, Validation MAE: 1.7771823, Test MAE: 2.3356953, Test MAE norm: 0.1865661
Epoch: 611, LR: 0.000023, Loss: 0.1739721, Validation MAE: 1.7710501, Test MAE: 2.3369648, Test MAE norm: 0.1866675
Epoch: 621, LR: 0.000023, Loss: 0.1729912, Validation MAE: 1.7850120, Test MAE: 2.3371372, Test MAE norm: 0.1866812
Epoch: 622, LR: 0.000023, Loss: 0.1731849, Validation MAE: 1.7745031, Test MAE: 2.3340216, Test MAE norm: 0.1864324
Epoch: 625, LR: 0.000020, Loss: 0.1730961, Validation MAE: 1.7739848, Test MAE: 2.3321590, Test MAE norm: 0.1862836
Epoch: 632, LR: 0.000020, Loss: 0.1728544, Validation MAE: 1.7718710, Test MAE: 2.3349330, Test MAE norm: 0.1865052
Epoch: 639, LR: 0.000018, Loss: 0.1728266, Validation MAE: 1.7675259, Test MAE: 2.3339434, Test MAE norm: 0.1864261
Epoch: 649, LR: 0.000018, Loss: 0.1730925, Validation MAE: 1.7661526, Test MAE: 2.3335974, Test MAE norm: 0.1863985
Epoch: 657, LR: 0.000018, Loss: 0.1739868, Validation MAE: 1.7661217, Test MAE: 2.3325191, Test MAE norm: 0.1863123
Epoch: 658, LR: 0.000018, Loss: 0.1727657, Validation MAE: 1.7639560, Test MAE: 2.3324673, Test MAE norm: 0.1863082
Epoch: 661, LR: 0.000018, Loss: 0.1736288, Validation MAE: 1.7628950, Test MAE: 2.3308363, Test MAE norm: 0.1861779
Epoch: 671, LR: 0.000018, Loss: 0.1729894, Validation MAE: 1.7644382, Test MAE: 2.3304560, Test MAE norm: 0.1861476
Epoch: 679, LR: 0.000016, Loss: 0.1724444, Validation MAE: 1.7635095, Test MAE: 2.3317714, Test MAE norm: 0.1862526
Epoch: 689, LR: 0.000015, Loss: 0.1728946, Validation MAE: 1.7684323, Test MAE: 2.3303499, Test MAE norm: 0.1861391
Epoch: 692, LR: 0.000015, Loss: 0.1726956, Validation MAE: 1.7665737, Test MAE: 2.3301296, Test MAE norm: 0.1861215
Epoch: 696, LR: 0.000013, Loss: 0.1729223, Validation MAE: 1.7660034, Test MAE: 2.3297369, Test MAE norm: 0.1860901
Epoch: 697, LR: 0.000013, Loss: 0.1726211, Validation MAE: 1.7651286, Test MAE: 2.3296895, Test MAE norm: 0.1860863
Epoch: 707, LR: 0.000012, Loss: 0.1725011, Validation MAE: 1.7739114, Test MAE: 2.3294418, Test MAE norm: 0.1860665
Epoch: 708, LR: 0.000012, Loss: 0.1723716, Validation MAE: 1.7611594, Test MAE: 2.3276978, Test MAE norm: 0.1859272
Epoch: 718, LR: 0.000012, Loss: 0.1720841, Validation MAE: 1.7628683, Test MAE: 2.3254628, Test MAE norm: 0.1857487
Epoch: 720, LR: 0.000011, Loss: 0.1721180, Validation MAE: 1.7619212, Test MAE: 2.3250015, Test MAE norm: 0.1857119
Epoch: 723, LR: 0.000011, Loss: 0.1721013, Validation MAE: 1.7588640, Test MAE: 2.3257554, Test MAE norm: 0.1857721
Epoch: 733, LR: 0.000011, Loss: 0.1719881, Validation MAE: 1.7662207, Test MAE: 2.3258760, Test MAE norm: 0.1857817
Epoch: 734, LR: 0.000011, Loss: 0.1720359, Validation MAE: 1.7595506, Test MAE: 2.3251901, Test MAE norm: 0.1857269
Epoch: 744, LR: 0.000010, Loss: 0.1726569, Validation MAE: 1.7634093, Test MAE: 2.3231421, Test MAE norm: 0.1855633
Epoch: 748, LR: 0.000010, Loss: 0.1718871, Validation MAE: 1.7606671, Test MAE: 2.3238885, Test MAE norm: 0.1856230
Epoch: 749, LR: 0.000010, Loss: 0.1722217, Validation MAE: 1.7603841, Test MAE: 2.3245280, Test MAE norm: 0.1856741
Epoch: 752, LR: 0.000010, Loss: 0.1718872, Validation MAE: 1.7593510, Test MAE: 2.3252013, Test MAE norm: 0.1857278
Epoch: 753, LR: 0.000010, Loss: 0.1724992, Validation MAE: 1.7586766, Test MAE: 2.3250098, Test MAE norm: 0.1857125
Epoch: 760, LR: 0.000010, Loss: 0.1717840, Validation MAE: 1.7549433, Test MAE: 2.3255591, Test MAE norm: 0.1857564
Epoch: 768, LR: 0.000010, Loss: 0.1717570, Validation MAE: 1.7549369, Test MAE: 2.3226016, Test MAE norm: 0.1855202
Epoch: 778, LR: 0.000010, Loss: 0.1722034, Validation MAE: 1.7721993, Test MAE: 2.3248534, Test MAE norm: 0.1857000
Epoch: 780, LR: 0.000010, Loss: 0.1722208, Validation MAE: 1.7623492, Test MAE: 2.3232214, Test MAE norm: 0.1855697
Epoch: 781, LR: 0.000010, Loss: 0.1717323, Validation MAE: 1.7588131, Test MAE: 2.3228841, Test MAE norm: 0.1855427
Epoch: 782, LR: 0.000010, Loss: 0.1724856, Validation MAE: 1.7562644, Test MAE: 2.3240204, Test MAE norm: 0.1856335
Epoch: 785, LR: 0.000010, Loss: 0.1721982, Validation MAE: 1.7557018, Test MAE: 2.3252320, Test MAE norm: 0.1857303
Epoch: 786, LR: 0.000010, Loss: 0.1716523, Validation MAE: 1.7539296, Test MAE: 2.3261793, Test MAE norm: 0.1858059
Epoch: 796, LR: 0.000010, Loss: 0.1716452, Validation MAE: 1.7653849, Test MAE: 2.3241549, Test MAE norm: 0.1856442
Epoch: 797, LR: 0.000010, Loss: 0.1719367, Validation MAE: 1.7503300, Test MAE: 2.3238573, Test MAE norm: 0.1856205
Epoch: 807, LR: 0.000010, Loss: 0.1715434, Validation MAE: 1.7533451, Test MAE: 2.3233979, Test MAE norm: 0.1855838
Epoch: 808, LR: 0.000010, Loss: 0.1722229, Validation MAE: 1.7507862, Test MAE: 2.3232188, Test MAE norm: 0.1855695
Epoch: 814, LR: 0.000010, Loss: 0.1715002, Validation MAE: 1.7504119, Test MAE: 2.3234818, Test MAE norm: 0.1855905
Epoch: 815, LR: 0.000010, Loss: 0.1714630, Validation MAE: 1.7502824, Test MAE: 2.3236225, Test MAE norm: 0.1856017
Epoch: 822, LR: 0.000010, Loss: 0.1718953, Validation MAE: 1.7495426, Test MAE: 2.3231685, Test MAE norm: 0.1855655
Epoch: 832, LR: 0.000010, Loss: 0.1713925, Validation MAE: 1.7562604, Test MAE: 2.3224890, Test MAE norm: 0.1855112
Epoch: 833, LR: 0.000010, Loss: 0.1716161, Validation MAE: 1.7461777, Test MAE: 2.3230650, Test MAE norm: 0.1855572
Epoch: 834, LR: 0.000010, Loss: 0.1715063, Validation MAE: 1.7454646, Test MAE: 2.3236520, Test MAE norm: 0.1856041
Epoch: 844, LR: 0.000010, Loss: 0.1714219, Validation MAE: 1.7753541, Test MAE: 2.3233225, Test MAE norm: 0.1855778
Epoch: 845, LR: 0.000010, Loss: 0.1720881, Validation MAE: 1.7632805, Test MAE: 2.3221018, Test MAE norm: 0.1854803
Epoch: 846, LR: 0.000010, Loss: 0.1717146, Validation MAE: 1.7500542, Test MAE: 2.3227842, Test MAE norm: 0.1855348
Epoch: 847, LR: 0.000010, Loss: 0.1720309, Validation MAE: 1.7486891, Test MAE: 2.3237424, Test MAE norm: 0.1856113
Epoch: 854, LR: 0.000010, Loss: 0.1715289, Validation MAE: 1.7482494, Test MAE: 2.3230069, Test MAE norm: 0.1855526
Epoch: 855, LR: 0.000010, Loss: 0.1719884, Validation MAE: 1.7476385, Test MAE: 2.3223100, Test MAE norm: 0.1854969
Epoch: 862, LR: 0.000010, Loss: 0.1712091, Validation MAE: 1.7476128, Test MAE: 2.3219855, Test MAE norm: 0.1854710
Epoch: 863, LR: 0.000010, Loss: 0.1716993, Validation MAE: 1.7473211, Test MAE: 2.3217072, Test MAE norm: 0.1854487
Epoch: 866, LR: 0.000010, Loss: 0.1720681, Validation MAE: 1.7461852, Test MAE: 2.3218760, Test MAE norm: 0.1854622
Epoch: 876, LR: 0.000010, Loss: 0.1718469, Validation MAE: 1.7456304, Test MAE: 2.3205733, Test MAE norm: 0.1853582
Epoch: 878, LR: 0.000010, Loss: 0.1717094, Validation MAE: 1.7437699, Test MAE: 2.3209927, Test MAE norm: 0.1853917
Epoch: 888, LR: 0.000010, Loss: 0.1713629, Validation MAE: 1.7501599, Test MAE: 2.3215361, Test MAE norm: 0.1854351
Epoch: 889, LR: 0.000010, Loss: 0.1711951, Validation MAE: 1.7480447, Test MAE: 2.3228247, Test MAE norm: 0.1855380
Epoch: 890, LR: 0.000010, Loss: 0.1718008, Validation MAE: 1.7474430, Test MAE: 2.3221910, Test MAE norm: 0.1854874
Epoch: 893, LR: 0.000010, Loss: 0.1713568, Validation MAE: 1.7471489, Test MAE: 2.3217549, Test MAE norm: 0.1854526
Epoch: 897, LR: 0.000010, Loss: 0.1713054, Validation MAE: 1.7461944, Test MAE: 2.3228443, Test MAE norm: 0.1855396
Epoch: 898, LR: 0.000010, Loss: 0.1716886, Validation MAE: 1.7458906, Test MAE: 2.3227334, Test MAE norm: 0.1855307
Epoch: 905, LR: 0.000010, Loss: 0.1712555, Validation MAE: 1.7452476, Test MAE: 2.3222349, Test MAE norm: 0.1854909
Epoch: 906, LR: 0.000010, Loss: 0.1716055, Validation MAE: 1.7450687, Test MAE: 2.3220024, Test MAE norm: 0.1854723
Epoch: 909, LR: 0.000010, Loss: 0.1711957, Validation MAE: 1.7447526, Test MAE: 2.3214319, Test MAE norm: 0.1854267
Epoch: 910, LR: 0.000010, Loss: 0.1713797, Validation MAE: 1.7445239, Test MAE: 2.3212290, Test MAE norm: 0.1854105
Epoch: 913, LR: 0.000010, Loss: 0.1711421, Validation MAE: 1.7432822, Test MAE: 2.3217294, Test MAE norm: 0.1854505
Epoch: 914, LR: 0.000010, Loss: 0.1712687, Validation MAE: 1.7407714, Test MAE: 2.3220968, Test MAE norm: 0.1854799
Epoch: 917, LR: 0.000010, Loss: 0.1711255, Validation MAE: 1.7401537, Test MAE: 2.3217998, Test MAE norm: 0.1854561
Epoch: 918, LR: 0.000010, Loss: 0.1711683, Validation MAE: 1.7399293, Test MAE: 2.3212023, Test MAE norm: 0.1854084
Epoch: 928, LR: 0.000010, Loss: 0.1709543, Validation MAE: 1.7397138, Test MAE: 2.3206046, Test MAE norm: 0.1853607
Epoch: 929, LR: 0.000010, Loss: 0.1709064, Validation MAE: 1.7392451, Test MAE: 2.3212304, Test MAE norm: 0.1854106
Epoch: 930, LR: 0.000010, Loss: 0.1709137, Validation MAE: 1.7385359, Test MAE: 2.3214352, Test MAE norm: 0.1854270
Epoch: 940, LR: 0.000010, Loss: 0.1709596, Validation MAE: 1.7373289, Test MAE: 2.3213866, Test MAE norm: 0.1854231
Epoch: 949, LR: 0.000010, Loss: 0.1707518, Validation MAE: 1.7366368, Test MAE: 2.3191123, Test MAE norm: 0.1852415
Epoch: 950, LR: 0.000010, Loss: 0.1708025, Validation MAE: 1.7363657, Test MAE: 2.3202405, Test MAE norm: 0.1853316
Epoch: 952, LR: 0.000010, Loss: 0.1708246, Validation MAE: 1.7355424, Test MAE: 2.3195379, Test MAE norm: 0.1852755
Epoch: 962, LR: 0.000010, Loss: 0.1711649, Validation MAE: 1.7407268, Test MAE: 2.3186579, Test MAE norm: 0.1852052
Epoch: 964, LR: 0.000010, Loss: 0.1709064, Validation MAE: 1.7352012, Test MAE: 2.3216391, Test MAE norm: 0.1854433
Epoch: 965, LR: 0.000010, Loss: 0.1707446, Validation MAE: 1.7346485, Test MAE: 2.3226061, Test MAE norm: 0.1855205
Epoch: 974, LR: 0.000010, Loss: 0.1706035, Validation MAE: 1.7331423, Test MAE: 2.3196681, Test MAE norm: 0.1852859
Epoch: 975, LR: 0.000010, Loss: 0.1707167, Validation MAE: 1.7305994, Test MAE: 2.3210170, Test MAE norm: 0.1853936
Epoch: 985, LR: 0.000010, Loss: 0.1711915, Validation MAE: 1.7342955, Test MAE: 2.3176124, Test MAE norm: 0.1851217
Epoch: 988, LR: 0.000010, Loss: 0.1713475, Validation MAE: 1.7333140, Test MAE: 2.3186576, Test MAE norm: 0.1852051
Epoch: 989, LR: 0.000010, Loss: 0.1705638, Validation MAE: 1.7327048, Test MAE: 2.3202500, Test MAE norm: 0.1853323
Epoch: 990, LR: 0.000010, Loss: 0.1708068, Validation MAE: 1.7325395, Test MAE: 2.3199356, Test MAE norm: 0.1853072
Epoch: 993, LR: 0.000010, Loss: 0.1707875, Validation MAE: 1.7321903, Test MAE: 2.3188374, Test MAE norm: 0.1852195
Epoch: 1003, LR: 0.000010, Loss: 0.1708318, Validation MAE: 1.7372701, Test MAE: 2.3169975, Test MAE norm: 0.1850725
Epoch: 1004, LR: 0.000010, Loss: 0.1707201, Validation MAE: 1.7330594, Test MAE: 2.3187211, Test MAE norm: 0.1852102
Epoch: 1005, LR: 0.000010, Loss: 0.1708175, Validation MAE: 1.7319851, Test MAE: 2.3192127, Test MAE norm: 0.1852495
Epoch: 1007, LR: 0.000010, Loss: 0.1706151, Validation MAE: 1.7318686, Test MAE: 2.3178346, Test MAE norm: 0.1851394
Epoch: 1014, LR: 0.000010, Loss: 0.1707034, Validation MAE: 1.7305572, Test MAE: 2.3188293, Test MAE norm: 0.1852189
Epoch: 1016, LR: 0.000010, Loss: 0.1707455, Validation MAE: 1.7274445, Test MAE: 2.3211379, Test MAE norm: 0.1854033
Epoch: 1017, LR: 0.000010, Loss: 0.1704204, Validation MAE: 1.7253710, Test MAE: 2.3211875, Test MAE norm: 0.1854072
Epoch: 1019, LR: 0.000010, Loss: 0.1706704, Validation MAE: 1.7253423, Test MAE: 2.3209512, Test MAE norm: 0.1853884
Epoch: 1029, LR: 0.000010, Loss: 0.1710289, Validation MAE: 1.7378192, Test MAE: 2.3187938, Test MAE norm: 0.1852160
Epoch: 1030, LR: 0.000010, Loss: 0.1709463, Validation MAE: 1.7214757, Test MAE: 2.3228419, Test MAE norm: 0.1855394
Epoch: 1031, LR: 0.000010, Loss: 0.1704909, Validation MAE: 1.7208364, Test MAE: 2.3216927, Test MAE norm: 0.1854476
Epoch: 1041, LR: 0.000010, Loss: 0.1701958, Validation MAE: 1.7365068, Test MAE: 2.3168900, Test MAE norm: 0.1850640
Epoch: 1042, LR: 0.000010, Loss: 0.1708710, Validation MAE: 1.7254322, Test MAE: 2.3201771, Test MAE norm: 0.1853265
Epoch: 1043, LR: 0.000010, Loss: 0.1704838, Validation MAE: 1.7186955, Test MAE: 2.3248513, Test MAE norm: 0.1856999
Epoch: 1044, LR: 0.000010, Loss: 0.1706854, Validation MAE: 1.7180493, Test MAE: 2.3219993, Test MAE norm: 0.1854721
Epoch: 1052, LR: 0.000010, Loss: 0.1705153, Validation MAE: 1.7178919, Test MAE: 2.3241513, Test MAE norm: 0.1856440
Epoch: 1053, LR: 0.000010, Loss: 0.1706408, Validation MAE: 1.7172335, Test MAE: 2.3252604, Test MAE norm: 0.1857326
Epoch: 1063, LR: 0.000010, Loss: 0.1708583, Validation MAE: 1.7321594, Test MAE: 2.3138301, Test MAE norm: 0.1848195
Epoch: 1064, LR: 0.000010, Loss: 0.1715791, Validation MAE: 1.7277943, Test MAE: 2.3130188, Test MAE norm: 0.1847547
Epoch: 1067, LR: 0.000010, Loss: 0.1710965, Validation MAE: 1.7173487, Test MAE: 2.3188210, Test MAE norm: 0.1852182
Epoch: 1068, LR: 0.000010, Loss: 0.1699407, Validation MAE: 1.7148598, Test MAE: 2.3247139, Test MAE norm: 0.1856889
Epoch: 1069, LR: 0.000010, Loss: 0.1706778, Validation MAE: 1.7132452, Test MAE: 2.3235753, Test MAE norm: 0.1855980
Epoch: 1079, LR: 0.000010, Loss: 0.1699542, Validation MAE: 1.7157068, Test MAE: 2.3284755, Test MAE norm: 0.1859894
Epoch: 1089, LR: 0.000010, Loss: 0.1716001, Validation MAE: 1.7276683, Test MAE: 2.3101661, Test MAE norm: 0.1845269
Epoch: 1090, LR: 0.000010, Loss: 0.1701052, Validation MAE: 1.7248151, Test MAE: 2.3161001, Test MAE norm: 0.1850009
Epoch: 1091, LR: 0.000010, Loss: 0.1710021, Validation MAE: 1.7214800, Test MAE: 2.3182456, Test MAE norm: 0.1851722
Epoch: 1092, LR: 0.000010, Loss: 0.1709306, Validation MAE: 1.7179861, Test MAE: 2.3157008, Test MAE norm: 0.1849690
Epoch: 1094, LR: 0.000010, Loss: 0.1704689, Validation MAE: 1.7152249, Test MAE: 2.3169563, Test MAE norm: 0.1850692
Epoch: 1099, LR: 0.000010, Loss: 0.1706579, Validation MAE: 1.7141912, Test MAE: 2.3196516, Test MAE norm: 0.1852845
Epoch: 1104, LR: 0.000010, Loss: 0.1711431, Validation MAE: 1.7139733, Test MAE: 2.3180704, Test MAE norm: 0.1851582
Epoch: 1111, LR: 0.000010, Loss: 0.1701905, Validation MAE: 1.7135003, Test MAE: 2.3162441, Test MAE norm: 0.1850124
Epoch: 1113, LR: 0.000010, Loss: 0.1700791, Validation MAE: 1.7104980, Test MAE: 2.3181913, Test MAE norm: 0.1851679
Epoch: 1123, LR: 0.000010, Loss: 0.1697577, Validation MAE: 1.7097720, Test MAE: 2.3199060, Test MAE norm: 0.1853049
Epoch: 1133, LR: 0.000010, Loss: 0.1697732, Validation MAE: 1.7147340, Test MAE: 2.3165321, Test MAE norm: 0.1850354
Epoch: 1134, LR: 0.000010, Loss: 0.1698149, Validation MAE: 1.7143394, Test MAE: 2.3148952, Test MAE norm: 0.1849046
Epoch: 1140, LR: 0.000010, Loss: 0.1697521, Validation MAE: 1.7142024, Test MAE: 2.3154933, Test MAE norm: 0.1849524
Epoch: 1143, LR: 0.000010, Loss: 0.1697750, Validation MAE: 1.7082818, Test MAE: 2.3232725, Test MAE norm: 0.1855738
Epoch: 1151, LR: 0.000010, Loss: 0.1694835, Validation MAE: 1.7079545, Test MAE: 2.3202076, Test MAE norm: 0.1853290
Epoch: 1161, LR: 0.000010, Loss: 0.1700379, Validation MAE: 1.7247281, Test MAE: 2.3074915, Test MAE norm: 0.1843133
Epoch: 1162, LR: 0.000010, Loss: 0.1701609, Validation MAE: 1.7148054, Test MAE: 2.3126347, Test MAE norm: 0.1847241
Epoch: 1163, LR: 0.000010, Loss: 0.1694917, Validation MAE: 1.7118152, Test MAE: 2.3170860, Test MAE norm: 0.1850796
Epoch: 1166, LR: 0.000010, Loss: 0.1695525, Validation MAE: 1.7103159, Test MAE: 2.3190596, Test MAE norm: 0.1852373
Epoch: 1176, LR: 0.000010, Loss: 0.1695543, Validation MAE: 1.7221410, Test MAE: 2.3070135, Test MAE norm: 0.1842751
Epoch: 1177, LR: 0.000010, Loss: 0.1701126, Validation MAE: 1.7200118, Test MAE: 2.3073134, Test MAE norm: 0.1842990
Epoch: 1178, LR: 0.000010, Loss: 0.1699146, Validation MAE: 1.7141845, Test MAE: 2.3144450, Test MAE norm: 0.1848687
Epoch: 1179, LR: 0.000010, Loss: 0.1698154, Validation MAE: 1.7135869, Test MAE: 2.3150265, Test MAE norm: 0.1849151
Epoch: 1182, LR: 0.000010, Loss: 0.1696102, Validation MAE: 1.7121643, Test MAE: 2.3150039, Test MAE norm: 0.1849133
Epoch: 1186, LR: 0.000010, Loss: 0.1695691, Validation MAE: 1.7103235, Test MAE: 2.3185067, Test MAE norm: 0.1851931
Epoch: 1187, LR: 0.000010, Loss: 0.1697719, Validation MAE: 1.7097585, Test MAE: 2.3165300, Test MAE norm: 0.1850352
Epoch: 1190, LR: 0.000010, Loss: 0.1696785, Validation MAE: 1.7095109, Test MAE: 2.3199809, Test MAE norm: 0.1853108
Epoch: 1196, LR: 0.000010, Loss: 0.1698807, Validation MAE: 1.7090534, Test MAE: 2.3128340, Test MAE norm: 0.1847400
Epoch: 1198, LR: 0.000010, Loss: 0.1697797, Validation MAE: 1.7051932, Test MAE: 2.3162651, Test MAE norm: 0.1850140
Epoch: 1199, LR: 0.000010, Loss: 0.1692414, Validation MAE: 1.7032937, Test MAE: 2.3220212, Test MAE norm: 0.1854738
Epoch: 1209, LR: 0.000010, Loss: 0.1695265, Validation MAE: 1.7066389, Test MAE: 2.3126898, Test MAE norm: 0.1847285
Epoch: 1210, LR: 0.000010, Loss: 0.1692277, Validation MAE: 1.7056664, Test MAE: 2.3150306, Test MAE norm: 0.1849154
Epoch: 1211, LR: 0.000010, Loss: 0.1692450, Validation MAE: 1.7022215, Test MAE: 2.3215599, Test MAE norm: 0.1854370
Epoch: 1214, LR: 0.000010, Loss: 0.1694642, Validation MAE: 1.7021170, Test MAE: 2.3185515, Test MAE norm: 0.1851967
Epoch: 1219, LR: 0.000010, Loss: 0.1690970, Validation MAE: 1.7013869, Test MAE: 2.3182554, Test MAE norm: 0.1851730
Epoch: 1229, LR: 0.000010, Loss: 0.1695353, Validation MAE: 1.7035877, Test MAE: 2.3177638, Test MAE norm: 0.1851338
Epoch: 1230, LR: 0.000010, Loss: 0.1695213, Validation MAE: 1.7032695, Test MAE: 2.3184311, Test MAE norm: 0.1851871
Epoch: 1240, LR: 0.000010, Loss: 0.1693418, Validation MAE: 1.7048572, Test MAE: 2.3111668, Test MAE norm: 0.1846068
Epoch: 1241, LR: 0.000010, Loss: 0.1691045, Validation MAE: 1.7040277, Test MAE: 2.3160739, Test MAE norm: 0.1849988
Epoch: 1242, LR: 0.000010, Loss: 0.1694410, Validation MAE: 1.7025930, Test MAE: 2.3154480, Test MAE norm: 0.1849488
Epoch: 1245, LR: 0.000010, Loss: 0.1695062, Validation MAE: 1.6998950, Test MAE: 2.3187051, Test MAE norm: 0.1852089
Epoch: 1246, LR: 0.000010, Loss: 0.1692328, Validation MAE: 1.6992205, Test MAE: 2.3191450, Test MAE norm: 0.1852441
Epoch: 1249, LR: 0.000010, Loss: 0.1694135, Validation MAE: 1.6991529, Test MAE: 2.3191185, Test MAE norm: 0.1852420
Epoch: 1258, LR: 0.000010, Loss: 0.1695852, Validation MAE: 1.6984535, Test MAE: 2.3177738, Test MAE norm: 0.1851346
Epoch: 1261, LR: 0.000010, Loss: 0.1696472, Validation MAE: 1.6973866, Test MAE: 2.3182983, Test MAE norm: 0.1851764
Epoch: 1262, LR: 0.000010, Loss: 0.1690505, Validation MAE: 1.6971160, Test MAE: 2.3191240, Test MAE norm: 0.1852424
Epoch: 1265, LR: 0.000010, Loss: 0.1691595, Validation MAE: 1.6950047, Test MAE: 2.3205419, Test MAE norm: 0.1853556
Epoch: 1275, LR: 0.000010, Loss: 0.1690635, Validation MAE: 1.7009381, Test MAE: 2.3133421, Test MAE norm: 0.1847806
Epoch: 1276, LR: 0.000010, Loss: 0.1693430, Validation MAE: 1.6986173, Test MAE: 2.3161335, Test MAE norm: 0.1850035
Epoch: 1277, LR: 0.000010, Loss: 0.1692062, Validation MAE: 1.6941365, Test MAE: 2.3234203, Test MAE norm: 0.1855856
Epoch: 1287, LR: 0.000010, Loss: 0.1699748, Validation MAE: 1.6949857, Test MAE: 2.3262420, Test MAE norm: 0.1858110
Epoch: 1295, LR: 0.000010, Loss: 0.1692594, Validation MAE: 1.6948673, Test MAE: 2.3149409, Test MAE norm: 0.1849083
Epoch: 1296, LR: 0.000010, Loss: 0.1688793, Validation MAE: 1.6941960, Test MAE: 2.3211308, Test MAE norm: 0.1854027
Epoch: 1297, LR: 0.000010, Loss: 0.1692610, Validation MAE: 1.6934787, Test MAE: 2.3151059, Test MAE norm: 0.1849215
Epoch: 1299, LR: 0.000010, Loss: 0.1693244, Validation MAE: 1.6906756, Test MAE: 2.3186486, Test MAE norm: 0.1852044
Epoch: 1309, LR: 0.000010, Loss: 0.1690803, Validation MAE: 1.7012433, Test MAE: 2.3104236, Test MAE norm: 0.1845475
Epoch: 1311, LR: 0.000010, Loss: 0.1694329, Validation MAE: 1.6933746, Test MAE: 2.3167455, Test MAE norm: 0.1850524
Epoch: 1312, LR: 0.000010, Loss: 0.1688687, Validation MAE: 1.6921030, Test MAE: 2.3199923, Test MAE norm: 0.1853118
Epoch: 1313, LR: 0.000010, Loss: 0.1690632, Validation MAE: 1.6919996, Test MAE: 2.3157670, Test MAE norm: 0.1849743
Epoch: 1314, LR: 0.000010, Loss: 0.1688607, Validation MAE: 1.6891110, Test MAE: 2.3185692, Test MAE norm: 0.1851981
Epoch: 1324, LR: 0.000010, Loss: 0.1687053, Validation MAE: 1.6892081, Test MAE: 2.3216662, Test MAE norm: 0.1854455
Epoch: 1326, LR: 0.000010, Loss: 0.1687949, Validation MAE: 1.6886345, Test MAE: 2.3215034, Test MAE norm: 0.1854325
Epoch: 1327, LR: 0.000010, Loss: 0.1686629, Validation MAE: 1.6874002, Test MAE: 2.3206992, Test MAE norm: 0.1853682
Epoch: 1328, LR: 0.000010, Loss: 0.1686550, Validation MAE: 1.6872678, Test MAE: 2.3223717, Test MAE norm: 0.1855018
Epoch: 1338, LR: 0.000010, Loss: 0.1695032, Validation MAE: 1.6982313, Test MAE: 2.3130171, Test MAE norm: 0.1847546
Epoch: 1339, LR: 0.000010, Loss: 0.1693933, Validation MAE: 1.6843042, Test MAE: 2.3255327, Test MAE norm: 0.1857543
Epoch: 1349, LR: 0.000010, Loss: 0.1686092, Validation MAE: 1.6880398, Test MAE: 2.3183446, Test MAE norm: 0.1851801
Epoch: 1350, LR: 0.000010, Loss: 0.1686930, Validation MAE: 1.6869382, Test MAE: 2.3199928, Test MAE norm: 0.1853118
Epoch: 1357, LR: 0.000010, Loss: 0.1691380, Validation MAE: 1.6866691, Test MAE: 2.3196459, Test MAE norm: 0.1852841
Epoch: 1359, LR: 0.000010, Loss: 0.1690499, Validation MAE: 1.6866391, Test MAE: 2.3187060, Test MAE norm: 0.1852090
Epoch: 1361, LR: 0.000010, Loss: 0.1691081, Validation MAE: 1.6862240, Test MAE: 2.3182099, Test MAE norm: 0.1851694
Epoch: 1368, LR: 0.000010, Loss: 0.1689325, Validation MAE: 1.6855832, Test MAE: 2.3200488, Test MAE norm: 0.1853163
Epoch: 1369, LR: 0.000010, Loss: 0.1687133, Validation MAE: 1.6813695, Test MAE: 2.3289402, Test MAE norm: 0.1860265
Epoch: 1379, LR: 0.000010, Loss: 0.1687332, Validation MAE: 1.6818379, Test MAE: 2.3306317, Test MAE norm: 0.1861616
Epoch: 1389, LR: 0.000010, Loss: 0.1684345, Validation MAE: 1.6861918, Test MAE: 2.3144944, Test MAE norm: 0.1848726
Epoch: 1391, LR: 0.000010, Loss: 0.1689938, Validation MAE: 1.6854547, Test MAE: 2.3185401, Test MAE norm: 0.1851958
Epoch: 1394, LR: 0.000010, Loss: 0.1690362, Validation MAE: 1.6832569, Test MAE: 2.3323646, Test MAE norm: 0.1863000
Epoch: 1404, LR: 0.000010, Loss: 0.1689987, Validation MAE: 1.6908250, Test MAE: 2.3085268, Test MAE norm: 0.1843959
Epoch: 1405, LR: 0.000010, Loss: 0.1688160, Validation MAE: 1.6882042, Test MAE: 2.3114014, Test MAE norm: 0.1846256
Epoch: 1406, LR: 0.000010, Loss: 0.1685544, Validation MAE: 1.6862245, Test MAE: 2.3264682, Test MAE norm: 0.1858290
Epoch: 1407, LR: 0.000010, Loss: 0.1690015, Validation MAE: 1.6843934, Test MAE: 2.3231177, Test MAE norm: 0.1855614
Epoch: 1410, LR: 0.000010, Loss: 0.1686059, Validation MAE: 1.6825445, Test MAE: 2.3305342, Test MAE norm: 0.1861538
Epoch: 1416, LR: 0.000010, Loss: 0.1686148, Validation MAE: 1.6787502, Test MAE: 2.3268201, Test MAE norm: 0.1858571
Epoch: 1426, LR: 0.000010, Loss: 0.1691973, Validation MAE: 1.6842571, Test MAE: 2.3303516, Test MAE norm: 0.1861392
Epoch: 1429, LR: 0.000010, Loss: 0.1691885, Validation MAE: 1.6838475, Test MAE: 2.3228703, Test MAE norm: 0.1855416
Epoch: 1430, LR: 0.000010, Loss: 0.1685940, Validation MAE: 1.6827354, Test MAE: 2.3297532, Test MAE norm: 0.1860914
Epoch: 1437, LR: 0.000010, Loss: 0.1683887, Validation MAE: 1.6823169, Test MAE: 2.3292665, Test MAE norm: 0.1860525
Epoch: 1443, LR: 0.000010, Loss: 0.1686496, Validation MAE: 1.6783266, Test MAE: 2.3228202, Test MAE norm: 0.1855376
Epoch: 1452, LR: 0.000010, Loss: 0.1682466, Validation MAE: 1.6749579, Test MAE: 2.3358319, Test MAE norm: 0.1865770
Epoch: 1462, LR: 0.000010, Loss: 0.1684822, Validation MAE: 1.6789651, Test MAE: 2.3243401, Test MAE norm: 0.1856590
Epoch: 1472, LR: 0.000010, Loss: 0.1683976, Validation MAE: 1.6834472, Test MAE: 2.3309710, Test MAE norm: 0.1861887
Epoch: 1479, LR: 0.000010, Loss: 0.1684050, Validation MAE: 1.6828272, Test MAE: 2.3401141, Test MAE norm: 0.1869190
Epoch: 1488, LR: 0.000010, Loss: 0.1691342, Validation MAE: 1.6728159, Test MAE: 2.3403301, Test MAE norm: 0.1869363
Epoch: 1498, LR: 0.000010, Loss: 0.1688498, Validation MAE: 1.6803812, Test MAE: 2.3198237, Test MAE norm: 0.1852983
Epoch: 1503, LR: 0.000010, Loss: 0.1682968, Validation MAE: 1.6778090, Test MAE: 2.3248365, Test MAE norm: 0.1856987
Epoch: 1505, LR: 0.000010, Loss: 0.1684665, Validation MAE: 1.6767123, Test MAE: 2.3250096, Test MAE norm: 0.1857125
Epoch: 1515, LR: 0.000010, Loss: 0.1682020, Validation MAE: 1.6820772, Test MAE: 2.3315451, Test MAE norm: 0.1862345
Epoch: 1520, LR: 0.000010, Loss: 0.1686621, Validation MAE: 1.6785845, Test MAE: 2.3242235, Test MAE norm: 0.1856497
Epoch: 1522, LR: 0.000010, Loss: 0.1684617, Validation MAE: 1.6778927, Test MAE: 2.3255477, Test MAE norm: 0.1857555
Epoch: 1530, LR: 0.000010, Loss: 0.1684721, Validation MAE: 1.6730802, Test MAE: 2.3371401, Test MAE norm: 0.1866814
Epoch: 1540, LR: 0.000010, Loss: 0.1683780, Validation MAE: 1.6880850, Test MAE: 2.3129759, Test MAE norm: 0.1847513
Epoch: 1541, LR: 0.000010, Loss: 0.1684269, Validation MAE: 1.6878767, Test MAE: 2.3087649, Test MAE norm: 0.1844150
Epoch: 1542, LR: 0.000010, Loss: 0.1683709, Validation MAE: 1.6869032, Test MAE: 2.3115480, Test MAE norm: 0.1846373
Epoch: 1543, LR: 0.000010, Loss: 0.1685157, Validation MAE: 1.6770691, Test MAE: 2.3312933, Test MAE norm: 0.1862144
Epoch: 1553, LR: 0.000010, Loss: 0.1681564, Validation MAE: 1.6794513, Test MAE: 2.3286417, Test MAE norm: 0.1860026
Epoch: 1560, LR: 0.000010, Loss: 0.1685373, Validation MAE: 1.6753294, Test MAE: 2.3280568, Test MAE norm: 0.1859559
Epoch: 1570, LR: 0.000010, Loss: 0.1681262, Validation MAE: 1.6821985, Test MAE: 2.3176606, Test MAE norm: 0.1851255
Epoch: 1571, LR: 0.000010, Loss: 0.1681837, Validation MAE: 1.6812606, Test MAE: 2.3164024, Test MAE norm: 0.1850250
Epoch: 1572, LR: 0.000010, Loss: 0.1681188, Validation MAE: 1.6807643, Test MAE: 2.3134809, Test MAE norm: 0.1847917
Epoch: 1573, LR: 0.000010, Loss: 0.1680947, Validation MAE: 1.6758046, Test MAE: 2.3254855, Test MAE norm: 0.1857505
Epoch: 1575, LR: 0.000010, Loss: 0.1680443, Validation MAE: 1.6755853, Test MAE: 2.3194256, Test MAE norm: 0.1852665
Epoch: 1580, LR: 0.000010, Loss: 0.1679635, Validation MAE: 1.6733390, Test MAE: 2.3288147, Test MAE norm: 0.1860165
Epoch: 1583, LR: 0.000010, Loss: 0.1683639, Validation MAE: 1.6720010, Test MAE: 2.3330972, Test MAE norm: 0.1863585
Epoch: 1593, LR: 0.000010, Loss: 0.1685402, Validation MAE: 1.6783811, Test MAE: 2.3325539, Test MAE norm: 0.1863151
Epoch: 1596, LR: 0.000010, Loss: 0.1689848, Validation MAE: 1.6771829, Test MAE: 2.3223307, Test MAE norm: 0.1854985
Epoch: 1597, LR: 0.000010, Loss: 0.1680017, Validation MAE: 1.6762356, Test MAE: 2.3278747, Test MAE norm: 0.1859414
Epoch: 1606, LR: 0.000010, Loss: 0.1683412, Validation MAE: 1.6721842, Test MAE: 2.3330431, Test MAE norm: 0.1863542
Epoch: 1616, LR: 0.000010, Loss: 0.1679267, Validation MAE: 1.6764808, Test MAE: 2.3206174, Test MAE norm: 0.1853617
Epoch: 1621, LR: 0.000010, Loss: 0.1679346, Validation MAE: 1.6754941, Test MAE: 2.3237522, Test MAE norm: 0.1856121
Epoch: 1622, LR: 0.000010, Loss: 0.1679372, Validation MAE: 1.6754278, Test MAE: 2.3244860, Test MAE norm: 0.1856707
Epoch: 1632, LR: 0.000010, Loss: 0.1688090, Validation MAE: 1.6835415, Test MAE: 2.3191779, Test MAE norm: 0.1852467
Epoch: 1633, LR: 0.000010, Loss: 0.1684542, Validation MAE: 1.6698096, Test MAE: 2.3478127, Test MAE norm: 0.1875339
Epoch: 1643, LR: 0.000010, Loss: 0.1678785, Validation MAE: 1.6724836, Test MAE: 2.3396280, Test MAE norm: 0.1868802
Epoch: 1646, LR: 0.000010, Loss: 0.1686950, Validation MAE: 1.6713749, Test MAE: 2.3306508, Test MAE norm: 0.1861631
Epoch: 1654, LR: 0.000010, Loss: 0.1681529, Validation MAE: 1.6710548, Test MAE: 2.3349583, Test MAE norm: 0.1865072
Epoch: 1664, LR: 0.000010, Loss: 0.1681127, Validation MAE: 1.6807377, Test MAE: 2.3137968, Test MAE norm: 0.1848169
Epoch: 1665, LR: 0.000010, Loss: 0.1679372, Validation MAE: 1.6798724, Test MAE: 2.3120544, Test MAE norm: 0.1846777
Epoch: 1666, LR: 0.000010, Loss: 0.1679158, Validation MAE: 1.6765866, Test MAE: 2.3217647, Test MAE norm: 0.1854533
Epoch: 1667, LR: 0.000010, Loss: 0.1679513, Validation MAE: 1.6723349, Test MAE: 2.3258233, Test MAE norm: 0.1857775
Epoch: 1677, LR: 0.000010, Loss: 0.1683247, Validation MAE: 1.6727417, Test MAE: 2.3282001, Test MAE norm: 0.1859674
Epoch: 1685, LR: 0.000010, Loss: 0.1678642, Validation MAE: 1.6705840, Test MAE: 2.3299780, Test MAE norm: 0.1861094
Epoch: 1695, LR: 0.000010, Loss: 0.1679396, Validation MAE: 1.6798935, Test MAE: 2.3107064, Test MAE norm: 0.1845700
Epoch: 1696, LR: 0.000010, Loss: 0.1679880, Validation MAE: 1.6779630, Test MAE: 2.3251531, Test MAE norm: 0.1857240
Epoch: 1697, LR: 0.000010, Loss: 0.1681628, Validation MAE: 1.6761317, Test MAE: 2.3204448, Test MAE norm: 0.1853479
Epoch: 1699, LR: 0.000010, Loss: 0.1684542, Validation MAE: 1.6734689, Test MAE: 2.3236132, Test MAE norm: 0.1856010
Epoch: 1700, LR: 0.000010, Loss: 0.1679526, Validation MAE: 1.6696079, Test MAE: 2.3360593, Test MAE norm: 0.1865951
Epoch: 1710, LR: 0.000010, Loss: 0.1679021, Validation MAE: 1.6794642, Test MAE: 2.3117080, Test MAE norm: 0.1846500
Epoch: 1711, LR: 0.000010, Loss: 0.1680624, Validation MAE: 1.6782143, Test MAE: 2.3166952, Test MAE norm: 0.1850484
Epoch: 1712, LR: 0.000010, Loss: 0.1679152, Validation MAE: 1.6771545, Test MAE: 2.3204184, Test MAE norm: 0.1853458
Epoch: 1713, LR: 0.000010, Loss: 0.1679970, Validation MAE: 1.6761994, Test MAE: 2.3162482, Test MAE norm: 0.1850127
Epoch: 1714, LR: 0.000010, Loss: 0.1678613, Validation MAE: 1.6720320, Test MAE: 2.3236644, Test MAE norm: 0.1856051
Epoch: 1715, LR: 0.000010, Loss: 0.1677169, Validation MAE: 1.6709654, Test MAE: 2.3239467, Test MAE norm: 0.1856276
Epoch: 1725, LR: 0.000010, Loss: 0.1677798, Validation MAE: 1.6774325, Test MAE: 2.3165901, Test MAE norm: 0.1850400
Epoch: 1726, LR: 0.000010, Loss: 0.1681294, Validation MAE: 1.6701030, Test MAE: 2.3304439, Test MAE norm: 0.1861466
Epoch: 1736, LR: 0.000010, Loss: 0.1677328, Validation MAE: 1.6761492, Test MAE: 2.3160646, Test MAE norm: 0.1849980
Epoch: 1738, LR: 0.000010, Loss: 0.1678480, Validation MAE: 1.6760888, Test MAE: 2.3238418, Test MAE norm: 0.1856192
Epoch: 1739, LR: 0.000010, Loss: 0.1680260, Validation MAE: 1.6745237, Test MAE: 2.3183808, Test MAE norm: 0.1851830
Epoch: 1741, LR: 0.000010, Loss: 0.1683137, Validation MAE: 1.6714488, Test MAE: 2.3256803, Test MAE norm: 0.1857661
Epoch: 1742, LR: 0.000010, Loss: 0.1678320, Validation MAE: 1.6705621, Test MAE: 2.3364468, Test MAE norm: 0.1866261
Epoch: 1749, LR: 0.000010, Loss: 0.1680254, Validation MAE: 1.6689008, Test MAE: 2.3326957, Test MAE norm: 0.1863265
Epoch: 1759, LR: 0.000010, Loss: 0.1681394, Validation MAE: 1.6797709, Test MAE: 2.3176768, Test MAE norm: 0.1851268
Epoch: 1761, LR: 0.000010, Loss: 0.1679247, Validation MAE: 1.6775548, Test MAE: 2.3153760, Test MAE norm: 0.1849430
Epoch: 1762, LR: 0.000010, Loss: 0.1677861, Validation MAE: 1.6732634, Test MAE: 2.3226581, Test MAE norm: 0.1855247
Epoch: 1763, LR: 0.000010, Loss: 0.1678362, Validation MAE: 1.6681246, Test MAE: 2.3329573, Test MAE norm: 0.1863474
Epoch: 1773, LR: 0.000010, Loss: 0.1705154, Validation MAE: 1.6725271, Test MAE: 2.3434069, Test MAE norm: 0.1871820
Epoch: 1783, LR: 0.000010, Loss: 0.1687240, Validation MAE: 1.6845723, Test MAE: 2.3296819, Test MAE norm: 0.1860857
Epoch: 1784, LR: 0.000010, Loss: 0.1690733, Validation MAE: 1.6768302, Test MAE: 2.3151257, Test MAE norm: 0.1849230
Epoch: 1787, LR: 0.000010, Loss: 0.1688908, Validation MAE: 1.6675667, Test MAE: 2.3442883, Test MAE norm: 0.1872524
Epoch: 1788, LR: 0.000010, Loss: 0.1688662, Validation MAE: 1.6652015, Test MAE: 2.3477955, Test MAE norm: 0.1875326
Epoch: 1797, LR: 0.000010, Loss: 0.1678964, Validation MAE: 1.6642467, Test MAE: 2.3430910, Test MAE norm: 0.1871568
Epoch: 1807, LR: 0.000010, Loss: 0.1683927, Validation MAE: 1.6730396, Test MAE: 2.3188369, Test MAE norm: 0.1852195
Epoch: 1809, LR: 0.000010, Loss: 0.1678312, Validation MAE: 1.6697866, Test MAE: 2.3260262, Test MAE norm: 0.1857937
Epoch: 1815, LR: 0.000010, Loss: 0.1676609, Validation MAE: 1.6694801, Test MAE: 2.3269138, Test MAE norm: 0.1858646
Epoch: 1825, LR: 0.000010, Loss: 0.1678170, Validation MAE: 1.6673399, Test MAE: 2.3334260, Test MAE norm: 0.1863848
Epoch: 1835, LR: 0.000010, Loss: 0.1678277, Validation MAE: 1.6727952, Test MAE: 2.3258066, Test MAE norm: 0.1857762
Epoch: 1836, LR: 0.000010, Loss: 0.1678437, Validation MAE: 1.6710563, Test MAE: 2.3221033, Test MAE norm: 0.1854804
Epoch: 1838, LR: 0.000010, Loss: 0.1682845, Validation MAE: 1.6707779, Test MAE: 2.3221521, Test MAE norm: 0.1854843
Epoch: 1839, LR: 0.000010, Loss: 0.1677579, Validation MAE: 1.6698869, Test MAE: 2.3398011, Test MAE norm: 0.1868940
Epoch: 1846, LR: 0.000010, Loss: 0.1681342, Validation MAE: 1.6677070, Test MAE: 2.3330607, Test MAE norm: 0.1863556
Epoch: 1847, LR: 0.000010, Loss: 0.1681040, Validation MAE: 1.6636242, Test MAE: 2.3395252, Test MAE norm: 0.1868720
Epoch: 1857, LR: 0.000010, Loss: 0.1677895, Validation MAE: 1.6718833, Test MAE: 2.3214803, Test MAE norm: 0.1854306
Epoch: 1864, LR: 0.000010, Loss: 0.1678531, Validation MAE: 1.6700906, Test MAE: 2.3347561, Test MAE norm: 0.1864910
Epoch: 1870, LR: 0.000010, Loss: 0.1678070, Validation MAE: 1.6695924, Test MAE: 2.3249769, Test MAE norm: 0.1857099
Epoch: 1880, LR: 0.000010, Loss: 0.1676887, Validation MAE: 1.6749812, Test MAE: 2.3219569, Test MAE norm: 0.1854687
Epoch: 1884, LR: 0.000010, Loss: 0.1678044, Validation MAE: 1.6743311, Test MAE: 2.3220932, Test MAE norm: 0.1854796
Epoch: 1885, LR: 0.000010, Loss: 0.1678374, Validation MAE: 1.6701937, Test MAE: 2.3233268, Test MAE norm: 0.1855781
Epoch: 1888, LR: 0.000010, Loss: 0.1680865, Validation MAE: 1.6653576, Test MAE: 2.3370624, Test MAE norm: 0.1866753
Epoch: 1897, LR: 0.000010, Loss: 0.1681487, Validation MAE: 1.6636348, Test MAE: 2.3414893, Test MAE norm: 0.1870289
Epoch: 1907, LR: 0.000010, Loss: 0.1682637, Validation MAE: 1.6736854, Test MAE: 2.3207874, Test MAE norm: 0.1853753
Epoch: 1912, LR: 0.000010, Loss: 0.1677711, Validation MAE: 1.6684787, Test MAE: 2.3352578, Test MAE norm: 0.1865311
Epoch: 1920, LR: 0.000010, Loss: 0.1677482, Validation MAE: 1.6669896, Test MAE: 2.3317928, Test MAE norm: 0.1862543
Epoch: 1930, LR: 0.000010, Loss: 0.1675696, Validation MAE: 1.6679393, Test MAE: 2.3255792, Test MAE norm: 0.1857580
Epoch: 1938, LR: 0.000010, Loss: 0.1675218, Validation MAE: 1.6661028, Test MAE: 2.3273227, Test MAE norm: 0.1858973
Epoch: 1947, LR: 0.000010, Loss: 0.1678642, Validation MAE: 1.6653677, Test MAE: 2.3298752, Test MAE norm: 0.1861012
Epoch: 1957, LR: 0.000010, Loss: 0.1679079, Validation MAE: 1.6762871, Test MAE: 2.3149538, Test MAE norm: 0.1849093
Epoch: 1958, LR: 0.000010, Loss: 0.1680688, Validation MAE: 1.6745698, Test MAE: 2.3180957, Test MAE norm: 0.1851603
Epoch: 1959, LR: 0.000010, Loss: 0.1680014, Validation MAE: 1.6648662, Test MAE: 2.3365357, Test MAE norm: 0.1866332
Epoch: 1969, LR: 0.000010, Loss: 0.1682330, Validation MAE: 1.6720985, Test MAE: 2.3183129, Test MAE norm: 0.1851776
Epoch: 1970, LR: 0.000010, Loss: 0.1678176, Validation MAE: 1.6661953, Test MAE: 2.3383696, Test MAE norm: 0.1867797
Epoch: 1978, LR: 0.000010, Loss: 0.1678176, Validation MAE: 1.6617801, Test MAE: 2.3403330, Test MAE norm: 0.1869365
Epoch: 1988, LR: 0.000010, Loss: 0.1678386, Validation MAE: 1.6658643, Test MAE: 2.3248687, Test MAE norm: 0.1857013
Epoch: 1998, LR: 0.000010, Loss: 0.1676509, Validation MAE: 1.6750183, Test MAE: 2.3076265, Test MAE norm: 0.1843240
Epoch: 1999, LR: 0.000010, Loss: 0.1677512, Validation MAE: 1.6748374, Test MAE: 2.3093026, Test MAE norm: 0.1844579
Epoch: 2000, LR: 0.000010, Loss: 0.1676764, Validation MAE: 1.6738411, Test MAE: 2.3150694, Test MAE norm: 0.1849185
Epoch: 2000, LR: 0.000010, Loss: 0.1676764, Validation MAE: 1.6738411, Test MAE: 2.3150694, Test MAE norm: 0.1849185