Command line input: python run_count.py --batch_size 256 --target 0 --model PPGN --h 3 --seed 1 --epoch 2000 --dataset easy-1
Mean = 7.924, Std = 12.519
Using PPGN model

Epoch: 001, LR: 0.001000, Loss: 0.9124293, Validation MAE: 8.4896221, Test MAE: 9.1848068, Test MAE norm: 0.7336459
Epoch: 002, LR: 0.001000, Loss: 0.6895157, Validation MAE: 3.3443475, Test MAE: 3.9824874, Test MAE norm: 0.3181053
Epoch: 006, LR: 0.001000, Loss: 0.3990073, Validation MAE: 3.2273970, Test MAE: 4.0467267, Test MAE norm: 0.3232364
Epoch: 008, LR: 0.001000, Loss: 0.4139517, Validation MAE: 2.9393907, Test MAE: 3.7676482, Test MAE norm: 0.3009447
Epoch: 011, LR: 0.001000, Loss: 0.3422282, Validation MAE: 2.7285826, Test MAE: 3.5976391, Test MAE norm: 0.2873651
Epoch: 016, LR: 0.001000, Loss: 0.2876769, Validation MAE: 2.6958704, Test MAE: 3.4923480, Test MAE norm: 0.2789549
Epoch: 017, LR: 0.001000, Loss: 0.2790402, Validation MAE: 2.5480862, Test MAE: 3.5401821, Test MAE norm: 0.2827757
Epoch: 018, LR: 0.001000, Loss: 0.2746979, Validation MAE: 2.4307854, Test MAE: 3.4433866, Test MAE norm: 0.2750440
Epoch: 022, LR: 0.001000, Loss: 0.2592883, Validation MAE: 2.4217873, Test MAE: 3.2080724, Test MAE norm: 0.2562481
Epoch: 023, LR: 0.001000, Loss: 0.2537425, Validation MAE: 2.3829100, Test MAE: 3.1930802, Test MAE norm: 0.2550505
Epoch: 025, LR: 0.001000, Loss: 0.2520870, Validation MAE: 2.3532364, Test MAE: 3.0098026, Test MAE norm: 0.2404111
Epoch: 026, LR: 0.001000, Loss: 0.2434501, Validation MAE: 2.2694104, Test MAE: 2.9731107, Test MAE norm: 0.2374803
Epoch: 027, LR: 0.001000, Loss: 0.2394224, Validation MAE: 2.1529198, Test MAE: 2.9090319, Test MAE norm: 0.2323619
Epoch: 029, LR: 0.001000, Loss: 0.2645542, Validation MAE: 2.1466827, Test MAE: 2.8441393, Test MAE norm: 0.2271785
Epoch: 030, LR: 0.001000, Loss: 0.2305247, Validation MAE: 2.0423808, Test MAE: 2.7097733, Test MAE norm: 0.2164459
Epoch: 032, LR: 0.001000, Loss: 0.2387307, Validation MAE: 2.0386128, Test MAE: 2.6385026, Test MAE norm: 0.2107531
Epoch: 036, LR: 0.001000, Loss: 0.2151261, Validation MAE: 2.0350413, Test MAE: 2.5661056, Test MAE norm: 0.2049703
Epoch: 038, LR: 0.001000, Loss: 0.2719612, Validation MAE: 1.9966176, Test MAE: 2.4570451, Test MAE norm: 0.1962590
Epoch: 048, LR: 0.001000, Loss: 0.2128646, Validation MAE: 2.1297026, Test MAE: 2.4807711, Test MAE norm: 0.1981541
Epoch: 050, LR: 0.000900, Loss: 0.2142209, Validation MAE: 2.0004015, Test MAE: 2.4604592, Test MAE norm: 0.1965317
Epoch: 058, LR: 0.000900, Loss: 0.2181266, Validation MAE: 1.9013631, Test MAE: 2.4312954, Test MAE norm: 0.1942022
Epoch: 068, LR: 0.000900, Loss: 0.2055856, Validation MAE: 1.9662713, Test MAE: 2.4923532, Test MAE norm: 0.1990793
Epoch: 072, LR: 0.000810, Loss: 0.2212989, Validation MAE: 1.9074526, Test MAE: 2.3710110, Test MAE norm: 0.1893869
Epoch: 082, LR: 0.000729, Loss: 0.1940527, Validation MAE: 1.9185562, Test MAE: 2.4486580, Test MAE norm: 0.1955891
Epoch: 084, LR: 0.000729, Loss: 0.1942785, Validation MAE: 1.8699411, Test MAE: 2.3648164, Test MAE norm: 0.1888921
Epoch: 087, LR: 0.000729, Loss: 0.1896243, Validation MAE: 1.8603892, Test MAE: 2.4004321, Test MAE norm: 0.1917370
Epoch: 097, LR: 0.000729, Loss: 0.2013154, Validation MAE: 1.8390975, Test MAE: 2.3598831, Test MAE norm: 0.1884981
Epoch: 107, LR: 0.000729, Loss: 0.1865457, Validation MAE: 1.8673357, Test MAE: 2.3808644, Test MAE norm: 0.1901740
Epoch: 109, LR: 0.000656, Loss: 0.1862826, Validation MAE: 1.7958161, Test MAE: 2.3664031, Test MAE norm: 0.1890189
Epoch: 119, LR: 0.000656, Loss: 0.1873060, Validation MAE: 1.9545432, Test MAE: 2.4804206, Test MAE norm: 0.1981261
Epoch: 120, LR: 0.000656, Loss: 0.1924714, Validation MAE: 1.8055753, Test MAE: 2.3349092, Test MAE norm: 0.1865033
Epoch: 130, LR: 0.000590, Loss: 0.1806295, Validation MAE: 1.8385427, Test MAE: 2.3571668, Test MAE norm: 0.1882811
Epoch: 131, LR: 0.000590, Loss: 0.1823430, Validation MAE: 1.7552886, Test MAE: 2.3302186, Test MAE norm: 0.1861286
Epoch: 141, LR: 0.000590, Loss: 0.1797557, Validation MAE: 1.7806853, Test MAE: 2.3435090, Test MAE norm: 0.1871902
Epoch: 143, LR: 0.000531, Loss: 0.1814404, Validation MAE: 1.7604504, Test MAE: 2.3454556, Test MAE norm: 0.1873457
Epoch: 150, LR: 0.000531, Loss: 0.1812069, Validation MAE: 1.7562581, Test MAE: 2.3337946, Test MAE norm: 0.1864142
Epoch: 152, LR: 0.000531, Loss: 0.1829927, Validation MAE: 1.7540386, Test MAE: 2.3236208, Test MAE norm: 0.1856016
Epoch: 162, LR: 0.000531, Loss: 0.1830736, Validation MAE: 1.7959095, Test MAE: 2.3494105, Test MAE norm: 0.1876616
Epoch: 165, LR: 0.000478, Loss: 0.1797111, Validation MAE: 1.7807335, Test MAE: 2.3509660, Test MAE norm: 0.1877858
Epoch: 167, LR: 0.000478, Loss: 0.1809907, Validation MAE: 1.7503407, Test MAE: 2.3333967, Test MAE norm: 0.1863824
Epoch: 169, LR: 0.000478, Loss: 0.1774588, Validation MAE: 1.7419325, Test MAE: 2.3248725, Test MAE norm: 0.1857016
Epoch: 171, LR: 0.000478, Loss: 0.1776561, Validation MAE: 1.7373737, Test MAE: 2.3249609, Test MAE norm: 0.1857086
Epoch: 181, LR: 0.000478, Loss: 0.1765351, Validation MAE: 1.7504102, Test MAE: 2.3383117, Test MAE norm: 0.1867750
Epoch: 182, LR: 0.000478, Loss: 0.1758472, Validation MAE: 1.7484242, Test MAE: 2.3355956, Test MAE norm: 0.1865581
Epoch: 183, LR: 0.000430, Loss: 0.1769381, Validation MAE: 1.7342898, Test MAE: 2.3330703, Test MAE norm: 0.1863564
Epoch: 185, LR: 0.000430, Loss: 0.1759400, Validation MAE: 1.7300296, Test MAE: 2.3302729, Test MAE norm: 0.1861329
Epoch: 186, LR: 0.000430, Loss: 0.1750140, Validation MAE: 1.7299318, Test MAE: 2.3304017, Test MAE norm: 0.1861432
Epoch: 193, LR: 0.000430, Loss: 0.1756224, Validation MAE: 1.7279809, Test MAE: 2.3297117, Test MAE norm: 0.1860881
Epoch: 201, LR: 0.000430, Loss: 0.1803431, Validation MAE: 1.7253739, Test MAE: 2.3253193, Test MAE norm: 0.1857373
Epoch: 211, LR: 0.000430, Loss: 0.1749288, Validation MAE: 1.7832226, Test MAE: 2.3618429, Test MAE norm: 0.1886546
Epoch: 212, LR: 0.000430, Loss: 0.1785340, Validation MAE: 1.7295283, Test MAE: 2.3273120, Test MAE norm: 0.1858964
Epoch: 214, LR: 0.000387, Loss: 0.1761374, Validation MAE: 1.7269766, Test MAE: 2.3272209, Test MAE norm: 0.1858892
Epoch: 218, LR: 0.000387, Loss: 0.1753176, Validation MAE: 1.7236059, Test MAE: 2.3250785, Test MAE norm: 0.1857180
Epoch: 222, LR: 0.000387, Loss: 0.1764677, Validation MAE: 1.7213851, Test MAE: 2.3266943, Test MAE norm: 0.1858471
Epoch: 232, LR: 0.000387, Loss: 0.1757314, Validation MAE: 1.7548593, Test MAE: 2.3406038, Test MAE norm: 0.1869581
Epoch: 234, LR: 0.000349, Loss: 0.1764297, Validation MAE: 1.7272149, Test MAE: 2.3349137, Test MAE norm: 0.1865036
Epoch: 244, LR: 0.000349, Loss: 0.1752823, Validation MAE: 1.7191405, Test MAE: 2.3308518, Test MAE norm: 0.1861792
Epoch: 252, LR: 0.000349, Loss: 0.1757616, Validation MAE: 1.7143813, Test MAE: 2.3194556, Test MAE norm: 0.1852689
Epoch: 254, LR: 0.000349, Loss: 0.1756706, Validation MAE: 1.7099513, Test MAE: 2.3200614, Test MAE norm: 0.1853173
Epoch: 264, LR: 0.000349, Loss: 0.1762766, Validation MAE: 1.7291178, Test MAE: 2.3238325, Test MAE norm: 0.1856185
Epoch: 266, LR: 0.000314, Loss: 0.1785668, Validation MAE: 1.7221076, Test MAE: 2.3207471, Test MAE norm: 0.1853721
Epoch: 268, LR: 0.000314, Loss: 0.1757119, Validation MAE: 1.7125988, Test MAE: 2.3280072, Test MAE norm: 0.1859520
Epoch: 276, LR: 0.000314, Loss: 0.1746219, Validation MAE: 1.7118413, Test MAE: 2.3304229, Test MAE norm: 0.1861449
Epoch: 277, LR: 0.000282, Loss: 0.1751276, Validation MAE: 1.7002608, Test MAE: 2.3170061, Test MAE norm: 0.1850732
Epoch: 287, LR: 0.000282, Loss: 0.1738780, Validation MAE: 1.7174811, Test MAE: 2.3307457, Test MAE norm: 0.1861707
Epoch: 289, LR: 0.000254, Loss: 0.1737552, Validation MAE: 1.7108941, Test MAE: 2.3227673, Test MAE norm: 0.1855334
Epoch: 290, LR: 0.000254, Loss: 0.1732144, Validation MAE: 1.7107717, Test MAE: 2.3237212, Test MAE norm: 0.1856096
Epoch: 291, LR: 0.000254, Loss: 0.1737832, Validation MAE: 1.7024149, Test MAE: 2.3171957, Test MAE norm: 0.1850884
Epoch: 301, LR: 0.000229, Loss: 0.1733148, Validation MAE: 1.7078832, Test MAE: 2.3243873, Test MAE norm: 0.1856628
Epoch: 303, LR: 0.000229, Loss: 0.1732509, Validation MAE: 1.7003795, Test MAE: 2.3276200, Test MAE norm: 0.1859210
Epoch: 309, LR: 0.000229, Loss: 0.1743098, Validation MAE: 1.6955808, Test MAE: 2.3246000, Test MAE norm: 0.1856798
Epoch: 319, LR: 0.000229, Loss: 0.1778087, Validation MAE: 1.7304146, Test MAE: 2.3401890, Test MAE norm: 0.1869250
Epoch: 321, LR: 0.000206, Loss: 0.1759819, Validation MAE: 1.7071563, Test MAE: 2.3340356, Test MAE norm: 0.1864335
Epoch: 328, LR: 0.000206, Loss: 0.1746535, Validation MAE: 1.6908584, Test MAE: 2.3168199, Test MAE norm: 0.1850584
Epoch: 337, LR: 0.000206, Loss: 0.1737627, Validation MAE: 1.6856248, Test MAE: 2.3197865, Test MAE norm: 0.1852953
Epoch: 347, LR: 0.000206, Loss: 0.1728112, Validation MAE: 1.6968145, Test MAE: 2.3342731, Test MAE norm: 0.1864524
Epoch: 348, LR: 0.000206, Loss: 0.1740774, Validation MAE: 1.6877655, Test MAE: 2.3179274, Test MAE norm: 0.1851468
Epoch: 357, LR: 0.000185, Loss: 0.1727808, Validation MAE: 1.6863488, Test MAE: 2.3282921, Test MAE norm: 0.1859747
Epoch: 361, LR: 0.000167, Loss: 0.1721552, Validation MAE: 1.6858295, Test MAE: 2.3271060, Test MAE norm: 0.1858800
Epoch: 370, LR: 0.000167, Loss: 0.1721623, Validation MAE: 1.6848489, Test MAE: 2.3220441, Test MAE norm: 0.1854756
Epoch: 371, LR: 0.000167, Loss: 0.1722615, Validation MAE: 1.6843280, Test MAE: 2.3175669, Test MAE norm: 0.1851180
Epoch: 373, LR: 0.000167, Loss: 0.1722294, Validation MAE: 1.6809709, Test MAE: 2.3180764, Test MAE norm: 0.1851587
Epoch: 375, LR: 0.000167, Loss: 0.1722900, Validation MAE: 1.6809462, Test MAE: 2.3195028, Test MAE norm: 0.1852727
Epoch: 382, LR: 0.000167, Loss: 0.1720712, Validation MAE: 1.6745919, Test MAE: 2.3152814, Test MAE norm: 0.1849355
Epoch: 392, LR: 0.000167, Loss: 0.1721675, Validation MAE: 1.6778433, Test MAE: 2.3175161, Test MAE norm: 0.1851140
Epoch: 402, LR: 0.000150, Loss: 0.1719870, Validation MAE: 1.6761371, Test MAE: 2.3110006, Test MAE norm: 0.1845935
Epoch: 412, LR: 0.000135, Loss: 0.1716160, Validation MAE: 1.6833203, Test MAE: 2.3193436, Test MAE norm: 0.1852599
Epoch: 414, LR: 0.000135, Loss: 0.1721885, Validation MAE: 1.6825330, Test MAE: 2.3174703, Test MAE norm: 0.1851103
Epoch: 415, LR: 0.000135, Loss: 0.1716365, Validation MAE: 1.6819726, Test MAE: 2.3179479, Test MAE norm: 0.1851485
Epoch: 418, LR: 0.000122, Loss: 0.1717779, Validation MAE: 1.6761214, Test MAE: 2.3188124, Test MAE norm: 0.1852175
Epoch: 428, LR: 0.000109, Loss: 0.1715818, Validation MAE: 1.6754237, Test MAE: 2.3168976, Test MAE norm: 0.1850646
Epoch: 438, LR: 0.000098, Loss: 0.1716855, Validation MAE: 1.6748043, Test MAE: 2.3110240, Test MAE norm: 0.1845954
Epoch: 447, LR: 0.000098, Loss: 0.1718335, Validation MAE: 1.6740454, Test MAE: 2.3153510, Test MAE norm: 0.1849410
Epoch: 457, LR: 0.000098, Loss: 0.1716882, Validation MAE: 1.6737902, Test MAE: 2.3129549, Test MAE norm: 0.1847496
Epoch: 458, LR: 0.000098, Loss: 0.1715989, Validation MAE: 1.6735753, Test MAE: 2.3149202, Test MAE norm: 0.1849066
Epoch: 464, LR: 0.000098, Loss: 0.1716839, Validation MAE: 1.6722573, Test MAE: 2.3119020, Test MAE norm: 0.1846655
Epoch: 465, LR: 0.000098, Loss: 0.1714325, Validation MAE: 1.6710923, Test MAE: 2.3128002, Test MAE norm: 0.1847373
Epoch: 475, LR: 0.000098, Loss: 0.1715003, Validation MAE: 1.6757692, Test MAE: 2.3133044, Test MAE norm: 0.1847776
Epoch: 482, LR: 0.000089, Loss: 0.1713791, Validation MAE: 1.6742092, Test MAE: 2.3135688, Test MAE norm: 0.1847987
Epoch: 483, LR: 0.000089, Loss: 0.1712643, Validation MAE: 1.6741264, Test MAE: 2.3151450, Test MAE norm: 0.1849246
Epoch: 493, LR: 0.000080, Loss: 0.1712155, Validation MAE: 1.6727157, Test MAE: 2.3151317, Test MAE norm: 0.1849235
Epoch: 503, LR: 0.000072, Loss: 0.1711896, Validation MAE: 1.6723388, Test MAE: 2.3154490, Test MAE norm: 0.1849489
Epoch: 504, LR: 0.000072, Loss: 0.1712536, Validation MAE: 1.6708481, Test MAE: 2.3121178, Test MAE norm: 0.1846828
Epoch: 514, LR: 0.000072, Loss: 0.1711036, Validation MAE: 1.6743017, Test MAE: 2.3162048, Test MAE norm: 0.1850092
Epoch: 515, LR: 0.000072, Loss: 0.1712106, Validation MAE: 1.6731951, Test MAE: 2.3126457, Test MAE norm: 0.1847249
Epoch: 517, LR: 0.000065, Loss: 0.1711486, Validation MAE: 1.6730504, Test MAE: 2.3118095, Test MAE norm: 0.1846582
Epoch: 524, LR: 0.000065, Loss: 0.1711349, Validation MAE: 1.6712543, Test MAE: 2.3154683, Test MAE norm: 0.1849504
Epoch: 534, LR: 0.000058, Loss: 0.1711551, Validation MAE: 1.6746939, Test MAE: 2.3147850, Test MAE norm: 0.1848958
Epoch: 535, LR: 0.000058, Loss: 0.1711227, Validation MAE: 1.6724064, Test MAE: 2.3163536, Test MAE norm: 0.1850211
Epoch: 545, LR: 0.000052, Loss: 0.1710107, Validation MAE: 1.6725293, Test MAE: 2.3123479, Test MAE norm: 0.1847011
Epoch: 554, LR: 0.000047, Loss: 0.1709542, Validation MAE: 1.6717719, Test MAE: 2.3161838, Test MAE norm: 0.1850075
Epoch: 555, LR: 0.000047, Loss: 0.1710837, Validation MAE: 1.6692766, Test MAE: 2.3140552, Test MAE norm: 0.1848375
Epoch: 565, LR: 0.000047, Loss: 0.1709706, Validation MAE: 1.6727153, Test MAE: 2.3139129, Test MAE norm: 0.1848262
Epoch: 566, LR: 0.000047, Loss: 0.1709925, Validation MAE: 1.6705197, Test MAE: 2.3144033, Test MAE norm: 0.1848653
Epoch: 567, LR: 0.000042, Loss: 0.1710582, Validation MAE: 1.6687763, Test MAE: 2.3139977, Test MAE norm: 0.1848329
Epoch: 577, LR: 0.000042, Loss: 0.1709543, Validation MAE: 1.6714413, Test MAE: 2.3140543, Test MAE norm: 0.1848374
Epoch: 587, LR: 0.000038, Loss: 0.1708942, Validation MAE: 1.6731066, Test MAE: 2.3145354, Test MAE norm: 0.1848759
Epoch: 588, LR: 0.000038, Loss: 0.1709261, Validation MAE: 1.6715199, Test MAE: 2.3141913, Test MAE norm: 0.1848484
Epoch: 589, LR: 0.000038, Loss: 0.1709312, Validation MAE: 1.6710304, Test MAE: 2.3135829, Test MAE norm: 0.1847998
Epoch: 591, LR: 0.000034, Loss: 0.1709335, Validation MAE: 1.6708430, Test MAE: 2.3136685, Test MAE norm: 0.1848066
Epoch: 598, LR: 0.000034, Loss: 0.1708917, Validation MAE: 1.6707984, Test MAE: 2.3146472, Test MAE norm: 0.1848848
Epoch: 599, LR: 0.000034, Loss: 0.1708960, Validation MAE: 1.6695217, Test MAE: 2.3147259, Test MAE norm: 0.1848911
Epoch: 609, LR: 0.000031, Loss: 0.1708921, Validation MAE: 1.6712273, Test MAE: 2.3116713, Test MAE norm: 0.1846471
Epoch: 611, LR: 0.000031, Loss: 0.1709285, Validation MAE: 1.6708238, Test MAE: 2.3134012, Test MAE norm: 0.1847853
Epoch: 612, LR: 0.000028, Loss: 0.1708649, Validation MAE: 1.6704555, Test MAE: 2.3148994, Test MAE norm: 0.1849050
Epoch: 621, LR: 0.000028, Loss: 0.1708500, Validation MAE: 1.6696320, Test MAE: 2.3139644, Test MAE norm: 0.1848303
Epoch: 622, LR: 0.000028, Loss: 0.1708607, Validation MAE: 1.6692460, Test MAE: 2.3132923, Test MAE norm: 0.1847766
Epoch: 632, LR: 0.000025, Loss: 0.1708465, Validation MAE: 1.6708390, Test MAE: 2.3158262, Test MAE norm: 0.1849790
Epoch: 635, LR: 0.000023, Loss: 0.1709147, Validation MAE: 1.6707453, Test MAE: 2.3121984, Test MAE norm: 0.1846892
Epoch: 637, LR: 0.000023, Loss: 0.1708506, Validation MAE: 1.6705326, Test MAE: 2.3147571, Test MAE norm: 0.1848936
Epoch: 638, LR: 0.000023, Loss: 0.1708446, Validation MAE: 1.6698997, Test MAE: 2.3148181, Test MAE norm: 0.1848985
Epoch: 648, LR: 0.000020, Loss: 0.1708457, Validation MAE: 1.6703109, Test MAE: 2.3146806, Test MAE norm: 0.1848875
Epoch: 657, LR: 0.000018, Loss: 0.1708201, Validation MAE: 1.6697056, Test MAE: 2.3139293, Test MAE norm: 0.1848275
Epoch: 658, LR: 0.000018, Loss: 0.1708072, Validation MAE: 1.6696094, Test MAE: 2.3136311, Test MAE norm: 0.1848036
Epoch: 668, LR: 0.000016, Loss: 0.1707897, Validation MAE: 1.6712452, Test MAE: 2.3133960, Test MAE norm: 0.1847849
Epoch: 669, LR: 0.000016, Loss: 0.1707894, Validation MAE: 1.6711580, Test MAE: 2.3130314, Test MAE norm: 0.1847558
Epoch: 671, LR: 0.000016, Loss: 0.1707821, Validation MAE: 1.6701372, Test MAE: 2.3134782, Test MAE norm: 0.1847914
Epoch: 672, LR: 0.000016, Loss: 0.1707661, Validation MAE: 1.6691637, Test MAE: 2.3143640, Test MAE norm: 0.1848622
Epoch: 682, LR: 0.000015, Loss: 0.1707771, Validation MAE: 1.6711878, Test MAE: 2.3144789, Test MAE norm: 0.1848714
Epoch: 683, LR: 0.000015, Loss: 0.1707761, Validation MAE: 1.6705588, Test MAE: 2.3129165, Test MAE norm: 0.1847466
Epoch: 684, LR: 0.000015, Loss: 0.1707914, Validation MAE: 1.6702769, Test MAE: 2.3134081, Test MAE norm: 0.1847858
Epoch: 685, LR: 0.000015, Loss: 0.1707728, Validation MAE: 1.6701378, Test MAE: 2.3133698, Test MAE norm: 0.1847828
Epoch: 686, LR: 0.000015, Loss: 0.1707806, Validation MAE: 1.6698691, Test MAE: 2.3135452, Test MAE norm: 0.1847968
Epoch: 696, LR: 0.000013, Loss: 0.1707741, Validation MAE: 1.6683866, Test MAE: 2.3142221, Test MAE norm: 0.1848509
Epoch: 697, LR: 0.000013, Loss: 0.1707563, Validation MAE: 1.6679412, Test MAE: 2.3136840, Test MAE norm: 0.1848079
Epoch: 698, LR: 0.000013, Loss: 0.1707744, Validation MAE: 1.6676486, Test MAE: 2.3128512, Test MAE norm: 0.1847413
Epoch: 708, LR: 0.000013, Loss: 0.1707647, Validation MAE: 1.6734467, Test MAE: 2.3143897, Test MAE norm: 0.1848642
Epoch: 710, LR: 0.000012, Loss: 0.1707487, Validation MAE: 1.6726528, Test MAE: 2.3149116, Test MAE norm: 0.1849059
Epoch: 711, LR: 0.000012, Loss: 0.1707673, Validation MAE: 1.6719214, Test MAE: 2.3146687, Test MAE norm: 0.1848865
Epoch: 712, LR: 0.000012, Loss: 0.1707512, Validation MAE: 1.6718531, Test MAE: 2.3137102, Test MAE norm: 0.1848100
Epoch: 713, LR: 0.000012, Loss: 0.1707543, Validation MAE: 1.6707492, Test MAE: 2.3135493, Test MAE norm: 0.1847971
Epoch: 714, LR: 0.000012, Loss: 0.1707515, Validation MAE: 1.6704196, Test MAE: 2.3138068, Test MAE norm: 0.1848177
Epoch: 715, LR: 0.000012, Loss: 0.1707479, Validation MAE: 1.6703862, Test MAE: 2.3136878, Test MAE norm: 0.1848082
Epoch: 725, LR: 0.000011, Loss: 0.1707533, Validation MAE: 1.6720070, Test MAE: 2.3138874, Test MAE norm: 0.1848241
Epoch: 726, LR: 0.000011, Loss: 0.1707164, Validation MAE: 1.6717107, Test MAE: 2.3140292, Test MAE norm: 0.1848354
Epoch: 727, LR: 0.000011, Loss: 0.1707400, Validation MAE: 1.6706200, Test MAE: 2.3137722, Test MAE norm: 0.1848149
Epoch: 737, LR: 0.000010, Loss: 0.1707228, Validation MAE: 1.6721394, Test MAE: 2.3142371, Test MAE norm: 0.1848520
Epoch: 738, LR: 0.000010, Loss: 0.1707288, Validation MAE: 1.6710860, Test MAE: 2.3144937, Test MAE norm: 0.1848726
Epoch: 739, LR: 0.000010, Loss: 0.1707362, Validation MAE: 1.6696634, Test MAE: 2.3137760, Test MAE norm: 0.1848152
Epoch: 749, LR: 0.000010, Loss: 0.1707194, Validation MAE: 1.6728613, Test MAE: 2.3141658, Test MAE norm: 0.1848464
Epoch: 750, LR: 0.000010, Loss: 0.1707128, Validation MAE: 1.6726377, Test MAE: 2.3142703, Test MAE norm: 0.1848547
Epoch: 751, LR: 0.000010, Loss: 0.1707200, Validation MAE: 1.6721040, Test MAE: 2.3144274, Test MAE norm: 0.1848672
Epoch: 752, LR: 0.000010, Loss: 0.1707071, Validation MAE: 1.6705489, Test MAE: 2.3143697, Test MAE norm: 0.1848626
Epoch: 753, LR: 0.000010, Loss: 0.1707105, Validation MAE: 1.6702278, Test MAE: 2.3143075, Test MAE norm: 0.1848577
Epoch: 754, LR: 0.000010, Loss: 0.1707370, Validation MAE: 1.6700722, Test MAE: 2.3138368, Test MAE norm: 0.1848201
Epoch: 755, LR: 0.000010, Loss: 0.1707420, Validation MAE: 1.6697234, Test MAE: 2.3133178, Test MAE norm: 0.1847786
Epoch: 765, LR: 0.000010, Loss: 0.1707367, Validation MAE: 1.6707963, Test MAE: 2.3140116, Test MAE norm: 0.1848340
Epoch: 766, LR: 0.000010, Loss: 0.1706941, Validation MAE: 1.6694533, Test MAE: 2.3134646, Test MAE norm: 0.1847904
Epoch: 767, LR: 0.000010, Loss: 0.1707520, Validation MAE: 1.6691225, Test MAE: 2.3135953, Test MAE norm: 0.1848008
Epoch: 768, LR: 0.000010, Loss: 0.1707758, Validation MAE: 1.6685276, Test MAE: 2.3128459, Test MAE norm: 0.1847409
Epoch: 770, LR: 0.000010, Loss: 0.1707548, Validation MAE: 1.6684247, Test MAE: 2.3119259, Test MAE norm: 0.1846674
Epoch: 780, LR: 0.000010, Loss: 0.1707223, Validation MAE: 1.6715703, Test MAE: 2.3140182, Test MAE norm: 0.1848346
Epoch: 781, LR: 0.000010, Loss: 0.1707235, Validation MAE: 1.6714680, Test MAE: 2.3142543, Test MAE norm: 0.1848534
Epoch: 782, LR: 0.000010, Loss: 0.1707478, Validation MAE: 1.6713138, Test MAE: 2.3137364, Test MAE norm: 0.1848121
Epoch: 783, LR: 0.000010, Loss: 0.1707098, Validation MAE: 1.6709608, Test MAE: 2.3136270, Test MAE norm: 0.1848033
Epoch: 786, LR: 0.000010, Loss: 0.1707458, Validation MAE: 1.6709139, Test MAE: 2.3137560, Test MAE norm: 0.1848136
Epoch: 787, LR: 0.000010, Loss: 0.1707037, Validation MAE: 1.6705563, Test MAE: 2.3138714, Test MAE norm: 0.1848228
Epoch: 788, LR: 0.000010, Loss: 0.1707267, Validation MAE: 1.6703101, Test MAE: 2.3138950, Test MAE norm: 0.1848247
Epoch: 796, LR: 0.000010, Loss: 0.1706878, Validation MAE: 1.6697991, Test MAE: 2.3145492, Test MAE norm: 0.1848770
Epoch: 806, LR: 0.000010, Loss: 0.1706703, Validation MAE: 1.6705873, Test MAE: 2.3139532, Test MAE norm: 0.1848294
Epoch: 807, LR: 0.000010, Loss: 0.1706529, Validation MAE: 1.6705685, Test MAE: 2.3136070, Test MAE norm: 0.1848017
Epoch: 809, LR: 0.000010, Loss: 0.1707123, Validation MAE: 1.6699629, Test MAE: 2.3135288, Test MAE norm: 0.1847955
Epoch: 810, LR: 0.000010, Loss: 0.1707212, Validation MAE: 1.6694666, Test MAE: 2.3131545, Test MAE norm: 0.1847656
Epoch: 811, LR: 0.000010, Loss: 0.1706946, Validation MAE: 1.6688083, Test MAE: 2.3133087, Test MAE norm: 0.1847779
Epoch: 812, LR: 0.000010, Loss: 0.1706883, Validation MAE: 1.6687208, Test MAE: 2.3132727, Test MAE norm: 0.1847750
Epoch: 822, LR: 0.000010, Loss: 0.1707432, Validation MAE: 1.6706233, Test MAE: 2.3145788, Test MAE norm: 0.1848793
Epoch: 823, LR: 0.000010, Loss: 0.1707164, Validation MAE: 1.6698579, Test MAE: 2.3142173, Test MAE norm: 0.1848505
Epoch: 824, LR: 0.000010, Loss: 0.1706818, Validation MAE: 1.6697385, Test MAE: 2.3130891, Test MAE norm: 0.1847604
Epoch: 828, LR: 0.000010, Loss: 0.1707063, Validation MAE: 1.6696501, Test MAE: 2.3131864, Test MAE norm: 0.1847681
Epoch: 838, LR: 0.000010, Loss: 0.1706657, Validation MAE: 1.6708009, Test MAE: 2.3133931, Test MAE norm: 0.1847846
Epoch: 839, LR: 0.000010, Loss: 0.1706988, Validation MAE: 1.6698911, Test MAE: 2.3137980, Test MAE norm: 0.1848170
Epoch: 846, LR: 0.000010, Loss: 0.1706749, Validation MAE: 1.6695871, Test MAE: 2.3138580, Test MAE norm: 0.1848218
Epoch: 856, LR: 0.000010, Loss: 0.1706862, Validation MAE: 1.6683404, Test MAE: 2.3132250, Test MAE norm: 0.1847712
Epoch: 857, LR: 0.000010, Loss: 0.1706973, Validation MAE: 1.6681070, Test MAE: 2.3127818, Test MAE norm: 0.1847358
Epoch: 867, LR: 0.000010, Loss: 0.1706833, Validation MAE: 1.6715004, Test MAE: 2.3140082, Test MAE norm: 0.1848338
Epoch: 868, LR: 0.000010, Loss: 0.1706846, Validation MAE: 1.6702254, Test MAE: 2.3142862, Test MAE norm: 0.1848560
Epoch: 869, LR: 0.000010, Loss: 0.1706859, Validation MAE: 1.6699038, Test MAE: 2.3146939, Test MAE norm: 0.1848885
Epoch: 870, LR: 0.000010, Loss: 0.1707122, Validation MAE: 1.6697941, Test MAE: 2.3142762, Test MAE norm: 0.1848552
Epoch: 873, LR: 0.000010, Loss: 0.1706694, Validation MAE: 1.6695154, Test MAE: 2.3131268, Test MAE norm: 0.1847634
Epoch: 874, LR: 0.000010, Loss: 0.1706490, Validation MAE: 1.6691792, Test MAE: 2.3133891, Test MAE norm: 0.1847843
Epoch: 875, LR: 0.000010, Loss: 0.1706447, Validation MAE: 1.6690249, Test MAE: 2.3141890, Test MAE norm: 0.1848482
Epoch: 881, LR: 0.000010, Loss: 0.1706912, Validation MAE: 1.6690220, Test MAE: 2.3141031, Test MAE norm: 0.1848413
Epoch: 891, LR: 0.000010, Loss: 0.1706458, Validation MAE: 1.6713547, Test MAE: 2.3140347, Test MAE norm: 0.1848359
Epoch: 894, LR: 0.000010, Loss: 0.1706577, Validation MAE: 1.6702557, Test MAE: 2.3141403, Test MAE norm: 0.1848443
Epoch: 895, LR: 0.000010, Loss: 0.1706565, Validation MAE: 1.6686641, Test MAE: 2.3135939, Test MAE norm: 0.1848007
Epoch: 896, LR: 0.000010, Loss: 0.1706298, Validation MAE: 1.6686218, Test MAE: 2.3132637, Test MAE norm: 0.1847743
Epoch: 897, LR: 0.000010, Loss: 0.1706553, Validation MAE: 1.6686121, Test MAE: 2.3130400, Test MAE norm: 0.1847564
Epoch: 907, LR: 0.000010, Loss: 0.1706307, Validation MAE: 1.6714242, Test MAE: 2.3139250, Test MAE norm: 0.1848271
Epoch: 910, LR: 0.000010, Loss: 0.1706519, Validation MAE: 1.6697224, Test MAE: 2.3144600, Test MAE norm: 0.1848699
Epoch: 911, LR: 0.000010, Loss: 0.1706650, Validation MAE: 1.6682146, Test MAE: 2.3146644, Test MAE norm: 0.1848862
Epoch: 912, LR: 0.000010, Loss: 0.1706856, Validation MAE: 1.6669643, Test MAE: 2.3142140, Test MAE norm: 0.1848502
Epoch: 913, LR: 0.000010, Loss: 0.1707051, Validation MAE: 1.6656669, Test MAE: 2.3127675, Test MAE norm: 0.1847347
Epoch: 923, LR: 0.000010, Loss: 0.1706678, Validation MAE: 1.6698744, Test MAE: 2.3142717, Test MAE norm: 0.1848548
Epoch: 930, LR: 0.000010, Loss: 0.1706330, Validation MAE: 1.6696970, Test MAE: 2.3142319, Test MAE norm: 0.1848516
Epoch: 932, LR: 0.000010, Loss: 0.1706482, Validation MAE: 1.6687275, Test MAE: 2.3134580, Test MAE norm: 0.1847898
Epoch: 933, LR: 0.000010, Loss: 0.1706077, Validation MAE: 1.6686472, Test MAE: 2.3135953, Test MAE norm: 0.1848008
Epoch: 934, LR: 0.000010, Loss: 0.1706268, Validation MAE: 1.6685151, Test MAE: 2.3131316, Test MAE norm: 0.1847637
Epoch: 937, LR: 0.000010, Loss: 0.1706244, Validation MAE: 1.6684887, Test MAE: 2.3132651, Test MAE norm: 0.1847744
Epoch: 947, LR: 0.000010, Loss: 0.1705867, Validation MAE: 1.6694402, Test MAE: 2.3138211, Test MAE norm: 0.1848188
Epoch: 949, LR: 0.000010, Loss: 0.1705859, Validation MAE: 1.6690435, Test MAE: 2.3135681, Test MAE norm: 0.1847986
Epoch: 950, LR: 0.000010, Loss: 0.1705845, Validation MAE: 1.6684302, Test MAE: 2.3137929, Test MAE norm: 0.1848166
Epoch: 960, LR: 0.000010, Loss: 0.1706126, Validation MAE: 1.6713197, Test MAE: 2.3146205, Test MAE norm: 0.1848827
Epoch: 961, LR: 0.000010, Loss: 0.1706106, Validation MAE: 1.6709090, Test MAE: 2.3143592, Test MAE norm: 0.1848618
Epoch: 962, LR: 0.000010, Loss: 0.1706224, Validation MAE: 1.6705309, Test MAE: 2.3138962, Test MAE norm: 0.1848248
Epoch: 963, LR: 0.000010, Loss: 0.1706010, Validation MAE: 1.6700752, Test MAE: 2.3136978, Test MAE norm: 0.1848090
Epoch: 964, LR: 0.000010, Loss: 0.1705936, Validation MAE: 1.6698165, Test MAE: 2.3135040, Test MAE norm: 0.1847935
Epoch: 965, LR: 0.000010, Loss: 0.1705919, Validation MAE: 1.6687843, Test MAE: 2.3135455, Test MAE norm: 0.1847968
Epoch: 966, LR: 0.000010, Loss: 0.1706188, Validation MAE: 1.6675125, Test MAE: 2.3132844, Test MAE norm: 0.1847760
Epoch: 967, LR: 0.000010, Loss: 0.1706275, Validation MAE: 1.6671463, Test MAE: 2.3129475, Test MAE norm: 0.1847491
Epoch: 977, LR: 0.000010, Loss: 0.1705808, Validation MAE: 1.6701230, Test MAE: 2.3146107, Test MAE norm: 0.1848819
Epoch: 978, LR: 0.000010, Loss: 0.1706203, Validation MAE: 1.6697488, Test MAE: 2.3143377, Test MAE norm: 0.1848601
Epoch: 979, LR: 0.000010, Loss: 0.1706544, Validation MAE: 1.6688378, Test MAE: 2.3133383, Test MAE norm: 0.1847803
Epoch: 981, LR: 0.000010, Loss: 0.1706391, Validation MAE: 1.6685210, Test MAE: 2.3131266, Test MAE norm: 0.1847633
Epoch: 982, LR: 0.000010, Loss: 0.1706151, Validation MAE: 1.6679454, Test MAE: 2.3143504, Test MAE norm: 0.1848611
Epoch: 992, LR: 0.000010, Loss: 0.1706160, Validation MAE: 1.6690290, Test MAE: 2.3148942, Test MAE norm: 0.1849045
Epoch: 996, LR: 0.000010, Loss: 0.1705795, Validation MAE: 1.6689508, Test MAE: 2.3125839, Test MAE norm: 0.1847200
Epoch: 997, LR: 0.000010, Loss: 0.1705672, Validation MAE: 1.6681942, Test MAE: 2.3129225, Test MAE norm: 0.1847471
Epoch: 1003, LR: 0.000010, Loss: 0.1705406, Validation MAE: 1.6679610, Test MAE: 2.3141496, Test MAE norm: 0.1848451
Epoch: 1013, LR: 0.000010, Loss: 0.1705637, Validation MAE: 1.6712272, Test MAE: 2.3146498, Test MAE norm: 0.1848850
Epoch: 1014, LR: 0.000010, Loss: 0.1705801, Validation MAE: 1.6692911, Test MAE: 2.3144524, Test MAE norm: 0.1848693
Epoch: 1015, LR: 0.000010, Loss: 0.1705856, Validation MAE: 1.6688414, Test MAE: 2.3141496, Test MAE norm: 0.1848451
Epoch: 1016, LR: 0.000010, Loss: 0.1705754, Validation MAE: 1.6687690, Test MAE: 2.3127725, Test MAE norm: 0.1847351
Epoch: 1018, LR: 0.000010, Loss: 0.1706174, Validation MAE: 1.6687391, Test MAE: 2.3126519, Test MAE norm: 0.1847254
Epoch: 1019, LR: 0.000010, Loss: 0.1705809, Validation MAE: 1.6679428, Test MAE: 2.3129711, Test MAE norm: 0.1847509
Epoch: 1020, LR: 0.000010, Loss: 0.1705658, Validation MAE: 1.6677082, Test MAE: 2.3140073, Test MAE norm: 0.1848337
Epoch: 1030, LR: 0.000010, Loss: 0.1705649, Validation MAE: 1.6676704, Test MAE: 2.3135073, Test MAE norm: 0.1847938
Epoch: 1039, LR: 0.000010, Loss: 0.1705764, Validation MAE: 1.6667550, Test MAE: 2.3140440, Test MAE norm: 0.1848366
Epoch: 1040, LR: 0.000010, Loss: 0.1706308, Validation MAE: 1.6659064, Test MAE: 2.3138292, Test MAE norm: 0.1848195
Epoch: 1041, LR: 0.000010, Loss: 0.1705906, Validation MAE: 1.6654164, Test MAE: 2.3128536, Test MAE norm: 0.1847415
Epoch: 1051, LR: 0.000010, Loss: 0.1705820, Validation MAE: 1.6702771, Test MAE: 2.3147166, Test MAE norm: 0.1848904
Epoch: 1052, LR: 0.000010, Loss: 0.1705719, Validation MAE: 1.6701970, Test MAE: 2.3135493, Test MAE norm: 0.1847971
Epoch: 1053, LR: 0.000010, Loss: 0.1705682, Validation MAE: 1.6697981, Test MAE: 2.3128839, Test MAE norm: 0.1847440
Epoch: 1056, LR: 0.000010, Loss: 0.1705661, Validation MAE: 1.6680195, Test MAE: 2.3148744, Test MAE norm: 0.1849030
Epoch: 1066, LR: 0.000010, Loss: 0.1705439, Validation MAE: 1.6684936, Test MAE: 2.3157911, Test MAE norm: 0.1849762
Epoch: 1076, LR: 0.000010, Loss: 0.1705511, Validation MAE: 1.6670010, Test MAE: 2.3140833, Test MAE norm: 0.1848398
Epoch: 1077, LR: 0.000010, Loss: 0.1705938, Validation MAE: 1.6653988, Test MAE: 2.3142838, Test MAE norm: 0.1848558
Epoch: 1078, LR: 0.000010, Loss: 0.1706326, Validation MAE: 1.6647922, Test MAE: 2.3140652, Test MAE norm: 0.1848383
Epoch: 1079, LR: 0.000010, Loss: 0.1706170, Validation MAE: 1.6647466, Test MAE: 2.3124721, Test MAE norm: 0.1847111
Epoch: 1089, LR: 0.000010, Loss: 0.1705666, Validation MAE: 1.6704873, Test MAE: 2.3141422, Test MAE norm: 0.1848445
Epoch: 1090, LR: 0.000010, Loss: 0.1705285, Validation MAE: 1.6702805, Test MAE: 2.3141086, Test MAE norm: 0.1848418
Epoch: 1091, LR: 0.000010, Loss: 0.1705411, Validation MAE: 1.6698833, Test MAE: 2.3142204, Test MAE norm: 0.1848507
Epoch: 1092, LR: 0.000010, Loss: 0.1705444, Validation MAE: 1.6698242, Test MAE: 2.3140876, Test MAE norm: 0.1848401
Epoch: 1093, LR: 0.000010, Loss: 0.1705404, Validation MAE: 1.6696577, Test MAE: 2.3135481, Test MAE norm: 0.1847970
Epoch: 1094, LR: 0.000010, Loss: 0.1705501, Validation MAE: 1.6682841, Test MAE: 2.3136785, Test MAE norm: 0.1848074
Epoch: 1095, LR: 0.000010, Loss: 0.1705371, Validation MAE: 1.6681561, Test MAE: 2.3136089, Test MAE norm: 0.1848019
Epoch: 1097, LR: 0.000010, Loss: 0.1705111, Validation MAE: 1.6680595, Test MAE: 2.3136775, Test MAE norm: 0.1848074
Epoch: 1098, LR: 0.000010, Loss: 0.1705277, Validation MAE: 1.6669116, Test MAE: 2.3127732, Test MAE norm: 0.1847351
Epoch: 1108, LR: 0.000010, Loss: 0.1705688, Validation MAE: 1.6698234, Test MAE: 2.3145106, Test MAE norm: 0.1848739
Epoch: 1109, LR: 0.000010, Loss: 0.1705058, Validation MAE: 1.6693420, Test MAE: 2.3138273, Test MAE norm: 0.1848193
Epoch: 1110, LR: 0.000010, Loss: 0.1705100, Validation MAE: 1.6684269, Test MAE: 2.3136928, Test MAE norm: 0.1848086
Epoch: 1111, LR: 0.000010, Loss: 0.1705508, Validation MAE: 1.6677493, Test MAE: 2.3135788, Test MAE norm: 0.1847995
Epoch: 1112, LR: 0.000010, Loss: 0.1705538, Validation MAE: 1.6666491, Test MAE: 2.3130593, Test MAE norm: 0.1847580
Epoch: 1122, LR: 0.000010, Loss: 0.1705194, Validation MAE: 1.6691459, Test MAE: 2.3125656, Test MAE norm: 0.1847185
Epoch: 1123, LR: 0.000010, Loss: 0.1705705, Validation MAE: 1.6680868, Test MAE: 2.3128796, Test MAE norm: 0.1847436
Epoch: 1124, LR: 0.000010, Loss: 0.1705139, Validation MAE: 1.6669265, Test MAE: 2.3134384, Test MAE norm: 0.1847883
Epoch: 1125, LR: 0.000010, Loss: 0.1705289, Validation MAE: 1.6666611, Test MAE: 2.3131633, Test MAE norm: 0.1847663
Epoch: 1126, LR: 0.000010, Loss: 0.1705397, Validation MAE: 1.6663966, Test MAE: 2.3132756, Test MAE norm: 0.1847752
Epoch: 1136, LR: 0.000010, Loss: 0.1705474, Validation MAE: 1.6678590, Test MAE: 2.3136792, Test MAE norm: 0.1848075
Epoch: 1140, LR: 0.000010, Loss: 0.1705402, Validation MAE: 1.6677341, Test MAE: 2.3129160, Test MAE norm: 0.1847465
Epoch: 1150, LR: 0.000010, Loss: 0.1704597, Validation MAE: 1.6690046, Test MAE: 2.3129411, Test MAE norm: 0.1847485
Epoch: 1151, LR: 0.000010, Loss: 0.1704853, Validation MAE: 1.6674474, Test MAE: 2.3132436, Test MAE norm: 0.1847727
Epoch: 1152, LR: 0.000010, Loss: 0.1704907, Validation MAE: 1.6673052, Test MAE: 2.3135962, Test MAE norm: 0.1848009
Epoch: 1153, LR: 0.000010, Loss: 0.1705256, Validation MAE: 1.6663092, Test MAE: 2.3133276, Test MAE norm: 0.1847794
Epoch: 1163, LR: 0.000010, Loss: 0.1705026, Validation MAE: 1.6683470, Test MAE: 2.3134885, Test MAE norm: 0.1847923
Epoch: 1164, LR: 0.000010, Loss: 0.1705328, Validation MAE: 1.6682136, Test MAE: 2.3131588, Test MAE norm: 0.1847659
Epoch: 1165, LR: 0.000010, Loss: 0.1705070, Validation MAE: 1.6677957, Test MAE: 2.3130541, Test MAE norm: 0.1847576
Epoch: 1166, LR: 0.000010, Loss: 0.1704846, Validation MAE: 1.6677103, Test MAE: 2.3133779, Test MAE norm: 0.1847834
Epoch: 1167, LR: 0.000010, Loss: 0.1704919, Validation MAE: 1.6673987, Test MAE: 2.3133247, Test MAE norm: 0.1847792
Epoch: 1169, LR: 0.000010, Loss: 0.1704981, Validation MAE: 1.6671124, Test MAE: 2.3134665, Test MAE norm: 0.1847905
Epoch: 1173, LR: 0.000010, Loss: 0.1704705, Validation MAE: 1.6669872, Test MAE: 2.3144755, Test MAE norm: 0.1848711
Epoch: 1174, LR: 0.000010, Loss: 0.1705386, Validation MAE: 1.6654774, Test MAE: 2.3146794, Test MAE norm: 0.1848874
Epoch: 1175, LR: 0.000010, Loss: 0.1705517, Validation MAE: 1.6651766, Test MAE: 2.3141828, Test MAE norm: 0.1848477
Epoch: 1185, LR: 0.000010, Loss: 0.1705020, Validation MAE: 1.6698178, Test MAE: 2.3138297, Test MAE norm: 0.1848195
Epoch: 1189, LR: 0.000010, Loss: 0.1704703, Validation MAE: 1.6697136, Test MAE: 2.3145905, Test MAE norm: 0.1848803
Epoch: 1190, LR: 0.000010, Loss: 0.1705233, Validation MAE: 1.6687242, Test MAE: 2.3143075, Test MAE norm: 0.1848577
Epoch: 1191, LR: 0.000010, Loss: 0.1704745, Validation MAE: 1.6686647, Test MAE: 2.3143215, Test MAE norm: 0.1848588
Epoch: 1192, LR: 0.000010, Loss: 0.1704838, Validation MAE: 1.6673052, Test MAE: 2.3139682, Test MAE norm: 0.1848306
Epoch: 1195, LR: 0.000010, Loss: 0.1704492, Validation MAE: 1.6662180, Test MAE: 2.3123333, Test MAE norm: 0.1847000
Epoch: 1196, LR: 0.000010, Loss: 0.1704936, Validation MAE: 1.6647478, Test MAE: 2.3120420, Test MAE norm: 0.1846767
Epoch: 1197, LR: 0.000010, Loss: 0.1705094, Validation MAE: 1.6647333, Test MAE: 2.3120475, Test MAE norm: 0.1846772
Epoch: 1207, LR: 0.000010, Loss: 0.1704567, Validation MAE: 1.6680757, Test MAE: 2.3135898, Test MAE norm: 0.1848004
Epoch: 1208, LR: 0.000010, Loss: 0.1704785, Validation MAE: 1.6680753, Test MAE: 2.3128297, Test MAE norm: 0.1847396
Epoch: 1209, LR: 0.000010, Loss: 0.1704386, Validation MAE: 1.6680676, Test MAE: 2.3126583, Test MAE norm: 0.1847259
Epoch: 1210, LR: 0.000010, Loss: 0.1704480, Validation MAE: 1.6680397, Test MAE: 2.3130722, Test MAE norm: 0.1847590
Epoch: 1211, LR: 0.000010, Loss: 0.1704606, Validation MAE: 1.6677176, Test MAE: 2.3130977, Test MAE norm: 0.1847610
Epoch: 1214, LR: 0.000010, Loss: 0.1704366, Validation MAE: 1.6674278, Test MAE: 2.3134756, Test MAE norm: 0.1847912
Epoch: 1215, LR: 0.000010, Loss: 0.1704061, Validation MAE: 1.6669060, Test MAE: 2.3136196, Test MAE norm: 0.1848027
Epoch: 1216, LR: 0.000010, Loss: 0.1704386, Validation MAE: 1.6660904, Test MAE: 2.3137662, Test MAE norm: 0.1848144
Epoch: 1217, LR: 0.000010, Loss: 0.1704440, Validation MAE: 1.6660807, Test MAE: 2.3129609, Test MAE norm: 0.1847501
Epoch: 1227, LR: 0.000010, Loss: 0.1704535, Validation MAE: 1.6691372, Test MAE: 2.3142936, Test MAE norm: 0.1848566
Epoch: 1228, LR: 0.000010, Loss: 0.1704600, Validation MAE: 1.6690999, Test MAE: 2.3133192, Test MAE norm: 0.1847787
Epoch: 1229, LR: 0.000010, Loss: 0.1704673, Validation MAE: 1.6682314, Test MAE: 2.3129296, Test MAE norm: 0.1847476
Epoch: 1230, LR: 0.000010, Loss: 0.1704728, Validation MAE: 1.6677704, Test MAE: 2.3133593, Test MAE norm: 0.1847819
Epoch: 1231, LR: 0.000010, Loss: 0.1704652, Validation MAE: 1.6673751, Test MAE: 2.3136623, Test MAE norm: 0.1848061
Epoch: 1232, LR: 0.000010, Loss: 0.1704738, Validation MAE: 1.6673446, Test MAE: 2.3137398, Test MAE norm: 0.1848123
Epoch: 1233, LR: 0.000010, Loss: 0.1704742, Validation MAE: 1.6665192, Test MAE: 2.3132303, Test MAE norm: 0.1847716
Epoch: 1235, LR: 0.000010, Loss: 0.1704541, Validation MAE: 1.6656406, Test MAE: 2.3125226, Test MAE norm: 0.1847151
Epoch: 1245, LR: 0.000010, Loss: 0.1704045, Validation MAE: 1.6679082, Test MAE: 2.3133280, Test MAE norm: 0.1847794
Epoch: 1246, LR: 0.000010, Loss: 0.1704567, Validation MAE: 1.6677045, Test MAE: 2.3133156, Test MAE norm: 0.1847785
Epoch: 1247, LR: 0.000010, Loss: 0.1704129, Validation MAE: 1.6672438, Test MAE: 2.3133564, Test MAE norm: 0.1847817
Epoch: 1248, LR: 0.000010, Loss: 0.1704025, Validation MAE: 1.6665641, Test MAE: 2.3133667, Test MAE norm: 0.1847825
Epoch: 1258, LR: 0.000010, Loss: 0.1704130, Validation MAE: 1.6668553, Test MAE: 2.3130293, Test MAE norm: 0.1847556
Epoch: 1264, LR: 0.000010, Loss: 0.1704510, Validation MAE: 1.6660492, Test MAE: 2.3136520, Test MAE norm: 0.1848053
Epoch: 1265, LR: 0.000010, Loss: 0.1704904, Validation MAE: 1.6658733, Test MAE: 2.3126447, Test MAE norm: 0.1847249
Epoch: 1268, LR: 0.000010, Loss: 0.1704140, Validation MAE: 1.6645232, Test MAE: 2.3121405, Test MAE norm: 0.1846846
Epoch: 1278, LR: 0.000010, Loss: 0.1704166, Validation MAE: 1.6675274, Test MAE: 2.3128321, Test MAE norm: 0.1847398
Epoch: 1279, LR: 0.000010, Loss: 0.1704183, Validation MAE: 1.6669998, Test MAE: 2.3140457, Test MAE norm: 0.1848368
Epoch: 1280, LR: 0.000010, Loss: 0.1704717, Validation MAE: 1.6666615, Test MAE: 2.3131874, Test MAE norm: 0.1847682
Epoch: 1281, LR: 0.000010, Loss: 0.1704327, Validation MAE: 1.6664369, Test MAE: 2.3122048, Test MAE norm: 0.1846897
Epoch: 1291, LR: 0.000010, Loss: 0.1704098, Validation MAE: 1.6667821, Test MAE: 2.3123100, Test MAE norm: 0.1846981
Epoch: 1292, LR: 0.000010, Loss: 0.1704276, Validation MAE: 1.6665611, Test MAE: 2.3130066, Test MAE norm: 0.1847538
Epoch: 1294, LR: 0.000010, Loss: 0.1704118, Validation MAE: 1.6656933, Test MAE: 2.3129911, Test MAE norm: 0.1847525
Epoch: 1295, LR: 0.000010, Loss: 0.1704253, Validation MAE: 1.6654794, Test MAE: 2.3124466, Test MAE norm: 0.1847090
Epoch: 1296, LR: 0.000010, Loss: 0.1704118, Validation MAE: 1.6654741, Test MAE: 2.3124430, Test MAE norm: 0.1847087
Epoch: 1306, LR: 0.000010, Loss: 0.1704227, Validation MAE: 1.6679054, Test MAE: 2.3129544, Test MAE norm: 0.1847496
Epoch: 1307, LR: 0.000010, Loss: 0.1704172, Validation MAE: 1.6676658, Test MAE: 2.3132801, Test MAE norm: 0.1847756
Epoch: 1308, LR: 0.000010, Loss: 0.1704132, Validation MAE: 1.6670562, Test MAE: 2.3134425, Test MAE norm: 0.1847886
Epoch: 1309, LR: 0.000010, Loss: 0.1704266, Validation MAE: 1.6669780, Test MAE: 2.3131385, Test MAE norm: 0.1847643
Epoch: 1310, LR: 0.000010, Loss: 0.1703860, Validation MAE: 1.6667365, Test MAE: 2.3121643, Test MAE norm: 0.1846865
Epoch: 1311, LR: 0.000010, Loss: 0.1703950, Validation MAE: 1.6661478, Test MAE: 2.3123703, Test MAE norm: 0.1847029
Epoch: 1313, LR: 0.000010, Loss: 0.1703813, Validation MAE: 1.6646386, Test MAE: 2.3127613, Test MAE norm: 0.1847342
Epoch: 1314, LR: 0.000010, Loss: 0.1704269, Validation MAE: 1.6640055, Test MAE: 2.3128445, Test MAE norm: 0.1847408
Epoch: 1324, LR: 0.000010, Loss: 0.1703706, Validation MAE: 1.6660600, Test MAE: 2.3129930, Test MAE norm: 0.1847527
Epoch: 1325, LR: 0.000010, Loss: 0.1703814, Validation MAE: 1.6657085, Test MAE: 2.3126514, Test MAE norm: 0.1847254
Epoch: 1326, LR: 0.000010, Loss: 0.1703948, Validation MAE: 1.6656488, Test MAE: 2.3125417, Test MAE norm: 0.1847166
Epoch: 1334, LR: 0.000010, Loss: 0.1703944, Validation MAE: 1.6650894, Test MAE: 2.3130479, Test MAE norm: 0.1847571
Epoch: 1336, LR: 0.000010, Loss: 0.1703997, Validation MAE: 1.6644560, Test MAE: 2.3115916, Test MAE norm: 0.1846408
Epoch: 1337, LR: 0.000010, Loss: 0.1703726, Validation MAE: 1.6643517, Test MAE: 2.3120089, Test MAE norm: 0.1846741
Epoch: 1347, LR: 0.000010, Loss: 0.1703941, Validation MAE: 1.6641839, Test MAE: 2.3122151, Test MAE norm: 0.1846905
Epoch: 1348, LR: 0.000010, Loss: 0.1703609, Validation MAE: 1.6640207, Test MAE: 2.3123384, Test MAE norm: 0.1847004
Epoch: 1349, LR: 0.000010, Loss: 0.1703934, Validation MAE: 1.6633953, Test MAE: 2.3132930, Test MAE norm: 0.1847766
Epoch: 1359, LR: 0.000010, Loss: 0.1703593, Validation MAE: 1.6641083, Test MAE: 2.3124108, Test MAE norm: 0.1847062
Epoch: 1369, LR: 0.000010, Loss: 0.1703804, Validation MAE: 1.6646763, Test MAE: 2.3121402, Test MAE norm: 0.1846846
Epoch: 1370, LR: 0.000010, Loss: 0.1703824, Validation MAE: 1.6640223, Test MAE: 2.3123729, Test MAE norm: 0.1847032
Epoch: 1371, LR: 0.000010, Loss: 0.1703703, Validation MAE: 1.6638483, Test MAE: 2.3119419, Test MAE norm: 0.1846687
Epoch: 1381, LR: 0.000010, Loss: 0.1703634, Validation MAE: 1.6643469, Test MAE: 2.3117535, Test MAE norm: 0.1846537
Epoch: 1382, LR: 0.000010, Loss: 0.1703665, Validation MAE: 1.6641082, Test MAE: 2.3116055, Test MAE norm: 0.1846419
Epoch: 1392, LR: 0.000010, Loss: 0.1703643, Validation MAE: 1.6655343, Test MAE: 2.3127503, Test MAE norm: 0.1847333
Epoch: 1394, LR: 0.000010, Loss: 0.1703720, Validation MAE: 1.6645993, Test MAE: 2.3115706, Test MAE norm: 0.1846391
Epoch: 1395, LR: 0.000010, Loss: 0.1703556, Validation MAE: 1.6636453, Test MAE: 2.3123505, Test MAE norm: 0.1847014
Epoch: 1396, LR: 0.000010, Loss: 0.1703853, Validation MAE: 1.6634197, Test MAE: 2.3126111, Test MAE norm: 0.1847222
Epoch: 1397, LR: 0.000010, Loss: 0.1703756, Validation MAE: 1.6633234, Test MAE: 2.3120227, Test MAE norm: 0.1846752
Epoch: 1407, LR: 0.000010, Loss: 0.1703468, Validation MAE: 1.6628075, Test MAE: 2.3127534, Test MAE norm: 0.1847335
Epoch: 1408, LR: 0.000010, Loss: 0.1703596, Validation MAE: 1.6625135, Test MAE: 2.3118050, Test MAE norm: 0.1846578
Epoch: 1418, LR: 0.000010, Loss: 0.1703354, Validation MAE: 1.6640973, Test MAE: 2.3124828, Test MAE norm: 0.1847119
Epoch: 1419, LR: 0.000010, Loss: 0.1703460, Validation MAE: 1.6633577, Test MAE: 2.3120775, Test MAE norm: 0.1846796
Epoch: 1423, LR: 0.000010, Loss: 0.1703120, Validation MAE: 1.6631992, Test MAE: 2.3130186, Test MAE norm: 0.1847547
Epoch: 1433, LR: 0.000010, Loss: 0.1703296, Validation MAE: 1.6643101, Test MAE: 2.3114655, Test MAE norm: 0.1846307
Epoch: 1434, LR: 0.000010, Loss: 0.1703208, Validation MAE: 1.6643040, Test MAE: 2.3118737, Test MAE norm: 0.1846633
Epoch: 1435, LR: 0.000010, Loss: 0.1703089, Validation MAE: 1.6632127, Test MAE: 2.3125057, Test MAE norm: 0.1847138
Epoch: 1436, LR: 0.000010, Loss: 0.1703282, Validation MAE: 1.6627368, Test MAE: 2.3121722, Test MAE norm: 0.1846871
Epoch: 1446, LR: 0.000010, Loss: 0.1703448, Validation MAE: 1.6626645, Test MAE: 2.3122873, Test MAE norm: 0.1846963
Epoch: 1447, LR: 0.000010, Loss: 0.1703329, Validation MAE: 1.6621315, Test MAE: 2.3108704, Test MAE norm: 0.1845831
Epoch: 1457, LR: 0.000010, Loss: 0.1703259, Validation MAE: 1.6658912, Test MAE: 2.3127897, Test MAE norm: 0.1847364
Epoch: 1459, LR: 0.000010, Loss: 0.1703153, Validation MAE: 1.6658390, Test MAE: 2.3122535, Test MAE norm: 0.1846936
Epoch: 1460, LR: 0.000010, Loss: 0.1703429, Validation MAE: 1.6636651, Test MAE: 2.3130991, Test MAE norm: 0.1847612
Epoch: 1461, LR: 0.000010, Loss: 0.1703041, Validation MAE: 1.6626987, Test MAE: 2.3121815, Test MAE norm: 0.1846879
Epoch: 1471, LR: 0.000010, Loss: 0.1702833, Validation MAE: 1.6659272, Test MAE: 2.3128955, Test MAE norm: 0.1847449
Epoch: 1472, LR: 0.000010, Loss: 0.1703019, Validation MAE: 1.6649867, Test MAE: 2.3129709, Test MAE norm: 0.1847509
Epoch: 1473, LR: 0.000010, Loss: 0.1702605, Validation MAE: 1.6646439, Test MAE: 2.3124890, Test MAE norm: 0.1847124
Epoch: 1476, LR: 0.000010, Loss: 0.1702845, Validation MAE: 1.6643118, Test MAE: 2.3131909, Test MAE norm: 0.1847685
Epoch: 1477, LR: 0.000010, Loss: 0.1703068, Validation MAE: 1.6634319, Test MAE: 2.3130262, Test MAE norm: 0.1847553
Epoch: 1479, LR: 0.000010, Loss: 0.1703142, Validation MAE: 1.6628513, Test MAE: 2.3109548, Test MAE norm: 0.1845899
Epoch: 1489, LR: 0.000010, Loss: 0.1702895, Validation MAE: 1.6646601, Test MAE: 2.3109784, Test MAE norm: 0.1845918
Epoch: 1491, LR: 0.000010, Loss: 0.1702877, Validation MAE: 1.6640135, Test MAE: 2.3123872, Test MAE norm: 0.1847043
Epoch: 1497, LR: 0.000010, Loss: 0.1703028, Validation MAE: 1.6637038, Test MAE: 2.3119807, Test MAE norm: 0.1846718
Epoch: 1502, LR: 0.000010, Loss: 0.1702693, Validation MAE: 1.6636710, Test MAE: 2.3129094, Test MAE norm: 0.1847460
Epoch: 1506, LR: 0.000010, Loss: 0.1702949, Validation MAE: 1.6630194, Test MAE: 2.3126283, Test MAE norm: 0.1847235
Epoch: 1507, LR: 0.000010, Loss: 0.1702912, Validation MAE: 1.6618696, Test MAE: 2.3122830, Test MAE norm: 0.1846960
Epoch: 1512, LR: 0.000010, Loss: 0.1702731, Validation MAE: 1.6614223, Test MAE: 2.3124056, Test MAE norm: 0.1847058
Epoch: 1522, LR: 0.000010, Loss: 0.1702768, Validation MAE: 1.6645824, Test MAE: 2.3120399, Test MAE norm: 0.1846765
Epoch: 1523, LR: 0.000010, Loss: 0.1702361, Validation MAE: 1.6640759, Test MAE: 2.3122759, Test MAE norm: 0.1846954
Epoch: 1525, LR: 0.000010, Loss: 0.1702640, Validation MAE: 1.6631430, Test MAE: 2.3121583, Test MAE norm: 0.1846860
Epoch: 1526, LR: 0.000010, Loss: 0.1702521, Validation MAE: 1.6622230, Test MAE: 2.3119881, Test MAE norm: 0.1846724
Epoch: 1536, LR: 0.000010, Loss: 0.1702573, Validation MAE: 1.6628934, Test MAE: 2.3112922, Test MAE norm: 0.1846168
Epoch: 1540, LR: 0.000010, Loss: 0.1702674, Validation MAE: 1.6618003, Test MAE: 2.3111389, Test MAE norm: 0.1846046
Epoch: 1550, LR: 0.000010, Loss: 0.1702506, Validation MAE: 1.6627789, Test MAE: 2.3109217, Test MAE norm: 0.1845872
Epoch: 1551, LR: 0.000010, Loss: 0.1702862, Validation MAE: 1.6622396, Test MAE: 2.3108454, Test MAE norm: 0.1845811
Epoch: 1561, LR: 0.000010, Loss: 0.1702292, Validation MAE: 1.6619096, Test MAE: 2.3123410, Test MAE norm: 0.1847006
Epoch: 1562, LR: 0.000010, Loss: 0.1702386, Validation MAE: 1.6606646, Test MAE: 2.3119917, Test MAE norm: 0.1846727
Epoch: 1563, LR: 0.000010, Loss: 0.1702619, Validation MAE: 1.6604038, Test MAE: 2.3107846, Test MAE norm: 0.1845763
Epoch: 1573, LR: 0.000010, Loss: 0.1702447, Validation MAE: 1.6640627, Test MAE: 2.3117957, Test MAE norm: 0.1846571
Epoch: 1576, LR: 0.000010, Loss: 0.1702452, Validation MAE: 1.6638877, Test MAE: 2.3126402, Test MAE norm: 0.1847245
Epoch: 1577, LR: 0.000010, Loss: 0.1702654, Validation MAE: 1.6636480, Test MAE: 2.3120484, Test MAE norm: 0.1846772
Epoch: 1579, LR: 0.000010, Loss: 0.1702431, Validation MAE: 1.6629518, Test MAE: 2.3111894, Test MAE norm: 0.1846086
Epoch: 1580, LR: 0.000010, Loss: 0.1702199, Validation MAE: 1.6620500, Test MAE: 2.3110917, Test MAE norm: 0.1846008
Epoch: 1581, LR: 0.000010, Loss: 0.1702158, Validation MAE: 1.6620144, Test MAE: 2.3110738, Test MAE norm: 0.1845994
Epoch: 1591, LR: 0.000010, Loss: 0.1701878, Validation MAE: 1.6625460, Test MAE: 2.3116035, Test MAE norm: 0.1846417
Epoch: 1592, LR: 0.000010, Loss: 0.1702138, Validation MAE: 1.6615866, Test MAE: 2.3108253, Test MAE norm: 0.1845795
Epoch: 1593, LR: 0.000010, Loss: 0.1701979, Validation MAE: 1.6612889, Test MAE: 2.3109145, Test MAE norm: 0.1845867
Epoch: 1603, LR: 0.000010, Loss: 0.1701909, Validation MAE: 1.6628531, Test MAE: 2.3103678, Test MAE norm: 0.1845430
Epoch: 1604, LR: 0.000010, Loss: 0.1702086, Validation MAE: 1.6624213, Test MAE: 2.3102868, Test MAE norm: 0.1845365
Epoch: 1606, LR: 0.000010, Loss: 0.1702219, Validation MAE: 1.6620393, Test MAE: 2.3115950, Test MAE norm: 0.1846410
Epoch: 1615, LR: 0.000010, Loss: 0.1702520, Validation MAE: 1.6617601, Test MAE: 2.3107364, Test MAE norm: 0.1845724
Epoch: 1616, LR: 0.000010, Loss: 0.1702057, Validation MAE: 1.6606306, Test MAE: 2.3112993, Test MAE norm: 0.1846174
Epoch: 1617, LR: 0.000010, Loss: 0.1701985, Validation MAE: 1.6605920, Test MAE: 2.3112919, Test MAE norm: 0.1846168
Epoch: 1627, LR: 0.000010, Loss: 0.1702034, Validation MAE: 1.6616997, Test MAE: 2.3108988, Test MAE norm: 0.1845854
Epoch: 1637, LR: 0.000010, Loss: 0.1701810, Validation MAE: 1.6626413, Test MAE: 2.3104646, Test MAE norm: 0.1845507
Epoch: 1638, LR: 0.000010, Loss: 0.1701917, Validation MAE: 1.6623009, Test MAE: 2.3114374, Test MAE norm: 0.1846284
Epoch: 1639, LR: 0.000010, Loss: 0.1701880, Validation MAE: 1.6615033, Test MAE: 2.3117931, Test MAE norm: 0.1846568
Epoch: 1640, LR: 0.000010, Loss: 0.1702085, Validation MAE: 1.6605742, Test MAE: 2.3118122, Test MAE norm: 0.1846584
Epoch: 1650, LR: 0.000010, Loss: 0.1701817, Validation MAE: 1.6622068, Test MAE: 2.3115156, Test MAE norm: 0.1846347
Epoch: 1653, LR: 0.000010, Loss: 0.1701852, Validation MAE: 1.6620337, Test MAE: 2.3102932, Test MAE norm: 0.1845370
Epoch: 1654, LR: 0.000010, Loss: 0.1701416, Validation MAE: 1.6614037, Test MAE: 2.3111644, Test MAE norm: 0.1846066
Epoch: 1661, LR: 0.000010, Loss: 0.1701267, Validation MAE: 1.6611551, Test MAE: 2.3121231, Test MAE norm: 0.1846832
Epoch: 1662, LR: 0.000010, Loss: 0.1701781, Validation MAE: 1.6605716, Test MAE: 2.3116338, Test MAE norm: 0.1846441
Epoch: 1663, LR: 0.000010, Loss: 0.1701993, Validation MAE: 1.6600668, Test MAE: 2.3110781, Test MAE norm: 0.1845997
Epoch: 1667, LR: 0.000010, Loss: 0.1702167, Validation MAE: 1.6600131, Test MAE: 2.3096466, Test MAE norm: 0.1844854
Epoch: 1668, LR: 0.000010, Loss: 0.1701735, Validation MAE: 1.6592681, Test MAE: 2.3113530, Test MAE norm: 0.1846217
Epoch: 1678, LR: 0.000010, Loss: 0.1701844, Validation MAE: 1.6611613, Test MAE: 2.3101559, Test MAE norm: 0.1845261
Epoch: 1688, LR: 0.000010, Loss: 0.1701772, Validation MAE: 1.6607376, Test MAE: 2.3109667, Test MAE norm: 0.1845908
Epoch: 1689, LR: 0.000010, Loss: 0.1701537, Validation MAE: 1.6599028, Test MAE: 2.3120005, Test MAE norm: 0.1846734
Epoch: 1690, LR: 0.000010, Loss: 0.1701936, Validation MAE: 1.6593626, Test MAE: 2.3114955, Test MAE norm: 0.1846331
Epoch: 1700, LR: 0.000010, Loss: 0.1701689, Validation MAE: 1.6612743, Test MAE: 2.3125796, Test MAE norm: 0.1847197
Epoch: 1701, LR: 0.000010, Loss: 0.1701562, Validation MAE: 1.6608160, Test MAE: 2.3102801, Test MAE norm: 0.1845360
Epoch: 1702, LR: 0.000010, Loss: 0.1701339, Validation MAE: 1.6601294, Test MAE: 2.3095405, Test MAE norm: 0.1844769
Epoch: 1703, LR: 0.000010, Loss: 0.1701652, Validation MAE: 1.6598144, Test MAE: 2.3102620, Test MAE norm: 0.1845345
Epoch: 1704, LR: 0.000010, Loss: 0.1701412, Validation MAE: 1.6594678, Test MAE: 2.3103857, Test MAE norm: 0.1845444
Epoch: 1714, LR: 0.000010, Loss: 0.1701042, Validation MAE: 1.6589087, Test MAE: 2.3110194, Test MAE norm: 0.1845950
Epoch: 1724, LR: 0.000010, Loss: 0.1701250, Validation MAE: 1.6613033, Test MAE: 2.3111455, Test MAE norm: 0.1846051
Epoch: 1725, LR: 0.000010, Loss: 0.1701131, Validation MAE: 1.6600369, Test MAE: 2.3111920, Test MAE norm: 0.1846088
Epoch: 1726, LR: 0.000010, Loss: 0.1701390, Validation MAE: 1.6598152, Test MAE: 2.3108177, Test MAE norm: 0.1845789
Epoch: 1736, LR: 0.000010, Loss: 0.1700952, Validation MAE: 1.6595052, Test MAE: 2.3103206, Test MAE norm: 0.1845392
Epoch: 1738, LR: 0.000010, Loss: 0.1701306, Validation MAE: 1.6589531, Test MAE: 2.3094513, Test MAE norm: 0.1844698
Epoch: 1739, LR: 0.000010, Loss: 0.1700947, Validation MAE: 1.6589165, Test MAE: 2.3103511, Test MAE norm: 0.1845417
Epoch: 1749, LR: 0.000010, Loss: 0.1701128, Validation MAE: 1.6584111, Test MAE: 2.3119438, Test MAE norm: 0.1846689
Epoch: 1750, LR: 0.000010, Loss: 0.1701123, Validation MAE: 1.6583812, Test MAE: 2.3104913, Test MAE norm: 0.1845529
Epoch: 1760, LR: 0.000010, Loss: 0.1701084, Validation MAE: 1.6631961, Test MAE: 2.3116069, Test MAE norm: 0.1846420
Epoch: 1761, LR: 0.000010, Loss: 0.1701340, Validation MAE: 1.6599708, Test MAE: 2.3118727, Test MAE norm: 0.1846632
Epoch: 1762, LR: 0.000010, Loss: 0.1700705, Validation MAE: 1.6593775, Test MAE: 2.3109300, Test MAE norm: 0.1845879
Epoch: 1765, LR: 0.000010, Loss: 0.1700977, Validation MAE: 1.6590395, Test MAE: 2.3104057, Test MAE norm: 0.1845460
Epoch: 1775, LR: 0.000010, Loss: 0.1701669, Validation MAE: 1.6582093, Test MAE: 2.3101015, Test MAE norm: 0.1845217
Epoch: 1776, LR: 0.000010, Loss: 0.1700864, Validation MAE: 1.6568000, Test MAE: 2.3104525, Test MAE norm: 0.1845497
Epoch: 1777, LR: 0.000010, Loss: 0.1701886, Validation MAE: 1.6560993, Test MAE: 2.3101683, Test MAE norm: 0.1845271
Epoch: 1787, LR: 0.000010, Loss: 0.1701157, Validation MAE: 1.6585511, Test MAE: 2.3101077, Test MAE norm: 0.1845222
Epoch: 1788, LR: 0.000010, Loss: 0.1700880, Validation MAE: 1.6585009, Test MAE: 2.3086805, Test MAE norm: 0.1844082
Epoch: 1789, LR: 0.000010, Loss: 0.1700711, Validation MAE: 1.6584079, Test MAE: 2.3083751, Test MAE norm: 0.1843838
Epoch: 1790, LR: 0.000010, Loss: 0.1700787, Validation MAE: 1.6576811, Test MAE: 2.3082221, Test MAE norm: 0.1843716
Epoch: 1791, LR: 0.000010, Loss: 0.1700788, Validation MAE: 1.6569877, Test MAE: 2.3086541, Test MAE norm: 0.1844061
Epoch: 1793, LR: 0.000010, Loss: 0.1700759, Validation MAE: 1.6569427, Test MAE: 2.3097517, Test MAE norm: 0.1844938
Epoch: 1803, LR: 0.000010, Loss: 0.1700978, Validation MAE: 1.6595392, Test MAE: 2.3100607, Test MAE norm: 0.1845185
Epoch: 1812, LR: 0.000010, Loss: 0.1700784, Validation MAE: 1.6595253, Test MAE: 2.3108780, Test MAE norm: 0.1845838
Epoch: 1814, LR: 0.000010, Loss: 0.1700608, Validation MAE: 1.6592195, Test MAE: 2.3100047, Test MAE norm: 0.1845140
Epoch: 1816, LR: 0.000010, Loss: 0.1700515, Validation MAE: 1.6591707, Test MAE: 2.3108342, Test MAE norm: 0.1845802
Epoch: 1817, LR: 0.000010, Loss: 0.1700394, Validation MAE: 1.6584775, Test MAE: 2.3109891, Test MAE norm: 0.1845926
Epoch: 1826, LR: 0.000010, Loss: 0.1700332, Validation MAE: 1.6583170, Test MAE: 2.3111813, Test MAE norm: 0.1846080
Epoch: 1836, LR: 0.000010, Loss: 0.1700270, Validation MAE: 1.6610242, Test MAE: 2.3116879, Test MAE norm: 0.1846484
Epoch: 1838, LR: 0.000010, Loss: 0.1700289, Validation MAE: 1.6592962, Test MAE: 2.3120348, Test MAE norm: 0.1846761
Epoch: 1839, LR: 0.000010, Loss: 0.1700164, Validation MAE: 1.6589395, Test MAE: 2.3108952, Test MAE norm: 0.1845851
Epoch: 1840, LR: 0.000010, Loss: 0.1700659, Validation MAE: 1.6585770, Test MAE: 2.3094089, Test MAE norm: 0.1844664
Epoch: 1843, LR: 0.000010, Loss: 0.1700605, Validation MAE: 1.6582445, Test MAE: 2.3103304, Test MAE norm: 0.1845400
Epoch: 1851, LR: 0.000010, Loss: 0.1700595, Validation MAE: 1.6580057, Test MAE: 2.3101816, Test MAE norm: 0.1845281
Epoch: 1852, LR: 0.000010, Loss: 0.1700530, Validation MAE: 1.6574057, Test MAE: 2.3095238, Test MAE norm: 0.1844756
Epoch: 1853, LR: 0.000010, Loss: 0.1700760, Validation MAE: 1.6570299, Test MAE: 2.3089159, Test MAE norm: 0.1844270
Epoch: 1863, LR: 0.000010, Loss: 0.1700128, Validation MAE: 1.6575370, Test MAE: 2.3095162, Test MAE norm: 0.1844750
Epoch: 1864, LR: 0.000010, Loss: 0.1699950, Validation MAE: 1.6573105, Test MAE: 2.3096986, Test MAE norm: 0.1844895
Epoch: 1866, LR: 0.000010, Loss: 0.1700063, Validation MAE: 1.6569911, Test MAE: 2.3092539, Test MAE norm: 0.1844540
Epoch: 1876, LR: 0.000010, Loss: 0.1700042, Validation MAE: 1.6579390, Test MAE: 2.3113229, Test MAE norm: 0.1846193
Epoch: 1877, LR: 0.000010, Loss: 0.1699999, Validation MAE: 1.6577712, Test MAE: 2.3104794, Test MAE norm: 0.1845519
Epoch: 1881, LR: 0.000010, Loss: 0.1700077, Validation MAE: 1.6576966, Test MAE: 2.3099892, Test MAE norm: 0.1845127
Epoch: 1889, LR: 0.000010, Loss: 0.1699768, Validation MAE: 1.6568007, Test MAE: 2.3097048, Test MAE norm: 0.1844900
Epoch: 1899, LR: 0.000010, Loss: 0.1699703, Validation MAE: 1.6594639, Test MAE: 2.3109210, Test MAE norm: 0.1845872
Epoch: 1900, LR: 0.000010, Loss: 0.1699713, Validation MAE: 1.6583660, Test MAE: 2.3106723, Test MAE norm: 0.1845673
Epoch: 1901, LR: 0.000010, Loss: 0.1699885, Validation MAE: 1.6572716, Test MAE: 2.3097658, Test MAE norm: 0.1844949
Epoch: 1902, LR: 0.000010, Loss: 0.1699867, Validation MAE: 1.6571631, Test MAE: 2.3094192, Test MAE norm: 0.1844672
Epoch: 1903, LR: 0.000010, Loss: 0.1699725, Validation MAE: 1.6567408, Test MAE: 2.3089716, Test MAE norm: 0.1844315
Epoch: 1913, LR: 0.000010, Loss: 0.1699762, Validation MAE: 1.6558546, Test MAE: 2.3108177, Test MAE norm: 0.1845789
Epoch: 1914, LR: 0.000010, Loss: 0.1700176, Validation MAE: 1.6554278, Test MAE: 2.3101714, Test MAE norm: 0.1845273
Epoch: 1924, LR: 0.000010, Loss: 0.1699861, Validation MAE: 1.6578791, Test MAE: 2.3092046, Test MAE norm: 0.1844501
Epoch: 1926, LR: 0.000010, Loss: 0.1699824, Validation MAE: 1.6576669, Test MAE: 2.3091371, Test MAE norm: 0.1844447
Epoch: 1927, LR: 0.000010, Loss: 0.1699515, Validation MAE: 1.6574860, Test MAE: 2.3102255, Test MAE norm: 0.1845316
Epoch: 1933, LR: 0.000010, Loss: 0.1699353, Validation MAE: 1.6574602, Test MAE: 2.3107409, Test MAE norm: 0.1845728
Epoch: 1934, LR: 0.000010, Loss: 0.1699641, Validation MAE: 1.6566818, Test MAE: 2.3110003, Test MAE norm: 0.1845935
Epoch: 1935, LR: 0.000010, Loss: 0.1700210, Validation MAE: 1.6557742, Test MAE: 2.3096268, Test MAE norm: 0.1844838
Epoch: 1936, LR: 0.000010, Loss: 0.1699631, Validation MAE: 1.6556894, Test MAE: 2.3087237, Test MAE norm: 0.1844117
Epoch: 1946, LR: 0.000010, Loss: 0.1699426, Validation MAE: 1.6556871, Test MAE: 2.3100824, Test MAE norm: 0.1845202
Epoch: 1956, LR: 0.000010, Loss: 0.1699231, Validation MAE: 1.6582186, Test MAE: 2.3094549, Test MAE norm: 0.1844701
Epoch: 1957, LR: 0.000010, Loss: 0.1699301, Validation MAE: 1.6572373, Test MAE: 2.3092153, Test MAE norm: 0.1844509
Epoch: 1959, LR: 0.000010, Loss: 0.1699011, Validation MAE: 1.6565289, Test MAE: 2.3092854, Test MAE norm: 0.1844565
Epoch: 1967, LR: 0.000010, Loss: 0.1699183, Validation MAE: 1.6562562, Test MAE: 2.3103936, Test MAE norm: 0.1845451
Epoch: 1969, LR: 0.000010, Loss: 0.1699929, Validation MAE: 1.6558176, Test MAE: 2.3093791, Test MAE norm: 0.1844640
Epoch: 1979, LR: 0.000010, Loss: 0.1699237, Validation MAE: 1.6571532, Test MAE: 2.3106139, Test MAE norm: 0.1845626
Epoch: 1981, LR: 0.000010, Loss: 0.1700091, Validation MAE: 1.6566280, Test MAE: 2.3087580, Test MAE norm: 0.1844144
Epoch: 1982, LR: 0.000010, Loss: 0.1699347, Validation MAE: 1.6551070, Test MAE: 2.3084340, Test MAE norm: 0.1843885
Epoch: 1984, LR: 0.000010, Loss: 0.1699278, Validation MAE: 1.6547010, Test MAE: 2.3093035, Test MAE norm: 0.1844580
Epoch: 1994, LR: 0.000010, Loss: 0.1699568, Validation MAE: 1.6554127, Test MAE: 2.3094146, Test MAE norm: 0.1844669
Epoch: 1997, LR: 0.000010, Loss: 0.1699599, Validation MAE: 1.6549785, Test MAE: 2.3082221, Test MAE norm: 0.1843716
Epoch: 1997, LR: 0.000010, Loss: 0.1699599, Validation MAE: 1.6549785, Test MAE: 2.3082221, Test MAE norm: 0.1843716