Command line input: python run_count.py --batch_size 256 --target 3 --model NGNN --h 3 --seed 1 --epoch 2000 --dataset easy-1
Mean = 8.475, Std = 45.380
Using NGNN model

Epoch: 001, LR: 0.001000, Loss: 0.2584862, Validation MAE: 29.8766747, Test MAE: 31.8707008, Test MAE norm: 0.7023014
Epoch: 002, LR: 0.001000, Loss: 0.7183795, Validation MAE: 15.7579813, Test MAE: 22.2032299, Test MAE norm: 0.4892694
Epoch: 003, LR: 0.001000, Loss: 0.4622658, Validation MAE: 9.4103346, Test MAE: 14.9581680, Test MAE norm: 0.3296176
Epoch: 005, LR: 0.001000, Loss: 0.3807841, Validation MAE: 8.0178881, Test MAE: 14.7484703, Test MAE norm: 0.3249967
Epoch: 006, LR: 0.001000, Loss: 0.3320171, Validation MAE: 7.0820866, Test MAE: 11.7130117, Test MAE norm: 0.2581074
Epoch: 007, LR: 0.001000, Loss: 0.2959021, Validation MAE: 6.5889306, Test MAE: 10.1844530, Test MAE norm: 0.2244242
Epoch: 008, LR: 0.001000, Loss: 0.2722556, Validation MAE: 6.0767231, Test MAE: 10.3839645, Test MAE norm: 0.2288206
Epoch: 009, LR: 0.001000, Loss: 0.2648734, Validation MAE: 4.4167261, Test MAE: 9.6079531, Test MAE norm: 0.2117204
Epoch: 010, LR: 0.001000, Loss: 0.2359676, Validation MAE: 2.5328240, Test MAE: 8.6279707, Test MAE norm: 0.1901256
Epoch: 018, LR: 0.001000, Loss: 0.2076226, Validation MAE: 2.2210751, Test MAE: 8.4337082, Test MAE norm: 0.1858448
Epoch: 022, LR: 0.001000, Loss: 0.1999461, Validation MAE: 2.1285713, Test MAE: 8.4280920, Test MAE norm: 0.1857211
Epoch: 025, LR: 0.001000, Loss: 0.1993031, Validation MAE: 2.0791013, Test MAE: 8.3000164, Test MAE norm: 0.1828988
Epoch: 029, LR: 0.001000, Loss: 0.1942447, Validation MAE: 2.0731215, Test MAE: 8.1440592, Test MAE norm: 0.1794621
Epoch: 039, LR: 0.001000, Loss: 0.1943408, Validation MAE: 2.0515342, Test MAE: 8.0291634, Test MAE norm: 0.1769303
Epoch: 049, LR: 0.001000, Loss: 0.1868506, Validation MAE: 2.1899948, Test MAE: 7.8689313, Test MAE norm: 0.1733994
Epoch: 050, LR: 0.001000, Loss: 0.1864993, Validation MAE: 2.0347981, Test MAE: 7.8620796, Test MAE norm: 0.1732485
Epoch: 054, LR: 0.001000, Loss: 0.1823938, Validation MAE: 2.0083594, Test MAE: 7.7341714, Test MAE norm: 0.1704299
Epoch: 063, LR: 0.001000, Loss: 0.1748161, Validation MAE: 2.0030949, Test MAE: 7.4203415, Test MAE norm: 0.1635143
Epoch: 065, LR: 0.001000, Loss: 0.1743379, Validation MAE: 1.9655401, Test MAE: 7.3651133, Test MAE norm: 0.1622973
Epoch: 066, LR: 0.001000, Loss: 0.1702814, Validation MAE: 1.9224458, Test MAE: 7.2362628, Test MAE norm: 0.1594580
Epoch: 067, LR: 0.001000, Loss: 0.1687179, Validation MAE: 1.8839741, Test MAE: 7.2419891, Test MAE norm: 0.1595842
Epoch: 077, LR: 0.001000, Loss: 0.1437169, Validation MAE: 1.8700696, Test MAE: 5.7014818, Test MAE norm: 0.1256376
Epoch: 083, LR: 0.001000, Loss: 0.1375832, Validation MAE: 1.8378626, Test MAE: 4.4633112, Test MAE norm: 0.0983533
Epoch: 084, LR: 0.001000, Loss: 0.1160953, Validation MAE: 1.6508877, Test MAE: 4.3247766, Test MAE norm: 0.0953006
Epoch: 086, LR: 0.001000, Loss: 0.1174267, Validation MAE: 1.5804505, Test MAE: 3.9924996, Test MAE norm: 0.0879785
Epoch: 093, LR: 0.001000, Loss: 0.1173274, Validation MAE: 1.5065264, Test MAE: 4.3412809, Test MAE norm: 0.0956643
Epoch: 102, LR: 0.001000, Loss: 0.1108952, Validation MAE: 1.4603531, Test MAE: 4.4437222, Test MAE norm: 0.0979217
Epoch: 112, LR: 0.001000, Loss: 0.1000954, Validation MAE: 1.8894950, Test MAE: 4.6710587, Test MAE norm: 0.1029312
Epoch: 114, LR: 0.000900, Loss: 0.1086404, Validation MAE: 1.7382101, Test MAE: 4.2001982, Test MAE norm: 0.0925554
Epoch: 115, LR: 0.000900, Loss: 0.1035988, Validation MAE: 1.4993495, Test MAE: 4.0102978, Test MAE norm: 0.0883707
Epoch: 125, LR: 0.000810, Loss: 0.1090765, Validation MAE: 1.6276689, Test MAE: 4.1193123, Test MAE norm: 0.0907730
Epoch: 126, LR: 0.000810, Loss: 0.0977498, Validation MAE: 1.5229049, Test MAE: 3.9684331, Test MAE norm: 0.0874482
Epoch: 136, LR: 0.000729, Loss: 0.1000162, Validation MAE: 1.5728565, Test MAE: 4.1600094, Test MAE norm: 0.0916698
Epoch: 137, LR: 0.000729, Loss: 0.0987204, Validation MAE: 1.5535426, Test MAE: 4.0561967, Test MAE norm: 0.0893822
Epoch: 138, LR: 0.000729, Loss: 0.0964481, Validation MAE: 1.4522138, Test MAE: 3.9248245, Test MAE norm: 0.0864873
Epoch: 148, LR: 0.000729, Loss: 0.0940798, Validation MAE: 1.6018869, Test MAE: 3.9526415, Test MAE norm: 0.0871002
Epoch: 149, LR: 0.000729, Loss: 0.0964126, Validation MAE: 1.4820988, Test MAE: 3.8982341, Test MAE norm: 0.0859013
Epoch: 151, LR: 0.000656, Loss: 0.0969572, Validation MAE: 1.4771165, Test MAE: 3.9093730, Test MAE norm: 0.0861468
Epoch: 156, LR: 0.000656, Loss: 0.0954516, Validation MAE: 1.4410933, Test MAE: 3.9651897, Test MAE norm: 0.0873768
Epoch: 166, LR: 0.000656, Loss: 0.0948473, Validation MAE: 1.5641631, Test MAE: 4.0487623, Test MAE norm: 0.0892184
Epoch: 167, LR: 0.000656, Loss: 0.0981282, Validation MAE: 1.5557398, Test MAE: 4.1049361, Test MAE norm: 0.0904562
Epoch: 168, LR: 0.000590, Loss: 0.0987280, Validation MAE: 1.4723440, Test MAE: 4.0043917, Test MAE norm: 0.0882406
Epoch: 170, LR: 0.000590, Loss: 0.1004341, Validation MAE: 1.4545223, Test MAE: 3.9097836, Test MAE norm: 0.0861558
Epoch: 180, LR: 0.000531, Loss: 0.0976077, Validation MAE: 1.4609507, Test MAE: 3.9725704, Test MAE norm: 0.0875394
Epoch: 183, LR: 0.000531, Loss: 0.0955487, Validation MAE: 1.4274338, Test MAE: 3.8660426, Test MAE norm: 0.0851920
Epoch: 187, LR: 0.000531, Loss: 0.0929866, Validation MAE: 1.4122216, Test MAE: 3.8415868, Test MAE norm: 0.0846530
Epoch: 192, LR: 0.000531, Loss: 0.0948616, Validation MAE: 1.4109868, Test MAE: 3.8889709, Test MAE norm: 0.0856972
Epoch: 202, LR: 0.000531, Loss: 0.0948629, Validation MAE: 1.4725004, Test MAE: 3.9782703, Test MAE norm: 0.0876650
Epoch: 203, LR: 0.000531, Loss: 0.0943049, Validation MAE: 1.4520854, Test MAE: 3.9348571, Test MAE norm: 0.0867083
Epoch: 204, LR: 0.000478, Loss: 0.0925130, Validation MAE: 1.4339581, Test MAE: 3.9240346, Test MAE norm: 0.0864699
Epoch: 205, LR: 0.000478, Loss: 0.0944206, Validation MAE: 1.3890927, Test MAE: 3.8830159, Test MAE norm: 0.0855660
Epoch: 213, LR: 0.000478, Loss: 0.0917384, Validation MAE: 1.3817257, Test MAE: 3.8536568, Test MAE norm: 0.0849190
Epoch: 223, LR: 0.000478, Loss: 0.0912376, Validation MAE: 1.4780822, Test MAE: 3.9133658, Test MAE norm: 0.0862348
Epoch: 224, LR: 0.000478, Loss: 0.0927833, Validation MAE: 1.4235157, Test MAE: 3.8772266, Test MAE norm: 0.0854384
Epoch: 225, LR: 0.000430, Loss: 0.0926413, Validation MAE: 1.3982571, Test MAE: 3.8682857, Test MAE norm: 0.0852414
Epoch: 228, LR: 0.000430, Loss: 0.0921718, Validation MAE: 1.3764192, Test MAE: 3.8703871, Test MAE norm: 0.0852877
Epoch: 233, LR: 0.000430, Loss: 0.0927790, Validation MAE: 1.3673311, Test MAE: 3.8594553, Test MAE norm: 0.0850468
Epoch: 243, LR: 0.000430, Loss: 0.0917664, Validation MAE: 1.3762772, Test MAE: 3.8614383, Test MAE norm: 0.0850905
Epoch: 253, LR: 0.000387, Loss: 0.0919182, Validation MAE: 1.3930658, Test MAE: 3.8452573, Test MAE norm: 0.0847339
Epoch: 258, LR: 0.000349, Loss: 0.0935170, Validation MAE: 1.3672847, Test MAE: 3.8478456, Test MAE norm: 0.0847910
Epoch: 268, LR: 0.000314, Loss: 0.0913512, Validation MAE: 1.4010309, Test MAE: 3.9465172, Test MAE norm: 0.0869653
Epoch: 270, LR: 0.000314, Loss: 0.0918182, Validation MAE: 1.3828387, Test MAE: 3.9037104, Test MAE norm: 0.0860220
Epoch: 272, LR: 0.000314, Loss: 0.0920125, Validation MAE: 1.3759800, Test MAE: 3.8721473, Test MAE norm: 0.0853265
Epoch: 280, LR: 0.000282, Loss: 0.0912303, Validation MAE: 1.3705049, Test MAE: 3.8547657, Test MAE norm: 0.0849435
Epoch: 290, LR: 0.000254, Loss: 0.0905656, Validation MAE: 1.3880464, Test MAE: 3.8818064, Test MAE norm: 0.0855393
Epoch: 291, LR: 0.000254, Loss: 0.0905368, Validation MAE: 1.3774669, Test MAE: 3.8675404, Test MAE norm: 0.0852250
Epoch: 296, LR: 0.000254, Loss: 0.0904653, Validation MAE: 1.3756598, Test MAE: 3.8529205, Test MAE norm: 0.0849028
Epoch: 297, LR: 0.000254, Loss: 0.0911317, Validation MAE: 1.3733184, Test MAE: 3.8631439, Test MAE norm: 0.0851281
Epoch: 300, LR: 0.000229, Loss: 0.0908804, Validation MAE: 1.3714185, Test MAE: 3.8981476, Test MAE norm: 0.0858994
Epoch: 301, LR: 0.000229, Loss: 0.0905339, Validation MAE: 1.3700317, Test MAE: 3.9003139, Test MAE norm: 0.0859471
Epoch: 306, LR: 0.000229, Loss: 0.0904880, Validation MAE: 1.3657664, Test MAE: 3.8866863, Test MAE norm: 0.0856469
Epoch: 316, LR: 0.000229, Loss: 0.0903710, Validation MAE: 1.3707277, Test MAE: 3.8768797, Test MAE norm: 0.0854308
Epoch: 318, LR: 0.000206, Loss: 0.0902131, Validation MAE: 1.3656218, Test MAE: 3.8699646, Test MAE norm: 0.0852784
Epoch: 319, LR: 0.000206, Loss: 0.0902414, Validation MAE: 1.3610466, Test MAE: 3.8704093, Test MAE norm: 0.0852882
Epoch: 329, LR: 0.000206, Loss: 0.0905130, Validation MAE: 1.3914486, Test MAE: 3.9042714, Test MAE norm: 0.0860344
Epoch: 330, LR: 0.000206, Loss: 0.0903991, Validation MAE: 1.3795521, Test MAE: 3.9068580, Test MAE norm: 0.0860914
Epoch: 331, LR: 0.000185, Loss: 0.0903039, Validation MAE: 1.3701607, Test MAE: 3.8924646, Test MAE norm: 0.0857742
Epoch: 335, LR: 0.000185, Loss: 0.0904613, Validation MAE: 1.3692968, Test MAE: 3.9116700, Test MAE norm: 0.0861974
Epoch: 336, LR: 0.000185, Loss: 0.0904088, Validation MAE: 1.3591053, Test MAE: 3.8904045, Test MAE norm: 0.0857288
Epoch: 346, LR: 0.000185, Loss: 0.0906622, Validation MAE: 1.3796879, Test MAE: 3.8688807, Test MAE norm: 0.0852545
Epoch: 347, LR: 0.000185, Loss: 0.0902373, Validation MAE: 1.3692815, Test MAE: 3.8512812, Test MAE norm: 0.0848667
Epoch: 348, LR: 0.000167, Loss: 0.0910255, Validation MAE: 1.3590344, Test MAE: 3.8613510, Test MAE norm: 0.0850886
Epoch: 358, LR: 0.000167, Loss: 0.0899273, Validation MAE: 1.3681138, Test MAE: 3.8755276, Test MAE norm: 0.0854010
Epoch: 367, LR: 0.000150, Loss: 0.0899853, Validation MAE: 1.3678048, Test MAE: 3.8854797, Test MAE norm: 0.0856203
Epoch: 368, LR: 0.000150, Loss: 0.0899783, Validation MAE: 1.3643283, Test MAE: 3.8888807, Test MAE norm: 0.0856952
Epoch: 372, LR: 0.000135, Loss: 0.0899681, Validation MAE: 1.3633271, Test MAE: 3.8880951, Test MAE norm: 0.0856779
Epoch: 382, LR: 0.000122, Loss: 0.0897987, Validation MAE: 1.3635272, Test MAE: 3.8710096, Test MAE norm: 0.0853014
Epoch: 387, LR: 0.000122, Loss: 0.0898241, Validation MAE: 1.3576413, Test MAE: 3.8775930, Test MAE norm: 0.0854465
Epoch: 388, LR: 0.000122, Loss: 0.0903415, Validation MAE: 1.3564347, Test MAE: 3.8836775, Test MAE norm: 0.0855806
Epoch: 398, LR: 0.000122, Loss: 0.0898375, Validation MAE: 1.3646468, Test MAE: 3.8669803, Test MAE norm: 0.0852126
Epoch: 403, LR: 0.000109, Loss: 0.0898668, Validation MAE: 1.3596550, Test MAE: 3.8775287, Test MAE norm: 0.0854451
Epoch: 404, LR: 0.000109, Loss: 0.0897592, Validation MAE: 1.3592418, Test MAE: 3.8661404, Test MAE norm: 0.0851941
Epoch: 414, LR: 0.000098, Loss: 0.0898686, Validation MAE: 1.3768735, Test MAE: 3.9038098, Test MAE norm: 0.0860242
Epoch: 415, LR: 0.000098, Loss: 0.0899749, Validation MAE: 1.3700283, Test MAE: 3.8931618, Test MAE norm: 0.0857895
Epoch: 416, LR: 0.000098, Loss: 0.0898082, Validation MAE: 1.3617404, Test MAE: 3.8780255, Test MAE norm: 0.0854560
Epoch: 422, LR: 0.000089, Loss: 0.0897114, Validation MAE: 1.3583976, Test MAE: 3.8797226, Test MAE norm: 0.0854934
Epoch: 432, LR: 0.000089, Loss: 0.0896584, Validation MAE: 1.3721775, Test MAE: 3.8887312, Test MAE norm: 0.0856919
Epoch: 433, LR: 0.000080, Loss: 0.0896724, Validation MAE: 1.3680813, Test MAE: 3.8803267, Test MAE norm: 0.0855067
Epoch: 437, LR: 0.000080, Loss: 0.0896202, Validation MAE: 1.3663919, Test MAE: 3.8885341, Test MAE norm: 0.0856876
Epoch: 447, LR: 0.000072, Loss: 0.0895570, Validation MAE: 1.3717793, Test MAE: 3.8966043, Test MAE norm: 0.0858654
Epoch: 448, LR: 0.000072, Loss: 0.0895668, Validation MAE: 1.3714435, Test MAE: 3.8945234, Test MAE norm: 0.0858195
Epoch: 449, LR: 0.000072, Loss: 0.0895412, Validation MAE: 1.3689895, Test MAE: 3.8898652, Test MAE norm: 0.0857169
Epoch: 452, LR: 0.000072, Loss: 0.0895318, Validation MAE: 1.3680165, Test MAE: 3.8940337, Test MAE norm: 0.0858088
Epoch: 453, LR: 0.000072, Loss: 0.0895241, Validation MAE: 1.3678483, Test MAE: 3.8946633, Test MAE norm: 0.0858226
Epoch: 463, LR: 0.000065, Loss: 0.0894932, Validation MAE: 1.3704431, Test MAE: 3.8963146, Test MAE norm: 0.0858590
Epoch: 466, LR: 0.000058, Loss: 0.0895343, Validation MAE: 1.3694056, Test MAE: 3.8952165, Test MAE norm: 0.0858348
Epoch: 470, LR: 0.000058, Loss: 0.0895679, Validation MAE: 1.3656439, Test MAE: 3.8930600, Test MAE norm: 0.0857873
Epoch: 471, LR: 0.000058, Loss: 0.0895219, Validation MAE: 1.3648580, Test MAE: 3.8931203, Test MAE norm: 0.0857886
Epoch: 476, LR: 0.000058, Loss: 0.0895509, Validation MAE: 1.3640352, Test MAE: 3.8851547, Test MAE norm: 0.0856131
Epoch: 483, LR: 0.000052, Loss: 0.0895364, Validation MAE: 1.3626137, Test MAE: 3.8838689, Test MAE norm: 0.0855848
Epoch: 493, LR: 0.000047, Loss: 0.0894666, Validation MAE: 1.3702519, Test MAE: 3.8999021, Test MAE norm: 0.0859381
Epoch: 494, LR: 0.000047, Loss: 0.0895079, Validation MAE: 1.3692683, Test MAE: 3.9000752, Test MAE norm: 0.0859419
Epoch: 495, LR: 0.000047, Loss: 0.0894775, Validation MAE: 1.3670603, Test MAE: 3.8949244, Test MAE norm: 0.0858284
Epoch: 499, LR: 0.000042, Loss: 0.0895111, Validation MAE: 1.3669655, Test MAE: 3.9035096, Test MAE norm: 0.0860176
Epoch: 500, LR: 0.000042, Loss: 0.0894632, Validation MAE: 1.3661027, Test MAE: 3.9013407, Test MAE norm: 0.0859698
Epoch: 510, LR: 0.000038, Loss: 0.0894355, Validation MAE: 1.3670819, Test MAE: 3.8919919, Test MAE norm: 0.0857638
Epoch: 513, LR: 0.000038, Loss: 0.0894055, Validation MAE: 1.3663390, Test MAE: 3.8918297, Test MAE norm: 0.0857602
Epoch: 516, LR: 0.000038, Loss: 0.0894295, Validation MAE: 1.3648967, Test MAE: 3.8924882, Test MAE norm: 0.0857747
Epoch: 517, LR: 0.000038, Loss: 0.0894833, Validation MAE: 1.3643870, Test MAE: 3.8946235, Test MAE norm: 0.0858218
Epoch: 527, LR: 0.000034, Loss: 0.0894314, Validation MAE: 1.3678471, Test MAE: 3.8961122, Test MAE norm: 0.0858546
Epoch: 528, LR: 0.000034, Loss: 0.0894170, Validation MAE: 1.3674687, Test MAE: 3.8939722, Test MAE norm: 0.0858074
Epoch: 533, LR: 0.000031, Loss: 0.0893798, Validation MAE: 1.3671142, Test MAE: 3.8922248, Test MAE norm: 0.0857689
Epoch: 538, LR: 0.000031, Loss: 0.0893974, Validation MAE: 1.3654525, Test MAE: 3.8958130, Test MAE norm: 0.0858480
Epoch: 539, LR: 0.000031, Loss: 0.0894278, Validation MAE: 1.3650975, Test MAE: 3.8980467, Test MAE norm: 0.0858972
Epoch: 545, LR: 0.000028, Loss: 0.0894177, Validation MAE: 1.3638594, Test MAE: 3.8947651, Test MAE norm: 0.0858249
Epoch: 555, LR: 0.000025, Loss: 0.0893860, Validation MAE: 1.3678192, Test MAE: 3.8954630, Test MAE norm: 0.0858403
Epoch: 556, LR: 0.000025, Loss: 0.0893419, Validation MAE: 1.3675653, Test MAE: 3.8959978, Test MAE norm: 0.0858520
Epoch: 557, LR: 0.000025, Loss: 0.0893408, Validation MAE: 1.3648909, Test MAE: 3.8936245, Test MAE norm: 0.0857997
Epoch: 562, LR: 0.000025, Loss: 0.0893598, Validation MAE: 1.3643810, Test MAE: 3.8982999, Test MAE norm: 0.0859028
Epoch: 563, LR: 0.000025, Loss: 0.0894067, Validation MAE: 1.3639818, Test MAE: 3.8987534, Test MAE norm: 0.0859128
Epoch: 573, LR: 0.000023, Loss: 0.0893473, Validation MAE: 1.3677295, Test MAE: 3.8997700, Test MAE norm: 0.0859352
Epoch: 574, LR: 0.000023, Loss: 0.0893852, Validation MAE: 1.3671664, Test MAE: 3.8984022, Test MAE norm: 0.0859050
Epoch: 575, LR: 0.000023, Loss: 0.0893564, Validation MAE: 1.3649741, Test MAE: 3.8934867, Test MAE norm: 0.0857967
Epoch: 581, LR: 0.000020, Loss: 0.0893473, Validation MAE: 1.3645097, Test MAE: 3.8979049, Test MAE norm: 0.0858941
Epoch: 582, LR: 0.000020, Loss: 0.0893599, Validation MAE: 1.3634890, Test MAE: 3.8955817, Test MAE norm: 0.0858429
Epoch: 592, LR: 0.000018, Loss: 0.0893594, Validation MAE: 1.3673438, Test MAE: 3.9011419, Test MAE norm: 0.0859654
Epoch: 593, LR: 0.000018, Loss: 0.0893434, Validation MAE: 1.3665920, Test MAE: 3.8997376, Test MAE norm: 0.0859345
Epoch: 594, LR: 0.000018, Loss: 0.0893229, Validation MAE: 1.3661916, Test MAE: 3.8968031, Test MAE norm: 0.0858698
Epoch: 604, LR: 0.000016, Loss: 0.0893041, Validation MAE: 1.3677665, Test MAE: 3.8969228, Test MAE norm: 0.0858724
Epoch: 605, LR: 0.000016, Loss: 0.0892944, Validation MAE: 1.3675348, Test MAE: 3.8993843, Test MAE norm: 0.0859267
Epoch: 606, LR: 0.000016, Loss: 0.0892945, Validation MAE: 1.3674320, Test MAE: 3.9001758, Test MAE norm: 0.0859441
Epoch: 607, LR: 0.000016, Loss: 0.0893038, Validation MAE: 1.3667454, Test MAE: 3.8999984, Test MAE norm: 0.0859402
Epoch: 617, LR: 0.000015, Loss: 0.0893383, Validation MAE: 1.3686568, Test MAE: 3.9032800, Test MAE norm: 0.0860125
Epoch: 618, LR: 0.000015, Loss: 0.0893436, Validation MAE: 1.3677684, Test MAE: 3.9014099, Test MAE norm: 0.0859713
Epoch: 619, LR: 0.000015, Loss: 0.0892995, Validation MAE: 1.3659110, Test MAE: 3.8997138, Test MAE norm: 0.0859339
Epoch: 626, LR: 0.000013, Loss: 0.0893146, Validation MAE: 1.3657935, Test MAE: 3.9009609, Test MAE norm: 0.0859614
Epoch: 627, LR: 0.000013, Loss: 0.0893010, Validation MAE: 1.3651762, Test MAE: 3.8980932, Test MAE norm: 0.0858982
Epoch: 637, LR: 0.000012, Loss: 0.0893313, Validation MAE: 1.3671983, Test MAE: 3.9031763, Test MAE norm: 0.0860102
Epoch: 638, LR: 0.000012, Loss: 0.0893195, Validation MAE: 1.3669797, Test MAE: 3.9023354, Test MAE norm: 0.0859917
Epoch: 639, LR: 0.000012, Loss: 0.0892947, Validation MAE: 1.3662939, Test MAE: 3.9003308, Test MAE norm: 0.0859475
Epoch: 640, LR: 0.000012, Loss: 0.0892882, Validation MAE: 1.3657176, Test MAE: 3.8987007, Test MAE norm: 0.0859116
Epoch: 641, LR: 0.000012, Loss: 0.0893029, Validation MAE: 1.3656484, Test MAE: 3.8983779, Test MAE norm: 0.0859045
Epoch: 651, LR: 0.000011, Loss: 0.0893405, Validation MAE: 1.3678435, Test MAE: 3.9022112, Test MAE norm: 0.0859890
Epoch: 652, LR: 0.000011, Loss: 0.0893161, Validation MAE: 1.3672724, Test MAE: 3.8998644, Test MAE norm: 0.0859372
Epoch: 653, LR: 0.000010, Loss: 0.0892748, Validation MAE: 1.3658559, Test MAE: 3.8979652, Test MAE norm: 0.0858954
Epoch: 660, LR: 0.000010, Loss: 0.0892855, Validation MAE: 1.3654832, Test MAE: 3.8998919, Test MAE norm: 0.0859379
Epoch: 661, LR: 0.000010, Loss: 0.0892909, Validation MAE: 1.3651229, Test MAE: 3.8981199, Test MAE norm: 0.0858988
Epoch: 671, LR: 0.000010, Loss: 0.0892600, Validation MAE: 1.3672773, Test MAE: 3.8981264, Test MAE norm: 0.0858989
Epoch: 672, LR: 0.000010, Loss: 0.0892742, Validation MAE: 1.3667361, Test MAE: 3.8983514, Test MAE norm: 0.0859039
Epoch: 674, LR: 0.000010, Loss: 0.0892709, Validation MAE: 1.3667078, Test MAE: 3.9002445, Test MAE norm: 0.0859456
Epoch: 675, LR: 0.000010, Loss: 0.0892622, Validation MAE: 1.3657696, Test MAE: 3.8998423, Test MAE norm: 0.0859368
Epoch: 685, LR: 0.000010, Loss: 0.0892552, Validation MAE: 1.3670831, Test MAE: 3.8990419, Test MAE norm: 0.0859191
Epoch: 686, LR: 0.000010, Loss: 0.0892628, Validation MAE: 1.3669316, Test MAE: 3.8990541, Test MAE norm: 0.0859194
Epoch: 687, LR: 0.000010, Loss: 0.0892597, Validation MAE: 1.3668028, Test MAE: 3.8991873, Test MAE norm: 0.0859223
Epoch: 688, LR: 0.000010, Loss: 0.0892629, Validation MAE: 1.3659748, Test MAE: 3.8979931, Test MAE norm: 0.0858960
Epoch: 689, LR: 0.000010, Loss: 0.0892452, Validation MAE: 1.3653415, Test MAE: 3.8965757, Test MAE norm: 0.0858648
Epoch: 699, LR: 0.000010, Loss: 0.0892743, Validation MAE: 1.3675777, Test MAE: 3.9010181, Test MAE norm: 0.0859627
Epoch: 700, LR: 0.000010, Loss: 0.0892608, Validation MAE: 1.3666023, Test MAE: 3.8989048, Test MAE norm: 0.0859161
Epoch: 706, LR: 0.000010, Loss: 0.0892733, Validation MAE: 1.3656783, Test MAE: 3.8983254, Test MAE norm: 0.0859033
Epoch: 707, LR: 0.000010, Loss: 0.0892611, Validation MAE: 1.3654469, Test MAE: 3.8984268, Test MAE norm: 0.0859056
Epoch: 712, LR: 0.000010, Loss: 0.0892572, Validation MAE: 1.3652858, Test MAE: 3.8994226, Test MAE norm: 0.0859275
Epoch: 713, LR: 0.000010, Loss: 0.0892649, Validation MAE: 1.3646324, Test MAE: 3.9004126, Test MAE norm: 0.0859493
Epoch: 723, LR: 0.000010, Loss: 0.0892401, Validation MAE: 1.3658460, Test MAE: 3.8968508, Test MAE norm: 0.0858708
Epoch: 724, LR: 0.000010, Loss: 0.0892854, Validation MAE: 1.3656251, Test MAE: 3.8968554, Test MAE norm: 0.0858709
Epoch: 729, LR: 0.000010, Loss: 0.0892490, Validation MAE: 1.3650225, Test MAE: 3.8990846, Test MAE norm: 0.0859201
Epoch: 737, LR: 0.000010, Loss: 0.0892559, Validation MAE: 1.3643711, Test MAE: 3.9005396, Test MAE norm: 0.0859521
Epoch: 747, LR: 0.000010, Loss: 0.0892397, Validation MAE: 1.3658069, Test MAE: 3.9007325, Test MAE norm: 0.0859564
Epoch: 750, LR: 0.000010, Loss: 0.0892401, Validation MAE: 1.3652925, Test MAE: 3.8998296, Test MAE norm: 0.0859365
Epoch: 756, LR: 0.000010, Loss: 0.0892286, Validation MAE: 1.3652303, Test MAE: 3.8990920, Test MAE norm: 0.0859202
Epoch: 757, LR: 0.000010, Loss: 0.0892308, Validation MAE: 1.3649409, Test MAE: 3.8990130, Test MAE norm: 0.0859185
Epoch: 767, LR: 0.000010, Loss: 0.0892382, Validation MAE: 1.3652719, Test MAE: 3.8992670, Test MAE norm: 0.0859241
Epoch: 777, LR: 0.000010, Loss: 0.0892196, Validation MAE: 1.3661969, Test MAE: 3.8994656, Test MAE norm: 0.0859285
Epoch: 778, LR: 0.000010, Loss: 0.0892255, Validation MAE: 1.3657898, Test MAE: 3.8991785, Test MAE norm: 0.0859221
Epoch: 783, LR: 0.000010, Loss: 0.0892174, Validation MAE: 1.3657374, Test MAE: 3.9022117, Test MAE norm: 0.0859890
Epoch: 793, LR: 0.000010, Loss: 0.0892330, Validation MAE: 1.3671974, Test MAE: 3.9016345, Test MAE norm: 0.0859763
Epoch: 794, LR: 0.000010, Loss: 0.0892035, Validation MAE: 1.3665571, Test MAE: 3.9026837, Test MAE norm: 0.0859994
Epoch: 795, LR: 0.000010, Loss: 0.0892051, Validation MAE: 1.3657463, Test MAE: 3.9028554, Test MAE norm: 0.0860032
Epoch: 797, LR: 0.000010, Loss: 0.0892042, Validation MAE: 1.3655124, Test MAE: 3.9023089, Test MAE norm: 0.0859911
Epoch: 807, LR: 0.000010, Loss: 0.0891968, Validation MAE: 1.3660468, Test MAE: 3.8997405, Test MAE norm: 0.0859345
Epoch: 808, LR: 0.000010, Loss: 0.0892084, Validation MAE: 1.3658166, Test MAE: 3.9008689, Test MAE norm: 0.0859594
Epoch: 811, LR: 0.000010, Loss: 0.0892033, Validation MAE: 1.3656226, Test MAE: 3.8998678, Test MAE norm: 0.0859373
Epoch: 816, LR: 0.000010, Loss: 0.0892174, Validation MAE: 1.3655587, Test MAE: 3.9005418, Test MAE norm: 0.0859522
Epoch: 817, LR: 0.000010, Loss: 0.0892246, Validation MAE: 1.3648441, Test MAE: 3.9001369, Test MAE norm: 0.0859433
Epoch: 823, LR: 0.000010, Loss: 0.0892051, Validation MAE: 1.3643925, Test MAE: 3.9002018, Test MAE norm: 0.0859447
Epoch: 824, LR: 0.000010, Loss: 0.0892293, Validation MAE: 1.3637418, Test MAE: 3.9001570, Test MAE norm: 0.0859437
Epoch: 834, LR: 0.000010, Loss: 0.0892336, Validation MAE: 1.3659874, Test MAE: 3.9011087, Test MAE norm: 0.0859647
Epoch: 835, LR: 0.000010, Loss: 0.0891947, Validation MAE: 1.3646330, Test MAE: 3.8985448, Test MAE norm: 0.0859082
Epoch: 836, LR: 0.000010, Loss: 0.0892228, Validation MAE: 1.3645051, Test MAE: 3.8982124, Test MAE norm: 0.0859008
Epoch: 842, LR: 0.000010, Loss: 0.0892367, Validation MAE: 1.3632591, Test MAE: 3.8979878, Test MAE norm: 0.0858959
Epoch: 852, LR: 0.000010, Loss: 0.0891897, Validation MAE: 1.3653944, Test MAE: 3.9020259, Test MAE norm: 0.0859849
Epoch: 855, LR: 0.000010, Loss: 0.0892048, Validation MAE: 1.3651829, Test MAE: 3.8994019, Test MAE norm: 0.0859271
Epoch: 856, LR: 0.000010, Loss: 0.0891745, Validation MAE: 1.3646957, Test MAE: 3.8985181, Test MAE norm: 0.0859076
Epoch: 860, LR: 0.000010, Loss: 0.0891733, Validation MAE: 1.3641616, Test MAE: 3.8981345, Test MAE norm: 0.0858991
Epoch: 870, LR: 0.000010, Loss: 0.0892079, Validation MAE: 1.3648616, Test MAE: 3.9052870, Test MAE norm: 0.0860567
Epoch: 871, LR: 0.000010, Loss: 0.0891903, Validation MAE: 1.3642788, Test MAE: 3.9032829, Test MAE norm: 0.0860126
Epoch: 880, LR: 0.000010, Loss: 0.0891733, Validation MAE: 1.3641315, Test MAE: 3.9000626, Test MAE norm: 0.0859416
Epoch: 890, LR: 0.000010, Loss: 0.0891639, Validation MAE: 1.3656343, Test MAE: 3.9001589, Test MAE norm: 0.0859437
Epoch: 891, LR: 0.000010, Loss: 0.0891834, Validation MAE: 1.3651714, Test MAE: 3.9006643, Test MAE norm: 0.0859549
Epoch: 895, LR: 0.000010, Loss: 0.0891764, Validation MAE: 1.3646408, Test MAE: 3.8993337, Test MAE norm: 0.0859255
Epoch: 900, LR: 0.000010, Loss: 0.0891807, Validation MAE: 1.3640118, Test MAE: 3.9003649, Test MAE norm: 0.0859483
Epoch: 901, LR: 0.000010, Loss: 0.0891769, Validation MAE: 1.3627331, Test MAE: 3.8998230, Test MAE norm: 0.0859363
Epoch: 911, LR: 0.000010, Loss: 0.0891697, Validation MAE: 1.3637955, Test MAE: 3.8999951, Test MAE norm: 0.0859401
Epoch: 921, LR: 0.000010, Loss: 0.0891666, Validation MAE: 1.3660388, Test MAE: 3.9035289, Test MAE norm: 0.0860180
Epoch: 922, LR: 0.000010, Loss: 0.0891610, Validation MAE: 1.3655957, Test MAE: 3.9041073, Test MAE norm: 0.0860307
Epoch: 923, LR: 0.000010, Loss: 0.0891630, Validation MAE: 1.3635582, Test MAE: 3.9023411, Test MAE norm: 0.0859918
Epoch: 924, LR: 0.000010, Loss: 0.0891501, Validation MAE: 1.3632650, Test MAE: 3.9003901, Test MAE norm: 0.0859488
Epoch: 934, LR: 0.000010, Loss: 0.0891455, Validation MAE: 1.3646269, Test MAE: 3.8990600, Test MAE norm: 0.0859195
Epoch: 937, LR: 0.000010, Loss: 0.0891597, Validation MAE: 1.3641372, Test MAE: 3.9001594, Test MAE norm: 0.0859437
Epoch: 940, LR: 0.000010, Loss: 0.0891691, Validation MAE: 1.3640529, Test MAE: 3.9025774, Test MAE norm: 0.0859970
Epoch: 941, LR: 0.000010, Loss: 0.0891459, Validation MAE: 1.3636694, Test MAE: 3.9017622, Test MAE norm: 0.0859791
Epoch: 942, LR: 0.000010, Loss: 0.0891933, Validation MAE: 1.3636452, Test MAE: 3.9027550, Test MAE norm: 0.0860009
Epoch: 952, LR: 0.000010, Loss: 0.0891469, Validation MAE: 1.3644836, Test MAE: 3.8985558, Test MAE norm: 0.0859084
Epoch: 953, LR: 0.000010, Loss: 0.0891303, Validation MAE: 1.3644658, Test MAE: 3.8992498, Test MAE norm: 0.0859237
Epoch: 954, LR: 0.000010, Loss: 0.0891353, Validation MAE: 1.3642863, Test MAE: 3.8977969, Test MAE norm: 0.0858917
Epoch: 955, LR: 0.000010, Loss: 0.0891550, Validation MAE: 1.3639548, Test MAE: 3.8979607, Test MAE norm: 0.0858953
Epoch: 959, LR: 0.000010, Loss: 0.0891425, Validation MAE: 1.3631477, Test MAE: 3.9000835, Test MAE norm: 0.0859421
Epoch: 962, LR: 0.000010, Loss: 0.0891327, Validation MAE: 1.3629295, Test MAE: 3.9019191, Test MAE norm: 0.0859825
Epoch: 972, LR: 0.000010, Loss: 0.0891272, Validation MAE: 1.3649607, Test MAE: 3.9012244, Test MAE norm: 0.0859672
Epoch: 974, LR: 0.000010, Loss: 0.0891280, Validation MAE: 1.3642659, Test MAE: 3.9019313, Test MAE norm: 0.0859828
Epoch: 975, LR: 0.000010, Loss: 0.0891209, Validation MAE: 1.3636220, Test MAE: 3.9008081, Test MAE norm: 0.0859580
Epoch: 979, LR: 0.000010, Loss: 0.0891327, Validation MAE: 1.3634617, Test MAE: 3.9011226, Test MAE norm: 0.0859650
Epoch: 989, LR: 0.000010, Loss: 0.0891373, Validation MAE: 1.3641148, Test MAE: 3.8993075, Test MAE norm: 0.0859250
Epoch: 992, LR: 0.000010, Loss: 0.0891448, Validation MAE: 1.3635006, Test MAE: 3.9026291, Test MAE norm: 0.0859982
Epoch: 993, LR: 0.000010, Loss: 0.0891293, Validation MAE: 1.3629172, Test MAE: 3.9027016, Test MAE norm: 0.0859998
Epoch: 994, LR: 0.000010, Loss: 0.0891353, Validation MAE: 1.3629054, Test MAE: 3.9010208, Test MAE norm: 0.0859627
Epoch: 995, LR: 0.000010, Loss: 0.0891431, Validation MAE: 1.3618082, Test MAE: 3.9009235, Test MAE norm: 0.0859606
Epoch: 1005, LR: 0.000010, Loss: 0.0891307, Validation MAE: 1.3654478, Test MAE: 3.9021292, Test MAE norm: 0.0859872
Epoch: 1006, LR: 0.000010, Loss: 0.0891270, Validation MAE: 1.3650049, Test MAE: 3.9013133, Test MAE norm: 0.0859692
Epoch: 1007, LR: 0.000010, Loss: 0.0891333, Validation MAE: 1.3644072, Test MAE: 3.9001193, Test MAE norm: 0.0859429
Epoch: 1008, LR: 0.000010, Loss: 0.0891156, Validation MAE: 1.3637074, Test MAE: 3.8995636, Test MAE norm: 0.0859306
Epoch: 1009, LR: 0.000010, Loss: 0.0891092, Validation MAE: 1.3633597, Test MAE: 3.8991845, Test MAE norm: 0.0859223
Epoch: 1016, LR: 0.000010, Loss: 0.0891075, Validation MAE: 1.3624681, Test MAE: 3.9021473, Test MAE norm: 0.0859876
Epoch: 1026, LR: 0.000010, Loss: 0.0891121, Validation MAE: 1.3625258, Test MAE: 3.9002938, Test MAE norm: 0.0859467
Epoch: 1031, LR: 0.000010, Loss: 0.0891053, Validation MAE: 1.3624082, Test MAE: 3.8997178, Test MAE norm: 0.0859340
Epoch: 1041, LR: 0.000010, Loss: 0.0891038, Validation MAE: 1.3621004, Test MAE: 3.9020126, Test MAE norm: 0.0859846
Epoch: 1051, LR: 0.000010, Loss: 0.0891114, Validation MAE: 1.3646183, Test MAE: 3.9030974, Test MAE norm: 0.0860085
Epoch: 1052, LR: 0.000010, Loss: 0.0890964, Validation MAE: 1.3635739, Test MAE: 3.9045422, Test MAE norm: 0.0860403
Epoch: 1054, LR: 0.000010, Loss: 0.0891289, Validation MAE: 1.3625718, Test MAE: 3.9033341, Test MAE norm: 0.0860137
Epoch: 1055, LR: 0.000010, Loss: 0.0891070, Validation MAE: 1.3621784, Test MAE: 3.9015565, Test MAE norm: 0.0859745
Epoch: 1061, LR: 0.000010, Loss: 0.0890989, Validation MAE: 1.3621453, Test MAE: 3.8986561, Test MAE norm: 0.0859106
Epoch: 1062, LR: 0.000010, Loss: 0.0890827, Validation MAE: 1.3617582, Test MAE: 3.8983443, Test MAE norm: 0.0859037
Epoch: 1069, LR: 0.000010, Loss: 0.0891080, Validation MAE: 1.3615193, Test MAE: 3.9010508, Test MAE norm: 0.0859634
Epoch: 1079, LR: 0.000010, Loss: 0.0890883, Validation MAE: 1.3649638, Test MAE: 3.9012909, Test MAE norm: 0.0859687
Epoch: 1080, LR: 0.000010, Loss: 0.0890847, Validation MAE: 1.3642966, Test MAE: 3.9001830, Test MAE norm: 0.0859443
Epoch: 1081, LR: 0.000010, Loss: 0.0890789, Validation MAE: 1.3637171, Test MAE: 3.9019327, Test MAE norm: 0.0859828
Epoch: 1083, LR: 0.000010, Loss: 0.0890792, Validation MAE: 1.3634627, Test MAE: 3.9018908, Test MAE norm: 0.0859819
Epoch: 1087, LR: 0.000010, Loss: 0.0890777, Validation MAE: 1.3623586, Test MAE: 3.9016774, Test MAE norm: 0.0859772
Epoch: 1088, LR: 0.000010, Loss: 0.0890664, Validation MAE: 1.3622953, Test MAE: 3.8999882, Test MAE norm: 0.0859400
Epoch: 1091, LR: 0.000010, Loss: 0.0890778, Validation MAE: 1.3621116, Test MAE: 3.9004326, Test MAE norm: 0.0859498
Epoch: 1095, LR: 0.000010, Loss: 0.0891130, Validation MAE: 1.3618207, Test MAE: 3.9028528, Test MAE norm: 0.0860031
Epoch: 1096, LR: 0.000010, Loss: 0.0890767, Validation MAE: 1.3615605, Test MAE: 3.9002037, Test MAE norm: 0.0859447
Epoch: 1106, LR: 0.000010, Loss: 0.0890688, Validation MAE: 1.3622981, Test MAE: 3.9004927, Test MAE norm: 0.0859511
Epoch: 1112, LR: 0.000010, Loss: 0.0890626, Validation MAE: 1.3610327, Test MAE: 3.8988438, Test MAE norm: 0.0859148
Epoch: 1122, LR: 0.000010, Loss: 0.0890561, Validation MAE: 1.3624443, Test MAE: 3.9007375, Test MAE norm: 0.0859565
Epoch: 1123, LR: 0.000010, Loss: 0.0890544, Validation MAE: 1.3622954, Test MAE: 3.9007692, Test MAE norm: 0.0859572
Epoch: 1129, LR: 0.000010, Loss: 0.0891051, Validation MAE: 1.3620526, Test MAE: 3.9030597, Test MAE norm: 0.0860077
Epoch: 1134, LR: 0.000010, Loss: 0.0890650, Validation MAE: 1.3619549, Test MAE: 3.9036889, Test MAE norm: 0.0860215
Epoch: 1135, LR: 0.000010, Loss: 0.0890528, Validation MAE: 1.3617424, Test MAE: 3.9014058, Test MAE norm: 0.0859712
Epoch: 1136, LR: 0.000010, Loss: 0.0890967, Validation MAE: 1.3615607, Test MAE: 3.9018250, Test MAE norm: 0.0859804
Epoch: 1140, LR: 0.000010, Loss: 0.0890340, Validation MAE: 1.3604511, Test MAE: 3.8974960, Test MAE norm: 0.0858851
Epoch: 1147, LR: 0.000010, Loss: 0.0891002, Validation MAE: 1.3598822, Test MAE: 3.9046297, Test MAE norm: 0.0860423
Epoch: 1157, LR: 0.000010, Loss: 0.0890833, Validation MAE: 1.3612617, Test MAE: 3.9017572, Test MAE norm: 0.0859790
Epoch: 1159, LR: 0.000010, Loss: 0.0890858, Validation MAE: 1.3611338, Test MAE: 3.8992105, Test MAE norm: 0.0859228
Epoch: 1160, LR: 0.000010, Loss: 0.0890718, Validation MAE: 1.3606842, Test MAE: 3.8995121, Test MAE norm: 0.0859295
Epoch: 1169, LR: 0.000010, Loss: 0.0890478, Validation MAE: 1.3606662, Test MAE: 3.9024696, Test MAE norm: 0.0859947
Epoch: 1170, LR: 0.000010, Loss: 0.0890631, Validation MAE: 1.3603704, Test MAE: 3.9038911, Test MAE norm: 0.0860260
Epoch: 1180, LR: 0.000010, Loss: 0.0890512, Validation MAE: 1.3608748, Test MAE: 3.9003334, Test MAE norm: 0.0859476
Epoch: 1181, LR: 0.000010, Loss: 0.0890567, Validation MAE: 1.3608564, Test MAE: 3.8978491, Test MAE norm: 0.0858928
Epoch: 1182, LR: 0.000010, Loss: 0.0890803, Validation MAE: 1.3605692, Test MAE: 3.8998055, Test MAE norm: 0.0859360
Epoch: 1192, LR: 0.000010, Loss: 0.0890279, Validation MAE: 1.3617779, Test MAE: 3.9022369, Test MAE norm: 0.0859895
Epoch: 1196, LR: 0.000010, Loss: 0.0890274, Validation MAE: 1.3617550, Test MAE: 3.9028022, Test MAE norm: 0.0860020
Epoch: 1197, LR: 0.000010, Loss: 0.0890221, Validation MAE: 1.3615862, Test MAE: 3.9014478, Test MAE norm: 0.0859721
Epoch: 1202, LR: 0.000010, Loss: 0.0890119, Validation MAE: 1.3614721, Test MAE: 3.8994477, Test MAE norm: 0.0859281
Epoch: 1206, LR: 0.000010, Loss: 0.0890223, Validation MAE: 1.3608608, Test MAE: 3.8981338, Test MAE norm: 0.0858991
Epoch: 1207, LR: 0.000010, Loss: 0.0890878, Validation MAE: 1.3602840, Test MAE: 3.8988559, Test MAE norm: 0.0859150
Epoch: 1211, LR: 0.000010, Loss: 0.0890282, Validation MAE: 1.3600090, Test MAE: 3.9014628, Test MAE norm: 0.0859725
Epoch: 1221, LR: 0.000010, Loss: 0.0890067, Validation MAE: 1.3617514, Test MAE: 3.9029074, Test MAE norm: 0.0860043
Epoch: 1223, LR: 0.000010, Loss: 0.0890290, Validation MAE: 1.3610194, Test MAE: 3.9008744, Test MAE norm: 0.0859595
Epoch: 1229, LR: 0.000010, Loss: 0.0890500, Validation MAE: 1.3605857, Test MAE: 3.9029503, Test MAE norm: 0.0860052
Epoch: 1230, LR: 0.000010, Loss: 0.0890003, Validation MAE: 1.3602265, Test MAE: 3.9028223, Test MAE norm: 0.0860024
Epoch: 1240, LR: 0.000010, Loss: 0.0890464, Validation MAE: 1.3607724, Test MAE: 3.9038239, Test MAE norm: 0.0860245
Epoch: 1247, LR: 0.000010, Loss: 0.0890393, Validation MAE: 1.3605480, Test MAE: 3.9038911, Test MAE norm: 0.0860260
Epoch: 1248, LR: 0.000010, Loss: 0.0890128, Validation MAE: 1.3597280, Test MAE: 3.9008896, Test MAE norm: 0.0859598
Epoch: 1258, LR: 0.000010, Loss: 0.0890422, Validation MAE: 1.3614022, Test MAE: 3.9012983, Test MAE norm: 0.0859688
Epoch: 1259, LR: 0.000010, Loss: 0.0889942, Validation MAE: 1.3609943, Test MAE: 3.9003251, Test MAE norm: 0.0859474
Epoch: 1265, LR: 0.000010, Loss: 0.0890002, Validation MAE: 1.3609675, Test MAE: 3.9053879, Test MAE norm: 0.0860590
Epoch: 1266, LR: 0.000010, Loss: 0.0890252, Validation MAE: 1.3596590, Test MAE: 3.9030569, Test MAE norm: 0.0860076
Epoch: 1267, LR: 0.000010, Loss: 0.0890035, Validation MAE: 1.3591201, Test MAE: 3.9019094, Test MAE norm: 0.0859823
Epoch: 1277, LR: 0.000010, Loss: 0.0889935, Validation MAE: 1.3616620, Test MAE: 3.9021988, Test MAE norm: 0.0859887
Epoch: 1280, LR: 0.000010, Loss: 0.0890462, Validation MAE: 1.3616488, Test MAE: 3.9038749, Test MAE norm: 0.0860256
Epoch: 1281, LR: 0.000010, Loss: 0.0889932, Validation MAE: 1.3609598, Test MAE: 3.9001758, Test MAE norm: 0.0859441
Epoch: 1282, LR: 0.000010, Loss: 0.0890455, Validation MAE: 1.3600180, Test MAE: 3.8997090, Test MAE norm: 0.0859338
Epoch: 1287, LR: 0.000010, Loss: 0.0890087, Validation MAE: 1.3598607, Test MAE: 3.9053774, Test MAE norm: 0.0860587
Epoch: 1289, LR: 0.000010, Loss: 0.0890238, Validation MAE: 1.3595905, Test MAE: 3.9018154, Test MAE norm: 0.0859802
Epoch: 1299, LR: 0.000010, Loss: 0.0889748, Validation MAE: 1.3608439, Test MAE: 3.9012599, Test MAE norm: 0.0859680
Epoch: 1301, LR: 0.000010, Loss: 0.0889873, Validation MAE: 1.3606204, Test MAE: 3.9024777, Test MAE norm: 0.0859948
Epoch: 1302, LR: 0.000010, Loss: 0.0889707, Validation MAE: 1.3592656, Test MAE: 3.9019980, Test MAE norm: 0.0859843
Epoch: 1307, LR: 0.000010, Loss: 0.0889772, Validation MAE: 1.3592163, Test MAE: 3.9033868, Test MAE norm: 0.0860149
Epoch: 1317, LR: 0.000010, Loss: 0.0889829, Validation MAE: 1.3616216, Test MAE: 3.9040992, Test MAE norm: 0.0860306
Epoch: 1318, LR: 0.000010, Loss: 0.0889787, Validation MAE: 1.3605150, Test MAE: 3.9042947, Test MAE norm: 0.0860349
Epoch: 1319, LR: 0.000010, Loss: 0.0889684, Validation MAE: 1.3601674, Test MAE: 3.9039237, Test MAE norm: 0.0860267
Epoch: 1320, LR: 0.000010, Loss: 0.0889790, Validation MAE: 1.3597406, Test MAE: 3.9034131, Test MAE norm: 0.0860154
Epoch: 1330, LR: 0.000010, Loss: 0.0889822, Validation MAE: 1.3606552, Test MAE: 3.9044008, Test MAE norm: 0.0860372
Epoch: 1331, LR: 0.000010, Loss: 0.0889637, Validation MAE: 1.3596957, Test MAE: 3.9047685, Test MAE norm: 0.0860453
Epoch: 1333, LR: 0.000010, Loss: 0.0889705, Validation MAE: 1.3593391, Test MAE: 3.9020376, Test MAE norm: 0.0859851
Epoch: 1334, LR: 0.000010, Loss: 0.0889603, Validation MAE: 1.3591577, Test MAE: 3.9021027, Test MAE norm: 0.0859866
Epoch: 1344, LR: 0.000010, Loss: 0.0889927, Validation MAE: 1.3598561, Test MAE: 3.9034984, Test MAE norm: 0.0860173
Epoch: 1345, LR: 0.000010, Loss: 0.0889475, Validation MAE: 1.3596780, Test MAE: 3.9034100, Test MAE norm: 0.0860154
Epoch: 1346, LR: 0.000010, Loss: 0.0889409, Validation MAE: 1.3596423, Test MAE: 3.9016173, Test MAE norm: 0.0859759
Epoch: 1349, LR: 0.000010, Loss: 0.0889515, Validation MAE: 1.3595541, Test MAE: 3.9024909, Test MAE norm: 0.0859951
Epoch: 1351, LR: 0.000010, Loss: 0.0889443, Validation MAE: 1.3590841, Test MAE: 3.9037268, Test MAE norm: 0.0860224
Epoch: 1352, LR: 0.000010, Loss: 0.0889458, Validation MAE: 1.3589903, Test MAE: 3.9032347, Test MAE norm: 0.0860115
Epoch: 1362, LR: 0.000010, Loss: 0.0889586, Validation MAE: 1.3600209, Test MAE: 3.9076295, Test MAE norm: 0.0861084
Epoch: 1364, LR: 0.000010, Loss: 0.0890109, Validation MAE: 1.3595001, Test MAE: 3.9101663, Test MAE norm: 0.0861643
Epoch: 1365, LR: 0.000010, Loss: 0.0889893, Validation MAE: 1.3589289, Test MAE: 3.9081912, Test MAE norm: 0.0861207
Epoch: 1366, LR: 0.000010, Loss: 0.0889890, Validation MAE: 1.3582846, Test MAE: 3.9067879, Test MAE norm: 0.0860898
Epoch: 1376, LR: 0.000010, Loss: 0.0889958, Validation MAE: 1.3621209, Test MAE: 3.9033689, Test MAE norm: 0.0860145
Epoch: 1377, LR: 0.000010, Loss: 0.0889587, Validation MAE: 1.3609786, Test MAE: 3.9039705, Test MAE norm: 0.0860277
Epoch: 1378, LR: 0.000010, Loss: 0.0889501, Validation MAE: 1.3603142, Test MAE: 3.9027460, Test MAE norm: 0.0860007
Epoch: 1379, LR: 0.000010, Loss: 0.0889494, Validation MAE: 1.3600241, Test MAE: 3.9031217, Test MAE norm: 0.0860090
Epoch: 1385, LR: 0.000010, Loss: 0.0889506, Validation MAE: 1.3594221, Test MAE: 3.9070852, Test MAE norm: 0.0860964
Epoch: 1387, LR: 0.000010, Loss: 0.0889572, Validation MAE: 1.3593456, Test MAE: 3.9087956, Test MAE norm: 0.0861341
Epoch: 1397, LR: 0.000010, Loss: 0.0889537, Validation MAE: 1.3597811, Test MAE: 3.9057388, Test MAE norm: 0.0860667
Epoch: 1398, LR: 0.000010, Loss: 0.0889340, Validation MAE: 1.3583930, Test MAE: 3.9038475, Test MAE norm: 0.0860250
Epoch: 1408, LR: 0.000010, Loss: 0.0889215, Validation MAE: 1.3588402, Test MAE: 3.9026403, Test MAE norm: 0.0859984
Epoch: 1414, LR: 0.000010, Loss: 0.0889392, Validation MAE: 1.3582609, Test MAE: 3.9079013, Test MAE norm: 0.0861143
Epoch: 1424, LR: 0.000010, Loss: 0.0889357, Validation MAE: 1.3604159, Test MAE: 3.9061382, Test MAE norm: 0.0860755
Epoch: 1427, LR: 0.000010, Loss: 0.0889492, Validation MAE: 1.3600680, Test MAE: 3.9039075, Test MAE norm: 0.0860263
Epoch: 1428, LR: 0.000010, Loss: 0.0889488, Validation MAE: 1.3598274, Test MAE: 3.9060562, Test MAE norm: 0.0860737
Epoch: 1431, LR: 0.000010, Loss: 0.0889429, Validation MAE: 1.3595108, Test MAE: 3.9052684, Test MAE norm: 0.0860563
Epoch: 1435, LR: 0.000010, Loss: 0.0889362, Validation MAE: 1.3593552, Test MAE: 3.9080186, Test MAE norm: 0.0861169
Epoch: 1436, LR: 0.000010, Loss: 0.0889254, Validation MAE: 1.3591080, Test MAE: 3.9065194, Test MAE norm: 0.0860839
Epoch: 1437, LR: 0.000010, Loss: 0.0889296, Validation MAE: 1.3581741, Test MAE: 3.9052887, Test MAE norm: 0.0860568
Epoch: 1447, LR: 0.000010, Loss: 0.0889536, Validation MAE: 1.3600876, Test MAE: 3.9097054, Test MAE norm: 0.0861541
Epoch: 1448, LR: 0.000010, Loss: 0.0889475, Validation MAE: 1.3585792, Test MAE: 3.9062736, Test MAE norm: 0.0860785
Epoch: 1449, LR: 0.000010, Loss: 0.0889321, Validation MAE: 1.3584630, Test MAE: 3.9069407, Test MAE norm: 0.0860932
Epoch: 1459, LR: 0.000010, Loss: 0.0889210, Validation MAE: 1.3598495, Test MAE: 3.9062881, Test MAE norm: 0.0860788
Epoch: 1460, LR: 0.000010, Loss: 0.0888999, Validation MAE: 1.3591284, Test MAE: 3.9050603, Test MAE norm: 0.0860517
Epoch: 1461, LR: 0.000010, Loss: 0.0889039, Validation MAE: 1.3586465, Test MAE: 3.9043577, Test MAE norm: 0.0860363
Epoch: 1467, LR: 0.000010, Loss: 0.0889378, Validation MAE: 1.3583381, Test MAE: 3.9038863, Test MAE norm: 0.0860259
Epoch: 1477, LR: 0.000010, Loss: 0.0889072, Validation MAE: 1.3593932, Test MAE: 3.9071023, Test MAE norm: 0.0860967
Epoch: 1478, LR: 0.000010, Loss: 0.0889119, Validation MAE: 1.3584951, Test MAE: 3.9057875, Test MAE norm: 0.0860678
Epoch: 1479, LR: 0.000010, Loss: 0.0889021, Validation MAE: 1.3580936, Test MAE: 3.9048996, Test MAE norm: 0.0860482
Epoch: 1489, LR: 0.000010, Loss: 0.0888863, Validation MAE: 1.3614687, Test MAE: 3.9092035, Test MAE norm: 0.0861430
Epoch: 1490, LR: 0.000010, Loss: 0.0889364, Validation MAE: 1.3588383, Test MAE: 3.9081211, Test MAE norm: 0.0861192
Epoch: 1491, LR: 0.000010, Loss: 0.0889001, Validation MAE: 1.3573802, Test MAE: 3.9068508, Test MAE norm: 0.0860912
Epoch: 1501, LR: 0.000010, Loss: 0.0889020, Validation MAE: 1.3593650, Test MAE: 3.9060314, Test MAE norm: 0.0860731
Epoch: 1503, LR: 0.000010, Loss: 0.0888847, Validation MAE: 1.3581089, Test MAE: 3.9066081, Test MAE norm: 0.0860858
Epoch: 1509, LR: 0.000010, Loss: 0.0888707, Validation MAE: 1.3576573, Test MAE: 3.9064589, Test MAE norm: 0.0860826
Epoch: 1511, LR: 0.000010, Loss: 0.0888945, Validation MAE: 1.3573425, Test MAE: 3.9081697, Test MAE norm: 0.0861203
Epoch: 1521, LR: 0.000010, Loss: 0.0888770, Validation MAE: 1.3603419, Test MAE: 3.9060681, Test MAE norm: 0.0860739
Epoch: 1523, LR: 0.000010, Loss: 0.0888990, Validation MAE: 1.3593295, Test MAE: 3.9056158, Test MAE norm: 0.0860640
Epoch: 1524, LR: 0.000010, Loss: 0.0888689, Validation MAE: 1.3584118, Test MAE: 3.9051116, Test MAE norm: 0.0860529
Epoch: 1525, LR: 0.000010, Loss: 0.0888932, Validation MAE: 1.3579520, Test MAE: 3.9058082, Test MAE norm: 0.0860682
Epoch: 1528, LR: 0.000010, Loss: 0.0889019, Validation MAE: 1.3579347, Test MAE: 3.9067466, Test MAE norm: 0.0860889
Epoch: 1529, LR: 0.000010, Loss: 0.0888795, Validation MAE: 1.3573389, Test MAE: 3.9054990, Test MAE norm: 0.0860614
Epoch: 1539, LR: 0.000010, Loss: 0.0889066, Validation MAE: 1.3586329, Test MAE: 3.9111216, Test MAE norm: 0.0861853
Epoch: 1546, LR: 0.000010, Loss: 0.0888941, Validation MAE: 1.3583786, Test MAE: 3.9068704, Test MAE norm: 0.0860916
Epoch: 1547, LR: 0.000010, Loss: 0.0889041, Validation MAE: 1.3576646, Test MAE: 3.9059339, Test MAE norm: 0.0860710
Epoch: 1552, LR: 0.000010, Loss: 0.0889019, Validation MAE: 1.3573651, Test MAE: 3.9100814, Test MAE norm: 0.0861624
Epoch: 1553, LR: 0.000010, Loss: 0.0889033, Validation MAE: 1.3572754, Test MAE: 3.9094334, Test MAE norm: 0.0861481
Epoch: 1563, LR: 0.000010, Loss: 0.0888703, Validation MAE: 1.3620493, Test MAE: 3.9131062, Test MAE norm: 0.0862290
Epoch: 1564, LR: 0.000010, Loss: 0.0889190, Validation MAE: 1.3590420, Test MAE: 3.9111233, Test MAE norm: 0.0861853
Epoch: 1565, LR: 0.000010, Loss: 0.0888716, Validation MAE: 1.3578652, Test MAE: 3.9079568, Test MAE norm: 0.0861156
Epoch: 1566, LR: 0.000010, Loss: 0.0888895, Validation MAE: 1.3574353, Test MAE: 3.9093907, Test MAE norm: 0.0861472
Epoch: 1567, LR: 0.000010, Loss: 0.0889001, Validation MAE: 1.3571402, Test MAE: 3.9087889, Test MAE norm: 0.0861339
Epoch: 1572, LR: 0.000010, Loss: 0.0888508, Validation MAE: 1.3570691, Test MAE: 3.9073060, Test MAE norm: 0.0861012
Epoch: 1582, LR: 0.000010, Loss: 0.0888807, Validation MAE: 1.3589063, Test MAE: 3.9090679, Test MAE norm: 0.0861401
Epoch: 1583, LR: 0.000010, Loss: 0.0888696, Validation MAE: 1.3575346, Test MAE: 3.9063396, Test MAE norm: 0.0860799
Epoch: 1584, LR: 0.000010, Loss: 0.0888878, Validation MAE: 1.3568679, Test MAE: 3.9084613, Test MAE norm: 0.0861267
Epoch: 1588, LR: 0.000010, Loss: 0.0888786, Validation MAE: 1.3566564, Test MAE: 3.9063549, Test MAE norm: 0.0860803
Epoch: 1598, LR: 0.000010, Loss: 0.0888491, Validation MAE: 1.3576078, Test MAE: 3.9074485, Test MAE norm: 0.0861044
Epoch: 1600, LR: 0.000010, Loss: 0.0888747, Validation MAE: 1.3566607, Test MAE: 3.9086294, Test MAE norm: 0.0861304
Epoch: 1601, LR: 0.000010, Loss: 0.0888481, Validation MAE: 1.3566592, Test MAE: 3.9075277, Test MAE norm: 0.0861061
Epoch: 1611, LR: 0.000010, Loss: 0.0888873, Validation MAE: 1.3579507, Test MAE: 3.9088764, Test MAE norm: 0.0861358
Epoch: 1614, LR: 0.000010, Loss: 0.0888606, Validation MAE: 1.3576025, Test MAE: 3.9084411, Test MAE norm: 0.0861262
Epoch: 1615, LR: 0.000010, Loss: 0.0888320, Validation MAE: 1.3563915, Test MAE: 3.9069033, Test MAE norm: 0.0860924
Epoch: 1616, LR: 0.000010, Loss: 0.0888386, Validation MAE: 1.3560908, Test MAE: 3.9066970, Test MAE norm: 0.0860878
Epoch: 1626, LR: 0.000010, Loss: 0.0888794, Validation MAE: 1.3565856, Test MAE: 3.9084148, Test MAE norm: 0.0861257
Epoch: 1627, LR: 0.000010, Loss: 0.0888401, Validation MAE: 1.3563987, Test MAE: 3.9054558, Test MAE norm: 0.0860605
Epoch: 1633, LR: 0.000010, Loss: 0.0888647, Validation MAE: 1.3563608, Test MAE: 3.9079351, Test MAE norm: 0.0861151
Epoch: 1639, LR: 0.000010, Loss: 0.0888671, Validation MAE: 1.3560102, Test MAE: 3.9095259, Test MAE norm: 0.0861501
Epoch: 1640, LR: 0.000010, Loss: 0.0888823, Validation MAE: 1.3558527, Test MAE: 3.9084251, Test MAE norm: 0.0861259
Epoch: 1650, LR: 0.000010, Loss: 0.0888763, Validation MAE: 1.3578222, Test MAE: 3.9102089, Test MAE norm: 0.0861652
Epoch: 1653, LR: 0.000010, Loss: 0.0888477, Validation MAE: 1.3566881, Test MAE: 3.9112713, Test MAE norm: 0.0861886
Epoch: 1654, LR: 0.000010, Loss: 0.0888348, Validation MAE: 1.3562933, Test MAE: 3.9107304, Test MAE norm: 0.0861767
Epoch: 1660, LR: 0.000010, Loss: 0.0888357, Validation MAE: 1.3559721, Test MAE: 3.9066055, Test MAE norm: 0.0860858
Epoch: 1661, LR: 0.000010, Loss: 0.0888394, Validation MAE: 1.3555293, Test MAE: 3.9067006, Test MAE norm: 0.0860879
Epoch: 1671, LR: 0.000010, Loss: 0.0888561, Validation MAE: 1.3560389, Test MAE: 3.9101257, Test MAE norm: 0.0861634
Epoch: 1678, LR: 0.000010, Loss: 0.0888141, Validation MAE: 1.3558533, Test MAE: 3.9029677, Test MAE norm: 0.0860056
Epoch: 1679, LR: 0.000010, Loss: 0.0889012, Validation MAE: 1.3554747, Test MAE: 3.9031496, Test MAE norm: 0.0860096
Epoch: 1689, LR: 0.000010, Loss: 0.0888347, Validation MAE: 1.3604864, Test MAE: 3.9149044, Test MAE norm: 0.0862687
Epoch: 1690, LR: 0.000010, Loss: 0.0888488, Validation MAE: 1.3587053, Test MAE: 3.9130049, Test MAE norm: 0.0862268
Epoch: 1691, LR: 0.000010, Loss: 0.0888126, Validation MAE: 1.3567547, Test MAE: 3.9095078, Test MAE norm: 0.0861497
Epoch: 1696, LR: 0.000010, Loss: 0.0888155, Validation MAE: 1.3556904, Test MAE: 3.9072189, Test MAE norm: 0.0860993
Epoch: 1701, LR: 0.000010, Loss: 0.0888424, Validation MAE: 1.3543426, Test MAE: 3.9112318, Test MAE norm: 0.0861877
Epoch: 1711, LR: 0.000010, Loss: 0.0888164, Validation MAE: 1.3578371, Test MAE: 3.9125547, Test MAE norm: 0.0862169
Epoch: 1712, LR: 0.000010, Loss: 0.0888193, Validation MAE: 1.3573756, Test MAE: 3.9124382, Test MAE norm: 0.0862143
Epoch: 1713, LR: 0.000010, Loss: 0.0888205, Validation MAE: 1.3559661, Test MAE: 3.9124165, Test MAE norm: 0.0862138
Epoch: 1714, LR: 0.000010, Loss: 0.0888345, Validation MAE: 1.3549606, Test MAE: 3.9109886, Test MAE norm: 0.0861824
Epoch: 1724, LR: 0.000010, Loss: 0.0888032, Validation MAE: 1.3560477, Test MAE: 3.9118683, Test MAE norm: 0.0862018
Epoch: 1725, LR: 0.000010, Loss: 0.0887955, Validation MAE: 1.3556443, Test MAE: 3.9110255, Test MAE norm: 0.0861832
Epoch: 1735, LR: 0.000010, Loss: 0.0887861, Validation MAE: 1.3576667, Test MAE: 3.9114318, Test MAE norm: 0.0861921
Epoch: 1736, LR: 0.000010, Loss: 0.0887912, Validation MAE: 1.3564193, Test MAE: 3.9103489, Test MAE norm: 0.0861683
Epoch: 1737, LR: 0.000010, Loss: 0.0887766, Validation MAE: 1.3551953, Test MAE: 3.9092021, Test MAE norm: 0.0861430
Epoch: 1740, LR: 0.000010, Loss: 0.0888343, Validation MAE: 1.3536379, Test MAE: 3.9092436, Test MAE norm: 0.0861439
Epoch: 1750, LR: 0.000010, Loss: 0.0888075, Validation MAE: 1.3573300, Test MAE: 3.9098661, Test MAE norm: 0.0861576
Epoch: 1751, LR: 0.000010, Loss: 0.0887694, Validation MAE: 1.3571416, Test MAE: 3.9109244, Test MAE norm: 0.0861810
Epoch: 1753, LR: 0.000010, Loss: 0.0887754, Validation MAE: 1.3566035, Test MAE: 3.9063585, Test MAE norm: 0.0860803
Epoch: 1754, LR: 0.000010, Loss: 0.0888339, Validation MAE: 1.3550909, Test MAE: 3.9073915, Test MAE norm: 0.0861031
Epoch: 1755, LR: 0.000010, Loss: 0.0888296, Validation MAE: 1.3550800, Test MAE: 3.9118183, Test MAE norm: 0.0862007
Epoch: 1756, LR: 0.000010, Loss: 0.0887876, Validation MAE: 1.3542277, Test MAE: 3.9133594, Test MAE norm: 0.0862346
Epoch: 1757, LR: 0.000010, Loss: 0.0888182, Validation MAE: 1.3530763, Test MAE: 3.9115858, Test MAE norm: 0.0861955
Epoch: 1758, LR: 0.000010, Loss: 0.0888110, Validation MAE: 1.3523612, Test MAE: 3.9106667, Test MAE norm: 0.0861753
Epoch: 1768, LR: 0.000010, Loss: 0.0888153, Validation MAE: 1.3559060, Test MAE: 3.9103456, Test MAE norm: 0.0861682
Epoch: 1770, LR: 0.000010, Loss: 0.0887961, Validation MAE: 1.3556527, Test MAE: 3.9160690, Test MAE norm: 0.0862943
Epoch: 1771, LR: 0.000010, Loss: 0.0888015, Validation MAE: 1.3545189, Test MAE: 3.9145687, Test MAE norm: 0.0862613
Epoch: 1776, LR: 0.000010, Loss: 0.0887996, Validation MAE: 1.3543105, Test MAE: 3.9131198, Test MAE norm: 0.0862293
Epoch: 1777, LR: 0.000010, Loss: 0.0888000, Validation MAE: 1.3535970, Test MAE: 3.9111321, Test MAE norm: 0.0861855
Epoch: 1781, LR: 0.000010, Loss: 0.0887560, Validation MAE: 1.3531891, Test MAE: 3.9087946, Test MAE norm: 0.0861340
Epoch: 1791, LR: 0.000010, Loss: 0.0887925, Validation MAE: 1.3556920, Test MAE: 3.9143257, Test MAE norm: 0.0862559
Epoch: 1792, LR: 0.000010, Loss: 0.0887838, Validation MAE: 1.3550501, Test MAE: 3.9126010, Test MAE norm: 0.0862179
Epoch: 1797, LR: 0.000010, Loss: 0.0887531, Validation MAE: 1.3540403, Test MAE: 3.9062974, Test MAE norm: 0.0860790
Epoch: 1800, LR: 0.000010, Loss: 0.0887629, Validation MAE: 1.3539728, Test MAE: 3.9094079, Test MAE norm: 0.0861475
Epoch: 1801, LR: 0.000010, Loss: 0.0887739, Validation MAE: 1.3536584, Test MAE: 3.9076624, Test MAE norm: 0.0861091
Epoch: 1802, LR: 0.000010, Loss: 0.0888045, Validation MAE: 1.3531390, Test MAE: 3.9072630, Test MAE norm: 0.0861003
Epoch: 1806, LR: 0.000010, Loss: 0.0887821, Validation MAE: 1.3531214, Test MAE: 3.9089992, Test MAE norm: 0.0861385
Epoch: 1816, LR: 0.000010, Loss: 0.0887630, Validation MAE: 1.3543886, Test MAE: 3.9072828, Test MAE norm: 0.0861007
Epoch: 1817, LR: 0.000010, Loss: 0.0887583, Validation MAE: 1.3538308, Test MAE: 3.9071589, Test MAE norm: 0.0860980
Epoch: 1819, LR: 0.000010, Loss: 0.0887710, Validation MAE: 1.3527880, Test MAE: 3.9084826, Test MAE norm: 0.0861272
Epoch: 1829, LR: 0.000010, Loss: 0.0887282, Validation MAE: 1.3559886, Test MAE: 3.9126613, Test MAE norm: 0.0862192
Epoch: 1830, LR: 0.000010, Loss: 0.0887378, Validation MAE: 1.3535438, Test MAE: 3.9107618, Test MAE norm: 0.0861774
Epoch: 1834, LR: 0.000010, Loss: 0.0887600, Validation MAE: 1.3529180, Test MAE: 3.9135778, Test MAE norm: 0.0862394
Epoch: 1835, LR: 0.000010, Loss: 0.0887439, Validation MAE: 1.3520159, Test MAE: 3.9123478, Test MAE norm: 0.0862123
Epoch: 1845, LR: 0.000010, Loss: 0.0887290, Validation MAE: 1.3525506, Test MAE: 3.9120286, Test MAE norm: 0.0862053
Epoch: 1855, LR: 0.000010, Loss: 0.0887600, Validation MAE: 1.3524225, Test MAE: 3.9105284, Test MAE norm: 0.0861722
Epoch: 1865, LR: 0.000010, Loss: 0.0887492, Validation MAE: 1.3531806, Test MAE: 3.9096348, Test MAE norm: 0.0861525
Epoch: 1867, LR: 0.000010, Loss: 0.0887404, Validation MAE: 1.3518741, Test MAE: 3.9110739, Test MAE norm: 0.0861843
Epoch: 1871, LR: 0.000010, Loss: 0.0887184, Validation MAE: 1.3514763, Test MAE: 3.9109333, Test MAE norm: 0.0861812
Epoch: 1881, LR: 0.000010, Loss: 0.0887454, Validation MAE: 1.3524182, Test MAE: 3.9119012, Test MAE norm: 0.0862025
Epoch: 1887, LR: 0.000010, Loss: 0.0887414, Validation MAE: 1.3519529, Test MAE: 3.9137402, Test MAE norm: 0.0862430
Epoch: 1897, LR: 0.000010, Loss: 0.0887654, Validation MAE: 1.3551273, Test MAE: 3.9136655, Test MAE norm: 0.0862414
Epoch: 1898, LR: 0.000010, Loss: 0.0887557, Validation MAE: 1.3536323, Test MAE: 3.9133463, Test MAE norm: 0.0862343
Epoch: 1899, LR: 0.000010, Loss: 0.0887260, Validation MAE: 1.3519830, Test MAE: 3.9120212, Test MAE norm: 0.0862051
Epoch: 1909, LR: 0.000010, Loss: 0.0887019, Validation MAE: 1.3532959, Test MAE: 3.9130020, Test MAE norm: 0.0862267
Epoch: 1912, LR: 0.000010, Loss: 0.0887015, Validation MAE: 1.3525462, Test MAE: 3.9142704, Test MAE norm: 0.0862547
Epoch: 1913, LR: 0.000010, Loss: 0.0886956, Validation MAE: 1.3518137, Test MAE: 3.9121819, Test MAE norm: 0.0862087
Epoch: 1923, LR: 0.000010, Loss: 0.0887393, Validation MAE: 1.3529968, Test MAE: 3.9118328, Test MAE norm: 0.0862010
Epoch: 1925, LR: 0.000010, Loss: 0.0887422, Validation MAE: 1.3514712, Test MAE: 3.9090931, Test MAE norm: 0.0861406
Epoch: 1928, LR: 0.000010, Loss: 0.0887202, Validation MAE: 1.3509595, Test MAE: 3.9110191, Test MAE norm: 0.0861830
Epoch: 1938, LR: 0.000010, Loss: 0.0886775, Validation MAE: 1.3522701, Test MAE: 3.9115810, Test MAE norm: 0.0861954
Epoch: 1940, LR: 0.000010, Loss: 0.0886913, Validation MAE: 1.3512713, Test MAE: 3.9093502, Test MAE norm: 0.0861463
Epoch: 1941, LR: 0.000010, Loss: 0.0886849, Validation MAE: 1.3499418, Test MAE: 3.9093370, Test MAE norm: 0.0861460
Epoch: 1951, LR: 0.000010, Loss: 0.0887478, Validation MAE: 1.3511200, Test MAE: 3.9120736, Test MAE norm: 0.0862063
Epoch: 1960, LR: 0.000010, Loss: 0.0887418, Validation MAE: 1.3510209, Test MAE: 3.9153709, Test MAE norm: 0.0862789
Epoch: 1961, LR: 0.000010, Loss: 0.0887586, Validation MAE: 1.3504580, Test MAE: 3.9140067, Test MAE norm: 0.0862489
Epoch: 1965, LR: 0.000010, Loss: 0.0888088, Validation MAE: 1.3502183, Test MAE: 3.9091976, Test MAE norm: 0.0861429
Epoch: 1966, LR: 0.000010, Loss: 0.0887470, Validation MAE: 1.3500473, Test MAE: 3.9107857, Test MAE norm: 0.0861779
Epoch: 1976, LR: 0.000010, Loss: 0.0887171, Validation MAE: 1.3515904, Test MAE: 3.9086621, Test MAE norm: 0.0861311
Epoch: 1981, LR: 0.000010, Loss: 0.0886683, Validation MAE: 1.3500988, Test MAE: 3.9091349, Test MAE norm: 0.0861415
Epoch: 1991, LR: 0.000010, Loss: 0.0886613, Validation MAE: 1.3533602, Test MAE: 3.9152288, Test MAE norm: 0.0862758
Epoch: 1992, LR: 0.000010, Loss: 0.0886557, Validation MAE: 1.3522027, Test MAE: 3.9146152, Test MAE norm: 0.0862623
Epoch: 1995, LR: 0.000010, Loss: 0.0886721, Validation MAE: 1.3514441, Test MAE: 3.9173698, Test MAE norm: 0.0863230
Epoch: 1996, LR: 0.000010, Loss: 0.0886644, Validation MAE: 1.3511156, Test MAE: 3.9148786, Test MAE norm: 0.0862681
Epoch: 1996, LR: 0.000010, Loss: 0.0886644, Validation MAE: 1.3511156, Test MAE: 3.9148786, Test MAE norm: 0.0862681