Command line input: python run_count.py --batch_size 256 --target 0 --model GNN --h 3 --seed 1 --epoch 2000 --dataset easy-1
Mean = 7.924, Std = 12.519
Using GNN model

Epoch: 001, LR: 0.001000, Loss: 0.5596780, Validation MAE: 6.7729330, Test MAE: 7.6030555, Test MAE norm: 0.6073018
Epoch: 002, LR: 0.001000, Loss: 0.5425817, Validation MAE: 6.5451231, Test MAE: 7.3706822, Test MAE norm: 0.5887408
Epoch: 003, LR: 0.001000, Loss: 0.5273274, Validation MAE: 6.3175960, Test MAE: 7.1319914, Test MAE norm: 0.5696751
Epoch: 004, LR: 0.001000, Loss: 0.5118738, Validation MAE: 6.0879626, Test MAE: 6.8819304, Test MAE norm: 0.5497012
Epoch: 005, LR: 0.001000, Loss: 0.4961231, Validation MAE: 5.8491383, Test MAE: 6.6280794, Test MAE norm: 0.5294246
Epoch: 006, LR: 0.001000, Loss: 0.4797164, Validation MAE: 5.6150265, Test MAE: 6.3773227, Test MAE norm: 0.5093952
Epoch: 007, LR: 0.001000, Loss: 0.4635528, Validation MAE: 5.3695726, Test MAE: 6.1127019, Test MAE norm: 0.4882583
Epoch: 008, LR: 0.001000, Loss: 0.4460892, Validation MAE: 5.1165190, Test MAE: 5.8512430, Test MAE norm: 0.4673740
Epoch: 009, LR: 0.001000, Loss: 0.4288573, Validation MAE: 4.8675256, Test MAE: 5.6300960, Test MAE norm: 0.4497097
Epoch: 010, LR: 0.001000, Loss: 0.4125830, Validation MAE: 4.6177359, Test MAE: 5.4200187, Test MAE norm: 0.4329295
Epoch: 011, LR: 0.001000, Loss: 0.3968087, Validation MAE: 4.3770933, Test MAE: 5.1872706, Test MAE norm: 0.4143386
Epoch: 012, LR: 0.001000, Loss: 0.3818451, Validation MAE: 4.1751208, Test MAE: 5.0257864, Test MAE norm: 0.4014398
Epoch: 013, LR: 0.001000, Loss: 0.3703623, Validation MAE: 4.0804834, Test MAE: 5.0160999, Test MAE norm: 0.4006661
Epoch: 014, LR: 0.001000, Loss: 0.3665371, Validation MAE: 4.0040660, Test MAE: 4.9818473, Test MAE norm: 0.3979301
Epoch: 019, LR: 0.001000, Loss: 0.3691178, Validation MAE: 3.9485812, Test MAE: 4.9208107, Test MAE norm: 0.3930548
Epoch: 020, LR: 0.001000, Loss: 0.3642551, Validation MAE: 3.7842047, Test MAE: 4.8379788, Test MAE norm: 0.3864385
Epoch: 022, LR: 0.001000, Loss: 0.3528850, Validation MAE: 3.6902430, Test MAE: 4.6923556, Test MAE norm: 0.3748067
Epoch: 025, LR: 0.001000, Loss: 0.3468118, Validation MAE: 3.6889315, Test MAE: 4.6478829, Test MAE norm: 0.3712544
Epoch: 026, LR: 0.001000, Loss: 0.3420887, Validation MAE: 3.6602433, Test MAE: 4.6651244, Test MAE norm: 0.3726316
Epoch: 028, LR: 0.001000, Loss: 0.3437382, Validation MAE: 3.5845931, Test MAE: 4.5962310, Test MAE norm: 0.3671286
Epoch: 030, LR: 0.001000, Loss: 0.3364114, Validation MAE: 3.5810266, Test MAE: 4.5255013, Test MAE norm: 0.3614790
Epoch: 031, LR: 0.001000, Loss: 0.3350967, Validation MAE: 3.4557464, Test MAE: 4.4803705, Test MAE norm: 0.3578742
Epoch: 032, LR: 0.001000, Loss: 0.3264951, Validation MAE: 3.4312897, Test MAE: 4.4638104, Test MAE norm: 0.3565514
Epoch: 033, LR: 0.001000, Loss: 0.3273736, Validation MAE: 3.3403873, Test MAE: 4.3811445, Test MAE norm: 0.3499484
Epoch: 034, LR: 0.001000, Loss: 0.3190658, Validation MAE: 3.3236740, Test MAE: 4.3383965, Test MAE norm: 0.3465339
Epoch: 035, LR: 0.001000, Loss: 0.3171706, Validation MAE: 3.2612774, Test MAE: 4.2940545, Test MAE norm: 0.3429920
Epoch: 036, LR: 0.001000, Loss: 0.3133422, Validation MAE: 3.1943517, Test MAE: 4.2295780, Test MAE norm: 0.3378419
Epoch: 037, LR: 0.001000, Loss: 0.3101914, Validation MAE: 3.1490061, Test MAE: 4.1835804, Test MAE norm: 0.3341677
Epoch: 038, LR: 0.001000, Loss: 0.3075730, Validation MAE: 3.1429498, Test MAE: 4.1683884, Test MAE norm: 0.3329543
Epoch: 039, LR: 0.001000, Loss: 0.3063607, Validation MAE: 3.0514171, Test MAE: 4.0741777, Test MAE norm: 0.3254291
Epoch: 040, LR: 0.001000, Loss: 0.3027539, Validation MAE: 3.0005598, Test MAE: 4.0234814, Test MAE norm: 0.3213797
Epoch: 041, LR: 0.001000, Loss: 0.2977526, Validation MAE: 2.9692013, Test MAE: 3.9729214, Test MAE norm: 0.3173411
Epoch: 042, LR: 0.001000, Loss: 0.2949311, Validation MAE: 2.8994131, Test MAE: 3.8997293, Test MAE norm: 0.3114949
Epoch: 044, LR: 0.001000, Loss: 0.2902764, Validation MAE: 2.8089867, Test MAE: 3.7966008, Test MAE norm: 0.3032574
Epoch: 046, LR: 0.001000, Loss: 0.2822385, Validation MAE: 2.7194524, Test MAE: 3.6568413, Test MAE norm: 0.2920939
Epoch: 048, LR: 0.001000, Loss: 0.2829666, Validation MAE: 2.6334505, Test MAE: 3.5042884, Test MAE norm: 0.2799086
Epoch: 049, LR: 0.001000, Loss: 0.2687083, Validation MAE: 2.5768569, Test MAE: 3.4408581, Test MAE norm: 0.2748421
Epoch: 051, LR: 0.001000, Loss: 0.2636265, Validation MAE: 2.5110965, Test MAE: 3.3231356, Test MAE norm: 0.2654389
Epoch: 055, LR: 0.001000, Loss: 0.2864884, Validation MAE: 2.3895226, Test MAE: 3.1580107, Test MAE norm: 0.2522493
Epoch: 060, LR: 0.001000, Loss: 0.2517443, Validation MAE: 2.3701551, Test MAE: 3.0006180, Test MAE norm: 0.2396774
Epoch: 064, LR: 0.001000, Loss: 0.2358772, Validation MAE: 2.3548417, Test MAE: 2.8251414, Test MAE norm: 0.2256611
Epoch: 067, LR: 0.001000, Loss: 0.2311693, Validation MAE: 2.2944255, Test MAE: 2.8869226, Test MAE norm: 0.2305959
Epoch: 075, LR: 0.001000, Loss: 0.2227415, Validation MAE: 2.2808394, Test MAE: 2.8686087, Test MAE norm: 0.2291331
Epoch: 077, LR: 0.001000, Loss: 0.2210005, Validation MAE: 2.2587464, Test MAE: 2.8289342, Test MAE norm: 0.2259640
Epoch: 080, LR: 0.001000, Loss: 0.2195604, Validation MAE: 2.2571616, Test MAE: 2.7825747, Test MAE norm: 0.2222610
Epoch: 090, LR: 0.001000, Loss: 0.2171769, Validation MAE: 2.2359319, Test MAE: 2.8067837, Test MAE norm: 0.2241947
Epoch: 097, LR: 0.001000, Loss: 0.2407657, Validation MAE: 2.2096632, Test MAE: 2.7927003, Test MAE norm: 0.2230698
Epoch: 105, LR: 0.001000, Loss: 0.2193596, Validation MAE: 2.1912944, Test MAE: 2.7782447, Test MAE norm: 0.2219151
Epoch: 108, LR: 0.001000, Loss: 0.2223448, Validation MAE: 2.1773679, Test MAE: 2.7342072, Test MAE norm: 0.2183976
Epoch: 117, LR: 0.001000, Loss: 0.2115646, Validation MAE: 2.1743145, Test MAE: 2.7640045, Test MAE norm: 0.2207777
Epoch: 121, LR: 0.001000, Loss: 0.2097296, Validation MAE: 2.1719778, Test MAE: 2.6596785, Test MAE norm: 0.2124445
Epoch: 131, LR: 0.001000, Loss: 0.2126360, Validation MAE: 2.1655979, Test MAE: 2.6839490, Test MAE norm: 0.2143832
Epoch: 140, LR: 0.001000, Loss: 0.2117685, Validation MAE: 2.1577246, Test MAE: 2.6237414, Test MAE norm: 0.2095740
Epoch: 147, LR: 0.001000, Loss: 0.2087098, Validation MAE: 2.1353695, Test MAE: 2.7060831, Test MAE norm: 0.2161511
Epoch: 153, LR: 0.001000, Loss: 0.2035609, Validation MAE: 2.1276469, Test MAE: 2.6584418, Test MAE norm: 0.2123457
Epoch: 163, LR: 0.001000, Loss: 0.2087831, Validation MAE: 2.2843196, Test MAE: 2.6945274, Test MAE norm: 0.2152281
Epoch: 164, LR: 0.001000, Loss: 0.2055449, Validation MAE: 2.1405442, Test MAE: 2.6837149, Test MAE norm: 0.2143645
Epoch: 168, LR: 0.000900, Loss: 0.2067135, Validation MAE: 2.1248145, Test MAE: 2.6648414, Test MAE norm: 0.2128569
Epoch: 178, LR: 0.000900, Loss: 0.2078769, Validation MAE: 2.1564698, Test MAE: 2.6209114, Test MAE norm: 0.2093480
Epoch: 179, LR: 0.000900, Loss: 0.2113185, Validation MAE: 2.1541228, Test MAE: 2.6423264, Test MAE norm: 0.2110585
Epoch: 186, LR: 0.000810, Loss: 0.2019334, Validation MAE: 2.1275826, Test MAE: 2.6983230, Test MAE norm: 0.2155313
Epoch: 187, LR: 0.000810, Loss: 0.2088981, Validation MAE: 2.1214914, Test MAE: 2.6780229, Test MAE norm: 0.2139098
Epoch: 197, LR: 0.000810, Loss: 0.2052729, Validation MAE: 2.1360171, Test MAE: 2.6255126, Test MAE norm: 0.2097155
Epoch: 204, LR: 0.000729, Loss: 0.2035182, Validation MAE: 2.1214571, Test MAE: 2.6432731, Test MAE norm: 0.2111341
Epoch: 205, LR: 0.000729, Loss: 0.2030500, Validation MAE: 2.1123259, Test MAE: 2.6488955, Test MAE norm: 0.2115832
Epoch: 212, LR: 0.000729, Loss: 0.2000405, Validation MAE: 2.1085470, Test MAE: 2.6015730, Test MAE norm: 0.2078033
Epoch: 222, LR: 0.000729, Loss: 0.2010245, Validation MAE: 2.2108068, Test MAE: 2.7173045, Test MAE norm: 0.2170475
Epoch: 223, LR: 0.000729, Loss: 0.2160373, Validation MAE: 2.1528001, Test MAE: 2.6735377, Test MAE norm: 0.2135516
Epoch: 227, LR: 0.000656, Loss: 0.2026045, Validation MAE: 2.0896661, Test MAE: 2.6742346, Test MAE norm: 0.2136072
Epoch: 231, LR: 0.000656, Loss: 0.1994762, Validation MAE: 2.0889273, Test MAE: 2.6047657, Test MAE norm: 0.2080583
Epoch: 241, LR: 0.000656, Loss: 0.1977790, Validation MAE: 2.1236615, Test MAE: 2.6196570, Test MAE norm: 0.2092478
Epoch: 251, LR: 0.000590, Loss: 0.1953052, Validation MAE: 2.1346958, Test MAE: 2.6199348, Test MAE norm: 0.2092700
Epoch: 258, LR: 0.000531, Loss: 0.1971145, Validation MAE: 2.0916541, Test MAE: 2.6140807, Test MAE norm: 0.2088024
Epoch: 263, LR: 0.000531, Loss: 0.2041424, Validation MAE: 2.0820830, Test MAE: 2.6207705, Test MAE norm: 0.2093367
Epoch: 273, LR: 0.000531, Loss: 0.1960935, Validation MAE: 2.1113460, Test MAE: 2.6166868, Test MAE norm: 0.2090105
Epoch: 277, LR: 0.000478, Loss: 0.1957903, Validation MAE: 2.0844264, Test MAE: 2.6018941, Test MAE norm: 0.2078290
Epoch: 287, LR: 0.000430, Loss: 0.1971402, Validation MAE: 2.1617742, Test MAE: 2.6350920, Test MAE norm: 0.2104807
Epoch: 290, LR: 0.000430, Loss: 0.1947033, Validation MAE: 2.1033742, Test MAE: 2.6061485, Test MAE norm: 0.2081688
Epoch: 300, LR: 0.000387, Loss: 0.1941133, Validation MAE: 2.2345967, Test MAE: 2.6554072, Test MAE norm: 0.2121034
Epoch: 301, LR: 0.000387, Loss: 0.1952081, Validation MAE: 2.1813343, Test MAE: 2.6435735, Test MAE norm: 0.2111581
Epoch: 302, LR: 0.000387, Loss: 0.1936997, Validation MAE: 2.1267214, Test MAE: 2.6252933, Test MAE norm: 0.2096980
Epoch: 306, LR: 0.000387, Loss: 0.1938665, Validation MAE: 2.1227968, Test MAE: 2.6218457, Test MAE norm: 0.2094226
Epoch: 316, LR: 0.000349, Loss: 0.1934236, Validation MAE: 2.1766007, Test MAE: 2.6345654, Test MAE norm: 0.2104386
Epoch: 317, LR: 0.000349, Loss: 0.1926977, Validation MAE: 2.1423063, Test MAE: 2.6236150, Test MAE norm: 0.2095639
Epoch: 323, LR: 0.000314, Loss: 0.1926328, Validation MAE: 2.1347089, Test MAE: 2.6184816, Test MAE norm: 0.2091539
Epoch: 327, LR: 0.000314, Loss: 0.1923538, Validation MAE: 2.1048691, Test MAE: 2.6013060, Test MAE norm: 0.2077820
Epoch: 337, LR: 0.000282, Loss: 0.1940300, Validation MAE: 2.2285359, Test MAE: 2.6463985, Test MAE norm: 0.2113838
Epoch: 338, LR: 0.000282, Loss: 0.1944828, Validation MAE: 2.2200620, Test MAE: 2.6447430, Test MAE norm: 0.2112515
Epoch: 339, LR: 0.000282, Loss: 0.1940596, Validation MAE: 2.1331666, Test MAE: 2.6180153, Test MAE norm: 0.2091167
Epoch: 340, LR: 0.000282, Loss: 0.1942697, Validation MAE: 2.1274545, Test MAE: 2.6184392, Test MAE norm: 0.2091505
Epoch: 347, LR: 0.000254, Loss: 0.1925792, Validation MAE: 2.1179042, Test MAE: 2.6074331, Test MAE norm: 0.2082714
Epoch: 357, LR: 0.000229, Loss: 0.1929403, Validation MAE: 2.2125285, Test MAE: 2.6394787, Test MAE norm: 0.2108311
Epoch: 358, LR: 0.000229, Loss: 0.1930441, Validation MAE: 2.1849129, Test MAE: 2.6283772, Test MAE norm: 0.2099443
Epoch: 359, LR: 0.000229, Loss: 0.1930378, Validation MAE: 2.1275826, Test MAE: 2.6089265, Test MAE norm: 0.2083907
Epoch: 369, LR: 0.000206, Loss: 0.1929301, Validation MAE: 2.1601331, Test MAE: 2.6199067, Test MAE norm: 0.2092677
Epoch: 372, LR: 0.000206, Loss: 0.1924932, Validation MAE: 2.1440351, Test MAE: 2.6151001, Test MAE norm: 0.2088838
Epoch: 380, LR: 0.000185, Loss: 0.1917976, Validation MAE: 2.1436005, Test MAE: 2.6192455, Test MAE norm: 0.2092149
Epoch: 384, LR: 0.000185, Loss: 0.1919668, Validation MAE: 2.1386974, Test MAE: 2.6190372, Test MAE norm: 0.2091983
Epoch: 394, LR: 0.000167, Loss: 0.1920573, Validation MAE: 2.1589079, Test MAE: 2.6213334, Test MAE norm: 0.2093817
Epoch: 398, LR: 0.000150, Loss: 0.1915646, Validation MAE: 2.1545053, Test MAE: 2.6206312, Test MAE norm: 0.2093256
Epoch: 408, LR: 0.000135, Loss: 0.1919262, Validation MAE: 2.1872203, Test MAE: 2.6311345, Test MAE norm: 0.2101646
Epoch: 409, LR: 0.000135, Loss: 0.1916123, Validation MAE: 2.1638324, Test MAE: 2.6244566, Test MAE norm: 0.2096312
Epoch: 410, LR: 0.000135, Loss: 0.1915007, Validation MAE: 2.1629722, Test MAE: 2.6247106, Test MAE norm: 0.2096514
Epoch: 413, LR: 0.000135, Loss: 0.1917412, Validation MAE: 2.1576090, Test MAE: 2.6240828, Test MAE norm: 0.2096013
Epoch: 417, LR: 0.000135, Loss: 0.1911815, Validation MAE: 2.1539247, Test MAE: 2.6216779, Test MAE norm: 0.2094092
Epoch: 427, LR: 0.000122, Loss: 0.1917350, Validation MAE: 2.1686428, Test MAE: 2.6259804, Test MAE norm: 0.2097529
Epoch: 428, LR: 0.000122, Loss: 0.1911667, Validation MAE: 2.1684809, Test MAE: 2.6249735, Test MAE norm: 0.2096725
Epoch: 432, LR: 0.000109, Loss: 0.1909611, Validation MAE: 2.1566978, Test MAE: 2.6203091, Test MAE norm: 0.2092999
Epoch: 436, LR: 0.000109, Loss: 0.1920331, Validation MAE: 2.1562102, Test MAE: 2.6222918, Test MAE norm: 0.2094582
Epoch: 446, LR: 0.000098, Loss: 0.1907935, Validation MAE: 2.1793606, Test MAE: 2.6291299, Test MAE norm: 0.2100044
Epoch: 448, LR: 0.000098, Loss: 0.1916304, Validation MAE: 2.1707201, Test MAE: 2.6270633, Test MAE norm: 0.2098394
Epoch: 449, LR: 0.000098, Loss: 0.1912168, Validation MAE: 2.1549442, Test MAE: 2.6225054, Test MAE norm: 0.2094753
Epoch: 459, LR: 0.000089, Loss: 0.1908413, Validation MAE: 2.1692328, Test MAE: 2.6236379, Test MAE norm: 0.2095658
Epoch: 461, LR: 0.000089, Loss: 0.1908443, Validation MAE: 2.1679797, Test MAE: 2.6233201, Test MAE norm: 0.2095404
Epoch: 462, LR: 0.000080, Loss: 0.1908819, Validation MAE: 2.1622539, Test MAE: 2.6220474, Test MAE norm: 0.2094387
Epoch: 467, LR: 0.000080, Loss: 0.1907290, Validation MAE: 2.1573398, Test MAE: 2.6212888, Test MAE norm: 0.2093781
Epoch: 476, LR: 0.000072, Loss: 0.1907397, Validation MAE: 2.1568058, Test MAE: 2.6212265, Test MAE norm: 0.2093731
Epoch: 486, LR: 0.000065, Loss: 0.1907892, Validation MAE: 2.1578457, Test MAE: 2.6198356, Test MAE norm: 0.2092620
Epoch: 496, LR: 0.000058, Loss: 0.1905163, Validation MAE: 2.1687965, Test MAE: 2.6237075, Test MAE norm: 0.2095713
Epoch: 497, LR: 0.000058, Loss: 0.1906148, Validation MAE: 2.1642189, Test MAE: 2.6222680, Test MAE norm: 0.2094563
Epoch: 498, LR: 0.000058, Loss: 0.1905418, Validation MAE: 2.1605656, Test MAE: 2.6205554, Test MAE norm: 0.2093195
Epoch: 504, LR: 0.000058, Loss: 0.1906048, Validation MAE: 2.1602623, Test MAE: 2.6203382, Test MAE norm: 0.2093022
Epoch: 510, LR: 0.000052, Loss: 0.1906254, Validation MAE: 2.1598225, Test MAE: 2.6205912, Test MAE norm: 0.2093224
Epoch: 520, LR: 0.000047, Loss: 0.1904696, Validation MAE: 2.1597271, Test MAE: 2.6201119, Test MAE norm: 0.2092841
Epoch: 529, LR: 0.000042, Loss: 0.1905706, Validation MAE: 2.1596110, Test MAE: 2.6191878, Test MAE norm: 0.2092103
Epoch: 534, LR: 0.000042, Loss: 0.1903838, Validation MAE: 2.1592669, Test MAE: 2.6197586, Test MAE norm: 0.2092559
Epoch: 535, LR: 0.000042, Loss: 0.1904474, Validation MAE: 2.1581500, Test MAE: 2.6200252, Test MAE norm: 0.2092772
Epoch: 545, LR: 0.000038, Loss: 0.1903796, Validation MAE: 2.1618726, Test MAE: 2.6204779, Test MAE norm: 0.2093133
Epoch: 547, LR: 0.000038, Loss: 0.1904131, Validation MAE: 2.1606548, Test MAE: 2.6200197, Test MAE norm: 0.2092768
Epoch: 549, LR: 0.000038, Loss: 0.1903476, Validation MAE: 2.1606481, Test MAE: 2.6195333, Test MAE norm: 0.2092379
Epoch: 559, LR: 0.000034, Loss: 0.1903051, Validation MAE: 2.1612823, Test MAE: 2.6188719, Test MAE norm: 0.2091851
Epoch: 564, LR: 0.000031, Loss: 0.1903722, Validation MAE: 2.1600399, Test MAE: 2.6193383, Test MAE norm: 0.2092223
Epoch: 566, LR: 0.000031, Loss: 0.1904217, Validation MAE: 2.1600392, Test MAE: 2.6194618, Test MAE norm: 0.2092322
Epoch: 571, LR: 0.000031, Loss: 0.1904901, Validation MAE: 2.1594467, Test MAE: 2.6190882, Test MAE norm: 0.2092023
Epoch: 572, LR: 0.000028, Loss: 0.1904142, Validation MAE: 2.1585417, Test MAE: 2.6184886, Test MAE norm: 0.2091545
Epoch: 579, LR: 0.000028, Loss: 0.1904986, Validation MAE: 2.1570230, Test MAE: 2.6191380, Test MAE norm: 0.2092063
Epoch: 589, LR: 0.000025, Loss: 0.1903526, Validation MAE: 2.1603456, Test MAE: 2.6199605, Test MAE norm: 0.2092720
Epoch: 595, LR: 0.000023, Loss: 0.1903408, Validation MAE: 2.1581733, Test MAE: 2.6191969, Test MAE norm: 0.2092110
Epoch: 596, LR: 0.000023, Loss: 0.1903096, Validation MAE: 2.1569498, Test MAE: 2.6183956, Test MAE norm: 0.2091470
Epoch: 603, LR: 0.000023, Loss: 0.1902472, Validation MAE: 2.1564918, Test MAE: 2.6180909, Test MAE norm: 0.2091227
Epoch: 604, LR: 0.000023, Loss: 0.1903853, Validation MAE: 2.1553454, Test MAE: 2.6172204, Test MAE norm: 0.2090532
Epoch: 614, LR: 0.000020, Loss: 0.1903007, Validation MAE: 2.1589136, Test MAE: 2.6189556, Test MAE norm: 0.2091918
Epoch: 624, LR: 0.000018, Loss: 0.1902144, Validation MAE: 2.1605871, Test MAE: 2.6190553, Test MAE norm: 0.2091997
Epoch: 625, LR: 0.000018, Loss: 0.1902123, Validation MAE: 2.1602798, Test MAE: 2.6186969, Test MAE norm: 0.2091711
Epoch: 631, LR: 0.000016, Loss: 0.1902797, Validation MAE: 2.1595435, Test MAE: 2.6192391, Test MAE norm: 0.2092144
Epoch: 641, LR: 0.000015, Loss: 0.1901975, Validation MAE: 2.1617436, Test MAE: 2.6194952, Test MAE norm: 0.2092348
Epoch: 642, LR: 0.000015, Loss: 0.1902839, Validation MAE: 2.1612720, Test MAE: 2.6193511, Test MAE norm: 0.2092233
Epoch: 643, LR: 0.000015, Loss: 0.1902961, Validation MAE: 2.1599405, Test MAE: 2.6191378, Test MAE norm: 0.2092063
Epoch: 644, LR: 0.000015, Loss: 0.1902601, Validation MAE: 2.1586053, Test MAE: 2.6184633, Test MAE norm: 0.2091524
Epoch: 654, LR: 0.000013, Loss: 0.1902184, Validation MAE: 2.1578016, Test MAE: 2.6184883, Test MAE norm: 0.2091544
Epoch: 664, LR: 0.000012, Loss: 0.1902173, Validation MAE: 2.1606195, Test MAE: 2.6192980, Test MAE norm: 0.2092191
Epoch: 667, LR: 0.000012, Loss: 0.1902572, Validation MAE: 2.1605031, Test MAE: 2.6192341, Test MAE norm: 0.2092140
Epoch: 670, LR: 0.000012, Loss: 0.1902186, Validation MAE: 2.1599491, Test MAE: 2.6188653, Test MAE norm: 0.2091845
Epoch: 671, LR: 0.000011, Loss: 0.1902166, Validation MAE: 2.1592767, Test MAE: 2.6191702, Test MAE norm: 0.2092089
Epoch: 678, LR: 0.000011, Loss: 0.1901582, Validation MAE: 2.1591043, Test MAE: 2.6189001, Test MAE norm: 0.2091873
Epoch: 679, LR: 0.000011, Loss: 0.1901910, Validation MAE: 2.1580346, Test MAE: 2.6183743, Test MAE norm: 0.2091453
Epoch: 680, LR: 0.000011, Loss: 0.1901877, Validation MAE: 2.1579297, Test MAE: 2.6184852, Test MAE norm: 0.2091542
Epoch: 690, LR: 0.000010, Loss: 0.1901924, Validation MAE: 2.1595809, Test MAE: 2.6186981, Test MAE norm: 0.2091712
Epoch: 692, LR: 0.000010, Loss: 0.1901979, Validation MAE: 2.1593523, Test MAE: 2.6186025, Test MAE norm: 0.2091635
Epoch: 698, LR: 0.000010, Loss: 0.1901742, Validation MAE: 2.1587453, Test MAE: 2.6181438, Test MAE norm: 0.2091269
Epoch: 699, LR: 0.000010, Loss: 0.1901979, Validation MAE: 2.1574218, Test MAE: 2.6179345, Test MAE norm: 0.2091102
Epoch: 709, LR: 0.000010, Loss: 0.1901498, Validation MAE: 2.1608093, Test MAE: 2.6187458, Test MAE norm: 0.2091750
Epoch: 710, LR: 0.000010, Loss: 0.1901680, Validation MAE: 2.1606402, Test MAE: 2.6187050, Test MAE norm: 0.2091717
Epoch: 711, LR: 0.000010, Loss: 0.1901517, Validation MAE: 2.1605673, Test MAE: 2.6185629, Test MAE norm: 0.2091604
Epoch: 712, LR: 0.000010, Loss: 0.1902092, Validation MAE: 2.1591895, Test MAE: 2.6176722, Test MAE norm: 0.2090892
Epoch: 713, LR: 0.000010, Loss: 0.1902386, Validation MAE: 2.1581457, Test MAE: 2.6176717, Test MAE norm: 0.2090892
Epoch: 714, LR: 0.000010, Loss: 0.1902273, Validation MAE: 2.1576715, Test MAE: 2.6177981, Test MAE norm: 0.2090993
Epoch: 721, LR: 0.000010, Loss: 0.1902153, Validation MAE: 2.1572578, Test MAE: 2.6175296, Test MAE norm: 0.2090778
Epoch: 731, LR: 0.000010, Loss: 0.1901449, Validation MAE: 2.1592133, Test MAE: 2.6185570, Test MAE norm: 0.2091599
Epoch: 736, LR: 0.000010, Loss: 0.1901349, Validation MAE: 2.1584499, Test MAE: 2.6179497, Test MAE norm: 0.2091114
Epoch: 737, LR: 0.000010, Loss: 0.1901578, Validation MAE: 2.1584067, Test MAE: 2.6182375, Test MAE norm: 0.2091344
Epoch: 747, LR: 0.000010, Loss: 0.1901512, Validation MAE: 2.1583400, Test MAE: 2.6180868, Test MAE norm: 0.2091224
Epoch: 757, LR: 0.000010, Loss: 0.1901295, Validation MAE: 2.1572354, Test MAE: 2.6179471, Test MAE norm: 0.2091112
Epoch: 767, LR: 0.000010, Loss: 0.1901030, Validation MAE: 2.1590648, Test MAE: 2.6184251, Test MAE norm: 0.2091494
Epoch: 772, LR: 0.000010, Loss: 0.1901142, Validation MAE: 2.1582239, Test MAE: 2.6184134, Test MAE norm: 0.2091485
Epoch: 773, LR: 0.000010, Loss: 0.1901224, Validation MAE: 2.1576915, Test MAE: 2.6181712, Test MAE norm: 0.2091291
Epoch: 783, LR: 0.000010, Loss: 0.1901040, Validation MAE: 2.1582103, Test MAE: 2.6179147, Test MAE norm: 0.2091086
Epoch: 788, LR: 0.000010, Loss: 0.1901249, Validation MAE: 2.1577017, Test MAE: 2.6175694, Test MAE norm: 0.2090810
Epoch: 789, LR: 0.000010, Loss: 0.1901608, Validation MAE: 2.1562841, Test MAE: 2.6176882, Test MAE norm: 0.2090905
Epoch: 799, LR: 0.000010, Loss: 0.1901141, Validation MAE: 2.1576414, Test MAE: 2.6183162, Test MAE norm: 0.2091407
Epoch: 804, LR: 0.000010, Loss: 0.1901131, Validation MAE: 2.1572480, Test MAE: 2.6178439, Test MAE norm: 0.2091030
Epoch: 814, LR: 0.000010, Loss: 0.1901430, Validation MAE: 2.1583633, Test MAE: 2.6176183, Test MAE norm: 0.2090849
Epoch: 824, LR: 0.000010, Loss: 0.1901887, Validation MAE: 2.1587565, Test MAE: 2.6182072, Test MAE norm: 0.2091320
Epoch: 829, LR: 0.000010, Loss: 0.1902432, Validation MAE: 2.1584680, Test MAE: 2.6182973, Test MAE norm: 0.2091392
Epoch: 830, LR: 0.000010, Loss: 0.1901686, Validation MAE: 2.1584551, Test MAE: 2.6184030, Test MAE norm: 0.2091476
Epoch: 835, LR: 0.000010, Loss: 0.1902331, Validation MAE: 2.1582770, Test MAE: 2.6175904, Test MAE norm: 0.2090827
Epoch: 836, LR: 0.000010, Loss: 0.1902215, Validation MAE: 2.1573274, Test MAE: 2.6178479, Test MAE norm: 0.2091033
Epoch: 842, LR: 0.000010, Loss: 0.1900564, Validation MAE: 2.1571300, Test MAE: 2.6177046, Test MAE norm: 0.2090918
Epoch: 843, LR: 0.000010, Loss: 0.1900885, Validation MAE: 2.1566873, Test MAE: 2.6172986, Test MAE norm: 0.2090594
Epoch: 850, LR: 0.000010, Loss: 0.1900778, Validation MAE: 2.1566856, Test MAE: 2.6175892, Test MAE norm: 0.2090826
Epoch: 860, LR: 0.000010, Loss: 0.1900545, Validation MAE: 2.1577442, Test MAE: 2.6176999, Test MAE norm: 0.2090915
Epoch: 865, LR: 0.000010, Loss: 0.1900697, Validation MAE: 2.1574080, Test MAE: 2.6175475, Test MAE norm: 0.2090793
Epoch: 872, LR: 0.000010, Loss: 0.1900916, Validation MAE: 2.1564846, Test MAE: 2.6172383, Test MAE norm: 0.2090546
Epoch: 879, LR: 0.000010, Loss: 0.1900561, Validation MAE: 2.1563525, Test MAE: 2.6171629, Test MAE norm: 0.2090486
Epoch: 889, LR: 0.000010, Loss: 0.1900854, Validation MAE: 2.1558096, Test MAE: 2.6166587, Test MAE norm: 0.2090083
Epoch: 899, LR: 0.000010, Loss: 0.1900194, Validation MAE: 2.1580594, Test MAE: 2.6175010, Test MAE norm: 0.2090756
Epoch: 900, LR: 0.000010, Loss: 0.1900341, Validation MAE: 2.1579058, Test MAE: 2.6175358, Test MAE norm: 0.2090784
Epoch: 906, LR: 0.000010, Loss: 0.1900648, Validation MAE: 2.1576593, Test MAE: 2.6175065, Test MAE norm: 0.2090760
Epoch: 910, LR: 0.000010, Loss: 0.1900185, Validation MAE: 2.1567504, Test MAE: 2.6172829, Test MAE norm: 0.2090582
Epoch: 920, LR: 0.000010, Loss: 0.1900117, Validation MAE: 2.1594458, Test MAE: 2.6178336, Test MAE norm: 0.2091021
Epoch: 922, LR: 0.000010, Loss: 0.1900612, Validation MAE: 2.1590178, Test MAE: 2.6175776, Test MAE norm: 0.2090817
Epoch: 923, LR: 0.000010, Loss: 0.1900124, Validation MAE: 2.1572847, Test MAE: 2.6169887, Test MAE norm: 0.2090347
Epoch: 924, LR: 0.000010, Loss: 0.1900176, Validation MAE: 2.1562498, Test MAE: 2.6168964, Test MAE norm: 0.2090273
Epoch: 934, LR: 0.000010, Loss: 0.1900147, Validation MAE: 2.1577547, Test MAE: 2.6172783, Test MAE norm: 0.2090578
Epoch: 935, LR: 0.000010, Loss: 0.1899992, Validation MAE: 2.1566355, Test MAE: 2.6169162, Test MAE norm: 0.2090289
Epoch: 936, LR: 0.000010, Loss: 0.1900041, Validation MAE: 2.1564186, Test MAE: 2.6168394, Test MAE norm: 0.2090227
Epoch: 946, LR: 0.000010, Loss: 0.1900943, Validation MAE: 2.1585658, Test MAE: 2.6171386, Test MAE norm: 0.2090466
Epoch: 947, LR: 0.000010, Loss: 0.1900426, Validation MAE: 2.1561992, Test MAE: 2.6165237, Test MAE norm: 0.2089975
Epoch: 957, LR: 0.000010, Loss: 0.1899856, Validation MAE: 2.1571081, Test MAE: 2.6163979, Test MAE norm: 0.2089875
Epoch: 958, LR: 0.000010, Loss: 0.1900391, Validation MAE: 2.1559801, Test MAE: 2.6159501, Test MAE norm: 0.2089517
Epoch: 968, LR: 0.000010, Loss: 0.1899891, Validation MAE: 2.1591296, Test MAE: 2.6174333, Test MAE norm: 0.2090702
Epoch: 969, LR: 0.000010, Loss: 0.1900141, Validation MAE: 2.1575539, Test MAE: 2.6170683, Test MAE norm: 0.2090410
Epoch: 970, LR: 0.000010, Loss: 0.1899782, Validation MAE: 2.1572492, Test MAE: 2.6167154, Test MAE norm: 0.2090128
Epoch: 973, LR: 0.000010, Loss: 0.1899586, Validation MAE: 2.1563463, Test MAE: 2.6165876, Test MAE norm: 0.2090026
Epoch: 974, LR: 0.000010, Loss: 0.1900012, Validation MAE: 2.1561716, Test MAE: 2.6165016, Test MAE norm: 0.2089957
Epoch: 984, LR: 0.000010, Loss: 0.1899902, Validation MAE: 2.1560686, Test MAE: 2.6166756, Test MAE norm: 0.2090096
Epoch: 994, LR: 0.000010, Loss: 0.1899724, Validation MAE: 2.1571186, Test MAE: 2.6170597, Test MAE norm: 0.2090403
Epoch: 998, LR: 0.000010, Loss: 0.1899427, Validation MAE: 2.1562541, Test MAE: 2.6167743, Test MAE norm: 0.2090175
Epoch: 1008, LR: 0.000010, Loss: 0.1899416, Validation MAE: 2.1567669, Test MAE: 2.6165509, Test MAE norm: 0.2089997
Epoch: 1014, LR: 0.000010, Loss: 0.1900543, Validation MAE: 2.1555195, Test MAE: 2.6156850, Test MAE norm: 0.2089305
Epoch: 1024, LR: 0.000010, Loss: 0.1899899, Validation MAE: 2.1583431, Test MAE: 2.6166320, Test MAE norm: 0.2090062
Epoch: 1025, LR: 0.000010, Loss: 0.1899423, Validation MAE: 2.1580622, Test MAE: 2.6167078, Test MAE norm: 0.2090122
Epoch: 1026, LR: 0.000010, Loss: 0.1899950, Validation MAE: 2.1567588, Test MAE: 2.6158817, Test MAE norm: 0.2089462
Epoch: 1027, LR: 0.000010, Loss: 0.1900356, Validation MAE: 2.1559277, Test MAE: 2.6156209, Test MAE norm: 0.2089254
Epoch: 1037, LR: 0.000010, Loss: 0.1899867, Validation MAE: 2.1587265, Test MAE: 2.6168575, Test MAE norm: 0.2090242
Epoch: 1038, LR: 0.000010, Loss: 0.1900007, Validation MAE: 2.1573033, Test MAE: 2.6167281, Test MAE norm: 0.2090138
Epoch: 1039, LR: 0.000010, Loss: 0.1899301, Validation MAE: 2.1565492, Test MAE: 2.6162629, Test MAE norm: 0.2089767
Epoch: 1046, LR: 0.000010, Loss: 0.1899451, Validation MAE: 2.1564240, Test MAE: 2.6163399, Test MAE norm: 0.2089828
Epoch: 1049, LR: 0.000010, Loss: 0.1899969, Validation MAE: 2.1558421, Test MAE: 2.6161466, Test MAE norm: 0.2089674
Epoch: 1059, LR: 0.000010, Loss: 0.1899377, Validation MAE: 2.1575696, Test MAE: 2.6166086, Test MAE norm: 0.2090043
Epoch: 1060, LR: 0.000010, Loss: 0.1899458, Validation MAE: 2.1573653, Test MAE: 2.6165786, Test MAE norm: 0.2090019
Epoch: 1061, LR: 0.000010, Loss: 0.1899208, Validation MAE: 2.1567414, Test MAE: 2.6163256, Test MAE norm: 0.2089817
Epoch: 1062, LR: 0.000010, Loss: 0.1899621, Validation MAE: 2.1566825, Test MAE: 2.6162302, Test MAE norm: 0.2089741
Epoch: 1063, LR: 0.000010, Loss: 0.1899590, Validation MAE: 2.1565504, Test MAE: 2.6161346, Test MAE norm: 0.2089664
Epoch: 1069, LR: 0.000010, Loss: 0.1899301, Validation MAE: 2.1563399, Test MAE: 2.6161175, Test MAE norm: 0.2089651
Epoch: 1075, LR: 0.000010, Loss: 0.1898988, Validation MAE: 2.1559365, Test MAE: 2.6158586, Test MAE norm: 0.2089444
Epoch: 1080, LR: 0.000010, Loss: 0.1899246, Validation MAE: 2.1556482, Test MAE: 2.6159482, Test MAE norm: 0.2089515
Epoch: 1090, LR: 0.000010, Loss: 0.1899061, Validation MAE: 2.1582670, Test MAE: 2.6166022, Test MAE norm: 0.2090038
Epoch: 1092, LR: 0.000010, Loss: 0.1899509, Validation MAE: 2.1574068, Test MAE: 2.6164982, Test MAE norm: 0.2089955
Epoch: 1093, LR: 0.000010, Loss: 0.1899195, Validation MAE: 2.1558135, Test MAE: 2.6160388, Test MAE norm: 0.2089588
Epoch: 1094, LR: 0.000010, Loss: 0.1899166, Validation MAE: 2.1555965, Test MAE: 2.6153712, Test MAE norm: 0.2089055
Epoch: 1100, LR: 0.000010, Loss: 0.1898824, Validation MAE: 2.1555121, Test MAE: 2.6157868, Test MAE norm: 0.2089386
Epoch: 1101, LR: 0.000010, Loss: 0.1899057, Validation MAE: 2.1552918, Test MAE: 2.6157639, Test MAE norm: 0.2089368
Epoch: 1111, LR: 0.000010, Loss: 0.1899287, Validation MAE: 2.1573017, Test MAE: 2.6158793, Test MAE norm: 0.2089460
Epoch: 1112, LR: 0.000010, Loss: 0.1898984, Validation MAE: 2.1566370, Test MAE: 2.6157854, Test MAE norm: 0.2089385
Epoch: 1113, LR: 0.000010, Loss: 0.1899225, Validation MAE: 2.1561141, Test MAE: 2.6153827, Test MAE norm: 0.2089064
Epoch: 1123, LR: 0.000010, Loss: 0.1899221, Validation MAE: 2.1585710, Test MAE: 2.6163626, Test MAE norm: 0.2089846
Epoch: 1126, LR: 0.000010, Loss: 0.1900020, Validation MAE: 2.1560583, Test MAE: 2.6157064, Test MAE norm: 0.2089322
Epoch: 1127, LR: 0.000010, Loss: 0.1899498, Validation MAE: 2.1551263, Test MAE: 2.6159089, Test MAE norm: 0.2089484
Epoch: 1132, LR: 0.000010, Loss: 0.1899593, Validation MAE: 2.1546998, Test MAE: 2.6154540, Test MAE norm: 0.2089121
Epoch: 1142, LR: 0.000010, Loss: 0.1899444, Validation MAE: 2.1594834, Test MAE: 2.6168125, Test MAE norm: 0.2090206
Epoch: 1143, LR: 0.000010, Loss: 0.1899643, Validation MAE: 2.1577241, Test MAE: 2.6159902, Test MAE norm: 0.2089549
Epoch: 1144, LR: 0.000010, Loss: 0.1899079, Validation MAE: 2.1550858, Test MAE: 2.6152346, Test MAE norm: 0.2088945
Epoch: 1145, LR: 0.000010, Loss: 0.1898912, Validation MAE: 2.1540451, Test MAE: 2.6148608, Test MAE norm: 0.2088647
Epoch: 1155, LR: 0.000010, Loss: 0.1898596, Validation MAE: 2.1561537, Test MAE: 2.6155536, Test MAE norm: 0.2089200
Epoch: 1159, LR: 0.000010, Loss: 0.1898188, Validation MAE: 2.1550441, Test MAE: 2.6153781, Test MAE norm: 0.2089060
Epoch: 1160, LR: 0.000010, Loss: 0.1898657, Validation MAE: 2.1546535, Test MAE: 2.6153316, Test MAE norm: 0.2089023
Epoch: 1166, LR: 0.000010, Loss: 0.1898897, Validation MAE: 2.1538124, Test MAE: 2.6147504, Test MAE norm: 0.2088559
Epoch: 1176, LR: 0.000010, Loss: 0.1898714, Validation MAE: 2.1571681, Test MAE: 2.6152806, Test MAE norm: 0.2088982
Epoch: 1177, LR: 0.000010, Loss: 0.1898867, Validation MAE: 2.1557500, Test MAE: 2.6147799, Test MAE norm: 0.2088582
Epoch: 1178, LR: 0.000010, Loss: 0.1898986, Validation MAE: 2.1544626, Test MAE: 2.6145096, Test MAE norm: 0.2088366
Epoch: 1185, LR: 0.000010, Loss: 0.1898651, Validation MAE: 2.1542678, Test MAE: 2.6146061, Test MAE norm: 0.2088443
Epoch: 1195, LR: 0.000010, Loss: 0.1898334, Validation MAE: 2.1567028, Test MAE: 2.6152382, Test MAE norm: 0.2088948
Epoch: 1196, LR: 0.000010, Loss: 0.1898325, Validation MAE: 2.1563947, Test MAE: 2.6155274, Test MAE norm: 0.2089179
Epoch: 1197, LR: 0.000010, Loss: 0.1898319, Validation MAE: 2.1561661, Test MAE: 2.6153786, Test MAE norm: 0.2089060
Epoch: 1200, LR: 0.000010, Loss: 0.1898303, Validation MAE: 2.1552453, Test MAE: 2.6151860, Test MAE norm: 0.2088906
Epoch: 1210, LR: 0.000010, Loss: 0.1898830, Validation MAE: 2.1564233, Test MAE: 2.6154459, Test MAE norm: 0.2089114
Epoch: 1211, LR: 0.000010, Loss: 0.1898410, Validation MAE: 2.1540701, Test MAE: 2.6152031, Test MAE norm: 0.2088920
Epoch: 1218, LR: 0.000010, Loss: 0.1898592, Validation MAE: 2.1536336, Test MAE: 2.6146524, Test MAE norm: 0.2088480
Epoch: 1219, LR: 0.000010, Loss: 0.1898150, Validation MAE: 2.1534688, Test MAE: 2.6142251, Test MAE norm: 0.2088139
Epoch: 1229, LR: 0.000010, Loss: 0.1898557, Validation MAE: 2.1578999, Test MAE: 2.6153722, Test MAE norm: 0.2089055
Epoch: 1230, LR: 0.000010, Loss: 0.1898597, Validation MAE: 2.1572621, Test MAE: 2.6153994, Test MAE norm: 0.2089077
Epoch: 1231, LR: 0.000010, Loss: 0.1898218, Validation MAE: 2.1559563, Test MAE: 2.6149185, Test MAE norm: 0.2088693
Epoch: 1232, LR: 0.000010, Loss: 0.1898472, Validation MAE: 2.1542041, Test MAE: 2.6141858, Test MAE norm: 0.2088108
Epoch: 1233, LR: 0.000010, Loss: 0.1898734, Validation MAE: 2.1541097, Test MAE: 2.6140418, Test MAE norm: 0.2087993
Epoch: 1243, LR: 0.000010, Loss: 0.1898371, Validation MAE: 2.1572258, Test MAE: 2.6154525, Test MAE norm: 0.2089119
Epoch: 1245, LR: 0.000010, Loss: 0.1898412, Validation MAE: 2.1565883, Test MAE: 2.6148393, Test MAE norm: 0.2088630
Epoch: 1246, LR: 0.000010, Loss: 0.1898513, Validation MAE: 2.1541269, Test MAE: 2.6141057, Test MAE norm: 0.2088044
Epoch: 1247, LR: 0.000010, Loss: 0.1898209, Validation MAE: 2.1529541, Test MAE: 2.6137104, Test MAE norm: 0.2087728
Epoch: 1257, LR: 0.000010, Loss: 0.1899118, Validation MAE: 2.1541665, Test MAE: 2.6139672, Test MAE norm: 0.2087933
Epoch: 1263, LR: 0.000010, Loss: 0.1898553, Validation MAE: 2.1540818, Test MAE: 2.6139872, Test MAE norm: 0.2087949
Epoch: 1273, LR: 0.000010, Loss: 0.1897633, Validation MAE: 2.1563456, Test MAE: 2.6146986, Test MAE norm: 0.2088517
Epoch: 1274, LR: 0.000010, Loss: 0.1897943, Validation MAE: 2.1548090, Test MAE: 2.6142015, Test MAE norm: 0.2088120
Epoch: 1284, LR: 0.000010, Loss: 0.1898209, Validation MAE: 2.1539795, Test MAE: 2.6142426, Test MAE norm: 0.2088153
Epoch: 1290, LR: 0.000010, Loss: 0.1897601, Validation MAE: 2.1536398, Test MAE: 2.6141768, Test MAE norm: 0.2088100
Epoch: 1300, LR: 0.000010, Loss: 0.1897631, Validation MAE: 2.1570168, Test MAE: 2.6147554, Test MAE norm: 0.2088563
Epoch: 1303, LR: 0.000010, Loss: 0.1898224, Validation MAE: 2.1557031, Test MAE: 2.6141269, Test MAE norm: 0.2088061
Epoch: 1304, LR: 0.000010, Loss: 0.1897506, Validation MAE: 2.1543159, Test MAE: 2.6134377, Test MAE norm: 0.2087510
Epoch: 1305, LR: 0.000010, Loss: 0.1897816, Validation MAE: 2.1531684, Test MAE: 2.6133478, Test MAE norm: 0.2087438
Epoch: 1315, LR: 0.000010, Loss: 0.1897926, Validation MAE: 2.1559017, Test MAE: 2.6137753, Test MAE norm: 0.2087780
Epoch: 1321, LR: 0.000010, Loss: 0.1897545, Validation MAE: 2.1547711, Test MAE: 2.6138144, Test MAE norm: 0.2087811
Epoch: 1326, LR: 0.000010, Loss: 0.1897410, Validation MAE: 2.1532848, Test MAE: 2.6132886, Test MAE norm: 0.2087391
Epoch: 1334, LR: 0.000010, Loss: 0.1897967, Validation MAE: 2.1529815, Test MAE: 2.6130455, Test MAE norm: 0.2087197
Epoch: 1344, LR: 0.000010, Loss: 0.1898332, Validation MAE: 2.1579750, Test MAE: 2.6148152, Test MAE norm: 0.2088610
Epoch: 1346, LR: 0.000010, Loss: 0.1897216, Validation MAE: 2.1574562, Test MAE: 2.6144483, Test MAE norm: 0.2088317
Epoch: 1347, LR: 0.000010, Loss: 0.1897505, Validation MAE: 2.1547072, Test MAE: 2.6139348, Test MAE norm: 0.2087907
Epoch: 1348, LR: 0.000010, Loss: 0.1896931, Validation MAE: 2.1532149, Test MAE: 2.6133552, Test MAE norm: 0.2087444
Epoch: 1349, LR: 0.000010, Loss: 0.1897513, Validation MAE: 2.1516728, Test MAE: 2.6130536, Test MAE norm: 0.2087203
Epoch: 1359, LR: 0.000010, Loss: 0.1898709, Validation MAE: 2.1559694, Test MAE: 2.6139300, Test MAE norm: 0.2087903
Epoch: 1364, LR: 0.000010, Loss: 0.1898058, Validation MAE: 2.1549423, Test MAE: 2.6134114, Test MAE norm: 0.2087489
Epoch: 1370, LR: 0.000010, Loss: 0.1897923, Validation MAE: 2.1543918, Test MAE: 2.6137311, Test MAE norm: 0.2087744
Epoch: 1371, LR: 0.000010, Loss: 0.1896988, Validation MAE: 2.1537621, Test MAE: 2.6131878, Test MAE norm: 0.2087310
Epoch: 1381, LR: 0.000010, Loss: 0.1897813, Validation MAE: 2.1573420, Test MAE: 2.6144953, Test MAE norm: 0.2088355
Epoch: 1382, LR: 0.000010, Loss: 0.1897431, Validation MAE: 2.1553688, Test MAE: 2.6142538, Test MAE norm: 0.2088162
Epoch: 1383, LR: 0.000010, Loss: 0.1896804, Validation MAE: 2.1541793, Test MAE: 2.6134675, Test MAE norm: 0.2087534
Epoch: 1384, LR: 0.000010, Loss: 0.1896987, Validation MAE: 2.1529644, Test MAE: 2.6132462, Test MAE norm: 0.2087357
Epoch: 1394, LR: 0.000010, Loss: 0.1896990, Validation MAE: 2.1551769, Test MAE: 2.6139348, Test MAE norm: 0.2087907
Epoch: 1395, LR: 0.000010, Loss: 0.1897098, Validation MAE: 2.1540215, Test MAE: 2.6138341, Test MAE norm: 0.2087827
Epoch: 1400, LR: 0.000010, Loss: 0.1897035, Validation MAE: 2.1529877, Test MAE: 2.6132712, Test MAE norm: 0.2087377
Epoch: 1401, LR: 0.000010, Loss: 0.1897071, Validation MAE: 2.1528220, Test MAE: 2.6132889, Test MAE norm: 0.2087391
Epoch: 1411, LR: 0.000010, Loss: 0.1896897, Validation MAE: 2.1557984, Test MAE: 2.6140993, Test MAE norm: 0.2088038
Epoch: 1412, LR: 0.000010, Loss: 0.1896655, Validation MAE: 2.1545827, Test MAE: 2.6134963, Test MAE norm: 0.2087557
Epoch: 1413, LR: 0.000010, Loss: 0.1896652, Validation MAE: 2.1544571, Test MAE: 2.6135042, Test MAE norm: 0.2087563
Epoch: 1418, LR: 0.000010, Loss: 0.1897187, Validation MAE: 2.1541696, Test MAE: 2.6138060, Test MAE norm: 0.2087804
Epoch: 1422, LR: 0.000010, Loss: 0.1896740, Validation MAE: 2.1540351, Test MAE: 2.6137819, Test MAE norm: 0.2087785
Epoch: 1425, LR: 0.000010, Loss: 0.1896531, Validation MAE: 2.1540210, Test MAE: 2.6137161, Test MAE norm: 0.2087733
Epoch: 1426, LR: 0.000010, Loss: 0.1896834, Validation MAE: 2.1533642, Test MAE: 2.6137002, Test MAE norm: 0.2087720
Epoch: 1436, LR: 0.000010, Loss: 0.1896458, Validation MAE: 2.1541162, Test MAE: 2.6139169, Test MAE norm: 0.2087893
Epoch: 1443, LR: 0.000010, Loss: 0.1896986, Validation MAE: 2.1534443, Test MAE: 2.6128738, Test MAE norm: 0.2087060
Epoch: 1444, LR: 0.000010, Loss: 0.1897064, Validation MAE: 2.1520894, Test MAE: 2.6134036, Test MAE norm: 0.2087483
Epoch: 1454, LR: 0.000010, Loss: 0.1896711, Validation MAE: 2.1541293, Test MAE: 2.6139143, Test MAE norm: 0.2087891
Epoch: 1458, LR: 0.000010, Loss: 0.1896519, Validation MAE: 2.1532300, Test MAE: 2.6139100, Test MAE norm: 0.2087887
Epoch: 1464, LR: 0.000010, Loss: 0.1896377, Validation MAE: 2.1529593, Test MAE: 2.6138465, Test MAE norm: 0.2087837
Epoch: 1465, LR: 0.000010, Loss: 0.1896288, Validation MAE: 2.1528656, Test MAE: 2.6138341, Test MAE norm: 0.2087827
Epoch: 1470, LR: 0.000010, Loss: 0.1897236, Validation MAE: 2.1526916, Test MAE: 2.6138964, Test MAE norm: 0.2087876
Epoch: 1471, LR: 0.000010, Loss: 0.1896883, Validation MAE: 2.1520123, Test MAE: 2.6136398, Test MAE norm: 0.2087672
Epoch: 1481, LR: 0.000010, Loss: 0.1896637, Validation MAE: 2.1547456, Test MAE: 2.6145401, Test MAE norm: 0.2088391
Epoch: 1482, LR: 0.000010, Loss: 0.1896424, Validation MAE: 2.1544068, Test MAE: 2.6140988, Test MAE norm: 0.2088038
Epoch: 1483, LR: 0.000010, Loss: 0.1896845, Validation MAE: 2.1534586, Test MAE: 2.6138237, Test MAE norm: 0.2087818
Epoch: 1493, LR: 0.000010, Loss: 0.1895883, Validation MAE: 2.1551926, Test MAE: 2.6142786, Test MAE norm: 0.2088182
Epoch: 1494, LR: 0.000010, Loss: 0.1896446, Validation MAE: 2.1544392, Test MAE: 2.6139069, Test MAE norm: 0.2087885
Epoch: 1495, LR: 0.000010, Loss: 0.1896381, Validation MAE: 2.1537850, Test MAE: 2.6136045, Test MAE norm: 0.2087643
Epoch: 1499, LR: 0.000010, Loss: 0.1896239, Validation MAE: 2.1534691, Test MAE: 2.6133735, Test MAE norm: 0.2087459
Epoch: 1500, LR: 0.000010, Loss: 0.1896192, Validation MAE: 2.1534641, Test MAE: 2.6131704, Test MAE norm: 0.2087297
Epoch: 1505, LR: 0.000010, Loss: 0.1896417, Validation MAE: 2.1523330, Test MAE: 2.6130798, Test MAE norm: 0.2087224
Epoch: 1515, LR: 0.000010, Loss: 0.1895897, Validation MAE: 2.1534133, Test MAE: 2.6136389, Test MAE norm: 0.2087671
Epoch: 1516, LR: 0.000010, Loss: 0.1896371, Validation MAE: 2.1528480, Test MAE: 2.6136787, Test MAE norm: 0.2087703
Epoch: 1517, LR: 0.000010, Loss: 0.1896468, Validation MAE: 2.1526332, Test MAE: 2.6139040, Test MAE norm: 0.2087883
Epoch: 1521, LR: 0.000010, Loss: 0.1896293, Validation MAE: 2.1520007, Test MAE: 2.6136785, Test MAE norm: 0.2087702
Epoch: 1522, LR: 0.000010, Loss: 0.1896452, Validation MAE: 2.1513226, Test MAE: 2.6134274, Test MAE norm: 0.2087502
Epoch: 1532, LR: 0.000010, Loss: 0.1896467, Validation MAE: 2.1547530, Test MAE: 2.6140676, Test MAE norm: 0.2088013
Epoch: 1533, LR: 0.000010, Loss: 0.1895840, Validation MAE: 2.1530926, Test MAE: 2.6134655, Test MAE norm: 0.2087532
Epoch: 1534, LR: 0.000010, Loss: 0.1896366, Validation MAE: 2.1521413, Test MAE: 2.6128070, Test MAE norm: 0.2087006
Epoch: 1544, LR: 0.000010, Loss: 0.1896076, Validation MAE: 2.1544254, Test MAE: 2.6140597, Test MAE norm: 0.2088007
Epoch: 1545, LR: 0.000010, Loss: 0.1896173, Validation MAE: 2.1538124, Test MAE: 2.6138122, Test MAE norm: 0.2087809
Epoch: 1548, LR: 0.000010, Loss: 0.1896066, Validation MAE: 2.1519239, Test MAE: 2.6137283, Test MAE norm: 0.2087742
Epoch: 1558, LR: 0.000010, Loss: 0.1895977, Validation MAE: 2.1544375, Test MAE: 2.6151156, Test MAE norm: 0.2088850
Epoch: 1559, LR: 0.000010, Loss: 0.1895807, Validation MAE: 2.1529009, Test MAE: 2.6142340, Test MAE norm: 0.2088146
Epoch: 1569, LR: 0.000010, Loss: 0.1896444, Validation MAE: 2.1534224, Test MAE: 2.6138377, Test MAE norm: 0.2087830
Epoch: 1579, LR: 0.000010, Loss: 0.1896677, Validation MAE: 2.1542933, Test MAE: 2.6145432, Test MAE norm: 0.2088393
Epoch: 1580, LR: 0.000010, Loss: 0.1896011, Validation MAE: 2.1542675, Test MAE: 2.6143119, Test MAE norm: 0.2088208
Epoch: 1584, LR: 0.000010, Loss: 0.1895972, Validation MAE: 2.1538193, Test MAE: 2.6136882, Test MAE norm: 0.2087710
Epoch: 1589, LR: 0.000010, Loss: 0.1895575, Validation MAE: 2.1527901, Test MAE: 2.6139300, Test MAE norm: 0.2087903
Epoch: 1590, LR: 0.000010, Loss: 0.1896029, Validation MAE: 2.1511729, Test MAE: 2.6137416, Test MAE norm: 0.2087753
Epoch: 1598, LR: 0.000010, Loss: 0.1895499, Validation MAE: 2.1505680, Test MAE: 2.6136544, Test MAE norm: 0.2087683
Epoch: 1599, LR: 0.000010, Loss: 0.1895634, Validation MAE: 2.1502008, Test MAE: 2.6134562, Test MAE norm: 0.2087525
Epoch: 1609, LR: 0.000010, Loss: 0.1896259, Validation MAE: 2.1551397, Test MAE: 2.6141741, Test MAE norm: 0.2088098
Epoch: 1612, LR: 0.000010, Loss: 0.1895765, Validation MAE: 2.1545045, Test MAE: 2.6142459, Test MAE norm: 0.2088156
Epoch: 1613, LR: 0.000010, Loss: 0.1895376, Validation MAE: 2.1522577, Test MAE: 2.6137674, Test MAE norm: 0.2087773
Epoch: 1614, LR: 0.000010, Loss: 0.1895236, Validation MAE: 2.1510355, Test MAE: 2.6129696, Test MAE norm: 0.2087136
Epoch: 1624, LR: 0.000010, Loss: 0.1895454, Validation MAE: 2.1531460, Test MAE: 2.6138618, Test MAE norm: 0.2087849
Epoch: 1629, LR: 0.000010, Loss: 0.1895604, Validation MAE: 2.1517396, Test MAE: 2.6135747, Test MAE norm: 0.2087620
Epoch: 1634, LR: 0.000010, Loss: 0.1895658, Validation MAE: 2.1515746, Test MAE: 2.6137950, Test MAE norm: 0.2087796
Epoch: 1641, LR: 0.000010, Loss: 0.1895824, Validation MAE: 2.1513078, Test MAE: 2.6137645, Test MAE norm: 0.2087771
Epoch: 1642, LR: 0.000010, Loss: 0.1895458, Validation MAE: 2.1498032, Test MAE: 2.6132188, Test MAE norm: 0.2087335
Epoch: 1652, LR: 0.000010, Loss: 0.1895343, Validation MAE: 2.1531899, Test MAE: 2.6141229, Test MAE norm: 0.2088057
Epoch: 1657, LR: 0.000010, Loss: 0.1895356, Validation MAE: 2.1513274, Test MAE: 2.6133060, Test MAE norm: 0.2087405
Epoch: 1658, LR: 0.000010, Loss: 0.1895675, Validation MAE: 2.1502295, Test MAE: 2.6126230, Test MAE norm: 0.2086859
Epoch: 1668, LR: 0.000010, Loss: 0.1895009, Validation MAE: 2.1544092, Test MAE: 2.6142263, Test MAE norm: 0.2088140
Epoch: 1672, LR: 0.000010, Loss: 0.1896008, Validation MAE: 2.1520898, Test MAE: 2.6133454, Test MAE norm: 0.2087436
Epoch: 1673, LR: 0.000010, Loss: 0.1895934, Validation MAE: 2.1510565, Test MAE: 2.6133552, Test MAE norm: 0.2087444
Epoch: 1683, LR: 0.000010, Loss: 0.1895455, Validation MAE: 2.1538072, Test MAE: 2.6143494, Test MAE norm: 0.2088238
Epoch: 1688, LR: 0.000010, Loss: 0.1895623, Validation MAE: 2.1528325, Test MAE: 2.6133585, Test MAE norm: 0.2087447
Epoch: 1689, LR: 0.000010, Loss: 0.1896151, Validation MAE: 2.1513557, Test MAE: 2.6131039, Test MAE norm: 0.2087243
Epoch: 1690, LR: 0.000010, Loss: 0.1896231, Validation MAE: 2.1511846, Test MAE: 2.6135566, Test MAE norm: 0.2087605
Epoch: 1696, LR: 0.000010, Loss: 0.1895277, Validation MAE: 2.1510913, Test MAE: 2.6135337, Test MAE norm: 0.2087587
Epoch: 1697, LR: 0.000010, Loss: 0.1895236, Validation MAE: 2.1510491, Test MAE: 2.6137226, Test MAE norm: 0.2087738
Epoch: 1703, LR: 0.000010, Loss: 0.1895025, Validation MAE: 2.1503820, Test MAE: 2.6134796, Test MAE norm: 0.2087544
Epoch: 1704, LR: 0.000010, Loss: 0.1895139, Validation MAE: 2.1494892, Test MAE: 2.6137385, Test MAE norm: 0.2087750
Epoch: 1714, LR: 0.000010, Loss: 0.1894858, Validation MAE: 2.1552243, Test MAE: 2.6153948, Test MAE norm: 0.2089073
Epoch: 1716, LR: 0.000010, Loss: 0.1895409, Validation MAE: 2.1541672, Test MAE: 2.6141839, Test MAE norm: 0.2088106
Epoch: 1717, LR: 0.000010, Loss: 0.1895525, Validation MAE: 2.1517422, Test MAE: 2.6138635, Test MAE norm: 0.2087850
Epoch: 1718, LR: 0.000010, Loss: 0.1895257, Validation MAE: 2.1498494, Test MAE: 2.6135490, Test MAE norm: 0.2087599
Epoch: 1728, LR: 0.000010, Loss: 0.1894933, Validation MAE: 2.1544580, Test MAE: 2.6151083, Test MAE norm: 0.2088844
Epoch: 1729, LR: 0.000010, Loss: 0.1895643, Validation MAE: 2.1530817, Test MAE: 2.6146045, Test MAE norm: 0.2088442
Epoch: 1730, LR: 0.000010, Loss: 0.1896211, Validation MAE: 2.1529188, Test MAE: 2.6143284, Test MAE norm: 0.2088221
Epoch: 1735, LR: 0.000010, Loss: 0.1895440, Validation MAE: 2.1517248, Test MAE: 2.6143796, Test MAE norm: 0.2088262
Epoch: 1736, LR: 0.000010, Loss: 0.1895009, Validation MAE: 2.1507471, Test MAE: 2.6142273, Test MAE norm: 0.2088141
Epoch: 1746, LR: 0.000010, Loss: 0.1895568, Validation MAE: 2.1532216, Test MAE: 2.6151326, Test MAE norm: 0.2088864
Epoch: 1747, LR: 0.000010, Loss: 0.1894532, Validation MAE: 2.1530433, Test MAE: 2.6146295, Test MAE norm: 0.2088462
Epoch: 1748, LR: 0.000010, Loss: 0.1895168, Validation MAE: 2.1516314, Test MAE: 2.6137147, Test MAE norm: 0.2087731
Epoch: 1755, LR: 0.000010, Loss: 0.1895605, Validation MAE: 2.1506796, Test MAE: 2.6146882, Test MAE norm: 0.2088509
Epoch: 1765, LR: 0.000010, Loss: 0.1895076, Validation MAE: 2.1524906, Test MAE: 2.6145194, Test MAE norm: 0.2088374
Epoch: 1768, LR: 0.000010, Loss: 0.1895083, Validation MAE: 2.1522667, Test MAE: 2.6151326, Test MAE norm: 0.2088864
Epoch: 1769, LR: 0.000010, Loss: 0.1894537, Validation MAE: 2.1514299, Test MAE: 2.6147211, Test MAE norm: 0.2088535
Epoch: 1774, LR: 0.000010, Loss: 0.1895105, Validation MAE: 2.1491282, Test MAE: 2.6135969, Test MAE norm: 0.2087637
Epoch: 1784, LR: 0.000010, Loss: 0.1895195, Validation MAE: 2.1523578, Test MAE: 2.6145926, Test MAE norm: 0.2088432
Epoch: 1788, LR: 0.000010, Loss: 0.1894654, Validation MAE: 2.1522961, Test MAE: 2.6148593, Test MAE norm: 0.2088646
Epoch: 1789, LR: 0.000010, Loss: 0.1894251, Validation MAE: 2.1489704, Test MAE: 2.6137152, Test MAE norm: 0.2087732
Epoch: 1790, LR: 0.000010, Loss: 0.1894626, Validation MAE: 2.1480556, Test MAE: 2.6133025, Test MAE norm: 0.2087402
Epoch: 1800, LR: 0.000010, Loss: 0.1893856, Validation MAE: 2.1531358, Test MAE: 2.6147819, Test MAE norm: 0.2088584
Epoch: 1801, LR: 0.000010, Loss: 0.1894501, Validation MAE: 2.1527236, Test MAE: 2.6143532, Test MAE norm: 0.2088241
Epoch: 1802, LR: 0.000010, Loss: 0.1894599, Validation MAE: 2.1516092, Test MAE: 2.6140726, Test MAE norm: 0.2088017
Epoch: 1803, LR: 0.000010, Loss: 0.1894158, Validation MAE: 2.1515765, Test MAE: 2.6142106, Test MAE norm: 0.2088127
Epoch: 1809, LR: 0.000010, Loss: 0.1894657, Validation MAE: 2.1509979, Test MAE: 2.6139593, Test MAE norm: 0.2087927
Epoch: 1819, LR: 0.000010, Loss: 0.1894002, Validation MAE: 2.1523366, Test MAE: 2.6143687, Test MAE norm: 0.2088254
Epoch: 1820, LR: 0.000010, Loss: 0.1894269, Validation MAE: 2.1503334, Test MAE: 2.6141553, Test MAE norm: 0.2088083
Epoch: 1827, LR: 0.000010, Loss: 0.1894265, Validation MAE: 2.1499114, Test MAE: 2.6143765, Test MAE norm: 0.2088260
Epoch: 1835, LR: 0.000010, Loss: 0.1894240, Validation MAE: 2.1494472, Test MAE: 2.6144848, Test MAE norm: 0.2088346
Epoch: 1845, LR: 0.000010, Loss: 0.1893670, Validation MAE: 2.1523504, Test MAE: 2.6147029, Test MAE norm: 0.2088521
Epoch: 1846, LR: 0.000010, Loss: 0.1894022, Validation MAE: 2.1508949, Test MAE: 2.6141202, Test MAE norm: 0.2088055
Epoch: 1856, LR: 0.000010, Loss: 0.1895000, Validation MAE: 2.1507277, Test MAE: 2.6140609, Test MAE norm: 0.2088008
Epoch: 1866, LR: 0.000010, Loss: 0.1894049, Validation MAE: 2.1499374, Test MAE: 2.6146321, Test MAE norm: 0.2088464
Epoch: 1873, LR: 0.000010, Loss: 0.1893670, Validation MAE: 2.1495290, Test MAE: 2.6147161, Test MAE norm: 0.2088531
Epoch: 1878, LR: 0.000010, Loss: 0.1893218, Validation MAE: 2.1494915, Test MAE: 2.6145172, Test MAE norm: 0.2088372
Epoch: 1888, LR: 0.000010, Loss: 0.1893450, Validation MAE: 2.1509781, Test MAE: 2.6148217, Test MAE norm: 0.2088616
Epoch: 1892, LR: 0.000010, Loss: 0.1893684, Validation MAE: 2.1492374, Test MAE: 2.6148815, Test MAE norm: 0.2088663
Epoch: 1899, LR: 0.000010, Loss: 0.1893312, Validation MAE: 2.1484461, Test MAE: 2.6148577, Test MAE norm: 0.2088644
Epoch: 1909, LR: 0.000010, Loss: 0.1893322, Validation MAE: 2.1516120, Test MAE: 2.6153576, Test MAE norm: 0.2089044
Epoch: 1910, LR: 0.000010, Loss: 0.1893375, Validation MAE: 2.1510491, Test MAE: 2.6151571, Test MAE norm: 0.2088884
Epoch: 1911, LR: 0.000010, Loss: 0.1893487, Validation MAE: 2.1501706, Test MAE: 2.6143627, Test MAE norm: 0.2088249
Epoch: 1912, LR: 0.000010, Loss: 0.1893687, Validation MAE: 2.1499000, Test MAE: 2.6142964, Test MAE norm: 0.2088196
Epoch: 1918, LR: 0.000010, Loss: 0.1893775, Validation MAE: 2.1475565, Test MAE: 2.6137109, Test MAE norm: 0.2087728
Epoch: 1919, LR: 0.000010, Loss: 0.1894142, Validation MAE: 2.1463747, Test MAE: 2.6136711, Test MAE norm: 0.2087696
Epoch: 1929, LR: 0.000010, Loss: 0.1893167, Validation MAE: 2.1516662, Test MAE: 2.6148832, Test MAE norm: 0.2088665
Epoch: 1931, LR: 0.000010, Loss: 0.1893764, Validation MAE: 2.1504202, Test MAE: 2.6145437, Test MAE norm: 0.2088394
Epoch: 1936, LR: 0.000010, Loss: 0.1893606, Validation MAE: 2.1496480, Test MAE: 2.6141825, Test MAE norm: 0.2088105
Epoch: 1944, LR: 0.000010, Loss: 0.1892942, Validation MAE: 2.1492107, Test MAE: 2.6143975, Test MAE norm: 0.2088277
Epoch: 1951, LR: 0.000010, Loss: 0.1892994, Validation MAE: 2.1483195, Test MAE: 2.6142800, Test MAE norm: 0.2088183
Epoch: 1952, LR: 0.000010, Loss: 0.1893227, Validation MAE: 2.1480494, Test MAE: 2.6142967, Test MAE norm: 0.2088196
Epoch: 1962, LR: 0.000010, Loss: 0.1893125, Validation MAE: 2.1516647, Test MAE: 2.6158409, Test MAE norm: 0.2089430
Epoch: 1963, LR: 0.000010, Loss: 0.1893274, Validation MAE: 2.1496105, Test MAE: 2.6151075, Test MAE norm: 0.2088844
Epoch: 1964, LR: 0.000010, Loss: 0.1892833, Validation MAE: 2.1476808, Test MAE: 2.6142650, Test MAE norm: 0.2088171
Epoch: 1974, LR: 0.000010, Loss: 0.1893525, Validation MAE: 2.1493263, Test MAE: 2.6142378, Test MAE norm: 0.2088149
Epoch: 1984, LR: 0.000010, Loss: 0.1893416, Validation MAE: 2.1508965, Test MAE: 2.6151302, Test MAE norm: 0.2088862
Epoch: 1985, LR: 0.000010, Loss: 0.1893149, Validation MAE: 2.1480820, Test MAE: 2.6138046, Test MAE norm: 0.2087803
Epoch: 1986, LR: 0.000010, Loss: 0.1893528, Validation MAE: 2.1468501, Test MAE: 2.6135120, Test MAE norm: 0.2087570
Epoch: 1996, LR: 0.000010, Loss: 0.1893245, Validation MAE: 2.1518862, Test MAE: 2.6152928, Test MAE norm: 0.2088992
Epoch: 1997, LR: 0.000010, Loss: 0.1893097, Validation MAE: 2.1511242, Test MAE: 2.6148944, Test MAE norm: 0.2088674
Epoch: 1998, LR: 0.000010, Loss: 0.1893236, Validation MAE: 2.1489224, Test MAE: 2.6144881, Test MAE norm: 0.2088349
Epoch: 1998, LR: 0.000010, Loss: 0.1893236, Validation MAE: 2.1489224, Test MAE: 2.6144881, Test MAE norm: 0.2088349