Command line input: python run_count.py --batch_size 256 --target 4 --model NGNN --h 3 --seed 1 --epoch 2000 --dataset easy-1
Mean = 0.280, Std = 1.409
Using NGNN model

Epoch: 001, LR: 0.001000, Loss: 0.2528442, Validation MAE: 0.6868987, Test MAE: 0.7529317, Test MAE norm: 0.5345148
Epoch: 002, LR: 0.001000, Loss: 0.4285224, Validation MAE: 0.3642276, Test MAE: 0.4067819, Test MAE norm: 0.2887791
Epoch: 012, LR: 0.001000, Loss: 0.2602839, Validation MAE: 0.3588207, Test MAE: 0.4116638, Test MAE norm: 0.2922449
Epoch: 017, LR: 0.001000, Loss: 0.2333858, Validation MAE: 0.3487991, Test MAE: 0.4110318, Test MAE norm: 0.2917962
Epoch: 026, LR: 0.001000, Loss: 0.2056551, Validation MAE: 0.3278218, Test MAE: 0.3892345, Test MAE norm: 0.2763220
Epoch: 036, LR: 0.001000, Loss: 0.1897756, Validation MAE: 0.3449631, Test MAE: 0.3906658, Test MAE norm: 0.2773381
Epoch: 037, LR: 0.001000, Loss: 0.1983049, Validation MAE: 0.3371050, Test MAE: 0.3933575, Test MAE norm: 0.2792490
Epoch: 040, LR: 0.000900, Loss: 0.1879919, Validation MAE: 0.3354492, Test MAE: 0.3993063, Test MAE norm: 0.2834721
Epoch: 041, LR: 0.000900, Loss: 0.1805564, Validation MAE: 0.3201221, Test MAE: 0.3774313, Test MAE norm: 0.2679428
Epoch: 044, LR: 0.000900, Loss: 0.1803269, Validation MAE: 0.3131414, Test MAE: 0.3717877, Test MAE norm: 0.2639363
Epoch: 053, LR: 0.000900, Loss: 0.1750593, Validation MAE: 0.3088008, Test MAE: 0.3597099, Test MAE norm: 0.2553622
Epoch: 059, LR: 0.000900, Loss: 0.1788973, Validation MAE: 0.2971097, Test MAE: 0.3548158, Test MAE norm: 0.2518878
Epoch: 063, LR: 0.000900, Loss: 0.1803124, Validation MAE: 0.2936835, Test MAE: 0.3441682, Test MAE norm: 0.2443289
Epoch: 068, LR: 0.000900, Loss: 0.1690404, Validation MAE: 0.2917798, Test MAE: 0.3474118, Test MAE norm: 0.2466316
Epoch: 074, LR: 0.000900, Loss: 0.1601039, Validation MAE: 0.2860442, Test MAE: 0.3410203, Test MAE norm: 0.2420942
Epoch: 079, LR: 0.000900, Loss: 0.1600846, Validation MAE: 0.2820186, Test MAE: 0.3387353, Test MAE norm: 0.2404721
Epoch: 085, LR: 0.000900, Loss: 0.1580088, Validation MAE: 0.2817832, Test MAE: 0.3373362, Test MAE norm: 0.2394788
Epoch: 095, LR: 0.000900, Loss: 0.1628039, Validation MAE: 0.2867844, Test MAE: 0.3434766, Test MAE norm: 0.2438380
Epoch: 097, LR: 0.000810, Loss: 0.1627898, Validation MAE: 0.2860340, Test MAE: 0.3438386, Test MAE norm: 0.2440950
Epoch: 101, LR: 0.000810, Loss: 0.1606877, Validation MAE: 0.2854296, Test MAE: 0.3352876, Test MAE norm: 0.2380245
Epoch: 104, LR: 0.000810, Loss: 0.1594284, Validation MAE: 0.2840861, Test MAE: 0.3390174, Test MAE norm: 0.2406723
Epoch: 107, LR: 0.000810, Loss: 0.1574209, Validation MAE: 0.2814576, Test MAE: 0.3338516, Test MAE norm: 0.2370051
Epoch: 117, LR: 0.000810, Loss: 0.1654994, Validation MAE: 0.2930942, Test MAE: 0.3571022, Test MAE norm: 0.2535109
Epoch: 119, LR: 0.000729, Loss: 0.1667366, Validation MAE: 0.2903784, Test MAE: 0.3551627, Test MAE norm: 0.2521340
Epoch: 120, LR: 0.000729, Loss: 0.1581929, Validation MAE: 0.2864260, Test MAE: 0.3358886, Test MAE norm: 0.2384511
Epoch: 121, LR: 0.000729, Loss: 0.1594464, Validation MAE: 0.2827056, Test MAE: 0.3340211, Test MAE norm: 0.2371254
Epoch: 124, LR: 0.000729, Loss: 0.1603187, Validation MAE: 0.2774502, Test MAE: 0.3304982, Test MAE norm: 0.2346245
Epoch: 125, LR: 0.000729, Loss: 0.1536037, Validation MAE: 0.2760995, Test MAE: 0.3302103, Test MAE norm: 0.2344201
Epoch: 135, LR: 0.000729, Loss: 0.1634194, Validation MAE: 0.2731776, Test MAE: 0.3336594, Test MAE norm: 0.2368686
Epoch: 145, LR: 0.000729, Loss: 0.1571788, Validation MAE: 0.2897118, Test MAE: 0.3421344, Test MAE norm: 0.2428851
Epoch: 146, LR: 0.000729, Loss: 0.1623419, Validation MAE: 0.2831645, Test MAE: 0.3375774, Test MAE norm: 0.2396501
Epoch: 147, LR: 0.000656, Loss: 0.1557815, Validation MAE: 0.2773811, Test MAE: 0.3280407, Test MAE norm: 0.2328798
Epoch: 152, LR: 0.000656, Loss: 0.1534099, Validation MAE: 0.2735929, Test MAE: 0.3210608, Test MAE norm: 0.2279247
Epoch: 160, LR: 0.000590, Loss: 0.1686980, Validation MAE: 0.2705122, Test MAE: 0.3169854, Test MAE norm: 0.2250315
Epoch: 170, LR: 0.000590, Loss: 0.1569528, Validation MAE: 0.2719704, Test MAE: 0.3263026, Test MAE norm: 0.2316459
Epoch: 179, LR: 0.000531, Loss: 0.1582000, Validation MAE: 0.2701672, Test MAE: 0.3289063, Test MAE norm: 0.2334943
Epoch: 189, LR: 0.000531, Loss: 0.1505498, Validation MAE: 0.2725580, Test MAE: 0.3247100, Test MAE norm: 0.2305154
Epoch: 192, LR: 0.000478, Loss: 0.1525477, Validation MAE: 0.2719257, Test MAE: 0.3254053, Test MAE norm: 0.2310089
Epoch: 194, LR: 0.000478, Loss: 0.1539637, Validation MAE: 0.2707949, Test MAE: 0.3245496, Test MAE norm: 0.2304014
Epoch: 198, LR: 0.000478, Loss: 0.1497587, Validation MAE: 0.2689626, Test MAE: 0.3233035, Test MAE norm: 0.2295168
Epoch: 203, LR: 0.000478, Loss: 0.1509818, Validation MAE: 0.2683047, Test MAE: 0.3210468, Test MAE norm: 0.2279148
Epoch: 204, LR: 0.000478, Loss: 0.1467671, Validation MAE: 0.2678264, Test MAE: 0.3228220, Test MAE norm: 0.2291750
Epoch: 208, LR: 0.000478, Loss: 0.1474702, Validation MAE: 0.2656604, Test MAE: 0.3206121, Test MAE norm: 0.2276062
Epoch: 218, LR: 0.000478, Loss: 0.1461380, Validation MAE: 0.2743749, Test MAE: 0.3231795, Test MAE norm: 0.2294288
Epoch: 220, LR: 0.000430, Loss: 0.1496671, Validation MAE: 0.2719198, Test MAE: 0.3228855, Test MAE norm: 0.2292201
Epoch: 221, LR: 0.000430, Loss: 0.1471847, Validation MAE: 0.2659591, Test MAE: 0.3176430, Test MAE norm: 0.2254984
Epoch: 228, LR: 0.000430, Loss: 0.1472507, Validation MAE: 0.2656710, Test MAE: 0.3183925, Test MAE norm: 0.2260305
Epoch: 232, LR: 0.000387, Loss: 0.1445015, Validation MAE: 0.2654400, Test MAE: 0.3206154, Test MAE norm: 0.2276086
Epoch: 235, LR: 0.000387, Loss: 0.1457050, Validation MAE: 0.2637506, Test MAE: 0.3184104, Test MAE norm: 0.2260432
Epoch: 245, LR: 0.000387, Loss: 0.1468259, Validation MAE: 0.2669211, Test MAE: 0.3192781, Test MAE norm: 0.2266592
Epoch: 247, LR: 0.000349, Loss: 0.1458226, Validation MAE: 0.2656898, Test MAE: 0.3180257, Test MAE norm: 0.2257701
Epoch: 248, LR: 0.000349, Loss: 0.1433942, Validation MAE: 0.2634585, Test MAE: 0.3176744, Test MAE norm: 0.2255207
Epoch: 252, LR: 0.000349, Loss: 0.1434673, Validation MAE: 0.2634159, Test MAE: 0.3158898, Test MAE norm: 0.2242538
Epoch: 255, LR: 0.000349, Loss: 0.1431040, Validation MAE: 0.2633547, Test MAE: 0.3155783, Test MAE norm: 0.2240327
Epoch: 256, LR: 0.000349, Loss: 0.1425734, Validation MAE: 0.2631625, Test MAE: 0.3154416, Test MAE norm: 0.2239356
Epoch: 259, LR: 0.000349, Loss: 0.1429299, Validation MAE: 0.2624864, Test MAE: 0.3150652, Test MAE norm: 0.2236684
Epoch: 262, LR: 0.000349, Loss: 0.1434841, Validation MAE: 0.2623571, Test MAE: 0.3150920, Test MAE norm: 0.2236874
Epoch: 272, LR: 0.000349, Loss: 0.1438601, Validation MAE: 0.2661185, Test MAE: 0.3174915, Test MAE norm: 0.2253909
Epoch: 274, LR: 0.000314, Loss: 0.1448936, Validation MAE: 0.2653804, Test MAE: 0.3164299, Test MAE norm: 0.2246372
Epoch: 275, LR: 0.000314, Loss: 0.1445065, Validation MAE: 0.2630674, Test MAE: 0.3150785, Test MAE norm: 0.2236778
Epoch: 278, LR: 0.000314, Loss: 0.1427274, Validation MAE: 0.2621616, Test MAE: 0.3142611, Test MAE norm: 0.2230976
Epoch: 288, LR: 0.000314, Loss: 0.1428745, Validation MAE: 0.2633444, Test MAE: 0.3133847, Test MAE norm: 0.2224754
Epoch: 292, LR: 0.000282, Loss: 0.1433525, Validation MAE: 0.2633008, Test MAE: 0.3128246, Test MAE norm: 0.2220778
Epoch: 296, LR: 0.000282, Loss: 0.1426457, Validation MAE: 0.2624668, Test MAE: 0.3128301, Test MAE norm: 0.2220817
Epoch: 300, LR: 0.000282, Loss: 0.1428822, Validation MAE: 0.2617151, Test MAE: 0.3115689, Test MAE norm: 0.2211863
Epoch: 310, LR: 0.000282, Loss: 0.1430313, Validation MAE: 0.2630873, Test MAE: 0.3107800, Test MAE norm: 0.2206263
Epoch: 320, LR: 0.000254, Loss: 0.1415126, Validation MAE: 0.2659764, Test MAE: 0.3122695, Test MAE norm: 0.2216837
Epoch: 321, LR: 0.000254, Loss: 0.1421671, Validation MAE: 0.2644214, Test MAE: 0.3099808, Test MAE norm: 0.2200589
Epoch: 322, LR: 0.000254, Loss: 0.1417410, Validation MAE: 0.2629663, Test MAE: 0.3087375, Test MAE norm: 0.2191763
Epoch: 332, LR: 0.000229, Loss: 0.1411206, Validation MAE: 0.2651708, Test MAE: 0.3089127, Test MAE norm: 0.2193007
Epoch: 333, LR: 0.000229, Loss: 0.1412721, Validation MAE: 0.2642334, Test MAE: 0.3083846, Test MAE norm: 0.2189257
Epoch: 334, LR: 0.000206, Loss: 0.1409426, Validation MAE: 0.2635385, Test MAE: 0.3070601, Test MAE norm: 0.2179855
Epoch: 339, LR: 0.000206, Loss: 0.1408895, Validation MAE: 0.2634839, Test MAE: 0.3067471, Test MAE norm: 0.2177633
Epoch: 349, LR: 0.000185, Loss: 0.1408477, Validation MAE: 0.2639804, Test MAE: 0.3053543, Test MAE norm: 0.2167745
Epoch: 350, LR: 0.000185, Loss: 0.1405831, Validation MAE: 0.2638773, Test MAE: 0.3050541, Test MAE norm: 0.2165614
Epoch: 360, LR: 0.000167, Loss: 0.1401819, Validation MAE: 0.2650717, Test MAE: 0.3048980, Test MAE norm: 0.2164505
Epoch: 361, LR: 0.000167, Loss: 0.1403902, Validation MAE: 0.2643765, Test MAE: 0.3033049, Test MAE norm: 0.2153196
Epoch: 371, LR: 0.000150, Loss: 0.1398921, Validation MAE: 0.2651093, Test MAE: 0.3036181, Test MAE norm: 0.2155420
Epoch: 372, LR: 0.000150, Loss: 0.1399742, Validation MAE: 0.2646628, Test MAE: 0.3024621, Test MAE norm: 0.2147213
Epoch: 382, LR: 0.000135, Loss: 0.1395051, Validation MAE: 0.2648179, Test MAE: 0.3021813, Test MAE norm: 0.2145220
Epoch: 383, LR: 0.000135, Loss: 0.1395057, Validation MAE: 0.2648142, Test MAE: 0.3020343, Test MAE norm: 0.2144176
Epoch: 385, LR: 0.000135, Loss: 0.1395507, Validation MAE: 0.2646541, Test MAE: 0.3016355, Test MAE norm: 0.2141345
Epoch: 389, LR: 0.000122, Loss: 0.1395066, Validation MAE: 0.2646061, Test MAE: 0.3010023, Test MAE norm: 0.2136849
Epoch: 399, LR: 0.000122, Loss: 0.1392750, Validation MAE: 0.2646006, Test MAE: 0.3005647, Test MAE norm: 0.2133743
Epoch: 403, LR: 0.000109, Loss: 0.1392431, Validation MAE: 0.2644568, Test MAE: 0.2996436, Test MAE norm: 0.2127204
Epoch: 407, LR: 0.000109, Loss: 0.1393525, Validation MAE: 0.2643994, Test MAE: 0.2998905, Test MAE norm: 0.2128957
Epoch: 417, LR: 0.000098, Loss: 0.1388439, Validation MAE: 0.2644550, Test MAE: 0.2992405, Test MAE norm: 0.2124342
Epoch: 421, LR: 0.000098, Loss: 0.1387684, Validation MAE: 0.2643892, Test MAE: 0.2987857, Test MAE norm: 0.2121114
Epoch: 430, LR: 0.000089, Loss: 0.1389553, Validation MAE: 0.2643597, Test MAE: 0.2985062, Test MAE norm: 0.2119130
Epoch: 440, LR: 0.000080, Loss: 0.1385714, Validation MAE: 0.2647884, Test MAE: 0.2999858, Test MAE norm: 0.2129634
Epoch: 441, LR: 0.000080, Loss: 0.1386235, Validation MAE: 0.2646126, Test MAE: 0.2996809, Test MAE norm: 0.2127469
Epoch: 442, LR: 0.000080, Loss: 0.1384352, Validation MAE: 0.2645532, Test MAE: 0.2993030, Test MAE norm: 0.2124786
Epoch: 446, LR: 0.000072, Loss: 0.1384766, Validation MAE: 0.2645004, Test MAE: 0.2993930, Test MAE norm: 0.2125425
Epoch: 448, LR: 0.000072, Loss: 0.1384202, Validation MAE: 0.2644638, Test MAE: 0.2993431, Test MAE norm: 0.2125071
Epoch: 450, LR: 0.000072, Loss: 0.1383572, Validation MAE: 0.2644405, Test MAE: 0.2989403, Test MAE norm: 0.2122212
Epoch: 452, LR: 0.000072, Loss: 0.1383425, Validation MAE: 0.2643759, Test MAE: 0.2989808, Test MAE norm: 0.2122499
Epoch: 453, LR: 0.000072, Loss: 0.1383130, Validation MAE: 0.2643549, Test MAE: 0.2989823, Test MAE norm: 0.2122509
Epoch: 457, LR: 0.000065, Loss: 0.1381909, Validation MAE: 0.2643295, Test MAE: 0.2986766, Test MAE norm: 0.2120339
Epoch: 465, LR: 0.000065, Loss: 0.1381629, Validation MAE: 0.2642061, Test MAE: 0.2981133, Test MAE norm: 0.2116341
Epoch: 475, LR: 0.000058, Loss: 0.1380416, Validation MAE: 0.2642496, Test MAE: 0.2987277, Test MAE norm: 0.2120702
Epoch: 479, LR: 0.000052, Loss: 0.1379581, Validation MAE: 0.2641616, Test MAE: 0.2984955, Test MAE norm: 0.2119054
Epoch: 481, LR: 0.000052, Loss: 0.1379105, Validation MAE: 0.2640705, Test MAE: 0.2981751, Test MAE norm: 0.2116779
Epoch: 482, LR: 0.000052, Loss: 0.1378766, Validation MAE: 0.2640254, Test MAE: 0.2979332, Test MAE norm: 0.2115062
Epoch: 490, LR: 0.000047, Loss: 0.1378212, Validation MAE: 0.2640133, Test MAE: 0.2982404, Test MAE norm: 0.2117243
Epoch: 494, LR: 0.000047, Loss: 0.1378010, Validation MAE: 0.2639860, Test MAE: 0.2982486, Test MAE norm: 0.2117301
Epoch: 496, LR: 0.000047, Loss: 0.1377512, Validation MAE: 0.2639806, Test MAE: 0.2984235, Test MAE norm: 0.2118542
Epoch: 501, LR: 0.000042, Loss: 0.1377615, Validation MAE: 0.2639460, Test MAE: 0.2981475, Test MAE norm: 0.2116583
Epoch: 502, LR: 0.000042, Loss: 0.1376616, Validation MAE: 0.2639241, Test MAE: 0.2977984, Test MAE norm: 0.2114105
Epoch: 503, LR: 0.000042, Loss: 0.1377429, Validation MAE: 0.2638682, Test MAE: 0.2981397, Test MAE norm: 0.2116528
Epoch: 505, LR: 0.000042, Loss: 0.1377209, Validation MAE: 0.2638212, Test MAE: 0.2979321, Test MAE norm: 0.2115054
Epoch: 511, LR: 0.000038, Loss: 0.1375429, Validation MAE: 0.2637995, Test MAE: 0.2975163, Test MAE norm: 0.2112102
Epoch: 519, LR: 0.000038, Loss: 0.1375691, Validation MAE: 0.2637573, Test MAE: 0.2972743, Test MAE norm: 0.2110384
Epoch: 522, LR: 0.000034, Loss: 0.1374696, Validation MAE: 0.2637205, Test MAE: 0.2975065, Test MAE norm: 0.2112032
Epoch: 524, LR: 0.000034, Loss: 0.1375248, Validation MAE: 0.2637047, Test MAE: 0.2972049, Test MAE norm: 0.2109891
Epoch: 530, LR: 0.000034, Loss: 0.1374127, Validation MAE: 0.2636909, Test MAE: 0.2970382, Test MAE norm: 0.2108708
Epoch: 534, LR: 0.000031, Loss: 0.1373588, Validation MAE: 0.2636690, Test MAE: 0.2966073, Test MAE norm: 0.2105649
Epoch: 535, LR: 0.000031, Loss: 0.1374801, Validation MAE: 0.2636626, Test MAE: 0.2966423, Test MAE norm: 0.2105898
Epoch: 536, LR: 0.000031, Loss: 0.1374046, Validation MAE: 0.2636271, Test MAE: 0.2973818, Test MAE norm: 0.2111147
Epoch: 546, LR: 0.000028, Loss: 0.1373499, Validation MAE: 0.2637206, Test MAE: 0.2968547, Test MAE norm: 0.2107406
Epoch: 547, LR: 0.000028, Loss: 0.1372717, Validation MAE: 0.2637161, Test MAE: 0.2973425, Test MAE norm: 0.2110869
Epoch: 548, LR: 0.000028, Loss: 0.1373773, Validation MAE: 0.2636876, Test MAE: 0.2970546, Test MAE norm: 0.2108824
Epoch: 549, LR: 0.000028, Loss: 0.1372950, Validation MAE: 0.2636169, Test MAE: 0.2962090, Test MAE norm: 0.2102821
Epoch: 550, LR: 0.000028, Loss: 0.1372736, Validation MAE: 0.2635732, Test MAE: 0.2959546, Test MAE norm: 0.2101016
Epoch: 553, LR: 0.000028, Loss: 0.1372820, Validation MAE: 0.2635730, Test MAE: 0.2967966, Test MAE norm: 0.2106993
Epoch: 554, LR: 0.000025, Loss: 0.1372405, Validation MAE: 0.2635726, Test MAE: 0.2965683, Test MAE norm: 0.2105372
Epoch: 558, LR: 0.000025, Loss: 0.1371588, Validation MAE: 0.2635575, Test MAE: 0.2968938, Test MAE norm: 0.2107683
Epoch: 560, LR: 0.000025, Loss: 0.1371689, Validation MAE: 0.2635480, Test MAE: 0.2965651, Test MAE norm: 0.2105349
Epoch: 563, LR: 0.000025, Loss: 0.1371626, Validation MAE: 0.2634566, Test MAE: 0.2968638, Test MAE norm: 0.2107470
Epoch: 566, LR: 0.000023, Loss: 0.1371039, Validation MAE: 0.2634503, Test MAE: 0.2965635, Test MAE norm: 0.2105338
Epoch: 567, LR: 0.000023, Loss: 0.1370877, Validation MAE: 0.2634133, Test MAE: 0.2964993, Test MAE norm: 0.2104882
Epoch: 568, LR: 0.000023, Loss: 0.1370854, Validation MAE: 0.2634005, Test MAE: 0.2961896, Test MAE norm: 0.2102684
Epoch: 569, LR: 0.000023, Loss: 0.1370638, Validation MAE: 0.2633839, Test MAE: 0.2961190, Test MAE norm: 0.2102183
Epoch: 571, LR: 0.000023, Loss: 0.1370487, Validation MAE: 0.2633706, Test MAE: 0.2963368, Test MAE norm: 0.2103729
Epoch: 572, LR: 0.000023, Loss: 0.1370814, Validation MAE: 0.2633511, Test MAE: 0.2963085, Test MAE norm: 0.2103528
Epoch: 575, LR: 0.000023, Loss: 0.1370590, Validation MAE: 0.2633293, Test MAE: 0.2962546, Test MAE norm: 0.2103145
Epoch: 581, LR: 0.000020, Loss: 0.1369984, Validation MAE: 0.2633131, Test MAE: 0.2964880, Test MAE norm: 0.2104803
Epoch: 585, LR: 0.000020, Loss: 0.1369994, Validation MAE: 0.2632814, Test MAE: 0.2960987, Test MAE norm: 0.2102038
Epoch: 590, LR: 0.000018, Loss: 0.1369437, Validation MAE: 0.2632814, Test MAE: 0.2958895, Test MAE norm: 0.2100554
Epoch: 591, LR: 0.000018, Loss: 0.1369295, Validation MAE: 0.2632664, Test MAE: 0.2959708, Test MAE norm: 0.2101131
Epoch: 593, LR: 0.000018, Loss: 0.1369482, Validation MAE: 0.2632502, Test MAE: 0.2961235, Test MAE norm: 0.2102215
Epoch: 594, LR: 0.000018, Loss: 0.1369340, Validation MAE: 0.2632364, Test MAE: 0.2958905, Test MAE norm: 0.2100560
Epoch: 597, LR: 0.000018, Loss: 0.1369042, Validation MAE: 0.2631962, Test MAE: 0.2961495, Test MAE norm: 0.2102399
Epoch: 598, LR: 0.000016, Loss: 0.1369022, Validation MAE: 0.2631853, Test MAE: 0.2960902, Test MAE norm: 0.2101978
Epoch: 599, LR: 0.000016, Loss: 0.1368714, Validation MAE: 0.2631817, Test MAE: 0.2958933, Test MAE norm: 0.2100580
Epoch: 601, LR: 0.000016, Loss: 0.1368918, Validation MAE: 0.2631663, Test MAE: 0.2958722, Test MAE norm: 0.2100430
Epoch: 602, LR: 0.000016, Loss: 0.1368608, Validation MAE: 0.2631411, Test MAE: 0.2960298, Test MAE norm: 0.2101550
Epoch: 605, LR: 0.000016, Loss: 0.1368394, Validation MAE: 0.2631376, Test MAE: 0.2956840, Test MAE norm: 0.2099094
Epoch: 607, LR: 0.000016, Loss: 0.1368457, Validation MAE: 0.2630993, Test MAE: 0.2958196, Test MAE norm: 0.2100057
Epoch: 608, LR: 0.000016, Loss: 0.1368155, Validation MAE: 0.2630883, Test MAE: 0.2960071, Test MAE norm: 0.2101388
Epoch: 612, LR: 0.000015, Loss: 0.1368264, Validation MAE: 0.2630857, Test MAE: 0.2956562, Test MAE norm: 0.2098897
Epoch: 613, LR: 0.000015, Loss: 0.1368030, Validation MAE: 0.2630536, Test MAE: 0.2958277, Test MAE norm: 0.2100115
Epoch: 615, LR: 0.000015, Loss: 0.1368079, Validation MAE: 0.2630458, Test MAE: 0.2956142, Test MAE norm: 0.2098599
Epoch: 616, LR: 0.000015, Loss: 0.1367831, Validation MAE: 0.2629973, Test MAE: 0.2955366, Test MAE norm: 0.2098048
Epoch: 626, LR: 0.000013, Loss: 0.1367352, Validation MAE: 0.2630383, Test MAE: 0.2957705, Test MAE norm: 0.2099708
Epoch: 627, LR: 0.000013, Loss: 0.1367257, Validation MAE: 0.2630127, Test MAE: 0.2956471, Test MAE norm: 0.2098832
Epoch: 630, LR: 0.000013, Loss: 0.1367251, Validation MAE: 0.2629689, Test MAE: 0.2955348, Test MAE norm: 0.2098036
Epoch: 637, LR: 0.000012, Loss: 0.1366830, Validation MAE: 0.2629294, Test MAE: 0.2954895, Test MAE norm: 0.2097714
Epoch: 638, LR: 0.000012, Loss: 0.1366622, Validation MAE: 0.2629099, Test MAE: 0.2955314, Test MAE norm: 0.2098011
Epoch: 639, LR: 0.000012, Loss: 0.1366734, Validation MAE: 0.2628862, Test MAE: 0.2953800, Test MAE norm: 0.2096936
Epoch: 640, LR: 0.000012, Loss: 0.1366744, Validation MAE: 0.2628862, Test MAE: 0.2953814, Test MAE norm: 0.2096946
Epoch: 642, LR: 0.000011, Loss: 0.1366487, Validation MAE: 0.2628716, Test MAE: 0.2955413, Test MAE norm: 0.2098082
Epoch: 652, LR: 0.000011, Loss: 0.1366393, Validation MAE: 0.2628651, Test MAE: 0.2951903, Test MAE norm: 0.2095590
Epoch: 653, LR: 0.000010, Loss: 0.1366166, Validation MAE: 0.2628568, Test MAE: 0.2952772, Test MAE norm: 0.2096207
Epoch: 654, LR: 0.000010, Loss: 0.1365965, Validation MAE: 0.2628562, Test MAE: 0.2953819, Test MAE norm: 0.2096950
Epoch: 655, LR: 0.000010, Loss: 0.1366167, Validation MAE: 0.2628544, Test MAE: 0.2953045, Test MAE norm: 0.2096401
Epoch: 656, LR: 0.000010, Loss: 0.1366043, Validation MAE: 0.2628415, Test MAE: 0.2952018, Test MAE norm: 0.2095671
Epoch: 658, LR: 0.000010, Loss: 0.1365979, Validation MAE: 0.2628105, Test MAE: 0.2951687, Test MAE norm: 0.2095436
Epoch: 663, LR: 0.000010, Loss: 0.1365722, Validation MAE: 0.2627852, Test MAE: 0.2951736, Test MAE norm: 0.2095471
Epoch: 665, LR: 0.000010, Loss: 0.1365792, Validation MAE: 0.2627789, Test MAE: 0.2952131, Test MAE norm: 0.2095752
Epoch: 671, LR: 0.000010, Loss: 0.1365394, Validation MAE: 0.2627732, Test MAE: 0.2952253, Test MAE norm: 0.2095838
Epoch: 672, LR: 0.000010, Loss: 0.1365406, Validation MAE: 0.2627648, Test MAE: 0.2951633, Test MAE norm: 0.2095398
Epoch: 674, LR: 0.000010, Loss: 0.1365343, Validation MAE: 0.2627479, Test MAE: 0.2949236, Test MAE norm: 0.2093696
Epoch: 676, LR: 0.000010, Loss: 0.1365260, Validation MAE: 0.2627095, Test MAE: 0.2950367, Test MAE norm: 0.2094499
Epoch: 678, LR: 0.000010, Loss: 0.1365154, Validation MAE: 0.2626984, Test MAE: 0.2950534, Test MAE norm: 0.2094617
Epoch: 683, LR: 0.000010, Loss: 0.1365051, Validation MAE: 0.2626767, Test MAE: 0.2950078, Test MAE norm: 0.2094294
Epoch: 687, LR: 0.000010, Loss: 0.1364899, Validation MAE: 0.2626710, Test MAE: 0.2949715, Test MAE norm: 0.2094036
Epoch: 688, LR: 0.000010, Loss: 0.1364666, Validation MAE: 0.2626533, Test MAE: 0.2948935, Test MAE norm: 0.2093483
Epoch: 691, LR: 0.000010, Loss: 0.1364688, Validation MAE: 0.2626471, Test MAE: 0.2949907, Test MAE norm: 0.2094173
Epoch: 692, LR: 0.000010, Loss: 0.1364757, Validation MAE: 0.2626456, Test MAE: 0.2949044, Test MAE norm: 0.2093560
Epoch: 699, LR: 0.000010, Loss: 0.1364290, Validation MAE: 0.2626408, Test MAE: 0.2948440, Test MAE norm: 0.2093131
Epoch: 703, LR: 0.000010, Loss: 0.1364327, Validation MAE: 0.2626213, Test MAE: 0.2948497, Test MAE norm: 0.2093172
Epoch: 705, LR: 0.000010, Loss: 0.1364155, Validation MAE: 0.2625781, Test MAE: 0.2947052, Test MAE norm: 0.2092146
Epoch: 707, LR: 0.000010, Loss: 0.1364121, Validation MAE: 0.2625443, Test MAE: 0.2947863, Test MAE norm: 0.2092722
Epoch: 717, LR: 0.000010, Loss: 0.1363862, Validation MAE: 0.2626050, Test MAE: 0.2946444, Test MAE norm: 0.2091714
Epoch: 718, LR: 0.000010, Loss: 0.1363794, Validation MAE: 0.2625625, Test MAE: 0.2947286, Test MAE norm: 0.2092312
Epoch: 719, LR: 0.000010, Loss: 0.1363695, Validation MAE: 0.2625113, Test MAE: 0.2947242, Test MAE norm: 0.2092281
Epoch: 720, LR: 0.000010, Loss: 0.1363692, Validation MAE: 0.2625031, Test MAE: 0.2947196, Test MAE norm: 0.2092248
Epoch: 724, LR: 0.000010, Loss: 0.1363367, Validation MAE: 0.2624512, Test MAE: 0.2946995, Test MAE norm: 0.2092105
Epoch: 734, LR: 0.000010, Loss: 0.1363018, Validation MAE: 0.2625353, Test MAE: 0.2944756, Test MAE norm: 0.2090516
Epoch: 735, LR: 0.000010, Loss: 0.1362998, Validation MAE: 0.2625138, Test MAE: 0.2945602, Test MAE norm: 0.2091116
Epoch: 737, LR: 0.000010, Loss: 0.1363034, Validation MAE: 0.2625011, Test MAE: 0.2942524, Test MAE norm: 0.2088932
Epoch: 740, LR: 0.000010, Loss: 0.1362848, Validation MAE: 0.2624293, Test MAE: 0.2944558, Test MAE norm: 0.2090375
Epoch: 750, LR: 0.000010, Loss: 0.1362366, Validation MAE: 0.2623629, Test MAE: 0.2944208, Test MAE norm: 0.2090127
Epoch: 755, LR: 0.000010, Loss: 0.1362241, Validation MAE: 0.2623459, Test MAE: 0.2942931, Test MAE norm: 0.2089220
Epoch: 756, LR: 0.000010, Loss: 0.1362181, Validation MAE: 0.2623330, Test MAE: 0.2943810, Test MAE norm: 0.2089844
Epoch: 759, LR: 0.000010, Loss: 0.1361993, Validation MAE: 0.2622782, Test MAE: 0.2941351, Test MAE norm: 0.2088099
Epoch: 764, LR: 0.000010, Loss: 0.1361828, Validation MAE: 0.2622443, Test MAE: 0.2942322, Test MAE norm: 0.2088788
Epoch: 774, LR: 0.000010, Loss: 0.1361561, Validation MAE: 0.2624033, Test MAE: 0.2941424, Test MAE norm: 0.2088151
Epoch: 775, LR: 0.000010, Loss: 0.1361674, Validation MAE: 0.2623410, Test MAE: 0.2938801, Test MAE norm: 0.2086288
Epoch: 776, LR: 0.000010, Loss: 0.1361287, Validation MAE: 0.2623241, Test MAE: 0.2937624, Test MAE norm: 0.2085453
Epoch: 777, LR: 0.000010, Loss: 0.1361480, Validation MAE: 0.2623018, Test MAE: 0.2938834, Test MAE norm: 0.2086312
Epoch: 783, LR: 0.000010, Loss: 0.1361160, Validation MAE: 0.2622877, Test MAE: 0.2940044, Test MAE norm: 0.2087171
Epoch: 784, LR: 0.000010, Loss: 0.1360980, Validation MAE: 0.2622792, Test MAE: 0.2940314, Test MAE norm: 0.2087363
Epoch: 787, LR: 0.000010, Loss: 0.1360747, Validation MAE: 0.2622415, Test MAE: 0.2938215, Test MAE norm: 0.2085872
Epoch: 788, LR: 0.000010, Loss: 0.1360759, Validation MAE: 0.2621910, Test MAE: 0.2939449, Test MAE norm: 0.2086749
Epoch: 791, LR: 0.000010, Loss: 0.1360669, Validation MAE: 0.2621722, Test MAE: 0.2937473, Test MAE norm: 0.2085346
Epoch: 797, LR: 0.000010, Loss: 0.1360756, Validation MAE: 0.2621422, Test MAE: 0.2940171, Test MAE norm: 0.2087261
Epoch: 801, LR: 0.000010, Loss: 0.1360335, Validation MAE: 0.2621233, Test MAE: 0.2939126, Test MAE norm: 0.2086519
Epoch: 802, LR: 0.000010, Loss: 0.1360112, Validation MAE: 0.2621070, Test MAE: 0.2939696, Test MAE norm: 0.2086924
Epoch: 807, LR: 0.000010, Loss: 0.1360190, Validation MAE: 0.2620880, Test MAE: 0.2938428, Test MAE norm: 0.2086024
Epoch: 810, LR: 0.000010, Loss: 0.1360012, Validation MAE: 0.2620589, Test MAE: 0.2940089, Test MAE norm: 0.2087202
Epoch: 815, LR: 0.000010, Loss: 0.1360466, Validation MAE: 0.2620300, Test MAE: 0.2940354, Test MAE norm: 0.2087391
Epoch: 825, LR: 0.000010, Loss: 0.1359614, Validation MAE: 0.2622840, Test MAE: 0.2938104, Test MAE norm: 0.2085794
Epoch: 826, LR: 0.000010, Loss: 0.1359725, Validation MAE: 0.2621110, Test MAE: 0.2934955, Test MAE norm: 0.2083558
Epoch: 831, LR: 0.000010, Loss: 0.1360217, Validation MAE: 0.2621106, Test MAE: 0.2937177, Test MAE norm: 0.2085135
Epoch: 836, LR: 0.000010, Loss: 0.1359717, Validation MAE: 0.2620961, Test MAE: 0.2936251, Test MAE norm: 0.2084478
Epoch: 841, LR: 0.000010, Loss: 0.1359314, Validation MAE: 0.2620557, Test MAE: 0.2936426, Test MAE norm: 0.2084602
Epoch: 844, LR: 0.000010, Loss: 0.1358746, Validation MAE: 0.2620211, Test MAE: 0.2937478, Test MAE norm: 0.2085350
Epoch: 846, LR: 0.000010, Loss: 0.1358948, Validation MAE: 0.2619864, Test MAE: 0.2936589, Test MAE norm: 0.2084718
Epoch: 848, LR: 0.000010, Loss: 0.1359242, Validation MAE: 0.2619742, Test MAE: 0.2936591, Test MAE norm: 0.2084719
Epoch: 854, LR: 0.000010, Loss: 0.1358737, Validation MAE: 0.2619293, Test MAE: 0.2937800, Test MAE norm: 0.2085578
Epoch: 857, LR: 0.000010, Loss: 0.1358536, Validation MAE: 0.2618691, Test MAE: 0.2938184, Test MAE norm: 0.2085850
Epoch: 867, LR: 0.000010, Loss: 0.1358094, Validation MAE: 0.2620373, Test MAE: 0.2936410, Test MAE norm: 0.2084591
Epoch: 872, LR: 0.000010, Loss: 0.1357926, Validation MAE: 0.2619869, Test MAE: 0.2935834, Test MAE norm: 0.2084182
Epoch: 873, LR: 0.000010, Loss: 0.1358085, Validation MAE: 0.2619594, Test MAE: 0.2935814, Test MAE norm: 0.2084168
Epoch: 874, LR: 0.000010, Loss: 0.1358006, Validation MAE: 0.2618907, Test MAE: 0.2934663, Test MAE norm: 0.2083351
Epoch: 877, LR: 0.000010, Loss: 0.1357832, Validation MAE: 0.2618580, Test MAE: 0.2935943, Test MAE norm: 0.2084260
Epoch: 882, LR: 0.000010, Loss: 0.1357649, Validation MAE: 0.2618577, Test MAE: 0.2936270, Test MAE norm: 0.2084492
Epoch: 883, LR: 0.000010, Loss: 0.1357480, Validation MAE: 0.2617799, Test MAE: 0.2937647, Test MAE norm: 0.2085469
Epoch: 888, LR: 0.000010, Loss: 0.1357851, Validation MAE: 0.2617435, Test MAE: 0.2937724, Test MAE norm: 0.2085524
Epoch: 892, LR: 0.000010, Loss: 0.1357144, Validation MAE: 0.2617309, Test MAE: 0.2935802, Test MAE norm: 0.2084159
Epoch: 902, LR: 0.000010, Loss: 0.1357106, Validation MAE: 0.2618116, Test MAE: 0.2934321, Test MAE norm: 0.2083108
Epoch: 906, LR: 0.000010, Loss: 0.1357002, Validation MAE: 0.2617286, Test MAE: 0.2935744, Test MAE norm: 0.2084118
Epoch: 907, LR: 0.000010, Loss: 0.1357194, Validation MAE: 0.2617266, Test MAE: 0.2934757, Test MAE norm: 0.2083418
Epoch: 908, LR: 0.000010, Loss: 0.1356722, Validation MAE: 0.2617188, Test MAE: 0.2932134, Test MAE norm: 0.2081555
Epoch: 910, LR: 0.000010, Loss: 0.1356704, Validation MAE: 0.2616960, Test MAE: 0.2934658, Test MAE norm: 0.2083347
Epoch: 911, LR: 0.000010, Loss: 0.1356715, Validation MAE: 0.2616045, Test MAE: 0.2935925, Test MAE norm: 0.2084247
Epoch: 915, LR: 0.000010, Loss: 0.1356453, Validation MAE: 0.2615125, Test MAE: 0.2935167, Test MAE norm: 0.2083709
Epoch: 924, LR: 0.000010, Loss: 0.1356156, Validation MAE: 0.2614979, Test MAE: 0.2933100, Test MAE norm: 0.2082241
Epoch: 926, LR: 0.000010, Loss: 0.1356154, Validation MAE: 0.2614758, Test MAE: 0.2932536, Test MAE norm: 0.2081841
Epoch: 927, LR: 0.000010, Loss: 0.1355919, Validation MAE: 0.2614235, Test MAE: 0.2932329, Test MAE norm: 0.2081694
Epoch: 936, LR: 0.000010, Loss: 0.1356028, Validation MAE: 0.2613854, Test MAE: 0.2934402, Test MAE norm: 0.2083165
Epoch: 941, LR: 0.000010, Loss: 0.1355888, Validation MAE: 0.2613569, Test MAE: 0.2932888, Test MAE norm: 0.2082091
Epoch: 942, LR: 0.000010, Loss: 0.1355715, Validation MAE: 0.2612908, Test MAE: 0.2931373, Test MAE norm: 0.2081015
Epoch: 949, LR: 0.000010, Loss: 0.1355947, Validation MAE: 0.2612546, Test MAE: 0.2931332, Test MAE norm: 0.2080986
Epoch: 959, LR: 0.000010, Loss: 0.1355943, Validation MAE: 0.2612727, Test MAE: 0.2933769, Test MAE norm: 0.2082716
Epoch: 967, LR: 0.000010, Loss: 0.1355236, Validation MAE: 0.2612421, Test MAE: 0.2929743, Test MAE norm: 0.2079858
Epoch: 969, LR: 0.000010, Loss: 0.1354891, Validation MAE: 0.2611895, Test MAE: 0.2929362, Test MAE norm: 0.2079588
Epoch: 974, LR: 0.000010, Loss: 0.1354583, Validation MAE: 0.2611585, Test MAE: 0.2928187, Test MAE norm: 0.2078753
Epoch: 976, LR: 0.000010, Loss: 0.1354788, Validation MAE: 0.2611470, Test MAE: 0.2928455, Test MAE norm: 0.2078944
Epoch: 978, LR: 0.000010, Loss: 0.1354606, Validation MAE: 0.2611335, Test MAE: 0.2929598, Test MAE norm: 0.2079755
Epoch: 980, LR: 0.000010, Loss: 0.1354668, Validation MAE: 0.2610529, Test MAE: 0.2929226, Test MAE norm: 0.2079491
Epoch: 990, LR: 0.000010, Loss: 0.1354311, Validation MAE: 0.2609759, Test MAE: 0.2925677, Test MAE norm: 0.2076972
Epoch: 995, LR: 0.000010, Loss: 0.1354374, Validation MAE: 0.2609640, Test MAE: 0.2926337, Test MAE norm: 0.2077440
Epoch: 998, LR: 0.000010, Loss: 0.1354064, Validation MAE: 0.2609221, Test MAE: 0.2926676, Test MAE norm: 0.2077681
Epoch: 1003, LR: 0.000010, Loss: 0.1354058, Validation MAE: 0.2608973, Test MAE: 0.2924964, Test MAE norm: 0.2076465
Epoch: 1013, LR: 0.000010, Loss: 0.1353434, Validation MAE: 0.2609971, Test MAE: 0.2926133, Test MAE norm: 0.2077295
Epoch: 1021, LR: 0.000010, Loss: 0.1353140, Validation MAE: 0.2609285, Test MAE: 0.2924839, Test MAE norm: 0.2076377
Epoch: 1022, LR: 0.000010, Loss: 0.1353380, Validation MAE: 0.2609011, Test MAE: 0.2924609, Test MAE norm: 0.2076214
Epoch: 1025, LR: 0.000010, Loss: 0.1353370, Validation MAE: 0.2607984, Test MAE: 0.2925576, Test MAE norm: 0.2076900
Epoch: 1026, LR: 0.000010, Loss: 0.1353192, Validation MAE: 0.2606951, Test MAE: 0.2924101, Test MAE norm: 0.2075853
Epoch: 1036, LR: 0.000010, Loss: 0.1353205, Validation MAE: 0.2609519, Test MAE: 0.2922912, Test MAE norm: 0.2075008
Epoch: 1042, LR: 0.000010, Loss: 0.1352701, Validation MAE: 0.2609082, Test MAE: 0.2922846, Test MAE norm: 0.2074962
Epoch: 1043, LR: 0.000010, Loss: 0.1352577, Validation MAE: 0.2608250, Test MAE: 0.2921664, Test MAE norm: 0.2074123
Epoch: 1053, LR: 0.000010, Loss: 0.1352340, Validation MAE: 0.2608078, Test MAE: 0.2920738, Test MAE norm: 0.2073465
Epoch: 1058, LR: 0.000010, Loss: 0.1352096, Validation MAE: 0.2607880, Test MAE: 0.2921281, Test MAE norm: 0.2073851
Epoch: 1059, LR: 0.000010, Loss: 0.1352144, Validation MAE: 0.2607530, Test MAE: 0.2921016, Test MAE norm: 0.2073663
Epoch: 1069, LR: 0.000010, Loss: 0.1351799, Validation MAE: 0.2608096, Test MAE: 0.2918974, Test MAE norm: 0.2072213
Epoch: 1079, LR: 0.000010, Loss: 0.1351827, Validation MAE: 0.2609344, Test MAE: 0.2920308, Test MAE norm: 0.2073160
Epoch: 1080, LR: 0.000010, Loss: 0.1351225, Validation MAE: 0.2608411, Test MAE: 0.2920103, Test MAE norm: 0.2073014
Epoch: 1081, LR: 0.000010, Loss: 0.1351447, Validation MAE: 0.2607999, Test MAE: 0.2920106, Test MAE norm: 0.2073017
Epoch: 1082, LR: 0.000010, Loss: 0.1351422, Validation MAE: 0.2607799, Test MAE: 0.2919990, Test MAE norm: 0.2072934
Epoch: 1086, LR: 0.000010, Loss: 0.1351197, Validation MAE: 0.2607723, Test MAE: 0.2920130, Test MAE norm: 0.2073033
Epoch: 1088, LR: 0.000010, Loss: 0.1351134, Validation MAE: 0.2607329, Test MAE: 0.2919618, Test MAE norm: 0.2072670
Epoch: 1093, LR: 0.000010, Loss: 0.1351160, Validation MAE: 0.2607279, Test MAE: 0.2917030, Test MAE norm: 0.2070833
Epoch: 1103, LR: 0.000010, Loss: 0.1350951, Validation MAE: 0.2608277, Test MAE: 0.2915753, Test MAE norm: 0.2069926
Epoch: 1104, LR: 0.000010, Loss: 0.1350858, Validation MAE: 0.2606862, Test MAE: 0.2914368, Test MAE norm: 0.2068943
Epoch: 1114, LR: 0.000010, Loss: 0.1350372, Validation MAE: 0.2607802, Test MAE: 0.2914270, Test MAE norm: 0.2068874
Epoch: 1124, LR: 0.000010, Loss: 0.1350041, Validation MAE: 0.2609925, Test MAE: 0.2914143, Test MAE norm: 0.2068783
Epoch: 1127, LR: 0.000010, Loss: 0.1349945, Validation MAE: 0.2609795, Test MAE: 0.2914290, Test MAE norm: 0.2068888
Epoch: 1128, LR: 0.000010, Loss: 0.1350126, Validation MAE: 0.2609421, Test MAE: 0.2914559, Test MAE norm: 0.2069079
Epoch: 1132, LR: 0.000010, Loss: 0.1349815, Validation MAE: 0.2607929, Test MAE: 0.2912132, Test MAE norm: 0.2067356
Epoch: 1133, LR: 0.000010, Loss: 0.1350171, Validation MAE: 0.2607203, Test MAE: 0.2910444, Test MAE norm: 0.2066158
Epoch: 1143, LR: 0.000010, Loss: 0.1349517, Validation MAE: 0.2607794, Test MAE: 0.2912312, Test MAE norm: 0.2067484
Epoch: 1153, LR: 0.000010, Loss: 0.1349258, Validation MAE: 0.2607322, Test MAE: 0.2906582, Test MAE norm: 0.2063416
Epoch: 1163, LR: 0.000010, Loss: 0.1349226, Validation MAE: 0.2606891, Test MAE: 0.2906988, Test MAE norm: 0.2063704
Epoch: 1173, LR: 0.000010, Loss: 0.1348493, Validation MAE: 0.2608974, Test MAE: 0.2907178, Test MAE norm: 0.2063839
Epoch: 1178, LR: 0.000010, Loss: 0.1348293, Validation MAE: 0.2608896, Test MAE: 0.2907264, Test MAE norm: 0.2063900
Epoch: 1179, LR: 0.000010, Loss: 0.1348474, Validation MAE: 0.2608664, Test MAE: 0.2907259, Test MAE norm: 0.2063897
Epoch: 1183, LR: 0.000010, Loss: 0.1348508, Validation MAE: 0.2608407, Test MAE: 0.2907048, Test MAE norm: 0.2063747
Epoch: 1184, LR: 0.000010, Loss: 0.1348353, Validation MAE: 0.2607293, Test MAE: 0.2904508, Test MAE norm: 0.2061943
Epoch: 1189, LR: 0.000010, Loss: 0.1348296, Validation MAE: 0.2606382, Test MAE: 0.2904000, Test MAE norm: 0.2061583
Epoch: 1199, LR: 0.000010, Loss: 0.1348031, Validation MAE: 0.2612105, Test MAE: 0.2912994, Test MAE norm: 0.2067968
Epoch: 1200, LR: 0.000010, Loss: 0.1349288, Validation MAE: 0.2610190, Test MAE: 0.2909853, Test MAE norm: 0.2065738
Epoch: 1201, LR: 0.000010, Loss: 0.1348169, Validation MAE: 0.2607750, Test MAE: 0.2901829, Test MAE norm: 0.2060041
Epoch: 1211, LR: 0.000010, Loss: 0.1346848, Validation MAE: 0.2613586, Test MAE: 0.2909731, Test MAE norm: 0.2065651
Epoch: 1212, LR: 0.000010, Loss: 0.1348577, Validation MAE: 0.2612505, Test MAE: 0.2909279, Test MAE norm: 0.2065330
Epoch: 1213, LR: 0.000010, Loss: 0.1348076, Validation MAE: 0.2609459, Test MAE: 0.2903098, Test MAE norm: 0.2060942
Epoch: 1214, LR: 0.000010, Loss: 0.1346969, Validation MAE: 0.2608187, Test MAE: 0.2898585, Test MAE norm: 0.2057739
Epoch: 1224, LR: 0.000010, Loss: 0.1346797, Validation MAE: 0.2613532, Test MAE: 0.2902338, Test MAE norm: 0.2060403
Epoch: 1225, LR: 0.000010, Loss: 0.1347314, Validation MAE: 0.2612739, Test MAE: 0.2901547, Test MAE norm: 0.2059842
Epoch: 1226, LR: 0.000010, Loss: 0.1346798, Validation MAE: 0.2611130, Test MAE: 0.2898436, Test MAE norm: 0.2057633
Epoch: 1227, LR: 0.000010, Loss: 0.1347073, Validation MAE: 0.2609438, Test MAE: 0.2898146, Test MAE norm: 0.2057427
Epoch: 1231, LR: 0.000010, Loss: 0.1346407, Validation MAE: 0.2609107, Test MAE: 0.2901058, Test MAE norm: 0.2059494
Epoch: 1232, LR: 0.000010, Loss: 0.1346457, Validation MAE: 0.2608646, Test MAE: 0.2900285, Test MAE norm: 0.2058946
Epoch: 1242, LR: 0.000010, Loss: 0.1345988, Validation MAE: 0.2611511, Test MAE: 0.2902041, Test MAE norm: 0.2060192
Epoch: 1243, LR: 0.000010, Loss: 0.1346022, Validation MAE: 0.2610523, Test MAE: 0.2899161, Test MAE norm: 0.2058147
Epoch: 1244, LR: 0.000010, Loss: 0.1345648, Validation MAE: 0.2609999, Test MAE: 0.2897344, Test MAE norm: 0.2056857
Epoch: 1249, LR: 0.000010, Loss: 0.1345663, Validation MAE: 0.2609371, Test MAE: 0.2896175, Test MAE norm: 0.2056028
Epoch: 1259, LR: 0.000010, Loss: 0.1346273, Validation MAE: 0.2611724, Test MAE: 0.2897261, Test MAE norm: 0.2056799
Epoch: 1260, LR: 0.000010, Loss: 0.1345048, Validation MAE: 0.2610571, Test MAE: 0.2895347, Test MAE norm: 0.2055440
Epoch: 1270, LR: 0.000010, Loss: 0.1345036, Validation MAE: 0.2610959, Test MAE: 0.2893839, Test MAE norm: 0.2054369
Epoch: 1271, LR: 0.000010, Loss: 0.1345603, Validation MAE: 0.2610253, Test MAE: 0.2893004, Test MAE norm: 0.2053777
Epoch: 1272, LR: 0.000010, Loss: 0.1345398, Validation MAE: 0.2609634, Test MAE: 0.2897121, Test MAE norm: 0.2056700
Epoch: 1275, LR: 0.000010, Loss: 0.1344942, Validation MAE: 0.2609045, Test MAE: 0.2897619, Test MAE norm: 0.2057053
Epoch: 1285, LR: 0.000010, Loss: 0.1344063, Validation MAE: 0.2611176, Test MAE: 0.2896864, Test MAE norm: 0.2056517
Epoch: 1286, LR: 0.000010, Loss: 0.1344266, Validation MAE: 0.2610468, Test MAE: 0.2893823, Test MAE norm: 0.2054358
Epoch: 1287, LR: 0.000010, Loss: 0.1343945, Validation MAE: 0.2610178, Test MAE: 0.2891257, Test MAE norm: 0.2052536
Epoch: 1297, LR: 0.000010, Loss: 0.1343803, Validation MAE: 0.2610807, Test MAE: 0.2886912, Test MAE norm: 0.2049452
Epoch: 1302, LR: 0.000010, Loss: 0.1343585, Validation MAE: 0.2610408, Test MAE: 0.2887174, Test MAE norm: 0.2049638
Epoch: 1312, LR: 0.000010, Loss: 0.1343393, Validation MAE: 0.2611139, Test MAE: 0.2885686, Test MAE norm: 0.2048581
Epoch: 1313, LR: 0.000010, Loss: 0.1344251, Validation MAE: 0.2610863, Test MAE: 0.2886385, Test MAE norm: 0.2049078
Epoch: 1317, LR: 0.000010, Loss: 0.1343047, Validation MAE: 0.2610412, Test MAE: 0.2885134, Test MAE norm: 0.2048190
Epoch: 1319, LR: 0.000010, Loss: 0.1344232, Validation MAE: 0.2609919, Test MAE: 0.2885678, Test MAE norm: 0.2048576
Epoch: 1329, LR: 0.000010, Loss: 0.1342546, Validation MAE: 0.2612062, Test MAE: 0.2888134, Test MAE norm: 0.2050319
Epoch: 1330, LR: 0.000010, Loss: 0.1342459, Validation MAE: 0.2611792, Test MAE: 0.2888968, Test MAE norm: 0.2050911
Epoch: 1332, LR: 0.000010, Loss: 0.1342455, Validation MAE: 0.2611416, Test MAE: 0.2886850, Test MAE norm: 0.2049408
Epoch: 1335, LR: 0.000010, Loss: 0.1342226, Validation MAE: 0.2611199, Test MAE: 0.2885668, Test MAE norm: 0.2048569
Epoch: 1336, LR: 0.000010, Loss: 0.1342163, Validation MAE: 0.2610720, Test MAE: 0.2884172, Test MAE norm: 0.2047506
Epoch: 1337, LR: 0.000010, Loss: 0.1342500, Validation MAE: 0.2610510, Test MAE: 0.2886628, Test MAE norm: 0.2049250
Epoch: 1338, LR: 0.000010, Loss: 0.1342249, Validation MAE: 0.2610404, Test MAE: 0.2888537, Test MAE norm: 0.2050605
Epoch: 1348, LR: 0.000010, Loss: 0.1341406, Validation MAE: 0.2612471, Test MAE: 0.2882560, Test MAE norm: 0.2046362
Epoch: 1352, LR: 0.000010, Loss: 0.1341202, Validation MAE: 0.2612323, Test MAE: 0.2878826, Test MAE norm: 0.2043712
Epoch: 1362, LR: 0.000010, Loss: 0.1340775, Validation MAE: 0.2612852, Test MAE: 0.2877337, Test MAE norm: 0.2042655
Epoch: 1372, LR: 0.000010, Loss: 0.1340567, Validation MAE: 0.2612554, Test MAE: 0.2876995, Test MAE norm: 0.2042411
Epoch: 1382, LR: 0.000010, Loss: 0.1340899, Validation MAE: 0.2613638, Test MAE: 0.2877495, Test MAE norm: 0.2042767
Epoch: 1383, LR: 0.000010, Loss: 0.1340086, Validation MAE: 0.2612629, Test MAE: 0.2873673, Test MAE norm: 0.2040053
Epoch: 1390, LR: 0.000010, Loss: 0.1339723, Validation MAE: 0.2612526, Test MAE: 0.2878913, Test MAE norm: 0.2043773
Epoch: 1400, LR: 0.000010, Loss: 0.1339158, Validation MAE: 0.2612734, Test MAE: 0.2877037, Test MAE norm: 0.2042441
Epoch: 1401, LR: 0.000010, Loss: 0.1339165, Validation MAE: 0.2612389, Test MAE: 0.2876844, Test MAE norm: 0.2042304
Epoch: 1404, LR: 0.000010, Loss: 0.1339084, Validation MAE: 0.2612375, Test MAE: 0.2877835, Test MAE norm: 0.2043008
Epoch: 1407, LR: 0.000010, Loss: 0.1339145, Validation MAE: 0.2612358, Test MAE: 0.2871958, Test MAE norm: 0.2038836
Epoch: 1417, LR: 0.000010, Loss: 0.1338465, Validation MAE: 0.2613297, Test MAE: 0.2870832, Test MAE norm: 0.2038036
Epoch: 1421, LR: 0.000010, Loss: 0.1338204, Validation MAE: 0.2613275, Test MAE: 0.2869566, Test MAE norm: 0.2037138
Epoch: 1431, LR: 0.000010, Loss: 0.1337657, Validation MAE: 0.2614695, Test MAE: 0.2875196, Test MAE norm: 0.2041134
Epoch: 1432, LR: 0.000010, Loss: 0.1337713, Validation MAE: 0.2613897, Test MAE: 0.2870113, Test MAE norm: 0.2037526
Epoch: 1433, LR: 0.000010, Loss: 0.1337499, Validation MAE: 0.2612967, Test MAE: 0.2870280, Test MAE norm: 0.2037644
Epoch: 1438, LR: 0.000010, Loss: 0.1337430, Validation MAE: 0.2612557, Test MAE: 0.2868873, Test MAE norm: 0.2036646
Epoch: 1448, LR: 0.000010, Loss: 0.1337045, Validation MAE: 0.2613438, Test MAE: 0.2867854, Test MAE norm: 0.2035922
Epoch: 1458, LR: 0.000010, Loss: 0.1336210, Validation MAE: 0.2616382, Test MAE: 0.2872694, Test MAE norm: 0.2039358
Epoch: 1459, LR: 0.000010, Loss: 0.1336829, Validation MAE: 0.2614672, Test MAE: 0.2866134, Test MAE norm: 0.2034702
Epoch: 1460, LR: 0.000010, Loss: 0.1336156, Validation MAE: 0.2614587, Test MAE: 0.2863138, Test MAE norm: 0.2032575
Epoch: 1470, LR: 0.000010, Loss: 0.1335646, Validation MAE: 0.2615652, Test MAE: 0.2866383, Test MAE norm: 0.2034878
Epoch: 1471, LR: 0.000010, Loss: 0.1335576, Validation MAE: 0.2615190, Test MAE: 0.2867757, Test MAE norm: 0.2035854
Epoch: 1473, LR: 0.000010, Loss: 0.1335871, Validation MAE: 0.2614855, Test MAE: 0.2860257, Test MAE norm: 0.2030529
Epoch: 1474, LR: 0.000010, Loss: 0.1335992, Validation MAE: 0.2614839, Test MAE: 0.2863254, Test MAE norm: 0.2032657
Epoch: 1477, LR: 0.000010, Loss: 0.1335564, Validation MAE: 0.2614154, Test MAE: 0.2861812, Test MAE norm: 0.2031633
Epoch: 1487, LR: 0.000010, Loss: 0.1334649, Validation MAE: 0.2615216, Test MAE: 0.2859021, Test MAE norm: 0.2029652
Epoch: 1488, LR: 0.000010, Loss: 0.1334948, Validation MAE: 0.2615002, Test MAE: 0.2861013, Test MAE norm: 0.2031066
Epoch: 1491, LR: 0.000010, Loss: 0.1334477, Validation MAE: 0.2614337, Test MAE: 0.2859598, Test MAE norm: 0.2030061
Epoch: 1492, LR: 0.000010, Loss: 0.1334454, Validation MAE: 0.2614318, Test MAE: 0.2863590, Test MAE norm: 0.2032895
Epoch: 1494, LR: 0.000010, Loss: 0.1335078, Validation MAE: 0.2613596, Test MAE: 0.2860847, Test MAE norm: 0.2030948
Epoch: 1504, LR: 0.000010, Loss: 0.1334699, Validation MAE: 0.2614590, Test MAE: 0.2859612, Test MAE norm: 0.2030071
Epoch: 1505, LR: 0.000010, Loss: 0.1333766, Validation MAE: 0.2614581, Test MAE: 0.2858375, Test MAE norm: 0.2029193
Epoch: 1506, LR: 0.000010, Loss: 0.1333745, Validation MAE: 0.2614367, Test MAE: 0.2860525, Test MAE norm: 0.2030719
Epoch: 1509, LR: 0.000010, Loss: 0.1333538, Validation MAE: 0.2614093, Test MAE: 0.2856597, Test MAE norm: 0.2027931
Epoch: 1510, LR: 0.000010, Loss: 0.1333701, Validation MAE: 0.2614062, Test MAE: 0.2858137, Test MAE norm: 0.2029024
Epoch: 1514, LR: 0.000010, Loss: 0.1333418, Validation MAE: 0.2614024, Test MAE: 0.2857540, Test MAE norm: 0.2028600
Epoch: 1515, LR: 0.000010, Loss: 0.1333317, Validation MAE: 0.2613931, Test MAE: 0.2859282, Test MAE norm: 0.2029837
Epoch: 1516, LR: 0.000010, Loss: 0.1333388, Validation MAE: 0.2613818, Test MAE: 0.2858636, Test MAE norm: 0.2029378
Epoch: 1526, LR: 0.000010, Loss: 0.1332998, Validation MAE: 0.2615090, Test MAE: 0.2850283, Test MAE norm: 0.2023449
Epoch: 1527, LR: 0.000010, Loss: 0.1333137, Validation MAE: 0.2614973, Test MAE: 0.2853069, Test MAE norm: 0.2025426
Epoch: 1529, LR: 0.000010, Loss: 0.1333329, Validation MAE: 0.2614924, Test MAE: 0.2857535, Test MAE norm: 0.2028597
Epoch: 1539, LR: 0.000010, Loss: 0.1332013, Validation MAE: 0.2616434, Test MAE: 0.2849265, Test MAE norm: 0.2022726
Epoch: 1540, LR: 0.000010, Loss: 0.1331968, Validation MAE: 0.2616077, Test MAE: 0.2850747, Test MAE norm: 0.2023778
Epoch: 1541, LR: 0.000010, Loss: 0.1331961, Validation MAE: 0.2616012, Test MAE: 0.2853655, Test MAE norm: 0.2025842
Epoch: 1551, LR: 0.000010, Loss: 0.1331237, Validation MAE: 0.2615668, Test MAE: 0.2854377, Test MAE norm: 0.2026355
Epoch: 1552, LR: 0.000010, Loss: 0.1331450, Validation MAE: 0.2615236, Test MAE: 0.2847351, Test MAE norm: 0.2021367
Epoch: 1554, LR: 0.000010, Loss: 0.1331350, Validation MAE: 0.2614847, Test MAE: 0.2851355, Test MAE norm: 0.2024210
Epoch: 1564, LR: 0.000010, Loss: 0.1331069, Validation MAE: 0.2616625, Test MAE: 0.2853010, Test MAE norm: 0.2025385
Epoch: 1565, LR: 0.000010, Loss: 0.1330923, Validation MAE: 0.2616399, Test MAE: 0.2850780, Test MAE norm: 0.2023801
Epoch: 1568, LR: 0.000010, Loss: 0.1330614, Validation MAE: 0.2616276, Test MAE: 0.2848263, Test MAE norm: 0.2022014
Epoch: 1569, LR: 0.000010, Loss: 0.1330162, Validation MAE: 0.2615939, Test MAE: 0.2853046, Test MAE norm: 0.2025410
Epoch: 1579, LR: 0.000010, Loss: 0.1330242, Validation MAE: 0.2616351, Test MAE: 0.2846670, Test MAE norm: 0.2020883
Epoch: 1589, LR: 0.000010, Loss: 0.1329529, Validation MAE: 0.2617510, Test MAE: 0.2837735, Test MAE norm: 0.2014541
Epoch: 1592, LR: 0.000010, Loss: 0.1329311, Validation MAE: 0.2617272, Test MAE: 0.2844818, Test MAE norm: 0.2019569
Epoch: 1596, LR: 0.000010, Loss: 0.1328961, Validation MAE: 0.2617092, Test MAE: 0.2837856, Test MAE norm: 0.2014627
Epoch: 1597, LR: 0.000010, Loss: 0.1328490, Validation MAE: 0.2616257, Test MAE: 0.2845039, Test MAE norm: 0.2019726
Epoch: 1607, LR: 0.000010, Loss: 0.1327839, Validation MAE: 0.2617000, Test MAE: 0.2840766, Test MAE norm: 0.2016692
Epoch: 1608, LR: 0.000010, Loss: 0.1327757, Validation MAE: 0.2616009, Test MAE: 0.2836915, Test MAE norm: 0.2013958
Epoch: 1615, LR: 0.000010, Loss: 0.1327633, Validation MAE: 0.2616002, Test MAE: 0.2834284, Test MAE norm: 0.2012091
Epoch: 1617, LR: 0.000010, Loss: 0.1327561, Validation MAE: 0.2615840, Test MAE: 0.2838563, Test MAE norm: 0.2015128
Epoch: 1618, LR: 0.000010, Loss: 0.1327207, Validation MAE: 0.2615647, Test MAE: 0.2838051, Test MAE norm: 0.2014765
Epoch: 1622, LR: 0.000010, Loss: 0.1327453, Validation MAE: 0.2615545, Test MAE: 0.2839627, Test MAE norm: 0.2015883
Epoch: 1625, LR: 0.000010, Loss: 0.1326753, Validation MAE: 0.2615399, Test MAE: 0.2839709, Test MAE norm: 0.2015942
Epoch: 1626, LR: 0.000010, Loss: 0.1326924, Validation MAE: 0.2614682, Test MAE: 0.2831750, Test MAE norm: 0.2010291
Epoch: 1631, LR: 0.000010, Loss: 0.1326468, Validation MAE: 0.2614597, Test MAE: 0.2830229, Test MAE norm: 0.2009211
Epoch: 1633, LR: 0.000010, Loss: 0.1327253, Validation MAE: 0.2614372, Test MAE: 0.2832427, Test MAE norm: 0.2010773
Epoch: 1634, LR: 0.000010, Loss: 0.1326384, Validation MAE: 0.2614110, Test MAE: 0.2842045, Test MAE norm: 0.2017601
Epoch: 1635, LR: 0.000010, Loss: 0.1327159, Validation MAE: 0.2613706, Test MAE: 0.2839500, Test MAE norm: 0.2015794
Epoch: 1638, LR: 0.000010, Loss: 0.1326583, Validation MAE: 0.2613299, Test MAE: 0.2836654, Test MAE norm: 0.2013773
Epoch: 1642, LR: 0.000010, Loss: 0.1325656, Validation MAE: 0.2612693, Test MAE: 0.2838663, Test MAE norm: 0.2015199
Epoch: 1646, LR: 0.000010, Loss: 0.1325248, Validation MAE: 0.2612106, Test MAE: 0.2839108, Test MAE norm: 0.2015515
Epoch: 1650, LR: 0.000010, Loss: 0.1325224, Validation MAE: 0.2611678, Test MAE: 0.2840117, Test MAE norm: 0.2016231
Epoch: 1653, LR: 0.000010, Loss: 0.1325721, Validation MAE: 0.2611595, Test MAE: 0.2835243, Test MAE norm: 0.2012772
Epoch: 1657, LR: 0.000010, Loss: 0.1324764, Validation MAE: 0.2611031, Test MAE: 0.2836074, Test MAE norm: 0.2013361
Epoch: 1661, LR: 0.000010, Loss: 0.1324596, Validation MAE: 0.2610441, Test MAE: 0.2838037, Test MAE norm: 0.2014755
Epoch: 1664, LR: 0.000010, Loss: 0.1325089, Validation MAE: 0.2609823, Test MAE: 0.2834431, Test MAE norm: 0.2012195
Epoch: 1665, LR: 0.000010, Loss: 0.1324121, Validation MAE: 0.2609024, Test MAE: 0.2839473, Test MAE norm: 0.2015774
Epoch: 1668, LR: 0.000010, Loss: 0.1324351, Validation MAE: 0.2608679, Test MAE: 0.2837280, Test MAE norm: 0.2014217
Epoch: 1672, LR: 0.000010, Loss: 0.1323963, Validation MAE: 0.2608259, Test MAE: 0.2835909, Test MAE norm: 0.2013244
Epoch: 1676, LR: 0.000010, Loss: 0.1323761, Validation MAE: 0.2606652, Test MAE: 0.2839842, Test MAE norm: 0.2016036
Epoch: 1681, LR: 0.000010, Loss: 0.1323582, Validation MAE: 0.2605107, Test MAE: 0.2842593, Test MAE norm: 0.2017989
Epoch: 1687, LR: 0.000010, Loss: 0.1323442, Validation MAE: 0.2603874, Test MAE: 0.2845384, Test MAE norm: 0.2019971
Epoch: 1697, LR: 0.000010, Loss: 0.1323891, Validation MAE: 0.2608562, Test MAE: 0.2828512, Test MAE norm: 0.2007993
Epoch: 1698, LR: 0.000010, Loss: 0.1323864, Validation MAE: 0.2605690, Test MAE: 0.2833810, Test MAE norm: 0.2011754
Epoch: 1699, LR: 0.000010, Loss: 0.1322349, Validation MAE: 0.2604699, Test MAE: 0.2839707, Test MAE norm: 0.2015941
Epoch: 1704, LR: 0.000010, Loss: 0.1322746, Validation MAE: 0.2602892, Test MAE: 0.2840234, Test MAE norm: 0.2016315
Epoch: 1710, LR: 0.000010, Loss: 0.1322177, Validation MAE: 0.2601391, Test MAE: 0.2839957, Test MAE norm: 0.2016118
Epoch: 1720, LR: 0.000010, Loss: 0.1321233, Validation MAE: 0.2602007, Test MAE: 0.2833339, Test MAE norm: 0.2011420
Epoch: 1721, LR: 0.000010, Loss: 0.1321330, Validation MAE: 0.2599840, Test MAE: 0.2836726, Test MAE norm: 0.2013824
Epoch: 1722, LR: 0.000010, Loss: 0.1321191, Validation MAE: 0.2598672, Test MAE: 0.2839628, Test MAE norm: 0.2015885
Epoch: 1726, LR: 0.000010, Loss: 0.1321029, Validation MAE: 0.2594932, Test MAE: 0.2848071, Test MAE norm: 0.2021879
Epoch: 1732, LR: 0.000010, Loss: 0.1320879, Validation MAE: 0.2594889, Test MAE: 0.2849019, Test MAE norm: 0.2022551
Epoch: 1742, LR: 0.000010, Loss: 0.1324195, Validation MAE: 0.2606070, Test MAE: 0.2824828, Test MAE norm: 0.2005377
Epoch: 1743, LR: 0.000010, Loss: 0.1322252, Validation MAE: 0.2598497, Test MAE: 0.2833397, Test MAE norm: 0.2011461
Epoch: 1744, LR: 0.000010, Loss: 0.1319755, Validation MAE: 0.2594437, Test MAE: 0.2847973, Test MAE norm: 0.2021809
Epoch: 1751, LR: 0.000010, Loss: 0.1319200, Validation MAE: 0.2592530, Test MAE: 0.2848451, Test MAE norm: 0.2022148
Epoch: 1759, LR: 0.000010, Loss: 0.1322626, Validation MAE: 0.2592199, Test MAE: 0.2844704, Test MAE norm: 0.2019488
Epoch: 1769, LR: 0.000010, Loss: 0.1318316, Validation MAE: 0.2595831, Test MAE: 0.2835498, Test MAE norm: 0.2012952
Epoch: 1770, LR: 0.000010, Loss: 0.1318452, Validation MAE: 0.2595333, Test MAE: 0.2836604, Test MAE norm: 0.2013737
Epoch: 1771, LR: 0.000010, Loss: 0.1318443, Validation MAE: 0.2593090, Test MAE: 0.2841263, Test MAE norm: 0.2017045
Epoch: 1774, LR: 0.000010, Loss: 0.1318204, Validation MAE: 0.2591657, Test MAE: 0.2842645, Test MAE norm: 0.2018026
Epoch: 1778, LR: 0.000010, Loss: 0.1317956, Validation MAE: 0.2591044, Test MAE: 0.2841951, Test MAE norm: 0.2017533
Epoch: 1782, LR: 0.000010, Loss: 0.1317837, Validation MAE: 0.2589830, Test MAE: 0.2843106, Test MAE norm: 0.2018353
Epoch: 1792, LR: 0.000010, Loss: 0.1317435, Validation MAE: 0.2590771, Test MAE: 0.2842458, Test MAE norm: 0.2017893
Epoch: 1798, LR: 0.000010, Loss: 0.1318064, Validation MAE: 0.2590635, Test MAE: 0.2840839, Test MAE norm: 0.2016744
Epoch: 1803, LR: 0.000010, Loss: 0.1317616, Validation MAE: 0.2590165, Test MAE: 0.2836749, Test MAE norm: 0.2013840
Epoch: 1808, LR: 0.000010, Loss: 0.1316023, Validation MAE: 0.2586808, Test MAE: 0.2840714, Test MAE norm: 0.2016655
Epoch: 1814, LR: 0.000010, Loss: 0.1315166, Validation MAE: 0.2585435, Test MAE: 0.2843247, Test MAE norm: 0.2018453
Epoch: 1819, LR: 0.000010, Loss: 0.1315312, Validation MAE: 0.2583015, Test MAE: 0.2845299, Test MAE norm: 0.2019910
Epoch: 1829, LR: 0.000010, Loss: 0.1315327, Validation MAE: 0.2584909, Test MAE: 0.2840982, Test MAE norm: 0.2016846
Epoch: 1839, LR: 0.000010, Loss: 0.1314559, Validation MAE: 0.2587859, Test MAE: 0.2834818, Test MAE norm: 0.2012469
Epoch: 1844, LR: 0.000010, Loss: 0.1313832, Validation MAE: 0.2587402, Test MAE: 0.2835262, Test MAE norm: 0.2012785
Epoch: 1845, LR: 0.000010, Loss: 0.1314492, Validation MAE: 0.2586985, Test MAE: 0.2835509, Test MAE norm: 0.2012960
Epoch: 1848, LR: 0.000010, Loss: 0.1313879, Validation MAE: 0.2585289, Test MAE: 0.2838034, Test MAE norm: 0.2014753
Epoch: 1849, LR: 0.000010, Loss: 0.1313488, Validation MAE: 0.2583927, Test MAE: 0.2839118, Test MAE norm: 0.2015522
Epoch: 1853, LR: 0.000010, Loss: 0.1313422, Validation MAE: 0.2577385, Test MAE: 0.2846424, Test MAE norm: 0.2020709
Epoch: 1859, LR: 0.000010, Loss: 0.1313160, Validation MAE: 0.2576991, Test MAE: 0.2845480, Test MAE norm: 0.2020038
Epoch: 1864, LR: 0.000010, Loss: 0.1312612, Validation MAE: 0.2576964, Test MAE: 0.2846121, Test MAE norm: 0.2020494
Epoch: 1874, LR: 0.000010, Loss: 0.1311699, Validation MAE: 0.2580115, Test MAE: 0.2839026, Test MAE norm: 0.2015457
Epoch: 1879, LR: 0.000010, Loss: 0.1311262, Validation MAE: 0.2576672, Test MAE: 0.2842788, Test MAE norm: 0.2018128
Epoch: 1889, LR: 0.000010, Loss: 0.1311977, Validation MAE: 0.2578274, Test MAE: 0.2834924, Test MAE norm: 0.2012545
Epoch: 1899, LR: 0.000010, Loss: 0.1310261, Validation MAE: 0.2576835, Test MAE: 0.2838763, Test MAE norm: 0.2015270
Epoch: 1903, LR: 0.000010, Loss: 0.1310699, Validation MAE: 0.2575517, Test MAE: 0.2838650, Test MAE norm: 0.2015190
Epoch: 1907, LR: 0.000010, Loss: 0.1310247, Validation MAE: 0.2574300, Test MAE: 0.2834673, Test MAE norm: 0.2012367
Epoch: 1908, LR: 0.000010, Loss: 0.1309301, Validation MAE: 0.2568997, Test MAE: 0.2840951, Test MAE norm: 0.2016824
Epoch: 1914, LR: 0.000010, Loss: 0.1308867, Validation MAE: 0.2566245, Test MAE: 0.2841915, Test MAE norm: 0.2017508
Epoch: 1924, LR: 0.000010, Loss: 0.1311673, Validation MAE: 0.2584546, Test MAE: 0.2823445, Test MAE norm: 0.2004396
Epoch: 1925, LR: 0.000010, Loss: 0.1310067, Validation MAE: 0.2574376, Test MAE: 0.2830746, Test MAE norm: 0.2009579
Epoch: 1926, LR: 0.000010, Loss: 0.1308836, Validation MAE: 0.2570053, Test MAE: 0.2833896, Test MAE norm: 0.2011815
Epoch: 1932, LR: 0.000010, Loss: 0.1308650, Validation MAE: 0.2568648, Test MAE: 0.2834896, Test MAE norm: 0.2012525
Epoch: 1942, LR: 0.000010, Loss: 0.1307696, Validation MAE: 0.2568236, Test MAE: 0.2835006, Test MAE norm: 0.2012603
Epoch: 1947, LR: 0.000010, Loss: 0.1308170, Validation MAE: 0.2565922, Test MAE: 0.2834861, Test MAE norm: 0.2012500
Epoch: 1952, LR: 0.000010, Loss: 0.1307132, Validation MAE: 0.2564929, Test MAE: 0.2836054, Test MAE norm: 0.2013347
Epoch: 1960, LR: 0.000010, Loss: 0.1305837, Validation MAE: 0.2563762, Test MAE: 0.2836100, Test MAE norm: 0.2013379
Epoch: 1963, LR: 0.000010, Loss: 0.1306041, Validation MAE: 0.2561164, Test MAE: 0.2834916, Test MAE norm: 0.2012540
Epoch: 1966, LR: 0.000010, Loss: 0.1305576, Validation MAE: 0.2560506, Test MAE: 0.2839158, Test MAE norm: 0.2015551
Epoch: 1976, LR: 0.000010, Loss: 0.1304764, Validation MAE: 0.2564246, Test MAE: 0.2827543, Test MAE norm: 0.2007305
Epoch: 1977, LR: 0.000010, Loss: 0.1304812, Validation MAE: 0.2563519, Test MAE: 0.2828782, Test MAE norm: 0.2008185
Epoch: 1978, LR: 0.000010, Loss: 0.1304756, Validation MAE: 0.2558619, Test MAE: 0.2831810, Test MAE norm: 0.2010334
Epoch: 1985, LR: 0.000010, Loss: 0.1304418, Validation MAE: 0.2558557, Test MAE: 0.2841375, Test MAE norm: 0.2017125
Epoch: 1989, LR: 0.000010, Loss: 0.1303679, Validation MAE: 0.2556969, Test MAE: 0.2833274, Test MAE norm: 0.2011374
Epoch: 1993, LR: 0.000010, Loss: 0.1303259, Validation MAE: 0.2554429, Test MAE: 0.2833534, Test MAE norm: 0.2011559
Epoch: 1993, LR: 0.000010, Loss: 0.1303259, Validation MAE: 0.2554429, Test MAE: 0.2833534, Test MAE norm: 0.2011559