Command line input: python run_count.py --batch_size 256 --target 2 --model IDGNN --h 3 --seed 1 --epoch 2000 --dataset easy-1
Mean = 9.685, Std = 14.079
Using IDGNN model

Epoch: 001, LR: 0.001000, Loss: 0.4450964, Validation MAE: 6.9018226, Test MAE: 7.4451241, Test MAE norm: 0.5288178
Epoch: 002, LR: 0.001000, Loss: 0.4495866, Validation MAE: 6.7789617, Test MAE: 6.0960345, Test MAE norm: 0.4329937
Epoch: 004, LR: 0.001000, Loss: 0.4384960, Validation MAE: 6.6920538, Test MAE: 6.6444306, Test MAE norm: 0.4719456
Epoch: 005, LR: 0.001000, Loss: 0.4396313, Validation MAE: 6.5307255, Test MAE: 6.4117107, Test MAE norm: 0.4554158
Epoch: 006, LR: 0.001000, Loss: 0.4304290, Validation MAE: 6.3622761, Test MAE: 6.5510783, Test MAE norm: 0.4653149
Epoch: 007, LR: 0.001000, Loss: 0.4163481, Validation MAE: 6.2368569, Test MAE: 6.6561556, Test MAE norm: 0.4727784
Epoch: 008, LR: 0.001000, Loss: 0.4088223, Validation MAE: 6.1563821, Test MAE: 6.4008946, Test MAE norm: 0.4546475
Epoch: 009, LR: 0.001000, Loss: 0.4049519, Validation MAE: 5.9721050, Test MAE: 6.6107388, Test MAE norm: 0.4695525
Epoch: 011, LR: 0.001000, Loss: 0.4112021, Validation MAE: 5.9279995, Test MAE: 6.1342120, Test MAE norm: 0.4357054
Epoch: 013, LR: 0.001000, Loss: 0.4215892, Validation MAE: 5.7224264, Test MAE: 6.2665348, Test MAE norm: 0.4451041
Epoch: 015, LR: 0.001000, Loss: 0.3830731, Validation MAE: 5.2884660, Test MAE: 5.8503280, Test MAE norm: 0.4155415
Epoch: 016, LR: 0.001000, Loss: 0.3549896, Validation MAE: 5.0364623, Test MAE: 5.7012062, Test MAE norm: 0.4049495
Epoch: 026, LR: 0.001000, Loss: 0.3455422, Validation MAE: 5.1850224, Test MAE: 5.9799056, Test MAE norm: 0.4247452
Epoch: 027, LR: 0.001000, Loss: 0.3486047, Validation MAE: 4.8131781, Test MAE: 5.5686884, Test MAE norm: 0.3955370
Epoch: 037, LR: 0.001000, Loss: 0.3799571, Validation MAE: 5.4883313, Test MAE: 6.1885786, Test MAE norm: 0.4395670
Epoch: 039, LR: 0.000900, Loss: 0.3667640, Validation MAE: 5.4838710, Test MAE: 5.9839749, Test MAE norm: 0.4250342
Epoch: 040, LR: 0.000900, Loss: 0.3579024, Validation MAE: 5.3229613, Test MAE: 5.9343247, Test MAE norm: 0.4215077
Epoch: 041, LR: 0.000900, Loss: 0.3484814, Validation MAE: 5.1396685, Test MAE: 5.8549900, Test MAE norm: 0.4158726
Epoch: 042, LR: 0.000900, Loss: 0.3447376, Validation MAE: 5.0185013, Test MAE: 5.7298341, Test MAE norm: 0.4069829
Epoch: 045, LR: 0.000900, Loss: 0.3308786, Validation MAE: 4.8370347, Test MAE: 5.7208524, Test MAE norm: 0.4063450
Epoch: 047, LR: 0.000900, Loss: 0.3260396, Validation MAE: 4.7765522, Test MAE: 5.3955026, Test MAE norm: 0.3832358
Epoch: 048, LR: 0.000900, Loss: 0.3181379, Validation MAE: 4.5683069, Test MAE: 5.3779860, Test MAE norm: 0.3819916
Epoch: 050, LR: 0.000900, Loss: 0.3245438, Validation MAE: 4.4187646, Test MAE: 5.0613208, Test MAE norm: 0.3594993
Epoch: 054, LR: 0.000900, Loss: 0.3308988, Validation MAE: 4.3797588, Test MAE: 4.7624106, Test MAE norm: 0.3382681
Epoch: 056, LR: 0.000900, Loss: 0.3399612, Validation MAE: 4.2406969, Test MAE: 4.9873061, Test MAE norm: 0.3542421
Epoch: 057, LR: 0.000900, Loss: 0.3043655, Validation MAE: 4.2102065, Test MAE: 5.0434914, Test MAE norm: 0.3582329
Epoch: 066, LR: 0.000900, Loss: 0.2948040, Validation MAE: 4.1453948, Test MAE: 5.0355401, Test MAE norm: 0.3576681
Epoch: 069, LR: 0.000900, Loss: 0.2977445, Validation MAE: 4.1240077, Test MAE: 5.0442419, Test MAE norm: 0.3582862
Epoch: 070, LR: 0.000900, Loss: 0.3012865, Validation MAE: 4.1236944, Test MAE: 4.8768334, Test MAE norm: 0.3463954
Epoch: 075, LR: 0.000900, Loss: 0.2947315, Validation MAE: 4.1028509, Test MAE: 4.8044195, Test MAE norm: 0.3412519
Epoch: 078, LR: 0.000900, Loss: 0.2985623, Validation MAE: 4.0976849, Test MAE: 4.7667756, Test MAE norm: 0.3385781
Epoch: 079, LR: 0.000900, Loss: 0.2892981, Validation MAE: 4.0821037, Test MAE: 4.8945956, Test MAE norm: 0.3476570
Epoch: 088, LR: 0.000900, Loss: 0.2895647, Validation MAE: 4.0780258, Test MAE: 4.7079463, Test MAE norm: 0.3343995
Epoch: 091, LR: 0.000900, Loss: 0.2936532, Validation MAE: 4.0349560, Test MAE: 4.9385352, Test MAE norm: 0.3507780
Epoch: 101, LR: 0.000900, Loss: 0.2905964, Validation MAE: 4.0542388, Test MAE: 4.6346540, Test MAE norm: 0.3291937
Epoch: 104, LR: 0.000810, Loss: 0.2831846, Validation MAE: 4.0459495, Test MAE: 4.6427341, Test MAE norm: 0.3297676
Epoch: 114, LR: 0.000729, Loss: 0.2831056, Validation MAE: 4.4107623, Test MAE: 4.6510940, Test MAE norm: 0.3303614
Epoch: 115, LR: 0.000729, Loss: 0.2843630, Validation MAE: 4.0638213, Test MAE: 4.5610466, Test MAE norm: 0.3239654
Epoch: 118, LR: 0.000729, Loss: 0.2845563, Validation MAE: 4.0510778, Test MAE: 4.5821447, Test MAE norm: 0.3254640
Epoch: 128, LR: 0.000656, Loss: 0.2800219, Validation MAE: 4.1032910, Test MAE: 4.5073457, Test MAE norm: 0.3201511
Epoch: 131, LR: 0.000656, Loss: 0.2791521, Validation MAE: 4.0106497, Test MAE: 4.6018353, Test MAE norm: 0.3268626
Epoch: 138, LR: 0.000656, Loss: 0.2800146, Validation MAE: 3.9977334, Test MAE: 4.5803180, Test MAE norm: 0.3253343
Epoch: 143, LR: 0.000656, Loss: 0.2776056, Validation MAE: 3.9752431, Test MAE: 4.5674424, Test MAE norm: 0.3244197
Epoch: 153, LR: 0.000656, Loss: 0.3010462, Validation MAE: 4.1990957, Test MAE: 4.8577967, Test MAE norm: 0.3450432
Epoch: 154, LR: 0.000656, Loss: 0.2914368, Validation MAE: 4.0651140, Test MAE: 4.9034529, Test MAE norm: 0.3482861
Epoch: 158, LR: 0.000590, Loss: 0.2932759, Validation MAE: 4.0585098, Test MAE: 4.5521579, Test MAE norm: 0.3233341
Epoch: 161, LR: 0.000590, Loss: 0.2821606, Validation MAE: 4.0358877, Test MAE: 4.7382092, Test MAE norm: 0.3365491
Epoch: 171, LR: 0.000531, Loss: 0.2780051, Validation MAE: 4.0822272, Test MAE: 4.5628848, Test MAE norm: 0.3240960
Epoch: 173, LR: 0.000531, Loss: 0.2783504, Validation MAE: 4.0617490, Test MAE: 4.5273070, Test MAE norm: 0.3215689
Epoch: 176, LR: 0.000531, Loss: 0.2770506, Validation MAE: 4.0613794, Test MAE: 4.5393038, Test MAE norm: 0.3224210
Epoch: 179, LR: 0.000478, Loss: 0.2754234, Validation MAE: 4.0452738, Test MAE: 4.4914284, Test MAE norm: 0.3190205
Epoch: 182, LR: 0.000478, Loss: 0.2746615, Validation MAE: 4.0282683, Test MAE: 4.4946766, Test MAE norm: 0.3192512
Epoch: 187, LR: 0.000478, Loss: 0.2762459, Validation MAE: 3.9903412, Test MAE: 4.4725342, Test MAE norm: 0.3176785
Epoch: 197, LR: 0.000430, Loss: 0.2737066, Validation MAE: 4.1887846, Test MAE: 4.5242028, Test MAE norm: 0.3213485
Epoch: 198, LR: 0.000430, Loss: 0.2736668, Validation MAE: 4.0201201, Test MAE: 4.4834437, Test MAE norm: 0.3184534
Epoch: 206, LR: 0.000387, Loss: 0.2727470, Validation MAE: 4.0190368, Test MAE: 4.4590249, Test MAE norm: 0.3167189
Epoch: 216, LR: 0.000349, Loss: 0.2718179, Validation MAE: 4.0396137, Test MAE: 4.4712029, Test MAE norm: 0.3175839
Epoch: 219, LR: 0.000349, Loss: 0.2709125, Validation MAE: 4.0175481, Test MAE: 4.4794140, Test MAE norm: 0.3181672
Epoch: 225, LR: 0.000314, Loss: 0.2706218, Validation MAE: 4.0059457, Test MAE: 4.4776478, Test MAE norm: 0.3180417
Epoch: 228, LR: 0.000314, Loss: 0.2709465, Validation MAE: 3.9981804, Test MAE: 4.4752064, Test MAE norm: 0.3178683
Epoch: 230, LR: 0.000314, Loss: 0.2735589, Validation MAE: 3.9191325, Test MAE: 4.5310984, Test MAE norm: 0.3218382
Epoch: 234, LR: 0.000314, Loss: 0.2731130, Validation MAE: 3.8857687, Test MAE: 4.5401092, Test MAE norm: 0.3224783
Epoch: 244, LR: 0.000314, Loss: 0.2744230, Validation MAE: 3.9545431, Test MAE: 4.4954314, Test MAE norm: 0.3193049
Epoch: 246, LR: 0.000282, Loss: 0.2751083, Validation MAE: 3.9496696, Test MAE: 4.5046077, Test MAE norm: 0.3199566
Epoch: 247, LR: 0.000282, Loss: 0.2711513, Validation MAE: 3.9088809, Test MAE: 4.4951806, Test MAE norm: 0.3192870
Epoch: 257, LR: 0.000254, Loss: 0.2719663, Validation MAE: 3.9463928, Test MAE: 4.5143881, Test MAE norm: 0.3206513
Epoch: 260, LR: 0.000254, Loss: 0.2694919, Validation MAE: 3.8846152, Test MAE: 4.5354776, Test MAE norm: 0.3221493
Epoch: 270, LR: 0.000254, Loss: 0.2720813, Validation MAE: 3.9762001, Test MAE: 4.5056543, Test MAE norm: 0.3200310
Epoch: 271, LR: 0.000254, Loss: 0.2691018, Validation MAE: 3.8810387, Test MAE: 4.5426745, Test MAE norm: 0.3226605
Epoch: 281, LR: 0.000254, Loss: 0.2688646, Validation MAE: 3.9307384, Test MAE: 4.5115042, Test MAE norm: 0.3204465
Epoch: 288, LR: 0.000229, Loss: 0.2690191, Validation MAE: 3.8989842, Test MAE: 4.5171766, Test MAE norm: 0.3208494
Epoch: 292, LR: 0.000229, Loss: 0.2686155, Validation MAE: 3.8829243, Test MAE: 4.5437303, Test MAE norm: 0.3227355
Epoch: 302, LR: 0.000206, Loss: 0.2688897, Validation MAE: 4.0923505, Test MAE: 4.5758018, Test MAE norm: 0.3250135
Epoch: 303, LR: 0.000206, Loss: 0.2680621, Validation MAE: 3.9518845, Test MAE: 4.5237226, Test MAE norm: 0.3213143
Epoch: 312, LR: 0.000185, Loss: 0.2678639, Validation MAE: 3.9457612, Test MAE: 4.5457921, Test MAE norm: 0.3228819
Epoch: 316, LR: 0.000167, Loss: 0.2670881, Validation MAE: 3.9420328, Test MAE: 4.5297232, Test MAE norm: 0.3217406
Epoch: 317, LR: 0.000167, Loss: 0.2672684, Validation MAE: 3.9407284, Test MAE: 4.5314007, Test MAE norm: 0.3218597
Epoch: 327, LR: 0.000150, Loss: 0.2668560, Validation MAE: 3.9988344, Test MAE: 4.5586205, Test MAE norm: 0.3237931
Epoch: 328, LR: 0.000150, Loss: 0.2671757, Validation MAE: 3.9718013, Test MAE: 4.5416651, Test MAE norm: 0.3225888
Epoch: 336, LR: 0.000150, Loss: 0.2666523, Validation MAE: 3.9552617, Test MAE: 4.5485954, Test MAE norm: 0.3230810
Epoch: 337, LR: 0.000150, Loss: 0.2665778, Validation MAE: 3.9389396, Test MAE: 4.5495768, Test MAE norm: 0.3231507
Epoch: 345, LR: 0.000135, Loss: 0.2663007, Validation MAE: 3.9323363, Test MAE: 4.5456357, Test MAE norm: 0.3228708
Epoch: 355, LR: 0.000122, Loss: 0.2660795, Validation MAE: 3.9281149, Test MAE: 4.5492125, Test MAE norm: 0.3231249
Epoch: 365, LR: 0.000109, Loss: 0.2657807, Validation MAE: 3.9233274, Test MAE: 4.5510106, Test MAE norm: 0.3232526
Epoch: 374, LR: 0.000098, Loss: 0.2655961, Validation MAE: 3.9179349, Test MAE: 4.5582213, Test MAE norm: 0.3237647
Epoch: 378, LR: 0.000098, Loss: 0.2654324, Validation MAE: 3.8992553, Test MAE: 4.5581226, Test MAE norm: 0.3237577
Epoch: 388, LR: 0.000089, Loss: 0.2654012, Validation MAE: 3.9625261, Test MAE: 4.5718498, Test MAE norm: 0.3247328
Epoch: 389, LR: 0.000089, Loss: 0.2653723, Validation MAE: 3.9450300, Test MAE: 4.5702977, Test MAE norm: 0.3246225
Epoch: 390, LR: 0.000089, Loss: 0.2652439, Validation MAE: 3.9245749, Test MAE: 4.5659909, Test MAE norm: 0.3243166
Epoch: 393, LR: 0.000080, Loss: 0.2652214, Validation MAE: 3.9205062, Test MAE: 4.5619135, Test MAE norm: 0.3240270
Epoch: 394, LR: 0.000080, Loss: 0.2652140, Validation MAE: 3.9139023, Test MAE: 4.5589156, Test MAE norm: 0.3238141
Epoch: 398, LR: 0.000080, Loss: 0.2652026, Validation MAE: 3.9085364, Test MAE: 4.5653458, Test MAE norm: 0.3242708
Epoch: 405, LR: 0.000072, Loss: 0.2650464, Validation MAE: 3.9085267, Test MAE: 4.5601835, Test MAE norm: 0.3239041
Epoch: 415, LR: 0.000065, Loss: 0.2649581, Validation MAE: 3.9273188, Test MAE: 4.5704746, Test MAE norm: 0.3246351
Epoch: 418, LR: 0.000065, Loss: 0.2651249, Validation MAE: 3.9077966, Test MAE: 4.5722837, Test MAE norm: 0.3247636
Epoch: 422, LR: 0.000065, Loss: 0.2648110, Validation MAE: 3.9039507, Test MAE: 4.5717068, Test MAE norm: 0.3247226
Epoch: 425, LR: 0.000065, Loss: 0.2649476, Validation MAE: 3.8963861, Test MAE: 4.5669198, Test MAE norm: 0.3243826
Epoch: 426, LR: 0.000058, Loss: 0.2649985, Validation MAE: 3.8842895, Test MAE: 4.5622215, Test MAE norm: 0.3240489
Epoch: 436, LR: 0.000058, Loss: 0.2647441, Validation MAE: 3.9205990, Test MAE: 4.5748076, Test MAE norm: 0.3249429
Epoch: 438, LR: 0.000052, Loss: 0.2646185, Validation MAE: 3.9045882, Test MAE: 4.5725255, Test MAE norm: 0.3247808
Epoch: 439, LR: 0.000052, Loss: 0.2646026, Validation MAE: 3.8997662, Test MAE: 4.5740972, Test MAE norm: 0.3248924
Epoch: 443, LR: 0.000052, Loss: 0.2645272, Validation MAE: 3.8869896, Test MAE: 4.5716500, Test MAE norm: 0.3247186
Epoch: 453, LR: 0.000047, Loss: 0.2645609, Validation MAE: 3.9193108, Test MAE: 4.5759869, Test MAE norm: 0.3250266
Epoch: 455, LR: 0.000047, Loss: 0.2645899, Validation MAE: 3.9076562, Test MAE: 4.5763063, Test MAE norm: 0.3250493
Epoch: 456, LR: 0.000047, Loss: 0.2645749, Validation MAE: 3.8920350, Test MAE: 4.5763407, Test MAE norm: 0.3250518
Epoch: 466, LR: 0.000042, Loss: 0.2645948, Validation MAE: 3.9068513, Test MAE: 4.5783162, Test MAE norm: 0.3251921
Epoch: 469, LR: 0.000042, Loss: 0.2647206, Validation MAE: 3.9061780, Test MAE: 4.5768991, Test MAE norm: 0.3250914
Epoch: 471, LR: 0.000038, Loss: 0.2643121, Validation MAE: 3.8898244, Test MAE: 4.5763321, Test MAE norm: 0.3250511
Epoch: 472, LR: 0.000038, Loss: 0.2646140, Validation MAE: 3.8844721, Test MAE: 4.5751476, Test MAE norm: 0.3249670
Epoch: 482, LR: 0.000034, Loss: 0.2643803, Validation MAE: 3.9020340, Test MAE: 4.5814371, Test MAE norm: 0.3254137
Epoch: 483, LR: 0.000034, Loss: 0.2642696, Validation MAE: 3.9001389, Test MAE: 4.5808697, Test MAE norm: 0.3253734
Epoch: 486, LR: 0.000034, Loss: 0.2642459, Validation MAE: 3.8893187, Test MAE: 4.5774999, Test MAE norm: 0.3251341
Epoch: 487, LR: 0.000034, Loss: 0.2643526, Validation MAE: 3.8814819, Test MAE: 4.5760722, Test MAE norm: 0.3250327
Epoch: 491, LR: 0.000034, Loss: 0.2643408, Validation MAE: 3.8774459, Test MAE: 4.5771513, Test MAE norm: 0.3251093
Epoch: 500, LR: 0.000034, Loss: 0.2642363, Validation MAE: 3.8692186, Test MAE: 4.5798664, Test MAE norm: 0.3253022
Epoch: 501, LR: 0.000034, Loss: 0.2642326, Validation MAE: 3.8646154, Test MAE: 4.5818920, Test MAE norm: 0.3254460
Epoch: 511, LR: 0.000034, Loss: 0.2641069, Validation MAE: 3.8804328, Test MAE: 4.5794854, Test MAE norm: 0.3252751
Epoch: 520, LR: 0.000031, Loss: 0.2641143, Validation MAE: 3.8773532, Test MAE: 4.5766916, Test MAE norm: 0.3250767
Epoch: 530, LR: 0.000028, Loss: 0.2640618, Validation MAE: 3.8858078, Test MAE: 4.5799541, Test MAE norm: 0.3253084
Epoch: 533, LR: 0.000028, Loss: 0.2639743, Validation MAE: 3.8762140, Test MAE: 4.5829768, Test MAE norm: 0.3255231
Epoch: 534, LR: 0.000028, Loss: 0.2639807, Validation MAE: 3.8743925, Test MAE: 4.5825872, Test MAE norm: 0.3254954
Epoch: 544, LR: 0.000025, Loss: 0.2638454, Validation MAE: 3.8786497, Test MAE: 4.5823579, Test MAE norm: 0.3254791
Epoch: 549, LR: 0.000023, Loss: 0.2638968, Validation MAE: 3.8689690, Test MAE: 4.5827775, Test MAE norm: 0.3255090
Epoch: 559, LR: 0.000020, Loss: 0.2637688, Validation MAE: 3.8789375, Test MAE: 4.5841799, Test MAE norm: 0.3256086
Epoch: 567, LR: 0.000020, Loss: 0.2637434, Validation MAE: 3.8729346, Test MAE: 4.5852551, Test MAE norm: 0.3256849
Epoch: 577, LR: 0.000018, Loss: 0.2636567, Validation MAE: 3.8721485, Test MAE: 4.5829840, Test MAE norm: 0.3255236
Epoch: 583, LR: 0.000016, Loss: 0.2636175, Validation MAE: 3.8704028, Test MAE: 4.5847001, Test MAE norm: 0.3256455
Epoch: 593, LR: 0.000015, Loss: 0.2636317, Validation MAE: 3.8750207, Test MAE: 4.5853772, Test MAE norm: 0.3256936
Epoch: 597, LR: 0.000015, Loss: 0.2635795, Validation MAE: 3.8696287, Test MAE: 4.5854816, Test MAE norm: 0.3257010
Epoch: 607, LR: 0.000013, Loss: 0.2636094, Validation MAE: 3.8794909, Test MAE: 4.5849524, Test MAE norm: 0.3256634
Epoch: 608, LR: 0.000013, Loss: 0.2635482, Validation MAE: 3.8746819, Test MAE: 4.5857139, Test MAE norm: 0.3257175
Epoch: 615, LR: 0.000012, Loss: 0.2635515, Validation MAE: 3.8708236, Test MAE: 4.5855064, Test MAE norm: 0.3257028
Epoch: 622, LR: 0.000012, Loss: 0.2635776, Validation MAE: 3.8699722, Test MAE: 4.5864515, Test MAE norm: 0.3257699
Epoch: 629, LR: 0.000011, Loss: 0.2635161, Validation MAE: 3.8676713, Test MAE: 4.5859504, Test MAE norm: 0.3257343
Epoch: 639, LR: 0.000010, Loss: 0.2635354, Validation MAE: 3.8756273, Test MAE: 4.5842686, Test MAE norm: 0.3256148
Epoch: 640, LR: 0.000010, Loss: 0.2635371, Validation MAE: 3.8737111, Test MAE: 4.5851512, Test MAE norm: 0.3256775
Epoch: 644, LR: 0.000010, Loss: 0.2634684, Validation MAE: 3.8674729, Test MAE: 4.5884728, Test MAE norm: 0.3259135
Epoch: 651, LR: 0.000010, Loss: 0.2634905, Validation MAE: 3.8633521, Test MAE: 4.5877924, Test MAE norm: 0.3258651
Epoch: 656, LR: 0.000010, Loss: 0.2635417, Validation MAE: 3.8595939, Test MAE: 4.5908060, Test MAE norm: 0.3260792
Epoch: 666, LR: 0.000010, Loss: 0.2634889, Validation MAE: 3.8767488, Test MAE: 4.5861177, Test MAE norm: 0.3257462
Epoch: 667, LR: 0.000010, Loss: 0.2634329, Validation MAE: 3.8751268, Test MAE: 4.5865865, Test MAE norm: 0.3257795
Epoch: 668, LR: 0.000010, Loss: 0.2634237, Validation MAE: 3.8733313, Test MAE: 4.5871758, Test MAE norm: 0.3258213
Epoch: 669, LR: 0.000010, Loss: 0.2634262, Validation MAE: 3.8727932, Test MAE: 4.5869498, Test MAE norm: 0.3258053
Epoch: 670, LR: 0.000010, Loss: 0.2634515, Validation MAE: 3.8722377, Test MAE: 4.5874038, Test MAE norm: 0.3258376
Epoch: 673, LR: 0.000010, Loss: 0.2634852, Validation MAE: 3.8711510, Test MAE: 4.5877833, Test MAE norm: 0.3258645
Epoch: 674, LR: 0.000010, Loss: 0.2634471, Validation MAE: 3.8706427, Test MAE: 4.5864964, Test MAE norm: 0.3257731
Epoch: 682, LR: 0.000010, Loss: 0.2634794, Validation MAE: 3.8671925, Test MAE: 4.5881691, Test MAE norm: 0.3258919
Epoch: 692, LR: 0.000010, Loss: 0.2633707, Validation MAE: 3.8709893, Test MAE: 4.5873942, Test MAE norm: 0.3258369
Epoch: 700, LR: 0.000010, Loss: 0.2634445, Validation MAE: 3.8709280, Test MAE: 4.5881181, Test MAE norm: 0.3258883
Epoch: 704, LR: 0.000010, Loss: 0.2633845, Validation MAE: 3.8689334, Test MAE: 4.5875349, Test MAE norm: 0.3258469
Epoch: 705, LR: 0.000010, Loss: 0.2633778, Validation MAE: 3.8658464, Test MAE: 4.5875149, Test MAE norm: 0.3258454
Epoch: 709, LR: 0.000010, Loss: 0.2633827, Validation MAE: 3.8630538, Test MAE: 4.5886378, Test MAE norm: 0.3259252
Epoch: 710, LR: 0.000010, Loss: 0.2633733, Validation MAE: 3.8622985, Test MAE: 4.5884032, Test MAE norm: 0.3259085
Epoch: 720, LR: 0.000010, Loss: 0.2633209, Validation MAE: 3.8722627, Test MAE: 4.5879598, Test MAE norm: 0.3258770
Epoch: 723, LR: 0.000010, Loss: 0.2633765, Validation MAE: 3.8707929, Test MAE: 4.5895500, Test MAE norm: 0.3259900
Epoch: 725, LR: 0.000010, Loss: 0.2634120, Validation MAE: 3.8670733, Test MAE: 4.5892582, Test MAE norm: 0.3259692
Epoch: 730, LR: 0.000010, Loss: 0.2634183, Validation MAE: 3.8664117, Test MAE: 4.5879951, Test MAE norm: 0.3258795
Epoch: 734, LR: 0.000010, Loss: 0.2633982, Validation MAE: 3.8612802, Test MAE: 4.5894408, Test MAE norm: 0.3259822
Epoch: 735, LR: 0.000010, Loss: 0.2633677, Validation MAE: 3.8587220, Test MAE: 4.5900059, Test MAE norm: 0.3260224
Epoch: 741, LR: 0.000010, Loss: 0.2633150, Validation MAE: 3.8585625, Test MAE: 4.5928192, Test MAE norm: 0.3262222
Epoch: 751, LR: 0.000010, Loss: 0.2632973, Validation MAE: 3.8731170, Test MAE: 4.5884933, Test MAE norm: 0.3259149
Epoch: 752, LR: 0.000010, Loss: 0.2633730, Validation MAE: 3.8712487, Test MAE: 4.5885725, Test MAE norm: 0.3259206
Epoch: 753, LR: 0.000010, Loss: 0.2633387, Validation MAE: 3.8688407, Test MAE: 4.5896521, Test MAE norm: 0.3259972
Epoch: 758, LR: 0.000010, Loss: 0.2632696, Validation MAE: 3.8670428, Test MAE: 4.5897384, Test MAE norm: 0.3260034
Epoch: 762, LR: 0.000010, Loss: 0.2632771, Validation MAE: 3.8611693, Test MAE: 4.5899091, Test MAE norm: 0.3260155
Epoch: 763, LR: 0.000010, Loss: 0.2633097, Validation MAE: 3.8583193, Test MAE: 4.5915284, Test MAE norm: 0.3261305
Epoch: 773, LR: 0.000010, Loss: 0.2632749, Validation MAE: 3.8690152, Test MAE: 4.5906773, Test MAE norm: 0.3260700
Epoch: 774, LR: 0.000010, Loss: 0.2632792, Validation MAE: 3.8608494, Test MAE: 4.5908422, Test MAE norm: 0.3260818
Epoch: 784, LR: 0.000010, Loss: 0.2631992, Validation MAE: 3.8602488, Test MAE: 4.5909915, Test MAE norm: 0.3260924
Epoch: 794, LR: 0.000010, Loss: 0.2631923, Validation MAE: 3.8702462, Test MAE: 4.5899682, Test MAE norm: 0.3260197
Epoch: 795, LR: 0.000010, Loss: 0.2632158, Validation MAE: 3.8684344, Test MAE: 4.5908360, Test MAE norm: 0.3260813
Epoch: 797, LR: 0.000010, Loss: 0.2632263, Validation MAE: 3.8674510, Test MAE: 4.5912476, Test MAE norm: 0.3261106
Epoch: 798, LR: 0.000010, Loss: 0.2632073, Validation MAE: 3.8665631, Test MAE: 4.5914469, Test MAE norm: 0.3261247
Epoch: 799, LR: 0.000010, Loss: 0.2631486, Validation MAE: 3.8633018, Test MAE: 4.5911674, Test MAE norm: 0.3261049
Epoch: 802, LR: 0.000010, Loss: 0.2631729, Validation MAE: 3.8560426, Test MAE: 4.5899653, Test MAE norm: 0.3260195
Epoch: 812, LR: 0.000010, Loss: 0.2632360, Validation MAE: 3.8687751, Test MAE: 4.5887060, Test MAE norm: 0.3259300
Epoch: 813, LR: 0.000010, Loss: 0.2631961, Validation MAE: 3.8588462, Test MAE: 4.5887527, Test MAE norm: 0.3259334
Epoch: 823, LR: 0.000010, Loss: 0.2631428, Validation MAE: 3.8650849, Test MAE: 4.5912662, Test MAE norm: 0.3261119
Epoch: 824, LR: 0.000010, Loss: 0.2631552, Validation MAE: 3.8648303, Test MAE: 4.5907507, Test MAE norm: 0.3260753
Epoch: 825, LR: 0.000010, Loss: 0.2631201, Validation MAE: 3.8642831, Test MAE: 4.5910516, Test MAE norm: 0.3260966
Epoch: 826, LR: 0.000010, Loss: 0.2631066, Validation MAE: 3.8640356, Test MAE: 4.5910306, Test MAE norm: 0.3260951
Epoch: 829, LR: 0.000010, Loss: 0.2630951, Validation MAE: 3.8572590, Test MAE: 4.5914111, Test MAE norm: 0.3261222
Epoch: 834, LR: 0.000010, Loss: 0.2631296, Validation MAE: 3.8544981, Test MAE: 4.5955892, Test MAE norm: 0.3264189
Epoch: 835, LR: 0.000010, Loss: 0.2631155, Validation MAE: 3.8468373, Test MAE: 4.5972509, Test MAE norm: 0.3265370
Epoch: 845, LR: 0.000010, Loss: 0.2630636, Validation MAE: 3.8632162, Test MAE: 4.5916562, Test MAE norm: 0.3261396
Epoch: 848, LR: 0.000010, Loss: 0.2630554, Validation MAE: 3.8611996, Test MAE: 4.5917974, Test MAE norm: 0.3261496
Epoch: 851, LR: 0.000010, Loss: 0.2630232, Validation MAE: 3.8599064, Test MAE: 4.5912962, Test MAE norm: 0.3261140
Epoch: 853, LR: 0.000010, Loss: 0.2630508, Validation MAE: 3.8558373, Test MAE: 4.5925832, Test MAE norm: 0.3262054
Epoch: 863, LR: 0.000010, Loss: 0.2630740, Validation MAE: 3.8599145, Test MAE: 4.5923905, Test MAE norm: 0.3261918
Epoch: 873, LR: 0.000010, Loss: 0.2630136, Validation MAE: 3.8532436, Test MAE: 4.5917435, Test MAE norm: 0.3261458
Epoch: 878, LR: 0.000010, Loss: 0.2630352, Validation MAE: 3.8468742, Test MAE: 4.5991945, Test MAE norm: 0.3266750
Epoch: 888, LR: 0.000010, Loss: 0.2629798, Validation MAE: 3.8632278, Test MAE: 4.5954165, Test MAE norm: 0.3264067
Epoch: 889, LR: 0.000010, Loss: 0.2629808, Validation MAE: 3.8610985, Test MAE: 4.5951209, Test MAE norm: 0.3263857
Epoch: 890, LR: 0.000010, Loss: 0.2629632, Validation MAE: 3.8600831, Test MAE: 4.5943642, Test MAE norm: 0.3263319
Epoch: 892, LR: 0.000010, Loss: 0.2629645, Validation MAE: 3.8559470, Test MAE: 4.5929689, Test MAE norm: 0.3262328
Epoch: 896, LR: 0.000010, Loss: 0.2629316, Validation MAE: 3.8549957, Test MAE: 4.5940990, Test MAE norm: 0.3263131
Epoch: 904, LR: 0.000010, Loss: 0.2629063, Validation MAE: 3.8527148, Test MAE: 4.5939841, Test MAE norm: 0.3263049
Epoch: 908, LR: 0.000010, Loss: 0.2629432, Validation MAE: 3.8516576, Test MAE: 4.5973949, Test MAE norm: 0.3265472
Epoch: 909, LR: 0.000010, Loss: 0.2629632, Validation MAE: 3.8425517, Test MAE: 4.6018929, Test MAE norm: 0.3268667
Epoch: 919, LR: 0.000010, Loss: 0.2629756, Validation MAE: 3.8617094, Test MAE: 4.5953512, Test MAE norm: 0.3264020
Epoch: 920, LR: 0.000010, Loss: 0.2629589, Validation MAE: 3.8550310, Test MAE: 4.5962443, Test MAE norm: 0.3264655
Epoch: 925, LR: 0.000010, Loss: 0.2628773, Validation MAE: 3.8456316, Test MAE: 4.5975976, Test MAE norm: 0.3265616
Epoch: 931, LR: 0.000010, Loss: 0.2629337, Validation MAE: 3.8446937, Test MAE: 4.6008167, Test MAE norm: 0.3267902
Epoch: 941, LR: 0.000010, Loss: 0.2628525, Validation MAE: 3.8670545, Test MAE: 4.5939178, Test MAE norm: 0.3263002
Epoch: 942, LR: 0.000010, Loss: 0.2628996, Validation MAE: 3.8584459, Test MAE: 4.5949597, Test MAE norm: 0.3263742
Epoch: 943, LR: 0.000010, Loss: 0.2628998, Validation MAE: 3.8540492, Test MAE: 4.5958972, Test MAE norm: 0.3264408
Epoch: 946, LR: 0.000010, Loss: 0.2628592, Validation MAE: 3.8525743, Test MAE: 4.5955839, Test MAE norm: 0.3264185
Epoch: 953, LR: 0.000010, Loss: 0.2628818, Validation MAE: 3.8511004, Test MAE: 4.5970564, Test MAE norm: 0.3265232
Epoch: 954, LR: 0.000010, Loss: 0.2628379, Validation MAE: 3.8504303, Test MAE: 4.5965972, Test MAE norm: 0.3264905
Epoch: 958, LR: 0.000010, Loss: 0.2628139, Validation MAE: 3.8487875, Test MAE: 4.5994897, Test MAE norm: 0.3266960
Epoch: 959, LR: 0.000010, Loss: 0.2628711, Validation MAE: 3.8471496, Test MAE: 4.6012697, Test MAE norm: 0.3268224
Epoch: 969, LR: 0.000010, Loss: 0.2627841, Validation MAE: 3.8654935, Test MAE: 4.5958357, Test MAE norm: 0.3264365
Epoch: 970, LR: 0.000010, Loss: 0.2628362, Validation MAE: 3.8585906, Test MAE: 4.5969095, Test MAE norm: 0.3265127
Epoch: 971, LR: 0.000010, Loss: 0.2628090, Validation MAE: 3.8545959, Test MAE: 4.5974813, Test MAE norm: 0.3265533
Epoch: 972, LR: 0.000010, Loss: 0.2627757, Validation MAE: 3.8519852, Test MAE: 4.5979347, Test MAE norm: 0.3265855
Epoch: 976, LR: 0.000010, Loss: 0.2628283, Validation MAE: 3.8493989, Test MAE: 4.5967011, Test MAE norm: 0.3264979
Epoch: 977, LR: 0.000010, Loss: 0.2627901, Validation MAE: 3.8469746, Test MAE: 4.5985098, Test MAE norm: 0.3266264
Epoch: 987, LR: 0.000010, Loss: 0.2627412, Validation MAE: 3.8553004, Test MAE: 4.5986094, Test MAE norm: 0.3266335
Epoch: 993, LR: 0.000010, Loss: 0.2627151, Validation MAE: 3.8538682, Test MAE: 4.5968432, Test MAE norm: 0.3265080
Epoch: 995, LR: 0.000010, Loss: 0.2626950, Validation MAE: 3.8464489, Test MAE: 4.5988894, Test MAE norm: 0.3266533
Epoch: 996, LR: 0.000010, Loss: 0.2627612, Validation MAE: 3.8454075, Test MAE: 4.6014128, Test MAE norm: 0.3268326
Epoch: 1006, LR: 0.000010, Loss: 0.2627423, Validation MAE: 3.8547919, Test MAE: 4.5981369, Test MAE norm: 0.3265999
Epoch: 1008, LR: 0.000010, Loss: 0.2627625, Validation MAE: 3.8536565, Test MAE: 4.5985694, Test MAE norm: 0.3266306
Epoch: 1009, LR: 0.000010, Loss: 0.2626784, Validation MAE: 3.8489685, Test MAE: 4.5991316, Test MAE norm: 0.3266706
Epoch: 1017, LR: 0.000010, Loss: 0.2627203, Validation MAE: 3.8477886, Test MAE: 4.6017632, Test MAE norm: 0.3268575
Epoch: 1027, LR: 0.000010, Loss: 0.2627053, Validation MAE: 3.8524308, Test MAE: 4.5988526, Test MAE norm: 0.3266507
Epoch: 1028, LR: 0.000010, Loss: 0.2627184, Validation MAE: 3.8514876, Test MAE: 4.5990181, Test MAE norm: 0.3266625
Epoch: 1031, LR: 0.000010, Loss: 0.2627178, Validation MAE: 3.8497252, Test MAE: 4.5979109, Test MAE norm: 0.3265838
Epoch: 1034, LR: 0.000010, Loss: 0.2627010, Validation MAE: 3.8480911, Test MAE: 4.6010342, Test MAE norm: 0.3268057
Epoch: 1035, LR: 0.000010, Loss: 0.2626582, Validation MAE: 3.8447547, Test MAE: 4.6031423, Test MAE norm: 0.3269554
Epoch: 1040, LR: 0.000010, Loss: 0.2627140, Validation MAE: 3.8392644, Test MAE: 4.6013279, Test MAE norm: 0.3268265
Epoch: 1050, LR: 0.000010, Loss: 0.2626855, Validation MAE: 3.8547611, Test MAE: 4.5981450, Test MAE norm: 0.3266005
Epoch: 1051, LR: 0.000010, Loss: 0.2626146, Validation MAE: 3.8327029, Test MAE: 4.6047988, Test MAE norm: 0.3270731
Epoch: 1061, LR: 0.000010, Loss: 0.2627755, Validation MAE: 3.8495417, Test MAE: 4.6006422, Test MAE norm: 0.3267778
Epoch: 1062, LR: 0.000010, Loss: 0.2626967, Validation MAE: 3.8351119, Test MAE: 4.6054201, Test MAE norm: 0.3271172
Epoch: 1068, LR: 0.000010, Loss: 0.2627053, Validation MAE: 3.8327131, Test MAE: 4.6055322, Test MAE norm: 0.3271252
Epoch: 1078, LR: 0.000010, Loss: 0.2625764, Validation MAE: 3.8362732, Test MAE: 4.6042290, Test MAE norm: 0.3270326
Epoch: 1079, LR: 0.000010, Loss: 0.2626510, Validation MAE: 3.8330994, Test MAE: 4.6056437, Test MAE norm: 0.3271331
Epoch: 1089, LR: 0.000010, Loss: 0.2625642, Validation MAE: 3.8483768, Test MAE: 4.6010108, Test MAE norm: 0.3268040
Epoch: 1090, LR: 0.000010, Loss: 0.2625296, Validation MAE: 3.8455677, Test MAE: 4.6016126, Test MAE norm: 0.3268468
Epoch: 1094, LR: 0.000010, Loss: 0.2625034, Validation MAE: 3.8438723, Test MAE: 4.6023307, Test MAE norm: 0.3268978
Epoch: 1098, LR: 0.000010, Loss: 0.2624831, Validation MAE: 3.8436997, Test MAE: 4.6031613, Test MAE norm: 0.3269568
Epoch: 1108, LR: 0.000010, Loss: 0.2624573, Validation MAE: 3.8494179, Test MAE: 4.6040463, Test MAE norm: 0.3270196
Epoch: 1109, LR: 0.000010, Loss: 0.2624919, Validation MAE: 3.8368807, Test MAE: 4.6064057, Test MAE norm: 0.3271872
Epoch: 1114, LR: 0.000010, Loss: 0.2624910, Validation MAE: 3.8304968, Test MAE: 4.6087174, Test MAE norm: 0.3273514
Epoch: 1124, LR: 0.000010, Loss: 0.2625382, Validation MAE: 3.8302493, Test MAE: 4.6100202, Test MAE norm: 0.3274440
Epoch: 1134, LR: 0.000010, Loss: 0.2624765, Validation MAE: 3.8349359, Test MAE: 4.6084809, Test MAE norm: 0.3273346
Epoch: 1139, LR: 0.000010, Loss: 0.2625817, Validation MAE: 3.8259187, Test MAE: 4.6117854, Test MAE norm: 0.3275693
Epoch: 1149, LR: 0.000010, Loss: 0.2623964, Validation MAE: 3.8393893, Test MAE: 4.6070595, Test MAE norm: 0.3272337
Epoch: 1159, LR: 0.000010, Loss: 0.2624069, Validation MAE: 3.8467228, Test MAE: 4.6041708, Test MAE norm: 0.3270285
Epoch: 1160, LR: 0.000010, Loss: 0.2623946, Validation MAE: 3.8462403, Test MAE: 4.6045494, Test MAE norm: 0.3270554
Epoch: 1162, LR: 0.000010, Loss: 0.2623957, Validation MAE: 3.8407686, Test MAE: 4.6064129, Test MAE norm: 0.3271877
Epoch: 1163, LR: 0.000010, Loss: 0.2624157, Validation MAE: 3.8395741, Test MAE: 4.6076269, Test MAE norm: 0.3272740
Epoch: 1169, LR: 0.000010, Loss: 0.2623716, Validation MAE: 3.8359354, Test MAE: 4.6075706, Test MAE norm: 0.3272700
Epoch: 1172, LR: 0.000010, Loss: 0.2623981, Validation MAE: 3.8275299, Test MAE: 4.6148458, Test MAE norm: 0.3277867
Epoch: 1177, LR: 0.000010, Loss: 0.2623798, Validation MAE: 3.8237860, Test MAE: 4.6170568, Test MAE norm: 0.3279438
Epoch: 1178, LR: 0.000010, Loss: 0.2626142, Validation MAE: 3.8207088, Test MAE: 4.6183853, Test MAE norm: 0.3280381
Epoch: 1184, LR: 0.000010, Loss: 0.2625353, Validation MAE: 3.8174965, Test MAE: 4.6194701, Test MAE norm: 0.3281152
Epoch: 1194, LR: 0.000010, Loss: 0.2625522, Validation MAE: 3.8622084, Test MAE: 4.6071839, Test MAE norm: 0.3272425
Epoch: 1195, LR: 0.000010, Loss: 0.2624333, Validation MAE: 3.8356636, Test MAE: 4.6119690, Test MAE norm: 0.3275824
Epoch: 1196, LR: 0.000010, Loss: 0.2624196, Validation MAE: 3.8265758, Test MAE: 4.6148510, Test MAE norm: 0.3277871
Epoch: 1206, LR: 0.000010, Loss: 0.2623117, Validation MAE: 3.8384366, Test MAE: 4.6108227, Test MAE norm: 0.3275009
Epoch: 1210, LR: 0.000010, Loss: 0.2623231, Validation MAE: 3.8366051, Test MAE: 4.6100464, Test MAE norm: 0.3274458
Epoch: 1211, LR: 0.000010, Loss: 0.2623015, Validation MAE: 3.8281970, Test MAE: 4.6143370, Test MAE norm: 0.3277506
Epoch: 1221, LR: 0.000010, Loss: 0.2623234, Validation MAE: 3.8337913, Test MAE: 4.6120996, Test MAE norm: 0.3275917
Epoch: 1225, LR: 0.000010, Loss: 0.2622099, Validation MAE: 3.8283608, Test MAE: 4.6143441, Test MAE norm: 0.3277511
Epoch: 1226, LR: 0.000010, Loss: 0.2623450, Validation MAE: 3.8264227, Test MAE: 4.6157002, Test MAE norm: 0.3278474
Epoch: 1231, LR: 0.000010, Loss: 0.2622435, Validation MAE: 3.8226478, Test MAE: 4.6177559, Test MAE norm: 0.3279934
Epoch: 1241, LR: 0.000010, Loss: 0.2622917, Validation MAE: 3.8243654, Test MAE: 4.6174960, Test MAE norm: 0.3279749
Epoch: 1246, LR: 0.000010, Loss: 0.2622701, Validation MAE: 3.8217599, Test MAE: 4.6209974, Test MAE norm: 0.3282236
Epoch: 1256, LR: 0.000010, Loss: 0.2622326, Validation MAE: 3.8303378, Test MAE: 4.6156611, Test MAE norm: 0.3278446
Epoch: 1257, LR: 0.000010, Loss: 0.2622106, Validation MAE: 3.8205321, Test MAE: 4.6207314, Test MAE norm: 0.3282048
Epoch: 1267, LR: 0.000010, Loss: 0.2621986, Validation MAE: 3.8299749, Test MAE: 4.6150813, Test MAE norm: 0.3278034
Epoch: 1272, LR: 0.000010, Loss: 0.2622337, Validation MAE: 3.8290665, Test MAE: 4.6192513, Test MAE norm: 0.3280996
Epoch: 1277, LR: 0.000010, Loss: 0.2621943, Validation MAE: 3.8235381, Test MAE: 4.6180582, Test MAE norm: 0.3280149
Epoch: 1278, LR: 0.000010, Loss: 0.2622329, Validation MAE: 3.8210223, Test MAE: 4.6200409, Test MAE norm: 0.3281557
Epoch: 1288, LR: 0.000010, Loss: 0.2621141, Validation MAE: 3.8367023, Test MAE: 4.6128459, Test MAE norm: 0.3276446
Epoch: 1291, LR: 0.000010, Loss: 0.2620863, Validation MAE: 3.8322611, Test MAE: 4.6146612, Test MAE norm: 0.3277736
Epoch: 1296, LR: 0.000010, Loss: 0.2620841, Validation MAE: 3.8260460, Test MAE: 4.6205630, Test MAE norm: 0.3281928
Epoch: 1297, LR: 0.000010, Loss: 0.2621903, Validation MAE: 3.8234568, Test MAE: 4.6217422, Test MAE norm: 0.3282765
Epoch: 1307, LR: 0.000010, Loss: 0.2620951, Validation MAE: 3.8251514, Test MAE: 4.6214466, Test MAE norm: 0.3282556
Epoch: 1317, LR: 0.000010, Loss: 0.2620064, Validation MAE: 3.8368857, Test MAE: 4.6141338, Test MAE norm: 0.3277361
Epoch: 1320, LR: 0.000010, Loss: 0.2620578, Validation MAE: 3.8306520, Test MAE: 4.6186342, Test MAE norm: 0.3280558
Epoch: 1321, LR: 0.000010, Loss: 0.2620279, Validation MAE: 3.8269358, Test MAE: 4.6187549, Test MAE norm: 0.3280644
Epoch: 1325, LR: 0.000010, Loss: 0.2620544, Validation MAE: 3.8247406, Test MAE: 4.6200938, Test MAE norm: 0.3281595
Epoch: 1326, LR: 0.000010, Loss: 0.2620706, Validation MAE: 3.8224630, Test MAE: 4.6208863, Test MAE norm: 0.3282157
Epoch: 1336, LR: 0.000010, Loss: 0.2620694, Validation MAE: 3.8288789, Test MAE: 4.6190038, Test MAE norm: 0.3280821
Epoch: 1339, LR: 0.000010, Loss: 0.2620354, Validation MAE: 3.8281178, Test MAE: 4.6220345, Test MAE norm: 0.3282973
Epoch: 1340, LR: 0.000010, Loss: 0.2620315, Validation MAE: 3.8222089, Test MAE: 4.6231217, Test MAE norm: 0.3283745
Epoch: 1345, LR: 0.000010, Loss: 0.2620591, Validation MAE: 3.8172448, Test MAE: 4.6248364, Test MAE norm: 0.3284963
Epoch: 1355, LR: 0.000010, Loss: 0.2620256, Validation MAE: 3.8271616, Test MAE: 4.6225357, Test MAE norm: 0.3283329
Epoch: 1359, LR: 0.000010, Loss: 0.2620027, Validation MAE: 3.8178902, Test MAE: 4.6231933, Test MAE norm: 0.3283796
Epoch: 1360, LR: 0.000010, Loss: 0.2621638, Validation MAE: 3.8167877, Test MAE: 4.6246266, Test MAE norm: 0.3284814
Epoch: 1370, LR: 0.000010, Loss: 0.2620105, Validation MAE: 3.8300407, Test MAE: 4.6204367, Test MAE norm: 0.3281838
Epoch: 1371, LR: 0.000010, Loss: 0.2620312, Validation MAE: 3.8192692, Test MAE: 4.6260962, Test MAE norm: 0.3285858
Epoch: 1381, LR: 0.000010, Loss: 0.2619055, Validation MAE: 3.8248165, Test MAE: 4.6216960, Test MAE norm: 0.3282733
Epoch: 1386, LR: 0.000010, Loss: 0.2619847, Validation MAE: 3.8244596, Test MAE: 4.6231260, Test MAE norm: 0.3283748
Epoch: 1391, LR: 0.000010, Loss: 0.2619216, Validation MAE: 3.8145087, Test MAE: 4.6288114, Test MAE norm: 0.3287787
Epoch: 1401, LR: 0.000010, Loss: 0.2618755, Validation MAE: 3.8210244, Test MAE: 4.6254969, Test MAE norm: 0.3285432
Epoch: 1411, LR: 0.000010, Loss: 0.2618131, Validation MAE: 3.8429408, Test MAE: 4.6158338, Test MAE norm: 0.3278569
Epoch: 1412, LR: 0.000010, Loss: 0.2618341, Validation MAE: 3.8377724, Test MAE: 4.6195655, Test MAE norm: 0.3281219
Epoch: 1413, LR: 0.000010, Loss: 0.2617904, Validation MAE: 3.8265297, Test MAE: 4.6244211, Test MAE norm: 0.3284668
Epoch: 1419, LR: 0.000010, Loss: 0.2618096, Validation MAE: 3.8192730, Test MAE: 4.6255670, Test MAE norm: 0.3285482
Epoch: 1424, LR: 0.000010, Loss: 0.2618574, Validation MAE: 3.8171482, Test MAE: 4.6274991, Test MAE norm: 0.3286855
Epoch: 1434, LR: 0.000010, Loss: 0.2617558, Validation MAE: 3.8417697, Test MAE: 4.6162400, Test MAE norm: 0.3278857
Epoch: 1435, LR: 0.000010, Loss: 0.2617788, Validation MAE: 3.8336608, Test MAE: 4.6198668, Test MAE norm: 0.3281434
Epoch: 1436, LR: 0.000010, Loss: 0.2617316, Validation MAE: 3.8304813, Test MAE: 4.6218491, Test MAE norm: 0.3282841
Epoch: 1444, LR: 0.000010, Loss: 0.2617079, Validation MAE: 3.8205900, Test MAE: 4.6273885, Test MAE norm: 0.3286776
Epoch: 1452, LR: 0.000010, Loss: 0.2618172, Validation MAE: 3.8204756, Test MAE: 4.6282945, Test MAE norm: 0.3287420
Epoch: 1453, LR: 0.000010, Loss: 0.2617684, Validation MAE: 3.8093960, Test MAE: 4.6328721, Test MAE norm: 0.3290671
Epoch: 1463, LR: 0.000010, Loss: 0.2617115, Validation MAE: 3.8169947, Test MAE: 4.6294055, Test MAE norm: 0.3288209
Epoch: 1464, LR: 0.000010, Loss: 0.2618183, Validation MAE: 3.8121841, Test MAE: 4.6320262, Test MAE norm: 0.3290070
Epoch: 1474, LR: 0.000010, Loss: 0.2617005, Validation MAE: 3.8160465, Test MAE: 4.6293950, Test MAE norm: 0.3288201
Epoch: 1484, LR: 0.000010, Loss: 0.2617741, Validation MAE: 3.8255951, Test MAE: 4.6277261, Test MAE norm: 0.3287016
Epoch: 1487, LR: 0.000010, Loss: 0.2616309, Validation MAE: 3.8199263, Test MAE: 4.6287932, Test MAE norm: 0.3287774
Epoch: 1488, LR: 0.000010, Loss: 0.2617498, Validation MAE: 3.8195481, Test MAE: 4.6291671, Test MAE norm: 0.3288039
Epoch: 1493, LR: 0.000010, Loss: 0.2616605, Validation MAE: 3.8160532, Test MAE: 4.6317840, Test MAE norm: 0.3289898
Epoch: 1503, LR: 0.000010, Loss: 0.2615644, Validation MAE: 3.8376012, Test MAE: 4.6198416, Test MAE norm: 0.3281415
Epoch: 1504, LR: 0.000010, Loss: 0.2615910, Validation MAE: 3.8339314, Test MAE: 4.6202645, Test MAE norm: 0.3281716
Epoch: 1505, LR: 0.000010, Loss: 0.2615593, Validation MAE: 3.8228328, Test MAE: 4.6256108, Test MAE norm: 0.3285514
Epoch: 1509, LR: 0.000010, Loss: 0.2616053, Validation MAE: 3.8204515, Test MAE: 4.6283579, Test MAE norm: 0.3287465
Epoch: 1510, LR: 0.000010, Loss: 0.2616481, Validation MAE: 3.8186352, Test MAE: 4.6297965, Test MAE norm: 0.3288486
Epoch: 1514, LR: 0.000010, Loss: 0.2615401, Validation MAE: 3.8170879, Test MAE: 4.6297398, Test MAE norm: 0.3288446
Epoch: 1519, LR: 0.000010, Loss: 0.2615631, Validation MAE: 3.8160443, Test MAE: 4.6304755, Test MAE norm: 0.3288969
Epoch: 1527, LR: 0.000010, Loss: 0.2615678, Validation MAE: 3.8078952, Test MAE: 4.6332555, Test MAE norm: 0.3290943
Epoch: 1528, LR: 0.000010, Loss: 0.2617332, Validation MAE: 3.8077438, Test MAE: 4.6352768, Test MAE norm: 0.3292379
Epoch: 1538, LR: 0.000010, Loss: 0.2615361, Validation MAE: 3.8198936, Test MAE: 4.6272383, Test MAE norm: 0.3286669
Epoch: 1541, LR: 0.000010, Loss: 0.2614732, Validation MAE: 3.8149908, Test MAE: 4.6336002, Test MAE norm: 0.3291188
Epoch: 1542, LR: 0.000010, Loss: 0.2615946, Validation MAE: 3.8142011, Test MAE: 4.6345515, Test MAE norm: 0.3291864
Epoch: 1546, LR: 0.000010, Loss: 0.2614839, Validation MAE: 3.8057578, Test MAE: 4.6357079, Test MAE norm: 0.3292685
Epoch: 1556, LR: 0.000010, Loss: 0.2616077, Validation MAE: 3.8221357, Test MAE: 4.6296806, Test MAE norm: 0.3288404
Epoch: 1557, LR: 0.000010, Loss: 0.2614732, Validation MAE: 3.8133724, Test MAE: 4.6331797, Test MAE norm: 0.3290890
Epoch: 1567, LR: 0.000010, Loss: 0.2614881, Validation MAE: 3.8331952, Test MAE: 4.6277046, Test MAE norm: 0.3287001
Epoch: 1570, LR: 0.000010, Loss: 0.2614114, Validation MAE: 3.8137317, Test MAE: 4.6323395, Test MAE norm: 0.3290293
Epoch: 1571, LR: 0.000010, Loss: 0.2615155, Validation MAE: 3.8123264, Test MAE: 4.6328268, Test MAE norm: 0.3290639
Epoch: 1576, LR: 0.000010, Loss: 0.2615105, Validation MAE: 3.8122346, Test MAE: 4.6319680, Test MAE norm: 0.3290029
Epoch: 1580, LR: 0.000010, Loss: 0.2614821, Validation MAE: 3.8106167, Test MAE: 4.6343188, Test MAE norm: 0.3291699
Epoch: 1581, LR: 0.000010, Loss: 0.2615765, Validation MAE: 3.8086903, Test MAE: 4.6367407, Test MAE norm: 0.3293419
Epoch: 1591, LR: 0.000010, Loss: 0.2614166, Validation MAE: 3.8209140, Test MAE: 4.6292691, Test MAE norm: 0.3288112
Epoch: 1595, LR: 0.000010, Loss: 0.2614168, Validation MAE: 3.8035622, Test MAE: 4.6376486, Test MAE norm: 0.3294064
Epoch: 1596, LR: 0.000010, Loss: 0.2616866, Validation MAE: 3.8031099, Test MAE: 4.6364403, Test MAE norm: 0.3293205
Epoch: 1606, LR: 0.000010, Loss: 0.2615543, Validation MAE: 3.8073258, Test MAE: 4.6342854, Test MAE norm: 0.3291675
Epoch: 1616, LR: 0.000010, Loss: 0.2613349, Validation MAE: 3.8257749, Test MAE: 4.6284585, Test MAE norm: 0.3287536
Epoch: 1618, LR: 0.000010, Loss: 0.2613088, Validation MAE: 3.8120756, Test MAE: 4.6341629, Test MAE norm: 0.3291588
Epoch: 1622, LR: 0.000010, Loss: 0.2613494, Validation MAE: 3.8101349, Test MAE: 4.6393509, Test MAE norm: 0.3295273
Epoch: 1623, LR: 0.000010, Loss: 0.2614608, Validation MAE: 3.8045208, Test MAE: 4.6413898, Test MAE norm: 0.3296721
Epoch: 1628, LR: 0.000010, Loss: 0.2613235, Validation MAE: 3.8013637, Test MAE: 4.6394286, Test MAE norm: 0.3295328
Epoch: 1638, LR: 0.000010, Loss: 0.2614640, Validation MAE: 3.8180752, Test MAE: 4.6321564, Test MAE norm: 0.3290163
Epoch: 1639, LR: 0.000010, Loss: 0.2612906, Validation MAE: 3.8049955, Test MAE: 4.6378307, Test MAE norm: 0.3294193
Epoch: 1649, LR: 0.000010, Loss: 0.2613779, Validation MAE: 3.8107462, Test MAE: 4.6324596, Test MAE norm: 0.3290378
Epoch: 1659, LR: 0.000010, Loss: 0.2612250, Validation MAE: 3.8192282, Test MAE: 4.6279397, Test MAE norm: 0.3287168
Epoch: 1661, LR: 0.000010, Loss: 0.2611608, Validation MAE: 3.8123784, Test MAE: 4.6343594, Test MAE norm: 0.3291727
Epoch: 1671, LR: 0.000010, Loss: 0.2612247, Validation MAE: 3.8086009, Test MAE: 4.6360140, Test MAE norm: 0.3292903
Epoch: 1675, LR: 0.000010, Loss: 0.2611988, Validation MAE: 3.8084738, Test MAE: 4.6384473, Test MAE norm: 0.3294631
Epoch: 1685, LR: 0.000010, Loss: 0.2611806, Validation MAE: 3.8171613, Test MAE: 4.6300416, Test MAE norm: 0.3288660
Epoch: 1688, LR: 0.000010, Loss: 0.2611715, Validation MAE: 3.8116965, Test MAE: 4.6349654, Test MAE norm: 0.3292158
Epoch: 1692, LR: 0.000010, Loss: 0.2611166, Validation MAE: 3.8071618, Test MAE: 4.6368990, Test MAE norm: 0.3293531
Epoch: 1693, LR: 0.000010, Loss: 0.2612238, Validation MAE: 3.8017395, Test MAE: 4.6395698, Test MAE norm: 0.3295428
Epoch: 1703, LR: 0.000010, Loss: 0.2613317, Validation MAE: 3.8074358, Test MAE: 4.6349812, Test MAE norm: 0.3292169
Epoch: 1713, LR: 0.000010, Loss: 0.2611389, Validation MAE: 3.8193455, Test MAE: 4.6285224, Test MAE norm: 0.3287582
Epoch: 1714, LR: 0.000010, Loss: 0.2611678, Validation MAE: 3.8116274, Test MAE: 4.6310263, Test MAE norm: 0.3289360
Epoch: 1722, LR: 0.000010, Loss: 0.2610681, Validation MAE: 3.8113971, Test MAE: 4.6330266, Test MAE norm: 0.3290781
Epoch: 1726, LR: 0.000010, Loss: 0.2610558, Validation MAE: 3.8102894, Test MAE: 4.6339507, Test MAE norm: 0.3291437
Epoch: 1730, LR: 0.000010, Loss: 0.2610956, Validation MAE: 3.8056366, Test MAE: 4.6396503, Test MAE norm: 0.3295485
Epoch: 1731, LR: 0.000010, Loss: 0.2611698, Validation MAE: 3.7999315, Test MAE: 4.6410069, Test MAE norm: 0.3296449
Epoch: 1741, LR: 0.000010, Loss: 0.2611950, Validation MAE: 3.8063092, Test MAE: 4.6368680, Test MAE norm: 0.3293509
Epoch: 1744, LR: 0.000010, Loss: 0.2610727, Validation MAE: 3.8024461, Test MAE: 4.6395774, Test MAE norm: 0.3295434
Epoch: 1754, LR: 0.000010, Loss: 0.2610330, Validation MAE: 3.8086472, Test MAE: 4.6345077, Test MAE norm: 0.3291833
Epoch: 1755, LR: 0.000010, Loss: 0.2610665, Validation MAE: 3.8074303, Test MAE: 4.6361370, Test MAE norm: 0.3292990
Epoch: 1765, LR: 0.000010, Loss: 0.2609783, Validation MAE: 3.8098686, Test MAE: 4.6346855, Test MAE norm: 0.3291959
Epoch: 1774, LR: 0.000010, Loss: 0.2609327, Validation MAE: 3.8064494, Test MAE: 4.6346960, Test MAE norm: 0.3291966
Epoch: 1779, LR: 0.000010, Loss: 0.2610093, Validation MAE: 3.8056757, Test MAE: 4.6372585, Test MAE norm: 0.3293787
Epoch: 1789, LR: 0.000010, Loss: 0.2609285, Validation MAE: 3.8199241, Test MAE: 4.6296425, Test MAE norm: 0.3288377
Epoch: 1790, LR: 0.000010, Loss: 0.2609336, Validation MAE: 3.8124778, Test MAE: 4.6319704, Test MAE norm: 0.3290030
Epoch: 1794, LR: 0.000010, Loss: 0.2608407, Validation MAE: 3.8086219, Test MAE: 4.6355305, Test MAE norm: 0.3292559
Epoch: 1798, LR: 0.000010, Loss: 0.2608982, Validation MAE: 3.8080790, Test MAE: 4.6380849, Test MAE norm: 0.3294373
Epoch: 1807, LR: 0.000010, Loss: 0.2609457, Validation MAE: 3.8044841, Test MAE: 4.6379390, Test MAE norm: 0.3294270
Epoch: 1817, LR: 0.000010, Loss: 0.2608385, Validation MAE: 3.8014407, Test MAE: 4.6363459, Test MAE norm: 0.3293138
Epoch: 1826, LR: 0.000010, Loss: 0.2608761, Validation MAE: 3.7959850, Test MAE: 4.6398911, Test MAE norm: 0.3295656
Epoch: 1836, LR: 0.000010, Loss: 0.2608106, Validation MAE: 3.8032186, Test MAE: 4.6373363, Test MAE norm: 0.3293842
Epoch: 1845, LR: 0.000010, Loss: 0.2610461, Validation MAE: 3.7945459, Test MAE: 4.6465745, Test MAE norm: 0.3300404
Epoch: 1850, LR: 0.000010, Loss: 0.2607962, Validation MAE: 3.7920644, Test MAE: 4.6434240, Test MAE norm: 0.3298166
Epoch: 1851, LR: 0.000010, Loss: 0.2609905, Validation MAE: 3.7912505, Test MAE: 4.6447034, Test MAE norm: 0.3299074
Epoch: 1861, LR: 0.000010, Loss: 0.2608174, Validation MAE: 3.7997196, Test MAE: 4.6388559, Test MAE norm: 0.3294921
Epoch: 1871, LR: 0.000010, Loss: 0.2608530, Validation MAE: 3.8102214, Test MAE: 4.6346803, Test MAE norm: 0.3291955
Epoch: 1874, LR: 0.000010, Loss: 0.2607410, Validation MAE: 3.7984223, Test MAE: 4.6416287, Test MAE norm: 0.3296891
Epoch: 1875, LR: 0.000010, Loss: 0.2608985, Validation MAE: 3.7940629, Test MAE: 4.6433883, Test MAE norm: 0.3298140
Epoch: 1880, LR: 0.000010, Loss: 0.2608207, Validation MAE: 3.7899363, Test MAE: 4.6417546, Test MAE norm: 0.3296980
Epoch: 1890, LR: 0.000010, Loss: 0.2607612, Validation MAE: 3.8112171, Test MAE: 4.6348848, Test MAE norm: 0.3292101
Epoch: 1891, LR: 0.000010, Loss: 0.2607232, Validation MAE: 3.8019745, Test MAE: 4.6383619, Test MAE norm: 0.3294570
Epoch: 1895, LR: 0.000010, Loss: 0.2607044, Validation MAE: 3.7994344, Test MAE: 4.6392379, Test MAE norm: 0.3295192
Epoch: 1896, LR: 0.000010, Loss: 0.2607811, Validation MAE: 3.7951634, Test MAE: 4.6415687, Test MAE norm: 0.3296848
Epoch: 1901, LR: 0.000010, Loss: 0.2606836, Validation MAE: 3.7926061, Test MAE: 4.6410031, Test MAE norm: 0.3296446
Epoch: 1902, LR: 0.000010, Loss: 0.2608531, Validation MAE: 3.7914135, Test MAE: 4.6431255, Test MAE norm: 0.3297954
Epoch: 1912, LR: 0.000010, Loss: 0.2606216, Validation MAE: 3.8006666, Test MAE: 4.6362562, Test MAE norm: 0.3293075
Epoch: 1917, LR: 0.000010, Loss: 0.2606314, Validation MAE: 3.7991936, Test MAE: 4.6387334, Test MAE norm: 0.3294834
Epoch: 1922, LR: 0.000010, Loss: 0.2605684, Validation MAE: 3.7893505, Test MAE: 4.6447406, Test MAE norm: 0.3299101
Epoch: 1932, LR: 0.000010, Loss: 0.2607734, Validation MAE: 3.8080513, Test MAE: 4.6333823, Test MAE norm: 0.3291034
Epoch: 1933, LR: 0.000010, Loss: 0.2605779, Validation MAE: 3.7978845, Test MAE: 4.6380968, Test MAE norm: 0.3294382
Epoch: 1943, LR: 0.000010, Loss: 0.2605467, Validation MAE: 3.8214061, Test MAE: 4.6281433, Test MAE norm: 0.3287312
Epoch: 1944, LR: 0.000010, Loss: 0.2606169, Validation MAE: 3.8194661, Test MAE: 4.6288447, Test MAE norm: 0.3287810
Epoch: 1945, LR: 0.000010, Loss: 0.2605924, Validation MAE: 3.8033788, Test MAE: 4.6361609, Test MAE norm: 0.3293007
Epoch: 1946, LR: 0.000010, Loss: 0.2605562, Validation MAE: 3.8026307, Test MAE: 4.6376538, Test MAE norm: 0.3294067
Epoch: 1953, LR: 0.000010, Loss: 0.2604657, Validation MAE: 3.7899070, Test MAE: 4.6429696, Test MAE norm: 0.3297843
Epoch: 1961, LR: 0.000010, Loss: 0.2604529, Validation MAE: 3.7893555, Test MAE: 4.6431980, Test MAE norm: 0.3298005
Epoch: 1971, LR: 0.000010, Loss: 0.2605560, Validation MAE: 3.7943926, Test MAE: 4.6431251, Test MAE norm: 0.3297954
Epoch: 1981, LR: 0.000010, Loss: 0.2604702, Validation MAE: 3.8148086, Test MAE: 4.6320109, Test MAE norm: 0.3290059
Epoch: 1982, LR: 0.000010, Loss: 0.2604926, Validation MAE: 3.7985175, Test MAE: 4.6393571, Test MAE norm: 0.3295277
Epoch: 1983, LR: 0.000010, Loss: 0.2604471, Validation MAE: 3.7969017, Test MAE: 4.6394868, Test MAE norm: 0.3295369
Epoch: 1987, LR: 0.000010, Loss: 0.2604469, Validation MAE: 3.7952361, Test MAE: 4.6384091, Test MAE norm: 0.3294604
Epoch: 1997, LR: 0.000010, Loss: 0.2604890, Validation MAE: 3.7991273, Test MAE: 4.6370368, Test MAE norm: 0.3293629
Epoch: 1997, LR: 0.000010, Loss: 0.2604890, Validation MAE: 3.7991273, Test MAE: 4.6370368, Test MAE norm: 0.3293629