Command line input: python run_count.py --batch_size 256 --target 3 --model GNNAK --h 3 --seed 1 --epoch 2000 --dataset easy-1
Mean = 8.475, Std = 45.380
Using GNNAK model

Epoch: 001, LR: 0.001000, Loss: 0.4277344, Validation MAE: 11.0984125, Test MAE: 18.0132599, Test MAE norm: 0.3969394
Epoch: 002, LR: 0.001000, Loss: 0.4208733, Validation MAE: 6.6791496, Test MAE: 11.6080275, Test MAE norm: 0.2557940
Epoch: 003, LR: 0.001000, Loss: 0.2842773, Validation MAE: 6.4321871, Test MAE: 12.4317961, Test MAE norm: 0.2739465
Epoch: 006, LR: 0.001000, Loss: 0.2534503, Validation MAE: 6.3195472, Test MAE: 8.7962799, Test MAE norm: 0.1938345
Epoch: 008, LR: 0.001000, Loss: 0.2506293, Validation MAE: 3.8175454, Test MAE: 10.6543531, Test MAE norm: 0.2347789
Epoch: 009, LR: 0.001000, Loss: 0.1997715, Validation MAE: 3.0493662, Test MAE: 9.8152323, Test MAE norm: 0.2162880
Epoch: 010, LR: 0.001000, Loss: 0.2078789, Validation MAE: 2.5035667, Test MAE: 8.1652346, Test MAE norm: 0.1799288
Epoch: 018, LR: 0.001000, Loss: 0.1598867, Validation MAE: 2.4542358, Test MAE: 7.6334624, Test MAE norm: 0.1682107
Epoch: 019, LR: 0.001000, Loss: 0.1657066, Validation MAE: 2.2872961, Test MAE: 6.8634572, Test MAE norm: 0.1512429
Epoch: 023, LR: 0.001000, Loss: 0.1438592, Validation MAE: 2.2037334, Test MAE: 5.4584293, Test MAE norm: 0.1202817
Epoch: 025, LR: 0.001000, Loss: 0.1433704, Validation MAE: 2.0495765, Test MAE: 5.2092657, Test MAE norm: 0.1147912
Epoch: 026, LR: 0.001000, Loss: 0.1352848, Validation MAE: 2.0014939, Test MAE: 5.2745061, Test MAE norm: 0.1162288
Epoch: 034, LR: 0.001000, Loss: 0.1304604, Validation MAE: 1.9701685, Test MAE: 4.9567618, Test MAE norm: 0.1092270
Epoch: 036, LR: 0.001000, Loss: 0.1316950, Validation MAE: 1.9450618, Test MAE: 4.5066986, Test MAE norm: 0.0993094
Epoch: 038, LR: 0.001000, Loss: 0.1274878, Validation MAE: 1.9229759, Test MAE: 4.4482565, Test MAE norm: 0.0980216
Epoch: 044, LR: 0.001000, Loss: 0.1253135, Validation MAE: 1.8797628, Test MAE: 4.5668941, Test MAE norm: 0.1006359
Epoch: 046, LR: 0.001000, Loss: 0.1163647, Validation MAE: 1.8747187, Test MAE: 4.2830858, Test MAE norm: 0.0943819
Epoch: 048, LR: 0.001000, Loss: 0.1135395, Validation MAE: 1.7994262, Test MAE: 4.4045696, Test MAE norm: 0.0970589
Epoch: 049, LR: 0.001000, Loss: 0.1113191, Validation MAE: 1.7236456, Test MAE: 4.1561370, Test MAE norm: 0.0915845
Epoch: 050, LR: 0.001000, Loss: 0.1093943, Validation MAE: 1.7108699, Test MAE: 4.4538970, Test MAE norm: 0.0981459
Epoch: 051, LR: 0.001000, Loss: 0.1063672, Validation MAE: 1.6968602, Test MAE: 4.7071090, Test MAE norm: 0.1037256
Epoch: 052, LR: 0.001000, Loss: 0.1043060, Validation MAE: 1.6813105, Test MAE: 4.6986647, Test MAE norm: 0.1035396
Epoch: 055, LR: 0.001000, Loss: 0.1023439, Validation MAE: 1.5957830, Test MAE: 4.7853746, Test MAE norm: 0.1054503
Epoch: 065, LR: 0.001000, Loss: 0.1009216, Validation MAE: 1.5945826, Test MAE: 5.4771566, Test MAE norm: 0.1206944
Epoch: 069, LR: 0.001000, Loss: 0.0969696, Validation MAE: 1.5364213, Test MAE: 5.2316623, Test MAE norm: 0.1152847
Epoch: 070, LR: 0.001000, Loss: 0.1010084, Validation MAE: 1.5266382, Test MAE: 5.5079727, Test MAE norm: 0.1213735
Epoch: 071, LR: 0.001000, Loss: 0.0945475, Validation MAE: 1.5131159, Test MAE: 5.4737883, Test MAE norm: 0.1206202
Epoch: 072, LR: 0.001000, Loss: 0.0951416, Validation MAE: 1.4943786, Test MAE: 5.3555779, Test MAE norm: 0.1180153
Epoch: 073, LR: 0.001000, Loss: 0.0946753, Validation MAE: 1.4846858, Test MAE: 5.1149530, Test MAE norm: 0.1127129
Epoch: 081, LR: 0.001000, Loss: 0.0969784, Validation MAE: 1.4782463, Test MAE: 5.4942293, Test MAE norm: 0.1210706
Epoch: 082, LR: 0.001000, Loss: 0.0961732, Validation MAE: 1.4152620, Test MAE: 4.9954233, Test MAE norm: 0.1100789
Epoch: 085, LR: 0.001000, Loss: 0.0970753, Validation MAE: 1.3993915, Test MAE: 5.2032228, Test MAE norm: 0.1146580
Epoch: 092, LR: 0.001000, Loss: 0.0957424, Validation MAE: 1.3882045, Test MAE: 4.9256659, Test MAE norm: 0.1085418
Epoch: 096, LR: 0.001000, Loss: 0.0933944, Validation MAE: 1.3791045, Test MAE: 5.0524144, Test MAE norm: 0.1113348
Epoch: 100, LR: 0.001000, Loss: 0.0988058, Validation MAE: 1.3674563, Test MAE: 5.5415792, Test MAE norm: 0.1221140
Epoch: 103, LR: 0.001000, Loss: 0.0958603, Validation MAE: 1.3615514, Test MAE: 5.2653189, Test MAE norm: 0.1160263
Epoch: 113, LR: 0.001000, Loss: 0.0960961, Validation MAE: 1.3801084, Test MAE: 5.5940132, Test MAE norm: 0.1232694
Epoch: 114, LR: 0.001000, Loss: 0.0964562, Validation MAE: 1.3384326, Test MAE: 5.5178013, Test MAE norm: 0.1215900
Epoch: 115, LR: 0.001000, Loss: 0.0958363, Validation MAE: 1.2838782, Test MAE: 5.2607288, Test MAE norm: 0.1159252
Epoch: 125, LR: 0.001000, Loss: 0.0986434, Validation MAE: 1.4139990, Test MAE: 5.3061476, Test MAE norm: 0.1169260
Epoch: 134, LR: 0.000900, Loss: 0.0940350, Validation MAE: 1.3530394, Test MAE: 5.3358440, Test MAE norm: 0.1175804
Epoch: 144, LR: 0.000810, Loss: 0.0983264, Validation MAE: 1.3737028, Test MAE: 4.8405838, Test MAE norm: 0.1066669
Epoch: 145, LR: 0.000810, Loss: 0.0930096, Validation MAE: 1.3634827, Test MAE: 4.6622787, Test MAE norm: 0.1027378
Epoch: 146, LR: 0.000810, Loss: 0.0967491, Validation MAE: 1.3552254, Test MAE: 4.9412675, Test MAE norm: 0.1088856
Epoch: 151, LR: 0.000729, Loss: 0.0912665, Validation MAE: 1.3319970, Test MAE: 5.1458526, Test MAE norm: 0.1133938
Epoch: 152, LR: 0.000729, Loss: 0.0962425, Validation MAE: 1.3007704, Test MAE: 5.1938004, Test MAE norm: 0.1144504
Epoch: 162, LR: 0.000656, Loss: 0.0891090, Validation MAE: 1.3828502, Test MAE: 5.0396662, Test MAE norm: 0.1110539
Epoch: 163, LR: 0.000656, Loss: 0.0907500, Validation MAE: 1.3706752, Test MAE: 5.0031133, Test MAE norm: 0.1102484
Epoch: 164, LR: 0.000656, Loss: 0.0895832, Validation MAE: 1.3362958, Test MAE: 5.0896482, Test MAE norm: 0.1121553
Epoch: 165, LR: 0.000656, Loss: 0.0896153, Validation MAE: 1.3322635, Test MAE: 5.0504670, Test MAE norm: 0.1112919
Epoch: 166, LR: 0.000656, Loss: 0.0906832, Validation MAE: 1.3132583, Test MAE: 4.9309840, Test MAE norm: 0.1086590
Epoch: 167, LR: 0.000656, Loss: 0.0902755, Validation MAE: 1.2905456, Test MAE: 4.9011021, Test MAE norm: 0.1080005
Epoch: 168, LR: 0.000656, Loss: 0.0895181, Validation MAE: 1.2651780, Test MAE: 4.9714603, Test MAE norm: 0.1095509
Epoch: 178, LR: 0.000656, Loss: 0.0893386, Validation MAE: 1.2906700, Test MAE: 4.8008981, Test MAE norm: 0.1057924
Epoch: 186, LR: 0.000590, Loss: 0.0875056, Validation MAE: 1.2807177, Test MAE: 4.9943728, Test MAE norm: 0.1100558
Epoch: 196, LR: 0.000531, Loss: 0.0871638, Validation MAE: 1.2983185, Test MAE: 4.9342771, Test MAE norm: 0.1087315
Epoch: 200, LR: 0.000531, Loss: 0.0879883, Validation MAE: 1.2727644, Test MAE: 4.9212890, Test MAE norm: 0.1084453
Epoch: 210, LR: 0.000478, Loss: 0.0876588, Validation MAE: 1.3157119, Test MAE: 5.1084733, Test MAE norm: 0.1125701
Epoch: 211, LR: 0.000478, Loss: 0.0864724, Validation MAE: 1.3008175, Test MAE: 5.1666932, Test MAE norm: 0.1138530
Epoch: 213, LR: 0.000430, Loss: 0.0880052, Validation MAE: 1.2999777, Test MAE: 5.1307025, Test MAE norm: 0.1130599
Epoch: 215, LR: 0.000430, Loss: 0.0877755, Validation MAE: 1.2921126, Test MAE: 5.0546088, Test MAE norm: 0.1113831
Epoch: 225, LR: 0.000387, Loss: 0.0858549, Validation MAE: 1.2958525, Test MAE: 5.0274363, Test MAE norm: 0.1107844
Epoch: 226, LR: 0.000387, Loss: 0.0859054, Validation MAE: 1.2911379, Test MAE: 5.0535240, Test MAE norm: 0.1113592
Epoch: 231, LR: 0.000387, Loss: 0.0856101, Validation MAE: 1.2890193, Test MAE: 4.8383617, Test MAE norm: 0.1066179
Epoch: 241, LR: 0.000349, Loss: 0.0858780, Validation MAE: 1.3359205, Test MAE: 5.1591268, Test MAE norm: 0.1136863
Epoch: 242, LR: 0.000349, Loss: 0.0858847, Validation MAE: 1.3127984, Test MAE: 5.1159282, Test MAE norm: 0.1127344
Epoch: 244, LR: 0.000349, Loss: 0.0859916, Validation MAE: 1.3038630, Test MAE: 5.0355330, Test MAE norm: 0.1109628
Epoch: 254, LR: 0.000314, Loss: 0.0864734, Validation MAE: 1.3428048, Test MAE: 5.1526375, Test MAE norm: 0.1135433
Epoch: 255, LR: 0.000314, Loss: 0.0863468, Validation MAE: 1.3337373, Test MAE: 4.9890838, Test MAE norm: 0.1099392
Epoch: 256, LR: 0.000314, Loss: 0.0858782, Validation MAE: 1.2979544, Test MAE: 4.8497181, Test MAE norm: 0.1068682
Epoch: 264, LR: 0.000282, Loss: 0.0867802, Validation MAE: 1.2978153, Test MAE: 4.8409033, Test MAE norm: 0.1066739
Epoch: 274, LR: 0.000254, Loss: 0.0845924, Validation MAE: 1.3074858, Test MAE: 4.9882460, Test MAE norm: 0.1099208
Epoch: 275, LR: 0.000254, Loss: 0.0843024, Validation MAE: 1.3062624, Test MAE: 5.0220256, Test MAE norm: 0.1106651
Epoch: 276, LR: 0.000254, Loss: 0.0842630, Validation MAE: 1.3053806, Test MAE: 5.0324359, Test MAE norm: 0.1108945
Epoch: 282, LR: 0.000229, Loss: 0.0845631, Validation MAE: 1.3052349, Test MAE: 4.8847933, Test MAE norm: 0.1076411
Epoch: 285, LR: 0.000229, Loss: 0.0842191, Validation MAE: 1.3020178, Test MAE: 5.1099882, Test MAE norm: 0.1126035
Epoch: 295, LR: 0.000206, Loss: 0.0840167, Validation MAE: 1.3052409, Test MAE: 4.9571919, Test MAE norm: 0.1092365
Epoch: 305, LR: 0.000185, Loss: 0.0835306, Validation MAE: 1.3126509, Test MAE: 5.0363631, Test MAE norm: 0.1109811
Epoch: 315, LR: 0.000167, Loss: 0.0833743, Validation MAE: 1.3158431, Test MAE: 4.9503565, Test MAE norm: 0.1090858
Epoch: 325, LR: 0.000150, Loss: 0.0832817, Validation MAE: 1.3238314, Test MAE: 5.0717273, Test MAE norm: 0.1117604
Epoch: 327, LR: 0.000150, Loss: 0.0833798, Validation MAE: 1.3221157, Test MAE: 4.9919162, Test MAE norm: 0.1100017
Epoch: 328, LR: 0.000150, Loss: 0.0829718, Validation MAE: 1.3177556, Test MAE: 4.9215088, Test MAE norm: 0.1084502
Epoch: 338, LR: 0.000135, Loss: 0.0831309, Validation MAE: 1.3321350, Test MAE: 5.0691042, Test MAE norm: 0.1117026
Epoch: 339, LR: 0.000135, Loss: 0.0835742, Validation MAE: 1.3284163, Test MAE: 5.0187416, Test MAE norm: 0.1105928
Epoch: 340, LR: 0.000135, Loss: 0.0828158, Validation MAE: 1.3274715, Test MAE: 4.9314008, Test MAE norm: 0.1086681
Epoch: 350, LR: 0.000122, Loss: 0.0834152, Validation MAE: 1.3354577, Test MAE: 5.0154538, Test MAE norm: 0.1105203
Epoch: 351, LR: 0.000122, Loss: 0.0833075, Validation MAE: 1.3219577, Test MAE: 4.9606977, Test MAE norm: 0.1093137
Epoch: 361, LR: 0.000109, Loss: 0.0826912, Validation MAE: 1.3290775, Test MAE: 4.9006381, Test MAE norm: 0.1079902
Epoch: 366, LR: 0.000109, Loss: 0.0826371, Validation MAE: 1.3288370, Test MAE: 4.9571671, Test MAE norm: 0.1092359
Epoch: 373, LR: 0.000098, Loss: 0.0822112, Validation MAE: 1.3272943, Test MAE: 4.9313622, Test MAE norm: 0.1086673
Epoch: 383, LR: 0.000089, Loss: 0.0820495, Validation MAE: 1.3411930, Test MAE: 5.0090518, Test MAE norm: 0.1103792
Epoch: 385, LR: 0.000089, Loss: 0.0822477, Validation MAE: 1.3315964, Test MAE: 4.9540420, Test MAE norm: 0.1091671
Epoch: 395, LR: 0.000080, Loss: 0.0819955, Validation MAE: 1.3381171, Test MAE: 5.0260582, Test MAE norm: 0.1107540
Epoch: 404, LR: 0.000072, Loss: 0.0817864, Validation MAE: 1.3345610, Test MAE: 4.9754214, Test MAE norm: 0.1096382
Epoch: 414, LR: 0.000065, Loss: 0.0815505, Validation MAE: 1.3409235, Test MAE: 4.9749756, Test MAE norm: 0.1096283
Epoch: 424, LR: 0.000058, Loss: 0.0815893, Validation MAE: 1.3456794, Test MAE: 5.0399222, Test MAE norm: 0.1110595
Epoch: 425, LR: 0.000058, Loss: 0.0815932, Validation MAE: 1.3412367, Test MAE: 5.0090189, Test MAE norm: 0.1103785
Epoch: 435, LR: 0.000052, Loss: 0.0812771, Validation MAE: 1.3431522, Test MAE: 4.9999361, Test MAE norm: 0.1101784
Epoch: 445, LR: 0.000047, Loss: 0.0813359, Validation MAE: 1.3538702, Test MAE: 4.9943624, Test MAE norm: 0.1100556
Epoch: 446, LR: 0.000047, Loss: 0.0812535, Validation MAE: 1.3469360, Test MAE: 5.0031586, Test MAE norm: 0.1102494
Epoch: 447, LR: 0.000047, Loss: 0.0811106, Validation MAE: 1.3465868, Test MAE: 5.0165071, Test MAE norm: 0.1105435
Epoch: 448, LR: 0.000047, Loss: 0.0812230, Validation MAE: 1.3465695, Test MAE: 5.0207572, Test MAE norm: 0.1106372
Epoch: 452, LR: 0.000047, Loss: 0.0811576, Validation MAE: 1.3456569, Test MAE: 4.9486341, Test MAE norm: 0.1090479
Epoch: 461, LR: 0.000042, Loss: 0.0810320, Validation MAE: 1.3451641, Test MAE: 4.9881005, Test MAE norm: 0.1099176
Epoch: 462, LR: 0.000042, Loss: 0.0810550, Validation MAE: 1.3442713, Test MAE: 4.9951229, Test MAE norm: 0.1100723
Epoch: 472, LR: 0.000038, Loss: 0.0809486, Validation MAE: 1.3480462, Test MAE: 5.0006509, Test MAE norm: 0.1101941
Epoch: 482, LR: 0.000034, Loss: 0.0808398, Validation MAE: 1.3526187, Test MAE: 5.0192170, Test MAE norm: 0.1106033
Epoch: 483, LR: 0.000034, Loss: 0.0808924, Validation MAE: 1.3498325, Test MAE: 5.0067253, Test MAE norm: 0.1103280
Epoch: 484, LR: 0.000034, Loss: 0.0808269, Validation MAE: 1.3495260, Test MAE: 4.9879746, Test MAE norm: 0.1099148
Epoch: 494, LR: 0.000031, Loss: 0.0808496, Validation MAE: 1.3516033, Test MAE: 4.9952178, Test MAE norm: 0.1100744
Epoch: 502, LR: 0.000028, Loss: 0.0807111, Validation MAE: 1.3500888, Test MAE: 4.9934583, Test MAE norm: 0.1100356
Epoch: 503, LR: 0.000028, Loss: 0.0806662, Validation MAE: 1.3492111, Test MAE: 5.0073457, Test MAE norm: 0.1103417
Epoch: 513, LR: 0.000025, Loss: 0.0806170, Validation MAE: 1.3532444, Test MAE: 4.9919248, Test MAE norm: 0.1100018
Epoch: 523, LR: 0.000023, Loss: 0.0805508, Validation MAE: 1.3535657, Test MAE: 5.0241151, Test MAE norm: 0.1107112
Epoch: 524, LR: 0.000023, Loss: 0.0805866, Validation MAE: 1.3533169, Test MAE: 5.0202565, Test MAE norm: 0.1106262
Epoch: 525, LR: 0.000023, Loss: 0.0805409, Validation MAE: 1.3529350, Test MAE: 5.0132623, Test MAE norm: 0.1104720
Epoch: 535, LR: 0.000020, Loss: 0.0805044, Validation MAE: 1.3554492, Test MAE: 5.0102348, Test MAE norm: 0.1104053
Epoch: 536, LR: 0.000020, Loss: 0.0804529, Validation MAE: 1.3539534, Test MAE: 5.0016541, Test MAE norm: 0.1102162
Epoch: 546, LR: 0.000018, Loss: 0.0804213, Validation MAE: 1.3557612, Test MAE: 5.0034986, Test MAE norm: 0.1102569
Epoch: 548, LR: 0.000018, Loss: 0.0804018, Validation MAE: 1.3548962, Test MAE: 4.9874263, Test MAE norm: 0.1099027
Epoch: 557, LR: 0.000016, Loss: 0.0804254, Validation MAE: 1.3542640, Test MAE: 4.9951062, Test MAE norm: 0.1100719
Epoch: 558, LR: 0.000016, Loss: 0.0803923, Validation MAE: 1.3542109, Test MAE: 4.9952326, Test MAE norm: 0.1100747
Epoch: 568, LR: 0.000015, Loss: 0.0803858, Validation MAE: 1.3545785, Test MAE: 5.0043235, Test MAE norm: 0.1102751
Epoch: 578, LR: 0.000013, Loss: 0.0804406, Validation MAE: 1.3556991, Test MAE: 5.0148911, Test MAE norm: 0.1105079
Epoch: 579, LR: 0.000013, Loss: 0.0803674, Validation MAE: 1.3547927, Test MAE: 5.0049272, Test MAE norm: 0.1102884
Epoch: 589, LR: 0.000012, Loss: 0.0803799, Validation MAE: 1.3575904, Test MAE: 5.0201912, Test MAE norm: 0.1106247
Epoch: 590, LR: 0.000012, Loss: 0.0803627, Validation MAE: 1.3556889, Test MAE: 5.0133033, Test MAE norm: 0.1104729
Epoch: 591, LR: 0.000012, Loss: 0.0803499, Validation MAE: 1.3554991, Test MAE: 5.0070634, Test MAE norm: 0.1103354
Epoch: 601, LR: 0.000011, Loss: 0.0803651, Validation MAE: 1.3584381, Test MAE: 5.0189867, Test MAE norm: 0.1105982
Epoch: 602, LR: 0.000011, Loss: 0.0803203, Validation MAE: 1.3566890, Test MAE: 5.0098977, Test MAE norm: 0.1103979
Epoch: 603, LR: 0.000011, Loss: 0.0803110, Validation MAE: 1.3564848, Test MAE: 5.0042858, Test MAE norm: 0.1102742
Epoch: 613, LR: 0.000010, Loss: 0.0802999, Validation MAE: 1.3579199, Test MAE: 5.0092430, Test MAE norm: 0.1103835
Epoch: 614, LR: 0.000010, Loss: 0.0802868, Validation MAE: 1.3573910, Test MAE: 5.0093703, Test MAE norm: 0.1103863
Epoch: 615, LR: 0.000010, Loss: 0.0802765, Validation MAE: 1.3572762, Test MAE: 5.0093417, Test MAE norm: 0.1103856
Epoch: 619, LR: 0.000010, Loss: 0.0803111, Validation MAE: 1.3572620, Test MAE: 5.0048442, Test MAE norm: 0.1102865
Epoch: 620, LR: 0.000010, Loss: 0.0803057, Validation MAE: 1.3566403, Test MAE: 5.0071778, Test MAE norm: 0.1103380
Epoch: 630, LR: 0.000010, Loss: 0.0802804, Validation MAE: 1.3571882, Test MAE: 5.0029888, Test MAE norm: 0.1102456
Epoch: 640, LR: 0.000010, Loss: 0.0802375, Validation MAE: 1.3598646, Test MAE: 5.0120020, Test MAE norm: 0.1104443
Epoch: 641, LR: 0.000010, Loss: 0.0802401, Validation MAE: 1.3592875, Test MAE: 5.0093741, Test MAE norm: 0.1103864
Epoch: 642, LR: 0.000010, Loss: 0.0802532, Validation MAE: 1.3585515, Test MAE: 5.0087266, Test MAE norm: 0.1103721
Epoch: 646, LR: 0.000010, Loss: 0.0802292, Validation MAE: 1.3581330, Test MAE: 5.0081463, Test MAE norm: 0.1103593
Epoch: 651, LR: 0.000010, Loss: 0.0802611, Validation MAE: 1.3572264, Test MAE: 5.0047150, Test MAE norm: 0.1102837
Epoch: 661, LR: 0.000010, Loss: 0.0802436, Validation MAE: 1.3634921, Test MAE: 5.0259519, Test MAE norm: 0.1107517
Epoch: 662, LR: 0.000010, Loss: 0.0802824, Validation MAE: 1.3622304, Test MAE: 5.0267320, Test MAE norm: 0.1107688
Epoch: 663, LR: 0.000010, Loss: 0.0802706, Validation MAE: 1.3593396, Test MAE: 5.0198812, Test MAE norm: 0.1106179
Epoch: 664, LR: 0.000010, Loss: 0.0802556, Validation MAE: 1.3579390, Test MAE: 5.0127301, Test MAE norm: 0.1104603
Epoch: 674, LR: 0.000010, Loss: 0.0802281, Validation MAE: 1.3589977, Test MAE: 5.0054426, Test MAE norm: 0.1102997
Epoch: 680, LR: 0.000010, Loss: 0.0802059, Validation MAE: 1.3588930, Test MAE: 5.0142612, Test MAE norm: 0.1104940
Epoch: 690, LR: 0.000010, Loss: 0.0801771, Validation MAE: 1.3592362, Test MAE: 5.0055609, Test MAE norm: 0.1103023
Epoch: 700, LR: 0.000010, Loss: 0.0801924, Validation MAE: 1.3623549, Test MAE: 5.0070662, Test MAE norm: 0.1103355
Epoch: 701, LR: 0.000010, Loss: 0.0801777, Validation MAE: 1.3620212, Test MAE: 5.0087457, Test MAE norm: 0.1103725
Epoch: 702, LR: 0.000010, Loss: 0.0801802, Validation MAE: 1.3610030, Test MAE: 5.0111742, Test MAE norm: 0.1104260
Epoch: 703, LR: 0.000010, Loss: 0.0801718, Validation MAE: 1.3593477, Test MAE: 5.0076303, Test MAE norm: 0.1103479
Epoch: 704, LR: 0.000010, Loss: 0.0801640, Validation MAE: 1.3590372, Test MAE: 5.0076880, Test MAE norm: 0.1103492
Epoch: 714, LR: 0.000010, Loss: 0.0801631, Validation MAE: 1.3608804, Test MAE: 5.0119362, Test MAE norm: 0.1104428
Epoch: 717, LR: 0.000010, Loss: 0.0801565, Validation MAE: 1.3607711, Test MAE: 5.0252781, Test MAE norm: 0.1107368
Epoch: 720, LR: 0.000010, Loss: 0.0801522, Validation MAE: 1.3606291, Test MAE: 5.0095634, Test MAE norm: 0.1103905
Epoch: 728, LR: 0.000010, Loss: 0.0801577, Validation MAE: 1.3605231, Test MAE: 5.0056033, Test MAE norm: 0.1103033
Epoch: 729, LR: 0.000010, Loss: 0.0801749, Validation MAE: 1.3602859, Test MAE: 5.0080199, Test MAE norm: 0.1103565
Epoch: 739, LR: 0.000010, Loss: 0.0801436, Validation MAE: 1.3633157, Test MAE: 5.0289788, Test MAE norm: 0.1108184
Epoch: 740, LR: 0.000010, Loss: 0.0801516, Validation MAE: 1.3622346, Test MAE: 5.0260248, Test MAE norm: 0.1107533
Epoch: 741, LR: 0.000010, Loss: 0.0801615, Validation MAE: 1.3610189, Test MAE: 5.0219665, Test MAE norm: 0.1106638
Epoch: 742, LR: 0.000010, Loss: 0.0801587, Validation MAE: 1.3607267, Test MAE: 5.0189857, Test MAE norm: 0.1105982
Epoch: 743, LR: 0.000010, Loss: 0.0801156, Validation MAE: 1.3603437, Test MAE: 5.0180287, Test MAE norm: 0.1105771
Epoch: 753, LR: 0.000010, Loss: 0.0801244, Validation MAE: 1.3607327, Test MAE: 5.0127387, Test MAE norm: 0.1104605
Epoch: 763, LR: 0.000010, Loss: 0.0800781, Validation MAE: 1.3621294, Test MAE: 5.0160704, Test MAE norm: 0.1105339
Epoch: 764, LR: 0.000010, Loss: 0.0801409, Validation MAE: 1.3610928, Test MAE: 5.0153532, Test MAE norm: 0.1105181
Epoch: 774, LR: 0.000010, Loss: 0.0801015, Validation MAE: 1.3639627, Test MAE: 5.0165310, Test MAE norm: 0.1105441
Epoch: 775, LR: 0.000010, Loss: 0.0800874, Validation MAE: 1.3626591, Test MAE: 5.0113950, Test MAE norm: 0.1104309
Epoch: 776, LR: 0.000010, Loss: 0.0800970, Validation MAE: 1.3614534, Test MAE: 5.0130620, Test MAE norm: 0.1104676
Epoch: 786, LR: 0.000010, Loss: 0.0800611, Validation MAE: 1.3625848, Test MAE: 5.0201726, Test MAE norm: 0.1106243
Epoch: 787, LR: 0.000010, Loss: 0.0800598, Validation MAE: 1.3619201, Test MAE: 5.0185895, Test MAE norm: 0.1105894
Epoch: 788, LR: 0.000010, Loss: 0.0800283, Validation MAE: 1.3617812, Test MAE: 5.0175767, Test MAE norm: 0.1105671
Epoch: 790, LR: 0.000010, Loss: 0.0800412, Validation MAE: 1.3617752, Test MAE: 5.0175347, Test MAE norm: 0.1105662
Epoch: 791, LR: 0.000010, Loss: 0.0800331, Validation MAE: 1.3613292, Test MAE: 5.0132079, Test MAE norm: 0.1104708
Epoch: 801, LR: 0.000010, Loss: 0.0800441, Validation MAE: 1.3630232, Test MAE: 5.0146689, Test MAE norm: 0.1105030
Epoch: 803, LR: 0.000010, Loss: 0.0800051, Validation MAE: 1.3627845, Test MAE: 5.0212269, Test MAE norm: 0.1106475
Epoch: 804, LR: 0.000010, Loss: 0.0800244, Validation MAE: 1.3617446, Test MAE: 5.0162029, Test MAE norm: 0.1105368
Epoch: 805, LR: 0.000010, Loss: 0.0799957, Validation MAE: 1.3611847, Test MAE: 5.0140185, Test MAE norm: 0.1104887
Epoch: 815, LR: 0.000010, Loss: 0.0799925, Validation MAE: 1.3643702, Test MAE: 5.0230041, Test MAE norm: 0.1106867
Epoch: 816, LR: 0.000010, Loss: 0.0799857, Validation MAE: 1.3632392, Test MAE: 5.0176497, Test MAE norm: 0.1105687
Epoch: 817, LR: 0.000010, Loss: 0.0799908, Validation MAE: 1.3626351, Test MAE: 5.0144348, Test MAE norm: 0.1104979
Epoch: 818, LR: 0.000010, Loss: 0.0799803, Validation MAE: 1.3626281, Test MAE: 5.0192294, Test MAE norm: 0.1106035
Epoch: 825, LR: 0.000010, Loss: 0.0799727, Validation MAE: 1.3622082, Test MAE: 5.0130839, Test MAE norm: 0.1104681
Epoch: 833, LR: 0.000010, Loss: 0.0799925, Validation MAE: 1.3620384, Test MAE: 5.0158110, Test MAE norm: 0.1105282
Epoch: 834, LR: 0.000010, Loss: 0.0799958, Validation MAE: 1.3617311, Test MAE: 5.0144486, Test MAE norm: 0.1104982
Epoch: 844, LR: 0.000010, Loss: 0.0799467, Validation MAE: 1.3649595, Test MAE: 5.0271230, Test MAE norm: 0.1107775
Epoch: 846, LR: 0.000010, Loss: 0.0799414, Validation MAE: 1.3646822, Test MAE: 5.0173774, Test MAE norm: 0.1105627
Epoch: 848, LR: 0.000010, Loss: 0.0799456, Validation MAE: 1.3641388, Test MAE: 5.0219326, Test MAE norm: 0.1106631
Epoch: 849, LR: 0.000010, Loss: 0.0799650, Validation MAE: 1.3635143, Test MAE: 5.0208702, Test MAE norm: 0.1106397
Epoch: 850, LR: 0.000010, Loss: 0.0799247, Validation MAE: 1.3630723, Test MAE: 5.0162029, Test MAE norm: 0.1105368
Epoch: 855, LR: 0.000010, Loss: 0.0799872, Validation MAE: 1.3625331, Test MAE: 5.0082617, Test MAE norm: 0.1103618
Epoch: 856, LR: 0.000010, Loss: 0.0799746, Validation MAE: 1.3624504, Test MAE: 5.0101557, Test MAE norm: 0.1104036
Epoch: 866, LR: 0.000010, Loss: 0.0799155, Validation MAE: 1.3641293, Test MAE: 5.0277653, Test MAE norm: 0.1107916
Epoch: 871, LR: 0.000010, Loss: 0.0799587, Validation MAE: 1.3633170, Test MAE: 5.0208344, Test MAE norm: 0.1106389
Epoch: 881, LR: 0.000010, Loss: 0.0799181, Validation MAE: 1.3658084, Test MAE: 5.0248170, Test MAE norm: 0.1107267
Epoch: 884, LR: 0.000010, Loss: 0.0798987, Validation MAE: 1.3652415, Test MAE: 5.0218835, Test MAE norm: 0.1106620
Epoch: 885, LR: 0.000010, Loss: 0.0799151, Validation MAE: 1.3645350, Test MAE: 5.0216260, Test MAE norm: 0.1106563
Epoch: 886, LR: 0.000010, Loss: 0.0798876, Validation MAE: 1.3634984, Test MAE: 5.0208387, Test MAE norm: 0.1106390
Epoch: 887, LR: 0.000010, Loss: 0.0798975, Validation MAE: 1.3629683, Test MAE: 5.0149550, Test MAE norm: 0.1105093
Epoch: 897, LR: 0.000010, Loss: 0.0798800, Validation MAE: 1.3675867, Test MAE: 5.0354943, Test MAE norm: 0.1109619
Epoch: 898, LR: 0.000010, Loss: 0.0798723, Validation MAE: 1.3663173, Test MAE: 5.0327411, Test MAE norm: 0.1109013
Epoch: 899, LR: 0.000010, Loss: 0.0798680, Validation MAE: 1.3649156, Test MAE: 5.0252013, Test MAE norm: 0.1107351
Epoch: 900, LR: 0.000010, Loss: 0.0798698, Validation MAE: 1.3642858, Test MAE: 5.0226173, Test MAE norm: 0.1106782
Epoch: 910, LR: 0.000010, Loss: 0.0798859, Validation MAE: 1.3648105, Test MAE: 5.0215635, Test MAE norm: 0.1106550
Epoch: 920, LR: 0.000010, Loss: 0.0798695, Validation MAE: 1.3658732, Test MAE: 5.0303035, Test MAE norm: 0.1108476
Epoch: 921, LR: 0.000010, Loss: 0.0798260, Validation MAE: 1.3657649, Test MAE: 5.0271630, Test MAE norm: 0.1107783
Epoch: 922, LR: 0.000010, Loss: 0.0798690, Validation MAE: 1.3657185, Test MAE: 5.0262671, Test MAE norm: 0.1107586
Epoch: 929, LR: 0.000010, Loss: 0.0798224, Validation MAE: 1.3656478, Test MAE: 5.0330520, Test MAE norm: 0.1109081
Epoch: 930, LR: 0.000010, Loss: 0.0798046, Validation MAE: 1.3653787, Test MAE: 5.0362477, Test MAE norm: 0.1109785
Epoch: 937, LR: 0.000010, Loss: 0.0798121, Validation MAE: 1.3650695, Test MAE: 5.0269971, Test MAE norm: 0.1107747
Epoch: 947, LR: 0.000010, Loss: 0.0799328, Validation MAE: 1.3706712, Test MAE: 5.0524101, Test MAE norm: 0.1113347
Epoch: 948, LR: 0.000010, Loss: 0.0798596, Validation MAE: 1.3674803, Test MAE: 5.0384860, Test MAE norm: 0.1110279
Epoch: 949, LR: 0.000010, Loss: 0.0798443, Validation MAE: 1.3663118, Test MAE: 5.0285382, Test MAE norm: 0.1108087
Epoch: 950, LR: 0.000010, Loss: 0.0798977, Validation MAE: 1.3661565, Test MAE: 5.0294795, Test MAE norm: 0.1108294
Epoch: 954, LR: 0.000010, Loss: 0.0798202, Validation MAE: 1.3655138, Test MAE: 5.0274167, Test MAE norm: 0.1107839
Epoch: 955, LR: 0.000010, Loss: 0.0798013, Validation MAE: 1.3647747, Test MAE: 5.0248084, Test MAE norm: 0.1107265
Epoch: 965, LR: 0.000010, Loss: 0.0797619, Validation MAE: 1.3658708, Test MAE: 5.0273733, Test MAE norm: 0.1107830
Epoch: 975, LR: 0.000010, Loss: 0.0797821, Validation MAE: 1.3660852, Test MAE: 5.0324173, Test MAE norm: 0.1108941
Epoch: 985, LR: 0.000010, Loss: 0.0797517, Validation MAE: 1.3674818, Test MAE: 5.0364866, Test MAE norm: 0.1109838
Epoch: 986, LR: 0.000010, Loss: 0.0797502, Validation MAE: 1.3672127, Test MAE: 5.0327034, Test MAE norm: 0.1109004
Epoch: 996, LR: 0.000010, Loss: 0.0797355, Validation MAE: 1.3687936, Test MAE: 5.0394535, Test MAE norm: 0.1110492
Epoch: 997, LR: 0.000010, Loss: 0.0797256, Validation MAE: 1.3685198, Test MAE: 5.0341887, Test MAE norm: 0.1109332
Epoch: 1002, LR: 0.000010, Loss: 0.0797268, Validation MAE: 1.3679423, Test MAE: 5.0370049, Test MAE norm: 0.1109952
Epoch: 1012, LR: 0.000010, Loss: 0.0797144, Validation MAE: 1.3691926, Test MAE: 5.0486050, Test MAE norm: 0.1112508
Epoch: 1014, LR: 0.000010, Loss: 0.0797582, Validation MAE: 1.3683568, Test MAE: 5.0405097, Test MAE norm: 0.1110725
Epoch: 1015, LR: 0.000010, Loss: 0.0796722, Validation MAE: 1.3678658, Test MAE: 5.0309138, Test MAE norm: 0.1108610
Epoch: 1025, LR: 0.000010, Loss: 0.0796841, Validation MAE: 1.3692240, Test MAE: 5.0404315, Test MAE norm: 0.1110707
Epoch: 1026, LR: 0.000010, Loss: 0.0797226, Validation MAE: 1.3683089, Test MAE: 5.0381212, Test MAE norm: 0.1110198
Epoch: 1030, LR: 0.000010, Loss: 0.0797764, Validation MAE: 1.3681023, Test MAE: 5.0435014, Test MAE norm: 0.1111384
Epoch: 1031, LR: 0.000010, Loss: 0.0797663, Validation MAE: 1.3675019, Test MAE: 5.0375400, Test MAE norm: 0.1110070
Epoch: 1041, LR: 0.000010, Loss: 0.0797083, Validation MAE: 1.3708816, Test MAE: 5.0498662, Test MAE norm: 0.1112786
Epoch: 1042, LR: 0.000010, Loss: 0.0796700, Validation MAE: 1.3706310, Test MAE: 5.0417843, Test MAE norm: 0.1111005
Epoch: 1043, LR: 0.000010, Loss: 0.0796777, Validation MAE: 1.3705522, Test MAE: 5.0434947, Test MAE norm: 0.1111382
Epoch: 1044, LR: 0.000010, Loss: 0.0796681, Validation MAE: 1.3699123, Test MAE: 5.0454693, Test MAE norm: 0.1111817
Epoch: 1045, LR: 0.000010, Loss: 0.0796757, Validation MAE: 1.3691523, Test MAE: 5.0418696, Test MAE norm: 0.1111024
Epoch: 1046, LR: 0.000010, Loss: 0.0796707, Validation MAE: 1.3685784, Test MAE: 5.0389814, Test MAE norm: 0.1110388
Epoch: 1056, LR: 0.000010, Loss: 0.0796751, Validation MAE: 1.3687539, Test MAE: 5.0373282, Test MAE norm: 0.1110023
Epoch: 1066, LR: 0.000010, Loss: 0.0796736, Validation MAE: 1.3709308, Test MAE: 5.0528417, Test MAE norm: 0.1113442
Epoch: 1068, LR: 0.000010, Loss: 0.0796387, Validation MAE: 1.3700399, Test MAE: 5.0391884, Test MAE norm: 0.1110433
Epoch: 1073, LR: 0.000010, Loss: 0.0796307, Validation MAE: 1.3700336, Test MAE: 5.0533304, Test MAE norm: 0.1113550
Epoch: 1074, LR: 0.000010, Loss: 0.0796137, Validation MAE: 1.3698490, Test MAE: 5.0448618, Test MAE norm: 0.1111684
Epoch: 1084, LR: 0.000010, Loss: 0.0796033, Validation MAE: 1.3727605, Test MAE: 5.0636253, Test MAE norm: 0.1115818
Epoch: 1085, LR: 0.000010, Loss: 0.0796241, Validation MAE: 1.3713347, Test MAE: 5.0611649, Test MAE norm: 0.1115276
Epoch: 1086, LR: 0.000010, Loss: 0.0796093, Validation MAE: 1.3701599, Test MAE: 5.0558405, Test MAE norm: 0.1114103
Epoch: 1094, LR: 0.000010, Loss: 0.0795820, Validation MAE: 1.3700142, Test MAE: 5.0520926, Test MAE norm: 0.1113277
Epoch: 1104, LR: 0.000010, Loss: 0.0795865, Validation MAE: 1.3724772, Test MAE: 5.0581841, Test MAE norm: 0.1114619
Epoch: 1105, LR: 0.000010, Loss: 0.0795620, Validation MAE: 1.3718777, Test MAE: 5.0596108, Test MAE norm: 0.1114934
Epoch: 1112, LR: 0.000010, Loss: 0.0795354, Validation MAE: 1.3715751, Test MAE: 5.0526395, Test MAE norm: 0.1113397
Epoch: 1113, LR: 0.000010, Loss: 0.0795407, Validation MAE: 1.3715216, Test MAE: 5.0558000, Test MAE norm: 0.1114094
Epoch: 1123, LR: 0.000010, Loss: 0.0795316, Validation MAE: 1.3709209, Test MAE: 5.0552626, Test MAE norm: 0.1113975
Epoch: 1133, LR: 0.000010, Loss: 0.0795259, Validation MAE: 1.3717058, Test MAE: 5.0574841, Test MAE norm: 0.1114465
Epoch: 1143, LR: 0.000010, Loss: 0.0795307, Validation MAE: 1.3736371, Test MAE: 5.0706434, Test MAE norm: 0.1117365
Epoch: 1144, LR: 0.000010, Loss: 0.0795138, Validation MAE: 1.3731716, Test MAE: 5.0599222, Test MAE norm: 0.1115002
Epoch: 1145, LR: 0.000010, Loss: 0.0795405, Validation MAE: 1.3727401, Test MAE: 5.0513568, Test MAE norm: 0.1113115
Epoch: 1146, LR: 0.000010, Loss: 0.0795416, Validation MAE: 1.3727374, Test MAE: 5.0538182, Test MAE norm: 0.1113657
Epoch: 1150, LR: 0.000010, Loss: 0.0795484, Validation MAE: 1.3721426, Test MAE: 5.0687108, Test MAE norm: 0.1116939
Epoch: 1151, LR: 0.000010, Loss: 0.0795173, Validation MAE: 1.3716457, Test MAE: 5.0613031, Test MAE norm: 0.1115307
Epoch: 1161, LR: 0.000010, Loss: 0.0794738, Validation MAE: 1.3719665, Test MAE: 5.0646801, Test MAE norm: 0.1116051
Epoch: 1162, LR: 0.000010, Loss: 0.0795065, Validation MAE: 1.3715765, Test MAE: 5.0669918, Test MAE norm: 0.1116560
Epoch: 1172, LR: 0.000010, Loss: 0.0794905, Validation MAE: 1.3752743, Test MAE: 5.0709195, Test MAE norm: 0.1117426
Epoch: 1173, LR: 0.000010, Loss: 0.0794980, Validation MAE: 1.3734691, Test MAE: 5.0664072, Test MAE norm: 0.1116431
Epoch: 1174, LR: 0.000010, Loss: 0.0794893, Validation MAE: 1.3734485, Test MAE: 5.0684042, Test MAE norm: 0.1116871
Epoch: 1175, LR: 0.000010, Loss: 0.0794584, Validation MAE: 1.3730146, Test MAE: 5.0654416, Test MAE norm: 0.1116219
Epoch: 1185, LR: 0.000010, Loss: 0.0794541, Validation MAE: 1.3758593, Test MAE: 5.0743680, Test MAE norm: 0.1118186
Epoch: 1186, LR: 0.000010, Loss: 0.0794610, Validation MAE: 1.3748282, Test MAE: 5.0751638, Test MAE norm: 0.1118361
Epoch: 1187, LR: 0.000010, Loss: 0.0794399, Validation MAE: 1.3745003, Test MAE: 5.0691476, Test MAE norm: 0.1117035
Epoch: 1188, LR: 0.000010, Loss: 0.0794320, Validation MAE: 1.3739740, Test MAE: 5.0609636, Test MAE norm: 0.1115232
Epoch: 1192, LR: 0.000010, Loss: 0.0794344, Validation MAE: 1.3738087, Test MAE: 5.0676541, Test MAE norm: 0.1116706
Epoch: 1202, LR: 0.000010, Loss: 0.0794112, Validation MAE: 1.3737400, Test MAE: 5.0690312, Test MAE norm: 0.1117010
Epoch: 1212, LR: 0.000010, Loss: 0.0793667, Validation MAE: 1.3758305, Test MAE: 5.0794220, Test MAE norm: 0.1119299
Epoch: 1213, LR: 0.000010, Loss: 0.0793821, Validation MAE: 1.3748200, Test MAE: 5.0720668, Test MAE norm: 0.1117678
Epoch: 1214, LR: 0.000010, Loss: 0.0793734, Validation MAE: 1.3742015, Test MAE: 5.0676565, Test MAE norm: 0.1116707
Epoch: 1224, LR: 0.000010, Loss: 0.0793827, Validation MAE: 1.3759817, Test MAE: 5.0769687, Test MAE norm: 0.1118759
Epoch: 1225, LR: 0.000010, Loss: 0.0793672, Validation MAE: 1.3757735, Test MAE: 5.0801883, Test MAE norm: 0.1119468
Epoch: 1226, LR: 0.000010, Loss: 0.0794094, Validation MAE: 1.3754625, Test MAE: 5.0787582, Test MAE norm: 0.1119153
Epoch: 1227, LR: 0.000010, Loss: 0.0794077, Validation MAE: 1.3752985, Test MAE: 5.0724263, Test MAE norm: 0.1117758
Epoch: 1237, LR: 0.000010, Loss: 0.0793351, Validation MAE: 1.3755473, Test MAE: 5.0702157, Test MAE norm: 0.1117271
Epoch: 1247, LR: 0.000010, Loss: 0.0793794, Validation MAE: 1.3773304, Test MAE: 5.0731096, Test MAE norm: 0.1117908
Epoch: 1248, LR: 0.000010, Loss: 0.0793536, Validation MAE: 1.3769348, Test MAE: 5.0722280, Test MAE norm: 0.1117714
Epoch: 1249, LR: 0.000010, Loss: 0.0793307, Validation MAE: 1.3768315, Test MAE: 5.0777278, Test MAE norm: 0.1118926
Epoch: 1259, LR: 0.000010, Loss: 0.0793275, Validation MAE: 1.3772902, Test MAE: 5.0753264, Test MAE norm: 0.1118397
Epoch: 1260, LR: 0.000010, Loss: 0.0793700, Validation MAE: 1.3772669, Test MAE: 5.0800672, Test MAE norm: 0.1119441
Epoch: 1264, LR: 0.000010, Loss: 0.0793355, Validation MAE: 1.3772351, Test MAE: 5.0745754, Test MAE norm: 0.1118231
Epoch: 1269, LR: 0.000010, Loss: 0.0793248, Validation MAE: 1.3769915, Test MAE: 5.0713248, Test MAE norm: 0.1117515
Epoch: 1279, LR: 0.000010, Loss: 0.0793161, Validation MAE: 1.3781567, Test MAE: 5.0846205, Test MAE norm: 0.1120445
Epoch: 1289, LR: 0.000010, Loss: 0.0792818, Validation MAE: 1.3787904, Test MAE: 5.0752578, Test MAE norm: 0.1118382
Epoch: 1298, LR: 0.000010, Loss: 0.0792650, Validation MAE: 1.3777483, Test MAE: 5.0800109, Test MAE norm: 0.1119429
Epoch: 1308, LR: 0.000010, Loss: 0.0792638, Validation MAE: 1.3785131, Test MAE: 5.0825634, Test MAE norm: 0.1119991
Epoch: 1318, LR: 0.000010, Loss: 0.0792605, Validation MAE: 1.3802388, Test MAE: 5.0805726, Test MAE norm: 0.1119553
Epoch: 1328, LR: 0.000010, Loss: 0.0792154, Validation MAE: 1.3820758, Test MAE: 5.0861287, Test MAE norm: 0.1120777
Epoch: 1329, LR: 0.000010, Loss: 0.0792220, Validation MAE: 1.3813037, Test MAE: 5.0794978, Test MAE norm: 0.1119316
Epoch: 1330, LR: 0.000010, Loss: 0.0792036, Validation MAE: 1.3812430, Test MAE: 5.0818057, Test MAE norm: 0.1119824
Epoch: 1334, LR: 0.000010, Loss: 0.0792182, Validation MAE: 1.3804793, Test MAE: 5.0769377, Test MAE norm: 0.1118752
Epoch: 1335, LR: 0.000010, Loss: 0.0792096, Validation MAE: 1.3800559, Test MAE: 5.0772958, Test MAE norm: 0.1118831
Epoch: 1345, LR: 0.000010, Loss: 0.0791868, Validation MAE: 1.3802472, Test MAE: 5.0856137, Test MAE norm: 0.1120664
Epoch: 1355, LR: 0.000010, Loss: 0.0791735, Validation MAE: 1.3829091, Test MAE: 5.0869436, Test MAE norm: 0.1120957
Epoch: 1356, LR: 0.000010, Loss: 0.0791751, Validation MAE: 1.3822978, Test MAE: 5.0878143, Test MAE norm: 0.1121149
Epoch: 1357, LR: 0.000010, Loss: 0.0791642, Validation MAE: 1.3821886, Test MAE: 5.0822005, Test MAE norm: 0.1119912
Epoch: 1358, LR: 0.000010, Loss: 0.0791825, Validation MAE: 1.3820732, Test MAE: 5.0828495, Test MAE norm: 0.1120055
Epoch: 1361, LR: 0.000010, Loss: 0.0791911, Validation MAE: 1.3817843, Test MAE: 5.0837450, Test MAE norm: 0.1120252
Epoch: 1371, LR: 0.000010, Loss: 0.0791369, Validation MAE: 1.3836536, Test MAE: 5.0785651, Test MAE norm: 0.1119110
Epoch: 1372, LR: 0.000010, Loss: 0.0791680, Validation MAE: 1.3830171, Test MAE: 5.0780406, Test MAE norm: 0.1118995
Epoch: 1373, LR: 0.000010, Loss: 0.0791546, Validation MAE: 1.3828324, Test MAE: 5.0875068, Test MAE norm: 0.1121081
Epoch: 1383, LR: 0.000010, Loss: 0.0791624, Validation MAE: 1.3839160, Test MAE: 5.0880141, Test MAE norm: 0.1121193
Epoch: 1384, LR: 0.000010, Loss: 0.0791381, Validation MAE: 1.3833940, Test MAE: 5.0777426, Test MAE norm: 0.1118929
Epoch: 1394, LR: 0.000010, Loss: 0.0791248, Validation MAE: 1.3841558, Test MAE: 5.0870867, Test MAE norm: 0.1120988
Epoch: 1395, LR: 0.000010, Loss: 0.0791275, Validation MAE: 1.3839314, Test MAE: 5.0817227, Test MAE norm: 0.1119806
Epoch: 1399, LR: 0.000010, Loss: 0.0790900, Validation MAE: 1.3837219, Test MAE: 5.0849915, Test MAE norm: 0.1120527
Epoch: 1409, LR: 0.000010, Loss: 0.0790912, Validation MAE: 1.3858801, Test MAE: 5.0852814, Test MAE norm: 0.1120590
Epoch: 1410, LR: 0.000010, Loss: 0.0790836, Validation MAE: 1.3844835, Test MAE: 5.0825968, Test MAE norm: 0.1119999
Epoch: 1420, LR: 0.000010, Loss: 0.0790530, Validation MAE: 1.3847277, Test MAE: 5.0812144, Test MAE norm: 0.1119694
Epoch: 1421, LR: 0.000010, Loss: 0.0790430, Validation MAE: 1.3845764, Test MAE: 5.0817704, Test MAE norm: 0.1119817
Epoch: 1431, LR: 0.000010, Loss: 0.0791101, Validation MAE: 1.3863412, Test MAE: 5.0913320, Test MAE norm: 0.1121924
Epoch: 1432, LR: 0.000010, Loss: 0.0790746, Validation MAE: 1.3861290, Test MAE: 5.0794282, Test MAE norm: 0.1119301
Epoch: 1433, LR: 0.000010, Loss: 0.0790345, Validation MAE: 1.3851988, Test MAE: 5.0766902, Test MAE norm: 0.1118697
Epoch: 1443, LR: 0.000010, Loss: 0.0791079, Validation MAE: 1.3863177, Test MAE: 5.0881386, Test MAE norm: 0.1121220
Epoch: 1447, LR: 0.000010, Loss: 0.0790366, Validation MAE: 1.3859729, Test MAE: 5.0864720, Test MAE norm: 0.1120853
Epoch: 1457, LR: 0.000010, Loss: 0.0790065, Validation MAE: 1.3857559, Test MAE: 5.0791750, Test MAE norm: 0.1119245
Epoch: 1467, LR: 0.000010, Loss: 0.0790273, Validation MAE: 1.3867878, Test MAE: 5.0844460, Test MAE norm: 0.1120406
Epoch: 1477, LR: 0.000010, Loss: 0.0789984, Validation MAE: 1.3896499, Test MAE: 5.0911183, Test MAE norm: 0.1121877
Epoch: 1478, LR: 0.000010, Loss: 0.0790017, Validation MAE: 1.3881252, Test MAE: 5.0832119, Test MAE norm: 0.1120134
Epoch: 1483, LR: 0.000010, Loss: 0.0790088, Validation MAE: 1.3876481, Test MAE: 5.0907173, Test MAE norm: 0.1121788
Epoch: 1484, LR: 0.000010, Loss: 0.0789806, Validation MAE: 1.3862941, Test MAE: 5.0850215, Test MAE norm: 0.1120533
Epoch: 1494, LR: 0.000010, Loss: 0.0789251, Validation MAE: 1.3891159, Test MAE: 5.0868368, Test MAE norm: 0.1120933
Epoch: 1498, LR: 0.000010, Loss: 0.0790026, Validation MAE: 1.3882070, Test MAE: 5.0816865, Test MAE norm: 0.1119798
Epoch: 1508, LR: 0.000010, Loss: 0.0789181, Validation MAE: 1.3887326, Test MAE: 5.0904756, Test MAE norm: 0.1121735
Epoch: 1509, LR: 0.000010, Loss: 0.0789315, Validation MAE: 1.3886632, Test MAE: 5.0860019, Test MAE norm: 0.1120749
Epoch: 1513, LR: 0.000010, Loss: 0.0789131, Validation MAE: 1.3885825, Test MAE: 5.0831575, Test MAE norm: 0.1120122
Epoch: 1523, LR: 0.000010, Loss: 0.0789326, Validation MAE: 1.3902426, Test MAE: 5.0914998, Test MAE norm: 0.1121961
Epoch: 1524, LR: 0.000010, Loss: 0.0788965, Validation MAE: 1.3894542, Test MAE: 5.0927196, Test MAE norm: 0.1122229
Epoch: 1525, LR: 0.000010, Loss: 0.0788909, Validation MAE: 1.3887773, Test MAE: 5.0856967, Test MAE norm: 0.1120682
Epoch: 1535, LR: 0.000010, Loss: 0.0788541, Validation MAE: 1.3903242, Test MAE: 5.0881667, Test MAE norm: 0.1121226
Epoch: 1536, LR: 0.000010, Loss: 0.0788544, Validation MAE: 1.3895783, Test MAE: 5.0862498, Test MAE norm: 0.1120804
Epoch: 1540, LR: 0.000010, Loss: 0.0789070, Validation MAE: 1.3893561, Test MAE: 5.0786786, Test MAE norm: 0.1119135
Epoch: 1541, LR: 0.000010, Loss: 0.0788964, Validation MAE: 1.3892326, Test MAE: 5.0829291, Test MAE norm: 0.1120072
Epoch: 1551, LR: 0.000010, Loss: 0.0789110, Validation MAE: 1.3909285, Test MAE: 5.0887761, Test MAE norm: 0.1121361
Epoch: 1552, LR: 0.000010, Loss: 0.0788536, Validation MAE: 1.3894584, Test MAE: 5.0815682, Test MAE norm: 0.1119772
Epoch: 1562, LR: 0.000010, Loss: 0.0788251, Validation MAE: 1.3909129, Test MAE: 5.0941815, Test MAE norm: 0.1122552
Epoch: 1568, LR: 0.000010, Loss: 0.0788833, Validation MAE: 1.3907452, Test MAE: 5.0885954, Test MAE norm: 0.1121321
Epoch: 1569, LR: 0.000010, Loss: 0.0788633, Validation MAE: 1.3895700, Test MAE: 5.0811772, Test MAE norm: 0.1119686
Epoch: 1579, LR: 0.000010, Loss: 0.0788297, Validation MAE: 1.3936399, Test MAE: 5.0866413, Test MAE norm: 0.1120890
Epoch: 1580, LR: 0.000010, Loss: 0.0788258, Validation MAE: 1.3916097, Test MAE: 5.0840659, Test MAE norm: 0.1120323
Epoch: 1583, LR: 0.000010, Loss: 0.0788357, Validation MAE: 1.3908597, Test MAE: 5.0864897, Test MAE norm: 0.1120857
Epoch: 1593, LR: 0.000010, Loss: 0.0787893, Validation MAE: 1.3922958, Test MAE: 5.0832238, Test MAE norm: 0.1120137
Epoch: 1595, LR: 0.000010, Loss: 0.0788151, Validation MAE: 1.3920071, Test MAE: 5.0864477, Test MAE norm: 0.1120847
Epoch: 1599, LR: 0.000010, Loss: 0.0787945, Validation MAE: 1.3916937, Test MAE: 5.0767074, Test MAE norm: 0.1118701
Epoch: 1600, LR: 0.000010, Loss: 0.0787775, Validation MAE: 1.3910671, Test MAE: 5.0793896, Test MAE norm: 0.1119292
Epoch: 1610, LR: 0.000010, Loss: 0.0787517, Validation MAE: 1.3912292, Test MAE: 5.0818920, Test MAE norm: 0.1119844
Epoch: 1611, LR: 0.000010, Loss: 0.0787583, Validation MAE: 1.3909061, Test MAE: 5.0759587, Test MAE norm: 0.1118536
Epoch: 1621, LR: 0.000010, Loss: 0.0787137, Validation MAE: 1.3930682, Test MAE: 5.0865488, Test MAE norm: 0.1120870
Epoch: 1622, LR: 0.000010, Loss: 0.0787302, Validation MAE: 1.3921293, Test MAE: 5.0836873, Test MAE norm: 0.1120239
Epoch: 1623, LR: 0.000010, Loss: 0.0787301, Validation MAE: 1.3921050, Test MAE: 5.0814643, Test MAE norm: 0.1119749
Epoch: 1633, LR: 0.000010, Loss: 0.0787436, Validation MAE: 1.3951705, Test MAE: 5.0893283, Test MAE norm: 0.1121482
Epoch: 1634, LR: 0.000010, Loss: 0.0787392, Validation MAE: 1.3946202, Test MAE: 5.0957856, Test MAE norm: 0.1122905
Epoch: 1635, LR: 0.000010, Loss: 0.0787221, Validation MAE: 1.3936127, Test MAE: 5.0960207, Test MAE norm: 0.1122957
Epoch: 1638, LR: 0.000010, Loss: 0.0787608, Validation MAE: 1.3930428, Test MAE: 5.0774126, Test MAE norm: 0.1118856
Epoch: 1648, LR: 0.000010, Loss: 0.0787330, Validation MAE: 1.3955113, Test MAE: 5.0924821, Test MAE norm: 0.1122177
Epoch: 1649, LR: 0.000010, Loss: 0.0786866, Validation MAE: 1.3952050, Test MAE: 5.0955167, Test MAE norm: 0.1122846
Epoch: 1650, LR: 0.000010, Loss: 0.0787020, Validation MAE: 1.3926884, Test MAE: 5.0865750, Test MAE norm: 0.1120875
Epoch: 1651, LR: 0.000010, Loss: 0.0787163, Validation MAE: 1.3920096, Test MAE: 5.0848551, Test MAE norm: 0.1120496
Epoch: 1661, LR: 0.000010, Loss: 0.0786835, Validation MAE: 1.3929580, Test MAE: 5.0912218, Test MAE norm: 0.1121899
Epoch: 1662, LR: 0.000010, Loss: 0.0786786, Validation MAE: 1.3919019, Test MAE: 5.0864034, Test MAE norm: 0.1120838
Epoch: 1672, LR: 0.000010, Loss: 0.0786378, Validation MAE: 1.3945554, Test MAE: 5.0935903, Test MAE norm: 0.1122421
Epoch: 1673, LR: 0.000010, Loss: 0.0786405, Validation MAE: 1.3937198, Test MAE: 5.0879464, Test MAE norm: 0.1121178
Epoch: 1674, LR: 0.000010, Loss: 0.0787056, Validation MAE: 1.3936193, Test MAE: 5.0900612, Test MAE norm: 0.1121644
Epoch: 1675, LR: 0.000010, Loss: 0.0786968, Validation MAE: 1.3934200, Test MAE: 5.0957975, Test MAE norm: 0.1122908
Epoch: 1676, LR: 0.000010, Loss: 0.0786429, Validation MAE: 1.3923492, Test MAE: 5.0893888, Test MAE norm: 0.1121496
Epoch: 1677, LR: 0.000010, Loss: 0.0786722, Validation MAE: 1.3919034, Test MAE: 5.0831075, Test MAE norm: 0.1120111
Epoch: 1687, LR: 0.000010, Loss: 0.0786846, Validation MAE: 1.3945061, Test MAE: 5.1014485, Test MAE norm: 0.1124153
Epoch: 1688, LR: 0.000010, Loss: 0.0786828, Validation MAE: 1.3943756, Test MAE: 5.0967698, Test MAE norm: 0.1123122
Epoch: 1692, LR: 0.000010, Loss: 0.0786534, Validation MAE: 1.3936386, Test MAE: 5.0902190, Test MAE norm: 0.1121679
Epoch: 1693, LR: 0.000010, Loss: 0.0786073, Validation MAE: 1.3935065, Test MAE: 5.0891452, Test MAE norm: 0.1121442
Epoch: 1698, LR: 0.000010, Loss: 0.0787309, Validation MAE: 1.3933425, Test MAE: 5.0776329, Test MAE norm: 0.1118905
Epoch: 1708, LR: 0.000010, Loss: 0.0786653, Validation MAE: 1.3942598, Test MAE: 5.0964408, Test MAE norm: 0.1123049
Epoch: 1717, LR: 0.000010, Loss: 0.0786710, Validation MAE: 1.3930682, Test MAE: 5.0770426, Test MAE norm: 0.1118775
Epoch: 1718, LR: 0.000010, Loss: 0.0785908, Validation MAE: 1.3919095, Test MAE: 5.0757928, Test MAE norm: 0.1118500
Epoch: 1728, LR: 0.000010, Loss: 0.0785795, Validation MAE: 1.3962063, Test MAE: 5.0908146, Test MAE norm: 0.1121810
Epoch: 1729, LR: 0.000010, Loss: 0.0785837, Validation MAE: 1.3956678, Test MAE: 5.0851865, Test MAE norm: 0.1120569
Epoch: 1730, LR: 0.000010, Loss: 0.0785559, Validation MAE: 1.3939993, Test MAE: 5.0847836, Test MAE norm: 0.1120481
Epoch: 1731, LR: 0.000010, Loss: 0.0785835, Validation MAE: 1.3939451, Test MAE: 5.0864372, Test MAE norm: 0.1120845
Epoch: 1733, LR: 0.000010, Loss: 0.0786004, Validation MAE: 1.3935711, Test MAE: 5.0837293, Test MAE norm: 0.1120248
Epoch: 1743, LR: 0.000010, Loss: 0.0786211, Validation MAE: 1.3941939, Test MAE: 5.0850472, Test MAE norm: 0.1120539
Epoch: 1753, LR: 0.000010, Loss: 0.0784977, Validation MAE: 1.3958280, Test MAE: 5.0791364, Test MAE norm: 0.1119236
Epoch: 1754, LR: 0.000010, Loss: 0.0785440, Validation MAE: 1.3956255, Test MAE: 5.0819826, Test MAE norm: 0.1119864
Epoch: 1755, LR: 0.000010, Loss: 0.0785501, Validation MAE: 1.3952167, Test MAE: 5.0797477, Test MAE norm: 0.1119371
Epoch: 1756, LR: 0.000010, Loss: 0.0785115, Validation MAE: 1.3941960, Test MAE: 5.0740013, Test MAE norm: 0.1118105
Epoch: 1765, LR: 0.000010, Loss: 0.0784984, Validation MAE: 1.3939078, Test MAE: 5.0875883, Test MAE norm: 0.1121099
Epoch: 1775, LR: 0.000010, Loss: 0.0784933, Validation MAE: 1.3958008, Test MAE: 5.0887313, Test MAE norm: 0.1121351
Epoch: 1777, LR: 0.000010, Loss: 0.0785294, Validation MAE: 1.3951377, Test MAE: 5.0857759, Test MAE norm: 0.1120699
Epoch: 1778, LR: 0.000010, Loss: 0.0784854, Validation MAE: 1.3951229, Test MAE: 5.0875683, Test MAE norm: 0.1121094
Epoch: 1780, LR: 0.000010, Loss: 0.0784854, Validation MAE: 1.3943244, Test MAE: 5.0851388, Test MAE norm: 0.1120559
Epoch: 1781, LR: 0.000010, Loss: 0.0785132, Validation MAE: 1.3942704, Test MAE: 5.0855794, Test MAE norm: 0.1120656
Epoch: 1790, LR: 0.000010, Loss: 0.0785436, Validation MAE: 1.3937770, Test MAE: 5.0867510, Test MAE norm: 0.1120914
Epoch: 1800, LR: 0.000010, Loss: 0.0784366, Validation MAE: 1.3958919, Test MAE: 5.0844359, Test MAE norm: 0.1120404
Epoch: 1802, LR: 0.000010, Loss: 0.0785043, Validation MAE: 1.3953530, Test MAE: 5.0861802, Test MAE norm: 0.1120789
Epoch: 1805, LR: 0.000010, Loss: 0.0784827, Validation MAE: 1.3948812, Test MAE: 5.0939283, Test MAE norm: 0.1122496
Epoch: 1815, LR: 0.000010, Loss: 0.0784619, Validation MAE: 1.3953979, Test MAE: 5.0847707, Test MAE norm: 0.1120478
Epoch: 1816, LR: 0.000010, Loss: 0.0784244, Validation MAE: 1.3939854, Test MAE: 5.0837927, Test MAE norm: 0.1120262
Epoch: 1826, LR: 0.000010, Loss: 0.0784076, Validation MAE: 1.3958666, Test MAE: 5.0923338, Test MAE norm: 0.1122144
Epoch: 1830, LR: 0.000010, Loss: 0.0783996, Validation MAE: 1.3957468, Test MAE: 5.0951176, Test MAE norm: 0.1122758
Epoch: 1831, LR: 0.000010, Loss: 0.0783763, Validation MAE: 1.3955075, Test MAE: 5.0912914, Test MAE norm: 0.1121915
Epoch: 1834, LR: 0.000010, Loss: 0.0784044, Validation MAE: 1.3947059, Test MAE: 5.0866685, Test MAE norm: 0.1120896
Epoch: 1844, LR: 0.000010, Loss: 0.0784307, Validation MAE: 1.3972775, Test MAE: 5.0975676, Test MAE norm: 0.1123298
Epoch: 1847, LR: 0.000010, Loss: 0.0784056, Validation MAE: 1.3968353, Test MAE: 5.0964227, Test MAE norm: 0.1123046
Epoch: 1851, LR: 0.000010, Loss: 0.0783595, Validation MAE: 1.3960309, Test MAE: 5.1053843, Test MAE norm: 0.1125020
Epoch: 1853, LR: 0.000010, Loss: 0.0784562, Validation MAE: 1.3954363, Test MAE: 5.1004224, Test MAE norm: 0.1123927
Epoch: 1859, LR: 0.000010, Loss: 0.0783681, Validation MAE: 1.3952316, Test MAE: 5.0865889, Test MAE norm: 0.1120879
Epoch: 1869, LR: 0.000010, Loss: 0.0783983, Validation MAE: 1.3975290, Test MAE: 5.0956659, Test MAE norm: 0.1122879
Epoch: 1872, LR: 0.000010, Loss: 0.0784705, Validation MAE: 1.3968974, Test MAE: 5.1094999, Test MAE norm: 0.1125927
Epoch: 1873, LR: 0.000010, Loss: 0.0784271, Validation MAE: 1.3952891, Test MAE: 5.1036849, Test MAE norm: 0.1124646
Epoch: 1874, LR: 0.000010, Loss: 0.0783951, Validation MAE: 1.3949015, Test MAE: 5.0918536, Test MAE norm: 0.1122039
Epoch: 1884, LR: 0.000010, Loss: 0.0783790, Validation MAE: 1.3978068, Test MAE: 5.1098356, Test MAE norm: 0.1126001
Epoch: 1885, LR: 0.000010, Loss: 0.0784238, Validation MAE: 1.3975601, Test MAE: 5.1084299, Test MAE norm: 0.1125691
Epoch: 1886, LR: 0.000010, Loss: 0.0783395, Validation MAE: 1.3957994, Test MAE: 5.0993891, Test MAE norm: 0.1123699
Epoch: 1896, LR: 0.000010, Loss: 0.0782888, Validation MAE: 1.3978556, Test MAE: 5.1157851, Test MAE norm: 0.1127312
Epoch: 1897, LR: 0.000010, Loss: 0.0783708, Validation MAE: 1.3975999, Test MAE: 5.1113949, Test MAE norm: 0.1126345
Epoch: 1898, LR: 0.000010, Loss: 0.0783150, Validation MAE: 1.3959243, Test MAE: 5.0983405, Test MAE norm: 0.1123468
Epoch: 1908, LR: 0.000010, Loss: 0.0782844, Validation MAE: 1.3977540, Test MAE: 5.1084723, Test MAE norm: 0.1125701
Epoch: 1910, LR: 0.000010, Loss: 0.0782548, Validation MAE: 1.3965571, Test MAE: 5.0967269, Test MAE norm: 0.1123113
Epoch: 1911, LR: 0.000010, Loss: 0.0782800, Validation MAE: 1.3955395, Test MAE: 5.0971322, Test MAE norm: 0.1123202
Epoch: 1921, LR: 0.000010, Loss: 0.0782333, Validation MAE: 1.3995091, Test MAE: 5.1161017, Test MAE norm: 0.1127382
Epoch: 1922, LR: 0.000010, Loss: 0.0782716, Validation MAE: 1.3984153, Test MAE: 5.1076818, Test MAE norm: 0.1125527
Epoch: 1923, LR: 0.000010, Loss: 0.0782683, Validation MAE: 1.3975990, Test MAE: 5.1023202, Test MAE norm: 0.1124345
Epoch: 1924, LR: 0.000010, Loss: 0.0782935, Validation MAE: 1.3974780, Test MAE: 5.1100893, Test MAE norm: 0.1126057
Epoch: 1927, LR: 0.000010, Loss: 0.0782879, Validation MAE: 1.3974723, Test MAE: 5.1080127, Test MAE norm: 0.1125600
Epoch: 1928, LR: 0.000010, Loss: 0.0781952, Validation MAE: 1.3970019, Test MAE: 5.1011276, Test MAE norm: 0.1124082
Epoch: 1929, LR: 0.000010, Loss: 0.0782472, Validation MAE: 1.3967214, Test MAE: 5.0996861, Test MAE norm: 0.1123765
Epoch: 1939, LR: 0.000010, Loss: 0.0782486, Validation MAE: 1.3976089, Test MAE: 5.1075344, Test MAE norm: 0.1125494
Epoch: 1940, LR: 0.000010, Loss: 0.0782087, Validation MAE: 1.3960737, Test MAE: 5.1029215, Test MAE norm: 0.1124478
Epoch: 1950, LR: 0.000010, Loss: 0.0782762, Validation MAE: 1.3965102, Test MAE: 5.0961800, Test MAE norm: 0.1122992
Epoch: 1960, LR: 0.000010, Loss: 0.0781884, Validation MAE: 1.3994989, Test MAE: 5.1086831, Test MAE norm: 0.1125747
Epoch: 1962, LR: 0.000010, Loss: 0.0782270, Validation MAE: 1.3981545, Test MAE: 5.1111088, Test MAE norm: 0.1126282
Epoch: 1963, LR: 0.000010, Loss: 0.0781783, Validation MAE: 1.3967099, Test MAE: 5.1082816, Test MAE norm: 0.1125659
Epoch: 1973, LR: 0.000010, Loss: 0.0782358, Validation MAE: 1.3982550, Test MAE: 5.1169729, Test MAE norm: 0.1127574
Epoch: 1974, LR: 0.000010, Loss: 0.0781384, Validation MAE: 1.3972371, Test MAE: 5.1065092, Test MAE norm: 0.1125268
Epoch: 1984, LR: 0.000010, Loss: 0.0781038, Validation MAE: 1.3974131, Test MAE: 5.1148915, Test MAE norm: 0.1127115
Epoch: 1994, LR: 0.000010, Loss: 0.0781007, Validation MAE: 1.3995053, Test MAE: 5.1154919, Test MAE norm: 0.1127248
Epoch: 1995, LR: 0.000010, Loss: 0.0781329, Validation MAE: 1.3974890, Test MAE: 5.1141086, Test MAE norm: 0.1126943
Epoch: 1996, LR: 0.000010, Loss: 0.0781274, Validation MAE: 1.3972013, Test MAE: 5.1118584, Test MAE norm: 0.1126447
Epoch: 1996, LR: 0.000010, Loss: 0.0781274, Validation MAE: 1.3972013, Test MAE: 5.1118584, Test MAE norm: 0.1126447