This file contains any messages produced by compilers while
running configure, to aid debugging if configure makes a mistake.

It was created by configure, which was
generated by GNU Autoconf 2.69.  Invocation command line was

  $ ./configure 

## --------- ##
## Platform. ##
## --------- ##

hostname = 52977ec9b325
uname -m = x86_64
uname -r = 5.15.153.1-microsoft-standard-WSL2
uname -s = Linux
uname -v = #1 SMP Fri Mar 29 23:14:13 UTC 2024

/usr/bin/uname -p = x86_64
/bin/uname -X     = unknown

/bin/arch              = x86_64
/usr/bin/arch -k       = unknown
/usr/convex/getsysinfo = unknown
/usr/bin/hostinfo      = unknown
/bin/machine           = unknown
/usr/bin/oslevel       = unknown
/bin/universe          = unknown

PATH: /root/miniconda3/bin
PATH: /root/miniconda3/condabin
PATH: /usr/local/nvidia/bin
PATH: /usr/local/cuda/bin
PATH: /usr/local/sbin
PATH: /usr/local/bin
PATH: /usr/sbin
PATH: /usr/bin
PATH: /sbin
PATH: /bin


## ----------- ##
## Core tests. ##
## ----------- ##

configure:2615: checking build system type
configure:2629: result: x86_64-pc-linux-gnu
configure:2649: checking host system type
configure:2662: result: x86_64-pc-linux-gnu
configure:2754: checking for gcc
configure:2770: found /usr/bin/gcc
configure:2781: result: gcc
configure:3010: checking for C compiler version
configure:3019: gcc --version >&5
gcc (Ubuntu 11.4.0-1ubuntu1~22.04) 11.4.0
Copyright (C) 2021 Free Software Foundation, Inc.
This is free software; see the source for copying conditions.  There is NO
warranty; not even for MERCHANTABILITY or FITNESS FOR A PARTICULAR PURPOSE.

configure:3030: $? = 0
configure:3019: gcc -v >&5
Using built-in specs.
COLLECT_GCC=gcc
COLLECT_LTO_WRAPPER=/usr/lib/gcc/x86_64-linux-gnu/11/lto-wrapper
OFFLOAD_TARGET_NAMES=nvptx-none:amdgcn-amdhsa
OFFLOAD_TARGET_DEFAULT=1
Target: x86_64-linux-gnu
Configured with: ../src/configure -v --with-pkgversion='Ubuntu 11.4.0-1ubuntu1~22.04' --with-bugurl=file:///usr/share/doc/gcc-11/README.Bugs --enable-languages=c,ada,c++,go,brig,d,fortran,objc,obj-c++,m2 --prefix=/usr --with-gcc-major-version-only --program-suffix=-11 --program-prefix=x86_64-linux-gnu- --enable-shared --enable-linker-build-id --libexecdir=/usr/lib --without-included-gettext --enable-threads=posix --libdir=/usr/lib --enable-nls --enable-bootstrap --enable-clocale=gnu --enable-libstdcxx-debug --enable-libstdcxx-time=yes --with-default-libstdcxx-abi=new --enable-gnu-unique-object --disable-vtable-verify --enable-plugin --enable-default-pie --with-system-zlib --enable-libphobos-checking=release --with-target-system-zlib=auto --enable-objc-gc=auto --enable-multiarch --disable-werror --enable-cet --with-arch-32=i686 --with-abi=m64 --with-multilib-list=m32,m64,mx32 --enable-multilib --with-tune=generic --enable-offload-targets=nvptx-none=/build/gcc-11-XeT9lY/gcc-11-11.4.0/debian/tmp-nvptx/usr,amdgcn-amdhsa=/build/gcc-11-XeT9lY/gcc-11-11.4.0/debian/tmp-gcn/usr --without-cuda-driver --enable-checking=release --build=x86_64-linux-gnu --host=x86_64-linux-gnu --target=x86_64-linux-gnu --with-build-config=bootstrap-lto-lean --enable-link-serialization=2
Thread model: posix
Supported LTO compression algorithms: zlib zstd
gcc version 11.4.0 (Ubuntu 11.4.0-1ubuntu1~22.04) 
... rest of stderr output deleted ...
configure:3030: $? = 0
configure:3019: gcc -V >&5
gcc: error: unrecognized command-line option '-V'
gcc: fatal error: no input files
compilation terminated.
configure:3030: $? = 1
configure:3019: gcc -qversion >&5
gcc: error: unrecognized command-line option '-qversion'; did you mean '--version'?
gcc: fatal error: no input files
compilation terminated.
configure:3030: $? = 1
configure:3050: checking whether the C compiler works
configure:3072: gcc    conftest.c  >&5
configure:3076: $? = 0
configure:3124: result: yes
configure:3127: checking for C compiler default output file name
configure:3129: result: a.out
configure:3135: checking for suffix of executables
configure:3142: gcc -o conftest    conftest.c  >&5
configure:3146: $? = 0
configure:3168: result: 
configure:3190: checking whether we are cross compiling
configure:3198: gcc -o conftest    conftest.c  >&5
configure:3202: $? = 0
configure:3209: ./conftest
configure:3213: $? = 0
configure:3228: result: no
configure:3233: checking for suffix of object files
configure:3255: gcc -c   conftest.c >&5
configure:3259: $? = 0
configure:3280: result: o
configure:3284: checking whether we are using the GNU C compiler
configure:3303: gcc -c   conftest.c >&5
configure:3303: $? = 0
configure:3312: result: yes
configure:3321: checking whether gcc accepts -g
configure:3341: gcc -c -g  conftest.c >&5
configure:3341: $? = 0
configure:3382: result: yes
configure:3399: checking for gcc option to accept ISO C89
configure:3462: gcc  -c -g -O2  conftest.c >&5
configure:3462: $? = 0
configure:3475: result: none needed
configure:3505: checking for special C compiler options needed for large files
configure:3550: result: no
configure:3556: checking for _FILE_OFFSET_BITS value needed for large files
configure:3581: gcc -c   conftest.c >&5
configure:3581: $? = 0
configure:3613: result: no
configure:3769: checking if gcc supports -O4 -Werror flags
configure:3785: gcc -c -O4 -Werror  conftest.c >&5
configure:3785: $? = 0
configure:3792: result: yes
configure:3879: checking for sys/wait.h that is POSIX.1 compatible
configure:3905: gcc -c  -O4  conftest.c >&5
configure:3905: $? = 0
configure:3912: result: yes
configure:3925: checking how to run the C preprocessor
configure:3956: gcc -E  conftest.c
configure:3956: $? = 0
configure:3970: gcc -E  conftest.c
conftest.c:10:10: fatal error: ac_nonexistent.h: No such file or directory
   10 | #include <ac_nonexistent.h>
      |          ^~~~~~~~~~~~~~~~~~
compilation terminated.
configure:3970: $? = 1
configure: failed program was:
| /* confdefs.h */
| #define PACKAGE_NAME ""
| #define PACKAGE_TARNAME ""
| #define PACKAGE_VERSION ""
| #define PACKAGE_STRING ""
| #define PACKAGE_BUGREPORT ""
| #define PACKAGE_URL ""
| #define HAVE_SYS_WAIT_H 1
| /* end confdefs.h.  */
| #include <ac_nonexistent.h>
configure:3995: result: gcc -E
configure:4015: gcc -E  conftest.c
configure:4015: $? = 0
configure:4029: gcc -E  conftest.c
conftest.c:10:10: fatal error: ac_nonexistent.h: No such file or directory
   10 | #include <ac_nonexistent.h>
      |          ^~~~~~~~~~~~~~~~~~
compilation terminated.
configure:4029: $? = 1
configure: failed program was:
| /* confdefs.h */
| #define PACKAGE_NAME ""
| #define PACKAGE_TARNAME ""
| #define PACKAGE_VERSION ""
| #define PACKAGE_STRING ""
| #define PACKAGE_BUGREPORT ""
| #define PACKAGE_URL ""
| #define HAVE_SYS_WAIT_H 1
| /* end confdefs.h.  */
| #include <ac_nonexistent.h>
configure:4058: checking for grep that handles long lines and -e
configure:4116: result: /usr/bin/grep
configure:4121: checking for egrep
configure:4183: result: /usr/bin/grep -E
configure:4188: checking for ANSI C header files
configure:4208: gcc -c  -O4  conftest.c >&5
configure:4208: $? = 0
configure:4281: gcc -o conftest  -O4   conftest.c  >&5
configure:4281: $? = 0
configure:4281: ./conftest
configure:4281: $? = 0
configure:4292: result: yes
configure:4305: checking for sys/types.h
configure:4305: gcc -c  -O4  conftest.c >&5
configure:4305: $? = 0
configure:4305: result: yes
configure:4305: checking for sys/stat.h
configure:4305: gcc -c  -O4  conftest.c >&5
configure:4305: $? = 0
configure:4305: result: yes
configure:4305: checking for stdlib.h
configure:4305: gcc -c  -O4  conftest.c >&5
configure:4305: $? = 0
configure:4305: result: yes
configure:4305: checking for string.h
configure:4305: gcc -c  -O4  conftest.c >&5
configure:4305: $? = 0
configure:4305: result: yes
configure:4305: checking for memory.h
configure:4305: gcc -c  -O4  conftest.c >&5
configure:4305: $? = 0
configure:4305: result: yes
configure:4305: checking for strings.h
configure:4305: gcc -c  -O4  conftest.c >&5
configure:4305: $? = 0
configure:4305: result: yes
configure:4305: checking for inttypes.h
configure:4305: gcc -c  -O4  conftest.c >&5
configure:4305: $? = 0
configure:4305: result: yes
configure:4305: checking for stdint.h
configure:4305: gcc -c  -O4  conftest.c >&5
configure:4305: $? = 0
configure:4305: result: yes
configure:4305: checking for unistd.h
configure:4305: gcc -c  -O4  conftest.c >&5
configure:4305: $? = 0
configure:4305: result: yes
configure:4320: checking signal.h usability
configure:4320: gcc -c  -O4  conftest.c >&5
configure:4320: $? = 0
configure:4320: result: yes
configure:4320: checking signal.h presence
configure:4320: gcc -E  conftest.c
configure:4320: $? = 0
configure:4320: result: yes
configure:4320: checking for signal.h
configure:4320: result: yes
configure:4320: checking stddef.h usability
configure:4320: gcc -c  -O4  conftest.c >&5
configure:4320: $? = 0
configure:4320: result: yes
configure:4320: checking stddef.h presence
configure:4320: gcc -E  conftest.c
configure:4320: $? = 0
configure:4320: result: yes
configure:4320: checking for stddef.h
configure:4320: result: yes
configure:4320: checking for unistd.h
configure:4320: result: yes
configure:4320: checking for sys/types.h
configure:4320: result: yes
configure:4320: checking for sys/wait.h
configure:4320: result: yes
configure:4320: checking for stdlib.h
configure:4320: result: yes
configure:4320: checking for string.h
configure:4320: result: yes
configure:4320: checking errno.h usability
configure:4320: gcc -c  -O4  conftest.c >&5
configure:4320: $? = 0
configure:4320: result: yes
configure:4320: checking errno.h presence
configure:4320: gcc -E  conftest.c
configure:4320: $? = 0
configure:4320: result: yes
configure:4320: checking for errno.h
configure:4320: result: yes
configure:4320: checking limits.h usability
configure:4320: gcc -c  -O4  conftest.c >&5
configure:4320: $? = 0
configure:4320: result: yes
configure:4320: checking limits.h presence
configure:4320: gcc -E  conftest.c
configure:4320: $? = 0
configure:4320: result: yes
configure:4320: checking for limits.h
configure:4320: result: yes
configure:4320: checking for stdint.h
configure:4320: result: yes
configure:4391: checking for pid_t
configure:4391: gcc -c  -O4  conftest.c >&5
configure:4391: $? = 0
configure:4391: gcc -c  -O4  conftest.c >&5
conftest.c: In function 'main':
conftest.c:66:20: error: expected expression before ')' token
   66 | if (sizeof ((pid_t)))
      |                    ^
configure:4391: $? = 1
configure: failed program was:
| /* confdefs.h */
| #define PACKAGE_NAME ""
| #define PACKAGE_TARNAME ""
| #define PACKAGE_VERSION ""
| #define PACKAGE_STRING ""
| #define PACKAGE_BUGREPORT ""
| #define PACKAGE_URL ""
| #define HAVE_SYS_WAIT_H 1
| #define STDC_HEADERS 1
| #define HAVE_SYS_TYPES_H 1
| #define HAVE_SYS_STAT_H 1
| #define HAVE_STDLIB_H 1
| #define HAVE_STRING_H 1
| #define HAVE_MEMORY_H 1
| #define HAVE_STRINGS_H 1
| #define HAVE_INTTYPES_H 1
| #define HAVE_STDINT_H 1
| #define HAVE_UNISTD_H 1
| #define HAVE_SIGNAL_H 1
| #define HAVE_STDDEF_H 1
| #define HAVE_UNISTD_H 1
| #define HAVE_SYS_TYPES_H 1
| #define HAVE_SYS_WAIT_H 1
| #define HAVE_STDLIB_H 1
| #define HAVE_STRING_H 1
| #define HAVE_ERRNO_H 1
| #define HAVE_LIMITS_H 1
| #define HAVE_STDINT_H 1
| /* end confdefs.h.  */
| #include <stdio.h>
| #ifdef HAVE_SYS_TYPES_H
| # include <sys/types.h>
| #endif
| #ifdef HAVE_SYS_STAT_H
| # include <sys/stat.h>
| #endif
| #ifdef STDC_HEADERS
| # include <stdlib.h>
| # include <stddef.h>
| #else
| # ifdef HAVE_STDLIB_H
| #  include <stdlib.h>
| # endif
| #endif
| #ifdef HAVE_STRING_H
| # if !defined STDC_HEADERS && defined HAVE_MEMORY_H
| #  include <memory.h>
| # endif
| # include <string.h>
| #endif
| #ifdef HAVE_STRINGS_H
| # include <strings.h>
| #endif
| #ifdef HAVE_INTTYPES_H
| # include <inttypes.h>
| #endif
| #ifdef HAVE_STDINT_H
| # include <stdint.h>
| #endif
| #ifdef HAVE_UNISTD_H
| # include <unistd.h>
| #endif
| int
| main ()
| {
| if (sizeof ((pid_t)))
| 	    return 0;
|   ;
|   return 0;
| }
configure:4391: result: yes
configure:4409: checking whether ftell is declared
configure:4409: gcc -c  -O4  conftest.c >&5
configure:4409: $? = 0
configure:4409: result: yes
configure:4418: checking whether popen is declared
configure:4418: gcc -c  -O4  conftest.c >&5
configure:4418: $? = 0
configure:4418: result: yes
configure:4427: checking whether fdopen is declared
configure:4427: gcc -c  -O4  conftest.c >&5
configure:4427: $? = 0
configure:4427: result: yes
configure:4436: checking whether putenv is declared
configure:4436: gcc -c  -O4  conftest.c >&5
configure:4436: $? = 0
configure:4436: result: yes
configure:4445: checking whether setenv is declared
configure:4445: gcc -c  -O4  conftest.c >&5
configure:4445: $? = 0
configure:4445: result: yes
configure:4454: checking whether malloc is declared
configure:4454: gcc -c  -O4  conftest.c >&5
configure:4454: $? = 0
configure:4454: result: yes
configure:4478: checking if compiler accepts flexible array members
configure:4492: gcc -c  -O4  conftest.c >&5
configure:4492: $? = 0
configure:4499: result: 1
configure:4502: checking if INFINITY is declared in math.h
configure:4522: result: 1
configure:4529: checking size of int
configure:4534: gcc -o conftest  -O4   conftest.c  >&5
configure:4534: $? = 0
configure:4534: ./conftest
configure:4534: $? = 0
configure:4548: result: 4
configure:4563: checking size of long
configure:4568: gcc -o conftest  -O4   conftest.c  >&5
configure:4568: $? = 0
configure:4568: ./conftest
configure:4568: $? = 0
configure:4582: result: 8
configure:4597: checking size of long long
configure:4602: gcc -o conftest  -O4   conftest.c  >&5
configure:4602: $? = 0
configure:4602: ./conftest
configure:4602: $? = 0
configure:4616: result: 8
configure:4631: checking size of void*
configure:4636: gcc -o conftest  -O4   conftest.c  >&5
configure:4636: $? = 0
configure:4636: ./conftest
configure:4636: $? = 0
configure:4650: result: 8
configure:4665: checking size of __int128
configure:4670: gcc -o conftest  -O4   conftest.c  >&5
configure:4670: $? = 0
configure:4670: ./conftest
configure:4670: $? = 0
configure:4684: result: 16
configure:4699: checking size of __int128_t
configure:4704: gcc -o conftest  -O4   conftest.c  >&5
configure:4704: $? = 0
configure:4704: ./conftest
configure:4704: $? = 0
configure:4718: result: 16
configure:4745: checking for isatty
configure:4745: gcc -o conftest  -O4   conftest.c  >&5
configure:4745: $? = 0
configure:4745: result: yes
configure:4753: checking for time
configure:4753: gcc -o conftest  -O4   conftest.c  >&5
configure:4753: $? = 0
configure:4753: result: yes
configure:4761: checking for gettimeofday
configure:4761: gcc -o conftest  -O4   conftest.c  >&5
configure:4761: $? = 0
configure:4761: result: yes
configure:4769: checking for times
configure:4769: gcc -o conftest  -O4   conftest.c  >&5
configure:4769: $? = 0
configure:4769: result: yes
configure:4777: checking for getrusage
configure:4777: gcc -o conftest  -O4   conftest.c  >&5
configure:4777: $? = 0
configure:4777: result: yes
configure:4785: checking for perror
configure:4785: gcc -o conftest  -O4   conftest.c  >&5
configure:4785: $? = 0
configure:4785: result: yes
configure:4793: checking for pipe
configure:4793: gcc -o conftest  -O4   conftest.c  >&5
configure:4793: $? = 0
configure:4793: result: yes
configure:4801: checking for wait
configure:4801: gcc -o conftest  -O4   conftest.c  >&5
configure:4801: $? = 0
configure:4801: result: yes
configure:4809: checking for popen
configure:4809: gcc -o conftest  -O4   conftest.c  >&5
configure:4809: $? = 0
configure:4809: result: yes
configure:4817: checking for putenv
configure:4817: gcc -o conftest  -O4   conftest.c  >&5
configure:4817: $? = 0
configure:4817: result: yes
configure:4825: checking for setenv
configure:4825: gcc -o conftest  -O4   conftest.c  >&5
configure:4825: $? = 0
configure:4825: result: yes
configure:4835: checking vfork.h usability
configure:4835: gcc -c  -O4  conftest.c >&5
conftest.c:69:10: fatal error: vfork.h: No such file or directory
   69 | #include <vfork.h>
      |          ^~~~~~~~~
compilation terminated.
configure:4835: $? = 1
configure: failed program was:
| /* confdefs.h */
| #define PACKAGE_NAME ""
| #define PACKAGE_TARNAME ""
| #define PACKAGE_VERSION ""
| #define PACKAGE_STRING ""
| #define PACKAGE_BUGREPORT ""
| #define PACKAGE_URL ""
| #define HAVE_SYS_WAIT_H 1
| #define STDC_HEADERS 1
| #define HAVE_SYS_TYPES_H 1
| #define HAVE_SYS_STAT_H 1
| #define HAVE_STDLIB_H 1
| #define HAVE_STRING_H 1
| #define HAVE_MEMORY_H 1
| #define HAVE_STRINGS_H 1
| #define HAVE_INTTYPES_H 1
| #define HAVE_STDINT_H 1
| #define HAVE_UNISTD_H 1
| #define HAVE_SIGNAL_H 1
| #define HAVE_STDDEF_H 1
| #define HAVE_UNISTD_H 1
| #define HAVE_SYS_TYPES_H 1
| #define HAVE_SYS_WAIT_H 1
| #define HAVE_STDLIB_H 1
| #define HAVE_STRING_H 1
| #define HAVE_ERRNO_H 1
| #define HAVE_LIMITS_H 1
| #define HAVE_STDINT_H 1
| #define SIZEOF_INT 4
| #define SIZEOF_LONG 8
| #define SIZEOF_LONG_LONG 8
| #define SIZEOF_VOIDP 8
| #define SIZEOF___INT128 16
| #define SIZEOF___INT128_T 16
| /* end confdefs.h.  */
| #include <stdio.h>
| #ifdef HAVE_SYS_TYPES_H
| # include <sys/types.h>
| #endif
| #ifdef HAVE_SYS_STAT_H
| # include <sys/stat.h>
| #endif
| #ifdef STDC_HEADERS
| # include <stdlib.h>
| # include <stddef.h>
| #else
| # ifdef HAVE_STDLIB_H
| #  include <stdlib.h>
| # endif
| #endif
| #ifdef HAVE_STRING_H
| # if !defined STDC_HEADERS && defined HAVE_MEMORY_H
| #  include <memory.h>
| # endif
| # include <string.h>
| #endif
| #ifdef HAVE_STRINGS_H
| # include <strings.h>
| #endif
| #ifdef HAVE_INTTYPES_H
| # include <inttypes.h>
| #endif
| #ifdef HAVE_STDINT_H
| # include <stdint.h>
| #endif
| #ifdef HAVE_UNISTD_H
| # include <unistd.h>
| #endif
| #include <vfork.h>
configure:4835: result: no
configure:4835: checking vfork.h presence
configure:4835: gcc -E  conftest.c
conftest.c:36:10: fatal error: vfork.h: No such file or directory
   36 | #include <vfork.h>
      |          ^~~~~~~~~
compilation terminated.
configure:4835: $? = 1
configure: failed program was:
| /* confdefs.h */
| #define PACKAGE_NAME ""
| #define PACKAGE_TARNAME ""
| #define PACKAGE_VERSION ""
| #define PACKAGE_STRING ""
| #define PACKAGE_BUGREPORT ""
| #define PACKAGE_URL ""
| #define HAVE_SYS_WAIT_H 1
| #define STDC_HEADERS 1
| #define HAVE_SYS_TYPES_H 1
| #define HAVE_SYS_STAT_H 1
| #define HAVE_STDLIB_H 1
| #define HAVE_STRING_H 1
| #define HAVE_MEMORY_H 1
| #define HAVE_STRINGS_H 1
| #define HAVE_INTTYPES_H 1
| #define HAVE_STDINT_H 1
| #define HAVE_UNISTD_H 1
| #define HAVE_SIGNAL_H 1
| #define HAVE_STDDEF_H 1
| #define HAVE_UNISTD_H 1
| #define HAVE_SYS_TYPES_H 1
| #define HAVE_SYS_WAIT_H 1
| #define HAVE_STDLIB_H 1
| #define HAVE_STRING_H 1
| #define HAVE_ERRNO_H 1
| #define HAVE_LIMITS_H 1
| #define HAVE_STDINT_H 1
| #define SIZEOF_INT 4
| #define SIZEOF_LONG 8
| #define SIZEOF_LONG_LONG 8
| #define SIZEOF_VOIDP 8
| #define SIZEOF___INT128 16
| #define SIZEOF___INT128_T 16
| /* end confdefs.h.  */
| #include <vfork.h>
configure:4835: result: no
configure:4835: checking for vfork.h
configure:4835: result: no
configure:4848: checking for fork
configure:4848: gcc -o conftest  -O4   conftest.c  >&5
conftest.c:59:6: warning: conflicting types for built-in function 'fork'; expected 'int(void)' [-Wbuiltin-declaration-mismatch]
   59 | char fork ();
      |      ^~~~
configure:4848: $? = 0
configure:4848: result: yes
configure:4848: checking for vfork
configure:4848: gcc -o conftest  -O4   conftest.c  >&5
configure:4848: $? = 0
configure:4848: result: yes
configure:4858: checking for working fork
configure:4880: gcc -o conftest  -O4   conftest.c  >&5
configure:4880: $? = 0
configure:4880: ./conftest
configure:4880: $? = 0
configure:4890: result: yes
configure:4911: checking for working vfork
configure:5021: result: yes
configure:5053: checking for fseeko
configure:5053: gcc -o conftest  -O4   conftest.c  >&5
configure:5053: $? = 0
configure:5053: result: yes
configure:5061: checking for sigaction
configure:5061: gcc -o conftest  -O4   conftest.c  >&5
configure:5061: $? = 0
configure:5061: result: yes
configure:5069: checking for sigprocmask
configure:5069: gcc -o conftest  -O4   conftest.c  >&5
configure:5069: $? = 0
configure:5069: result: yes
configure:5078: checking if popcnt instruction is available and requested
configure:5097: gcc -o conftest  -O4   conftest.c  >&5
configure:5097: $? = 0
configure:5097: ./conftest
configure:5097: $? = 0
configure:5120: result: 1
configure:5169: checking if __builtin_popcount() is supported
configure:5175: gcc -o conftest  -O4 -mpopcnt   conftest.c  >&5
configure:5175: $? = 0
configure:5182: result: 1
configure:5184: checking if __builtin_popcountl() is supported
configure:5190: gcc -o conftest  -O4 -mpopcnt   conftest.c  >&5
configure:5190: $? = 0
configure:5197: result: 1
configure:5199: checking if __builtin_popcountll() is supported
configure:5205: gcc -o conftest  -O4 -mpopcnt   conftest.c  >&5
configure:5205: $? = 0
configure:5212: result: 1
configure:5248: checking if gcc supports -march=native
configure:5258: gcc -c  -O4 -march=native  conftest.c >&5
conftest.c: In function 'main':
conftest.c:41:76: warning: ignoring return value of 'scanf' declared with attribute 'warn_unused_result' [-Wunused-result]
   41 |                                         int main() { double t; long int q; scanf("%ld",&q);
      |                                                                            ^~~~~~~~~~~~~~~
configure:5258: $? = 0
configure:5264: result: yes
configure:5311: checking if lzcnt instruction is available and requested
configure:5323: result: 1
configure:5328: checking if __builtin_clz() is supported
configure:5334: gcc -o conftest  -O4   conftest.c  >&5
configure:5334: $? = 0
configure:5341: result: 1
configure:5343: checking if __builtin_clzl() is supported
configure:5349: gcc -o conftest  -O4   conftest.c  >&5
configure:5349: $? = 0
configure:5356: result: 1
configure:5358: checking if __builtin_clzll() is supported
configure:5364: gcc -o conftest  -O4   conftest.c  >&5
configure:5364: $? = 0
configure:5371: result: 1
configure:5395: checking for getc_unlocked
configure:5395: gcc -o conftest  -O4   conftest.c  >&5
configure:5395: $? = 0
configure:5395: result: yes
configure:5402: checking for flockfile
configure:5402: gcc -o conftest  -O4   conftest.c  >&5
configure:5402: $? = 0
configure:5402: result: yes
configure:5417: checking for thread local storage (TLS) class
configure:5439: gcc -c  -O4  conftest.c >&5
conftest.c: In function 'main':
conftest.c:44:21: error: expected ';' before 'int'
   44 | static  thread_local  int bar;
      |                     ^ ~~~
      |                     ;
configure:5439: $? = 1
configure: failed program was:
| /* confdefs.h */
| #define PACKAGE_NAME ""
| #define PACKAGE_TARNAME ""
| #define PACKAGE_VERSION ""
| #define PACKAGE_STRING ""
| #define PACKAGE_BUGREPORT ""
| #define PACKAGE_URL ""
| #define HAVE_SYS_WAIT_H 1
| #define STDC_HEADERS 1
| #define HAVE_SYS_TYPES_H 1
| #define HAVE_SYS_STAT_H 1
| #define HAVE_STDLIB_H 1
| #define HAVE_STRING_H 1
| #define HAVE_MEMORY_H 1
| #define HAVE_STRINGS_H 1
| #define HAVE_INTTYPES_H 1
| #define HAVE_STDINT_H 1
| #define HAVE_UNISTD_H 1
| #define HAVE_SIGNAL_H 1
| #define HAVE_STDDEF_H 1
| #define HAVE_UNISTD_H 1
| #define HAVE_SYS_TYPES_H 1
| #define HAVE_SYS_WAIT_H 1
| #define HAVE_STDLIB_H 1
| #define HAVE_STRING_H 1
| #define HAVE_ERRNO_H 1
| #define HAVE_LIMITS_H 1
| #define HAVE_STDINT_H 1
| #define SIZEOF_INT 4
| #define SIZEOF_LONG 8
| #define SIZEOF_LONG_LONG 8
| #define SIZEOF_VOIDP 8
| #define SIZEOF___INT128 16
| #define SIZEOF___INT128_T 16
| #define HAVE_FORK 1
| #define HAVE_VFORK 1
| #define HAVE_WORKING_VFORK 1
| #define HAVE_WORKING_FORK 1
| /* end confdefs.h.  */
| #include <stdlib.h>
| int
| main ()
| {
| static  thread_local  int bar;
| 
|   ;
|   return 0;
| }
configure:5439: gcc -c  -O4  conftest.c >&5
configure:5439: $? = 0
configure:5452: result: _Thread_local
configure:5530: checking for gsort
configure:5560: result: no
configure:5530: checking for sort
configure:5546: found /usr/bin/sort
configure:5557: result: sort
configure:5571: checking if sort supports the -k switch
configure:5579: result: 1
configure:5585: checking for a thread-safe mkdir -p
configure:5624: result: /usr/bin/mkdir -p
configure:5641: checking for a BSD-compatible install
configure:5709: result: /usr/bin/install -c
configure:5865: creating ./config.status

## ---------------------- ##
## Running config.status. ##
## ---------------------- ##

This file was extended by config.status, which was
generated by GNU Autoconf 2.69.  Invocation command line was

  CONFIG_FILES    = 
  CONFIG_HEADERS  = 
  CONFIG_LINKS    = 
  CONFIG_COMMANDS = 
  $ ./config.status 

on 52977ec9b325

config.status:810: creating makefile
config.status:810: creating nauty.h
config.status:810: creating naututil.h
config.status:810: creating gtools.h
config.status:810: creating nauty.pc

## ---------------- ##
## Cache variables. ##
## ---------------- ##

ac_cv_build=x86_64-pc-linux-gnu
ac_cv_c_compiler_gnu=yes
ac_cv_env_CC_set=
ac_cv_env_CC_value=
ac_cv_env_CFLAGS_set=
ac_cv_env_CFLAGS_value=
ac_cv_env_CPPFLAGS_set=
ac_cv_env_CPPFLAGS_value=
ac_cv_env_CPP_set=
ac_cv_env_CPP_value=
ac_cv_env_LDFLAGS_set=
ac_cv_env_LDFLAGS_value=
ac_cv_env_LIBS_set=
ac_cv_env_LIBS_value=
ac_cv_env_build_alias_set=
ac_cv_env_build_alias_value=
ac_cv_env_host_alias_set=
ac_cv_env_host_alias_value=
ac_cv_env_target_alias_set=
ac_cv_env_target_alias_value=
ac_cv_func_flockfile=yes
ac_cv_func_fork=yes
ac_cv_func_fork_works=yes
ac_cv_func_fseeko=yes
ac_cv_func_getc_unlocked=yes
ac_cv_func_getrusage=yes
ac_cv_func_gettimeofday=yes
ac_cv_func_isatty=yes
ac_cv_func_perror=yes
ac_cv_func_pipe=yes
ac_cv_func_popen=yes
ac_cv_func_putenv=yes
ac_cv_func_setenv=yes
ac_cv_func_sigaction=yes
ac_cv_func_sigprocmask=yes
ac_cv_func_time=yes
ac_cv_func_times=yes
ac_cv_func_vfork=yes
ac_cv_func_vfork_works=yes
ac_cv_func_wait=yes
ac_cv_have_decl_fdopen=yes
ac_cv_have_decl_ftell=yes
ac_cv_have_decl_malloc=yes
ac_cv_have_decl_popen=yes
ac_cv_have_decl_putenv=yes
ac_cv_have_decl_setenv=yes
ac_cv_header_errno_h=yes
ac_cv_header_inttypes_h=yes
ac_cv_header_limits_h=yes
ac_cv_header_memory_h=yes
ac_cv_header_signal_h=yes
ac_cv_header_stdc=yes
ac_cv_header_stddef_h=yes
ac_cv_header_stdint_h=yes
ac_cv_header_stdlib_h=yes
ac_cv_header_string_h=yes
ac_cv_header_strings_h=yes
ac_cv_header_sys_stat_h=yes
ac_cv_header_sys_types_h=yes
ac_cv_header_sys_wait_h=yes
ac_cv_header_unistd_h=yes
ac_cv_header_vfork_h=no
ac_cv_host=x86_64-pc-linux-gnu
ac_cv_native_ok=yes
ac_cv_objext=o
ac_cv_path_EGREP='/usr/bin/grep -E'
ac_cv_path_GREP=/usr/bin/grep
ac_cv_path_install='/usr/bin/install -c'
ac_cv_path_mkdir=/usr/bin/mkdir
ac_cv_prog_CPP='gcc -E'
ac_cv_prog_ac_ct_CC=gcc
ac_cv_prog_cc_c89=
ac_cv_prog_cc_g=yes
ac_cv_prog_sort_prog=sort
ac_cv_sizeof___int128=16
ac_cv_sizeof___int128_t=16
ac_cv_sizeof_int=4
ac_cv_sizeof_long=8
ac_cv_sizeof_long_long=8
ac_cv_sizeof_voidp=8
ac_cv_sys_file_offset_bits=0
ac_cv_sys_largefile_CC=no
ac_cv_tls=_Thread_local
ac_cv_try_cflags_ok=yes
ac_cv_type_pid_t=yes

## ----------------- ##
## Output variables. ##
## ----------------- ##

CC='gcc'
CFLAGS=' -O4'
CPP='gcc -E'
CPPFLAGS=''
DEFS='-DPACKAGE_NAME=\"\" -DPACKAGE_TARNAME=\"\" -DPACKAGE_VERSION=\"\" -DPACKAGE_STRING=\"\" -DPACKAGE_BUGREPORT=\"\" -DPACKAGE_URL=\"\" -DHAVE_SYS_WAIT_H=1 -DSTDC_HEADERS=1 -DHAVE_SYS_TYPES_H=1 -DHAVE_SYS_STAT_H=1 -DHAVE_STDLIB_H=1 -DHAVE_STRING_H=1 -DHAVE_MEMORY_H=1 -DHAVE_STRINGS_H=1 -DHAVE_INTTYPES_H=1 -DHAVE_STDINT_H=1 -DHAVE_UNISTD_H=1 -DHAVE_SIGNAL_H=1 -DHAVE_STDDEF_H=1 -DHAVE_UNISTD_H=1 -DHAVE_SYS_TYPES_H=1 -DHAVE_SYS_WAIT_H=1 -DHAVE_STDLIB_H=1 -DHAVE_STRING_H=1 -DHAVE_ERRNO_H=1 -DHAVE_LIMITS_H=1 -DHAVE_STDINT_H=1 -DSIZEOF_INT=4 -DSIZEOF_LONG=8 -DSIZEOF_LONG_LONG=8 -DSIZEOF_VOIDP=8 -DSIZEOF___INT128=16 -DSIZEOF___INT128_T=16 -DHAVE_FORK=1 -DHAVE_VFORK=1 -DHAVE_WORKING_VFORK=1 -DHAVE_WORKING_FORK=1 -DTLS=_Thread_local'
ECHO_C=''
ECHO_N='-n'
ECHO_T=''
EGREP='/usr/bin/grep -E'
EXEEXT=''
GREP='/usr/bin/grep'
INSTALL_DATA='${INSTALL} -m 644'
INSTALL_PROGRAM='${INSTALL}'
INSTALL_SCRIPT='${INSTALL}'
LDFLAGS=''
LIBOBJS=''
LIBS=''
LTLIBOBJS=''
MKDIR_P='/usr/bin/mkdir -p'
MORECFLAGS=' -mpopcnt -march=native'
OBJEXT='o'
PACKAGE_BUGREPORT=''
PACKAGE_NAME=''
PACKAGE_STRING=''
PACKAGE_TARNAME=''
PACKAGE_URL=''
PACKAGE_VERSION=''
PATH_SEPARATOR=':'
SHELL='/bin/bash'
ac_ct_CC='gcc'
ac_cv_sizeof___int128='16'
ac_cv_sizeof___int128_t='16'
ac_cv_sizeof_int='4'
ac_cv_sizeof_long='8'
ac_cv_sizeof_long_long='8'
ac_cv_sizeof_voidp='8'
ac_cv_sys_file_offset_bits='0'
ac_cv_tls='_Thread_local'
allow_interrupt='1'
bindir='${exec_prefix}/bin'
build='x86_64-pc-linux-gnu'
build_alias=''
build_cpu='x86_64'
build_os='linux-gnu'
build_vendor='pc'
datadir='${datarootdir}'
datarootdir='${prefix}/share'
default_wordsize='0'
docdir='${datarootdir}/doc/${PACKAGE}'
dvidir='${docdir}'
edit_msg='++++++ This file is automatically generated, don'\''t edit it by hand! ++++++'
exec_prefix='${prefix}'
fdopen_dec='1'
flex_array_ok='1'
ftell_dec='1'
has_math_inf='1'
have_ansicontrols='0'
have_clz='1'
have_clzl='1'
have_clzll='1'
have_fork='1'
have_fseeko='1'
have_getrusage='1'
have_gettimeofday='1'
have_hwlzcnt='1'
have_hwpopcnt='1'
have_isatty='1'
have_mmpop32='0'
have_mmpop64='0'
have_perror='1'
have_pid_t='1'
have_pipe='1'
have_popcnt='1'
have_popcntl='1'
have_popcntll='1'
have_popen='1'
have_putenv='1'
have_setenv='1'
have_sigaction='1'
have_sigprocmask='1'
have_time='1'
have_times='1'
have_wait='1'
header_errno_h='1'
header_limits_h='1'
header_signal_h='1'
header_stddef_h='1'
header_stdint_h='1'
header_stdlib_h='1'
header_string_h='1'
header_sys_types_h='1'
header_sys_wait_h='1'
header_unistd_h='1'
host='x86_64-pc-linux-gnu'
host_alias=''
host_cpu='x86_64'
host_os='linux-gnu'
host_vendor='pc'
htmldir='${docdir}'
includedir='${prefix}/include'
infodir='${datarootdir}/info'
is_ARM64='0'
libdir='${exec_prefix}/lib'
libexecdir='${exec_prefix}/libexec'
localedir='${datarootdir}/locale'
localstatedir='${prefix}/var'
lok='1'
malloc_dec='1'
mandir='${datarootdir}/man'
oldincludedir='/usr/include'
pdfdir='${docdir}'
popen_dec='1'
prefix='/usr/local'
program_transform_name='s,x,x,'
psdir='${docdir}'
putenv_dec='1'
runstatedir='${localstatedir}/run'
sbindir='${exec_prefix}/sbin'
setenv_dec='1'
sharedstatedir='${prefix}/com'
shortg_or_null='shortg'
sort_newparams_ok='1'
sort_prog='sort'
stdio_nolock='1'
sysconfdir='${prefix}/etc'
target_alias=''
testprogs='dreadtest dreadtestS dreadtestS1 dreadtest4K dreadtest1 dreadtestW dreadtestW1 dreadtestL1 dreadtestL'
tls_supported='1'
use_tls=''

## ----------- ##
## confdefs.h. ##
## ----------- ##

/* confdefs.h */
#define PACKAGE_NAME ""
#define PACKAGE_TARNAME ""
#define PACKAGE_VERSION ""
#define PACKAGE_STRING ""
#define PACKAGE_BUGREPORT ""
#define PACKAGE_URL ""
#define HAVE_SYS_WAIT_H 1
#define STDC_HEADERS 1
#define HAVE_SYS_TYPES_H 1
#define HAVE_SYS_STAT_H 1
#define HAVE_STDLIB_H 1
#define HAVE_STRING_H 1
#define HAVE_MEMORY_H 1
#define HAVE_STRINGS_H 1
#define HAVE_INTTYPES_H 1
#define HAVE_STDINT_H 1
#define HAVE_UNISTD_H 1
#define HAVE_SIGNAL_H 1
#define HAVE_STDDEF_H 1
#define HAVE_UNISTD_H 1
#define HAVE_SYS_TYPES_H 1
#define HAVE_SYS_WAIT_H 1
#define HAVE_STDLIB_H 1
#define HAVE_STRING_H 1
#define HAVE_ERRNO_H 1
#define HAVE_LIMITS_H 1
#define HAVE_STDINT_H 1
#define SIZEOF_INT 4
#define SIZEOF_LONG 8
#define SIZEOF_LONG_LONG 8
#define SIZEOF_VOIDP 8
#define SIZEOF___INT128 16
#define SIZEOF___INT128_T 16
#define HAVE_FORK 1
#define HAVE_VFORK 1
#define HAVE_WORKING_VFORK 1
#define HAVE_WORKING_FORK 1
#define TLS _Thread_local

configure: exit 0
