Determining size of uint128_t failed with the following output:
Change Dir: /workspace/code/motivo/build/CMakeFiles/CMakeTmp

Run Build Command(s):/usr/bin/make cmTC_b64a4/fast && /usr/bin/make -f CMakeFiles/cmTC_b64a4.dir/build.make CMakeFiles/cmTC_b64a4.dir/build
make[1]: Entering directory '/workspace/code/motivo/build/CMakeFiles/CMakeTmp'
Building C object CMakeFiles/cmTC_b64a4.dir/MOTIVO_HAS_UINT128_T.c.o
/usr/bin/cc    -o CMakeFiles/cmTC_b64a4.dir/MOTIVO_HAS_UINT128_T.c.o   -c /workspace/code/motivo/build/CMakeFiles/CheckTypeSize/MOTIVO_HAS_UINT128_T.c
/workspace/code/motivo/build/CMakeFiles/CheckTypeSize/MOTIVO_HAS_UINT128_T.c:23:22: error: 'uint128_t' undeclared here (not in a function); did you mean 'uint32_t'?
   23 | #define SIZE (sizeof(uint128_t))
      |                      ^~~~~~~~~
/workspace/code/motivo/build/CMakeFiles/CheckTypeSize/MOTIVO_HAS_UINT128_T.c:25:12: note: in expansion of macro 'SIZE'
   25 |   ('0' + ((SIZE / 10000)%10)),
      |            ^~~~
make[1]: *** [CMakeFiles/cmTC_b64a4.dir/build.make:66: CMakeFiles/cmTC_b64a4.dir/MOTIVO_HAS_UINT128_T.c.o] Error 1
make[1]: Leaving directory '/workspace/code/motivo/build/CMakeFiles/CMakeTmp'
make: *** [Makefile:121: cmTC_b64a4/fast] Error 2


/workspace/code/motivo/build/CMakeFiles/CheckTypeSize/MOTIVO_HAS_UINT128_T.c:
#include <sys/types.h>
#include <stdint.h>
#include <stddef.h>


#undef KEY
#if defined(__i386)
# define KEY '_','_','i','3','8','6'
#elif defined(__x86_64)
# define KEY '_','_','x','8','6','_','6','4'
#elif defined(__ppc__)
# define KEY '_','_','p','p','c','_','_'
#elif defined(__ppc64__)
# define KEY '_','_','p','p','c','6','4','_','_'
#elif defined(__aarch64__)
# define KEY '_','_','a','a','r','c','h','6','4','_','_'
#elif defined(__ARM_ARCH_7A__)
# define KEY '_','_','A','R','M','_','A','R','C','H','_','7','A','_','_'
#elif defined(__ARM_ARCH_7S__)
# define KEY '_','_','A','R','M','_','A','R','C','H','_','7','S','_','_'
#endif

#define SIZE (sizeof(uint128_t))
static char info_size[] =  {'I', 'N', 'F', 'O', ':', 's','i','z','e','[',
  ('0' + ((SIZE / 10000)%10)),
  ('0' + ((SIZE / 1000)%10)),
  ('0' + ((SIZE / 100)%10)),
  ('0' + ((SIZE / 10)%10)),
  ('0' +  (SIZE    % 10)),
  ']',
#ifdef KEY
  ' ','k','e','y','[', KEY, ']',
#endif
  '\0'};

#ifdef __CLASSIC_C__
int main(argc, argv) int argc; char *argv[];
#else
int main(int argc, char *argv[])
#endif
{
  int require = 0;
  require += info_size[argc];
  (void)argv;
  return require;
}


Performing C SOURCE FILE Test CMAKE_HAVE_LIBC_PTHREAD failed with the following output:
Change Dir: /workspace/code/motivo/build/CMakeFiles/CMakeTmp

Run Build Command(s):/usr/bin/make cmTC_5da27/fast && /usr/bin/make -f CMakeFiles/cmTC_5da27.dir/build.make CMakeFiles/cmTC_5da27.dir/build
make[1]: Entering directory '/workspace/code/motivo/build/CMakeFiles/CMakeTmp'
Building C object CMakeFiles/cmTC_5da27.dir/src.c.o
/usr/bin/cc   -DCMAKE_HAVE_LIBC_PTHREAD   -o CMakeFiles/cmTC_5da27.dir/src.c.o   -c /workspace/code/motivo/build/CMakeFiles/CMakeTmp/src.c
Linking C executable cmTC_5da27
/usr/bin/cmake -E cmake_link_script CMakeFiles/cmTC_5da27.dir/link.txt --verbose=1
/usr/bin/cc  -DCMAKE_HAVE_LIBC_PTHREAD    CMakeFiles/cmTC_5da27.dir/src.c.o  -o cmTC_5da27 
/usr/bin/ld: CMakeFiles/cmTC_5da27.dir/src.c.o: in function `main':
src.c:(.text+0x46): undefined reference to `pthread_create'
/usr/bin/ld: src.c:(.text+0x52): undefined reference to `pthread_detach'
/usr/bin/ld: src.c:(.text+0x63): undefined reference to `pthread_join'
collect2: error: ld returned 1 exit status
make[1]: *** [CMakeFiles/cmTC_5da27.dir/build.make:87: cmTC_5da27] Error 1
make[1]: Leaving directory '/workspace/code/motivo/build/CMakeFiles/CMakeTmp'
make: *** [Makefile:121: cmTC_5da27/fast] Error 2


Source file was:
#include <pthread.h>

void* test_func(void* data)
{
  return data;
}

int main(void)
{
  pthread_t thread;
  pthread_create(&thread, NULL, test_func, NULL);
  pthread_detach(thread);
  pthread_join(thread, NULL);
  pthread_atfork(NULL, NULL, NULL);
  pthread_exit(NULL);

  return 0;
}

Determining if the function pthread_create exists in the pthreads failed with the following output:
Change Dir: /workspace/code/motivo/build/CMakeFiles/CMakeTmp

Run Build Command(s):/usr/bin/make cmTC_660c5/fast && /usr/bin/make -f CMakeFiles/cmTC_660c5.dir/build.make CMakeFiles/cmTC_660c5.dir/build
make[1]: Entering directory '/workspace/code/motivo/build/CMakeFiles/CMakeTmp'
Building C object CMakeFiles/cmTC_660c5.dir/CheckFunctionExists.c.o
/usr/bin/cc   -DCHECK_FUNCTION_EXISTS=pthread_create   -o CMakeFiles/cmTC_660c5.dir/CheckFunctionExists.c.o   -c /usr/share/cmake-3.16/Modules/CheckFunctionExists.c
Linking C executable cmTC_660c5
/usr/bin/cmake -E cmake_link_script CMakeFiles/cmTC_660c5.dir/link.txt --verbose=1
/usr/bin/cc  -DCHECK_FUNCTION_EXISTS=pthread_create    CMakeFiles/cmTC_660c5.dir/CheckFunctionExists.c.o  -o cmTC_660c5  -lpthreads 
/usr/bin/ld: cannot find -lpthreads
collect2: error: ld returned 1 exit status
make[1]: *** [CMakeFiles/cmTC_660c5.dir/build.make:87: cmTC_660c5] Error 1
make[1]: Leaving directory '/workspace/code/motivo/build/CMakeFiles/CMakeTmp'
make: *** [Makefile:121: cmTC_660c5/fast] Error 2



