The system is: Linux - 5.15.0-118-generic - x86_64
Compiling the C compiler identification source file "CMakeCCompilerId.c" succeeded.
Compiler: /usr/bin/cc 
Build flags: 
Id flags:  

The output was:
0


Compilation of the C compiler identification source "CMakeCCompilerId.c" produced "a.out"

The C compiler identification is GNU, found in "/workspace/code/motivo/build/CMakeFiles/3.16.3/CompilerIdC/a.out"

Compiling the CXX compiler identification source file "CMakeCXXCompilerId.cpp" succeeded.
Compiler: /usr/bin/c++ 
Build flags: 
Id flags:  

The output was:
0


Compilation of the CXX compiler identification source "CMakeCXXCompilerId.cpp" produced "a.out"

The CXX compiler identification is GNU, found in "/workspace/code/motivo/build/CMakeFiles/3.16.3/CompilerIdCXX/a.out"

Determining if the C compiler works passed with the following output:
Change Dir: /workspace/code/motivo/build/CMakeFiles/CMakeTmp

Run Build Command(s):/usr/bin/make cmTC_d92c0/fast && /usr/bin/make -f CMakeFiles/cmTC_d92c0.dir/build.make CMakeFiles/cmTC_d92c0.dir/build
make[1]: Entering directory '/workspace/code/motivo/build/CMakeFiles/CMakeTmp'
Building C object CMakeFiles/cmTC_d92c0.dir/testCCompiler.c.o
/usr/bin/cc    -o CMakeFiles/cmTC_d92c0.dir/testCCompiler.c.o   -c /workspace/code/motivo/build/CMakeFiles/CMakeTmp/testCCompiler.c
Linking C executable cmTC_d92c0
/usr/bin/cmake -E cmake_link_script CMakeFiles/cmTC_d92c0.dir/link.txt --verbose=1
/usr/bin/cc      CMakeFiles/cmTC_d92c0.dir/testCCompiler.c.o  -o cmTC_d92c0 
make[1]: Leaving directory '/workspace/code/motivo/build/CMakeFiles/CMakeTmp'



Detecting C compiler ABI info compiled with the following output:
Change Dir: /workspace/code/motivo/build/CMakeFiles/CMakeTmp

Run Build Command(s):/usr/bin/make cmTC_300fb/fast && /usr/bin/make -f CMakeFiles/cmTC_300fb.dir/build.make CMakeFiles/cmTC_300fb.dir/build
make[1]: Entering directory '/workspace/code/motivo/build/CMakeFiles/CMakeTmp'
Building C object CMakeFiles/cmTC_300fb.dir/CMakeCCompilerABI.c.o
/usr/bin/cc   -v -o CMakeFiles/cmTC_300fb.dir/CMakeCCompilerABI.c.o   -c /usr/share/cmake-3.16/Modules/CMakeCCompilerABI.c
Using built-in specs.
COLLECT_GCC=/usr/bin/cc
OFFLOAD_TARGET_NAMES=nvptx-none:hsa
OFFLOAD_TARGET_DEFAULT=1
Target: x86_64-linux-gnu
Configured with: ../src/configure -v --with-pkgversion='Ubuntu 9.4.0-1ubuntu1~20.04.2' --with-bugurl=file:///usr/share/doc/gcc-9/README.Bugs --enable-languages=c,ada,c++,go,brig,d,fortran,objc,obj-c++,gm2 --prefix=/usr --with-gcc-major-version-only --program-suffix=-9 --program-prefix=x86_64-linux-gnu- --enable-shared --enable-linker-build-id --libexecdir=/usr/lib --without-included-gettext --enable-threads=posix --libdir=/usr/lib --enable-nls --enable-clocale=gnu --enable-libstdcxx-debug --enable-libstdcxx-time=yes --with-default-libstdcxx-abi=new --enable-gnu-unique-object --disable-vtable-verify --enable-plugin --enable-default-pie --with-system-zlib --with-target-system-zlib=auto --enable-objc-gc=auto --enable-multiarch --disable-werror --with-arch-32=i686 --with-abi=m64 --with-multilib-list=m32,m64,mx32 --enable-multilib --with-tune=generic --enable-offload-targets=nvptx-none=/build/gcc-9-9QDOt0/gcc-9-9.4.0/debian/tmp-nvptx/usr,hsa --without-cuda-driver --enable-checking=release --build=x86_64-linux-gnu --host=x86_64-linux-gnu --target=x86_64-linux-gnu
Thread model: posix
gcc version 9.4.0 (Ubuntu 9.4.0-1ubuntu1~20.04.2) 
COLLECT_GCC_OPTIONS='-v' '-o' 'CMakeFiles/cmTC_300fb.dir/CMakeCCompilerABI.c.o' '-c' '-mtune=generic' '-march=x86-64'
 /usr/lib/gcc/x86_64-linux-gnu/9/cc1 -quiet -v -imultiarch x86_64-linux-gnu /usr/share/cmake-3.16/Modules/CMakeCCompilerABI.c -quiet -dumpbase CMakeCCompilerABI.c -mtune=generic -march=x86-64 -auxbase-strip CMakeFiles/cmTC_300fb.dir/CMakeCCompilerABI.c.o -version -fasynchronous-unwind-tables -fstack-protector-strong -Wformat -Wformat-security -fstack-clash-protection -fcf-protection -o /tmp/cc8kr3jU.s
GNU C17 (Ubuntu 9.4.0-1ubuntu1~20.04.2) version 9.4.0 (x86_64-linux-gnu)
	compiled by GNU C version 9.4.0, GMP version 6.2.0, MPFR version 4.0.2, MPC version 1.1.0, isl version isl-0.22.1-GMP

GGC heuristics: --param ggc-min-expand=100 --param ggc-min-heapsize=131072
ignoring nonexistent directory "/usr/local/include/x86_64-linux-gnu"
ignoring nonexistent directory "/usr/lib/gcc/x86_64-linux-gnu/9/include-fixed"
ignoring nonexistent directory "/usr/lib/gcc/x86_64-linux-gnu/9/../../../../x86_64-linux-gnu/include"
#include "..." search starts here:
#include <...> search starts here:
 /usr/lib/gcc/x86_64-linux-gnu/9/include
 /usr/local/include
 /usr/include/x86_64-linux-gnu
 /usr/include
End of search list.
GNU C17 (Ubuntu 9.4.0-1ubuntu1~20.04.2) version 9.4.0 (x86_64-linux-gnu)
	compiled by GNU C version 9.4.0, GMP version 6.2.0, MPFR version 4.0.2, MPC version 1.1.0, isl version isl-0.22.1-GMP

GGC heuristics: --param ggc-min-expand=100 --param ggc-min-heapsize=131072
Compiler executable checksum: 01da938ff5dc2163489aa33cb3b747a7
COLLECT_GCC_OPTIONS='-v' '-o' 'CMakeFiles/cmTC_300fb.dir/CMakeCCompilerABI.c.o' '-c' '-mtune=generic' '-march=x86-64'
 as -v --64 -o CMakeFiles/cmTC_300fb.dir/CMakeCCompilerABI.c.o /tmp/cc8kr3jU.s
GNU assembler version 2.34 (x86_64-linux-gnu) using BFD version (GNU Binutils for Ubuntu) 2.34
COMPILER_PATH=/usr/lib/gcc/x86_64-linux-gnu/9/:/usr/lib/gcc/x86_64-linux-gnu/9/:/usr/lib/gcc/x86_64-linux-gnu/:/usr/lib/gcc/x86_64-linux-gnu/9/:/usr/lib/gcc/x86_64-linux-gnu/
LIBRARY_PATH=/usr/lib/gcc/x86_64-linux-gnu/9/:/usr/lib/gcc/x86_64-linux-gnu/9/../../../x86_64-linux-gnu/:/usr/lib/gcc/x86_64-linux-gnu/9/../../../../lib/:/lib/x86_64-linux-gnu/:/lib/../lib/:/usr/lib/x86_64-linux-gnu/:/usr/lib/../lib/:/usr/lib/gcc/x86_64-linux-gnu/9/../../../:/lib/:/usr/lib/
COLLECT_GCC_OPTIONS='-v' '-o' 'CMakeFiles/cmTC_300fb.dir/CMakeCCompilerABI.c.o' '-c' '-mtune=generic' '-march=x86-64'
Linking C executable cmTC_300fb
/usr/bin/cmake -E cmake_link_script CMakeFiles/cmTC_300fb.dir/link.txt --verbose=1
/usr/bin/cc     -v CMakeFiles/cmTC_300fb.dir/CMakeCCompilerABI.c.o  -o cmTC_300fb 
Using built-in specs.
COLLECT_GCC=/usr/bin/cc
COLLECT_LTO_WRAPPER=/usr/lib/gcc/x86_64-linux-gnu/9/lto-wrapper
OFFLOAD_TARGET_NAMES=nvptx-none:hsa
OFFLOAD_TARGET_DEFAULT=1
Target: x86_64-linux-gnu
Configured with: ../src/configure -v --with-pkgversion='Ubuntu 9.4.0-1ubuntu1~20.04.2' --with-bugurl=file:///usr/share/doc/gcc-9/README.Bugs --enable-languages=c,ada,c++,go,brig,d,fortran,objc,obj-c++,gm2 --prefix=/usr --with-gcc-major-version-only --program-suffix=-9 --program-prefix=x86_64-linux-gnu- --enable-shared --enable-linker-build-id --libexecdir=/usr/lib --without-included-gettext --enable-threads=posix --libdir=/usr/lib --enable-nls --enable-clocale=gnu --enable-libstdcxx-debug --enable-libstdcxx-time=yes --with-default-libstdcxx-abi=new --enable-gnu-unique-object --disable-vtable-verify --enable-plugin --enable-default-pie --with-system-zlib --with-target-system-zlib=auto --enable-objc-gc=auto --enable-multiarch --disable-werror --with-arch-32=i686 --with-abi=m64 --with-multilib-list=m32,m64,mx32 --enable-multilib --with-tune=generic --enable-offload-targets=nvptx-none=/build/gcc-9-9QDOt0/gcc-9-9.4.0/debian/tmp-nvptx/usr,hsa --without-cuda-driver --enable-checking=release --build=x86_64-linux-gnu --host=x86_64-linux-gnu --target=x86_64-linux-gnu
Thread model: posix
gcc version 9.4.0 (Ubuntu 9.4.0-1ubuntu1~20.04.2) 
COMPILER_PATH=/usr/lib/gcc/x86_64-linux-gnu/9/:/usr/lib/gcc/x86_64-linux-gnu/9/:/usr/lib/gcc/x86_64-linux-gnu/:/usr/lib/gcc/x86_64-linux-gnu/9/:/usr/lib/gcc/x86_64-linux-gnu/
LIBRARY_PATH=/usr/lib/gcc/x86_64-linux-gnu/9/:/usr/lib/gcc/x86_64-linux-gnu/9/../../../x86_64-linux-gnu/:/usr/lib/gcc/x86_64-linux-gnu/9/../../../../lib/:/lib/x86_64-linux-gnu/:/lib/../lib/:/usr/lib/x86_64-linux-gnu/:/usr/lib/../lib/:/usr/lib/gcc/x86_64-linux-gnu/9/../../../:/lib/:/usr/lib/
COLLECT_GCC_OPTIONS='-v' '-o' 'cmTC_300fb' '-mtune=generic' '-march=x86-64'
 /usr/lib/gcc/x86_64-linux-gnu/9/collect2 -plugin /usr/lib/gcc/x86_64-linux-gnu/9/liblto_plugin.so -plugin-opt=/usr/lib/gcc/x86_64-linux-gnu/9/lto-wrapper -plugin-opt=-fresolution=/tmp/ccjXTd7i.res -plugin-opt=-pass-through=-lgcc -plugin-opt=-pass-through=-lgcc_s -plugin-opt=-pass-through=-lc -plugin-opt=-pass-through=-lgcc -plugin-opt=-pass-through=-lgcc_s --build-id --eh-frame-hdr -m elf_x86_64 --hash-style=gnu --as-needed -dynamic-linker /lib64/ld-linux-x86-64.so.2 -pie -z now -z relro -o cmTC_300fb /usr/lib/gcc/x86_64-linux-gnu/9/../../../x86_64-linux-gnu/Scrt1.o /usr/lib/gcc/x86_64-linux-gnu/9/../../../x86_64-linux-gnu/crti.o /usr/lib/gcc/x86_64-linux-gnu/9/crtbeginS.o -L/usr/lib/gcc/x86_64-linux-gnu/9 -L/usr/lib/gcc/x86_64-linux-gnu/9/../../../x86_64-linux-gnu -L/usr/lib/gcc/x86_64-linux-gnu/9/../../../../lib -L/lib/x86_64-linux-gnu -L/lib/../lib -L/usr/lib/x86_64-linux-gnu -L/usr/lib/../lib -L/usr/lib/gcc/x86_64-linux-gnu/9/../../.. CMakeFiles/cmTC_300fb.dir/CMakeCCompilerABI.c.o -lgcc --push-state --as-needed -lgcc_s --pop-state -lc -lgcc --push-state --as-needed -lgcc_s --pop-state /usr/lib/gcc/x86_64-linux-gnu/9/crtendS.o /usr/lib/gcc/x86_64-linux-gnu/9/../../../x86_64-linux-gnu/crtn.o
COLLECT_GCC_OPTIONS='-v' '-o' 'cmTC_300fb' '-mtune=generic' '-march=x86-64'
make[1]: Leaving directory '/workspace/code/motivo/build/CMakeFiles/CMakeTmp'



Parsed C implicit include dir info from above output: rv=done
  found start of include info
  found start of implicit include info
    add: [/usr/lib/gcc/x86_64-linux-gnu/9/include]
    add: [/usr/local/include]
    add: [/usr/include/x86_64-linux-gnu]
    add: [/usr/include]
  end of search list found
  collapse include dir [/usr/lib/gcc/x86_64-linux-gnu/9/include] ==> [/usr/lib/gcc/x86_64-linux-gnu/9/include]
  collapse include dir [/usr/local/include] ==> [/usr/local/include]
  collapse include dir [/usr/include/x86_64-linux-gnu] ==> [/usr/include/x86_64-linux-gnu]
  collapse include dir [/usr/include] ==> [/usr/include]
  implicit include dirs: [/usr/lib/gcc/x86_64-linux-gnu/9/include;/usr/local/include;/usr/include/x86_64-linux-gnu;/usr/include]


Parsed C implicit link information from above output:
  link line regex: [^( *|.*[/\])(ld|CMAKE_LINK_STARTFILE-NOTFOUND|([^/\]+-)?ld|collect2)[^/\]*( |$)]
  ignore line: [Change Dir: /workspace/code/motivo/build/CMakeFiles/CMakeTmp]
  ignore line: []
  ignore line: [Run Build Command(s):/usr/bin/make cmTC_300fb/fast && /usr/bin/make -f CMakeFiles/cmTC_300fb.dir/build.make CMakeFiles/cmTC_300fb.dir/build]
  ignore line: [make[1]: Entering directory '/workspace/code/motivo/build/CMakeFiles/CMakeTmp']
  ignore line: [Building C object CMakeFiles/cmTC_300fb.dir/CMakeCCompilerABI.c.o]
  ignore line: [/usr/bin/cc   -v -o CMakeFiles/cmTC_300fb.dir/CMakeCCompilerABI.c.o   -c /usr/share/cmake-3.16/Modules/CMakeCCompilerABI.c]
  ignore line: [Using built-in specs.]
  ignore line: [COLLECT_GCC=/usr/bin/cc]
  ignore line: [OFFLOAD_TARGET_NAMES=nvptx-none:hsa]
  ignore line: [OFFLOAD_TARGET_DEFAULT=1]
  ignore line: [Target: x86_64-linux-gnu]
  ignore line: [Configured with: ../src/configure -v --with-pkgversion='Ubuntu 9.4.0-1ubuntu1~20.04.2' --with-bugurl=file:///usr/share/doc/gcc-9/README.Bugs --enable-languages=c ada c++ go brig d fortran objc obj-c++ gm2 --prefix=/usr --with-gcc-major-version-only --program-suffix=-9 --program-prefix=x86_64-linux-gnu- --enable-shared --enable-linker-build-id --libexecdir=/usr/lib --without-included-gettext --enable-threads=posix --libdir=/usr/lib --enable-nls --enable-clocale=gnu --enable-libstdcxx-debug --enable-libstdcxx-time=yes --with-default-libstdcxx-abi=new --enable-gnu-unique-object --disable-vtable-verify --enable-plugin --enable-default-pie --with-system-zlib --with-target-system-zlib=auto --enable-objc-gc=auto --enable-multiarch --disable-werror --with-arch-32=i686 --with-abi=m64 --with-multilib-list=m32 m64 mx32 --enable-multilib --with-tune=generic --enable-offload-targets=nvptx-none=/build/gcc-9-9QDOt0/gcc-9-9.4.0/debian/tmp-nvptx/usr hsa --without-cuda-driver --enable-checking=release --build=x86_64-linux-gnu --host=x86_64-linux-gnu --target=x86_64-linux-gnu]
  ignore line: [Thread model: posix]
  ignore line: [gcc version 9.4.0 (Ubuntu 9.4.0-1ubuntu1~20.04.2) ]
  ignore line: [COLLECT_GCC_OPTIONS='-v' '-o' 'CMakeFiles/cmTC_300fb.dir/CMakeCCompilerABI.c.o' '-c' '-mtune=generic' '-march=x86-64']
  ignore line: [ /usr/lib/gcc/x86_64-linux-gnu/9/cc1 -quiet -v -imultiarch x86_64-linux-gnu /usr/share/cmake-3.16/Modules/CMakeCCompilerABI.c -quiet -dumpbase CMakeCCompilerABI.c -mtune=generic -march=x86-64 -auxbase-strip CMakeFiles/cmTC_300fb.dir/CMakeCCompilerABI.c.o -version -fasynchronous-unwind-tables -fstack-protector-strong -Wformat -Wformat-security -fstack-clash-protection -fcf-protection -o /tmp/cc8kr3jU.s]
  ignore line: [GNU C17 (Ubuntu 9.4.0-1ubuntu1~20.04.2) version 9.4.0 (x86_64-linux-gnu)]
  ignore line: [	compiled by GNU C version 9.4.0  GMP version 6.2.0  MPFR version 4.0.2  MPC version 1.1.0  isl version isl-0.22.1-GMP]
  ignore line: []
  ignore line: [GGC heuristics: --param ggc-min-expand=100 --param ggc-min-heapsize=131072]
  ignore line: [ignoring nonexistent directory "/usr/local/include/x86_64-linux-gnu"]
  ignore line: [ignoring nonexistent directory "/usr/lib/gcc/x86_64-linux-gnu/9/include-fixed"]
  ignore line: [ignoring nonexistent directory "/usr/lib/gcc/x86_64-linux-gnu/9/../../../../x86_64-linux-gnu/include"]
  ignore line: [#include "..." search starts here:]
  ignore line: [#include <...> search starts here:]
  ignore line: [ /usr/lib/gcc/x86_64-linux-gnu/9/include]
  ignore line: [ /usr/local/include]
  ignore line: [ /usr/include/x86_64-linux-gnu]
  ignore line: [ /usr/include]
  ignore line: [End of search list.]
  ignore line: [GNU C17 (Ubuntu 9.4.0-1ubuntu1~20.04.2) version 9.4.0 (x86_64-linux-gnu)]
  ignore line: [	compiled by GNU C version 9.4.0  GMP version 6.2.0  MPFR version 4.0.2  MPC version 1.1.0  isl version isl-0.22.1-GMP]
  ignore line: []
  ignore line: [GGC heuristics: --param ggc-min-expand=100 --param ggc-min-heapsize=131072]
  ignore line: [Compiler executable checksum: 01da938ff5dc2163489aa33cb3b747a7]
  ignore line: [COLLECT_GCC_OPTIONS='-v' '-o' 'CMakeFiles/cmTC_300fb.dir/CMakeCCompilerABI.c.o' '-c' '-mtune=generic' '-march=x86-64']
  ignore line: [ as -v --64 -o CMakeFiles/cmTC_300fb.dir/CMakeCCompilerABI.c.o /tmp/cc8kr3jU.s]
  ignore line: [GNU assembler version 2.34 (x86_64-linux-gnu) using BFD version (GNU Binutils for Ubuntu) 2.34]
  ignore line: [COMPILER_PATH=/usr/lib/gcc/x86_64-linux-gnu/9/:/usr/lib/gcc/x86_64-linux-gnu/9/:/usr/lib/gcc/x86_64-linux-gnu/:/usr/lib/gcc/x86_64-linux-gnu/9/:/usr/lib/gcc/x86_64-linux-gnu/]
  ignore line: [LIBRARY_PATH=/usr/lib/gcc/x86_64-linux-gnu/9/:/usr/lib/gcc/x86_64-linux-gnu/9/../../../x86_64-linux-gnu/:/usr/lib/gcc/x86_64-linux-gnu/9/../../../../lib/:/lib/x86_64-linux-gnu/:/lib/../lib/:/usr/lib/x86_64-linux-gnu/:/usr/lib/../lib/:/usr/lib/gcc/x86_64-linux-gnu/9/../../../:/lib/:/usr/lib/]
  ignore line: [COLLECT_GCC_OPTIONS='-v' '-o' 'CMakeFiles/cmTC_300fb.dir/CMakeCCompilerABI.c.o' '-c' '-mtune=generic' '-march=x86-64']
  ignore line: [Linking C executable cmTC_300fb]
  ignore line: [/usr/bin/cmake -E cmake_link_script CMakeFiles/cmTC_300fb.dir/link.txt --verbose=1]
  ignore line: [/usr/bin/cc     -v CMakeFiles/cmTC_300fb.dir/CMakeCCompilerABI.c.o  -o cmTC_300fb ]
  ignore line: [Using built-in specs.]
  ignore line: [COLLECT_GCC=/usr/bin/cc]
  ignore line: [COLLECT_LTO_WRAPPER=/usr/lib/gcc/x86_64-linux-gnu/9/lto-wrapper]
  ignore line: [OFFLOAD_TARGET_NAMES=nvptx-none:hsa]
  ignore line: [OFFLOAD_TARGET_DEFAULT=1]
  ignore line: [Target: x86_64-linux-gnu]
  ignore line: [Configured with: ../src/configure -v --with-pkgversion='Ubuntu 9.4.0-1ubuntu1~20.04.2' --with-bugurl=file:///usr/share/doc/gcc-9/README.Bugs --enable-languages=c ada c++ go brig d fortran objc obj-c++ gm2 --prefix=/usr --with-gcc-major-version-only --program-suffix=-9 --program-prefix=x86_64-linux-gnu- --enable-shared --enable-linker-build-id --libexecdir=/usr/lib --without-included-gettext --enable-threads=posix --libdir=/usr/lib --enable-nls --enable-clocale=gnu --enable-libstdcxx-debug --enable-libstdcxx-time=yes --with-default-libstdcxx-abi=new --enable-gnu-unique-object --disable-vtable-verify --enable-plugin --enable-default-pie --with-system-zlib --with-target-system-zlib=auto --enable-objc-gc=auto --enable-multiarch --disable-werror --with-arch-32=i686 --with-abi=m64 --with-multilib-list=m32 m64 mx32 --enable-multilib --with-tune=generic --enable-offload-targets=nvptx-none=/build/gcc-9-9QDOt0/gcc-9-9.4.0/debian/tmp-nvptx/usr hsa --without-cuda-driver --enable-checking=release --build=x86_64-linux-gnu --host=x86_64-linux-gnu --target=x86_64-linux-gnu]
  ignore line: [Thread model: posix]
  ignore line: [gcc version 9.4.0 (Ubuntu 9.4.0-1ubuntu1~20.04.2) ]
  ignore line: [COMPILER_PATH=/usr/lib/gcc/x86_64-linux-gnu/9/:/usr/lib/gcc/x86_64-linux-gnu/9/:/usr/lib/gcc/x86_64-linux-gnu/:/usr/lib/gcc/x86_64-linux-gnu/9/:/usr/lib/gcc/x86_64-linux-gnu/]
  ignore line: [LIBRARY_PATH=/usr/lib/gcc/x86_64-linux-gnu/9/:/usr/lib/gcc/x86_64-linux-gnu/9/../../../x86_64-linux-gnu/:/usr/lib/gcc/x86_64-linux-gnu/9/../../../../lib/:/lib/x86_64-linux-gnu/:/lib/../lib/:/usr/lib/x86_64-linux-gnu/:/usr/lib/../lib/:/usr/lib/gcc/x86_64-linux-gnu/9/../../../:/lib/:/usr/lib/]
  ignore line: [COLLECT_GCC_OPTIONS='-v' '-o' 'cmTC_300fb' '-mtune=generic' '-march=x86-64']
  link line: [ /usr/lib/gcc/x86_64-linux-gnu/9/collect2 -plugin /usr/lib/gcc/x86_64-linux-gnu/9/liblto_plugin.so -plugin-opt=/usr/lib/gcc/x86_64-linux-gnu/9/lto-wrapper -plugin-opt=-fresolution=/tmp/ccjXTd7i.res -plugin-opt=-pass-through=-lgcc -plugin-opt=-pass-through=-lgcc_s -plugin-opt=-pass-through=-lc -plugin-opt=-pass-through=-lgcc -plugin-opt=-pass-through=-lgcc_s --build-id --eh-frame-hdr -m elf_x86_64 --hash-style=gnu --as-needed -dynamic-linker /lib64/ld-linux-x86-64.so.2 -pie -z now -z relro -o cmTC_300fb /usr/lib/gcc/x86_64-linux-gnu/9/../../../x86_64-linux-gnu/Scrt1.o /usr/lib/gcc/x86_64-linux-gnu/9/../../../x86_64-linux-gnu/crti.o /usr/lib/gcc/x86_64-linux-gnu/9/crtbeginS.o -L/usr/lib/gcc/x86_64-linux-gnu/9 -L/usr/lib/gcc/x86_64-linux-gnu/9/../../../x86_64-linux-gnu -L/usr/lib/gcc/x86_64-linux-gnu/9/../../../../lib -L/lib/x86_64-linux-gnu -L/lib/../lib -L/usr/lib/x86_64-linux-gnu -L/usr/lib/../lib -L/usr/lib/gcc/x86_64-linux-gnu/9/../../.. CMakeFiles/cmTC_300fb.dir/CMakeCCompilerABI.c.o -lgcc --push-state --as-needed -lgcc_s --pop-state -lc -lgcc --push-state --as-needed -lgcc_s --pop-state /usr/lib/gcc/x86_64-linux-gnu/9/crtendS.o /usr/lib/gcc/x86_64-linux-gnu/9/../../../x86_64-linux-gnu/crtn.o]
    arg [/usr/lib/gcc/x86_64-linux-gnu/9/collect2] ==> ignore
    arg [-plugin] ==> ignore
    arg [/usr/lib/gcc/x86_64-linux-gnu/9/liblto_plugin.so] ==> ignore
    arg [-plugin-opt=/usr/lib/gcc/x86_64-linux-gnu/9/lto-wrapper] ==> ignore
    arg [-plugin-opt=-fresolution=/tmp/ccjXTd7i.res] ==> ignore
    arg [-plugin-opt=-pass-through=-lgcc] ==> ignore
    arg [-plugin-opt=-pass-through=-lgcc_s] ==> ignore
    arg [-plugin-opt=-pass-through=-lc] ==> ignore
    arg [-plugin-opt=-pass-through=-lgcc] ==> ignore
    arg [-plugin-opt=-pass-through=-lgcc_s] ==> ignore
    arg [--build-id] ==> ignore
    arg [--eh-frame-hdr] ==> ignore
    arg [-m] ==> ignore
    arg [elf_x86_64] ==> ignore
    arg [--hash-style=gnu] ==> ignore
    arg [--as-needed] ==> ignore
    arg [-dynamic-linker] ==> ignore
    arg [/lib64/ld-linux-x86-64.so.2] ==> ignore
    arg [-pie] ==> ignore
    arg [-znow] ==> ignore
    arg [-zrelro] ==> ignore
    arg [-o] ==> ignore
    arg [cmTC_300fb] ==> ignore
    arg [/usr/lib/gcc/x86_64-linux-gnu/9/../../../x86_64-linux-gnu/Scrt1.o] ==> ignore
    arg [/usr/lib/gcc/x86_64-linux-gnu/9/../../../x86_64-linux-gnu/crti.o] ==> ignore
    arg [/usr/lib/gcc/x86_64-linux-gnu/9/crtbeginS.o] ==> ignore
    arg [-L/usr/lib/gcc/x86_64-linux-gnu/9] ==> dir [/usr/lib/gcc/x86_64-linux-gnu/9]
    arg [-L/usr/lib/gcc/x86_64-linux-gnu/9/../../../x86_64-linux-gnu] ==> dir [/usr/lib/gcc/x86_64-linux-gnu/9/../../../x86_64-linux-gnu]
    arg [-L/usr/lib/gcc/x86_64-linux-gnu/9/../../../../lib] ==> dir [/usr/lib/gcc/x86_64-linux-gnu/9/../../../../lib]
    arg [-L/lib/x86_64-linux-gnu] ==> dir [/lib/x86_64-linux-gnu]
    arg [-L/lib/../lib] ==> dir [/lib/../lib]
    arg [-L/usr/lib/x86_64-linux-gnu] ==> dir [/usr/lib/x86_64-linux-gnu]
    arg [-L/usr/lib/../lib] ==> dir [/usr/lib/../lib]
    arg [-L/usr/lib/gcc/x86_64-linux-gnu/9/../../..] ==> dir [/usr/lib/gcc/x86_64-linux-gnu/9/../../..]
    arg [CMakeFiles/cmTC_300fb.dir/CMakeCCompilerABI.c.o] ==> ignore
    arg [-lgcc] ==> lib [gcc]
    arg [--push-state] ==> ignore
    arg [--as-needed] ==> ignore
    arg [-lgcc_s] ==> lib [gcc_s]
    arg [--pop-state] ==> ignore
    arg [-lc] ==> lib [c]
    arg [-lgcc] ==> lib [gcc]
    arg [--push-state] ==> ignore
    arg [--as-needed] ==> ignore
    arg [-lgcc_s] ==> lib [gcc_s]
    arg [--pop-state] ==> ignore
    arg [/usr/lib/gcc/x86_64-linux-gnu/9/crtendS.o] ==> ignore
    arg [/usr/lib/gcc/x86_64-linux-gnu/9/../../../x86_64-linux-gnu/crtn.o] ==> ignore
  collapse library dir [/usr/lib/gcc/x86_64-linux-gnu/9] ==> [/usr/lib/gcc/x86_64-linux-gnu/9]
  collapse library dir [/usr/lib/gcc/x86_64-linux-gnu/9/../../../x86_64-linux-gnu] ==> [/usr/lib/x86_64-linux-gnu]
  collapse library dir [/usr/lib/gcc/x86_64-linux-gnu/9/../../../../lib] ==> [/usr/lib]
  collapse library dir [/lib/x86_64-linux-gnu] ==> [/lib/x86_64-linux-gnu]
  collapse library dir [/lib/../lib] ==> [/lib]
  collapse library dir [/usr/lib/x86_64-linux-gnu] ==> [/usr/lib/x86_64-linux-gnu]
  collapse library dir [/usr/lib/../lib] ==> [/usr/lib]
  collapse library dir [/usr/lib/gcc/x86_64-linux-gnu/9/../../..] ==> [/usr/lib]
  implicit libs: [gcc;gcc_s;c;gcc;gcc_s]
  implicit dirs: [/usr/lib/gcc/x86_64-linux-gnu/9;/usr/lib/x86_64-linux-gnu;/usr/lib;/lib/x86_64-linux-gnu;/lib]
  implicit fwks: []


Determining if the CXX compiler works passed with the following output:
Change Dir: /workspace/code/motivo/build/CMakeFiles/CMakeTmp

Run Build Command(s):/usr/bin/make cmTC_79e64/fast && /usr/bin/make -f CMakeFiles/cmTC_79e64.dir/build.make CMakeFiles/cmTC_79e64.dir/build
make[1]: Entering directory '/workspace/code/motivo/build/CMakeFiles/CMakeTmp'
Building CXX object CMakeFiles/cmTC_79e64.dir/testCXXCompiler.cxx.o
/usr/bin/c++     -o CMakeFiles/cmTC_79e64.dir/testCXXCompiler.cxx.o -c /workspace/code/motivo/build/CMakeFiles/CMakeTmp/testCXXCompiler.cxx
Linking CXX executable cmTC_79e64
/usr/bin/cmake -E cmake_link_script CMakeFiles/cmTC_79e64.dir/link.txt --verbose=1
/usr/bin/c++       CMakeFiles/cmTC_79e64.dir/testCXXCompiler.cxx.o  -o cmTC_79e64 
make[1]: Leaving directory '/workspace/code/motivo/build/CMakeFiles/CMakeTmp'



Detecting CXX compiler ABI info compiled with the following output:
Change Dir: /workspace/code/motivo/build/CMakeFiles/CMakeTmp

Run Build Command(s):/usr/bin/make cmTC_3dec1/fast && /usr/bin/make -f CMakeFiles/cmTC_3dec1.dir/build.make CMakeFiles/cmTC_3dec1.dir/build
make[1]: Entering directory '/workspace/code/motivo/build/CMakeFiles/CMakeTmp'
Building CXX object CMakeFiles/cmTC_3dec1.dir/CMakeCXXCompilerABI.cpp.o
/usr/bin/c++    -v -o CMakeFiles/cmTC_3dec1.dir/CMakeCXXCompilerABI.cpp.o -c /usr/share/cmake-3.16/Modules/CMakeCXXCompilerABI.cpp
Using built-in specs.
COLLECT_GCC=/usr/bin/c++
OFFLOAD_TARGET_NAMES=nvptx-none:hsa
OFFLOAD_TARGET_DEFAULT=1
Target: x86_64-linux-gnu
Configured with: ../src/configure -v --with-pkgversion='Ubuntu 9.4.0-1ubuntu1~20.04.2' --with-bugurl=file:///usr/share/doc/gcc-9/README.Bugs --enable-languages=c,ada,c++,go,brig,d,fortran,objc,obj-c++,gm2 --prefix=/usr --with-gcc-major-version-only --program-suffix=-9 --program-prefix=x86_64-linux-gnu- --enable-shared --enable-linker-build-id --libexecdir=/usr/lib --without-included-gettext --enable-threads=posix --libdir=/usr/lib --enable-nls --enable-clocale=gnu --enable-libstdcxx-debug --enable-libstdcxx-time=yes --with-default-libstdcxx-abi=new --enable-gnu-unique-object --disable-vtable-verify --enable-plugin --enable-default-pie --with-system-zlib --with-target-system-zlib=auto --enable-objc-gc=auto --enable-multiarch --disable-werror --with-arch-32=i686 --with-abi=m64 --with-multilib-list=m32,m64,mx32 --enable-multilib --with-tune=generic --enable-offload-targets=nvptx-none=/build/gcc-9-9QDOt0/gcc-9-9.4.0/debian/tmp-nvptx/usr,hsa --without-cuda-driver --enable-checking=release --build=x86_64-linux-gnu --host=x86_64-linux-gnu --target=x86_64-linux-gnu
Thread model: posix
gcc version 9.4.0 (Ubuntu 9.4.0-1ubuntu1~20.04.2) 
COLLECT_GCC_OPTIONS='-v' '-o' 'CMakeFiles/cmTC_3dec1.dir/CMakeCXXCompilerABI.cpp.o' '-c' '-shared-libgcc' '-mtune=generic' '-march=x86-64'
 /usr/lib/gcc/x86_64-linux-gnu/9/cc1plus -quiet -v -imultiarch x86_64-linux-gnu -D_GNU_SOURCE /usr/share/cmake-3.16/Modules/CMakeCXXCompilerABI.cpp -quiet -dumpbase CMakeCXXCompilerABI.cpp -mtune=generic -march=x86-64 -auxbase-strip CMakeFiles/cmTC_3dec1.dir/CMakeCXXCompilerABI.cpp.o -version -fasynchronous-unwind-tables -fstack-protector-strong -Wformat -Wformat-security -fstack-clash-protection -fcf-protection -o /tmp/ccQHIM7Q.s
GNU C++14 (Ubuntu 9.4.0-1ubuntu1~20.04.2) version 9.4.0 (x86_64-linux-gnu)
	compiled by GNU C version 9.4.0, GMP version 6.2.0, MPFR version 4.0.2, MPC version 1.1.0, isl version isl-0.22.1-GMP

GGC heuristics: --param ggc-min-expand=100 --param ggc-min-heapsize=131072
ignoring duplicate directory "/usr/include/x86_64-linux-gnu/c++/9"
ignoring nonexistent directory "/usr/local/include/x86_64-linux-gnu"
ignoring nonexistent directory "/usr/lib/gcc/x86_64-linux-gnu/9/include-fixed"
ignoring nonexistent directory "/usr/lib/gcc/x86_64-linux-gnu/9/../../../../x86_64-linux-gnu/include"
#include "..." search starts here:
#include <...> search starts here:
 /usr/include/c++/9
 /usr/include/x86_64-linux-gnu/c++/9
 /usr/include/c++/9/backward
 /usr/lib/gcc/x86_64-linux-gnu/9/include
 /usr/local/include
 /usr/include/x86_64-linux-gnu
 /usr/include
End of search list.
GNU C++14 (Ubuntu 9.4.0-1ubuntu1~20.04.2) version 9.4.0 (x86_64-linux-gnu)
	compiled by GNU C version 9.4.0, GMP version 6.2.0, MPFR version 4.0.2, MPC version 1.1.0, isl version isl-0.22.1-GMP

GGC heuristics: --param ggc-min-expand=100 --param ggc-min-heapsize=131072
Compiler executable checksum: 3d1eba838554fa2348dba760e4770469
COLLECT_GCC_OPTIONS='-v' '-o' 'CMakeFiles/cmTC_3dec1.dir/CMakeCXXCompilerABI.cpp.o' '-c' '-shared-libgcc' '-mtune=generic' '-march=x86-64'
 as -v --64 -o CMakeFiles/cmTC_3dec1.dir/CMakeCXXCompilerABI.cpp.o /tmp/ccQHIM7Q.s
GNU assembler version 2.34 (x86_64-linux-gnu) using BFD version (GNU Binutils for Ubuntu) 2.34
COMPILER_PATH=/usr/lib/gcc/x86_64-linux-gnu/9/:/usr/lib/gcc/x86_64-linux-gnu/9/:/usr/lib/gcc/x86_64-linux-gnu/:/usr/lib/gcc/x86_64-linux-gnu/9/:/usr/lib/gcc/x86_64-linux-gnu/
LIBRARY_PATH=/usr/lib/gcc/x86_64-linux-gnu/9/:/usr/lib/gcc/x86_64-linux-gnu/9/../../../x86_64-linux-gnu/:/usr/lib/gcc/x86_64-linux-gnu/9/../../../../lib/:/lib/x86_64-linux-gnu/:/lib/../lib/:/usr/lib/x86_64-linux-gnu/:/usr/lib/../lib/:/usr/lib/gcc/x86_64-linux-gnu/9/../../../:/lib/:/usr/lib/
COLLECT_GCC_OPTIONS='-v' '-o' 'CMakeFiles/cmTC_3dec1.dir/CMakeCXXCompilerABI.cpp.o' '-c' '-shared-libgcc' '-mtune=generic' '-march=x86-64'
Linking CXX executable cmTC_3dec1
/usr/bin/cmake -E cmake_link_script CMakeFiles/cmTC_3dec1.dir/link.txt --verbose=1
/usr/bin/c++      -v CMakeFiles/cmTC_3dec1.dir/CMakeCXXCompilerABI.cpp.o  -o cmTC_3dec1 
Using built-in specs.
COLLECT_GCC=/usr/bin/c++
COLLECT_LTO_WRAPPER=/usr/lib/gcc/x86_64-linux-gnu/9/lto-wrapper
OFFLOAD_TARGET_NAMES=nvptx-none:hsa
OFFLOAD_TARGET_DEFAULT=1
Target: x86_64-linux-gnu
Configured with: ../src/configure -v --with-pkgversion='Ubuntu 9.4.0-1ubuntu1~20.04.2' --with-bugurl=file:///usr/share/doc/gcc-9/README.Bugs --enable-languages=c,ada,c++,go,brig,d,fortran,objc,obj-c++,gm2 --prefix=/usr --with-gcc-major-version-only --program-suffix=-9 --program-prefix=x86_64-linux-gnu- --enable-shared --enable-linker-build-id --libexecdir=/usr/lib --without-included-gettext --enable-threads=posix --libdir=/usr/lib --enable-nls --enable-clocale=gnu --enable-libstdcxx-debug --enable-libstdcxx-time=yes --with-default-libstdcxx-abi=new --enable-gnu-unique-object --disable-vtable-verify --enable-plugin --enable-default-pie --with-system-zlib --with-target-system-zlib=auto --enable-objc-gc=auto --enable-multiarch --disable-werror --with-arch-32=i686 --with-abi=m64 --with-multilib-list=m32,m64,mx32 --enable-multilib --with-tune=generic --enable-offload-targets=nvptx-none=/build/gcc-9-9QDOt0/gcc-9-9.4.0/debian/tmp-nvptx/usr,hsa --without-cuda-driver --enable-checking=release --build=x86_64-linux-gnu --host=x86_64-linux-gnu --target=x86_64-linux-gnu
Thread model: posix
gcc version 9.4.0 (Ubuntu 9.4.0-1ubuntu1~20.04.2) 
COMPILER_PATH=/usr/lib/gcc/x86_64-linux-gnu/9/:/usr/lib/gcc/x86_64-linux-gnu/9/:/usr/lib/gcc/x86_64-linux-gnu/:/usr/lib/gcc/x86_64-linux-gnu/9/:/usr/lib/gcc/x86_64-linux-gnu/
LIBRARY_PATH=/usr/lib/gcc/x86_64-linux-gnu/9/:/usr/lib/gcc/x86_64-linux-gnu/9/../../../x86_64-linux-gnu/:/usr/lib/gcc/x86_64-linux-gnu/9/../../../../lib/:/lib/x86_64-linux-gnu/:/lib/../lib/:/usr/lib/x86_64-linux-gnu/:/usr/lib/../lib/:/usr/lib/gcc/x86_64-linux-gnu/9/../../../:/lib/:/usr/lib/
COLLECT_GCC_OPTIONS='-v' '-o' 'cmTC_3dec1' '-shared-libgcc' '-mtune=generic' '-march=x86-64'
 /usr/lib/gcc/x86_64-linux-gnu/9/collect2 -plugin /usr/lib/gcc/x86_64-linux-gnu/9/liblto_plugin.so -plugin-opt=/usr/lib/gcc/x86_64-linux-gnu/9/lto-wrapper -plugin-opt=-fresolution=/tmp/ccmtd1Si.res -plugin-opt=-pass-through=-lgcc_s -plugin-opt=-pass-through=-lgcc -plugin-opt=-pass-through=-lc -plugin-opt=-pass-through=-lgcc_s -plugin-opt=-pass-through=-lgcc --build-id --eh-frame-hdr -m elf_x86_64 --hash-style=gnu --as-needed -dynamic-linker /lib64/ld-linux-x86-64.so.2 -pie -z now -z relro -o cmTC_3dec1 /usr/lib/gcc/x86_64-linux-gnu/9/../../../x86_64-linux-gnu/Scrt1.o /usr/lib/gcc/x86_64-linux-gnu/9/../../../x86_64-linux-gnu/crti.o /usr/lib/gcc/x86_64-linux-gnu/9/crtbeginS.o -L/usr/lib/gcc/x86_64-linux-gnu/9 -L/usr/lib/gcc/x86_64-linux-gnu/9/../../../x86_64-linux-gnu -L/usr/lib/gcc/x86_64-linux-gnu/9/../../../../lib -L/lib/x86_64-linux-gnu -L/lib/../lib -L/usr/lib/x86_64-linux-gnu -L/usr/lib/../lib -L/usr/lib/gcc/x86_64-linux-gnu/9/../../.. CMakeFiles/cmTC_3dec1.dir/CMakeCXXCompilerABI.cpp.o -lstdc++ -lm -lgcc_s -lgcc -lc -lgcc_s -lgcc /usr/lib/gcc/x86_64-linux-gnu/9/crtendS.o /usr/lib/gcc/x86_64-linux-gnu/9/../../../x86_64-linux-gnu/crtn.o
COLLECT_GCC_OPTIONS='-v' '-o' 'cmTC_3dec1' '-shared-libgcc' '-mtune=generic' '-march=x86-64'
make[1]: Leaving directory '/workspace/code/motivo/build/CMakeFiles/CMakeTmp'



Parsed CXX implicit include dir info from above output: rv=done
  found start of include info
  found start of implicit include info
    add: [/usr/include/c++/9]
    add: [/usr/include/x86_64-linux-gnu/c++/9]
    add: [/usr/include/c++/9/backward]
    add: [/usr/lib/gcc/x86_64-linux-gnu/9/include]
    add: [/usr/local/include]
    add: [/usr/include/x86_64-linux-gnu]
    add: [/usr/include]
  end of search list found
  collapse include dir [/usr/include/c++/9] ==> [/usr/include/c++/9]
  collapse include dir [/usr/include/x86_64-linux-gnu/c++/9] ==> [/usr/include/x86_64-linux-gnu/c++/9]
  collapse include dir [/usr/include/c++/9/backward] ==> [/usr/include/c++/9/backward]
  collapse include dir [/usr/lib/gcc/x86_64-linux-gnu/9/include] ==> [/usr/lib/gcc/x86_64-linux-gnu/9/include]
  collapse include dir [/usr/local/include] ==> [/usr/local/include]
  collapse include dir [/usr/include/x86_64-linux-gnu] ==> [/usr/include/x86_64-linux-gnu]
  collapse include dir [/usr/include] ==> [/usr/include]
  implicit include dirs: [/usr/include/c++/9;/usr/include/x86_64-linux-gnu/c++/9;/usr/include/c++/9/backward;/usr/lib/gcc/x86_64-linux-gnu/9/include;/usr/local/include;/usr/include/x86_64-linux-gnu;/usr/include]


Parsed CXX implicit link information from above output:
  link line regex: [^( *|.*[/\])(ld|CMAKE_LINK_STARTFILE-NOTFOUND|([^/\]+-)?ld|collect2)[^/\]*( |$)]
  ignore line: [Change Dir: /workspace/code/motivo/build/CMakeFiles/CMakeTmp]
  ignore line: []
  ignore line: [Run Build Command(s):/usr/bin/make cmTC_3dec1/fast && /usr/bin/make -f CMakeFiles/cmTC_3dec1.dir/build.make CMakeFiles/cmTC_3dec1.dir/build]
  ignore line: [make[1]: Entering directory '/workspace/code/motivo/build/CMakeFiles/CMakeTmp']
  ignore line: [Building CXX object CMakeFiles/cmTC_3dec1.dir/CMakeCXXCompilerABI.cpp.o]
  ignore line: [/usr/bin/c++    -v -o CMakeFiles/cmTC_3dec1.dir/CMakeCXXCompilerABI.cpp.o -c /usr/share/cmake-3.16/Modules/CMakeCXXCompilerABI.cpp]
  ignore line: [Using built-in specs.]
  ignore line: [COLLECT_GCC=/usr/bin/c++]
  ignore line: [OFFLOAD_TARGET_NAMES=nvptx-none:hsa]
  ignore line: [OFFLOAD_TARGET_DEFAULT=1]
  ignore line: [Target: x86_64-linux-gnu]
  ignore line: [Configured with: ../src/configure -v --with-pkgversion='Ubuntu 9.4.0-1ubuntu1~20.04.2' --with-bugurl=file:///usr/share/doc/gcc-9/README.Bugs --enable-languages=c ada c++ go brig d fortran objc obj-c++ gm2 --prefix=/usr --with-gcc-major-version-only --program-suffix=-9 --program-prefix=x86_64-linux-gnu- --enable-shared --enable-linker-build-id --libexecdir=/usr/lib --without-included-gettext --enable-threads=posix --libdir=/usr/lib --enable-nls --enable-clocale=gnu --enable-libstdcxx-debug --enable-libstdcxx-time=yes --with-default-libstdcxx-abi=new --enable-gnu-unique-object --disable-vtable-verify --enable-plugin --enable-default-pie --with-system-zlib --with-target-system-zlib=auto --enable-objc-gc=auto --enable-multiarch --disable-werror --with-arch-32=i686 --with-abi=m64 --with-multilib-list=m32 m64 mx32 --enable-multilib --with-tune=generic --enable-offload-targets=nvptx-none=/build/gcc-9-9QDOt0/gcc-9-9.4.0/debian/tmp-nvptx/usr hsa --without-cuda-driver --enable-checking=release --build=x86_64-linux-gnu --host=x86_64-linux-gnu --target=x86_64-linux-gnu]
  ignore line: [Thread model: posix]
  ignore line: [gcc version 9.4.0 (Ubuntu 9.4.0-1ubuntu1~20.04.2) ]
  ignore line: [COLLECT_GCC_OPTIONS='-v' '-o' 'CMakeFiles/cmTC_3dec1.dir/CMakeCXXCompilerABI.cpp.o' '-c' '-shared-libgcc' '-mtune=generic' '-march=x86-64']
  ignore line: [ /usr/lib/gcc/x86_64-linux-gnu/9/cc1plus -quiet -v -imultiarch x86_64-linux-gnu -D_GNU_SOURCE /usr/share/cmake-3.16/Modules/CMakeCXXCompilerABI.cpp -quiet -dumpbase CMakeCXXCompilerABI.cpp -mtune=generic -march=x86-64 -auxbase-strip CMakeFiles/cmTC_3dec1.dir/CMakeCXXCompilerABI.cpp.o -version -fasynchronous-unwind-tables -fstack-protector-strong -Wformat -Wformat-security -fstack-clash-protection -fcf-protection -o /tmp/ccQHIM7Q.s]
  ignore line: [GNU C++14 (Ubuntu 9.4.0-1ubuntu1~20.04.2) version 9.4.0 (x86_64-linux-gnu)]
  ignore line: [	compiled by GNU C version 9.4.0  GMP version 6.2.0  MPFR version 4.0.2  MPC version 1.1.0  isl version isl-0.22.1-GMP]
  ignore line: []
  ignore line: [GGC heuristics: --param ggc-min-expand=100 --param ggc-min-heapsize=131072]
  ignore line: [ignoring duplicate directory "/usr/include/x86_64-linux-gnu/c++/9"]
  ignore line: [ignoring nonexistent directory "/usr/local/include/x86_64-linux-gnu"]
  ignore line: [ignoring nonexistent directory "/usr/lib/gcc/x86_64-linux-gnu/9/include-fixed"]
  ignore line: [ignoring nonexistent directory "/usr/lib/gcc/x86_64-linux-gnu/9/../../../../x86_64-linux-gnu/include"]
  ignore line: [#include "..." search starts here:]
  ignore line: [#include <...> search starts here:]
  ignore line: [ /usr/include/c++/9]
  ignore line: [ /usr/include/x86_64-linux-gnu/c++/9]
  ignore line: [ /usr/include/c++/9/backward]
  ignore line: [ /usr/lib/gcc/x86_64-linux-gnu/9/include]
  ignore line: [ /usr/local/include]
  ignore line: [ /usr/include/x86_64-linux-gnu]
  ignore line: [ /usr/include]
  ignore line: [End of search list.]
  ignore line: [GNU C++14 (Ubuntu 9.4.0-1ubuntu1~20.04.2) version 9.4.0 (x86_64-linux-gnu)]
  ignore line: [	compiled by GNU C version 9.4.0  GMP version 6.2.0  MPFR version 4.0.2  MPC version 1.1.0  isl version isl-0.22.1-GMP]
  ignore line: []
  ignore line: [GGC heuristics: --param ggc-min-expand=100 --param ggc-min-heapsize=131072]
  ignore line: [Compiler executable checksum: 3d1eba838554fa2348dba760e4770469]
  ignore line: [COLLECT_GCC_OPTIONS='-v' '-o' 'CMakeFiles/cmTC_3dec1.dir/CMakeCXXCompilerABI.cpp.o' '-c' '-shared-libgcc' '-mtune=generic' '-march=x86-64']
  ignore line: [ as -v --64 -o CMakeFiles/cmTC_3dec1.dir/CMakeCXXCompilerABI.cpp.o /tmp/ccQHIM7Q.s]
  ignore line: [GNU assembler version 2.34 (x86_64-linux-gnu) using BFD version (GNU Binutils for Ubuntu) 2.34]
  ignore line: [COMPILER_PATH=/usr/lib/gcc/x86_64-linux-gnu/9/:/usr/lib/gcc/x86_64-linux-gnu/9/:/usr/lib/gcc/x86_64-linux-gnu/:/usr/lib/gcc/x86_64-linux-gnu/9/:/usr/lib/gcc/x86_64-linux-gnu/]
  ignore line: [LIBRARY_PATH=/usr/lib/gcc/x86_64-linux-gnu/9/:/usr/lib/gcc/x86_64-linux-gnu/9/../../../x86_64-linux-gnu/:/usr/lib/gcc/x86_64-linux-gnu/9/../../../../lib/:/lib/x86_64-linux-gnu/:/lib/../lib/:/usr/lib/x86_64-linux-gnu/:/usr/lib/../lib/:/usr/lib/gcc/x86_64-linux-gnu/9/../../../:/lib/:/usr/lib/]
  ignore line: [COLLECT_GCC_OPTIONS='-v' '-o' 'CMakeFiles/cmTC_3dec1.dir/CMakeCXXCompilerABI.cpp.o' '-c' '-shared-libgcc' '-mtune=generic' '-march=x86-64']
  ignore line: [Linking CXX executable cmTC_3dec1]
  ignore line: [/usr/bin/cmake -E cmake_link_script CMakeFiles/cmTC_3dec1.dir/link.txt --verbose=1]
  ignore line: [/usr/bin/c++      -v CMakeFiles/cmTC_3dec1.dir/CMakeCXXCompilerABI.cpp.o  -o cmTC_3dec1 ]
  ignore line: [Using built-in specs.]
  ignore line: [COLLECT_GCC=/usr/bin/c++]
  ignore line: [COLLECT_LTO_WRAPPER=/usr/lib/gcc/x86_64-linux-gnu/9/lto-wrapper]
  ignore line: [OFFLOAD_TARGET_NAMES=nvptx-none:hsa]
  ignore line: [OFFLOAD_TARGET_DEFAULT=1]
  ignore line: [Target: x86_64-linux-gnu]
  ignore line: [Configured with: ../src/configure -v --with-pkgversion='Ubuntu 9.4.0-1ubuntu1~20.04.2' --with-bugurl=file:///usr/share/doc/gcc-9/README.Bugs --enable-languages=c ada c++ go brig d fortran objc obj-c++ gm2 --prefix=/usr --with-gcc-major-version-only --program-suffix=-9 --program-prefix=x86_64-linux-gnu- --enable-shared --enable-linker-build-id --libexecdir=/usr/lib --without-included-gettext --enable-threads=posix --libdir=/usr/lib --enable-nls --enable-clocale=gnu --enable-libstdcxx-debug --enable-libstdcxx-time=yes --with-default-libstdcxx-abi=new --enable-gnu-unique-object --disable-vtable-verify --enable-plugin --enable-default-pie --with-system-zlib --with-target-system-zlib=auto --enable-objc-gc=auto --enable-multiarch --disable-werror --with-arch-32=i686 --with-abi=m64 --with-multilib-list=m32 m64 mx32 --enable-multilib --with-tune=generic --enable-offload-targets=nvptx-none=/build/gcc-9-9QDOt0/gcc-9-9.4.0/debian/tmp-nvptx/usr hsa --without-cuda-driver --enable-checking=release --build=x86_64-linux-gnu --host=x86_64-linux-gnu --target=x86_64-linux-gnu]
  ignore line: [Thread model: posix]
  ignore line: [gcc version 9.4.0 (Ubuntu 9.4.0-1ubuntu1~20.04.2) ]
  ignore line: [COMPILER_PATH=/usr/lib/gcc/x86_64-linux-gnu/9/:/usr/lib/gcc/x86_64-linux-gnu/9/:/usr/lib/gcc/x86_64-linux-gnu/:/usr/lib/gcc/x86_64-linux-gnu/9/:/usr/lib/gcc/x86_64-linux-gnu/]
  ignore line: [LIBRARY_PATH=/usr/lib/gcc/x86_64-linux-gnu/9/:/usr/lib/gcc/x86_64-linux-gnu/9/../../../x86_64-linux-gnu/:/usr/lib/gcc/x86_64-linux-gnu/9/../../../../lib/:/lib/x86_64-linux-gnu/:/lib/../lib/:/usr/lib/x86_64-linux-gnu/:/usr/lib/../lib/:/usr/lib/gcc/x86_64-linux-gnu/9/../../../:/lib/:/usr/lib/]
  ignore line: [COLLECT_GCC_OPTIONS='-v' '-o' 'cmTC_3dec1' '-shared-libgcc' '-mtune=generic' '-march=x86-64']
  link line: [ /usr/lib/gcc/x86_64-linux-gnu/9/collect2 -plugin /usr/lib/gcc/x86_64-linux-gnu/9/liblto_plugin.so -plugin-opt=/usr/lib/gcc/x86_64-linux-gnu/9/lto-wrapper -plugin-opt=-fresolution=/tmp/ccmtd1Si.res -plugin-opt=-pass-through=-lgcc_s -plugin-opt=-pass-through=-lgcc -plugin-opt=-pass-through=-lc -plugin-opt=-pass-through=-lgcc_s -plugin-opt=-pass-through=-lgcc --build-id --eh-frame-hdr -m elf_x86_64 --hash-style=gnu --as-needed -dynamic-linker /lib64/ld-linux-x86-64.so.2 -pie -z now -z relro -o cmTC_3dec1 /usr/lib/gcc/x86_64-linux-gnu/9/../../../x86_64-linux-gnu/Scrt1.o /usr/lib/gcc/x86_64-linux-gnu/9/../../../x86_64-linux-gnu/crti.o /usr/lib/gcc/x86_64-linux-gnu/9/crtbeginS.o -L/usr/lib/gcc/x86_64-linux-gnu/9 -L/usr/lib/gcc/x86_64-linux-gnu/9/../../../x86_64-linux-gnu -L/usr/lib/gcc/x86_64-linux-gnu/9/../../../../lib -L/lib/x86_64-linux-gnu -L/lib/../lib -L/usr/lib/x86_64-linux-gnu -L/usr/lib/../lib -L/usr/lib/gcc/x86_64-linux-gnu/9/../../.. CMakeFiles/cmTC_3dec1.dir/CMakeCXXCompilerABI.cpp.o -lstdc++ -lm -lgcc_s -lgcc -lc -lgcc_s -lgcc /usr/lib/gcc/x86_64-linux-gnu/9/crtendS.o /usr/lib/gcc/x86_64-linux-gnu/9/../../../x86_64-linux-gnu/crtn.o]
    arg [/usr/lib/gcc/x86_64-linux-gnu/9/collect2] ==> ignore
    arg [-plugin] ==> ignore
    arg [/usr/lib/gcc/x86_64-linux-gnu/9/liblto_plugin.so] ==> ignore
    arg [-plugin-opt=/usr/lib/gcc/x86_64-linux-gnu/9/lto-wrapper] ==> ignore
    arg [-plugin-opt=-fresolution=/tmp/ccmtd1Si.res] ==> ignore
    arg [-plugin-opt=-pass-through=-lgcc_s] ==> ignore
    arg [-plugin-opt=-pass-through=-lgcc] ==> ignore
    arg [-plugin-opt=-pass-through=-lc] ==> ignore
    arg [-plugin-opt=-pass-through=-lgcc_s] ==> ignore
    arg [-plugin-opt=-pass-through=-lgcc] ==> ignore
    arg [--build-id] ==> ignore
    arg [--eh-frame-hdr] ==> ignore
    arg [-m] ==> ignore
    arg [elf_x86_64] ==> ignore
    arg [--hash-style=gnu] ==> ignore
    arg [--as-needed] ==> ignore
    arg [-dynamic-linker] ==> ignore
    arg [/lib64/ld-linux-x86-64.so.2] ==> ignore
    arg [-pie] ==> ignore
    arg [-znow] ==> ignore
    arg [-zrelro] ==> ignore
    arg [-o] ==> ignore
    arg [cmTC_3dec1] ==> ignore
    arg [/usr/lib/gcc/x86_64-linux-gnu/9/../../../x86_64-linux-gnu/Scrt1.o] ==> ignore
    arg [/usr/lib/gcc/x86_64-linux-gnu/9/../../../x86_64-linux-gnu/crti.o] ==> ignore
    arg [/usr/lib/gcc/x86_64-linux-gnu/9/crtbeginS.o] ==> ignore
    arg [-L/usr/lib/gcc/x86_64-linux-gnu/9] ==> dir [/usr/lib/gcc/x86_64-linux-gnu/9]
    arg [-L/usr/lib/gcc/x86_64-linux-gnu/9/../../../x86_64-linux-gnu] ==> dir [/usr/lib/gcc/x86_64-linux-gnu/9/../../../x86_64-linux-gnu]
    arg [-L/usr/lib/gcc/x86_64-linux-gnu/9/../../../../lib] ==> dir [/usr/lib/gcc/x86_64-linux-gnu/9/../../../../lib]
    arg [-L/lib/x86_64-linux-gnu] ==> dir [/lib/x86_64-linux-gnu]
    arg [-L/lib/../lib] ==> dir [/lib/../lib]
    arg [-L/usr/lib/x86_64-linux-gnu] ==> dir [/usr/lib/x86_64-linux-gnu]
    arg [-L/usr/lib/../lib] ==> dir [/usr/lib/../lib]
    arg [-L/usr/lib/gcc/x86_64-linux-gnu/9/../../..] ==> dir [/usr/lib/gcc/x86_64-linux-gnu/9/../../..]
    arg [CMakeFiles/cmTC_3dec1.dir/CMakeCXXCompilerABI.cpp.o] ==> ignore
    arg [-lstdc++] ==> lib [stdc++]
    arg [-lm] ==> lib [m]
    arg [-lgcc_s] ==> lib [gcc_s]
    arg [-lgcc] ==> lib [gcc]
    arg [-lc] ==> lib [c]
    arg [-lgcc_s] ==> lib [gcc_s]
    arg [-lgcc] ==> lib [gcc]
    arg [/usr/lib/gcc/x86_64-linux-gnu/9/crtendS.o] ==> ignore
    arg [/usr/lib/gcc/x86_64-linux-gnu/9/../../../x86_64-linux-gnu/crtn.o] ==> ignore
  collapse library dir [/usr/lib/gcc/x86_64-linux-gnu/9] ==> [/usr/lib/gcc/x86_64-linux-gnu/9]
  collapse library dir [/usr/lib/gcc/x86_64-linux-gnu/9/../../../x86_64-linux-gnu] ==> [/usr/lib/x86_64-linux-gnu]
  collapse library dir [/usr/lib/gcc/x86_64-linux-gnu/9/../../../../lib] ==> [/usr/lib]
  collapse library dir [/lib/x86_64-linux-gnu] ==> [/lib/x86_64-linux-gnu]
  collapse library dir [/lib/../lib] ==> [/lib]
  collapse library dir [/usr/lib/x86_64-linux-gnu] ==> [/usr/lib/x86_64-linux-gnu]
  collapse library dir [/usr/lib/../lib] ==> [/usr/lib]
  collapse library dir [/usr/lib/gcc/x86_64-linux-gnu/9/../../..] ==> [/usr/lib]
  implicit libs: [stdc++;m;gcc_s;gcc;c;gcc_s;gcc]
  implicit dirs: [/usr/lib/gcc/x86_64-linux-gnu/9;/usr/lib/x86_64-linux-gnu;/usr/lib;/lib/x86_64-linux-gnu;/lib]
  implicit fwks: []


Performing C++ SOURCE FILE Test MOTIVO_HAS_BUILTIN_POPCOUNT succeeded with the following output:
Change Dir: /workspace/code/motivo/build/CMakeFiles/CMakeTmp

Run Build Command(s):/usr/bin/make cmTC_fda1e/fast && /usr/bin/make -f CMakeFiles/cmTC_fda1e.dir/build.make CMakeFiles/cmTC_fda1e.dir/build
make[1]: Entering directory '/workspace/code/motivo/build/CMakeFiles/CMakeTmp'
Building CXX object CMakeFiles/cmTC_fda1e.dir/src.cxx.o
/usr/bin/c++    -Wconversion -Wall -Wextra -Wpedantic -pedantic-errors -Wdisabled-optimization -Wfloat-equal -Wold-style-cast -Wsign-conversion -Winline -Wzero-as-null-pointer-constant -Wuseless-cast -Wno-zero-as-null-pointer-constant -Wno-unknown-warning-option -DMOTIVO_HAS_BUILTIN_POPCOUNT   -std=gnu++17 -o CMakeFiles/cmTC_fda1e.dir/src.cxx.o -c /workspace/code/motivo/build/CMakeFiles/CMakeTmp/src.cxx
/workspace/code/motivo/build/CMakeFiles/CMakeTmp/src.cxx: In function 'int main()':
/workspace/code/motivo/build/CMakeFiles/CMakeTmp/src.cxx:1:32: warning: statement has no effect [-Wunused-value]
    1 | int main() { __builtin_popcount(0xFFFFFFFF); return 0; }
      |              ~~~~~~~~~~~~~~~~~~^~~~~~~~~~~~
At global scope:
cc1plus: warning: unrecognized command line option '-Wno-unknown-warning-option'
Linking CXX executable cmTC_fda1e
/usr/bin/cmake -E cmake_link_script CMakeFiles/cmTC_fda1e.dir/link.txt --verbose=1
/usr/bin/c++   -Wconversion -Wall -Wextra -Wpedantic -pedantic-errors -Wdisabled-optimization -Wfloat-equal -Wold-style-cast -Wsign-conversion -Winline -Wzero-as-null-pointer-constant -Wuseless-cast -Wno-zero-as-null-pointer-constant -Wno-unknown-warning-option -DMOTIVO_HAS_BUILTIN_POPCOUNT    CMakeFiles/cmTC_fda1e.dir/src.cxx.o  -o cmTC_fda1e 
make[1]: Leaving directory '/workspace/code/motivo/build/CMakeFiles/CMakeTmp'


Source file was:
int main() { __builtin_popcount(0xFFFFFFFF); return 0; } 
Performing C++ SOURCE FILE Test MOTIVO_HAS_BUILTIN_POPCOUNTL succeeded with the following output:
Change Dir: /workspace/code/motivo/build/CMakeFiles/CMakeTmp

Run Build Command(s):/usr/bin/make cmTC_66151/fast && /usr/bin/make -f CMakeFiles/cmTC_66151.dir/build.make CMakeFiles/cmTC_66151.dir/build
make[1]: Entering directory '/workspace/code/motivo/build/CMakeFiles/CMakeTmp'
Building CXX object CMakeFiles/cmTC_66151.dir/src.cxx.o
/usr/bin/c++    -Wconversion -Wall -Wextra -Wpedantic -pedantic-errors -Wdisabled-optimization -Wfloat-equal -Wold-style-cast -Wsign-conversion -Winline -Wzero-as-null-pointer-constant -Wuseless-cast -Wno-zero-as-null-pointer-constant -Wno-unknown-warning-option -DMOTIVO_HAS_BUILTIN_POPCOUNTL   -std=gnu++17 -o CMakeFiles/cmTC_66151.dir/src.cxx.o -c /workspace/code/motivo/build/CMakeFiles/CMakeTmp/src.cxx
/workspace/code/motivo/build/CMakeFiles/CMakeTmp/src.cxx: In function 'int main()':
/workspace/code/motivo/build/CMakeFiles/CMakeTmp/src.cxx:1:33: warning: statement has no effect [-Wunused-value]
    1 | int main() { __builtin_popcountl(0xFFFFFFFF); return 0; }
      |              ~~~~~~~~~~~~~~~~~~~^~~~~~~~~~~~
At global scope:
cc1plus: warning: unrecognized command line option '-Wno-unknown-warning-option'
Linking CXX executable cmTC_66151
/usr/bin/cmake -E cmake_link_script CMakeFiles/cmTC_66151.dir/link.txt --verbose=1
/usr/bin/c++   -Wconversion -Wall -Wextra -Wpedantic -pedantic-errors -Wdisabled-optimization -Wfloat-equal -Wold-style-cast -Wsign-conversion -Winline -Wzero-as-null-pointer-constant -Wuseless-cast -Wno-zero-as-null-pointer-constant -Wno-unknown-warning-option -DMOTIVO_HAS_BUILTIN_POPCOUNTL    CMakeFiles/cmTC_66151.dir/src.cxx.o  -o cmTC_66151 
make[1]: Leaving directory '/workspace/code/motivo/build/CMakeFiles/CMakeTmp'


Source file was:
int main() { __builtin_popcountl(0xFFFFFFFF); return 0; } 
Performing C++ SOURCE FILE Test MOTIVO_HAS_BUILTIN_ADD_OVERFLOW succeeded with the following output:
Change Dir: /workspace/code/motivo/build/CMakeFiles/CMakeTmp

Run Build Command(s):/usr/bin/make cmTC_95f9b/fast && /usr/bin/make -f CMakeFiles/cmTC_95f9b.dir/build.make CMakeFiles/cmTC_95f9b.dir/build
make[1]: Entering directory '/workspace/code/motivo/build/CMakeFiles/CMakeTmp'
Building CXX object CMakeFiles/cmTC_95f9b.dir/src.cxx.o
/usr/bin/c++    -Wconversion -Wall -Wextra -Wpedantic -pedantic-errors -Wdisabled-optimization -Wfloat-equal -Wold-style-cast -Wsign-conversion -Winline -Wzero-as-null-pointer-constant -Wuseless-cast -Wno-zero-as-null-pointer-constant -Wno-unknown-warning-option -DMOTIVO_HAS_BUILTIN_ADD_OVERFLOW   -std=gnu++17 -o CMakeFiles/cmTC_95f9b.dir/src.cxx.o -c /workspace/code/motivo/build/CMakeFiles/CMakeTmp/src.cxx
Linking CXX executable cmTC_95f9b
/usr/bin/cmake -E cmake_link_script CMakeFiles/cmTC_95f9b.dir/link.txt --verbose=1
/usr/bin/c++   -Wconversion -Wall -Wextra -Wpedantic -pedantic-errors -Wdisabled-optimization -Wfloat-equal -Wold-style-cast -Wsign-conversion -Winline -Wzero-as-null-pointer-constant -Wuseless-cast -Wno-zero-as-null-pointer-constant -Wno-unknown-warning-option -DMOTIVO_HAS_BUILTIN_ADD_OVERFLOW    CMakeFiles/cmTC_95f9b.dir/src.cxx.o  -o cmTC_95f9b 
make[1]: Leaving directory '/workspace/code/motivo/build/CMakeFiles/CMakeTmp'


Source file was:
int main() { int a; __builtin_add_overflow(0, 0, &a); return 0; } 
Performing C++ SOURCE FILE Test MOTIVO_HAS_BUILTIN_MUL_OVERFLOW succeeded with the following output:
Change Dir: /workspace/code/motivo/build/CMakeFiles/CMakeTmp

Run Build Command(s):/usr/bin/make cmTC_a1b9c/fast && /usr/bin/make -f CMakeFiles/cmTC_a1b9c.dir/build.make CMakeFiles/cmTC_a1b9c.dir/build
make[1]: Entering directory '/workspace/code/motivo/build/CMakeFiles/CMakeTmp'
Building CXX object CMakeFiles/cmTC_a1b9c.dir/src.cxx.o
/usr/bin/c++    -Wconversion -Wall -Wextra -Wpedantic -pedantic-errors -Wdisabled-optimization -Wfloat-equal -Wold-style-cast -Wsign-conversion -Winline -Wzero-as-null-pointer-constant -Wuseless-cast -Wno-zero-as-null-pointer-constant -Wno-unknown-warning-option -DMOTIVO_HAS_BUILTIN_MUL_OVERFLOW   -std=gnu++17 -o CMakeFiles/cmTC_a1b9c.dir/src.cxx.o -c /workspace/code/motivo/build/CMakeFiles/CMakeTmp/src.cxx
Linking CXX executable cmTC_a1b9c
/usr/bin/cmake -E cmake_link_script CMakeFiles/cmTC_a1b9c.dir/link.txt --verbose=1
/usr/bin/c++   -Wconversion -Wall -Wextra -Wpedantic -pedantic-errors -Wdisabled-optimization -Wfloat-equal -Wold-style-cast -Wsign-conversion -Winline -Wzero-as-null-pointer-constant -Wuseless-cast -Wno-zero-as-null-pointer-constant -Wno-unknown-warning-option -DMOTIVO_HAS_BUILTIN_MUL_OVERFLOW    CMakeFiles/cmTC_a1b9c.dir/src.cxx.o  -o cmTC_a1b9c 
make[1]: Leaving directory '/workspace/code/motivo/build/CMakeFiles/CMakeTmp'


Source file was:
int main() { int a; __builtin_mul_overflow(0, 0, &a); return 0; } 
Determining if the include file sys/types.h exists passed with the following output:
Change Dir: /workspace/code/motivo/build/CMakeFiles/CMakeTmp

Run Build Command(s):/usr/bin/make cmTC_a3e96/fast && /usr/bin/make -f CMakeFiles/cmTC_a3e96.dir/build.make CMakeFiles/cmTC_a3e96.dir/build
make[1]: Entering directory '/workspace/code/motivo/build/CMakeFiles/CMakeTmp'
Building CXX object CMakeFiles/cmTC_a3e96.dir/CheckIncludeFile.cxx.o
/usr/bin/c++    -Wconversion -Wall -Wextra -Wpedantic -pedantic-errors -Wdisabled-optimization -Wfloat-equal -Wold-style-cast -Wsign-conversion -Winline -Wzero-as-null-pointer-constant -Wuseless-cast -Wno-zero-as-null-pointer-constant -Wno-unknown-warning-option    -std=gnu++17 -o CMakeFiles/cmTC_a3e96.dir/CheckIncludeFile.cxx.o -c /workspace/code/motivo/build/CMakeFiles/CMakeTmp/CheckIncludeFile.cxx
Linking CXX executable cmTC_a3e96
/usr/bin/cmake -E cmake_link_script CMakeFiles/cmTC_a3e96.dir/link.txt --verbose=1
/usr/bin/c++   -Wconversion -Wall -Wextra -Wpedantic -pedantic-errors -Wdisabled-optimization -Wfloat-equal -Wold-style-cast -Wsign-conversion -Winline -Wzero-as-null-pointer-constant -Wuseless-cast -Wno-zero-as-null-pointer-constant -Wno-unknown-warning-option     CMakeFiles/cmTC_a3e96.dir/CheckIncludeFile.cxx.o  -o cmTC_a3e96 
make[1]: Leaving directory '/workspace/code/motivo/build/CMakeFiles/CMakeTmp'



Determining if the include file stdint.h exists passed with the following output:
Change Dir: /workspace/code/motivo/build/CMakeFiles/CMakeTmp

Run Build Command(s):/usr/bin/make cmTC_f27e4/fast && /usr/bin/make -f CMakeFiles/cmTC_f27e4.dir/build.make CMakeFiles/cmTC_f27e4.dir/build
make[1]: Entering directory '/workspace/code/motivo/build/CMakeFiles/CMakeTmp'
Building CXX object CMakeFiles/cmTC_f27e4.dir/CheckIncludeFile.cxx.o
/usr/bin/c++    -Wconversion -Wall -Wextra -Wpedantic -pedantic-errors -Wdisabled-optimization -Wfloat-equal -Wold-style-cast -Wsign-conversion -Winline -Wzero-as-null-pointer-constant -Wuseless-cast -Wno-zero-as-null-pointer-constant -Wno-unknown-warning-option    -std=gnu++17 -o CMakeFiles/cmTC_f27e4.dir/CheckIncludeFile.cxx.o -c /workspace/code/motivo/build/CMakeFiles/CMakeTmp/CheckIncludeFile.cxx
Linking CXX executable cmTC_f27e4
/usr/bin/cmake -E cmake_link_script CMakeFiles/cmTC_f27e4.dir/link.txt --verbose=1
/usr/bin/c++   -Wconversion -Wall -Wextra -Wpedantic -pedantic-errors -Wdisabled-optimization -Wfloat-equal -Wold-style-cast -Wsign-conversion -Winline -Wzero-as-null-pointer-constant -Wuseless-cast -Wno-zero-as-null-pointer-constant -Wno-unknown-warning-option     CMakeFiles/cmTC_f27e4.dir/CheckIncludeFile.cxx.o  -o cmTC_f27e4 
make[1]: Leaving directory '/workspace/code/motivo/build/CMakeFiles/CMakeTmp'



Determining if the include file stddef.h exists passed with the following output:
Change Dir: /workspace/code/motivo/build/CMakeFiles/CMakeTmp

Run Build Command(s):/usr/bin/make cmTC_a14d4/fast && /usr/bin/make -f CMakeFiles/cmTC_a14d4.dir/build.make CMakeFiles/cmTC_a14d4.dir/build
make[1]: Entering directory '/workspace/code/motivo/build/CMakeFiles/CMakeTmp'
Building CXX object CMakeFiles/cmTC_a14d4.dir/CheckIncludeFile.cxx.o
/usr/bin/c++    -Wconversion -Wall -Wextra -Wpedantic -pedantic-errors -Wdisabled-optimization -Wfloat-equal -Wold-style-cast -Wsign-conversion -Winline -Wzero-as-null-pointer-constant -Wuseless-cast -Wno-zero-as-null-pointer-constant -Wno-unknown-warning-option    -std=gnu++17 -o CMakeFiles/cmTC_a14d4.dir/CheckIncludeFile.cxx.o -c /workspace/code/motivo/build/CMakeFiles/CMakeTmp/CheckIncludeFile.cxx
Linking CXX executable cmTC_a14d4
/usr/bin/cmake -E cmake_link_script CMakeFiles/cmTC_a14d4.dir/link.txt --verbose=1
/usr/bin/c++   -Wconversion -Wall -Wextra -Wpedantic -pedantic-errors -Wdisabled-optimization -Wfloat-equal -Wold-style-cast -Wsign-conversion -Winline -Wzero-as-null-pointer-constant -Wuseless-cast -Wno-zero-as-null-pointer-constant -Wno-unknown-warning-option     CMakeFiles/cmTC_a14d4.dir/CheckIncludeFile.cxx.o  -o cmTC_a14d4 
make[1]: Leaving directory '/workspace/code/motivo/build/CMakeFiles/CMakeTmp'



Determining size of short passed with the following output:
Change Dir: /workspace/code/motivo/build/CMakeFiles/CMakeTmp

Run Build Command(s):/usr/bin/make cmTC_83bce/fast && /usr/bin/make -f CMakeFiles/cmTC_83bce.dir/build.make CMakeFiles/cmTC_83bce.dir/build
make[1]: Entering directory '/workspace/code/motivo/build/CMakeFiles/CMakeTmp'
Building CXX object CMakeFiles/cmTC_83bce.dir/MOTIVO_SHORT_SIZE.cpp.o
/usr/bin/c++    -Wconversion -Wall -Wextra -Wpedantic -pedantic-errors -Wdisabled-optimization -Wfloat-equal -Wold-style-cast -Wsign-conversion -Winline -Wzero-as-null-pointer-constant -Wuseless-cast -Wno-zero-as-null-pointer-constant -Wno-unknown-warning-option    -std=gnu++17 -o CMakeFiles/cmTC_83bce.dir/MOTIVO_SHORT_SIZE.cpp.o -c /workspace/code/motivo/build/CMakeFiles/CheckTypeSize/MOTIVO_SHORT_SIZE.cpp
Linking CXX executable cmTC_83bce
/usr/bin/cmake -E cmake_link_script CMakeFiles/cmTC_83bce.dir/link.txt --verbose=1
/usr/bin/c++   -Wconversion -Wall -Wextra -Wpedantic -pedantic-errors -Wdisabled-optimization -Wfloat-equal -Wold-style-cast -Wsign-conversion -Winline -Wzero-as-null-pointer-constant -Wuseless-cast -Wno-zero-as-null-pointer-constant -Wno-unknown-warning-option     CMakeFiles/cmTC_83bce.dir/MOTIVO_SHORT_SIZE.cpp.o  -o cmTC_83bce 
make[1]: Leaving directory '/workspace/code/motivo/build/CMakeFiles/CMakeTmp'



Determining size of int passed with the following output:
Change Dir: /workspace/code/motivo/build/CMakeFiles/CMakeTmp

Run Build Command(s):/usr/bin/make cmTC_b393b/fast && /usr/bin/make -f CMakeFiles/cmTC_b393b.dir/build.make CMakeFiles/cmTC_b393b.dir/build
make[1]: Entering directory '/workspace/code/motivo/build/CMakeFiles/CMakeTmp'
Building CXX object CMakeFiles/cmTC_b393b.dir/MOTIVO_INT_SIZE.cpp.o
/usr/bin/c++    -Wconversion -Wall -Wextra -Wpedantic -pedantic-errors -Wdisabled-optimization -Wfloat-equal -Wold-style-cast -Wsign-conversion -Winline -Wzero-as-null-pointer-constant -Wuseless-cast -Wno-zero-as-null-pointer-constant -Wno-unknown-warning-option    -std=gnu++17 -o CMakeFiles/cmTC_b393b.dir/MOTIVO_INT_SIZE.cpp.o -c /workspace/code/motivo/build/CMakeFiles/CheckTypeSize/MOTIVO_INT_SIZE.cpp
Linking CXX executable cmTC_b393b
/usr/bin/cmake -E cmake_link_script CMakeFiles/cmTC_b393b.dir/link.txt --verbose=1
/usr/bin/c++   -Wconversion -Wall -Wextra -Wpedantic -pedantic-errors -Wdisabled-optimization -Wfloat-equal -Wold-style-cast -Wsign-conversion -Winline -Wzero-as-null-pointer-constant -Wuseless-cast -Wno-zero-as-null-pointer-constant -Wno-unknown-warning-option     CMakeFiles/cmTC_b393b.dir/MOTIVO_INT_SIZE.cpp.o  -o cmTC_b393b 
make[1]: Leaving directory '/workspace/code/motivo/build/CMakeFiles/CMakeTmp'



Determining size of long passed with the following output:
Change Dir: /workspace/code/motivo/build/CMakeFiles/CMakeTmp

Run Build Command(s):/usr/bin/make cmTC_cd85a/fast && /usr/bin/make -f CMakeFiles/cmTC_cd85a.dir/build.make CMakeFiles/cmTC_cd85a.dir/build
make[1]: Entering directory '/workspace/code/motivo/build/CMakeFiles/CMakeTmp'
Building CXX object CMakeFiles/cmTC_cd85a.dir/MOTIVO_LONG_SIZE.cpp.o
/usr/bin/c++    -Wconversion -Wall -Wextra -Wpedantic -pedantic-errors -Wdisabled-optimization -Wfloat-equal -Wold-style-cast -Wsign-conversion -Winline -Wzero-as-null-pointer-constant -Wuseless-cast -Wno-zero-as-null-pointer-constant -Wno-unknown-warning-option    -std=gnu++17 -o CMakeFiles/cmTC_cd85a.dir/MOTIVO_LONG_SIZE.cpp.o -c /workspace/code/motivo/build/CMakeFiles/CheckTypeSize/MOTIVO_LONG_SIZE.cpp
Linking CXX executable cmTC_cd85a
/usr/bin/cmake -E cmake_link_script CMakeFiles/cmTC_cd85a.dir/link.txt --verbose=1
/usr/bin/c++   -Wconversion -Wall -Wextra -Wpedantic -pedantic-errors -Wdisabled-optimization -Wfloat-equal -Wold-style-cast -Wsign-conversion -Winline -Wzero-as-null-pointer-constant -Wuseless-cast -Wno-zero-as-null-pointer-constant -Wno-unknown-warning-option     CMakeFiles/cmTC_cd85a.dir/MOTIVO_LONG_SIZE.cpp.o  -o cmTC_cd85a 
make[1]: Leaving directory '/workspace/code/motivo/build/CMakeFiles/CMakeTmp'



Determining size of long long passed with the following output:
Change Dir: /workspace/code/motivo/build/CMakeFiles/CMakeTmp

Run Build Command(s):/usr/bin/make cmTC_2c4db/fast && /usr/bin/make -f CMakeFiles/cmTC_2c4db.dir/build.make CMakeFiles/cmTC_2c4db.dir/build
make[1]: Entering directory '/workspace/code/motivo/build/CMakeFiles/CMakeTmp'
Building CXX object CMakeFiles/cmTC_2c4db.dir/MOTIVO_LONG_LONG_SIZE.cpp.o
/usr/bin/c++    -Wconversion -Wall -Wextra -Wpedantic -pedantic-errors -Wdisabled-optimization -Wfloat-equal -Wold-style-cast -Wsign-conversion -Winline -Wzero-as-null-pointer-constant -Wuseless-cast -Wno-zero-as-null-pointer-constant -Wno-unknown-warning-option    -std=gnu++17 -o CMakeFiles/cmTC_2c4db.dir/MOTIVO_LONG_LONG_SIZE.cpp.o -c /workspace/code/motivo/build/CMakeFiles/CheckTypeSize/MOTIVO_LONG_LONG_SIZE.cpp
Linking CXX executable cmTC_2c4db
/usr/bin/cmake -E cmake_link_script CMakeFiles/cmTC_2c4db.dir/link.txt --verbose=1
/usr/bin/c++   -Wconversion -Wall -Wextra -Wpedantic -pedantic-errors -Wdisabled-optimization -Wfloat-equal -Wold-style-cast -Wsign-conversion -Winline -Wzero-as-null-pointer-constant -Wuseless-cast -Wno-zero-as-null-pointer-constant -Wno-unknown-warning-option     CMakeFiles/cmTC_2c4db.dir/MOTIVO_LONG_LONG_SIZE.cpp.o  -o cmTC_2c4db 
make[1]: Leaving directory '/workspace/code/motivo/build/CMakeFiles/CMakeTmp'



Determining size of uint64_t passed with the following output:
Change Dir: /workspace/code/motivo/build/CMakeFiles/CMakeTmp

Run Build Command(s):/usr/bin/make cmTC_8e7be/fast && /usr/bin/make -f CMakeFiles/cmTC_8e7be.dir/build.make CMakeFiles/cmTC_8e7be.dir/build
make[1]: Entering directory '/workspace/code/motivo/build/CMakeFiles/CMakeTmp'
Building C object CMakeFiles/cmTC_8e7be.dir/MOTIVO_HAS_UINT64_T.c.o
/usr/bin/cc    -o CMakeFiles/cmTC_8e7be.dir/MOTIVO_HAS_UINT64_T.c.o   -c /workspace/code/motivo/build/CMakeFiles/CheckTypeSize/MOTIVO_HAS_UINT64_T.c
Linking C executable cmTC_8e7be
/usr/bin/cmake -E cmake_link_script CMakeFiles/cmTC_8e7be.dir/link.txt --verbose=1
/usr/bin/cc      CMakeFiles/cmTC_8e7be.dir/MOTIVO_HAS_UINT64_T.c.o  -o cmTC_8e7be 
make[1]: Leaving directory '/workspace/code/motivo/build/CMakeFiles/CMakeTmp'



Determining size of __uint128_t passed with the following output:
Change Dir: /workspace/code/motivo/build/CMakeFiles/CMakeTmp

Run Build Command(s):/usr/bin/make cmTC_9f585/fast && /usr/bin/make -f CMakeFiles/cmTC_9f585.dir/build.make CMakeFiles/cmTC_9f585.dir/build
make[1]: Entering directory '/workspace/code/motivo/build/CMakeFiles/CMakeTmp'
Building C object CMakeFiles/cmTC_9f585.dir/MOTIVO_HAS___UINT128_T.c.o
/usr/bin/cc    -o CMakeFiles/cmTC_9f585.dir/MOTIVO_HAS___UINT128_T.c.o   -c /workspace/code/motivo/build/CMakeFiles/CheckTypeSize/MOTIVO_HAS___UINT128_T.c
Linking C executable cmTC_9f585
/usr/bin/cmake -E cmake_link_script CMakeFiles/cmTC_9f585.dir/link.txt --verbose=1
/usr/bin/cc      CMakeFiles/cmTC_9f585.dir/MOTIVO_HAS___UINT128_T.c.o  -o cmTC_9f585 
make[1]: Leaving directory '/workspace/code/motivo/build/CMakeFiles/CMakeTmp'



Determining if the include file pthread.h exists passed with the following output:
Change Dir: /workspace/code/motivo/build/CMakeFiles/CMakeTmp

Run Build Command(s):/usr/bin/make cmTC_411e7/fast && /usr/bin/make -f CMakeFiles/cmTC_411e7.dir/build.make CMakeFiles/cmTC_411e7.dir/build
make[1]: Entering directory '/workspace/code/motivo/build/CMakeFiles/CMakeTmp'
Building C object CMakeFiles/cmTC_411e7.dir/CheckIncludeFile.c.o
/usr/bin/cc    -o CMakeFiles/cmTC_411e7.dir/CheckIncludeFile.c.o   -c /workspace/code/motivo/build/CMakeFiles/CMakeTmp/CheckIncludeFile.c
Linking C executable cmTC_411e7
/usr/bin/cmake -E cmake_link_script CMakeFiles/cmTC_411e7.dir/link.txt --verbose=1
/usr/bin/cc      CMakeFiles/cmTC_411e7.dir/CheckIncludeFile.c.o  -o cmTC_411e7 
make[1]: Leaving directory '/workspace/code/motivo/build/CMakeFiles/CMakeTmp'



Determining if the function pthread_create exists in the pthread passed with the following output:
Change Dir: /workspace/code/motivo/build/CMakeFiles/CMakeTmp

Run Build Command(s):/usr/bin/make cmTC_da5fe/fast && /usr/bin/make -f CMakeFiles/cmTC_da5fe.dir/build.make CMakeFiles/cmTC_da5fe.dir/build
make[1]: Entering directory '/workspace/code/motivo/build/CMakeFiles/CMakeTmp'
Building C object CMakeFiles/cmTC_da5fe.dir/CheckFunctionExists.c.o
/usr/bin/cc   -DCHECK_FUNCTION_EXISTS=pthread_create   -o CMakeFiles/cmTC_da5fe.dir/CheckFunctionExists.c.o   -c /usr/share/cmake-3.16/Modules/CheckFunctionExists.c
Linking C executable cmTC_da5fe
/usr/bin/cmake -E cmake_link_script CMakeFiles/cmTC_da5fe.dir/link.txt --verbose=1
/usr/bin/cc  -DCHECK_FUNCTION_EXISTS=pthread_create    CMakeFiles/cmTC_da5fe.dir/CheckFunctionExists.c.o  -o cmTC_da5fe  -lpthread 
make[1]: Leaving directory '/workspace/code/motivo/build/CMakeFiles/CMakeTmp'



